
>>>>> Original Question: 中粮资本在2021年全年的最低收盘价是多少，出现在哪一天？请按XXXX/XX/XX回复我


>>>>> Agent【extract_company】 Said:
```json
["中粮资本"]
```

>>>>> 查询sql:
SELECT 'constantdb.secumain' AS TableName, InnerCode, CompanyCode, ChiName, EngName, SecuCode
FROM constantdb.secumain 
WHERE SecuCode = '中粮资本'
   OR ChiName LIKE '%中粮资本%'
   OR ChiNameAbbr LIKE '%中粮资本%'
   OR EngName LIKE '%中粮资本%'
   OR EngNameAbbr LIKE '%中粮资本%'
   OR SecuAbbr LIKE '%中粮资本%'
UNION ALL
SELECT 'constantdb.hk_secumain' AS TableName, InnerCode, CompanyCode, ChiName, EngName, SecuCode
FROM constantdb.hk_secumain 
WHERE SecuCode = '%中粮资本%'
   OR ChiName LIKE '%中粮资本%'
   OR ChiNameAbbr LIKE '%中粮资本%'
   OR EngName LIKE '%中粮资本%'
   OR EngNameAbbr LIKE '%中粮资本%'
   OR SecuAbbr LIKE '%中粮资本%'
   OR FormerName LIKE '%中粮资本%'
UNION ALL
SELECT 'constantdb.us_secumain' AS TableName, InnerCode, CompanyCode, ChiName, EngName, SecuCode
FROM constantdb.us_secumain 
WHERE SecuCode = '中粮资本'
   OR ChiName LIKE '%中粮资本%'
   OR EngName LIKE '%中粮资本%'
   OR SecuAbbr LIKE '%中粮资本%';
查询结果:
[{"TableName": "constantdb.secumain", "InnerCode": 10458, "CompanyCode": 78989, "ChiName": "中粮资本控股股份有限公司", "EngName": "Cofco Capital Holdings Co.,Ltd.", "SecuCode": "002423"}]


>>>>> Agent【rewrite_question】 Said:
中粮资本控股股份有限公司（CompanyCode: 78989）在2021年全年的最低收盘价是多少，出现在哪一天？请按XXXX/XX/XX的格式回复我。

>>>>> 已知事实:
中粮资本的关联信息有:[InnerCode(证券内部编码)是10458;CompanyCode(公司代码)是78989;ChiName(中文名称)是中粮资本控股股份有限公司;EngName(英文名称)是Cofco Capital Holdings Co.,Ltd.;SecuCode(证券代码)是002423;]

>>>>> Agent【Check_db_structure.db_selector】 Said:
【分析】
用户需要查询中粮资本控股股份有限公司（CompanyCode: 78989）在2021年全年的最低收盘价及其出现的日期。这涉及到具体的股票行情数据，包括每日的收盘价和日期信息。

【选中的数据库】
- astockmarketquotesdb: 这个数据库记录了境内股票的交易行情，包括每日行情数据，涵盖了收盘价和日期等信息。

【选中的数据库的清单】
```json
["astockmarketquotesdb"]
```


>>>>> Agent【Check_db_structure.table_selector】 Said:
【分析】
要查找中粮资本控股股份有限公司（CompanyCode: 78989）在2021年全年的最低收盘价及其出现的日期，我们需要一个包含公司代码、交易日期和收盘价信息的表。根据提供的表信息，`astockmarketquotesdb.qt_dailyquote` 表记录了每日交易的核心信息，包括证券内部编码、交易日以及价格相关数据如最低价和收盘价，是最合适的选择。

【选中的数据表】
- astockmarketquotesdb.qt_dailyquote: 这个数据表包含证券内部编码、交易日、最低价和收盘价等信息

【选中的数据库表的清单】
```json
["astockmarketquotesdb.qt_dailyquote"]
```


>>>>> Agent【Check_db_structure.columns_selector】 Said:
【分析】
用户提问要求找出中粮资本控股股份有限公司（CompanyCode: 78989）在2021年全年的最低收盘价及其出现的日期。我们需要从相关数据表中找到与公司代码、收盘价和日期相关的字段。

【信息所在字段】
- constantdb.secumain.CompanyCode: 这个字段包含公司代码信息，对应用户提问中的CompanyCode: 78989
- astockmarketquotesdb.qt_dailyquote.LowPrice: 这个字段包含最低价信息，对应用户提问中的最低收盘价
- astockmarketquotesdb.qt_dailyquote.TradingDay: 这个字段包含交易日信息，对应用户提问中的出现在哪一天

【筛选条件所在字段】
- constantdb.secumain.InnerCode: 这个字段用于关联证券内部编码，与astockmarketquotesdb.qt_dailyquote中的InnerCode关联
- astockmarketquotesdb.qt_dailyquote.InnerCode: 这个字段用于关联证券内部编码，与constantdb.secumain中的InnerCode关联
- astockmarketquotesdb.qt_dailyquote.TradingDay: 这个字段用于筛选2021年的数据

【选中的字段的清单】
```json
{
  "constantdb.secumain": ["CompanyCode", "InnerCode"],
  "astockmarketquotesdb.qt_dailyquote": ["InnerCode", "LowPrice", "TradingDay"]
}
```


>>>>> Agent【Sql_query.master】 Said:
【已知信息】
- CompanyCode: 78989
- 时间范围: 2021年全年

【当前阶段要获取的信息】
- 2021年全年的最低收盘价
- 该最低收盘价出现的日期

【信息所在字段】
- 最低收盘价: `ClosePrice`
- 日期: `TradingDay`

【筛选条件所在字段】
- 公司代码: `CompanyCode`
- 日期: `TradingDay`

【SQL语句的思路】
1. 首先，需要找到中粮资本控股股份有限公司（CompanyCode: 78989）在2021年所有的收盘价记录。
2. 然后，从这些记录中找出最低的收盘价及其对应的日期。

【执行SQL语句】
```exec_sql
SELECT MIN(ClosePrice) AS MinClosePrice, TradingDay
FROM astockmarketquotesdb.qt_dailyquote
WHERE CompanyCode = 78989 AND YEAR(TradingDay) = 2021
ORDER BY ClosePrice ASC
LIMIT 1
```

【上述SQL语句的含义】
- 从`astockmarketquotesdb.qt_dailyquote`表中选取最低的收盘价及其对应的交易日。
- 筛选条件为`CompanyCode`等于78989，并且交易日年份为2021年。
- 结果按收盘价升序排列，取第一条记录，即最低收盘价及其对应的日期。

>>>>> 查询sql:
SELECT MIN(ClosePrice) AS MinClosePrice, TradingDay
FROM astockmarketquotesdb.qt_dailyquote
WHERE CompanyCode = 78989 AND YEAR(TradingDay) = 2021
ORDER BY ClosePrice ASC
LIMIT 1;
查询失败: 查询执行失败: (mysql.connector.errors.ProgrammingError) 1054 (42S22): Unknown column 'CompanyCode' in 'where clause'
[SQL: SELECT MIN(ClosePrice) AS MinClosePrice, TradingDay
FROM astockmarketquotesdb.qt_dailyquote
WHERE CompanyCode = 78989 AND YEAR(TradingDay) = 2021
ORDER BY ClosePrice ASC
LIMIT 1;]
(Background on this error at: https://sqlalche.me/e/20/f405)


>>>>> Agent【Sql_query.master】 Said:
【已知信息】
- CompanyCode: 78989
- 时间范围: 2021年全年
- `astockmarketquotesdb.qt_dailyquote`表中没有`CompanyCode`字段

【当前阶段要获取的信息】
- 2021年全年的最低收盘价
- 该最低收盘价出现的日期

【信息所在字段】
- 最低收盘价: `ClosePrice`
- 日期: `TradingDay`

【筛选条件所在字段】
- 证券内部编码: `InnerCode`（需要先通过`CompanyCode`找到对应的`InnerCode`）
- 日期: `TradingDay`

【SQL语句的思路】
1. 首先，通过`CompanyCode`在`constantdb.secumain`表中找到对应的`InnerCode`。
2. 然后，使用找到的`InnerCode`在`astockmarketquotesdb.qt_dailyquote`表中查询2021年所有的收盘价记录。
3. 最后，从这些记录中找出最低的收盘价及其对应的日期。

【执行SQL语句】
```exec_sql
SELECT InnerCode
FROM constantdb.secumain
WHERE CompanyCode = 78989
```

【上述SQL语句的含义】
- 从`constantdb.secumain`表中选取`InnerCode`。
- 筛选条件为`CompanyCode`等于78989。

>>>>> 查询sql:
SELECT InnerCode
FROM constantdb.secumain
WHERE CompanyCode = 78989;
查询结果:
[{"InnerCode": 10458}]


>>>>> Agent【Sql_query.understand_query_result】 Said:
查询结果表明: 在constantdb数据库的secumain表中，公司代码（CompanyCode）为78989的记录对应的证券内部编码（InnerCode）为10458。


>>>>> Agent【Sql_query.master】 Said:
【已知信息】
- CompanyCode: 78989
- InnerCode: 10458
- 时间范围: 2021年全年

【当前阶段要获取的信息】
- 2021年全年的最低收盘价
- 该最低收盘价出现的日期

【信息所在字段】
- 最低收盘价: `ClosePrice`
- 日期: `TradingDay`

【筛选条件所在字段】
- 证券内部编码: `InnerCode`
- 日期: `TradingDay`

【SQL语句的思路】
1. 使用已知的`InnerCode`（10458）在`astockmarketquotesdb.qt_dailyquote`表中查询2021年所有的收盘价记录。
2. 从这些记录中找出最低的收盘价及其对应的日期。

【执行SQL语句】
```exec_sql
SELECT MIN(ClosePrice) AS MinClosePrice, TradingDay
FROM astockmarketquotesdb.qt_dailyquote
WHERE InnerCode = 10458 AND YEAR(TradingDay) = 2021
ORDER BY ClosePrice ASC
LIMIT 1
```

【上述SQL语句的含义】
- 从`astockmarketquotesdb.qt_dailyquote`表中选取最低的收盘价及其对应的交易日。
- 筛选条件为`InnerCode`等于10458，并且交易日年份为2021年。
- 结果按收盘价升序排列，取第一条记录，即最低收盘价及其对应的日期。

>>>>> 查询sql:
SELECT MIN(ClosePrice) AS MinClosePrice, TradingDay
FROM astockmarketquotesdb.qt_dailyquote
WHERE InnerCode = 10458 AND YEAR(TradingDay) = 2021
ORDER BY ClosePrice ASC
LIMIT 1;
查询失败: 查询执行失败: (mysql.connector.errors.ProgrammingError) 1140 (42000): In aggregated query without GROUP BY, expression #2 of SELECT list contains nonaggregated column 'astockmarketquotesdb.qt_dailyquote.TradingDay'; this is incompatible with sql_mode=only_full_group_by
[SQL: SELECT MIN(ClosePrice) AS MinClosePrice, TradingDay
FROM astockmarketquotesdb.qt_dailyquote
WHERE InnerCode = 10458 AND YEAR(TradingDay) = 2021
ORDER BY ClosePrice ASC
LIMIT 1;]
(Background on this error at: https://sqlalche.me/e/20/f405)


>>>>> Agent【Sql_query.master】 Said:
【已知信息】
- InnerCode: 10458
- 时间范围: 2021年全年
- 需要修正SQL语句以符合`only_full_group_by`模式

【当前阶段要获取的信息】
- 2021年全年的最低收盘价
- 该最低收盘价出现的日期

【信息所在字段】
- 最低收盘价: `ClosePrice`
- 日期: `TradingDay`

【筛选条件所在字段】
- 证券内部编码: `InnerCode`
- 日期: `TradingDay`

【SQL语句的思路】
1. 使用已知的`InnerCode`（10458）在`astockmarketquotesdb.qt_dailyquote`表中查询2021年所有的收盘价记录。
2. 从这些记录中找出最低的收盘价。
3. 再根据最低收盘价找到对应的日期。

由于`only_full_group_by`模式的要求，我们需要先找到最低收盘价，然后再查询该最低收盘价对应的日期。

【执行SQL语句】
```exec_sql
SELECT MIN(ClosePrice) AS MinClosePrice
FROM astockmarketquotesdb.qt_dailyquote
WHERE InnerCode = 10458 AND YEAR(TradingDay) = 2021
```

【上述SQL语句的含义】
- 从`astockmarketquotesdb.qt_dailyquote`表中选取最低的收盘价。
- 筛选条件为`InnerCode`等于10458，并且交易日年份为2021年。

>>>>> 查询sql:
SELECT MIN(ClosePrice) AS MinClosePrice
FROM astockmarketquotesdb.qt_dailyquote
WHERE InnerCode = 10458 AND YEAR(TradingDay) = 2021;
查询结果:
[{"MinClosePrice": 7.88}]


>>>>> Agent【Sql_query.understand_query_result】 Said:
查询结果表明: 在2021年，证券内部编码为10458的证券的最低收盘价为7.88元（MinClosePrice）。


>>>>> Agent【Sql_query.master】 Said:
【已知信息】
- InnerCode: 10458
- 时间范围: 2021年全年
- 2021年全年的最低收盘价: 7.88元

【当前阶段要获取的信息】
- 该最低收盘价出现的日期

【信息所在字段】
- 日期: `TradingDay`

【筛选条件所在字段】
- 证券内部编码: `InnerCode`
- 收盘价: `ClosePrice`
- 日期: `TradingDay`

【SQL语句的思路】
1. 使用已知的`InnerCode`（10458）和最低收盘价（7.88元）在`astockmarketquotesdb.qt_dailyquote`表中查询对应的日期。

【执行SQL语句】
```exec_sql
SELECT TradingDay
FROM astockmarketquotesdb.qt_dailyquote
WHERE InnerCode = 10458 AND YEAR(TradingDay) = 2021 AND ClosePrice = 7.88
LIMIT 1
```

【上述SQL语句的含义】
- 从`astockmarketquotesdb.qt_dailyquote`表中选取交易日。
- 筛选条件为`InnerCode`等于10458，交易日年份为2021年，并且收盘价等于7.88元。
- 取第一条记录，即最低收盘价对应的日期。

>>>>> 查询sql:
SELECT TradingDay
FROM astockmarketquotesdb.qt_dailyquote
WHERE InnerCode = 10458 AND YEAR(TradingDay) = 2021 AND ClosePrice = 7.88
LIMIT 1;
查询结果:
[{"TradingDay": "2021-07-27 12:00:00.000"}]


>>>>> Agent【Sql_query.understand_query_result】 Said:
查询结果表明: 在2021年，证券内部编码为10458的证券中，收盘价为7.88元的第一个交易日是2021年7月27日。


>>>>> Agent【Sql_query.master】 Said:
【已知信息】
- InnerCode: 10458
- 时间范围: 2021年全年
- 2021年全年的最低收盘价: 7.88元
- 该最低收盘价出现的日期: 2021年7月27日

【当前阶段要获取的信息】
- 无

【信息所在字段】
- 无

【筛选条件所在字段】
- 无

【SQL语句的思路】
- 无需继续执行SQL查询

【执行SQL语句】
- 无

【上述SQL语句的含义】
- 无

当前掌握的信息已经能够回答"中粮资本控股股份有限公司（CompanyCode: 78989）在2021年全年的最低收盘价是多少，出现在哪一天？请按XXXX/XX/XX的格式回复我。"。

**回答**:
中粮资本控股股份有限公司（CompanyCode: 78989）在2021年全年的最低收盘价是7.88元，出现在2021年7月27日。格式为：2021/07/27。


>>>>> Agent【Sql_query.summary】 Said:
7.88, 2021/07/27
