
>>>>> Original Question: 这些指数包括了多少家公司？


>>>>> 【user】 Said:
下面是顺序的历史问答:
'''
Question: 上海申银万国证券研究所有限公司发布了多少种指数？
Answer: 31种
'''
现在用户继续提问，请根据已知信息，理解当前这个问题的完整含义，并重写这个问题使得单独拿出来看仍然能够正确理解：这些指数包括了多少家公司？

>>>>> Agent【rewrite_question】 Said:
上海申银万国证券研究所有限公司发布的31种指数中，包括了多少家公司的数据？


>>>>> 【user】 Said:
提取下面这段文字里的实体，如公司名、股票代码等，如果识别结果是空，那么就回复No Entities."上海申银万国证券研究所有限公司发布的31种指数中，包括了多少家公司的数据？"

>>>>> Agent【extract_company】 Said:
```json
["上海申银万国证券研究所有限公司"]
```

>>>>> 查询sql:
SELECT 'constantdb.secumain' AS TableName, InnerCode, CompanyCode, ChiName, EngName, SecuCode
FROM constantdb.secumain 
WHERE SecuCode = '上海申银万国证券研究所有限'
   OR ChiName LIKE '%上海申银万国证券研究所有限%'
   OR ChiNameAbbr LIKE '%上海申银万国证券研究所有限%'
   OR EngName LIKE '%上海申银万国证券研究所有限%'
   OR EngNameAbbr LIKE '%上海申银万国证券研究所有限%'
   OR SecuAbbr LIKE '%上海申银万国证券研究所有限%'
UNION ALL
SELECT 'constantdb.hk_secumain' AS TableName, InnerCode, CompanyCode, ChiName, EngName, SecuCode
FROM constantdb.hk_secumain 
WHERE SecuCode = '%上海申银万国证券研究所有限%'
   OR ChiName LIKE '%上海申银万国证券研究所有限%'
   OR ChiNameAbbr LIKE '%上海申银万国证券研究所有限%'
   OR EngName LIKE '%上海申银万国证券研究所有限%'
   OR EngNameAbbr LIKE '%上海申银万国证券研究所有限%'
   OR SecuAbbr LIKE '%上海申银万国证券研究所有限%'
   OR FormerName LIKE '%上海申银万国证券研究所有限%'
UNION ALL
SELECT 'constantdb.us_secumain' AS TableName, InnerCode, CompanyCode, ChiName, EngName, SecuCode
FROM constantdb.us_secumain 
WHERE SecuCode = '上海申银万国证券研究所有限'
   OR ChiName LIKE '%上海申银万国证券研究所有限%'
   OR EngName LIKE '%上海申银万国证券研究所有限%'
   OR SecuAbbr LIKE '%上海申银万国证券研究所有限%';
查询结果:
[]

>>>>> 已知事实:


>>>>> 【user】 Said:
请选择db，务必遵循输出的格式要求。

>>>>> Agent【Check_db_structure.db_selector】 Said:
【分析】
用户询问的是上海申银万国证券研究所有限公司发布的31种指数中包含的公司数量。这需要查询指数数据库（indexdb），因为该数据库记录了市场上主要指数的基本情况及其成份证券构成信息。

【选中的数据库】
- indexdb: 这个数据库包含市场上主要指数的基本属性及成份股变动情况，可以用来查询特定指数的成份公司数量。

【选中的数据库的清单】
```json
["indexdb"]
```


>>>>> 【user】 Said:
数据库表信息如下:
[{"表名": "indexdb.lc_indexbasicinfo", "说明": "该数据表主要用于描述指数的基本信息及其相关属性，字段涵盖了多方面内容，包括指数的标识信息如指数内部编码、对应主指数代码和内码等；行业和分类信息如行业标准、行业类别、指数类别（包括发布机构和系列等）、指数设计类别及与主指数的关系等；指数的发布和编制信息如发布机构名称、编制机构名称、发布日期及停用日期等；指数的计算与设计特性如基日、基点、加权方式、指数计算类别等；成份证券的相关信息如成份证券类别、市场、数量及调整周期等；货币及其他补充信息如币种、指数摘要和介绍等，提供了全面的指数描述与管理支持。"}, {"表名": "indexdb.lc_indexcomponent", "说明": "该数据表主要记录指数成分股的基本信息，包括标识类字段如指数内部编码和证券内部编码，时间类字段如调入日期和调出日期，状态类字段如成份标志，以及市场相关信息如成份股市场代码等。"}]

请选择table，务必遵循输出的格式要求。

>>>>> Agent【Check_db_structure.table_selector】 Said:
【分析】
要确定上海申银万国证券研究所有限公司发布的31种指数中包含的公司数量，需要两个关键信息：
1. 确认哪些指数是由上海申银万国证券研究所有限公司发布的。
2. 查找这些指数的成分股数量。

首先，`indexdb.lc_indexbasicinfo` 表包含了指数的基本信息，包括发布机构名称，可以用来筛选出上海申银万国证券研究所有限公司发布的指数。其次，`indexdb.lc_indexcomponent` 表记录了指数的成分股信息，可以用来统计每个指数包含的公司数量。

【选中的数据表】
- indexdb.lc_indexbasicinfo: 这个数据表包含指数的基本信息，包括发布机构名称，可以用来筛选出上海申银万国证券研究所有限公司发布的指数。
- indexdb.lc_indexcomponent: 这个数据表记录了指数的成分股信息，可以用来统计每个指数包含的公司数量。

【选中的数据库表的清单】
```json
["indexdb.lc_indexbasicinfo", "indexdb.lc_indexcomponent"]
```


>>>>> 【user】 Said:
已取得可用的数据表的字段信息如下:
[{"表名": "indexdb.lc_indexbasicinfo", "表字段": [{"column": "IndexCode", "desc": "指数内部编码；，得到指数的代码、简称。"}, {"column": "IndustryStandard", "desc": "行业标准；，令LB = 1081 AND DM NOT IN (2,8,10,11,15,16,17,18,19,21,25,26,27,29,31,32,34,35,36,39,41,42,43,99)，得到行业标准的具体描述：1-CSRC行业分类，3-中信行业分类，5-SSE行业分类，6-聚源行业分类(旧)，7-SSE-GICS行业分类，9-申万行业分类，12-中证指数行业分类，13-中信标普GICS行业分类，14-新华ICB行业分类，20-国证行业分类，22-证监会行业分类2012版，23-证监会行业分类2012版(中证披露)，24-申万行业分类2014版，28-中证指数行业分类(2016版)，30-聚源行业分类2016，33-伦交所行业分类（ICB），37-中信行业2019分类，38-申万行业分类(新)，40-中证指数行业分类(2021版)，44-中国上市公司协会上市公司行业统计分类指引，46-华证上市公司行业分类标准(2022)，47-战略性新兴产业分类(2018)，48-证监会行业分类(融合国民经济)，49-长江行业分类，50-聚源行业分类(2023)，100-恒生行业分类。"}, {"column": "IndustryType", "desc": "行业类别；,同时令CT_IndustryType.Standard=IndustryStandard;当IndustryStandard=23时,\"IndustryType\"与\"CT_IndustryType\"的\"IndustryNum\"关联,同时令CT_IndustryType.Standard=22;当IndustryStandard=13时,\"IndustryCode\"与\"CT_IndustryType\"的\"IndustryNum\"关联,同时令CT_IndustryType.Standard=6;当IndustryStandard in (38,40) 时,\"IndustryType\"与\"CT_IndustryType\"的\"IndustryCode\"关联,同时令CT_IndustryType.Standard=IndustryStandard;当IndustryStandard=14时,\"IndustryType\"与\"CT_SystemConst\"的\"DM\"关联,\"LB=1529\";当IndustryStandard=100时,\"IndustryType\"与\"HK_IndustryCategory\"的\"IndustryNum\"关联,Standard=100"}, {"column": "PubOrgName", "desc": "发布机构名称"}, {"column": "CreatIndexOrgName", "desc": "编制机构名称"}, {"column": "PubDate", "desc": "发布日期"}, {"column": "BaseDate", "desc": "基日"}, {"column": "BasePoint", "desc": "基点(点)"}, {"column": "WAMethod", "desc": "加权方式；，令LB = 1265 and DM not in (4,54,50,40,5,13,10,12,30,11,63)，得到加权方式的具体描述：1-持仓市值加权，2-产量加权，3-自由流通市值加权，6-分档自由流通市值加权，7-调整自由流通市值加权，33-债券发行量加权，34-债券流通托管量加权，41-调整流通市值加权，42-流通市值加权，43-总市值加权，44-风格评分加权法，45-基本面加权，46-等权，47-股息加权，48-市盈率加权，49-流动性加权，51-消费量加权，52-波动率倒数加权，53-固定权重，55-贝塔系数加权，56-收益率加权，57-调整总市值加权，60-等风险加权，61-ESG评分加权，62-持股金额加权，64-消费金额加权。"}, {"column": "IndexType", "desc": "指数类别；，令LB=1266 AND DM IN (10,30,42,43,44,45,46,47,50,57,60,61)，得到指数类别的具体描述：10-综合类指数，30-行业类指数，42-策略类指数，43-风格类指数，44-主题类指数，45-基金类指数，46-债券类指数，47-规模类指数，50-期货类指数，57-其他类指数，60-多资产指数，61-外汇指数。"}, {"column": "PubIndexType", "desc": "指数类别(发布机构)；，令LB = 1266 AND MS NOT LIKE '%废弃%' AND DM>100，得到指数类别(发布机构)的具体描述：121000-申万300子行业，121101-申万一级行业，121102-申万二级行业，121103-申万三级行业，121201-申万非发布指数，121300-申万量化策略，121600-申万特征指数，121700-申万市场表征，121800-申万新三板，121900-申万定制发布，122000-申万主题，122100-申万风格指数，123000-申万公募基金分类指数，131100-风格指数，131200-主题指数，131300-行业指数，131400-策略指数，131500-区域指数，131800-定制指数，141000-天相基准指数，141100-天相风格指数，141200-天相特征指数，141300-天相表现指数，141401-天相一级行业指数，141402-天相二级行业指数，141500-天相地区指数，161001-中信一级行业指数，161002-中信二级行业指数，161003-中信三级行业指数，161004-中信四级行业指数，161005-中信-产业指数，161006-中信-产业链指数，161007-中信-风格指数，461001-中债-综合指数，461002-中债-分类指数-按信用等级，461003-中债-分类指数-按流通场所，461004-中债-分类指数-按计息方式，461005-中债-分类指数-按发行人，461006-中债-分类指数-按发行期限，461007-中债-分类指数-按待偿期限，461008-中债-分类指数-其他，461009-中债-定制指数，461010-中债-成份指数，461011-中债-策略指数，461012-中债-绿色债指数，461013-中债-利率指数，461014-中债-投资者分类指数，461015-中债-外币计价指数，461016-中债-分类指数-按区域，461017-中债-非发布指数，461018-中债-美元债券指数，461019-中债-分类指数-按中债市场隐含评级，461020-中债-分类指数-按中债行业，461021-中债-碳系列指数，461022-中债-多资产指数，461023-中债-股票指数-股票规模指数，461024-中债-主题指数，471004-中证-基金指数，471005-中证-期货指数，471006-中证-其他指数，471009-中证-债券指数，471010-中证-可转债指数，471011-中证-股票指数，471012-中证-组合资产指数，481001-恒生-市值指数，481002-恒生-行业指数，481003-恒生-因子及策略指数，481004-恒生-可持续发展指数，481005-恒生-固定收益产品指数，491001-规模指数，491002-基金指数，491003-债券指数，491004-央视50，491005-央视创新，491006-央视成长，491007-央视回报，491008-央视治理，491009-央视责任，491010-央视生态，491011-央视文化，491012-多资产指数，491013-跨境指数，491014-人民币指数，491015-综合指数，501001-华证-A股-规模，501002-华证-A股-行业主题，501003-华证-A股-策略，501004-华证-A股-因子，501005-华证-沪深港-行业主题，501006-华证-沪深港-策略，501007-华证-ESG行业指数，501008-华证-行业主题，511000-聚源综合，515000-聚源可转债指数，516001-聚源基金分类指数。"}, {"column": "IndexSeries", "desc": "指数系列；，令LB=2395，得到指数系列的具体描述：101000-中证系列，101100-上证系列，101200-新三板系列，101300-中华交易系列，101400-AMAC系列，101600-北证系列，201000-国证系列，201100-深证系列，201200-央视指数，201300-国际合作"}, {"column": "IndexPriceType", "desc": "指数计算类别；，令LB = 2013，得到指数设计类别的具体描述：1-主指数，2-衍生指数。"}, {"column": "IndexDesignType", "desc": "指数设计类别；，令LB=2014，得到与主指数关系的具体描述：1-币种不同，2-分红规则不同，3-分红规则和币种都不同，4-税后分红，5-主指数，6-待偿期限不同，7-分红规则和待偿期限都不同，8-税后分红和待偿期限不同，9-对冲指数，30-转发指数，31-加权方式不同。"}, {"column": "Relationship", "desc": "与主指数关系；，令LB=2014，得到与主指数关系的具体描述：1-币种不同，2-分红规则不同，3-分红规则和币种都不同，4-税后分红，5-主指数，6-待偿期限不同，7-分红规则和待偿期限都不同，8-税后分红和待偿期限不同，9-对冲指数，30-转发指数，31-加权方式不同。"}, {"column": "RelaMainIndexCode", "desc": "对应主指数代码"}, {"column": "RelaMainCode", "desc": "对应主指数内码；，得到指数的代码、简称；，得到指数的代码、简称。该字段为空或等于IndexCode时，表示该指数为主指数。当衍生指数有币种不同、分红方式不同等多层衍生关系时，主指数有多个，该字段维护原则为：权重一致的前提下，维护与衍生指数层级关系最远的主指数，即最上级主指数，对冲指数和等权指数特别处理，维护层级关系最近的主指数"}, {"column": "ComponentType", "desc": "成份证券类别；，令LB = 1008 AND DM IN (1000,1001,1003,1004,1005,1300,1301,1303,1500,1503,1506,1509,1515,1521,1522,2100,1703,3100,1900,1901,3200,4110,9999)，得到成份证券类别的具体描述：1000-股票，1001-A股，1003-B股，1004-H股，1005-红筹股，1300-基金，1301-封闭式基金，1303-开放式基金，1500-债券，1503-国债，1506-企债，1509-金融债，1515-可转债，1521-资产证券化产品，1522-同业存单，1703-票据，1900-理财产品，1901-银行理财产品，2100-组合资产，3100-期货，3200-商品，4110-金融货币，9999-其他。"}, {"column": "SecuMarket", "desc": "成份证券市场；，令LB = 2015，得到成份证券市场的具体描述：1-全球市场，2-沪深港市场，3-香港证券交易所，4-大中华市场，5-沪深市场，6-大陆市场，7-上海证券交易所，8-深圳证券交易所，9-新三板市场，10-银行间市场，11-中国债券市场，12-跨市场，13-中国期货市场，14-开放式基金市场，15-深港市场，16-沪港市场，17-封闭式基金市场，18-境外市场，19-韩国市场，20-新加坡市场，21-台湾证券交易所，22-印度尼西亚证券交易所，23-马来西亚证券交易所，24-特拉维夫证券交易所，25-巴基斯坦卡拉奇证券交易所，26-伦敦证券交易所，27-法国巴黎证券交易所，28-德国市场，29-荷兰阿姆斯特丹证券交易所，30-布鲁塞尔证券交易所，31-西班牙市场，32-布达佩斯证券交易所，33-爱尔兰证券交易所，34-维也纳证券交易所，35-瑞士市场，36-美国市场，37-澳大利亚证券交易所，38-新西兰证券交易所，39-沪深京市场，40-北京证券交易所，41-阿根廷市场，42-埃及市场，43-挪威市场，44-巴西市场，45-保加利亚市场，46-日本市场，47-菲律宾市场，48-丹麦市场，49-越南市场，50-加拿大市场，51-摩洛哥市场，52-卡塔尔市场，53-斯里兰卡市场，54-葡萄牙市场，55-孟加拉国市场，56-意大利市场，57-俄罗斯市场，58-墨西哥市场，59-瑞典市场，60-泰国市场，61-土耳其市场，62-印度市场，2801-德国法兰克福证券交易所，3101-西班牙马德里证券交易所，3102-西班牙巴塞罗那证券交易所，3601-美国费城证券交易所，3602-美国证券交易所，3603-芝加哥商业交易所，3604-美国纳斯达克证券交易所，3605-纽约证券交易所，4601-东京证券交易所，4602-日本大阪证券交易所，4603-日本名古屋证券交易所，4901-胡志明市证券交易所，4902-河内证券交易所，5001-加拿大多伦多证券交易所，5002-加拿大证券交易所，6201-印度国家证券交易所，6202-印度孟买证券交易所。"}, {"column": "ComponentSum", "desc": "成份证券数量"}, {"column": "ComponentAdPeriod", "desc": "成份证券调整周期；，令LB = 1264，得到成份证券调整周期的具体描述：1-每日，7-每周，15-半个月，30-一个月，60-两个月，90-三个月，120-四个月，183-半年，365-一年，997-自动调整，998-不定期调整，999-其他。"}, {"column": "CurrencyCode", "desc": "币种；，令LB=1548，得到币种的具体描述：1000-美元，1100-港元，1110-印度卢比，1120-印度尼西亚卢比，1130-伊朗里亚尔，1140-波兰兹罗提，1150-匈牙利福林，1160-日本元，1161-欧洲日元(离岸)，1170-约旦第纳尔，1180-科威特第纳尔，1190-阿联酋迪拉姆，1200-亚美尼亚德拉姆，1210-澳门元，1220-马来西亚林吉特，1230-安第列斯群岛盾，1240-安哥拉宽扎，1250-尼泊尔卢比，1260-哈萨克斯坦坚戈，1270-巴基斯坦卢比，1280-阿鲁巴岛弗罗林，1290-菲律宾比索，1300-阿塞拜疆马纳特，1310-波斯尼亚马克，1320-新加坡元，1330-韩国元，1340-孟加拉塔卡，1350-百慕大元，1360-泰国铢，1370-沙特里亚尔，1380-文莱林吉特，1390-不丹努尔特鲁姆，1400-博茨瓦纳普拉，1410-白俄罗斯卢布，1420-人民币元，1430-台湾元，1440-伯利兹元，1450-南苏丹镑，1460-世界投资报告法郎，1470-佛得角埃斯库多，1480-厄立特里亚纳克法，1490-埃塞俄比亚比尔，1500-福克兰群岛镑，1510-格鲁吉亚拉里，1520-直布罗陀镑，1530-克罗地亚库纳，1540-以色列新谢克尔，1550-吉尔吉斯斯坦索姆，1560-开曼群岛元，1570-莱索托马洛蒂，1580-摩尔多瓦列伊，1590-马其顿第纳尔，1600-蒙古图格里克，1610-马拉维克瓦查，1620-梅蒂卡尔，1630-纳米比亚元，1640-巴布亚新几内亚基那，1650-塞尔维亚第纳尔，1660-圣赫勒拿群岛磅，1670-圣多美和普林西比多布拉，1680-太平洋法郎，1690-非共体法郎，1700-斯威士兰里兰吉尼，1710-塔吉克斯坦索莫尼，1720-土库曼斯坦马纳特，1730-汤加潘加，1740-乌克兰格里夫纳，1750-乌兹别克斯坦苏姆，1760-瓦努阿图瓦图，1770-萨摩亚塔拉，1780-中非金融合作法郎，1790-东加勒比元，1800-哈萨克斯坦腾格(废弃)，1810-人民币(离岸)，2470-坦桑尼亚先令，3000-欧元，3010-比利时法郎，3020-丹麦克朗，3030-英镑，3040-德国马克，3050-法国法郎，3070-意大利里拉，3090-荷兰盾，3120-西班牙比塞塔，3150-奥地利先令，3180-芬兰马克，3260-挪威克朗，3300-瑞典克朗，3310-瑞士法郎，3311-记帐瑞士法郎，3313-清算瑞士法郎，3440-俄罗斯卢布，4100-巴西雷亚尔，4290-墨西哥比索，5010-加拿大元，6010-澳大利亚元，6090-新西兰元，7101-刚果法郎，7103-尼日利亚奈拉，7105-越南盾，7107-肯尼亚先令，7109-卢森堡法郎，7111-摩洛哥迪拉姆，7113-南非兰特，7115-斯里兰卡卢比，7117-新苏丹磅，7119-也门里亚尔(废弃)，7121-爱尔兰镑，8000-阿尔巴尼亚列克，8010-阿尔及利亚第纳尔，8020-阿富汗尼，8030-阿根廷比索，8040-也门里亚尔，8050-阿曼里亚尔，8060-埃及镑，8070-巴巴多斯元，8080-巴哈马元，8090-巴拉圭瓜拉尼，8100-巴林第纳尔，8110-巴拿马巴波亚，8120-保加利亚列弗，8130-冰岛克朗，8140-波兰兹罗提(废弃)，8150-玻利维亚诺，8160-布隆迪法郎，8170-朝鲜圆，8180-赤道几内亚埃奎勒，8190-多米尼加比索，8200-厄瓜多尔苏克雷，8210-斐济元，8220-冈比亚法拉西，8230-哥伦比亚比索，8240-哥斯达黎加科朗，8250-古巴比索，8260-圭亚那元，8270-海地古德，8280-洪都拉斯伦皮拉，8290-吉布提法郎，8300-几内亚法郎，8310-几内亚比索，8320-加纳塞地，8330-柬埔寨瑞尔，8340-捷克克朗，8350-津巴布韦元，8360-卡塔尔里亚尔，8370-科摩罗法郎，8380-老挝基普，8390-黎巴嫩镑，8400-利比里亚元，8410-利比亚第纳尔，8420-卢旺达法郎，8430-罗马尼亚列伊，8440-马达加斯加阿里亚里，8450-马尔代夫卢比，8460-马耳他镑，8470-毛里求斯卢比，8480-毛里塔尼亚乌吉亚，8490-秘鲁新索尔，8500-缅甸元，8510-也门第纳尔，8520-南斯拉夫新第纳尔，8530-尼加拉瓜科多巴，8540-埃斯库多，8550-萨尔瓦多科朗，8560-塞拉里昂利昂，8570-塞浦路斯镑，8580-塞舌尔卢比，8590-沙特阿拉伯亚尔(废弃)，8600-苏里南元，8610-所罗门元，8620-索马里先令，8630-特立尼达多巴哥元，8640-突尼斯第纳尔，8650-土耳其里拉，8660-危地马拉格查尔，8670-委内瑞拉玻利瓦尔，8680-乌干达先令，8690-乌拉圭新比索，8700-希腊德拉马克，8710-匈牙利福林(废弃)，8720-叙利亚镑，8730-牙买加元，8740-伊拉克第纳尔，8750-赞比亚克瓦查，8760-扎伊尔，8770-智利比索，8780-玻利维亚Mvdol基金，8790-智利CUF基金，8800-哥伦比亚实际价值单位，8810-古巴可兑换比索，8820-墨西哥UDI基金，8830-莫桑比克梅蒂卡尔(废弃)，8840-东帝汶埃斯库多，9000-本币(废弃)，9900-其他货币，9901-本地货币，9990-特别提款权，9999-各币种折合美元。"}, {"column": "IndexAbstract", "desc": "指数摘要"}, {"column": "IndexRemark", "desc": "指数介绍"}, {"column": "EndDate", "desc": "停用日期"}]}, {"表名": "indexdb.lc_indexcomponent", "表字段": [{"column": "IndexInnerCode", "desc": "指数内部编码；，得到指数的代码、简称等。"}, {"column": "SecuInnerCode", "desc": "证券内部编码；；；；"}, {"column": "InDate", "desc": "调入日期"}, {"column": "OutDate", "desc": "调出日期"}, {"column": "Flag", "desc": "成份标志；成份标志（Flag），该字段固定常量以下常量：1-是；0-否"}, {"column": "SecuMarket", "desc": "成份股市场代码；，令LB = 201，得到成份股市场代码的具体描述：10-上海期货交易所，11-上海国际能源交易中心，12-中国银行间外汇市场，13-大连商品交易所，14-上海黄金交易所，15-郑州商品交易所，16-上海票据交易所，17-广州期货交易所，18-北京证券交易所，19-全国期货市场，20-中国金融期货交易所，31-台湾期货交易所，32-香港期货交易所，37-伦敦金属交易所，38-纽约商业交易所，39-芝加哥期货交易所，40-芝加哥商业交易所，41-纽约期货交易所，42-东京工业品交易所，43-纽约商品交易所，44-伦敦洲际交易所，45-巴西期货交易所，47-欧洲期货交易所，48-悉尼期货交易所，49-澳大利亚证券交易所，50-新西兰证券交易所，51-中国金融期货交易所，52-埃及开罗及亚历山大证券交易所，53-芝加哥国际货币市场，54-阿根廷布宜诺斯艾利斯证券交易所，55-巴西圣保罗证券交易所，56-墨西哥证券交易所，57-马来西亚吉隆坡证券交易所，58-日本大阪证券交易所，64-新加坡商品交易所，65-印度尼西亚证券交易所，66-泰国证券交易所，67-韩国首尔证券交易所，68-东京证券交易所，69-新加坡证券交易所，70-台湾证券交易所，71-柜台交易市场，72-香港联交所，73-一级市场，74-聚源指数市场，75-亚洲其他交易所，76-美国证券交易所，77-美国纳斯达克证券交易所，78-纽约证券交易所，79-美国其他交易市场，80-加拿大多伦多证券交易所，81-三板市场，83-上海证券交易所，84-其他市场，85-伦敦证券交易所，86-法国巴黎证券交易所，87-德国法兰克福证券交易所，88-欧洲其他交易所，89-银行间债券市场，90-深圳证券交易所，91-美国OTCBB市场，92-美国OtherOTC市场，93-上海银行间同业拆借市场，94-瑞士证券交易所，95-荷兰阿姆斯特丹证券交易所，96-约翰内斯堡证券交易所，97-伦敦国际金融期货期权交易所，98-纽约泛欧证券交易所，99-东京同业拆借市场，100-美国国债回购市场，101-伦敦银行同业拆借市场，102-香港银行同业拆借市场，103-新加坡银行同业拆借市场，104-中国银行同业拆借市场，105-欧元银行同业拆借市场，106-布鲁塞尔证券交易所，107-雅加达证券交易所，109-日本佳斯达克交易市场，110-以色列特拉维夫证券交易所，111-保加利亚索菲亚证券交易所，112-科威特证券交易所，113-斯图加特证券交易所，114-德国证券交易所，120-卢森堡证券交易所，130-百慕大证券交易所，140-布拉格证券交易所，160-芬兰赫尔辛基证券交易所，161-意大利证券交易所，162-哥本哈根证券交易所，180-挪威奥斯陆证券交易所，190-韩国科斯达克交易所，200-斯德哥尔摩证券交易所，201-华沙证券交易所，202-伊斯坦布尔证券交易所，210-印度国家证券交易所，220-圣地亚哥证券交易所，230-奥地利维也纳证券交易所，240-西班牙马德里证券交易所，250-希腊雅典证券交易所，260-爱尔兰证券交易所，270-台湾证券柜台买卖市场，280-菲律宾证券交易所，290-印度孟买证券交易所，300-澳大利亚亚太证券交易所，310-机构间私募产品报价与服务系统，320-俄罗斯莫斯科证券交易所，330-沪港通联合市场，340-深港通联合市场，350-港股通联合市场，360-纽交所群岛交易所(NYSE Arca)，370-巴兹全球市场(BATS)，380-上海自贸区市场，390-里斯本证券交易所，400-芝加哥期权交易所，410-韩国证券期货交易所，420-纽约芝加哥证券交易所(NYSE Chicago)，430-纽约国家交易所(NYSE National)，440-纳斯达克波士顿交易所(NASDAQ OMX BX)，450-纳斯达克Basic交易所，460-美国OTC(OTCBB和OtherOTC)，470-美国OTC Markets(其他)，480-投资者交易所(IEX)，490-FINRA Alternate Display Facility，500-Cboe BZX US Equities Exchange，510-Cboe BYX US Equities Exchange，520-Cboe EDGA US Equities Exchange，530-Cboe EDGX US Equities Exchange，540-Midwest Stock Exchange，550-Aquis Exchange，560-Cboe UK Europe Equities BXE，570-Blink MTF，580-Blockmatch，590-Cboe UK Europe Equities CXE，600-Knight Capital Europe Ltd，610-Euronext London，620-胡志明市证券交易所，630-沪市代理深市市场，631-沪市代理港交所市场，640-深市代理沪市市场，641-深市代理港交所市场，650-国际外汇市场(晨星)，651-ICE欧洲，652-IC美国，653-上海环境能源交易所，654-北京绿色交易所，655-天津碳排放权交易中心，657-湖北碳排放权交易中心，658-重庆碳排放权交易中心，659-四川联合环境交易所，660-广州碳排放权交易所，661-海峡股权交易中心，662-深圳排放权交易所，663-欧洲能源交易所，664-全国碳排放权交易，665-河内证券交易所，666-布达佩斯证券交易所，667-全国温室气体自愿减排交易市场，670-Turquoise交易所，680-Chi-X交易所，690-澳门金融资产交易所，691-香港债务工具中央结算系统，700-迪拜金融市场，710-萨拉热窝证券交易所，720-班雅卢卡证券交易所，730-达卡证券交易所，740-巴林证券交易所，750-博茨瓦纳证券交易所，760-NEO交易所，770-西非证券交易所，780-哥伦比亚证券交易所，790-塔林证券交易所，800-萨格勒布证券交易所，810-冰岛证券交易所，820-牙买加证券交易所，830-安曼证券交易所，840-名古屋证券交易所，850-内罗毕证券交易所，860-贝鲁特证券交易所，870-科伦坡证券交易所，880-立陶宛维尔纽斯证券交易所，890-卡萨布兰卡证券交易所，900-马耳他证券交易所，910-毛里求斯证券交易所，920-尼日利亚证券交易所，930-马斯喀特证券交易所，940-利马证券交易所，950-巴基斯坦证券交易所，960-巴勒斯坦证券交易所，970-卡塔尔证券交易所，980-布加勒斯特证券交易所，990-贝尔格莱德证券交易所，1000-沙特证券交易所，1010-卢布尔雅那证券交易所，1020-突尼斯证券交易所，1030-特立尼达和多巴哥证券交易所，1040-加拉加斯证券交易所，1050-津巴布韦证券交易所，1060-阿布扎比证券交易所，1070-拉脱维亚里加证券交易所，66301-瑞士ETS，66302-韩国ETS，66303-加拿大魁北克Cap-and-Trade(CaT)，66304-美国加利福尼亚Cap-and-Trade(CaT)，66305-美国区域温室气体倡议（RGGI），66306-加拿大新斯科舍省Cap-and-Trade(CaT)，66307-加拿大不列颠哥伦比亚省碳交易，66308-德国ETS，66309-日本东京Cap-and-Trade(CaT)，66310-日本埼玉县排放权交易，66311-英国ETS，66312-哈萨克斯坦ETS，66313-墨西哥试点ETS，66314-美国马萨诸塞州碳交易，66315-新西兰ETS。"}]}]

请选择column，务必遵循输出的格式要求。

>>>>> Agent【Check_db_structure.columns_selector】 Said:
【分析】
用户询问的是上海申银万国证券研究所有限公司发布的31种指数中包含的公司数量。

【信息所在字段】
- indexdb.lc_indexbasicinfo.PubOrgName: 这个字段可能包含发布机构的信息，对应用户提问中的上海申银万国证券研究所有限公司。
- indexdb.lc_indexbasicinfo.ComponentSum: 这个字段可能包含指数包含的成份证券数量，对应用户提问中的公司数量。

【筛选条件所在字段】
- indexdb.lc_indexbasicinfo.PubOrgName: 这个字段可能包含发布机构的信息，对应用户提问中的上海申银万国证券研究所有限公司。

【选中的字段的清单】
```json
{"indexdb.lc_indexbasicinfo": ["PubOrgName", "ComponentSum"]}
```


>>>>> 【user】 Said:
之前已查询到信息如下:
查询结果表明: 在indexdb.lc_indexbasicinfo表中，发布机构名称包含“上海申银万国证券研究所有限公司”的记录中，共有31个不同的IndexCode。

请问:上海申银万国证券研究所有限公司发布的31种指数中，包括了多少家公司的数据？

>>>>> Agent【Sql_query.master】 Said:
【已知信息】
- 上海申银万国证券研究所有限公司发布了31种指数。
- 这些指数信息存储在`indexdb.lc_indexbasicinfo`表中。
- 每种指数包含若干公司的数据。

【当前阶段要获取的信息】
- 上海申银万国证券研究所有限公司发布的31种指数中，包括的总公司数量。

【信息所在字段】
- `ComponentSum`字段表示每种指数包含的成份证券数量。

【筛选条件所在字段】
- `PubOrgName`字段用于筛选发布机构名称。

【SQL语句的思路】
1. 从`indexdb.lc_indexbasicinfo`表中筛选出发布机构名称包含“上海申银万国证券研究所有限公司”的记录。
2. 获取这些记录的`ComponentSum`字段。
3. 对所有`ComponentSum`字段求和，得到总的公司数量。

【执行SQL语句】
```exec_sql
SELECT SUM(ComponentSum) AS TotalCompanies
FROM indexdb.lc_indexbasicinfo
WHERE PubOrgName LIKE '%上海申银万国证券研究所有限公司%'
```

【上述SQL语句的含义】
- `SELECT SUM(ComponentSum) AS TotalCompanies`：计算所有符合条件的记录中`ComponentSum`字段的总和，并将其命名为`TotalCompanies`。
- `FROM indexdb.lc_indexbasicinfo`：指定查询的表为`indexdb.lc_indexbasicinfo`。
- `WHERE PubOrgName LIKE '%上海申银万国证券研究所有限公司%'`：筛选发布机构名称包含“上海申银万国证券研究所有限公司”的记录。

>>>>> 查询sql:
SELECT SUM(ComponentSum) AS TotalCompanies
FROM indexdb.lc_indexbasicinfo
WHERE PubOrgName LIKE '%上海申银万国证券研究所有限公司%';
查询结果:
[{"TotalCompanies": null}]


>>>>> 【user】 Said:
查询SQL:
SELECT SUM(ComponentSum) AS TotalCompanies
FROM indexdb.lc_indexbasicinfo
WHERE PubOrgName LIKE '%上海申银万国证券研究所有限公司%';
查询结果:
[{"TotalCompanies": null}]

请理解查询结果

>>>>> Agent【Sql_query.understand_query_result】 Said:
查询结果表明: 在表indexdb.lc_indexbasicinfo中，针对发布机构名称（PubOrgName）包含“上海申银万国证券研究所有限公司”的记录，其成份证券数量（ComponentSum）的总和为null，这可能意味着没有找到符合条件的记录，或者相关记录的成份证券数量字段为空。


>>>>> 【user】 Said:
查询SQL:
SELECT SUM(ComponentSum) AS TotalCompanies
FROM indexdb.lc_indexbasicinfo
WHERE PubOrgName LIKE '%上海申银万国证券研究所有限公司%';
查询结果:
[{"TotalCompanies": null}]

查询结果表明: 在表indexdb.lc_indexbasicinfo中，针对发布机构名称（PubOrgName）包含“上海申银万国证券研究所有限公司”的记录，其成份证券数量（ComponentSum）的总和为null，这可能意味着没有找到符合条件的记录，或者相关记录的成份证券数量字段为空。

当前掌握的信息是否能够回答"上海申银万国证券研究所有限公司发布的31种指数中，包括了多少家公司的数据？"？还是要继续执行下一阶段SQL查询？

>>>>> Agent【Sql_query.master】 Said:
【已知信息】
- 上海申银万国证券研究所有限公司发布了31种指数。
- 在`indexdb.lc_indexbasicinfo`表中，针对发布机构名称包含“上海申银万国证券研究所有限公司”的记录，其`ComponentSum`字段的总和为`null`。

【当前阶段要获取的信息】
- 确认`ComponentSum`字段为`null`的原因，并尝试获取正确的总公司数量。

【信息所在字段】
- `ComponentSum`字段表示每种指数包含的成份证券数量。

【筛选条件所在字段】
- `PubOrgName`字段用于筛选发布机构名称。

【SQL语句的思路】
1. 检查`indexdb.lc_indexbasicinfo`表中，发布机构名称包含“上海申银万国证券研究所有限公司”的记录是否存在。
2. 检查这些记录的`ComponentSum`字段是否为空。
3. 如果存在记录但`ComponentSum`为空，则需要进一步分析原因。

【执行SQL语句】
```exec_sql
SELECT COUNT(*) AS TotalRecords, SUM(ComponentSum) AS TotalCompanies
FROM indexdb.lc_indexbasicinfo
WHERE PubOrgName LIKE '%上海申银万国证券研究所有限公司%'
```

【上述SQL语句的含义】
- `SELECT COUNT(*) AS TotalRecords`：统计符合条件的记录总数。
- `SUM(ComponentSum) AS TotalCompanies`：计算所有符合条件的记录中`ComponentSum`字段的总和。
- `FROM indexdb.lc_indexbasicinfo`：指定查询的表为`indexdb.lc_indexbasicinfo`。
- `WHERE PubOrgName LIKE '%上海申银万国证券研究所有限公司%'`：筛选发布机构名称包含“上海申银万国证券研究所有限公司”的记录。

通过这次查询，我们可以确认是否存在符合条件的记录，并进一步分析`ComponentSum`字段为`null`的原因。

>>>>> 查询sql:
SELECT COUNT(*) AS TotalRecords, SUM(ComponentSum) AS TotalCompanies
FROM indexdb.lc_indexbasicinfo
WHERE PubOrgName LIKE '%上海申银万国证券研究所有限公司%';
查询结果:
[{"TotalRecords": 31, "TotalCompanies": null}]


>>>>> 【user】 Said:
查询SQL:
SELECT COUNT(*) AS TotalRecords, SUM(ComponentSum) AS TotalCompanies
FROM indexdb.lc_indexbasicinfo
WHERE PubOrgName LIKE '%上海申银万国证券研究所有限公司%';
查询结果:
[{"TotalRecords": 31, "TotalCompanies": null}]

请理解查询结果

>>>>> Agent【Sql_query.understand_query_result】 Said:
查询结果表明: 在indexdb.lc_indexbasicinfo表中，发布机构名称包含“上海申银万国证券研究所有限公司”的记录共有31条，但由于成份证券数量（ComponentSum）字段可能存在空值或无法累加的情况，导致成份证券数量的总和（TotalCompanies）为null。


>>>>> 【user】 Said:
查询SQL:
SELECT COUNT(*) AS TotalRecords, SUM(ComponentSum) AS TotalCompanies
FROM indexdb.lc_indexbasicinfo
WHERE PubOrgName LIKE '%上海申银万国证券研究所有限公司%';
查询结果:
[{"TotalRecords": 31, "TotalCompanies": null}]

查询结果表明: 在indexdb.lc_indexbasicinfo表中，发布机构名称包含“上海申银万国证券研究所有限公司”的记录共有31条，但由于成份证券数量（ComponentSum）字段可能存在空值或无法累加的情况，导致成份证券数量的总和（TotalCompanies）为null。

当前掌握的信息是否能够回答"上海申银万国证券研究所有限公司发布的31种指数中，包括了多少家公司的数据？"？还是要继续执行下一阶段SQL查询？

>>>>> Agent【Sql_query.master】 Said:
【已知信息】
- 上海申银万国证券研究所有限公司发布了31种指数。
- 在`indexdb.lc_indexbasicinfo`表中，发布机构名称包含“上海申银万国证券研究所有限公司”的记录共有31条。
- 这些记录的`ComponentSum`字段总和为`null`，可能存在空值或无法累加的情况。

【当前阶段要获取的信息】
- 确认`ComponentSum`字段为`null`的具体原因，并尝试获取正确的总公司数量。

【信息所在字段】
- `ComponentSum`字段表示每种指数包含的成份证券数量。

【筛选条件所在字段】
- `PubOrgName`字段用于筛选发布机构名称。

【SQL语句的思路】
1. 检查`indexdb.lc_indexbasicinfo`表中，发布机构名称包含“上海申银万国证券研究所有限公司”的记录中，`ComponentSum`字段的详细情况。
2. 统计`ComponentSum`为空的记录数量。
3. 统计`ComponentSum`非空的记录数量及其总和。

【执行SQL语句】
```exec_sql
SELECT 
    COUNT(*) AS TotalRecords,
    SUM(CASE WHEN ComponentSum IS NULL THEN 1 ELSE 0 END) AS NullComponentSumRecords,
    SUM(CASE WHEN ComponentSum IS NOT NULL THEN ComponentSum ELSE 0 END) AS ValidComponentSumTotal
FROM indexdb.lc_indexbasicinfo
WHERE PubOrgName LIKE '%上海申银万国证券研究所有限公司%'
```

【上述SQL语句的含义】
- `COUNT(*) AS TotalRecords`：统计符合条件的记录总数。
- `SUM(CASE WHEN ComponentSum IS NULL THEN 1 ELSE 0 END) AS NullComponentSumRecords`：统计`ComponentSum`为空的记录数量。
- `SUM(CASE WHEN ComponentSum IS NOT NULL THEN ComponentSum ELSE 0 END) AS ValidComponentSumTotal`：统计`ComponentSum`非空的记录的总和。
- `FROM indexdb.lc_indexbasicinfo`：指定查询的表为`indexdb.lc_indexbasicinfo`。
- `WHERE PubOrgName LIKE '%上海申银万国证券研究所有限公司%'`：筛选发布机构名称包含“上海申银万国证券研究所有限公司”的记录。

通过这次查询，我们可以更详细地了解`ComponentSum`字段的情况，从而确定总公司数量的准确性。

>>>>> 查询sql:
SELECT 
    COUNT(*) AS TotalRecords,
    SUM(CASE WHEN ComponentSum IS NULL THEN 1 ELSE 0 END) AS NullComponentSumRecords,
    SUM(CASE WHEN ComponentSum IS NOT NULL THEN ComponentSum ELSE 0 END) AS ValidComponentSumTotal
FROM indexdb.lc_indexbasicinfo
WHERE PubOrgName LIKE '%上海申银万国证券研究所有限公司%';
查询结果:
[{"TotalRecords": 31, "NullComponentSumRecords": 31, "ValidComponentSumTotal": 0}]


>>>>> 【user】 Said:
查询SQL:
SELECT 
    COUNT(*) AS TotalRecords,
    SUM(CASE WHEN ComponentSum IS NULL THEN 1 ELSE 0 END) AS NullComponentSumRecords,
    SUM(CASE WHEN ComponentSum IS NOT NULL THEN ComponentSum ELSE 0 END) AS ValidComponentSumTotal
FROM indexdb.lc_indexbasicinfo
WHERE PubOrgName LIKE '%上海申银万国证券研究所有限公司%';
查询结果:
[{"TotalRecords": 31, "NullComponentSumRecords": 31, "ValidComponentSumTotal": 0}]

请理解查询结果

>>>>> Agent【Sql_query.understand_query_result】 Said:
查询结果表明: 在indexdb.lc_indexbasicinfo表中，发布机构名称包含“上海申银万国证券研究所有限公司”的记录共有31条。其中，所有这些记录的成份证券数量（ComponentSum）字段均为空，即没有有效的成份证券数量数据，因此有效成份证券数量总和为0。具体来说，TotalRecords字段值为31，表示总记录数为31条；NullComponentSumRecords字段值也为31，表示成份证券数量为空的记录数为31条；ValidComponentSumTotal字段值为0，表示有效的成份证券数量总和为0。


>>>>> 【user】 Said:
查询SQL:
SELECT 
    COUNT(*) AS TotalRecords,
    SUM(CASE WHEN ComponentSum IS NULL THEN 1 ELSE 0 END) AS NullComponentSumRecords,
    SUM(CASE WHEN ComponentSum IS NOT NULL THEN ComponentSum ELSE 0 END) AS ValidComponentSumTotal
FROM indexdb.lc_indexbasicinfo
WHERE PubOrgName LIKE '%上海申银万国证券研究所有限公司%';
查询结果:
[{"TotalRecords": 31, "NullComponentSumRecords": 31, "ValidComponentSumTotal": 0}]

查询结果表明: 在indexdb.lc_indexbasicinfo表中，发布机构名称包含“上海申银万国证券研究所有限公司”的记录共有31条。其中，所有这些记录的成份证券数量（ComponentSum）字段均为空，即没有有效的成份证券数量数据，因此有效成份证券数量总和为0。具体来说，TotalRecords字段值为31，表示总记录数为31条；NullComponentSumRecords字段值也为31，表示成份证券数量为空的记录数为31条；ValidComponentSumTotal字段值为0，表示有效的成份证券数量总和为0。

当前掌握的信息是否能够回答"上海申银万国证券研究所有限公司发布的31种指数中，包括了多少家公司的数据？"？还是要继续执行下一阶段SQL查询？

>>>>> Agent【Sql_query.master】 Said:
【已知信息】
- 上海申银万国证券研究所有限公司发布了31种指数。
- 在`indexdb.lc_indexbasicinfo`表中，发布机构名称包含“上海申银万国证券研究所有限公司”的记录共有31条。
- 所有这些记录的`ComponentSum`字段均为空，导致有效成份证券数量总和为0。

【当前阶段要获取的信息】
- 由于`ComponentSum`字段为空，无法直接从当前表中获取总公司数量。需要考虑其他方式或表来获取这些指数包含的公司数据。

【信息所在字段】
- 当前表中`ComponentSum`字段无法提供有效信息。

【筛选条件所在字段】
- `PubOrgName`字段用于筛选发布机构名称。

【SQL语句的思路】
1. 由于`ComponentSum`字段为空，我们需要找到其他表或字段来获取这些指数包含的公司数据。
2. 可能需要关联其他表，如指数成分表，来获取具体的公司数量。

【执行SQL语句】
由于当前表无法提供有效信息，我们需要确认是否有其他表可以关联来获取这些指数包含的公司数据。首先，我们可以查看`indexdb.lc_indexbasicinfo`表的结构，确认是否有相关联的字段或表。

```exec_sql
SHOW CREATE TABLE indexdb.lc_indexbasicinfo
```

【上述SQL语句的含义】
- `SHOW CREATE TABLE indexdb.lc_indexbasicinfo`：显示`indexdb.lc_indexbasicinfo`表的完整结构，包括所有字段和可能的关联信息。

通过这次查询，我们可以了解表的结构，寻找可能的关联字段或表，以便进一步获取指数包含的公司数据。

>>>>> 查询sql:
SHOW CREATE TABLE indexdb.lc_indexbasicinfo;
查询结果:
[{"Table": "lc_indexbasicinfo", "Create Table": "CREATE TABLE `lc_indexbasicinfo` (\n  `ID` bigint NOT NULL COMMENT 'ID',\n  `IndexCode` bigint DEFAULT NULL COMMENT '指数代码',\n  `IndexType` bigint DEFAULT NULL COMMENT '指数类别',\n  `ComponentType` bigint DEFAULT NULL COMMENT '成份证券类别',\n  `IndustryStandard` bigint DEFAULT NULL COMMENT '行业标准',\n  `IndustryType` bigint DEFAULT NULL COMMENT '行业类别',\n  `PubOrgCode` bigint DEFAULT NULL COMMENT '发布机构代码',\n  `PubOrgName` longtext COLLATE utf8mb4_unicode_ci COMMENT '发布机构名称',\n  `CreatIndexOrgCode` bigint DEFAULT NULL COMMENT '编制机构代码',\n  `CreatIndexOrgName` longtext COLLATE utf8mb4_unicode_ci COMMENT '编制机构名称',\n  `PubDate` longtext COLLATE utf8mb4_unicode_ci COMMENT '发布日期',\n  `BaseDate` longtext COLLATE utf8mb4_unicode_ci COMMENT '基日',\n  `BasePoint` double DEFAULT NULL COMMENT '基点(点)',\n  `WAMethod` bigint DEFAULT NULL COMMENT '加权方式',\n  `ComponentSum` bigint DEFAULT NULL COMMENT '成份证券数量',\n  `ComponentAdPeriod` bigint DEFAULT NULL COMMENT '成份证券调整周期',\n  `IndexRemark` longtext COLLATE utf8mb4_unicode_ci COMMENT '指数简介',\n  `EndDate` longtext COLLATE utf8mb4_unicode_ci COMMENT '日期',\n  `XGRQ` longtext COLLATE utf8mb4_unicode_ci COMMENT '修改日期',\n  `JSID` bigint DEFAULT NULL COMMENT 'JSID',\n  `IndexPriceType` bigint DEFAULT NULL COMMENT '指数计算类别',\n  `IndexDesignType` bigint DEFAULT NULL COMMENT '指数设计类别',\n  `Relationship` bigint DEFAULT NULL COMMENT '与主指数关系',\n  `RelaMainIndexCode` longtext COLLATE utf8mb4_unicode_ci COMMENT '对应主指数代码',\n  `SecuMarket` bigint DEFAULT NULL COMMENT '成份证券市场',\n  `CurrencyCode` bigint DEFAULT NULL COMMENT '币种',\n  `IndexAbstract` longtext COLLATE utf8mb4_unicode_ci COMMENT '指数摘要',\n  `RelaMainCode` bigint DEFAULT NULL COMMENT '对应主指数内码',\n  `PubIndexType` bigint DEFAULT NULL COMMENT '指数类别(发布机构)',\n  `IndexSeries` bigint DEFAULT NULL COMMENT '指数系列',\n  PRIMARY KEY (`ID`)\n) ENGINE=InnoDB DEFAULT CHARSET=utf8mb4 COLLATE=utf8mb4_unicode_ci COMMENT='指数基本情况'"}]


>>>>> 【user】 Said:
查询SQL:
SHOW CREATE TABLE indexdb.lc_indexbasicinfo;
查询结果:
[{"Table": "lc_indexbasicinfo", "Create Table": "CREATE TABLE `lc_indexbasicinfo` (\n  `ID` bigint NOT NULL COMMENT 'ID',\n  `IndexCode` bigint DEFAULT NULL COMMENT '指数代码',\n  `IndexType` bigint DEFAULT NULL COMMENT '指数类别',\n  `ComponentType` bigint DEFAULT NULL COMMENT '成份证券类别',\n  `IndustryStandard` bigint DEFAULT NULL COMMENT '行业标准',\n  `IndustryType` bigint DEFAULT NULL COMMENT '行业类别',\n  `PubOrgCode` bigint DEFAULT NULL COMMENT '发布机构代码',\n  `PubOrgName` longtext COLLATE utf8mb4_unicode_ci COMMENT '发布机构名称',\n  `CreatIndexOrgCode` bigint DEFAULT NULL COMMENT '编制机构代码',\n  `CreatIndexOrgName` longtext COLLATE utf8mb4_unicode_ci COMMENT '编制机构名称',\n  `PubDate` longtext COLLATE utf8mb4_unicode_ci COMMENT '发布日期',\n  `BaseDate` longtext COLLATE utf8mb4_unicode_ci COMMENT '基日',\n  `BasePoint` double DEFAULT NULL COMMENT '基点(点)',\n  `WAMethod` bigint DEFAULT NULL COMMENT '加权方式',\n  `ComponentSum` bigint DEFAULT NULL COMMENT '成份证券数量',\n  `ComponentAdPeriod` bigint DEFAULT NULL COMMENT '成份证券调整周期',\n  `IndexRemark` longtext COLLATE utf8mb4_unicode_ci COMMENT '指数简介',\n  `EndDate` longtext COLLATE utf8mb4_unicode_ci COMMENT '日期',\n  `XGRQ` longtext COLLATE utf8mb4_unicode_ci COMMENT '修改日期',\n  `JSID` bigint DEFAULT NULL COMMENT 'JSID',\n  `IndexPriceType` bigint DEFAULT NULL COMMENT '指数计算类别',\n  `IndexDesignType` bigint DEFAULT NULL COMMENT '指数设计类别',\n  `Relationship` bigint DEFAULT NULL COMMENT '与主指数关系',\n  `RelaMainIndexCode` longtext COLLATE utf8mb4_unicode_ci COMMENT '对应主指数代码',\n  `SecuMarket` bigint DEFAULT NULL COMMENT '成份证券市场',\n  `CurrencyCode` bigint DEFAULT NULL COMMENT '币种',\n  `IndexAbstract` longtext COLLATE utf8mb4_unicode_ci COMMENT '指数摘要',\n  `RelaMainCode` bigint DEFAULT NULL COMMENT '对应主指数内码',\n  `PubIndexType` bigint DEFAULT NULL COMMENT '指数类别(发布机构)',\n  `IndexSeries` bigint DEFAULT NULL COMMENT '指数系列',\n  PRIMARY KEY (`ID`)\n) ENGINE=InnoDB DEFAULT CHARSET=utf8mb4 COLLATE=utf8mb4_unicode_ci COMMENT='指数基本情况'"}]

请理解查询结果

>>>>> Agent【Sql_query.understand_query_result】 Said:
查询结果表明: 表`lc_indexbasicinfo`在数据库`indexdb`中用于存储指数的基本情况。该表包含多个字段，其中包括`ID`（作为主键）、`IndexCode`（指数代码）、`IndexType`（指数类别）、`ComponentType`（成份证券类别）、`IndustryStandard`（行业标准）、`IndustryType`（行业类别）、`PubOrgCode`（发布机构代码）、`PubOrgName`（发布机构名称）、`CreatIndexOrgCode`（编制机构代码）、`CreatIndexOrgName`（编制机构名称）、`PubDate`（发布日期）、`BaseDate`（基日）、`BasePoint`（基点）、`WAMethod`（加权方式）、`ComponentSum`（成份证券数量）、`ComponentAdPeriod`（成份证券调整周期）、`IndexRemark`（指数简介）、`EndDate`（日期）、`XGRQ`（修改日期）、`JSID`（JSID）、`IndexPriceType`（指数计算类别）、`IndexDesignType`（指数设计类别）、`Relationship`（与主指数关系）、`RelaMainIndexCode`（对应主指数代码）、`SecuMarket`（成份证券市场）、`CurrencyCode`（币种）、`IndexAbstract`（指数摘要）、`RelaMainCode`（对应主指数内码）、`PubIndexType`（指数类别(发布机构)）和`IndexSeries`（指数系列）。该表使用InnoDB引擎，默认字符集为utf8mb4，校对规则为utf8mb4_unicode_ci。


>>>>> 【user】 Said:
查询SQL:
SHOW CREATE TABLE indexdb.lc_indexbasicinfo;
查询结果:
[{"Table": "lc_indexbasicinfo", "Create Table": "CREATE TABLE `lc_indexbasicinfo` (\n  `ID` bigint NOT NULL COMMENT 'ID',\n  `IndexCode` bigint DEFAULT NULL COMMENT '指数代码',\n  `IndexType` bigint DEFAULT NULL COMMENT '指数类别',\n  `ComponentType` bigint DEFAULT NULL COMMENT '成份证券类别',\n  `IndustryStandard` bigint DEFAULT NULL COMMENT '行业标准',\n  `IndustryType` bigint DEFAULT NULL COMMENT '行业类别',\n  `PubOrgCode` bigint DEFAULT NULL COMMENT '发布机构代码',\n  `PubOrgName` longtext COLLATE utf8mb4_unicode_ci COMMENT '发布机构名称',\n  `CreatIndexOrgCode` bigint DEFAULT NULL COMMENT '编制机构代码',\n  `CreatIndexOrgName` longtext COLLATE utf8mb4_unicode_ci COMMENT '编制机构名称',\n  `PubDate` longtext COLLATE utf8mb4_unicode_ci COMMENT '发布日期',\n  `BaseDate` longtext COLLATE utf8mb4_unicode_ci COMMENT '基日',\n  `BasePoint` double DEFAULT NULL COMMENT '基点(点)',\n  `WAMethod` bigint DEFAULT NULL COMMENT '加权方式',\n  `ComponentSum` bigint DEFAULT NULL COMMENT '成份证券数量',\n  `ComponentAdPeriod` bigint DEFAULT NULL COMMENT '成份证券调整周期',\n  `IndexRemark` longtext COLLATE utf8mb4_unicode_ci COMMENT '指数简介',\n  `EndDate` longtext COLLATE utf8mb4_unicode_ci COMMENT '日期',\n  `XGRQ` longtext COLLATE utf8mb4_unicode_ci COMMENT '修改日期',\n  `JSID` bigint DEFAULT NULL COMMENT 'JSID',\n  `IndexPriceType` bigint DEFAULT NULL COMMENT '指数计算类别',\n  `IndexDesignType` bigint DEFAULT NULL COMMENT '指数设计类别',\n  `Relationship` bigint DEFAULT NULL COMMENT '与主指数关系',\n  `RelaMainIndexCode` longtext COLLATE utf8mb4_unicode_ci COMMENT '对应主指数代码',\n  `SecuMarket` bigint DEFAULT NULL COMMENT '成份证券市场',\n  `CurrencyCode` bigint DEFAULT NULL COMMENT '币种',\n  `IndexAbstract` longtext COLLATE utf8mb4_unicode_ci COMMENT '指数摘要',\n  `RelaMainCode` bigint DEFAULT NULL COMMENT '对应主指数内码',\n  `PubIndexType` bigint DEFAULT NULL COMMENT '指数类别(发布机构)',\n  `IndexSeries` bigint DEFAULT NULL COMMENT '指数系列',\n  PRIMARY KEY (`ID`)\n) ENGINE=InnoDB DEFAULT CHARSET=utf8mb4 COLLATE=utf8mb4_unicode_ci COMMENT='指数基本情况'"}]

查询结果表明: 表`lc_indexbasicinfo`在数据库`indexdb`中用于存储指数的基本情况。该表包含多个字段，其中包括`ID`（作为主键）、`IndexCode`（指数代码）、`IndexType`（指数类别）、`ComponentType`（成份证券类别）、`IndustryStandard`（行业标准）、`IndustryType`（行业类别）、`PubOrgCode`（发布机构代码）、`PubOrgName`（发布机构名称）、`CreatIndexOrgCode`（编制机构代码）、`CreatIndexOrgName`（编制机构名称）、`PubDate`（发布日期）、`BaseDate`（基日）、`BasePoint`（基点）、`WAMethod`（加权方式）、`ComponentSum`（成份证券数量）、`ComponentAdPeriod`（成份证券调整周期）、`IndexRemark`（指数简介）、`EndDate`（日期）、`XGRQ`（修改日期）、`JSID`（JSID）、`IndexPriceType`（指数计算类别）、`IndexDesignType`（指数设计类别）、`Relationship`（与主指数关系）、`RelaMainIndexCode`（对应主指数代码）、`SecuMarket`（成份证券市场）、`CurrencyCode`（币种）、`IndexAbstract`（指数摘要）、`RelaMainCode`（对应主指数内码）、`PubIndexType`（指数类别(发布机构)）和`IndexSeries`（指数系列）。该表使用InnoDB引擎，默认字符集为utf8mb4，校对规则为utf8mb4_unicode_ci。

当前掌握的信息是否能够回答"上海申银万国证券研究所有限公司发布的31种指数中，包括了多少家公司的数据？"？还是要继续执行下一阶段SQL查询？

>>>>> Agent【Sql_query.master】 Said:
【已知信息】
- 上海申银万国证券研究所有限公司发布了31种指数。
- 在`indexdb.lc_indexbasicinfo`表中，发布机构名称包含“上海申银万国证券研究所有限公司”的记录共有31条。
- 所有这些记录的`ComponentSum`字段均为空，导致有效成份证券数量总和为0。
- `lc_indexbasicinfo`表的字段信息已获取，但未发现直接关联公司数据的字段。

【当前阶段要获取的信息】
- 寻找其他表或字段来获取这些指数包含的公司数据。

【信息所在字段】
- 当前表中无直接关联公司数据的字段。

【筛选条件所在字段】
- `PubOrgName`字段用于筛选发布机构名称。

【SQL语句的思路】
1. 由于`lc_indexbasicinfo`表中无直接关联公司数据的字段，我们需要寻找其他表来获取这些指数包含的公司数据。
2. 可能需要关联指数成分表，通过`IndexCode`字段关联到具体的公司数据。

【执行SQL语句】
首先，我们需要确认是否存在一个包含指数成分信息的表，通常这类表会包含指数代码和对应的成份证券信息。我们可以尝试查找这样的表，并查看其结构。

```exec_sql
SHOW TABLES IN indexdb LIKE '%indexcomponent%'
```

【上述SQL语句的含义】
- `SHOW TABLES IN indexdb LIKE '%indexcomponent%'`：在`indexdb`数据库中查找包含“indexcomponent”关键词的表，这些表可能包含指数成分信息。

通过这次查询，我们可以找到可能包含指数成分信息的表，进而查看其结构，确定是否可以关联到具体的公司数据。

>>>>> 查询sql:
SHOW TABLES IN indexdb LIKE '%indexcomponent%';
查询结果:
[{"Tables_in_indexdb (%indexcomponent%)": "lc_indexcomponent"}]


>>>>> 【user】 Said:
查询SQL:
SHOW TABLES IN indexdb LIKE '%indexcomponent%';
查询结果:
[{"Tables_in_indexdb (%indexcomponent%)": "lc_indexcomponent"}]

请理解查询结果

>>>>> Agent【Sql_query.understand_query_result】 Said:
查询结果表明: 在数据库indexdb中，存在一个表名为lc_indexcomponent的表，该表名符合包含'indexcomponent'的模式匹配条件。


>>>>> 【user】 Said:
查询SQL:
SHOW TABLES IN indexdb LIKE '%indexcomponent%';
查询结果:
[{"Tables_in_indexdb (%indexcomponent%)": "lc_indexcomponent"}]

查询结果表明: 在数据库indexdb中，存在一个表名为lc_indexcomponent的表，该表名符合包含'indexcomponent'的模式匹配条件。

当前掌握的信息是否能够回答"上海申银万国证券研究所有限公司发布的31种指数中，包括了多少家公司的数据？"？还是要继续执行下一阶段SQL查询？

>>>>> Agent【Sql_query.master】 Said:
【已知信息】
- 上海申银万国证券研究所有限公司发布了31种指数。
- 在`indexdb.lc_indexbasicinfo`表中，发布机构名称包含“上海申银万国证券研究所有限公司”的记录共有31条，但`ComponentSum`字段均为空。
- 在`indexdb`数据库中，存在一个名为`lc_indexcomponent`的表，可能包含指数成分信息。

【当前阶段要获取的信息】
- 确认`lc_indexcomponent`表的结构，寻找可以关联到具体公司数据的字段。

【信息所在字段】
- 尚未确定，需查看`lc_indexcomponent`表的结构。

【筛选条件所在字段】
- `IndexCode`字段可能用于关联`lc_indexbasicinfo`表和`lc_indexcomponent`表。

【SQL语句的思路】
1. 查看`lc_indexcomponent`表的结构，确认其包含的字段。
2. 寻找可以关联到具体公司数据的字段，如公司代码或证券代码。

【执行SQL语句】
```exec_sql
SHOW CREATE TABLE indexdb.lc_indexcomponent
```

【上述SQL语句的含义】
- `SHOW CREATE TABLE indexdb.lc_indexcomponent`：显示`indexdb.lc_indexcomponent`表的完整结构，包括所有字段和可能的关联信息。

通过这次查询，我们可以了解`lc_indexcomponent`表的结构，寻找可以关联到具体公司数据的字段，以便进一步获取指数包含的公司数据。

>>>>> 查询sql:
SHOW CREATE TABLE indexdb.lc_indexcomponent;
查询结果:
[{"Table": "lc_indexcomponent", "Create Table": "CREATE TABLE `lc_indexcomponent` (\n  `ID` bigint NOT NULL COMMENT 'ID',\n  `IndexInnerCode` bigint DEFAULT NULL COMMENT '指数内部编码',\n  `SecuInnerCode` bigint DEFAULT NULL COMMENT '证券代码',\n  `InDate` longtext COLLATE utf8mb4_unicode_ci COMMENT '调入日期',\n  `OutDate` longtext COLLATE utf8mb4_unicode_ci COMMENT '调出日期',\n  `Flag` bigint DEFAULT NULL COMMENT '资讯级别',\n  `XGRQ` longtext COLLATE utf8mb4_unicode_ci COMMENT '修改日期',\n  `JSID` bigint DEFAULT NULL COMMENT 'JSID',\n  `SecuMarket` bigint DEFAULT NULL COMMENT '证券市场',\n  PRIMARY KEY (`ID`)\n) ENGINE=InnoDB DEFAULT CHARSET=utf8mb4 COLLATE=utf8mb4_unicode_ci COMMENT='指数成份'"}]


>>>>> 【user】 Said:
查询SQL:
SHOW CREATE TABLE indexdb.lc_indexcomponent;
查询结果:
[{"Table": "lc_indexcomponent", "Create Table": "CREATE TABLE `lc_indexcomponent` (\n  `ID` bigint NOT NULL COMMENT 'ID',\n  `IndexInnerCode` bigint DEFAULT NULL COMMENT '指数内部编码',\n  `SecuInnerCode` bigint DEFAULT NULL COMMENT '证券代码',\n  `InDate` longtext COLLATE utf8mb4_unicode_ci COMMENT '调入日期',\n  `OutDate` longtext COLLATE utf8mb4_unicode_ci COMMENT '调出日期',\n  `Flag` bigint DEFAULT NULL COMMENT '资讯级别',\n  `XGRQ` longtext COLLATE utf8mb4_unicode_ci COMMENT '修改日期',\n  `JSID` bigint DEFAULT NULL COMMENT 'JSID',\n  `SecuMarket` bigint DEFAULT NULL COMMENT '证券市场',\n  PRIMARY KEY (`ID`)\n) ENGINE=InnoDB DEFAULT CHARSET=utf8mb4 COLLATE=utf8mb4_unicode_ci COMMENT='指数成份'"}]

请理解查询结果

>>>>> Agent【Sql_query.understand_query_result】 Said:
查询结果表明: 表 `indexdb.lc_indexcomponent` 的结构定义如下：该表包含以下字段：`ID`（ID，类型为bigint，非空），`IndexInnerCode`（指数内部编码，类型为bigint，可空），`SecuInnerCode`（证券代码，类型为bigint，可空），`InDate`（调入日期，类型为longtext，可空），`OutDate`（调出日期，类型为longtext，可空），`Flag`（资讯级别，类型为bigint，可空），`XGRQ`（修改日期，类型为longtext，可空），`JSID`（JSID，类型为bigint，可空），`SecuMarket`（证券市场，类型为bigint，可空）。该表使用InnoDB引擎，默认字符集为utf8mb4，校对规则为utf8mb4_unicode_ci，表注释为“指数成份”。主键为`ID`字段。


>>>>> 【user】 Said:
查询SQL:
SHOW CREATE TABLE indexdb.lc_indexcomponent;
查询结果:
[{"Table": "lc_indexcomponent", "Create Table": "CREATE TABLE `lc_indexcomponent` (\n  `ID` bigint NOT NULL COMMENT 'ID',\n  `IndexInnerCode` bigint DEFAULT NULL COMMENT '指数内部编码',\n  `SecuInnerCode` bigint DEFAULT NULL COMMENT '证券代码',\n  `InDate` longtext COLLATE utf8mb4_unicode_ci COMMENT '调入日期',\n  `OutDate` longtext COLLATE utf8mb4_unicode_ci COMMENT '调出日期',\n  `Flag` bigint DEFAULT NULL COMMENT '资讯级别',\n  `XGRQ` longtext COLLATE utf8mb4_unicode_ci COMMENT '修改日期',\n  `JSID` bigint DEFAULT NULL COMMENT 'JSID',\n  `SecuMarket` bigint DEFAULT NULL COMMENT '证券市场',\n  PRIMARY KEY (`ID`)\n) ENGINE=InnoDB DEFAULT CHARSET=utf8mb4 COLLATE=utf8mb4_unicode_ci COMMENT='指数成份'"}]

查询结果表明: 表 `indexdb.lc_indexcomponent` 的结构定义如下：该表包含以下字段：`ID`（ID，类型为bigint，非空），`IndexInnerCode`（指数内部编码，类型为bigint，可空），`SecuInnerCode`（证券代码，类型为bigint，可空），`InDate`（调入日期，类型为longtext，可空），`OutDate`（调出日期，类型为longtext，可空），`Flag`（资讯级别，类型为bigint，可空），`XGRQ`（修改日期，类型为longtext，可空），`JSID`（JSID，类型为bigint，可空），`SecuMarket`（证券市场，类型为bigint，可空）。该表使用InnoDB引擎，默认字符集为utf8mb4，校对规则为utf8mb4_unicode_ci，表注释为“指数成份”。主键为`ID`字段。

当前掌握的信息是否能够回答"上海申银万国证券研究所有限公司发布的31种指数中，包括了多少家公司的数据？"？还是要继续执行下一阶段SQL查询？

>>>>> Agent【Sql_query.master】 Said:
【已知信息】
- 上海申银万国证券研究所有限公司发布了31种指数。
- 在`indexdb.lc_indexbasicinfo`表中，发布机构名称包含“上海申银万国证券研究所有限公司”的记录共有31条，但`ComponentSum`字段均为空。
- `indexdb.lc_indexcomponent`表包含指数成分信息，其中`IndexInnerCode`字段可能用于关联指数，`SecuInnerCode`字段可能用于关联具体证券（公司）。

【当前阶段要获取的信息】
- 通过关联`lc_indexbasicinfo`表和`lc_indexcomponent`表，计算这些指数包含的总公司数量。

【信息所在字段】
- `IndexInnerCode`字段用于关联指数。
- `SecuInnerCode`字段用于关联具体证券（公司）。

【筛选条件所在字段】
- `PubOrgName`字段用于筛选发布机构名称。

【SQL语句的思路】
1. 从`lc_indexbasicinfo`表中获取发布机构名称包含“上海申银万国证券研究所有限公司”的指数代码。
2. 使用这些指数代码关联`lc_indexcomponent`表，获取对应的证券代码。
3. 统计去重后的证券代码数量，得到总公司数量。

【执行SQL语句】
```exec_sql
SELECT COUNT(DISTINCT SecuInnerCode) AS TotalCompanies
FROM indexdb.lc_indexcomponent
WHERE IndexInnerCode IN (
    SELECT IndexCode
    FROM indexdb.lc_indexbasicinfo
    WHERE PubOrgName LIKE '%上海申银万国证券研究所有限公司%'
)
```

【上述SQL语句的含义】
- `SELECT COUNT(DISTINCT SecuInnerCode) AS TotalCompanies`：统计去重后的证券代码数量，并将其命名为`TotalCompanies`。
- `FROM indexdb.lc_indexcomponent`：指定查询的表为`indexdb.lc_indexcomponent`。
- `WHERE IndexInnerCode IN (...)`：筛选`IndexInnerCode`字段在子查询结果中的记录。
- 子查询`SELECT IndexCode FROM indexdb.lc_indexbasicinfo WHERE PubOrgName LIKE '%上海申银万国证券研究所有限公司%'`：从`lc_indexbasicinfo`表中获取发布机构名称包含“上海申银万国证券研究所有限公司”的指数代码。

通过这次查询，我们可以计算出上海申银万国证券研究所有限公司发布的31种指数中，包括的总公司数量。

>>>>> 查询sql:
SELECT COUNT(DISTINCT SecuInnerCode) AS TotalCompanies
FROM indexdb.lc_indexcomponent
WHERE IndexInnerCode IN (
    SELECT IndexCode
    FROM indexdb.lc_indexbasicinfo
    WHERE PubOrgName LIKE '%上海申银万国证券研究所有限公司%'
);
查询结果:
[{"TotalCompanies": 5340}]


>>>>> 【user】 Said:
查询SQL:
SELECT COUNT(DISTINCT SecuInnerCode) AS TotalCompanies
FROM indexdb.lc_indexcomponent
WHERE IndexInnerCode IN (
    SELECT IndexCode
    FROM indexdb.lc_indexbasicinfo
    WHERE PubOrgName LIKE '%上海申银万国证券研究所有限公司%'
);
查询结果:
[{"TotalCompanies": 5340}]

请理解查询结果

>>>>> Agent【Sql_query.understand_query_result】 Said:
查询结果表明: 在发布机构名称包含"上海申银万国证券研究所有限公司"的指数中，共有5340个不同的成份证券内部编码（SecuInnerCode）。这意味着这些指数涵盖了5340家不同的公司。


>>>>> 【user】 Said:
查询SQL:
SELECT COUNT(DISTINCT SecuInnerCode) AS TotalCompanies
FROM indexdb.lc_indexcomponent
WHERE IndexInnerCode IN (
    SELECT IndexCode
    FROM indexdb.lc_indexbasicinfo
    WHERE PubOrgName LIKE '%上海申银万国证券研究所有限公司%'
);
查询结果:
[{"TotalCompanies": 5340}]

查询结果表明: 在发布机构名称包含"上海申银万国证券研究所有限公司"的指数中，共有5340个不同的成份证券内部编码（SecuInnerCode）。这意味着这些指数涵盖了5340家不同的公司。

当前掌握的信息是否能够回答"上海申银万国证券研究所有限公司发布的31种指数中，包括了多少家公司的数据？"？还是要继续执行下一阶段SQL查询？

>>>>> Agent【Sql_query.master】 Said:
【已知信息】
- 上海申银万国证券研究所有限公司发布了31种指数。
- 在`indexdb.lc_indexbasicinfo`表中，发布机构名称包含“上海申银万国证券研究所有限公司”的记录共有31条。
- 通过关联`lc_indexbasicinfo`表和`lc_indexcomponent`表，发现这些指数涵盖了5340家不同的公司。

【当前阶段要获取的信息】
- 已获取到上海申银万国证券研究所有限公司发布的31种指数中，包括的总公司数量为5340家。

【信息所在字段】
- `TotalCompanies`字段表示这些指数涵盖的总公司数量。

【筛选条件所在字段】
- `PubOrgName`字段用于筛选发布机构名称。

【SQL语句的思路】
- 当前已通过关联查询获取到所需的总公司数量，无需进一步执行SQL查询。

【执行SQL语句】
无

【上述SQL语句的含义】
- 无需进一步执行SQL查询，当前结果已满足问题需求。

【当前掌握的信息是否能够回答问题】
是的，当前掌握的信息已经能够回答“上海申银万国证券研究所有限公司发布的31种指数中，包括了多少家公司的数据？”这一问题。答案是5340家公司。

【总结】
上海申银万国证券研究所有限公司发布的31种指数中，共包括5340家公司的数据。无需继续执行下一阶段SQL查询。


>>>>> 【user】 Said:
充分尊重前面给出的结论，回答问题:"上海申银万国证券研究所有限公司发布的31种指数中，包括了多少家公司的数据？"

>>>>> Agent【Sql_query.summary】 Said:
5340家公司
