
>>>>> Original Question: 这些担保项目中担保最多的金额是多少？


>>>>> 【user】 Said:
提取下面这段文字中的实体（如公司名、股票代码、拼音缩写等），如果识别结果是空，那么就回复No Entities."这些担保项目中担保最多的金额是多少？"

>>>>> Agent【extract_company】 Said:
No Entities.


>>>>> 【user】 Said:
下面是顺序的历史问答:
'''
Question: 协鑫集成2019年一共成功为多少家公司提供过担保？
Answer: 协鑫集成在2019年一共成功为0家公司提供过担保。
'''
现在用户继续提问，请根据已知信息，理解当前这个问题的完整含义，并重写这个问题使得单独拿出来看仍然能够正确理解：这些担保项目中担保最多的金额是多少？

>>>>> Agent【rewrite_question】 Said:
协鑫集成在2019年成功提供的担保项目中，担保最多的金额是多少？

>>>>> 已知事实:
协鑫集成的关联信息有:[所在数据表是constantdb.secumain;InnerCode(证券内部编码)是8970;CompanyCode(公司代码)是76745;ChiName(中文名称)是协鑫集成科技股份有限公司;EngName(英文名称)是GCL System Integration Technology Co., Ltd.;SecuCode(证券代码)是002506;ChiNameAbbr(中文名称缩写)是协鑫集成;EngNameAbbr(英文名称缩写)是GCLSI;SecuAbbr(证券简称)是协鑫集成;ChiSpelling(拼音证券简称)是XXJC;]

>>>>> 【user】 Said:
请选择db，务必遵循输出的格式要求。

>>>>> Agent【Check_db_structure.db_selector】 Said:
【分析】
用户询问的是协鑫集成在2019年成功提供的担保项目中，担保最多的金额。这涉及到上市公司的担保明细信息，具体需要查找2019年协鑫集成的担保项目及其金额。

【选中的数据库】
- astockeventsdb: 这个数据库记录了上市公司公告中披露的各种重大事项，包括公司担保明细。可以通过该数据库中的公司担保明细表查找到协鑫集成在2019年的担保项目及其金额。

【选中的数据库的清单】
```json
["astockeventsdb"]
```


>>>>> 【user】 Said:
数据库表信息如下:
[{"表名": "astockeventsdb.lc_warrant", "说明": "该数据表涵盖了与公司事件披露相关的多维度信息，包括基础信息如公司代码、事件编码等；时间信息如首次信息发布日期、信息发布日期、协议签署日期、借贷及担保的起止日期等；信息来源和披露方式等描述性字段；事件相关信息如事件内容、行为描述、最新进展状态、事件主体及其名称、企业编号、关联关系等；交易对象和担保相关信息，包括交易对象名称、担保金额（首次及最新）、担保资产、提供担保企业及其关联关系、接受担保企业及其关联关系、反担保企业及资产等；借贷信息如借款银行、借款期限、续借期限、借贷起止日期、担保期限及续保期限等；以及其他补充信息如担保是否违规、借贷是否逾期、担保解除日期及方式、附注等，全面记录了公司事件的关键要素和关联信息。"}, {"表名": "astockeventsdb.lc_credit", "说明": "该数据表主要记录公司与上市公司之间的贷款及担保相关信息。字段信息包括公司标识及关联关系，如公司代码、事件主体名称及编号、交易对象名称及编号、借入方及借出方、担保方及其关联关系等。时间信息涵盖首次信息发布日期、信息发布日期、协议签署日期、借贷起始日及截止日、担保起始日及截止日、最近还款日期等。贷款与担保的详细信息涉及到货币单位、首次及最新借贷金额、最近及累计还款金额、借贷条件、年利率及其说明、借贷及担保期限、续借及续保期限、抵押置押资产等。事件相关信息包括信息来源、公告类型、披露方式、事件内容及主体、行为描述及方式、最新进展状态、是否终止等。此外，还包括附注信息用于补充说明。"}, {"表名": "astockeventsdb.lc_suitarbitration", "说明": "该数据表主要用于记录与公司相关的事件、诉讼仲裁及其进展信息。表中包含了基础标识信息如ID和公司代码(CompanyCode)；时间信息如首次信息发布日期(InitialInfoPublDate)和信息发布日期(InfoPublDate)；信息来源和披露方式(InfoSource, DisclosureMethod)；事件相关信息如事件内容(EventContent)、行为描述(ActionDesc)、事件主体名称及编号(SubjectName, SubjectCode)、事件进程(EventProcedure)、行为方式(ActionWays)、事件主体在诉讼中的角色(EventSubjectRole)等；涉及的交易或诉讼对象信息如交易对象名称及编号(ObjectName, ObjectCode)、诉讼仲裁原告和被告(Plaintiff, Defendant)及其关联关系；诉讼仲裁详细信息如案由描述(SubjectMatterStat)、案由(SubjectMatter)、诉讼仲裁金额(FirstSuitSum, LatestSuitSum)、审理机构(InquisitionInstitute)、仲裁状态及各审级状态(CaseStatus, FirstInstanceStatus, SecondInstanceStatus, SPPStatus)；财产执行信息如被执行财产(PropertyEnforced)、归属(PropertyBelonged)、执行状态(AdjudgementStatus)；以及协议签署日期(AgreementDate)、备注(Note)、是否终止(IfEnded)等辅助字段。字段内容涵盖了事件描述、诉讼仲裁进展、主体与关联方信息等多方面内容，便于综合分析和管理。"}, {"表名": "astockeventsdb.lc_entrustinv", "说明": "该数据表主要记录公司相关事件的详细信息，包括公司标识字段如公司代码、事件主体名称及其企业编号、交易对象名称及其企业编号等；事件基本信息字段如首次信息发布日期、信息发布日期、信息来源、公告类型、披露方式、事件内容、行为描述、行为方式及事件进程等；状态与进展字段如最新进展状态描述、是否终止、协议签署日期等；财务相关字段如涉及金额、货币单位、委托期限、委托起始日与截止日、约定收益说明及实际收益等；以及其他补充信息字段如与上市公司的关联关系、备注等，全面涵盖了事件的时间、主体、财务及进展等核心要素。"}, {"表名": "astockeventsdb.lc_regroup", "说明": "该数据表主要用于记录公司事件相关的信息。包括公司基础信息如公司代码、事件主体名称及其编号、事件主体与上市公司的关联关系等；事件相关的时间信息如首次信息发布日期、信息发布日期、协议签署日期等；事件的详细描述如事件内容、行为描述、最新进展状态、事件进程、行为方式等；信息来源和披露方式等公告信息；涉及的财务数据如资产帐面价值、资产评估价值、资产出售金额、资产转让收益、债务重组金额等；事件的类别和编码信息如公告类型、事项类型、事项编码、序号等；此外，还包括事件是否终止、交易对象企业编号及其与上市公司的关联关系等补充信息。"}, {"表名": "astockeventsdb.lc_majorcontract", "说明": "该数据表记录了与公司相关的事件及合同信息，包含公司基本信息如公司代码、事件主体名称及编号、交易对象名称及编号，以及主体与上市公司间的关联关系等；事件相关信息如首次信息发布日期、最新信息发布日期、信息来源、公告类型、事件内容、行为描述、行为方式、最新进展状态描述、事件主体、事件进程等；合同相关信息如协议签署日期、合同标的、合同获得方式、中标日期、涉及金额、合同起始日、合同截止日、合同期限及合同对公司的影响等；此外，还包括货币单位及备注等辅助信息。"}, {"表名": "astockeventsdb.lc_investorra", "说明": "该数据表记录了与证券相关的接待活动信息，包含信息发布日期、标题及链接等基本信息；证券内部编码、编号和序号等标识信息；接待日期、时间及截止日等时间信息；活动类别、地点、参与单位及人员、上市公司接待人员等活动相关信息；主要内容、附件及其格式等内容信息。"}, {"表名": "astockeventsdb.lc_investordetail", "说明": "该数据表主要用于记录投资者关系活动的详细信息，包括活动的唯一标识（投资者关系活动ID）、参与的调研机构及其编码（调研机构、调研机构编码）、参与的调研人员及其编码（调研人员、调研人员编码）、调研人员的职位名称，以及活动的排序序号等基本信息。"}]

请选择table，务必遵循输出的格式要求。

>>>>> Agent【Check_db_structure.table_selector】 Said:
【分析】
要找出协鑫集成在2019年成功提供的担保项目中，担保最多的金额，我们需要关注与担保相关的数据表，并且需要包含时间信息和担保金额字段。根据已知信息，协鑫集成的公司代码是76745，我们需要在2019年的时间范围内查找担保金额最大的记录。

【选中的数据表】
- astockeventsdb.lc_warrant: 该数据表涵盖了与公司事件披露相关的多维度信息，包括担保金额、时间信息等，适合查找2019年协鑫集成的担保项目及其金额。

【选中的数据库表的清单】
```json
["astockeventsdb.lc_warrant"]
```


>>>>> 【user】 Said:
已取得可用的数据表的字段信息如下:
[{"表名": "astockeventsdb.lc_warrant", "表字段": [{"column": "CompanyCode", "desc": "公司代码；公司代码（CompanyCode）：与“证券主表（SecuMain）”中的“公司代码（CompanyCode）”关联，得到上市公司的交易代码、简称等。"}, {"column": "InitialInfoPublDate", "desc": "首次信息发布日期"}, {"column": "InfoPublDate", "desc": "信息发布日期"}, {"column": "InfoSource", "desc": "信息来源"}, {"column": "AnnouncementType", "desc": "公告类型；公告类型(AnnouncementType)与(CT_SystemConst)表中的DM字段关联，令LB = 1109，得到公告类型的具体描述：1-董事会公告，2-股东大会公告，3-监事会公告，4-公司公告，5-法律意见书，6-财务报告，7-中国证监会公告，8-交易所公告，9-中介机构公告，10-基金投资组合公告，11-回访报告，12-独立董事声明，13-债券公告，14-三板市场公司公告，15-基金公告，18-收购报告书，30-新股发行公告，31-增发发行公告，32-债券发行公告，33-基金发行公告，34-配股发行公告，40-增发股本变动公告，41-配股股本变动公告，43-债券上市公告，50-分红公告，60-期货公告，61-股权分置改革说明书，99-其它。"}, {"column": "DisclosureMethod", "desc": "披露方式；披露方式(DisclosureMethod)与(CT_SystemConst)表中的DM字段关联，令LB = 1221，得到披露方式的具体描述：1-正常披露，2-事后披露。"}, {"column": "EventContent", "desc": "事件内容"}, {"column": "ActionDesc", "desc": "行为描述；行为描述(ActionDesc)：本字段因字符长度限制，有被截断的情况。担保事件的完整文字描述请查看text字段“事件内容(EventContent)”。"}, {"column": "NewestAdvance", "desc": "最新进展状态描述"}, {"column": "EventSubject", "desc": "事件主体；事件主体与CT_SystemConst表中的DM字段关联，令LB = 1246，得到事件主体的具体描述：1-上市公司，2-下属公司，3-公司股东，4-债券发行人"}, {"column": "EventProcedure", "desc": "事件进程；事件进程与CT_SystemConst表中的DM字段关联，令LB = 1059 AND DM IN (1001,1004,1007,1016,1019,1025,1028,1041,1053,3099)，得到事件进程的具体描述：1001-预案，1004-决案，1007-否决，1016-未实施终止，1019-实施中，1025-解除，1028-到期，1041-续签，1053-可能涉诉"}, {"column": "ActionWays", "desc": "行为方式；行为方式与CT_SystemConst表中的DM字段关联，令LB = 1063 AND DM IN (1201,1203,1204,1205,1207,1209,1299)，得到行为方式的具体描述：1201-提供担保，1203-接受担保，1204-提供反担保，1205-提供担保协议，1207-接受担保协议，1209-互保协议，1299-其他"}, {"column": "CurrencyUnit", "desc": "货币单位；货币单位与CT_SystemConst表中的DM字段关联，令LB = 1068，得到货币单位的具体描述：1000-美元，1001-美分，1002-美元(次日)，1003-美元(同日)，1100-港元，1110-印度卢比，1120-印度尼西亚卢比，1130-伊朗里亚尔，1140-波兰兹罗提，1150-匈牙利福林，1160-日本元，1161-欧洲日元(离岸)，1170-约旦第纳尔，1180-科威特第纳尔，1190-阿联酋迪拉姆，1200-亚美尼亚德拉姆，1210-澳门元，1220-马来西亚林吉特，1230-安第列斯群岛盾，1240-安哥拉宽扎，1250-尼泊尔卢比，1260-哈萨克斯坦坚戈，1270-巴基斯坦卢比，1280-阿鲁巴岛弗罗林，1290-菲律宾比索，1300-阿塞拜疆马纳特，1310-波斯尼亚马克，1320-新加坡元，1330-韩国元，1340-孟加拉塔卡，1350-百慕大元，1360-泰国铢，1370-沙特里亚尔，1380-文莱林吉特，1390-不丹努尔特鲁姆，1400-博茨瓦纳普拉，1410-白俄罗斯卢布，1420-人民币元，1430-台湾元，1440-伯利兹元，1450-南苏丹镑，1460-世界投资报告法郎，1470-佛得角埃斯库多，1480-厄立特里亚纳克法，1490-埃塞俄比亚比尔，1500-福克兰群岛镑，1510-格鲁吉亚拉里，1520-直布罗陀镑，1530-克罗地亚库纳，1540-以色列新谢克尔，1550-吉尔吉斯斯坦索姆，1560-开曼群岛元，1570-莱索托马洛蒂，1580-摩尔多瓦列伊，1590-马其顿第纳尔，1600-蒙古图格里克，1610-马拉维克瓦查，1620-梅蒂卡尔，1630-纳米比亚元，1640-巴布亚新几内亚基那，1650-塞尔维亚第纳尔，1660-圣赫勒拿群岛磅，1670-圣多美和普林西比多布拉，1680-太平洋法郎，1690-非共体法郎，1700-斯威士兰里兰吉尼，1710-塔吉克斯坦索莫尼，1720-土库曼斯坦马纳特，1730-汤加潘加，1740-乌克兰格里夫纳，1750-乌兹别克斯坦苏姆，1760-瓦努阿图瓦图，1770-萨摩亚塔拉，1780-中非金融合作法郎，1790-东加勒比元，1810-人民币(离岸)，2470-坦桑尼亚先令，3000-欧元，3010-比利时法郎，3020-丹麦克朗，3030-英镑，3031-便士，3040-德国马克，3050-法国法郎，3070-意大利里拉，3090-荷兰盾，3100-葡萄牙埃斯库多，3110-立陶宛立特，3120-西班牙比塞塔，3130-拉脱维亚立特，3140-斯洛文尼亚托拉尔，3150-奥地利先令，3160-斯洛伐克克朗，3170-爱沙尼亚克朗，3180-芬兰马克，3190-安道尔比塞塔(废弃)，3260-挪威克朗，3300-瑞典克朗，3310-瑞士法郎，3311-记帐瑞士法郎，3313-清算瑞士法郎，3430-苏联卢布(废弃)，3440-俄国卢布，3450-俄罗斯卢布，4000-巴西雷亚尔(废弃)，4100-巴西里亚尔，4290-墨西哥比索，5010-加拿大元，6010-澳大利亚元，6090-新西兰元，7101-刚果法郎，7103-尼日利亚奈拉，7105-越南盾，7107-肯尼亚先令，7109-卢森堡法郎，7111-摩洛哥迪拉姆，7113-南非兰特，7115-斯里兰卡卢比，7117-苏丹第纳尔，7119-也门里亚尔(废弃)，7120-苏丹镑，7121-爱尔兰镑，7123-土耳其里拉(废弃)，7125-捷克克朗(废弃)，..."}, {"column": "SubjectName", "desc": "事件主体名称"}, {"column": "SubjectCode", "desc": "事件主体企业编号；事件主体企业编号(SubjectCode)：与“机构基本资料（LC_InstiArchive）”中的“企业编号（CompanyCode）”关联，得到相关企业的基本信息。"}, {"column": "SubjectAssociation", "desc": "与上市公司关联关系；与上市公司关联关系(SubjectAssociation)与(CT_SystemConst)表中的DM字段关联，令LB = 1036，得到与上市公司关联关系的具体描述：1-本公司，2-母公司，3-控股股东，4-非控股股东，5-兄弟企业，8-间接非控股股东，9-同一领导人、亲属关系，10-下属子公司、参股公司，11-项目合作合资方，12-其他关联关系，51-间接兄弟企业，80-间接控股股东，83-潜在控股股东，84-潜在非控股股东，86-转让前控股股东，87-转让前非控股股东，121-股权受托管理人，122-受同一方控制，999-无关联关系。"}, {"column": "ObjectName", "desc": "交易对象名称"}, {"column": "ObjectCode", "desc": "信息对象；交易对象企业编号(ObjectCode)：与“机构基本资料（LC_InstiArchive）”中的“企业编号（CompanyCode）”关联，得到相关企业的基本信息。"}, {"column": "ObjectAssociation", "desc": "与上市公司关联关系；与上市公司关联关系(ObjectAssociation)与(CT_SystemConst)表中的DM字段关联，令LB = 1036，得到与上市公司关联关系的具体描述：1-本公司，2-母公司，3-控股股东，4-非控股股东，5-兄弟企业，8-间接非控股股东，9-同一领导人、亲属关系，10-下属子公司、参股公司，11-项目合作合资方，12-其他关联关系，51-间接兄弟企业，80-间接控股股东，83-潜在控股股东，84-潜在非控股股东，86-转让前控股股东，87-转让前非控股股东，121-股权受托管理人，122-受同一方控制，999-无关联关系。"}, {"column": "AgreementDate", "desc": "协议签署日期"}, {"column": "IfEnded", "desc": "是否终止；是否终止（IfEnded），该字段固定以下常量：0-否；1-是"}, {"column": "Note", "desc": "附注(如适用)；担保原因(GuaranteeReason)与(CT_SystemConst)表中的DM字段关联，令LB = 1056，得到担保原因的具体描述：1001-借贷，1003-银行授信，1005-借贷计划额度，1007-承兑汇票，1009-票据贴现，1011-进出口押汇，1013-续借，1015-续授信，1017-借贷延期，1019-借贷展期，1099-其他。"}, {"column": "GuaranteeReason", "desc": "担保原因"}, {"column": "FirstGuaranteeSum", "desc": "首次担保金额(元)"}, {"column": "LatestGuaranteeSum", "desc": "最新担保金额(元)"}, {"column": "GuarantorCompany", "desc": "提供担保企业"}, {"column": "GuarantorAssociation", "desc": "与上市公司关联关系；与上市公司关联关系(GuarantorAssociation)与(CT_SystemConst)表中的DM字段关联，令LB = 1036，得到与上市公司关联关系的具体描述：1-本公司，2-母公司，3-控股股东，4-非控股股东，5-兄弟企业，8-间接非控股股东，9-同一领导人、亲属关系，10-下属子公司、参股公司，11-项目合作合资方，12-其他关联关系，51-间接兄弟企业，80-间接控股股东，83-潜在控股股东，84-潜在非控股股东，86-转让前控股股东，87-转让前非控股股东，121-股权受托管理人，122-受同一方控制，999-无关联关系。"}, {"column": "GuaranteeAsset", "desc": "担保资产"}, {"column": "SecuredParty", "desc": "接受担保企业"}, {"column": "SecuredPartyAssociation", "desc": "与上市公司关联关系；与上市公司关联关系(SecuredPartyAssociation)与(CT_SystemConst)表中的DM字段关联，令LB = 1036，得到与上市公司关联关系的具体描述：1-本公司，2-母公司，3-控股股东，4-非控股股东，5-兄弟企业，8-间接非控股股东，9-同一领导人、亲属关系，10-下属子公司、参股公司，11-项目合作合资方，12-其他关联关系，51-间接兄弟企业，80-间接控股股东，83-潜在控股股东，84-潜在非控股股东，86-转让前控股股东，87-转让前非控股股东，121-股权受托管理人，122-受同一方控制，999-无关联关系。"}, {"column": "CounterGuarantor", "desc": "提供反担保企业"}, {"column": "CGuarantorAssociation", "desc": "与上市公司关联关系；与上市公司关联关系(CGuarantorAssociation)与(CT_SystemConst)表中的DM字段关联，令LB = 1036，得到与上市公司关联关系的具体描述：1-本公司，2-母公司，3-控股股东，4-非控股股东，5-兄弟企业，8-间接非控股股东，9-同一领导人、亲属关系，10-下属子公司、参股公司，11-项目合作合资方，12-其他关联关系，51-间接兄弟企业，80-间接控股股东，83-潜在控股股东，84-潜在非控股股东，86-转让前控股股东，87-转让前非控股股东，121-股权受托管理人，122-受同一方控制，999-无关联关系。"}, {"column": "CGuaranteeAsset", "desc": "反担保资产"}, {"column": "LendBank", "desc": "借款银行(资金出借方)"}, {"column": "LendTerm", "desc": "借款期限(月)"}, {"column": "RenewalTerm", "desc": "其中：续借期限(元)"}, {"column": "LendBeginDate", "desc": "借贷起始日"}, {"column": "LendEndDate", "desc": "借贷截止日"}, {"column": "GuaranteeTerm", "desc": "担保期限(月)"}, {"column": "RenewalGuaranteeTerm", "desc": "其中：续保期限(月)"}, {"column": "GuaranteeBeginDate", "desc": "担保起始日"}, {"column": "GuaranteeEndDate", "desc": "担保截止日"}, {"column": "DischargeGuaranteeDate", "desc": "担保解除日期"}, {"column": "DischargeGuaranteeWays", "desc": "担保解除方式；担保解除方式(DischargeGuaranteeWays)与(CT_SystemConst)表中的DM字段关联，令LB = 1055，得到担保解除方式的具体描述：1001-正常解除，1003-担保转移解除，1005-代部分还款解除，1007-代全额还款解除。"}, {"column": "IfIllegality", "desc": "担保是否违规；担保是否违规(IfIllegality)与(CT_SystemConst)表中的DM字段关联，令LB = 999 AND DM IN (1,2)，得到担保是否违规的具体描述：1-是，2-否。"}, {"column": "IfOverdue", "desc": "借贷是否逾期；借贷是否逾期(IfOverdue)与(CT_SystemConst)表中的DM字段关联，令LB = 999 AND DM IN (1,2)，得到借贷是否逾期的具体描述：1-是，2-否。"}, {"column": "EventCode", "desc": "事项编码"}]}]

请选择column，务必遵循输出的格式要求。

>>>>> Agent【Check_db_structure.columns_selector】 Said:
【分析】
用户询问的是协鑫集成在2019年成功提供的担保项目中，担保最多的金额是多少。这涉及到担保事件的金额信息以及时间筛选。

【当前的表之间相互关联的字段】
表astockeventsdb.lc_warrant与表constantdb.secumain之间:
- astockeventsdb.lc_warrant.CompanyCode 与 constantdb.secumain.CompanyCode

【信息所在字段】
- astockeventsdb.lc_warrant.LatestGuaranteeSum: 这个字段可能包含担保金额信息，对应用户提问中的“担保最多的金额”。

【筛选条件所在字段】
- astockeventsdb.lc_warrant.CompanyCode: 这个字段可能包含公司代码信息，对应用户提问中的“协鑫集成”。
- astockeventsdb.lc_warrant.InfoPublDate: 这个字段可能包含信息发布日期，用于筛选2019年的数据。

【选中的字段的清单】
```json
{
  "astockeventsdb.lc_warrant": ["CompanyCode", "InfoPublDate", "LatestGuaranteeSum"],
  "constantdb.secumain": ["CompanyCode"]
}
```


>>>>> 【user】 Said:
之前已查询到信息如下:
查询结果表明: 在2019年，公司代码为76745的上市公司没有提供任何担保行为（ActionWays为1201）给其他公司，因此涉及担保的公司数量（NumberOfGuaranteedCompanies）为0。

请问:协鑫集成在2019年成功提供的担保项目中，担保最多的金额是多少？

>>>>> Agent【Sql_query.master】 Said:
【已知信息】
- 协鑫集成的公司代码为76745
- 2019年协鑫集成没有提供任何担保行为（ActionWays为1201）给其他公司
- 涉及担保的公司数量为0

【当前阶段要获取的信息】
- 协鑫集成在2019年成功提供的担保项目中，担保最多的金额

【信息所在字段】
- 担保金额字段可能在`astockeventsdb.lc_warrant`表中的`LatestGuaranteeSum`

【筛选条件所在字段】
- 公司代码：`CompanyCode`
- 信息发布日期：`InfoPublDate`
- 担保行为：`ActionWays`

【SQL语句的思路】
1. 从`astockeventsdb.lc_warrant`表中筛选出协鑫集成（CompanyCode=76745）在2019年（DATE(InfoPublDate) BETWEEN '2019-01-01' AND '2019-12-31'）的担保记录。
2. 确保筛选出的是成功的担保行为（ActionWays=1201）。
3. 从筛选出的记录中找出最大的担保金额（LatestGuaranteeSum）。

【执行SQL语句】
```exec_sql
SELECT MAX(LatestGuaranteeSum) AS MaxGuaranteeAmount
FROM astockeventsdb.lc_warrant
WHERE CompanyCode = 76745
AND DATE(InfoPublDate) BETWEEN '2019-01-01' AND '2019-12-31'
AND ActionWays = 1201;
```

【上述SQL语句的含义】
- 从`astockeventsdb.lc_warrant`表中筛选出公司代码为76745的记录。
- 确保这些记录的信息发布日期在2019年内。
- 确保这些记录是成功的担保行为（ActionWays=1201）。
- 从这些记录中找出最大的担保金额（LatestGuaranteeSum），并将其命名为`MaxGuaranteeAmount`。

>>>>> 查询sql:
SELECT MAX(LatestGuaranteeSum) AS MaxGuaranteeAmount
FROM astockeventsdb.lc_warrant
WHERE CompanyCode = 76745
AND DATE(InfoPublDate) BETWEEN '2019-01-01' AND '2019-12-31'
AND ActionWays = 1201;
查询结果:
[{"MaxGuaranteeAmount": null}]


>>>>> 【user】 Said:
查询SQL:
SELECT MAX(LatestGuaranteeSum) AS MaxGuaranteeAmount
FROM astockeventsdb.lc_warrant
WHERE CompanyCode = 76745
AND DATE(InfoPublDate) BETWEEN '2019-01-01' AND '2019-12-31'
AND ActionWays = 1201;
查询结果:
[{"MaxGuaranteeAmount": null}]

补充字段说明如下:
[{"ActionWays": "行为方式；行为方式与CT_SystemConst表中的DM字段关联，令LB = 1063 AND DM IN (1201,1203,1204,1205,1207,1209,1299)，得到行为方式的具体描述：1201-提供担保，1203-接受担保，1204-提供反担保，1205-提供担保协议，1207-接受担保协议，1209-互保协议，1299-其他"}]
请理解查询结果

>>>>> Agent【Sql_query.understand_query_result】 Said:
查询结果表明: 在2019年1月1日至2019年12月31日期间，公司代码为76745的记录中，行为方式为“提供担保”（ActionWays = 1201）的记录中，没有找到任何最新的担保金额（LatestGuaranteeSum），因此最大担保金额（MaxGuaranteeAmount）为空值（null）。


>>>>> 【user】 Said:
查询SQL:
SELECT MAX(LatestGuaranteeSum) AS MaxGuaranteeAmount
FROM astockeventsdb.lc_warrant
WHERE CompanyCode = 76745
AND DATE(InfoPublDate) BETWEEN '2019-01-01' AND '2019-12-31'
AND ActionWays = 1201;
查询结果:
[{"MaxGuaranteeAmount": null}]

补充字段说明如下:
[{"ActionWays": "行为方式；行为方式与CT_SystemConst表中的DM字段关联，令LB = 1063 AND DM IN (1201,1203,1204,1205,1207,1209,1299)，得到行为方式的具体描述：1201-提供担保，1203-接受担保，1204-提供反担保，1205-提供担保协议，1207-接受担保协议，1209-互保协议，1299-其他"}]
查询结果表明: 在2019年1月1日至2019年12月31日期间，公司代码为76745的记录中，行为方式为“提供担保”（ActionWays = 1201）的记录中，没有找到任何最新的担保金额（LatestGuaranteeSum），因此最大担保金额（MaxGuaranteeAmount）为空值（null）。

请检查筛选条件是否存在问题，比如时间日期字段没有用DATE()或YEAR()格式化？当然，如果没问题，那么就根据结果考虑下一步；那么当前掌握的信息是否能够回答"协鑫集成在2019年成功提供的担保项目中，担保最多的金额是多少？"？还是要继续执行下一阶段SQL查询？

>>>>> Agent【Sql_query.master】 Said:
【已知信息】
- 协鑫集成的公司代码为76745
- 2019年协鑫集成没有提供任何担保行为（ActionWays为1201）给其他公司
- 涉及担保的公司数量为0
- 查询结果显示在2019年，协鑫集成没有成功提供任何担保项目的金额记录（LatestGuaranteeSum为null）

【当前阶段要获取的信息】
- 协鑫集成在2019年成功提供的担保项目中，担保最多的金额

【信息所在字段】
- 担保金额字段在`astockeventsdb.lc_warrant`表中的`LatestGuaranteeSum`

【筛选条件所在字段】
- 公司代码：`CompanyCode`
- 信息发布日期：`InfoPublDate`
- 担保行为：`ActionWays`

【SQL语句的思路】
- 已执行的SQL语句已经正确地使用了`DATE()`函数对时间日期字段进行了格式化。
- 筛选条件已经涵盖了公司代码、时间范围和担保行为类型。

【执行SQL语句】
- 当前阶段无需继续执行SQL，因为查询结果已经明确显示没有相关记录。

【上述SQL语句的含义】
- 查询结果表明在2019年，协鑫集成没有成功提供任何担保项目的金额记录。

【结论】
根据当前掌握的信息，可以回答“协鑫集成在2019年成功提供的担保项目中，担保最多的金额是多少？”的问题。由于查询结果显示没有相关记录，因此可以得出结论：

**协鑫集成在2019年没有成功提供任何担保项目，因此担保最多的金额为0。**

无需继续执行下一阶段SQL查询。


>>>>> 【user】 Said:
充分尊重前面给出的结论，回答问题:"协鑫集成在2019年成功提供的担保项目中，担保最多的金额是多少？"

>>>>> Agent【Sql_query.summary】 Said:
协鑫集成在2019年成功提供的担保项目中，担保最多的金额: 0元
