
>>>>> Original Question: 该公司披露的硕士或研究生学历（及以上）的有多少人？


>>>>> 【user】 Said:
提取下面这段文字中的实体（如公司名、股票代码、拼音缩写等），如果识别结果是空，那么就回复No Entities."该公司披露的硕士或研究生学历（及以上）的有多少人？"

>>>>> Agent【extract_company】 Said:
No Entities.


>>>>> 【user】 Said:
下面是顺序的历史问答:
'''
Question: 2019年度（合并）青岛港的职工总数有多少人？
Answer: 2019年度青岛港（合并报表范围内）的职工总数: 7596人
'''
现在用户继续提问，请根据已知信息，理解当前这个问题的完整含义，并重写这个问题使得单独拿出来看仍然能够正确理解：该公司披露的硕士或研究生学历（及以上）的有多少人？

>>>>> Agent【rewrite_question】 Said:
2019年度青岛港（合并报表范围内）披露的硕士或研究生学历（及以上）的职工有多少人？

>>>>> 已知事实:
青岛港的关联信息有:[所在数据表是constantdb.secumain;InnerCode(证券内部编码)是147232;CompanyCode(公司代码)是228013;ChiName(中文名称)是青岛港国际股份有限公司;EngName(英文名称)是Qingdao Port International Co., Ltd.;SecuCode(证券代码)是601298;ChiNameAbbr(中文名称缩写)是青岛港;EngNameAbbr(英文名称缩写)是QDPI;SecuAbbr(证券简称)是青岛港;ChiSpelling(拼音证券简称)是QDG;]

>>>>> 【user】 Said:
请选择db，务必遵循输出的格式要求。

>>>>> Agent【Check_db_structure.db_selector】 Said:
【分析】
用户需要查询2019年度青岛港（合并报表范围内）披露的硕士或研究生学历（及以上）的职工人数。这涉及到公司员工构成的具体数据，特别是学历分布情况。根据知识库中的描述，`astockoperationsdb`数据库中的`公司职工构成`表（`lc_staff`）记录了公司员工的分类与统计信息，包括学历分布。

【选中的数据库】
- `astockoperationsdb`: 这个数据库包含公司职工构成的具体信息，包括学历分布数据。

【选中的数据库的清单】
```json
["astockoperationsdb"]
```


>>>>> 【user】 Said:
数据库表信息如下:
[{"表名": "astockoperationsdb.lc_suppcustdetail", "说明": "该数据表记录了企业关联交易的详细信息，包含信息发布的时间和来源（如信息发布日期、信息来源及其编码），企业及关联方的基本信息（如公司代码、关联企业名称、供应商/客户代码与属性等），交易相关信息（如交易标的名称与代码、交易金额及占比等），以及其他辅助信息（如截止日期、关系所属类型、序号及备注等）。"}, {"表名": "astockoperationsdb.lc_staff", "说明": "该数据表包含与公司和员工分类相关的信息，字段包括公司代码、信息来源、合并标志等基本信息，日期和信息发布日期等时间信息，分类方式、类别名称及分类代码等分类相关内容，最低年龄、最高年龄及员工数量等员工统计数据，以及占总数比例等比例信息，最后还有备注说明字段用于补充说明。"}, {"表名": "astockoperationsdb.lc_rewardstat", "说明": "该数据表主要记录公司管理层及董事津贴与报酬相关信息，包括公司标识信息如公司代码、信息发布日期和来源；日期信息如截止日期；报酬信息如管理层报酬总额、领取报酬的管理层人数、前三名董事及高管的报酬、独立董事津贴（按人及总额）；以及其他补充说明字段如备注说明等。"}]

请选择table，务必遵循输出的格式要求。

>>>>> Agent【Check_db_structure.table_selector】 Said:
【分析】
要查询2019年度青岛港（合并报表范围内）披露的硕士或研究生学历（及以上）的职工人数，我们需要找到包含员工学历信息的表。根据已知表的信息，`astockoperationsdb.lc_staff` 表包含了与公司和员工分类相关的信息，可能包含学历分类的员工统计数据。

【选中的数据表】
- astockoperationsdb.lc_staff: 这个数据表包含公司代码、信息发布日期、合并标志、分类方式、类别名称、员工数量等字段，可以用来查找特定学历的员工数量。

【选中的数据库表的清单】
```json
["astockoperationsdb.lc_staff"]
```


>>>>> 【user】 Said:
已取得可用的数据表的字段信息如下:
[{"表名": "astockoperationsdb.lc_staff", "表字段": [{"column": "CompanyCode", "desc": "公司代码"}, {"column": "EndDate", "desc": "日期"}, {"column": "InfoSource", "desc": "信息来源"}, {"column": "MergeMark", "desc": "合并标志；，令LB = 1189 AND DM IN (1,2)，得到合并标志的具体描述：1-合并，2-母公司。"}, {"column": "ClassfiedMethod", "desc": "分类方式；，令LB = 1050 AND DM IN (1000,3000,5000,7000,9000,9300,9800,9900)，得到分类方式的具体描述：1000-技术职称，3000-专业构成，5000-教育程度，7000-年龄结构，9000-职工总数，9300-离退人数，9800-其他分类，9900-未分类人员。"}, {"column": "TypeName", "desc": "类别名称"}, {"column": "YoungestAge", "desc": "最低年龄"}, {"column": "OldestAge", "desc": "最高年龄"}, {"column": "EmployeeSum", "desc": "员工数量"}, {"column": "RatioInSum", "desc": "占总数比例"}, {"column": "Statement", "desc": "备注说明"}, {"column": "TypeCode", "desc": "分类代码；(系统常量表)，LB=1050。 当分类方式=1000-技术职称，则项目代码的具体描述：1012-高级职称及以上,1014-副高级职称及以上,1016-中级职称及以上,1018-初级职称及以上,1099-其他职称分类。当分类方式=3000-专业构成，则项目代码的具体描述：3010-行政管理人员，3013-管理人员，3015-行政人员，3030-业务人员，3031-生产人员，3032-采购人员，3033-市场人员，3034-销售人员，3035-技术人员，3036-仓储物流，3037-研发人员，3050-财务人员，3060-客服人员，3070-风控稽核，3090-综合分类人员，3099-其他岗位人员；其中（3032、3034、3036、3060与3070均为2018年新增分类，不建议与历史对比）。当分类方式=5000-教育程度，则项目代码的具体描述：5005-博士后，5010-博士，5015-硕士，5020-本科，5025-大专，5030-高中中专，5050-初中，5060-小学，5099-其他学历。当分类方式=7000-年龄结构时，则项目代码的具体描述：7099-平均年龄。"}, {"column": "InfoPublDate", "desc": "信息发布日期"}]}]

请选择column，务必遵循输出的格式要求。

>>>>> Agent【Check_db_structure.columns_selector】 Said:
【分析】
用户询问的是2019年度青岛港（合并报表范围内）披露的硕士或研究生学历（及以上）的职工数量。我们需要找到相关的字段来筛选出青岛港在2019年度的合并报表数据，并进一步筛选出硕士或研究生学历的职工数量。

【信息所在字段】
- astockoperationsdb.lc_staff.EmployeeSum: 这个字段可能包含员工数量信息，对应用户提问中的职工数量

【筛选条件所在字段】
- astockoperationsdb.lc_staff.CompanyCode: 这个字段可能包含公司代码信息，对应用户提问中的青岛港
- astockoperationsdb.lc_staff.EndDate: 这个字段可能包含日期信息，对应用户提问中的2019年度
- astockoperationsdb.lc_staff.MergeMark: 这个字段可能包含合并标志信息，对应用户提问中的合并报表范围内
- astockoperationsdb.lc_staff.ClassfiedMethod: 这个字段可能包含分类方式信息，对应用户提问中的教育程度
- astockoperationsdb.lc_staff.TypeCode: 这个字段可能包含分类代码信息，对应用户提问中的硕士或研究生学历

【选中的字段的清单】
```json
{"astockoperationsdb.lc_staff": ["EmployeeSum", "CompanyCode", "EndDate", "MergeMark", "ClassfiedMethod", "TypeCode"]}
```


>>>>> 【user】 Said:
之前已查询到信息如下:
查询结果表明: 在公司代码为228013的记录中，日期在2019年1月1日至2019年12月31日之间，且合并标志为1（合并）或2（母公司）的情况下，查询到的第一条记录显示员工数量(EmployeeSum)为7596。

请问:2019年度青岛港（合并报表范围内）披露的硕士或研究生学历（及以上）的职工有多少人？

>>>>> Agent【Sql_query.master】 Said:
【已知信息】
- 青岛港的公司代码为228013
- 2019年度青岛港（合并报表范围内）的职工总数为7596人
- 需要查询2019年度青岛港（合并报表范围内）硕士或研究生学历（及以上）的职工数量

【当前阶段要获取的信息】
- 2019年度青岛港（合并报表范围内）硕士或研究生学历（及以上）的职工数量

【信息所在字段】
- `EmployeeSum`（员工数量）
- `ClassfiedMethod`（分类方式）
- `TypeCode`（分类代码）

【筛选条件所在字段】
- `CompanyCode`（公司代码）
- `EndDate`（日期）
- `MergeMark`（合并标志）
- `ClassfiedMethod`（分类方式）
- `TypeCode`（分类代码）

【SQL语句的思路】
1. 选择`EmployeeSum`字段以获取员工数量。
2. 从`astockoperationsdb.lc_staff`表中进行查询。
3. 设置筛选条件：
   - `CompanyCode`为228013（青岛港的公司代码）
   - `EndDate`在2019年1月1日至2019年12月31日之间
   - `MergeMark`为1（合并）或2（母公司）
   - `ClassfiedMethod`为5000（教育程度）
   - `TypeCode`为5010（博士）或5015（硕士）

【执行SQL语句】
```exec_sql
SELECT EmployeeSum
FROM astockoperationsdb.lc_staff
WHERE CompanyCode = 228013
  AND DATE(EndDate) BETWEEN '2019-01-01' AND '2019-12-31'
  AND MergeMark IN (1, 2)
  AND ClassfiedMethod = 5000
  AND TypeCode IN (5010, 5015);
```

【上述SQL语句的含义】
- 从`astockoperationsdb.lc_staff`表中选择`EmployeeSum`字段。
- 筛选条件包括：
  - 公司代码为228013（青岛港）
  - 日期在2019年1月1日至2019年12月31日之间
  - 合并标志为1（合并）或2（母公司）
  - 分类方式为5000（教育程度）
  - 分类代码为5010（博士）或5015（硕士）
- 这样可以获取到2019年度青岛港（合并报表范围内）硕士或研究生学历（及以上）的职工数量。

>>>>> 查询sql:
SELECT EmployeeSum
FROM astockoperationsdb.lc_staff
WHERE CompanyCode = 228013
  AND DATE(EndDate) BETWEEN '2019-01-01' AND '2019-12-31'
  AND MergeMark IN (1, 2)
  AND ClassfiedMethod = 5000
  AND TypeCode IN (5010, 5015);
查询结果:
[{"EmployeeSum": 284}]


>>>>> 【user】 Said:
查询SQL:
SELECT EmployeeSum
FROM astockoperationsdb.lc_staff
WHERE CompanyCode = 228013
  AND DATE(EndDate) BETWEEN '2019-01-01' AND '2019-12-31'
  AND MergeMark IN (1, 2)
  AND ClassfiedMethod = 5000
  AND TypeCode IN (5010, 5015);
查询结果:
[{"EmployeeSum": 284}]

请理解查询结果

>>>>> Agent【Sql_query.understand_query_result】 Said:
查询结果表明: 在公司代码为228013的记录中，日期范围在2019年1月1日至2019年12月31日之间，合并标志为合并或母公司（MergeMark为1或2），分类方式为教育程度（ClassfiedMethod为5000），且教育程度类型代码为博士（5010）或硕士（5015）的员工数量总和为284人。


>>>>> 【user】 Said:
查询SQL:
SELECT EmployeeSum
FROM astockoperationsdb.lc_staff
WHERE CompanyCode = 228013
  AND DATE(EndDate) BETWEEN '2019-01-01' AND '2019-12-31'
  AND MergeMark IN (1, 2)
  AND ClassfiedMethod = 5000
  AND TypeCode IN (5010, 5015);
查询结果:
[{"EmployeeSum": 284}]

查询结果表明: 在公司代码为228013的记录中，日期范围在2019年1月1日至2019年12月31日之间，合并标志为合并或母公司（MergeMark为1或2），分类方式为教育程度（ClassfiedMethod为5000），且教育程度类型代码为博士（5010）或硕士（5015）的员工数量总和为284人。

请检查筛选条件是否存在问题，比如时间日期字段没有用DATE()或YEAR()格式化？当然，如果没问题，那么就根据结果考虑下一步；那么当前掌握的信息是否能够回答"2019年度青岛港（合并报表范围内）披露的硕士或研究生学历（及以上）的职工有多少人？"？还是要继续执行下一阶段SQL查询？

>>>>> Agent【Sql_query.master】 Said:
【已知信息】
- 青岛港的公司代码为228013
- 2019年度青岛港（合并报表范围内）的职工总数为7596人
- 查询结果显示，2019年度青岛港（合并报表范围内）硕士或研究生学历（及以上）的职工数量为284人

【当前阶段要获取的信息】
- 无需继续执行SQL，当前掌握的信息已能回答问题

【信息所在字段】
- 无

【筛选条件所在字段】
- 无

【SQL语句的思路】
- 无需继续执行SQL

【执行SQL语句】
```exec_sql
无
```

【上述SQL语句的含义】
- 无需继续执行SQL，当前掌握的信息已能回答问题

### 结论
当前掌握的信息已经能够回答“2019年度青岛港（合并报表范围内）披露的硕士或研究生学历（及以上）的职工有多少人？”这一问题。根据查询结果，2019年度青岛港（合并报表范围内）披露的硕士或研究生学历（及以上）的职工共有284人。无需继续执行下一阶段SQL查询。


>>>>> 【user】 Said:
充分尊重前面给出的结论，回答问题:"2019年度青岛港（合并报表范围内）披露的硕士或研究生学历（及以上）的职工有多少人？"

>>>>> Agent【Sql_query.summary】 Said:
2019年度青岛港（合并报表范围内）披露的硕士或研究生学历（及以上）的职工有284人。
