
>>>>> Original Question: 天士力在2020年最新的担保事件是什么？答案包括事件内容、担保方、被担保方和担保金额信息。


>>>>> 【user】 Said:
提取下面这段文字中的实体（如公司名、股票代码、拼音缩写等），如果识别结果是空，那么就回复No Entities."天士力在2020年最新的担保事件是什么？答案包括事件内容、担保方、被担保方和担保金额信息。"

>>>>> Agent【extract_company】 Said:
```json
["天士力"]
```

>>>>> 查询sql:
SELECT 'constantdb.secumain' AS TableName, InnerCode, CompanyCode, ChiName, EngName, SecuCode
FROM constantdb.secumain 
WHERE SecuCode = '天士力'
   OR ChiName LIKE '%天士力%'
   OR ChiNameAbbr LIKE '%天士力%'
   OR EngName LIKE '%天士力%'
   OR EngNameAbbr LIKE '%天士力%'
   OR SecuAbbr LIKE '%天士力%'
   OR ChiSpelling LIKE '%天士力%'
UNION ALL
SELECT 'constantdb.hk_secumain' AS TableName, InnerCode, CompanyCode, ChiName, EngName, SecuCode
FROM constantdb.hk_secumain 
WHERE SecuCode = '天士力'
   OR ChiName LIKE '%天士力%'
   OR ChiNameAbbr LIKE '%天士力%'
   OR EngName LIKE '%天士力%'
   OR EngNameAbbr LIKE '%天士力%'
   OR SecuAbbr LIKE '%天士力%'
   OR FormerName LIKE '%天士力%'
   OR ChiSpelling LIKE '%天士力%'
UNION ALL
SELECT 'constantdb.us_secumain' AS TableName, InnerCode, CompanyCode, ChiName, EngName, SecuCode
FROM constantdb.us_secumain 
WHERE SecuCode = '天士力'
   OR ChiName LIKE '%天士力%'
   OR EngName LIKE '%天士力%'
   OR SecuAbbr LIKE '%天士力%'
   OR ChiSpelling LIKE '%天士力%';
查询结果:
[{"TableName": "constantdb.secumain", "InnerCode": 1700, "CompanyCode": 1474, "ChiName": "天士力医药集团股份有限公司", "EngName": "Tasly Pharmaceutical Group Co.,Ltd.", "SecuCode": "600535"}]


>>>>> 【user】 Said:
下面是顺序的历史问答:
'''
Question: 天士力在2020年的最大担保金额是多少？
Answer: 天士力公司在2020年度所提供的最大担保金额为1620000000元
Question: 天士力在2020年的最大担保金额涉及的担保方是谁？担保金额是多少？
Answer: 担保方: 天士力医药集团股份有限公司, 具体担保金额: 1620000000元
'''
现在用户继续提问，请根据已知信息，理解当前这个问题的完整含义，并重写这个问题使得单独拿出来看仍然能够正确理解：天士力在2020年最新的担保事件是什么？答案包括事件内容、担保方、被担保方和担保金额信息。

>>>>> Agent【rewrite_question】 Said:
天士力医药集团股份有限公司在2020年度最新的担保事件具体是什么？请提供该事件的内容、担保方、被担保方以及具体的担保金额信息。

>>>>> 已知事实:
天士力的关联信息有:[所在数据表是constantdb.secumain;InnerCode(证券内部编码)是1700;CompanyCode(公司代码)是1474;ChiName(中文名称)是天士力医药集团股份有限公司;EngName(英文名称)是Tasly Pharmaceutical Group Co.,Ltd.;SecuCode(证券代码)是600535;]

>>>>> 【user】 Said:
请选择db，务必遵循输出的格式要求。

>>>>> Agent【Check_db_structure.db_selector】 Said:
【分析】
用户询问的是天士力医药集团股份有限公司在2020年度的最新担保事件，具体包括事件内容、担保方、被担保方和担保金额。这些信息属于上市公司的重大事项范畴，通常会在公司公告中披露。

【选中的数据库】
- astockeventsdb: 这个数据库记录了上市公司公告中披露的各种重大事项，包括公司担保明细，涵盖了事件相关的时间、主体、进展、财务数据等多维度信息。

【选中的数据库的清单】
```json
["astockeventsdb"]
```


>>>>> 【user】 Said:
数据库表信息如下:
[{"表名": "astockeventsdb.lc_warrant", "说明": "该数据表涵盖了与公司事件披露相关的多维度信息，包括基础信息如公司代码、事件编码等；时间信息如首次信息发布日期、信息发布日期、协议签署日期、借贷及担保的起止日期等；信息来源和披露方式等描述性字段；事件相关信息如事件内容、行为描述、最新进展状态、事件主体及其名称、企业编号、关联关系等；交易对象和担保相关信息，包括交易对象名称、担保金额（首次及最新）、担保资产、提供担保企业及其关联关系、接受担保企业及其关联关系、反担保企业及资产等；借贷信息如借款银行、借款期限、续借期限、借贷起止日期、担保期限及续保期限等；以及其他补充信息如担保是否违规、借贷是否逾期、担保解除日期及方式、附注等，全面记录了公司事件的关键要素和关联信息。"}, {"表名": "astockeventsdb.lc_credit", "说明": "该数据表主要记录公司与上市公司之间的贷款及担保相关信息。字段信息包括公司标识及关联关系，如公司代码、事件主体名称及编号、交易对象名称及编号、借入方及借出方、担保方及其关联关系等。时间信息涵盖首次信息发布日期、信息发布日期、协议签署日期、借贷起始日及截止日、担保起始日及截止日、最近还款日期等。贷款与担保的详细信息涉及到货币单位、首次及最新借贷金额、最近及累计还款金额、借贷条件、年利率及其说明、借贷及担保期限、续借及续保期限、抵押置押资产等。事件相关信息包括信息来源、公告类型、披露方式、事件内容及主体、行为描述及方式、最新进展状态、是否终止等。此外，还包括附注信息用于补充说明。"}, {"表名": "astockeventsdb.lc_suitarbitration", "说明": "该数据表主要用于记录与公司相关的事件、诉讼仲裁及其进展信息。表中包含了基础标识信息如ID和公司代码(CompanyCode)；时间信息如首次信息发布日期(InitialInfoPublDate)和信息发布日期(InfoPublDate)；信息来源和披露方式(InfoSource, DisclosureMethod)；事件相关信息如事件内容(EventContent)、行为描述(ActionDesc)、事件主体名称及编号(SubjectName, SubjectCode)、事件进程(EventProcedure)、行为方式(ActionWays)、事件主体在诉讼中的角色(EventSubjectRole)等；涉及的交易或诉讼对象信息如交易对象名称及编号(ObjectName, ObjectCode)、诉讼仲裁原告和被告(Plaintiff, Defendant)及其关联关系；诉讼仲裁详细信息如案由描述(SubjectMatterStat)、案由(SubjectMatter)、诉讼仲裁金额(FirstSuitSum, LatestSuitSum)、审理机构(InquisitionInstitute)、仲裁状态及各审级状态(CaseStatus, FirstInstanceStatus, SecondInstanceStatus, SPPStatus)；财产执行信息如被执行财产(PropertyEnforced)、归属(PropertyBelonged)、执行状态(AdjudgementStatus)；以及协议签署日期(AgreementDate)、备注(Note)、是否终止(IfEnded)等辅助字段。字段内容涵盖了事件描述、诉讼仲裁进展、主体与关联方信息等多方面内容，便于综合分析和管理。"}, {"表名": "astockeventsdb.lc_entrustinv", "说明": "该数据表主要记录公司相关事件的详细信息，包括公司标识字段如公司代码、事件主体名称及其企业编号、交易对象名称及其企业编号等；事件基本信息字段如首次信息发布日期、信息发布日期、信息来源、公告类型、披露方式、事件内容、行为描述、行为方式及事件进程等；状态与进展字段如最新进展状态描述、是否终止、协议签署日期等；财务相关字段如涉及金额、货币单位、委托期限、委托起始日与截止日、约定收益说明及实际收益等；以及其他补充信息字段如与上市公司的关联关系、备注等，全面涵盖了事件的时间、主体、财务及进展等核心要素。"}, {"表名": "astockeventsdb.lc_regroup", "说明": "该数据表主要用于记录公司事件相关的信息。包括公司基础信息如公司代码、事件主体名称及其编号、事件主体与上市公司的关联关系等；事件相关的时间信息如首次信息发布日期、信息发布日期、协议签署日期等；事件的详细描述如事件内容、行为描述、最新进展状态、事件进程、行为方式等；信息来源和披露方式等公告信息；涉及的财务数据如资产帐面价值、资产评估价值、资产出售金额、资产转让收益、债务重组金额等；事件的类别和编码信息如公告类型、事项类型、事项编码、序号等；此外，还包括事件是否终止、交易对象企业编号及其与上市公司的关联关系等补充信息。"}, {"表名": "astockeventsdb.lc_majorcontract", "说明": "该数据表记录了与公司相关的事件及合同信息，包含公司基本信息如公司代码、事件主体名称及编号、交易对象名称及编号，以及主体与上市公司间的关联关系等；事件相关信息如首次信息发布日期、最新信息发布日期、信息来源、公告类型、事件内容、行为描述、行为方式、最新进展状态描述、事件主体、事件进程等；合同相关信息如协议签署日期、合同标的、合同获得方式、中标日期、涉及金额、合同起始日、合同截止日、合同期限及合同对公司的影响等；此外，还包括货币单位及备注等辅助信息。"}, {"表名": "astockeventsdb.lc_investorra", "说明": "该数据表记录了与证券相关的接待活动信息，包含信息发布日期、标题及链接等基本信息；证券内部编码、编号和序号等标识信息；接待日期、时间及截止日等时间信息；活动类别、地点、参与单位及人员、上市公司接待人员等活动相关信息；主要内容、附件及其格式等内容信息。"}, {"表名": "astockeventsdb.lc_investordetail", "说明": "该数据表主要用于记录投资者关系活动的详细信息，包括活动的唯一标识（投资者关系活动ID）、参与的调研机构及其编码（调研机构、调研机构编码）、参与的调研人员及其编码（调研人员、调研人员编码）、调研人员的职位名称，以及活动的排序序号等基本信息。"}]

请选择table，务必遵循输出的格式要求。

>>>>> Agent【Check_db_structure.table_selector】 Said:
【分析】
要查询天士力医药集团股份有限公司在2020年度最新的担保事件，需要关注担保事件的具体内容、担保方、被担保方以及具体的担保金额信息。根据已知事实，天士力的相关信息存储在`constantdb.secumain`表中，而担保事件的相关信息则可能存储在`astockeventsdb.lc_warrant`表中，因为该表涵盖了公司事件披露的多维度信息，包括担保事件的相关细节。

【选中的数据表】
- constantdb.secumain: 这个数据表包含天士力医药集团股份有限公司的基础信息，如公司代码、证券代码等。
- astockeventsdb.lc_warrant: 这个数据表包含与公司事件披露相关的多维度信息，包括担保事件的内容、担保方、被担保方以及具体的担保金额信息。

【选中的数据库表的清单】
```json
["constantdb.secumain", "astockeventsdb.lc_warrant"]
```


>>>>> 【user】 Said:
已取得可用的数据表的字段信息如下:
[{"表名": "constantdb.secumain", "表字段": [{"column": "InnerCode", "desc": "证券内部编码"}, {"column": "CompanyCode", "desc": "公司代码；公司代码(CompanyCode)：当本表SecuCategory IN (8,13)即基金相关时，对应的基金管理人代码可通过本表InnerCode关联MF_FundArchives.InnerCode，取MF_FundArchives.InvestAdvisorCode"}, {"column": "SecuCode", "desc": "证券代码"}, {"column": "ChiName", "desc": "中文名称"}, {"column": "ChiNameAbbr", "desc": "中文名称缩写"}, {"column": "EngName", "desc": "英文名称"}, {"column": "EngNameAbbr", "desc": "英文名称缩写"}, {"column": "SecuAbbr", "desc": "证券简称"}, {"column": "ChiSpelling", "desc": "拼音证券简称"}, {"column": "ExtendedAbbr", "desc": "扩位简称"}, {"column": "ExtendedSpelling", "desc": "拼音扩位简称"}, {"column": "SecuMarket", "desc": "证券市场；，令LB = 201 AND DM IN (10,12,13,14,15,16,18,40,49,50,52,54,55,56,65,66,67,68,69,70,71,72,73,75,76,77,78,79,80,81,83,84,85,86,87,88,89,90,93,94,95,96,99,100,101,102,103,104,105,106,107,110,161,162,180,200,202,210,230,240,260,280,310,320,390,400,620,630,631,640,641,650,653,654,655,657,658,659,660,661,662,663,664,666,667,66302,66303,66305)，得到证券市场的具体描述：10-上海期货交易所，12-中国银行间外汇市场，13-大连商品交易所，14-上海黄金交易所，15-郑州商品交易所，16-上海票据交易所，18-北京证券交易所，40-芝加哥商业交易所，49-澳大利亚证券交易所，50-新西兰证券交易所，52-埃及开罗及亚历山大证券交易所，54-阿根廷布宜诺斯艾利斯证券交易所，55-巴西圣保罗证券交易所，56-墨西哥证券交易所，65-印度尼西亚证券交易所，66-泰国证券交易所，67-韩国首尔证券交易所，68-东京证券交易所，69-新加坡证券交易所，70-台湾证券交易所，71-柜台交易市场，72-香港联交所，73-一级市场，75-亚洲其他交易所，76-美国证券交易所，77-美国纳斯达克证券交易所，78-纽约证券交易所，79-美国其他交易市场，80-加拿大多伦多证券交易所，81-三板市场，83-上海证券交易所，84-其他市场，85-伦敦证券交易所，86-法国巴黎证券交易所，87-德国法兰克福证券交易所，88-欧洲其他交易所，89-银行间债券市场，90-深圳证券交易所，93-上海银行间同业拆借市场，94-瑞士证券交易所，95-荷兰阿姆斯特丹证券交易所，96-约翰内斯堡证券交易所，99-东京同业拆借市场，100-美国国债回购市场，101-伦敦银行同业拆借市场，102-香港银行同业拆借市场，103-新加坡银行同业拆借市场，104-中国银行同业拆借市场，105-欧元银行同业拆借市场，106-布鲁塞尔证券交易所，107-雅加达证券交易所，110-以色列特拉维夫证券交易所，161-意大利证券交易所，162-哥本哈根证券交易所，180-挪威奥斯陆证券交易所，200-斯德哥尔摩证券交易所，202-伊斯坦布尔证券交易所，210-印度国家证券交易所，230-奥地利维也纳证券交易所，240-西班牙马德里证券交易所，260-爱尔兰证券交易所，280-菲律宾证券交易所，310-机构间私募产品报价与服务系统，320-俄罗斯莫斯科证券交易所，390-里斯本证券交易所，400-芝加哥期权交易所，620-胡志明市证券交易所，630-沪市代理深市市场，631-沪市代理港交所市场，640-深市代理沪市市场，641-深市代理港交所市场，650-国际外汇市场(晨星)，653-上海环境能源交易所，654-北京绿色交易所，655-天津碳排放权交易中心，657-湖北碳排放权交易中心，658-重庆碳排放权交易中心，659-四川联合环境交易所，660-广州碳排放权交易所，661-海峡股权交易中心，662-深圳排放权交易所，663-欧洲能源交易所，664-全国碳排放权交易，666-布达佩斯证券交易所，667-全国温室气体自愿减排交易市场，66302-韩国ETS，66303-加拿大魁北克Cap-and-Trade(CaT)，66305-美国区域温室气体倡议（RGGI）。"}, {"column": "SecuCategory", "desc": "证券类别；，令LB = 1177 AND DM IN (1,2,4,5,6,7,8,9,10,11,12,13,14,15,16,17,18,19,20,21,23,26,27,28,29,30,31,32,33,35,36,37,38,39,40,41,42,43,44,45,46,47,55,79,80,211)，得到证券类别的具体描述：1-A股，2-B股，4-大盘，5-国债回购，6-国债现货，7-金融债券，8-开放式基金，9-可转换债券，10-其他，11-企业债券，12-企业债券回购，13-投资基金，14-央行票据，15-深市代理沪市股票，16-沪市代理深市股票，17-资产支持证券，18-资产证券化产品，19-买断式回购，20-衍生权证，21-股本权证，23-商业银行定期存款，26-收益增长线，27-新质押式回购，28-地方政府债，29-可交换公司债，30-拆借，31-信用风险缓释工具，32-浮息债计息基准利率，33-定期存款凭证，35-大额存款凭证，36-债券借贷，37-存款类机构质押式回购，38-存款类机构信用拆借，39-现货，40-货币对，41-中国存托凭证，42-协议回购，43-三方回购，44-利率互换品种，45-标准利率互换合约，46-报价回购，47-标准化票据，55-优先股，79-深市代理港交所股票，80-沪市代理港交所股票，211-自贸区债。"}, {"column": "ListedDate", "desc": "上市日期"}, {"column": "ListedSector", "desc": "上市板块；，令LB = 207 AND DM IN (1,2,3,4,5,6,7,8)，得到上市板块的具体描述：1-主板，2-中小企业板，3-三板，4-其他，5-大宗交易系统，6-创业板，7-科创板，8-北交所股票。"}, {"column": "ListedState", "desc": "上市状态；，令LB = 1176 AND DM IN (1,3,5,9)，得到上市状态的具体描述：1-上市，3-暂停，5-终止，9-其他。"}, {"column": "ISIN", "desc": "ISIN代码"}]}, {"表名": "astockeventsdb.lc_warrant", "表字段": [{"column": "CompanyCode", "desc": "公司代码；，得到上市公司的交易代码、简称等。"}, {"column": "InitialInfoPublDate", "desc": "首次信息发布日期"}, {"column": "InfoPublDate", "desc": "信息发布日期"}, {"column": "InfoSource", "desc": "信息来源"}, {"column": "AnnouncementType", "desc": "公告类型；，令LB = 1109，得到公告类型的具体描述：1-董事会公告，2-股东大会公告，3-监事会公告，4-公司公告，5-法律意见书，6-财务报告，7-中国证监会公告，8-交易所公告，9-中介机构公告，10-基金投资组合公告，11-回访报告，12-独立董事声明，13-债券公告，14-三板市场公司公告，15-基金公告，18-收购报告书，30-新股发行公告，31-增发发行公告，32-债券发行公告，33-基金发行公告，34-配股发行公告，40-增发股本变动公告，41-配股股本变动公告，43-债券上市公告，50-分红公告，60-期货公告，61-股权分置改革说明书，99-其它。"}, {"column": "DisclosureMethod", "desc": "披露方式；，令LB = 1221，得到披露方式的具体描述：1-正常披露，2-事后披露。"}, {"column": "EventContent", "desc": "事件内容"}, {"column": "ActionDesc", "desc": "行为描述；行为描述(ActionDesc)：本字段因字符长度限制，有被截断的情况。担保事件的完整文字描述请查看text字段“事件内容(EventContent)”。"}, {"column": "NewestAdvance", "desc": "最新进展状态描述"}, {"column": "EventSubject", "desc": "事件主体；，令LB = 1246，得到事件主体的具体描述：1-上市公司，2-下属公司，3-公司股东，4-债券发行人"}, {"column": "EventProcedure", "desc": "事件进程；，令LB = 1059 AND DM IN (1001,1004,1007,1016,1019,1025,1028,1041,1053,3099)，得到事件进程的具体描述：1001-预案，1004-决案，1007-否决，1016-未实施终止，1019-实施中，1025-解除，1028-到期，1041-续签，1053-可能涉诉"}, {"column": "ActionWays", "desc": "行为方式；，令LB = 1063 AND DM IN (1201,1203,1204,1205,1207,1209,1299)，得到行为方式的具体描述：1201-提供担保，1203-接受担保，1204-提供反担保，1205-提供担保协议，1207-接受担保协议，1209-互保协议，1299-其他"}, {"column": "CurrencyUnit", "desc": "货币单位；，令LB = 1068，得到货币单位的具体描述：1000-美元，1001-美分，1002-美元(次日)，1003-美元(同日)，1100-港元，1110-印度卢比，1120-印度尼西亚卢比，1130-伊朗里亚尔，1140-波兰兹罗提，1150-匈牙利福林，1160-日本元，1161-欧洲日元(离岸)，1170-约旦第纳尔，1180-科威特第纳尔，1190-阿联酋迪拉姆，1200-亚美尼亚德拉姆，1210-澳门元，1220-马来西亚林吉特，1230-安第列斯群岛盾，1240-安哥拉宽扎，1250-尼泊尔卢比，1260-哈萨克斯坦坚戈，1270-巴基斯坦卢比，1280-阿鲁巴岛弗罗林，1290-菲律宾比索，1300-阿塞拜疆马纳特，1310-波斯尼亚马克，1320-新加坡元，1330-韩国元，1340-孟加拉塔卡，1350-百慕大元，1360-泰国铢，1370-沙特里亚尔，1380-文莱林吉特，1390-不丹努尔特鲁姆，1400-博茨瓦纳普拉，1410-白俄罗斯卢布，1420-人民币元，1430-台湾元，1440-伯利兹元，1450-南苏丹镑，1460-世界投资报告法郎，1470-佛得角埃斯库多，1480-厄立特里亚纳克法，1490-埃塞俄比亚比尔，1500-福克兰群岛镑，1510-格鲁吉亚拉里，1520-直布罗陀镑，1530-克罗地亚库纳，1540-以色列新谢克尔，1550-吉尔吉斯斯坦索姆，1560-开曼群岛元，1570-莱索托马洛蒂，1580-摩尔多瓦列伊，1590-马其顿第纳尔，1600-蒙古图格里克，1610-马拉维克瓦查，1620-梅蒂卡尔，1630-纳米比亚元，1640-巴布亚新几内亚基那，1650-塞尔维亚第纳尔，1660-圣赫勒拿群岛磅，1670-圣多美和普林西比多布拉，1680-太平洋法郎，1690-非共体法郎，1700-斯威士兰里兰吉尼，1710-塔吉克斯坦索莫尼，1720-土库曼斯坦马纳特，1730-汤加潘加，1740-乌克兰格里夫纳，1750-乌兹别克斯坦苏姆，1760-瓦努阿图瓦图，1770-萨摩亚塔拉，1780-中非金融合作法郎，1790-东加勒比元，1810-人民币(离岸)，2470-坦桑尼亚先令，3000-欧元，3010-比利时法郎，3020-丹麦克朗，3030-英镑，3031-便士，3040-德国马克，3050-法国法郎，3070-意大利里拉，3090-荷兰盾，3100-葡萄牙埃斯库多，3110-立陶宛立特，3120-西班牙比塞塔，3130-拉脱维亚立特，3140-斯洛文尼亚托拉尔，3150-奥地利先令，3160-斯洛伐克克朗，3170-爱沙尼亚克朗，3180-芬兰马克，3190-安道尔比塞塔(废弃)，3260-挪威克朗，3300-瑞典克朗，3310-瑞士法郎，3311-记帐瑞士法郎，3313-清算瑞士法郎，3430-苏联卢布(废弃)，3440-俄国卢布，3450-俄罗斯卢布，4000-巴西雷亚尔(废弃)，4100-巴西里亚尔，4290-墨西哥比索，5010-加拿大元，6010-澳大利亚元，6090-新西兰元，7101-刚果法郎，7103-尼日利亚奈拉，7105-越南盾，7107-肯尼亚先令，7109-卢森堡法郎，7111-摩洛哥迪拉姆，7113-南非兰特，7115-斯里兰卡卢比，7117-苏丹第纳尔，7119-也门里亚尔(废弃)，7120-苏丹镑，7121-爱尔兰镑，7123-土耳其里拉(废弃)，7125-捷克克朗(废弃)，..."}, {"column": "SubjectName", "desc": "事件主体名称"}, {"column": "SubjectCode", "desc": "事件主体企业编号；，得到相关企业的基本信息。"}, {"column": "SubjectAssociation", "desc": "与上市公司关联关系；关系(SubjectAssociation)与(CT_SystemConst)表中的DM字段关联，令LB = 1036，得到与上市公司关联关系的具体描述：1-本公司，2-母公司，3-控股股东，4-非控股股东，5-兄弟企业，8-间接非控股股东，9-同一领导人、亲属关系，10-下属子公司、参股公司，11-项目合作合资方，12-其他关联关系，51-间接兄弟企业，80-间接控股股东，83-潜在控股股东，84-潜在非控股股东，86-转让前控股股东，87-转让前非控股股东，121-股权受托管理人，122-受同一方控制，999-无关联关系。"}, {"column": "ObjectName", "desc": "交易对象名称"}, {"column": "ObjectCode", "desc": "信息对象；，得到相关企业的基本信息。"}, {"column": "ObjectAssociation", "desc": "与上市公司关联关系；关系(ObjectAssociation)与(CT_SystemConst)表中的DM字段关联，令LB = 1036，得到与上市公司关联关系的具体描述：1-本公司，2-母公司，3-控股股东，4-非控股股东，5-兄弟企业，8-间接非控股股东，9-同一领导人、亲属关系，10-下属子公司、参股公司，11-项目合作合资方，12-其他关联关系，51-间接兄弟企业，80-间接控股股东，83-潜在控股股东，84-潜在非控股股东，86-转让前控股股东，87-转让前非控股股东，121-股权受托管理人，122-受同一方控制，999-无关联关系。"}, {"column": "AgreementDate", "desc": "协议签署日期"}, {"column": "IfEnded", "desc": "是否终止；是否终止（IfEnded），该字段固定以下常量：0-否；1-是"}, {"column": "Note", "desc": "附注(如适用)；，令LB = 1056，得到担保原因的具体描述：1001-借贷，1003-银行授信，1005-借贷计划额度，1007-承兑汇票，1009-票据贴现，1011-进出口押汇，1013-续借，1015-续授信，1017-借贷延期，1019-借贷展期，1099-其他。"}, {"column": "GuaranteeReason", "desc": "担保原因"}, {"column": "FirstGuaranteeSum", "desc": "首次担保金额(元)"}, {"column": "LatestGuaranteeSum", "desc": "最新担保金额(元)"}, {"column": "GuarantorCompany", "desc": "提供担保企业"}, {"column": "GuarantorAssociation", "desc": "与上市公司关联关系；关系(GuarantorAssociation)与(CT_SystemConst)表中的DM字段关联，令LB = 1036，得到与上市公司关联关系的具体描述：1-本公司，2-母公司，3-控股股东，4-非控股股东，5-兄弟企业，8-间接非控股股东，9-同一领导人、亲属关系，10-下属子公司、参股公司，11-项目合作合资方，12-其他关联关系，51-间接兄弟企业，80-间接控股股东，83-潜在控股股东，84-潜在非控股股东，86-转让前控股股东，87-转让前非控股股东，121-股权受托管理人，122-受同一方控制，999-无关联关系。"}, {"column": "GuaranteeAsset", "desc": "担保资产"}, {"column": "SecuredParty", "desc": "接受担保企业"}, {"column": "SecuredPartyAssociation", "desc": "与上市公司关联关系；关系(SecuredPartyAssociation)与(CT_SystemConst)表中的DM字段关联，令LB = 1036，得到与上市公司关联关系的具体描述：1-本公司，2-母公司，3-控股股东，4-非控股股东，5-兄弟企业，8-间接非控股股东，9-同一领导人、亲属关系，10-下属子公司、参股公司，11-项目合作合资方，12-其他关联关系，51-间接兄弟企业，80-间接控股股东，83-潜在控股股东，84-潜在非控股股东，86-转让前控股股东，87-转让前非控股股东，121-股权受托管理人，122-受同一方控制，999-无关联关系。"}, {"column": "CounterGuarantor", "desc": "提供反担保企业"}, {"column": "CGuarantorAssociation", "desc": "与上市公司关联关系；关系(CGuarantorAssociation)与(CT_SystemConst)表中的DM字段关联，令LB = 1036，得到与上市公司关联关系的具体描述：1-本公司，2-母公司，3-控股股东，4-非控股股东，5-兄弟企业，8-间接非控股股东，9-同一领导人、亲属关系，10-下属子公司、参股公司，11-项目合作合资方，12-其他关联关系，51-间接兄弟企业，80-间接控股股东，83-潜在控股股东，84-潜在非控股股东，86-转让前控股股东，87-转让前非控股股东，121-股权受托管理人，122-受同一方控制，999-无关联关系。"}, {"column": "CGuaranteeAsset", "desc": "反担保资产"}, {"column": "LendBank", "desc": "借款银行(资金出借方)"}, {"column": "LendTerm", "desc": "借款期限(月)"}, {"column": "RenewalTerm", "desc": "其中：续借期限(元)"}, {"column": "LendBeginDate", "desc": "借贷起始日"}, {"column": "LendEndDate", "desc": "借贷截止日"}, {"column": "GuaranteeTerm", "desc": "担保期限(月)"}, {"column": "RenewalGuaranteeTerm", "desc": "其中：续保期限(月)"}, {"column": "GuaranteeBeginDate", "desc": "担保起始日"}, {"column": "GuaranteeEndDate", "desc": "担保截止日"}, {"column": "DischargeGuaranteeDate", "desc": "担保解除日期"}, {"column": "DischargeGuaranteeWays", "desc": "担保解除方式；，令LB = 1055，得到担保解除方式的具体描述：1001-正常解除，1003-担保转移解除，1005-代部分还款解除，1007-代全额还款解除。"}, {"column": "IfIllegality", "desc": "担保是否违规；，令LB = 999 AND DM IN (1,2)，得到担保是否违规的具体描述：1-是，2-否。"}, {"column": "IfOverdue", "desc": "借贷是否逾期；，令LB = 999 AND DM IN (1,2)，得到借贷是否逾期的具体描述：1-是，2-否。"}, {"column": "EventCode", "desc": "事项编码"}]}]

请选择column，务必遵循输出的格式要求。

>>>>> Agent【Check_db_structure.columns_selector】 Said:
【分析】
用户询问的是天士力医药集团股份有限公司在2020年度最新的担保事件的具体内容、担保方、被担保方以及具体的担保金额信息。需要从相关数据表中找到与天士力医药集团股份有限公司相关的担保事件，并提取事件内容、担保方、被担保方和担保金额等信息。

【信息所在字段】
- constantdb.secumain.CompanyCode: 这个字段包含公司代码，用于关联天士力医药集团股份有限公司，对应用户提问中的“天士力医药集团股份有限公司”。
- astockeventsdb.lc_warrant.EventContent: 这个字段包含事件内容，对应用户提问中的“具体内容”。
- astockeventsdb.lc_warrant.GuarantorCompany: 这个字段包含提供担保的企业，对应用户提问中的“担保方”。
- astockeventsdb.lc_warrant.SecuredParty: 这个字段包含接受担保的企业，对应用户提问中的“被担保方”。
- astockeventsdb.lc_warrant.LatestGuaranteeSum: 这个字段包含最新担保金额，对应用户提问中的“具体的担保金额信息”。
- astockeventsdb.lc_warrant.InfoPublDate: 这个字段包含信息发布日期，用于筛选2020年度的数据。

【筛选条件所在字段】
- astockeventsdb.lc_warrant.CompanyCode: 用于筛选天士力医药集团股份有限公司的担保事件。
- astockeventsdb.lc_warrant.InfoPublDate: 用于筛选2020年度的数据。

【选中的字段的清单】
```json
{
  "constantdb.secumain": ["CompanyCode"],
  "astockeventsdb.lc_warrant": ["EventContent", "GuarantorCompany", "SecuredParty", "LatestGuaranteeSum", "InfoPublDate"]
}
```


>>>>> 【user】 Said:
之前已查询到信息如下:
查询结果表明: 在2020年1月1日至2020年12月31日期间，公司代码为1474的上市公司在其发布的担保信息中，最新担保金额的最大值为1.62亿元。
---
查询结果表明: 在2020年1月1日至2020年12月31日期间，公司代码为1474的上市公司发布的担保信息中，最新担保金额为1620000000元的担保企业是天士力医药集团股份有限公司。

请问:天士力医药集团股份有限公司在2020年度最新的担保事件具体是什么？请提供该事件的内容、担保方、被担保方以及具体的担保金额信息。

>>>>> Agent【Sql_query.master】 Said:
【已知信息】
- 天士力医药集团股份有限公司的公司代码为1474。
- 在2020年1月1日至2020年12月31日期间，该公司提供的最大担保金额为1620000000元。
- 该担保金额对应的担保企业是天士力医药集团股份有限公司。

【当前阶段要获取的信息】
- 2020年度最新的担保事件的具体内容。
- 担保方。
- 被担保方。
- 具体的担保金额。

【信息所在字段】
- 事件内容：`EventContent`
- 担保方：`GuarantorCompany`
- 被担保方：`SecuredParty`
- 具体担保金额：`LatestGuaranteeSum`

【筛选条件所在字段】
- 公司代码：`CompanyCode`
- 信息发布日期：`InfoPublDate`

【SQL语句的思路】
- 从`astockeventsdb.lc_warrant`表中查询相关信息。
- 使用`CompanyCode`字段筛选天士力医药集团股份有限公司的记录。
- 使用`InfoPublDate`字段筛选2020年的记录。
- 使用`LatestGuaranteeSum`字段筛选担保金额为1620000000元的记录。
- 选择`EventContent`、`GuarantorCompany`、`SecuredParty`和`LatestGuaranteeSum`字段获取所需信息。

【执行SQL语句】
```exec_sql
SELECT EventContent, GuarantorCompany, SecuredParty, LatestGuaranteeSum
FROM astockeventsdb.lc_warrant
WHERE CompanyCode = 1474
AND DATE(InfoPublDate) BETWEEN '2020-01-01' AND '2020-12-31'
AND LatestGuaranteeSum = 1620000000;
```

【上述SQL语句的含义】
- 从`astockeventsdb.lc_warrant`表中筛选出公司代码为1474的记录。
- 进一步筛选信息发布日期在2020年1月1日至2020年12月31日之间的记录。
- 再筛选最新担保金额为1620000000元的记录。
- 最终选择事件内容、担保方、被担保方和具体担保金额字段，以获取2020年度最新的担保事件的具体信息。

>>>>> 查询sql:
SELECT EventContent, GuarantorCompany, SecuredParty, LatestGuaranteeSum
FROM astockeventsdb.lc_warrant
WHERE CompanyCode = 1474
AND DATE(InfoPublDate) BETWEEN '2020-01-01' AND '2020-12-31'
AND LatestGuaranteeSum = 1620000000;
查询结果:
[{"EventContent": "    公司为陕西华氏医药有限公司提供担保162000万元。\r\n    2020年5月19日公告:股东大会通过。", "GuarantorCompany": "天士力医药集团股份有限公司", "SecuredParty": "陕西华氏医药有限公司", "LatestGuaranteeSum": 1620000000.0}]


>>>>> 【user】 Said:
查询SQL:
SELECT EventContent, GuarantorCompany, SecuredParty, LatestGuaranteeSum
FROM astockeventsdb.lc_warrant
WHERE CompanyCode = 1474
AND DATE(InfoPublDate) BETWEEN '2020-01-01' AND '2020-12-31'
AND LatestGuaranteeSum = 1620000000;
查询结果:
[{"EventContent": "    公司为陕西华氏医药有限公司提供担保162000万元。\r\n    2020年5月19日公告:股东大会通过。", "GuarantorCompany": "天士力医药集团股份有限公司", "SecuredParty": "陕西华氏医药有限公司", "LatestGuaranteeSum": 1620000000.0}]

请理解查询结果

>>>>> Agent【Sql_query.understand_query_result】 Said:
查询结果表明: 在2020年1月1日至2020年12月31日期间，天士力医药集团股份有限公司（GuarantorCompany）为陕西华氏医药有限公司（SecuredParty）提供了一笔金额为162000万元的担保（LatestGuaranteeSum），该事件内容（EventContent）包括公司为陕西华氏医药有限公司提供担保162000万元，并且在2020年5月19日公告中股东大会通过了该担保事项。


>>>>> 【user】 Said:
查询SQL:
SELECT EventContent, GuarantorCompany, SecuredParty, LatestGuaranteeSum
FROM astockeventsdb.lc_warrant
WHERE CompanyCode = 1474
AND DATE(InfoPublDate) BETWEEN '2020-01-01' AND '2020-12-31'
AND LatestGuaranteeSum = 1620000000;
查询结果:
[{"EventContent": "    公司为陕西华氏医药有限公司提供担保162000万元。\r\n    2020年5月19日公告:股东大会通过。", "GuarantorCompany": "天士力医药集团股份有限公司", "SecuredParty": "陕西华氏医药有限公司", "LatestGuaranteeSum": 1620000000.0}]

查询结果表明: 在2020年1月1日至2020年12月31日期间，天士力医药集团股份有限公司（GuarantorCompany）为陕西华氏医药有限公司（SecuredParty）提供了一笔金额为162000万元的担保（LatestGuaranteeSum），该事件内容（EventContent）包括公司为陕西华氏医药有限公司提供担保162000万元，并且在2020年5月19日公告中股东大会通过了该担保事项。

当前掌握的信息是否能够回答"天士力医药集团股份有限公司在2020年度最新的担保事件具体是什么？请提供该事件的内容、担保方、被担保方以及具体的担保金额信息。"？还是要继续执行下一阶段SQL查询？

>>>>> Agent【Sql_query.master】 Said:
【已知信息】
- 天士力医药集团股份有限公司（公司代码1474）在2020年1月1日至2020年12月31日期间，为陕西华氏医药有限公司提供了一笔金额为162000万元的担保。
- 该担保事件的内容包括公司为陕西华氏医药有限公司提供担保162000万元，并且在2020年5月19日公告中股东大会通过了该担保事项。

【当前阶段要获取的信息】
无

【信息所在字段】
无

【筛选条件所在字段】
无

【SQL语句的思路】
无

【执行SQL语句】
无

【上述SQL语句的含义】
无

当前掌握的信息已经能够完全回答“天士力医药集团股份有限公司在2020年度最新的担保事件具体是什么？请提供该事件的内容、担保方、被担保方以及具体的担保金额信息。”的问题。具体回答如下：

- **事件内容**：公司为陕西华氏医药有限公司提供担保162000万元。2020年5月19日公告:股东大会通过。
- **担保方**：天士力医药集团股份有限公司
- **被担保方**：陕西华氏医药有限公司
- **具体担保金额**：162000万元

因此，无需继续执行下一阶段的SQL查询。


>>>>> 【user】 Said:
充分尊重前面给出的结论，回答问题:"天士力医药集团股份有限公司在2020年度最新的担保事件具体是什么？请提供该事件的内容、担保方、被担保方以及具体的担保金额信息。"

>>>>> Agent【Sql_query.summary】 Said:
事件内容: 公司为陕西华氏医药有限公司提供担保162000万元。2020年5月19日公告:股东大会通过。
担保方: 天士力医药集团股份有限公司
被担保方: 陕西华氏医药有限公司
担保金额: 162000万元
