
>>>>> Original Question: 在2020年亚钾国际的业务变更日期前后30天内，公司发生了多少次信用评级相关事件？请列出具体的事件日期。


>>>>> 【user】 Said:
下面是已知的事实:
'''
亚钾国际的关联信息有:[所在数据表是constantdb.secumain;InnerCode(证券内部编码)是521;CompanyCode(公司代码)是463;ChiName(中文名称)是亚钾国际投资(广州)股份有限公司;EngName(英文名称)是Asia-Potash International Investment (Guangzhou)Co.,Ltd.;SecuCode(证券代码)是000893;]
'''
下面是顺序的历史问答:
'''
Question: 亚钾国际在2020年发生了几次业务范围变更？请列出每次变更的具体日期（xxxx-xx-xx的格式）
Answer: 亚钾国际在2020年发生了3次业务范围变更，具体日期分别为：
- 2020-02-22
- 2020-04-29
- 2020-07-14
'''
现在用户继续提问，请根据已知信息，理解当前这个问题的完整含义，并重写这个问题使得单独拿出来看仍然能够正确理解：在2020年亚钾国际的业务变更日期前后30天内，公司发生了多少次信用评级相关事件？请列出具体的事件日期。

>>>>> Agent【rewrite_question】 Said:
在2020年亚钾国际投资(广州)股份有限公司（证券代码000893）的业务范围变更日期（分别为2020-02-22、2020-04-29、2020-07-14）前后30天内，公司发生了多少次信用评级相关事件？请列出具体的事件日期。


>>>>> 【user】 Said:
提取下面这段文字里的实体，如公司名、股票代码等，如果识别结果是空，那么就回复No Entities."在2020年亚钾国际投资(广州)股份有限公司（证券代码000893）的业务范围变更日期（分别为2020-02-22、2020-04-29、2020-07-14）前后30天内，公司发生了多少次信用评级相关事件？请列出具体的事件日期。"

>>>>> Agent【extract_company】 Said:
```json
["亚钾国际投资(广州)股份有限公司", "000893"]
```

>>>>> 查询sql:
SELECT 'constantdb.secumain' AS TableName, InnerCode, CompanyCode, ChiName, EngName, SecuCode
FROM constantdb.secumain 
WHERE SecuCode = '亚钾国际投资(广州)股份有限公司'
   OR ChiName LIKE '%亚钾国际投资(广州)股份有限公司%'
   OR ChiNameAbbr LIKE '%亚钾国际投资(广州)股份有限公司%'
   OR EngName LIKE '%亚钾国际投资(广州)股份有限公司%'
   OR EngNameAbbr LIKE '%亚钾国际投资(广州)股份有限公司%'
   OR SecuAbbr LIKE '%亚钾国际投资(广州)股份有限公司%'
UNION ALL
SELECT 'constantdb.hk_secumain' AS TableName, InnerCode, CompanyCode, ChiName, EngName, SecuCode
FROM constantdb.hk_secumain 
WHERE SecuCode = '%亚钾国际投资(广州)股份有限公司%'
   OR ChiName LIKE '%亚钾国际投资(广州)股份有限公司%'
   OR ChiNameAbbr LIKE '%亚钾国际投资(广州)股份有限公司%'
   OR EngName LIKE '%亚钾国际投资(广州)股份有限公司%'
   OR EngNameAbbr LIKE '%亚钾国际投资(广州)股份有限公司%'
   OR SecuAbbr LIKE '%亚钾国际投资(广州)股份有限公司%'
   OR FormerName LIKE '%亚钾国际投资(广州)股份有限公司%'
UNION ALL
SELECT 'constantdb.us_secumain' AS TableName, InnerCode, CompanyCode, ChiName, EngName, SecuCode
FROM constantdb.us_secumain 
WHERE SecuCode = '亚钾国际投资(广州)股份有限公司'
   OR ChiName LIKE '%亚钾国际投资(广州)股份有限公司%'
   OR EngName LIKE '%亚钾国际投资(广州)股份有限公司%'
   OR SecuAbbr LIKE '%亚钾国际投资(广州)股份有限公司%';
查询结果:
[{"TableName": "constantdb.secumain", "InnerCode": 521, "CompanyCode": 463, "ChiName": "亚钾国际投资(广州)股份有限公司", "EngName": "Asia-Potash International Investment (Guangzhou)Co.,Ltd.", "SecuCode": "000893"}]

>>>>> 查询sql:
SELECT 'constantdb.secumain' AS TableName, InnerCode, CompanyCode, ChiName, EngName, SecuCode
FROM constantdb.secumain 
WHERE SecuCode = '000893'
   OR ChiName LIKE '%000893%'
   OR ChiNameAbbr LIKE '%000893%'
   OR EngName LIKE '%000893%'
   OR EngNameAbbr LIKE '%000893%'
   OR SecuAbbr LIKE '%000893%'
UNION ALL
SELECT 'constantdb.hk_secumain' AS TableName, InnerCode, CompanyCode, ChiName, EngName, SecuCode
FROM constantdb.hk_secumain 
WHERE SecuCode = '%000893%'
   OR ChiName LIKE '%000893%'
   OR ChiNameAbbr LIKE '%000893%'
   OR EngName LIKE '%000893%'
   OR EngNameAbbr LIKE '%000893%'
   OR SecuAbbr LIKE '%000893%'
   OR FormerName LIKE '%000893%'
UNION ALL
SELECT 'constantdb.us_secumain' AS TableName, InnerCode, CompanyCode, ChiName, EngName, SecuCode
FROM constantdb.us_secumain 
WHERE SecuCode = '000893'
   OR ChiName LIKE '%000893%'
   OR EngName LIKE '%000893%'
   OR SecuAbbr LIKE '%000893%';
查询结果:
[{"TableName": "constantdb.secumain", "InnerCode": 521, "CompanyCode": 463, "ChiName": "亚钾国际投资(广州)股份有限公司", "EngName": "Asia-Potash International Investment (Guangzhou)Co.,Ltd.", "SecuCode": "000893"}]

>>>>> 已知事实:
亚钾国际的关联信息有:[所在数据表是constantdb.secumain;InnerCode(证券内部编码)是521;CompanyCode(公司代码)是463;ChiName(中文名称)是亚钾国际投资(广州)股份有限公司;EngName(英文名称)是Asia-Potash International Investment (Guangzhou)Co.,Ltd.;SecuCode(证券代码)是000893;]
---
亚钾国际投资(广州)股份有限公司的关联信息有:[所在数据表是constantdb.secumain;InnerCode(证券内部编码)是521;CompanyCode(公司代码)是463;ChiName(中文名称)是亚钾国际投资(广州)股份有限公司;EngName(英文名称)是Asia-Potash International Investment (Guangzhou)Co.,Ltd.;SecuCode(证券代码)是000893;]
000893的关联信息有:[所在数据表是constantdb.secumain;InnerCode(证券内部编码)是521;CompanyCode(公司代码)是463;ChiName(中文名称)是亚钾国际投资(广州)股份有限公司;EngName(英文名称)是Asia-Potash International Investment (Guangzhou)Co.,Ltd.;SecuCode(证券代码)是000893;]

>>>>> 【user】 Said:
请选择db，务必遵循输出的格式要求。

>>>>> Agent【Check_db_structure.db_selector】 Said:
【分析】
用户需要查询的是亚钾国际投资(广州)股份有限公司（证券代码000893）在2020年三个特定日期前后30天内发生的信用评级相关事件及其具体日期。这涉及到公司的业务范围变更信息和信用评级事件信息。

1. **业务范围变更信息**：需要从包含公司基本信息和变更记录的数据库中获取。
2. **信用评级事件信息**：需要从记录公司信用评级相关事件的数据库中获取。

根据知识库描述：
- `astockbasicinfodb` 包含了公司概况和名称变更等信息，可能包含业务范围变更记录。
- `creditdb` 记录了与违规事件相关的处罚信息，可能包含信用评级相关事件。

【选中的数据库】
- `astockbasicinfodb`: 这个数据库包含公司概况和变更记录，可以获取业务范围变更信息。
- `creditdb`: 这个数据库记录了与违规事件相关的处罚信息，可能包含信用评级相关事件。

【选中的数据库的清单】
```json
["astockbasicinfodb", "creditdb"]
```
补充选择db: ["hkstockdb", "usstockdb"]

>>>>> 【user】 Said:
数据库表信息如下:
[{"表名": "astockbasicinfodb.lc_stockarchives", "说明": "该数据表主要记录了公司的基本信息、联系方式、经营信息及证券信息等内容。其中，公司基本信息包括公司代码、国别、中文名称、法人代表、总经理、法律顾问、会计师事务所、公司成立日期、首次注册登记地点、企业法人营业执照注册号、所属区县及地区代码；联系方式涵盖联系人电话、传真、电子邮箱，公司注册地址、办公地址、联系地址及其对应的邮编，董秘及证券事务代表的电话、传真、电子邮件，以及公司邮箱和网址；经营信息涉及公司所属证监会行业、主营及兼营范围；证券信息包括A股、B股、H股及CDR证券的简称和代码，扩位简称，以及尚未盈利标识、特殊表决权标识、协议控制架构标识、红筹企业标识；此外，还包括信息披露相关内容如披露网址、披露报纸，以及公司简介等。"}, {"表名": "astockbasicinfodb.lc_namechange", "说明": "该数据表主要记录公司基本信息及相关公告，包括公司代码、中文及英文名称（全称与缩写）、信息来源和发布日期等基本信息；还涵盖重要事件如股东大会决议公告日期、是否否决决议、全称更改日期等关键时间节点，便于追踪企业动态与重要决策信息。"}, {"表名": "astockbasicinfodb.lc_business", "说明": "该数据表主要用于记录公司基本信息及相关业务情况，包括公司代码、信息发布日期和来源等基础信息；股东大会决议公告日期及是否否决的决议结果等决策信息；经营范围及主要业务、产品名称等经营信息；涉及行业的分类信息，如行业代码、行业类别及涉足行业等；此外，还包括简称变更原因等补充说明字段。"}, {"表名": "creditdb.lc_violatiparty", "说明": "该数据表主要用于记录与事件相关的处罚信息，包含以下几类字段：标识信息如记录ID（RID）和事件代码（EventCode）；当事人信息包括当事人名称、性质及编码（PartyName、PartyType、PartyCode）；时间信息如起始日期和结束日期（BeginDate、EndDate）；违规及处罚信息包括违规条款、违规说明、处罚类型（新旧）、处罚机构及其编码、处罚说明、涉及金额及计价货币（ViolationClause、ViolationStatement、PenalType、PenalTypeNew、PenalOrg、PenalOrgCode、PenalStatement、AmountInvolved、CurrencyCode）；关联信息如关联上市公司（RelataCompany）；其他信息包括无描述字段（AnnID）。"}, {"表名": "hkstockdb.hk_employeechange", "说明": "该数据表主要记录证券相关信息，包括证券内部代码、信息发布日期与来源等基本信息；股东大会公告日期及相关生效与失效日期等时间信息；是否有效的状态标识；以及变更前后员工数量的对比等数据。"}, {"表名": "hkstockdb.hk_stockarchives", "说明": "该数据表主要记录公司基本信息及相关属性，涵盖了公司标识信息如公司代码、中文名称、企业类别及描述等；成立及注册信息如公司成立日期、注册地、注册资本及其货币单位等；行业分类信息如所属行业（港交所、恒生）等；管理层信息如主席、公司秘书、合资格会计师等；办公及运营信息如注册办事处、总办事处及主要营业地点、股份过户处（香港）等；联系方式如电话、传真、邮箱、公司网址等；以及其他信息如公司业务、公司简介、审计机构等，全面反映了公司的基本情况和运营特征。"}, {"表名": "hkstockdb.cs_hkstockperformance", "说明": "该数据表主要用于记录证券交易及相关指标的详细信息，涵盖了基础信息如证券内部编码、交易日、货币代码等；价格信息包括昨收盘、今开盘、最高价、最低价、收盘价、均价、复权最高价及最低价等；成交信息如成交量、成交金额、换手率等；涨跌信息包括涨跌金额、涨跌幅、振幅等；市值信息如总市值、流通市值等；周期指标覆盖近一周、本周、近一月、本月、近三个月、近六个月、近一年及今年以来的成交、涨跌、振幅、换手率、均价、市值等详细数据，且提供各周期的日均指标；此外，还包含上市以来的复权价格及其对应日期等。"}, {"表名": "usstockdb.us_companyinfo", "说明": "该数据表主要记录公司的基本信息，包括公司标识信息如公司代码、英文名称及其缩写、中文名称；地址信息如公司地址、城市、省份、邮编、国家及国家代码；联系方式如电话、传真；公司描述信息如公司简介、英文公司简介、英文业务简介；注册地信息如注册地国家、注册地省份/州；其他信息如成立日期及其精度、公司类型、是否公司总部，以及链接地址等。"}, {"表名": "usstockdb.us_dailyquote", "说明": "该数据表记录了证券交易的详细信息，包括交易日和证券内部代码用于标识交易记录，开盘价、最高价、最低价和收盘价用于描述当天的价格波动，成交量和成交额反映市场活跃程度，每股收益TTM和证券总市值提供了盈利能力和规模的财务指标，证券总股本用于计算市场相关比率，昨收盘和日涨跌则用于分析价格变动趋势，涨跌幅百分比和均价提供了额外的市场表现信息。"}]

请选择table，务必遵循输出的格式要求。

>>>>> Agent【Check_db_structure.table_selector】 Said:
【分析】
要查询亚钾国际投资(广州)股份有限公司（证券代码000893）在2020年业务范围变更日期前后30天内发生的信用评级相关事件，我们需要以下信息：
1. 公司的业务范围变更日期。
2. 信用评级相关事件的信息。

【选中的数据表】
- `astockbasicinfodb.lc_business`: 这个数据表包含公司业务范围变更的日期信息。
- `creditdb.lc_violatiparty`: 这个数据表包含与事件相关的处罚信息，可能包含信用评级相关事件。

【选中的数据库表的清单】
```json
["astockbasicinfodb.lc_business", "creditdb.lc_violatiparty"]
```


>>>>> 【user】 Said:
已取得可用的数据表的字段信息如下:
[{"表名": "astockbasicinfodb.lc_business", "表字段": [{"column": "CompanyCode", "desc": "公司代码；公司代码（CompanyCode）：与“证券主表（SecuMain）”中的“公司代码（CompanyCode）”关联，得到上市公司的交易代码、简称等。"}, {"column": "InfoPublDate", "desc": "信息发布日期"}, {"column": "InfoSource", "desc": "信息来源"}, {"column": "SMDeciPublDate", "desc": "股东大会决议公告日期"}, {"column": "IfPassed", "desc": "是否否决；是否否决(IfPassed)，该字段固定以下常量：0-否；1-是"}, {"column": "BusinessMajor", "desc": "经营范围-主营"}, {"column": "BusinessMinor", "desc": "经营范围-兼营"}, {"column": "MainBusiness", "desc": "主要业务"}, {"column": "MainName", "desc": "主要产品与业务名称"}, {"column": "CSRCInduCategory", "desc": "行业代码；行业代码（CSRCInduCategory）：当行业类别（IndustryType）=1时，与行业表（CT_Industry）中行业编码（IndustryNum）关联，得到CSRC行业分类标准下的行业名称；当行业类别（IndustryType）=22时，与系统常量表(CT_SystemConst)中的DM字段关联，令LB=1755，得到证监会行业分类2012版分类标准下的行业名称。"}, {"column": "InduEngaged", "desc": "涉足行业"}, {"column": "ChangeReason", "desc": "简称变更原因"}, {"column": "IndustryType", "desc": "行业类别；行业类别(IndustryType)与(CT_SystemConst)表中的DM字段关联，令LB = 1081 and DM in (1,22)，得到行业类别的具体描述：1-CSRC行业分类，22-证监会行业分类2012版。"}]}, {"表名": "creditdb.lc_violatiparty", "表字段": [{"column": "RID", "desc": "RID"}, {"column": "EventCode", "desc": "事件代码"}, {"column": "PartyName", "desc": "当事人"}, {"column": "PartyType", "desc": "当事人性质"}, {"column": "PartyCode", "desc": "当事人编码"}, {"column": "BeginDate", "desc": "起始日期"}, {"column": "EndDate", "desc": "日期"}, {"column": "ViolationClause", "desc": "违规条款"}, {"column": "PenalOrg", "desc": "处罚机构"}, {"column": "PenalType", "desc": "处罚类型"}, {"column": "AmountInvolved", "desc": "涉及金额(元)"}, {"column": "CurrencyCode", "desc": "计价货币"}, {"column": "PenalStatement", "desc": "处罚说明"}, {"column": "PenalOrgCode", "desc": "处罚机构编码"}, {"column": "RelataCompany", "desc": "关联上市公司"}, {"column": "PenalTypeNew", "desc": "处罚类型(新)"}, {"column": "ViolationStatement", "desc": "违规说明"}, {"column": "AnnID", "desc": "No description available"}]}]

请选择column，务必遵循输出的格式要求。

>>>>> Agent【Check_db_structure.columns_selector】 Said:
【分析】
用户需要查询的是在特定日期（2020-02-22、2020-04-29、2020-07-14）前后30天内，亚钾国际投资(广州)股份有限公司（证券代码000893）发生的信用评级相关事件的次数及具体日期。这涉及到公司代码、业务范围变更日期、信用评级事件日期等信息。

【信息所在字段】
- astockbasicinfodb.lc_business.CompanyCode: 这个字段可能包含公司代码信息，对应用户提问中的亚钾国际投资(广州)股份有限公司（证券代码000893）
- astockbasicinfodb.lc_business.InfoPublDate: 这个字段可能包含业务范围变更日期信息，对应用户提问中的2020-02-22、2020-04-29、2020-07-14
- creditdb.lc_violatiparty.BeginDate: 这个字段可能包含信用评级事件的起始日期信息，对应用户提问中的信用评级相关事件日期
- creditdb.lc_violatiparty.EndDate: 这个字段可能包含信用评级事件的结束日期信息，对应用户提问中的信用评级相关事件日期

【筛选条件所在字段】
- astockbasicinfodb.lc_business.CompanyCode: 这个字段用于筛选特定公司，对应用户提问中的亚钾国际投资(广州)股份有限公司（证券代码000893）
- astockbasicinfodb.lc_business.InfoPublDate: 这个字段用于筛选业务范围变更日期前后30天的时间范围，对应用户提问中的2020-02-22、2020-04-29、2020-07-14前后30天

【选中的字段的清单】
```json
{
  "astockbasicinfodb.lc_business": ["CompanyCode", "InfoPublDate"],
  "creditdb.lc_violatiparty": ["BeginDate", "EndDate"]
}
```


>>>>> 【user】 Said:
之前已查询到信息如下:
查询结果表明: 在2020年，公司代码为463的公司的信息发布日期有三个，分别是2020年2月22日、2020年4月29日和2020年7月14日。这些日期按照从小到大的顺序排列。

请问:在2020年亚钾国际投资(广州)股份有限公司（证券代码000893）的业务范围变更日期（分别为2020-02-22、2020-04-29、2020-07-14）前后30天内，公司发生了多少次信用评级相关事件？请列出具体的事件日期。

>>>>> Agent【Sql_query.master】 Said:
【已知信息】
- 亚钾国际投资(广州)股份有限公司（证券代码000893）的业务范围变更日期分别为2020-02-22、2020-04-29、2020-07-14。
- 公司代码为463。

【当前阶段要获取的信息】
- 在2020年亚钾国际投资(广州)股份有限公司的业务范围变更日期前后30天内，公司发生的信用评级相关事件的次数及具体日期。

【信息所在字段】
- 信用评级相关事件的信息可能存在于`creditdb.lc_violatiparty`表中。
- 相关字段可能包括`BeginDate`和`EndDate`。

【筛选条件所在字段】
- 筛选条件包括公司代码`CompanyCode`和日期范围。

【SQL语句的思路】
1. 首先，确定`creditdb.lc_violatiparty`表中是否有`CompanyCode`字段。
2. 如果有，使用该字段进行筛选。
3. 计算每个业务范围变更日期前后30天的日期范围。
4. 使用`DATE(BeginDate)`和`DATE(EndDate)`进行日期范围筛选。

【执行SQL语句】
```exec_sql
SELECT BeginDate, EndDate
FROM creditdb.lc_violatiparty
WHERE CompanyCode = 463
AND (
    (DATE(BeginDate) BETWEEN '2020-01-23' AND '2020-03-23')
    OR (DATE(BeginDate) BETWEEN '2020-03-30' AND '2020-05-29')
    OR (DATE(BeginDate) BETWEEN '2020-06-15' AND '2020-08-13')
)
LIMIT 100
```

【上述SQL语句的含义】
- 从`creditdb.lc_violatiparty`表中筛选出公司代码为463的记录。
- 分别检查`BeginDate`是否在2020-02-22前后30天、2020-04-29前后30天、2020-07-14前后30天的范围内。
- 限制返回结果最多为100条，以避免过多数据。

接下来，我们将根据查询结果进一步分析。

>>>>> 查询sql:
SELECT BeginDate, EndDate
FROM creditdb.lc_violatiparty
WHERE CompanyCode = 463
AND (
    (DATE(BeginDate) BETWEEN '2020-01-23' AND '2020-03-23')
    OR (DATE(BeginDate) BETWEEN '2020-03-30' AND '2020-05-29')
    OR (DATE(BeginDate) BETWEEN '2020-06-15' AND '2020-08-13')
)
LIMIT 100;
查询失败: 查询执行失败: (mysql.connector.errors.ProgrammingError) 1054 (42S22): Unknown column 'CompanyCode' in 'where clause'
[SQL: SELECT BeginDate, EndDate
FROM creditdb.lc_violatiparty
WHERE CompanyCode = 463
AND (
    (DATE(BeginDate) BETWEEN '2020-01-23' AND '2020-03-23')
    OR (DATE(BeginDate) BETWEEN '2020-03-30' AND '2020-05-29')
    OR (DATE(BeginDate) BETWEEN '2020-06-15' AND '2020-08-13')
)
LIMIT 100;]
(Background on this error at: https://sqlalche.me/e/20/f405)


>>>>> 【user】 Said:
查询SQL:
SELECT BeginDate, EndDate
FROM creditdb.lc_violatiparty
WHERE CompanyCode = 463
AND (
    (DATE(BeginDate) BETWEEN '2020-01-23' AND '2020-03-23')
    OR (DATE(BeginDate) BETWEEN '2020-03-30' AND '2020-05-29')
    OR (DATE(BeginDate) BETWEEN '2020-06-15' AND '2020-08-13')
)
LIMIT 100;
查询发生异常：查询执行失败: (mysql.connector.errors.ProgrammingError) 1054 (42S22): Unknown column 'CompanyCode' in 'where clause'
[SQL: SELECT BeginDate, EndDate
FROM creditdb.lc_violatiparty
WHERE CompanyCode = 463
AND (
    (DATE(BeginDate) BETWEEN '2020-01-23' AND '2020-03-23')
    OR (DATE(BeginDate) BETWEEN '2020-03-30' AND '2020-05-29')
    OR (DATE(BeginDate) BETWEEN '2020-06-15' AND '2020-08-13')
)
LIMIT 100;]
(Background on this error at: https://sqlalche.me/e/20/f405)

请修正

>>>>> Agent【Sql_query.master】 Said:
【已知信息】
- 亚钾国际投资(广州)股份有限公司（证券代码000893）的业务范围变更日期分别为2020-02-22、2020-04-29、2020-07-14。
- 公司代码为463。
- `creditdb.lc_violatiparty`表中没有`CompanyCode`字段。

【当前阶段要获取的信息】
- 在2020年亚钾国际投资(广州)股份有限公司的业务范围变更日期前后30天内，公司发生的信用评级相关事件的次数及具体日期。

【信息所在字段】
- 信用评级相关事件的信息可能存在于`creditdb.lc_violatiparty`表中。
- 相关字段可能包括`BeginDate`和`EndDate`。

【筛选条件所在字段】
- 由于`creditdb.lc_violatiparty`表中没有`CompanyCode`字段，需要找到其他关联字段进行筛选。

【SQL语句的思路】
1. 确认`creditdb.lc_violatiparty`表中是否有其他可以关联到公司代码的字段。
2. 如果没有直接关联字段，可能需要通过其他表进行联表查询。
3. 计算每个业务范围变更日期前后30天的日期范围。
4. 使用`DATE(BeginDate)`和`DATE(EndDate)`进行日期范围筛选。

【执行SQL语句】
首先，我们需要确认`creditdb.lc_violatiparty`表的结构，查看是否有其他可以关联到公司代码的字段。

```exec_sql
SHOW CREATE TABLE creditdb.lc_violatiparty;
```

【上述SQL语句的含义】
- 查看`creditdb.lc_violatiparty`表的完整结构，以便找到可以关联到公司代码的字段。

接下来，我们将根据表结构信息进一步调整查询策略。

>>>>> 查询sql:
SHOW CREATE TABLE creditdb.lc_violatiparty;
查询结果:
[{"Table": "lc_violatiparty", "Create Table": "CREATE TABLE `lc_violatiparty` (\n  `ID` bigint NOT NULL COMMENT 'ID',\n  `RID` bigint DEFAULT NULL COMMENT 'RID',\n  `EventCode` bigint DEFAULT NULL COMMENT '事件代码',\n  `PartyName` longtext COLLATE utf8mb4_unicode_ci COMMENT '当事人',\n  `PartyType` bigint DEFAULT NULL COMMENT '当事人性质',\n  `PartyCode` bigint DEFAULT NULL COMMENT '当事人编码',\n  `BeginDate` longtext COLLATE utf8mb4_unicode_ci COMMENT '起始日期',\n  `EndDate` longtext COLLATE utf8mb4_unicode_ci COMMENT '日期',\n  `ViolationClause` longtext COLLATE utf8mb4_unicode_ci COMMENT '违规条款',\n  `PenalOrg` bigint DEFAULT NULL COMMENT '处罚机构',\n  `PenalType` bigint DEFAULT NULL COMMENT '处罚类型',\n  `AmountInvolved` double DEFAULT NULL COMMENT '涉及金额(元)',\n  `CurrencyCode` bigint DEFAULT NULL COMMENT '计价货币',\n  `PenalStatement` longtext COLLATE utf8mb4_unicode_ci COMMENT '处罚说明',\n  `UpdateTime` longtext COLLATE utf8mb4_unicode_ci COMMENT '更新时间',\n  `JSID` bigint DEFAULT NULL COMMENT 'JSID',\n  `PenalOrgCode` bigint DEFAULT NULL COMMENT '处罚机构编码',\n  `RelataCompany` bigint DEFAULT NULL COMMENT '关联上市公司',\n  `PenalTypeNew` bigint DEFAULT NULL COMMENT '处罚类型(新)',\n  `ViolationStatement` longtext COLLATE utf8mb4_unicode_ci COMMENT '违规说明',\n  `InsertTime` longtext COLLATE utf8mb4_unicode_ci COMMENT '发布时间',\n  `AnnID` bigint DEFAULT NULL COMMENT 'No description available',\n  PRIMARY KEY (`ID`)\n) ENGINE=InnoDB DEFAULT CHARSET=utf8mb4 COLLATE=utf8mb4_unicode_ci COMMENT='违规当事人处罚'"}]


>>>>> 【user】 Said:
查询SQL:
SHOW CREATE TABLE creditdb.lc_violatiparty;
查询结果:
[{"Table": "lc_violatiparty", "Create Table": "CREATE TABLE `lc_violatiparty` (\n  `ID` bigint NOT NULL COMMENT 'ID',\n  `RID` bigint DEFAULT NULL COMMENT 'RID',\n  `EventCode` bigint DEFAULT NULL COMMENT '事件代码',\n  `PartyName` longtext COLLATE utf8mb4_unicode_ci COMMENT '当事人',\n  `PartyType` bigint DEFAULT NULL COMMENT '当事人性质',\n  `PartyCode` bigint DEFAULT NULL COMMENT '当事人编码',\n  `BeginDate` longtext COLLATE utf8mb4_unicode_ci COMMENT '起始日期',\n  `EndDate` longtext COLLATE utf8mb4_unicode_ci COMMENT '日期',\n  `ViolationClause` longtext COLLATE utf8mb4_unicode_ci COMMENT '违规条款',\n  `PenalOrg` bigint DEFAULT NULL COMMENT '处罚机构',\n  `PenalType` bigint DEFAULT NULL COMMENT '处罚类型',\n  `AmountInvolved` double DEFAULT NULL COMMENT '涉及金额(元)',\n  `CurrencyCode` bigint DEFAULT NULL COMMENT '计价货币',\n  `PenalStatement` longtext COLLATE utf8mb4_unicode_ci COMMENT '处罚说明',\n  `UpdateTime` longtext COLLATE utf8mb4_unicode_ci COMMENT '更新时间',\n  `JSID` bigint DEFAULT NULL COMMENT 'JSID',\n  `PenalOrgCode` bigint DEFAULT NULL COMMENT '处罚机构编码',\n  `RelataCompany` bigint DEFAULT NULL COMMENT '关联上市公司',\n  `PenalTypeNew` bigint DEFAULT NULL COMMENT '处罚类型(新)',\n  `ViolationStatement` longtext COLLATE utf8mb4_unicode_ci COMMENT '违规说明',\n  `InsertTime` longtext COLLATE utf8mb4_unicode_ci COMMENT '发布时间',\n  `AnnID` bigint DEFAULT NULL COMMENT 'No description available',\n  PRIMARY KEY (`ID`)\n) ENGINE=InnoDB DEFAULT CHARSET=utf8mb4 COLLATE=utf8mb4_unicode_ci COMMENT='违规当事人处罚'"}]

请理解查询结果

>>>>> Agent【Sql_query.understand_query_result】 Said:
查询结果表明: 表`lc_violatiparty`在数据库`creditdb`中的结构定义如下。该表包含以下字段：`ID`（ID，主键），`RID`（RID），`EventCode`（事件代码），`PartyName`（当事人），`PartyType`（当事人性质），`PartyCode`（当事人编码），`BeginDate`（起始日期），`EndDate`（日期），`ViolationClause`（违规条款），`PenalOrg`（处罚机构），`PenalType`（处罚类型），`AmountInvolved`（涉及金额(元)），`CurrencyCode`（计价货币），`PenalStatement`（处罚说明），`UpdateTime`（更新时间），`JSID`（JSID），`PenalOrgCode`（处罚机构编码），`RelataCompany`（关联上市公司），`PenalTypeNew`（处罚类型(新)），`ViolationStatement`（违规说明），`InsertTime`（发布时间），`AnnID`（无描述）。该表使用InnoDB引擎，默认字符集为utf8mb4，校对规则为utf8mb4_unicode_ci，表注释为“违规当事人处罚”。


>>>>> 【user】 Said:
查询SQL:
SHOW CREATE TABLE creditdb.lc_violatiparty;
查询结果:
[{"Table": "lc_violatiparty", "Create Table": "CREATE TABLE `lc_violatiparty` (\n  `ID` bigint NOT NULL COMMENT 'ID',\n  `RID` bigint DEFAULT NULL COMMENT 'RID',\n  `EventCode` bigint DEFAULT NULL COMMENT '事件代码',\n  `PartyName` longtext COLLATE utf8mb4_unicode_ci COMMENT '当事人',\n  `PartyType` bigint DEFAULT NULL COMMENT '当事人性质',\n  `PartyCode` bigint DEFAULT NULL COMMENT '当事人编码',\n  `BeginDate` longtext COLLATE utf8mb4_unicode_ci COMMENT '起始日期',\n  `EndDate` longtext COLLATE utf8mb4_unicode_ci COMMENT '日期',\n  `ViolationClause` longtext COLLATE utf8mb4_unicode_ci COMMENT '违规条款',\n  `PenalOrg` bigint DEFAULT NULL COMMENT '处罚机构',\n  `PenalType` bigint DEFAULT NULL COMMENT '处罚类型',\n  `AmountInvolved` double DEFAULT NULL COMMENT '涉及金额(元)',\n  `CurrencyCode` bigint DEFAULT NULL COMMENT '计价货币',\n  `PenalStatement` longtext COLLATE utf8mb4_unicode_ci COMMENT '处罚说明',\n  `UpdateTime` longtext COLLATE utf8mb4_unicode_ci COMMENT '更新时间',\n  `JSID` bigint DEFAULT NULL COMMENT 'JSID',\n  `PenalOrgCode` bigint DEFAULT NULL COMMENT '处罚机构编码',\n  `RelataCompany` bigint DEFAULT NULL COMMENT '关联上市公司',\n  `PenalTypeNew` bigint DEFAULT NULL COMMENT '处罚类型(新)',\n  `ViolationStatement` longtext COLLATE utf8mb4_unicode_ci COMMENT '违规说明',\n  `InsertTime` longtext COLLATE utf8mb4_unicode_ci COMMENT '发布时间',\n  `AnnID` bigint DEFAULT NULL COMMENT 'No description available',\n  PRIMARY KEY (`ID`)\n) ENGINE=InnoDB DEFAULT CHARSET=utf8mb4 COLLATE=utf8mb4_unicode_ci COMMENT='违规当事人处罚'"}]

查询结果表明: 表`lc_violatiparty`在数据库`creditdb`中的结构定义如下。该表包含以下字段：`ID`（ID，主键），`RID`（RID），`EventCode`（事件代码），`PartyName`（当事人），`PartyType`（当事人性质），`PartyCode`（当事人编码），`BeginDate`（起始日期），`EndDate`（日期），`ViolationClause`（违规条款），`PenalOrg`（处罚机构），`PenalType`（处罚类型），`AmountInvolved`（涉及金额(元)），`CurrencyCode`（计价货币），`PenalStatement`（处罚说明），`UpdateTime`（更新时间），`JSID`（JSID），`PenalOrgCode`（处罚机构编码），`RelataCompany`（关联上市公司），`PenalTypeNew`（处罚类型(新)），`ViolationStatement`（违规说明），`InsertTime`（发布时间），`AnnID`（无描述）。该表使用InnoDB引擎，默认字符集为utf8mb4，校对规则为utf8mb4_unicode_ci，表注释为“违规当事人处罚”。

当前掌握的信息是否能够回答"在2020年亚钾国际投资(广州)股份有限公司（证券代码000893）的业务范围变更日期（分别为2020-02-22、2020-04-29、2020-07-14）前后30天内，公司发生了多少次信用评级相关事件？请列出具体的事件日期。"？还是要继续执行下一阶段SQL查询？

>>>>> Agent【Sql_query.master】 Said:
【已知信息】
- 亚钾国际投资(广州)股份有限公司（证券代码000893）的业务范围变更日期分别为2020-02-22、2020-04-29、2020-07-14。
- 公司代码为463。
- `creditdb.lc_violatiparty`表中没有`CompanyCode`字段，但有`RelataCompany`字段，可能用于关联上市公司。

【当前阶段要获取的信息】
- 在2020年亚钾国际投资(广州)股份有限公司的业务范围变更日期前后30天内，公司发生的信用评级相关事件的次数及具体日期。

【信息所在字段】
- 信用评级相关事件的信息可能存在于`creditdb.lc_violatiparty`表中。
- 相关字段可能包括`BeginDate`和`EndDate`。

【筛选条件所在字段】
- 使用`RelataCompany`字段进行公司关联。

【SQL语句的思路】
1. 使用`RelataCompany`字段进行公司关联，筛选出与亚钾国际投资(广州)股份有限公司相关的记录。
2. 计算每个业务范围变更日期前后30天的日期范围。
3. 使用`DATE(BeginDate)`和`DATE(EndDate)`进行日期范围筛选。

【执行SQL语句】
```exec_sql
SELECT BeginDate, EndDate
FROM creditdb.lc_violatiparty
WHERE RelataCompany = 463
AND (
    (DATE(BeginDate) BETWEEN '2020-01-23' AND '2020-03-23')
    OR (DATE(BeginDate) BETWEEN '2020-03-30' AND '2020-05-29')
    OR (DATE(BeginDate) BETWEEN '2020-06-15' AND '2020-08-13')
)
LIMIT 100
```

【上述SQL语句的含义】
- 从`creditdb.lc_violatiparty`表中筛选出关联上市公司代码为463的记录。
- 分别检查`BeginDate`是否在2020-02-22前后30天、2020-04-29前后30天、2020-07-14前后30天的范围内。
- 限制返回结果最多为100条，以避免过多数据。

接下来，我们将根据查询结果进一步分析。

>>>>> 查询sql:
SELECT BeginDate, EndDate
FROM creditdb.lc_violatiparty
WHERE RelataCompany = 463
AND (
    (DATE(BeginDate) BETWEEN '2020-01-23' AND '2020-03-23')
    OR (DATE(BeginDate) BETWEEN '2020-03-30' AND '2020-05-29')
    OR (DATE(BeginDate) BETWEEN '2020-06-15' AND '2020-08-13')
)
LIMIT 100;
查询结果:
[]


>>>>> 【user】 Said:
查询SQL:
SELECT BeginDate, EndDate
FROM creditdb.lc_violatiparty
WHERE RelataCompany = 463
AND (
    (DATE(BeginDate) BETWEEN '2020-01-23' AND '2020-03-23')
    OR (DATE(BeginDate) BETWEEN '2020-03-30' AND '2020-05-29')
    OR (DATE(BeginDate) BETWEEN '2020-06-15' AND '2020-08-13')
)
LIMIT 100;
查询结果:
[]

请理解查询结果

>>>>> Agent【Sql_query.understand_query_result】 Said:
查询结果表明: 在表creditdb.lc_violatiparty中，针对相关公司代码为463的记录，查询其在三个指定日期区间（2020-01-23至2020-03-23、2020-03-30至2020-05-29、2020-06-15至2020-08-13）内的起始日期（BeginDate）和结束日期（EndDate），但未找到任何符合条件的记录。返回结果为空。


>>>>> 【user】 Said:
查询SQL:
SELECT BeginDate, EndDate
FROM creditdb.lc_violatiparty
WHERE RelataCompany = 463
AND (
    (DATE(BeginDate) BETWEEN '2020-01-23' AND '2020-03-23')
    OR (DATE(BeginDate) BETWEEN '2020-03-30' AND '2020-05-29')
    OR (DATE(BeginDate) BETWEEN '2020-06-15' AND '2020-08-13')
)
LIMIT 100;
查询结果:
[]

查询结果表明: 在表creditdb.lc_violatiparty中，针对相关公司代码为463的记录，查询其在三个指定日期区间（2020-01-23至2020-03-23、2020-03-30至2020-05-29、2020-06-15至2020-08-13）内的起始日期（BeginDate）和结束日期（EndDate），但未找到任何符合条件的记录。返回结果为空。

当前掌握的信息是否能够回答"在2020年亚钾国际投资(广州)股份有限公司（证券代码000893）的业务范围变更日期（分别为2020-02-22、2020-04-29、2020-07-14）前后30天内，公司发生了多少次信用评级相关事件？请列出具体的事件日期。"？还是要继续执行下一阶段SQL查询？

>>>>> Agent【Sql_query.master】 Said:
【已知信息】
- 亚钾国际投资(广州)股份有限公司（证券代码000893）的业务范围变更日期分别为2020-02-22、2020-04-29、2020-07-14。
- 公司代码为463。
- 在`creditdb.lc_violatiparty`表中，针对公司代码为463的记录，在三个指定日期区间内未找到任何符合条件的信用评级相关事件记录。

【当前阶段要获取的信息】
- 在2020年亚钾国际投资(广州)股份有限公司的业务范围变更日期前后30天内，公司发生的信用评级相关事件的次数及具体日期。

【信息所在字段】
- 信用评级相关事件的信息可能存在于`creditdb.lc_violatiparty`表中。
- 相关字段可能包括`BeginDate`和`EndDate`。

【筛选条件所在字段】
- 使用`RelataCompany`字段进行公司关联。

【SQL语句的思路】
- 已执行的查询未找到任何符合条件的记录，表明在指定日期区间内，公司未发生任何信用评级相关事件。

【执行SQL语句】
- 无需继续执行SQL查询，因为已确认在指定日期区间内无相关事件记录。

【上述SQL语句的含义】
- 无需进一步执行SQL查询。

【结论】
当前掌握的信息已经能够回答问题：在2020年亚钾国际投资(广州)股份有限公司（证券代码000893）的业务范围变更日期（分别为2020-02-22、2020-04-29、2020-07-14）前后30天内，公司未发生任何信用评级相关事件。

【回答】
在2020年亚钾国际投资(广州)股份有限公司（证券代码000893）的业务范围变更日期前后30天内，公司未发生任何信用评级相关事件。

【执行SQL语句】
```exec_sql
无
```

【上述SQL语句的含义】
- 无需进一步执行SQL查询。


>>>>> 【user】 Said:
请回答问题:"在2020年亚钾国际投资(广州)股份有限公司（证券代码000893）的业务范围变更日期（分别为2020-02-22、2020-04-29、2020-07-14）前后30天内，公司发生了多少次信用评级相关事件？请列出具体的事件日期。"

>>>>> Agent【Sql_query.summary】 Said:
在2020年亚钾国际投资(广州)股份有限公司（证券代码000893）的业务范围变更日期前后30天内，公司未发生任何信用评级相关事件。

事件次数: 0

具体事件日期: 无
