
>>>>> Original Question: 桐昆股份在2019年第一季度的最高价、最低价分别是多少？成交量最大的一天是哪天？


>>>>> Agent【extract_company】 Said:
```json
["桐昆股份"]
```

>>>>> 查询sql:
SELECT 'constantdb.secumain' AS TableName, InnerCode, CompanyCode, ChiName, EngName, SecuCode
FROM constantdb.secumain 
WHERE SecuCode = '桐昆股份'
   OR ChiName LIKE '%桐昆股份%'
   OR ChiNameAbbr LIKE '%桐昆股份%'
   OR EngName LIKE '%桐昆股份%'
   OR EngNameAbbr LIKE '%桐昆股份%'
   OR SecuAbbr LIKE '%桐昆股份%'
UNION ALL
SELECT 'constantdb.hk_secumain' AS TableName, InnerCode, CompanyCode, ChiName, EngName, SecuCode
FROM constantdb.hk_secumain 
WHERE SecuCode = '%桐昆股份%'
   OR ChiName LIKE '%桐昆股份%'
   OR ChiNameAbbr LIKE '%桐昆股份%'
   OR EngName LIKE '%桐昆股份%'
   OR EngNameAbbr LIKE '%桐昆股份%'
   OR SecuAbbr LIKE '%桐昆股份%'
   OR FormerName LIKE '%桐昆股份%'
UNION ALL
SELECT 'constantdb.us_secumain' AS TableName, InnerCode, CompanyCode, ChiName, EngName, SecuCode
FROM constantdb.us_secumain 
WHERE SecuCode = '桐昆股份'
   OR ChiName LIKE '%桐昆股份%'
   OR EngName LIKE '%桐昆股份%'
   OR SecuAbbr LIKE '%桐昆股份%';
查询结果:
[{"TableName": "constantdb.secumain", "InnerCode": 13045, "CompanyCode": 149461, "ChiName": "桐昆集团股份有限公司", "EngName": "Tongkun Group Co.,Ltd", "SecuCode": "601233"}]


>>>>> Agent【rewrite_question】 Said:
桐昆集团股份有限公司（CompanyCode: 149461, InnerCode: 13045）在2019年第一季度的最高价、最低价分别是多少？成交量最大的一天是哪天？

>>>>> 已知事实:
桐昆股份的关联信息有:[InnerCode(证券内部编码)是13045;CompanyCode(公司代码)是149461;ChiName(中文名称)是桐昆集团股份有限公司;EngName(英文名称)是Tongkun Group Co.,Ltd;SecuCode(证券代码)是601233;]

>>>>> Agent【Check_db_structure.db_selector】 Said:
【分析】
用户需要查询桐昆集团股份有限公司在2019年第一季度的最高价、最低价以及成交量最大的一天。这些信息属于股票行情数据，因此需要选择包含股票行情详细数据的数据库。

【选中的数据库】
- astockmarketquotesdb: 这个数据库记录了境内股票的交易行情，包括每日行情、成交量等技术指标，能够提供所需的最高价、最低价和成交量数据。

【选中的数据库的清单】
```json
["astockmarketquotesdb"]
```


>>>>> Agent【Check_db_structure.table_selector】 Said:
【分析】
用户需要查询桐昆集团股份有限公司（CompanyCode: 149461, InnerCode: 13045）在2019年第一季度的最高价、最低价以及成交量最大的一天。这些信息涉及到每日的交易数据，包括价格和成交量。

【选中的数据表】
- astockmarketquotesdb.qt_dailyquote: 这个数据表记录了证券交易的核心信息，包括证券内部编码、交易日期、最高价、最低价和成交量等数据。

【选中的数据库表的清单】
```json
["astockmarketquotesdb.qt_dailyquote"]
```


>>>>> Agent【Check_db_structure.columns_selector】 Said:
【分析】
用户提问涉及桐昆集团股份有限公司在2019年第一季度的最高价、最低价以及成交量最大的一天。需要从数据表中找到相关的字段来提取这些信息。

1. **最高价和最低价**：需要找到记录每日最高价和最低价的字段。
2. **成交量最大的一天**：需要找到记录每日成交量的字段。
3. **时间范围**：需要筛选2019年第一季度的数据。
4. **公司识别**：需要通过公司代码（CompanyCode）或内部编码（InnerCode）来识别桐昆集团股份有限公司。

【信息所在字段】
- astockmarketquotesdb.qt_dailyquote.HighPrice: 这个字段可能包含每日最高价信息，对应用户提问中的最高价。
- astockmarketquotesdb.qt_dailyquote.LowPrice: 这个字段可能包含每日最低价信息，对应用户提问中的最低价。
- astockmarketquotesdb.qt_dailyquote.TurnoverVolume: 这个字段可能包含每日成交量信息，对应用户提问中的成交量最大的一天。
- astockmarketquotesdb.qt_dailyquote.TradingDay: 这个字段可能包含交易日信息，用于筛选2019年第一季度的数据。

【筛选条件所在字段】
- constantdb.secumain.CompanyCode: 这个字段可能包含公司代码信息，对应用户提问中的CompanyCode。
- constantdb.secumain.InnerCode: 这个字段可能包含证券内部编码信息，对应用户提问中的InnerCode。
- astockmarketquotesdb.qt_dailyquote.InnerCode: 这个字段用于与证券主表关联，得到具体的证券信息。
- astockmarketquotesdb.qt_dailyquote.TradingDay: 这个字段用于筛选2019年第一季度的数据。

【选中的字段的清单】
```json
{
  "astockmarketquotesdb.qt_dailyquote": ["HighPrice", "LowPrice", "TurnoverVolume", "TradingDay", "InnerCode"],
  "constantdb.secumain": ["CompanyCode", "InnerCode"]
}
```


>>>>> Agent【Sql_query.master】 Said:
【已知信息】
- 桐昆集团股份有限公司的CompanyCode是149461，InnerCode是13045
- 需要查询2019年第一季度的最高价、最低价和成交量最大的一天

【当前阶段要获取的信息】
- 2019年第一季度的最高价
- 2019年第一季度的最低价
- 2019年第一季度成交量最大的一天

【信息所在字段】
- 最高价: `HighPrice`
- 最低价: `LowPrice`
- 成交量: `TurnoverVolume`
- 交易日: `TradingDay`

【筛选条件所在字段】
- 证券内部编码: `InnerCode`
- 交易日: `TradingDay`

【SQL语句的思路】
1. 首先查询2019年第一季度的所有交易数据
2. 从中提取最高价和最低价
3. 找出成交量最大的一天

【执行SQL语句】
```exec_sql
SELECT MAX(HighPrice) AS MaxHighPrice, MIN(LowPrice) AS MinLowPrice, TradingDay
FROM astockmarketquotesdb.qt_dailyquote
WHERE InnerCode = 13045 AND DATE(TradingDay) BETWEEN '2019-01-01' AND '2019-03-31'
GROUP BY TradingDay
ORDER BY TurnoverVolume DESC
LIMIT 1
```

【上述SQL语句的含义】
- 从`astockmarketquotesdb.qt_dailyquote`表中查询桐昆集团股份有限公司（InnerCode = 13045）在2019年第一季度（日期在2019-01-01到2019-03-31之间）的数据
- 使用`MAX(HighPrice)`和`MIN(LowPrice)`分别获取最高价和最低价
- 按`TradingDay`分组，并按`TurnoverVolume`降序排列，取成交量最大的一天

请注意，这个查询会返回成交量最大的一天的日期，但最高价和最低价是整个季度的最高和最低价。如果需要分别获取最高价和最低价的具体日期，需要进一步拆分查询。

>>>>> 查询sql:
SELECT MAX(HighPrice) AS MaxHighPrice, MIN(LowPrice) AS MinLowPrice, TradingDay
FROM astockmarketquotesdb.qt_dailyquote
WHERE InnerCode = 13045 AND DATE(TradingDay) BETWEEN '2019-01-01' AND '2019-03-31'
GROUP BY TradingDay
ORDER BY TurnoverVolume DESC
LIMIT 1;
查询失败: 查询执行失败: (mysql.connector.errors.ProgrammingError) 1055 (42000): Expression #1 of ORDER BY clause is not in GROUP BY clause and contains nonaggregated column 'astockmarketquotesdb.qt_dailyquote.TurnoverVolume' which is not functionally dependent on columns in GROUP BY clause; this is incompatible with sql_mode=only_full_group_by
[SQL: SELECT MAX(HighPrice) AS MaxHighPrice, MIN(LowPrice) AS MinLowPrice, TradingDay
FROM astockmarketquotesdb.qt_dailyquote
WHERE InnerCode = 13045 AND DATE(TradingDay) BETWEEN '2019-01-01' AND '2019-03-31'
GROUP BY TradingDay
ORDER BY TurnoverVolume DESC
LIMIT 1;]
(Background on this error at: https://sqlalche.me/e/20/f405)


>>>>> Agent【Sql_query.master】 Said:
【已知信息】
- 桐昆集团股份有限公司的CompanyCode是149461，InnerCode是13045
- 需要查询2019年第一季度的最高价、最低价和成交量最大的一天
- 上次查询因SQL语法错误导致失败

【当前阶段要获取的信息】
- 2019年第一季度的最高价
- 2019年第一季度的最低价
- 2019年第一季度成交量最大的一天

【信息所在字段】
- 最高价: `HighPrice`
- 最低价: `LowPrice`
- 成交量: `TurnoverVolume`
- 交易日: `TradingDay`

【筛选条件所在字段】
- 证券内部编码: `InnerCode`
- 交易日: `TradingDay`

【SQL语句的思路】
1. 首先查询2019年第一季度的所有交易数据
2. 从中提取最高价和最低价
3. 找出成交量最大的一天

由于`ORDER BY TurnoverVolume DESC`与`GROUP BY TradingDay`冲突，我们需要分两步进行查询：
1. 先查询2019年第一季度的最高价和最低价
2. 再查询2019年第一季度成交量最大的一天

【执行SQL语句】
首先查询最高价和最低价：
```exec_sql
SELECT MAX(HighPrice) AS MaxHighPrice, MIN(LowPrice) AS MinLowPrice
FROM astockmarketquotesdb.qt_dailyquote
WHERE InnerCode = 13045 AND DATE(TradingDay) BETWEEN '2019-01-01' AND '2019-03-31'
```

【上述SQL语句的含义】
- 从`astockmarketquotesdb.qt_dailyquote`表中查询桐昆集团股份有限公司（InnerCode = 13045）在2019年第一季度（日期在2019-01-01到2019-03-31之间）的数据
- 使用`MAX(HighPrice)`和`MIN(LowPrice)`分别获取最高价和最低价

接下来，我们将查询成交量最大的一天。请等待这个查询结果后，再进行下一步查询。

>>>>> 查询sql:
SELECT MAX(HighPrice) AS MaxHighPrice, MIN(LowPrice) AS MinLowPrice
FROM astockmarketquotesdb.qt_dailyquote
WHERE InnerCode = 13045 AND DATE(TradingDay) BETWEEN '2019-01-01' AND '2019-03-31';
查询结果:
[{"MaxHighPrice": 15.75, "MinLowPrice": 9.34}]


>>>>> Agent【Sql_query.understand_query_result】 Said:
查询结果表明: 在证券内部编码为13045的记录中，2019年1月1日至2019年3月31日期间，最高价（MaxHighPrice）为15.75元，最低价（MinLowPrice）为9.34元。


>>>>> Agent【Sql_query.master】 Said:
【已知信息】
- 桐昆集团股份有限公司的CompanyCode是149461，InnerCode是13045
- 2019年第一季度的最高价为15.75元，最低价为9.34元
- 需要进一步查询2019年第一季度成交量最大的一天

【当前阶段要获取的信息】
- 2019年第一季度成交量最大的一天

【信息所在字段】
- 成交量: `TurnoverVolume`
- 交易日: `TradingDay`

【筛选条件所在字段】
- 证券内部编码: `InnerCode`
- 交易日: `TradingDay`

【SQL语句的思路】
- 查询2019年第一季度内，桐昆集团股份有限公司（InnerCode = 13045）的每日成交量，并找出成交量最大的一天

【执行SQL语句】
```exec_sql
SELECT TradingDay, TurnoverVolume
FROM astockmarketquotesdb.qt_dailyquote
WHERE InnerCode = 13045 AND DATE(TradingDay) BETWEEN '2019-01-01' AND '2019-03-31'
ORDER BY TurnoverVolume DESC
LIMIT 1
```

【上述SQL语句的含义】
- 从`astockmarketquotesdb.qt_dailyquote`表中查询桐昆集团股份有限公司（InnerCode = 13045）在2019年第一季度（日期在2019-01-01到2019-03-31之间）的每日成交量
- 按`TurnoverVolume`降序排列，取成交量最大的一天

执行此查询后，我们将得到2019年第一季度成交量最大的一天的日期。

>>>>> 查询sql:
SELECT TradingDay, TurnoverVolume
FROM astockmarketquotesdb.qt_dailyquote
WHERE InnerCode = 13045 AND DATE(TradingDay) BETWEEN '2019-01-01' AND '2019-03-31'
ORDER BY TurnoverVolume DESC
LIMIT 1;
查询结果:
[{"TradingDay": "2019-03-19 12:00:00.000", "TurnoverVolume": 114768200.0}]


>>>>> Agent【Sql_query.understand_query_result】 Said:
查询结果表明: 在2019年1月1日至2019年3月31日期间，证券内部编码为13045的证券在2019年3月19日的成交量（TurnoverVolume）最高，为114768200股。


>>>>> Agent【Sql_query.master】 Said:
【已知信息】
- 桐昆集团股份有限公司的CompanyCode是149461，InnerCode是13045
- 2019年第一季度的最高价为15.75元，最低价为9.34元
- 2019年第一季度成交量最大的一天是2019年3月19日，成交量为114768200股

【当前阶段要获取的信息】
- 无需继续执行SQL查询

【信息所在字段】
- 无

【筛选条件所在字段】
- 无

【SQL语句的思路】
- 无

【执行SQL语句】
```exec_sql
无
```

【上述SQL语句的含义】
- 无

当前掌握的信息已经能够完全回答“桐昆集团股份有限公司（CompanyCode: 149461, InnerCode: 13045）在2019年第一季度的最高价、最低价分别是多少？成交量最大的一天是哪天？”的问题。

**回答总结**：
- 2019年第一季度的最高价是15.75元
- 2019年第一季度的最低价是9.34元
- 2019年第一季度成交量最大的一天是2019年3月19日

无需继续执行下一阶段SQL查询。


>>>>> Agent【Sql_query.summary】 Said:
最高价: 15.75元, 最低价: 9.34元, 成交量最大的一天: 2019-03-19
