
>>>>> Original Question: 该公司2021年的管理层总薪酬是多少，所有公司平均水平是多少？该公司管理层薪酬与行业平均水平的差异率是多少？ (四舍五入保留两位小数)


>>>>> 【user】 Said:
下面是已知的事实:
'''
济川药业的关联信息有:[所在数据表是constantdb.secumain;InnerCode(证券内部编码)是1747;CompanyCode(公司代码)是1500;ChiName(中文名称)是湖北济川药业股份有限公司;EngName(英文名称)是Hubei Jumpcan Pharmaceutical Co., Ltd.;SecuCode(证券代码)是600566;]
---
湖北济川药业股份有限公司的关联信息有:[所在数据表是constantdb.secumain;InnerCode(证券内部编码)是1747;CompanyCode(公司代码)是1500;ChiName(中文名称)是湖北济川药业股份有限公司;EngName(英文名称)是Hubei Jumpcan Pharmaceutical Co., Ltd.;SecuCode(证券代码)是600566;]
600566的关联信息有:[所在数据表是constantdb.secumain;InnerCode(证券内部编码)是1747;CompanyCode(公司代码)是1500;ChiName(中文名称)是湖北济川药业股份有限公司;EngName(英文名称)是Hubei Jumpcan Pharmaceutical Co., Ltd.;SecuCode(证券代码)是600566;]
'''
下面是顺序的历史问答:
'''
Question: 济川药业在2021年12月31日的股东总户数是多少？其中A股股东户均持股数是多少股？
Answer: 股东总户数: 55196户, A股户均持股数: 16093.07股
Question: 基于上述股东数据，该公司A股户均持股数相比上一季度的变化率是多少(四舍五入到小数点后两位)？这种变化反映了什么现象？
Answer: 变化率: 54.78%

现象: 股东集中度提高，市场信心增强，公司基本面可能改善，或存在股票回购/增持行为。
'''
现在用户继续提问，请根据已知信息，理解当前这个问题的完整含义，并重写这个问题使得单独拿出来看仍然能够正确理解：该公司2021年的管理层总薪酬是多少，所有公司平均水平是多少？该公司管理层薪酬与行业平均水平的差异率是多少？ (四舍五入保留两位小数)

>>>>> Agent【rewrite_question】 Said:
湖北济川药业股份有限公司（证券代码600566）在2021年的管理层总薪酬是多少？2021年所有公司的管理层平均薪酬是多少？湖北济川药业股份有限公司的管理层薪酬与2021年行业平均水平的差异率是多少？（四舍五入保留两位小数）


>>>>> 【user】 Said:
提取下面这段文字里的实体，如公司名、股票代码等，如果识别结果是空，那么就回复No Entities."湖北济川药业股份有限公司（证券代码600566）在2021年的管理层总薪酬是多少？2021年所有公司的管理层平均薪酬是多少？湖北济川药业股份有限公司的管理层薪酬与2021年行业平均水平的差异率是多少？（四舍五入保留两位小数）"

>>>>> Agent【extract_company】 Said:
```json
["湖北济川药业股份有限公司", "600566"]
```

>>>>> 查询sql:
SELECT 'constantdb.secumain' AS TableName, InnerCode, CompanyCode, ChiName, EngName, SecuCode
FROM constantdb.secumain 
WHERE SecuCode = '湖北济川药业股份有限'
   OR ChiName LIKE '%湖北济川药业股份有限%'
   OR ChiNameAbbr LIKE '%湖北济川药业股份有限%'
   OR EngName LIKE '%湖北济川药业股份有限%'
   OR EngNameAbbr LIKE '%湖北济川药业股份有限%'
   OR SecuAbbr LIKE '%湖北济川药业股份有限%'
UNION ALL
SELECT 'constantdb.hk_secumain' AS TableName, InnerCode, CompanyCode, ChiName, EngName, SecuCode
FROM constantdb.hk_secumain 
WHERE SecuCode = '%湖北济川药业股份有限%'
   OR ChiName LIKE '%湖北济川药业股份有限%'
   OR ChiNameAbbr LIKE '%湖北济川药业股份有限%'
   OR EngName LIKE '%湖北济川药业股份有限%'
   OR EngNameAbbr LIKE '%湖北济川药业股份有限%'
   OR SecuAbbr LIKE '%湖北济川药业股份有限%'
   OR FormerName LIKE '%湖北济川药业股份有限%'
UNION ALL
SELECT 'constantdb.us_secumain' AS TableName, InnerCode, CompanyCode, ChiName, EngName, SecuCode
FROM constantdb.us_secumain 
WHERE SecuCode = '湖北济川药业股份有限'
   OR ChiName LIKE '%湖北济川药业股份有限%'
   OR EngName LIKE '%湖北济川药业股份有限%'
   OR SecuAbbr LIKE '%湖北济川药业股份有限%';
查询结果:
[{"TableName": "constantdb.secumain", "InnerCode": 1747, "CompanyCode": 1500, "ChiName": "湖北济川药业股份有限公司", "EngName": "Hubei Jumpcan Pharmaceutical Co., Ltd.", "SecuCode": "600566"}]

>>>>> 查询sql:
SELECT 'constantdb.secumain' AS TableName, InnerCode, CompanyCode, ChiName, EngName, SecuCode
FROM constantdb.secumain 
WHERE SecuCode = '600566'
   OR ChiName LIKE '%600566%'
   OR ChiNameAbbr LIKE '%600566%'
   OR EngName LIKE '%600566%'
   OR EngNameAbbr LIKE '%600566%'
   OR SecuAbbr LIKE '%600566%'
UNION ALL
SELECT 'constantdb.hk_secumain' AS TableName, InnerCode, CompanyCode, ChiName, EngName, SecuCode
FROM constantdb.hk_secumain 
WHERE SecuCode = '%600566%'
   OR ChiName LIKE '%600566%'
   OR ChiNameAbbr LIKE '%600566%'
   OR EngName LIKE '%600566%'
   OR EngNameAbbr LIKE '%600566%'
   OR SecuAbbr LIKE '%600566%'
   OR FormerName LIKE '%600566%'
UNION ALL
SELECT 'constantdb.us_secumain' AS TableName, InnerCode, CompanyCode, ChiName, EngName, SecuCode
FROM constantdb.us_secumain 
WHERE SecuCode = '600566'
   OR ChiName LIKE '%600566%'
   OR EngName LIKE '%600566%'
   OR SecuAbbr LIKE '%600566%';
查询结果:
[{"TableName": "constantdb.secumain", "InnerCode": 1747, "CompanyCode": 1500, "ChiName": "湖北济川药业股份有限公司", "EngName": "Hubei Jumpcan Pharmaceutical Co., Ltd.", "SecuCode": "600566"}]

>>>>> 已知事实:
济川药业的关联信息有:[所在数据表是constantdb.secumain;InnerCode(证券内部编码)是1747;CompanyCode(公司代码)是1500;ChiName(中文名称)是湖北济川药业股份有限公司;EngName(英文名称)是Hubei Jumpcan Pharmaceutical Co., Ltd.;SecuCode(证券代码)是600566;]
---
湖北济川药业股份有限公司的关联信息有:[所在数据表是constantdb.secumain;InnerCode(证券内部编码)是1747;CompanyCode(公司代码)是1500;ChiName(中文名称)是湖北济川药业股份有限公司;EngName(英文名称)是Hubei Jumpcan Pharmaceutical Co., Ltd.;SecuCode(证券代码)是600566;]
600566的关联信息有:[所在数据表是constantdb.secumain;InnerCode(证券内部编码)是1747;CompanyCode(公司代码)是1500;ChiName(中文名称)是湖北济川药业股份有限公司;EngName(英文名称)是Hubei Jumpcan Pharmaceutical Co., Ltd.;SecuCode(证券代码)是600566;]

>>>>> 【user】 Said:
请选择db，务必遵循输出的格式要求。

>>>>> Agent【Check_db_structure.db_selector】 Said:
【分析】
用户需要查询湖北济川药业股份有限公司（证券代码600566）在2021年的管理层总薪酬，以及2021年所有公司的管理层平均薪酬，并计算湖北济川药业股份有限公司的管理层薪酬与2021年行业平均水平的差异率。这些信息主要涉及上市公司的管理层报酬统计，因此需要选择包含相关数据的数据库。

【选中的数据库】
- `astockoperationsdb`: 这个数据库记录了A股上市公司在管理层报酬统计等方面的信息，包含从2001年至今的管理层报酬统计数据，可以获取湖北济川药业股份有限公司在2021年的管理层总薪酬以及2021年所有公司的管理层平均薪酬。

【选中的数据库的清单】
```json
["astockoperationsdb"]
```


>>>>> 【user】 Said:
数据库表信息如下:
[{"表名": "astockoperationsdb.lc_suppcustdetail", "说明": "该数据表记录了企业关联交易的详细信息，包含信息发布的时间和来源（如信息发布日期、信息来源及其编码），企业及关联方的基本信息（如公司代码、关联企业名称、供应商/客户代码与属性等），交易相关信息（如交易标的名称与代码、交易金额及占比等），以及其他辅助信息（如截止日期、关系所属类型、序号及备注等）。"}, {"表名": "astockoperationsdb.lc_staff", "说明": "该数据表包含与公司和员工分类相关的信息，字段包括公司代码、信息来源、合并标志等基本信息，日期和信息发布日期等时间信息，分类方式、类别名称及分类代码等分类相关内容，最低年龄、最高年龄及员工数量等员工统计数据，以及占总数比例等比例信息，最后还有备注说明字段用于补充说明。"}, {"表名": "astockoperationsdb.lc_rewardstat", "说明": "该数据表主要记录公司管理层及董事津贴与报酬相关信息，包括公司标识信息如公司代码、信息发布日期和来源；日期信息如截止日期；报酬信息如管理层报酬总额、领取报酬的管理层人数、前三名董事及高管的报酬、独立董事津贴（按人及总额）；以及其他补充说明字段如备注说明等。"}]

请选择table，务必遵循输出的格式要求。

>>>>> Agent【Check_db_structure.table_selector】 Said:
【分析】
要回答关于湖北济川药业股份有限公司（证券代码600566）在2021年的管理层总薪酬、2021年所有公司的管理层平均薪酬以及与行业平均水平的差异率，我们需要以下信息：
1. 湖北济川药业股份有限公司的管理层总薪酬。
2. 2021年所有公司的管理层平均薪酬。
3. 湖北济川药业股份有限公司所属行业的平均管理层薪酬。

根据已知数据表信息：
- `astockoperationsdb.lc_rewardstat` 表包含公司管理层及董事的津贴与报酬信息，可以获取湖北济川药业股份有限公司的管理层总薪酬。
- `astockoperationsdb.lc_staff` 表包含员工分类相关信息，但不太可能直接提供所有公司的管理层平均薪酬。
- `astockoperationsdb.lc_suppcustdetail` 表主要记录企业关联交易的详细信息，与管理层薪酬无关。

因此，最合适的表是 `astockoperationsdb.lc_rewardstat`。

【选中的数据表】
- astockoperationsdb.lc_rewardstat: 这个数据表包含公司管理层及董事的津贴与报酬相关信息，可以获取管理层报酬总额、领取报酬的管理层人数等数据。

【选中的数据库表的清单】
```json
["astockoperationsdb.lc_rewardstat"]
```


>>>>> 【user】 Said:
已取得可用的数据表的字段信息如下:
[{"表名": "astockoperationsdb.lc_rewardstat", "表字段": [{"column": "CompanyCode", "desc": "公司代码"}, {"column": "InfoPublDate", "desc": "信息发布日期"}, {"column": "InfoSource", "desc": "信息来源"}, {"column": "EndDate", "desc": "日期"}, {"column": "TotalYearPay", "desc": "报酬总额(元)"}, {"column": "NumPayManagers", "desc": "领取报酬的管理层人数"}, {"column": "High3Directors", "desc": "前三名董事报酬(元)"}, {"column": "High3Managers", "desc": "前三名高管报酬(元)"}, {"column": "TotalIndeSupeYearPay", "desc": "独立董事津贴(元/人)"}, {"column": "Statement", "desc": "备注说明"}, {"column": "TotalIndeSubsidy", "desc": "独立董事津贴总额(元)"}]}]

请选择column，务必遵循输出的格式要求。

>>>>> Agent【Check_db_structure.columns_selector】 Said:
【分析】
用户提问涉及湖北济川药业股份有限公司（证券代码600566）在2021年的管理层总薪酬、2021年所有公司的管理层平均薪酬以及湖北济川药业股份有限公司的管理层薪酬与2021年行业平均水平的差异率。需要从相关数据表中找出涉及公司代码、年份、管理层总薪酬以及行业平均薪酬的字段。

【信息所在字段】
- astockoperationsdb.lc_rewardstat.TotalYearPay: 这个字段可能包含管理层总薪酬信息，对应用户提问中的湖北济川药业股份有限公司在2021年的管理层总薪酬
- astockoperationsdb.lc_rewardstat.NumPayManagers: 这个字段可能包含领取报酬的管理层人数信息，用于计算平均薪酬
- astockoperationsdb.lc_rewardstat.EndDate: 这个字段可能包含日期信息，用于筛选2021年的数据
- constantdb.secumain.CompanyCode: 这个字段可能包含公司代码信息，用于筛选湖北济川药业股份有限公司

【筛选条件所在字段】
- astockoperationsdb.lc_rewardstat.CompanyCode: 这个字段可能包含公司代码信息，用于筛选湖北济川药业股份有限公司
- astockoperationsdb.lc_rewardstat.EndDate: 这个字段可能包含日期信息，用于筛选2021年的数据
- constantdb.secumain.CompanyCode: 这个字段可能包含公司代码信息，用于关联湖北济川药业股份有限公司

【选中的字段的清单】
```json
{
  "astockoperationsdb.lc_rewardstat": ["TotalYearPay", "NumPayManagers", "EndDate", "CompanyCode"],
  "constantdb.secumain": ["CompanyCode"]
}
```


>>>>> 【user】 Said:
之前已查询到信息如下:
查询结果表明: 对于公司代码为1500的上市公司，在2021年12月31日的股东总户数为55196户，A股股东户均持股数为16093.07股/户。
---
查询结果表明: 在公司代码为1500的上市公司中，截至2021年9月30日的A股股东户均持股数为10397.14股/户。
---
查询结果表明: 计算结果显示，从初始值10397.14增长到16093.07，增长率约为54.78%。具体计算过程为：(16093.07 - 10397.14) / 10397.14 * 100，结果四舍五入保留两位小数。字段名ChangeRate表示增长率。

请问:湖北济川药业股份有限公司（证券代码600566）在2021年的管理层总薪酬是多少？2021年所有公司的管理层平均薪酬是多少？湖北济川药业股份有限公司的管理层薪酬与2021年行业平均水平的差异率是多少？（四舍五入保留两位小数）

>>>>> Agent【Sql_query.master】 Said:
【已知信息】
- 湖北济川药业股份有限公司（证券代码600566）的公司代码是1500。
- 需要查询2021年该公司的管理层总薪酬。
- 需要查询2021年所有公司的管理层平均薪酬。
- 需要计算湖北济川药业股份有限公司的管理层薪酬与2021年行业平均水平的差异率。

【当前阶段要获取的信息】
- 湖北济川药业股份有限公司在2021年的管理层总薪酬。

【信息所在字段】
- `TotalYearPay`（报酬总额(元)）在 `astockoperationsdb.lc_rewardstat` 表中。

【筛选条件所在字段】
- `CompanyCode`（公司代码）
- `EndDate`（日期）

【SQL语句的思路】
- 从 `astockoperationsdb.lc_rewardstat` 表中筛选出公司代码为1500且日期为2021年12月31日的记录，获取 `TotalYearPay` 字段的值。

【执行SQL语句】
```exec_sql
SELECT TotalYearPay 
FROM astockoperationsdb.lc_rewardstat 
WHERE CompanyCode = 1500 
AND DATE(EndDate) = '2021-12-31'
LIMIT 1
```

【上述SQL语句的含义】
- 从 `astockoperationsdb.lc_rewardstat` 表中查询公司代码为1500且日期为2021年12月31日的记录，获取该记录的管理层总薪酬（TotalYearPay）。

>>>>> 查询sql:
SELECT TotalYearPay 
FROM astockoperationsdb.lc_rewardstat 
WHERE CompanyCode = 1500 
AND DATE(EndDate) = '2021-12-31'
LIMIT 1;
查询结果:
[{"TotalYearPay": 19715100.0}]


>>>>> 【user】 Said:
查询SQL:
SELECT TotalYearPay 
FROM astockoperationsdb.lc_rewardstat 
WHERE CompanyCode = 1500 
AND DATE(EndDate) = '2021-12-31'
LIMIT 1;
查询结果:
[{"TotalYearPay": 19715100.0}]

请理解查询结果

>>>>> Agent【Sql_query.understand_query_result】 Said:
查询结果表明: 公司代码为1500的公司在2021年12月31日的报酬总额为19715100.0元。


>>>>> 【user】 Said:
查询SQL:
SELECT TotalYearPay 
FROM astockoperationsdb.lc_rewardstat 
WHERE CompanyCode = 1500 
AND DATE(EndDate) = '2021-12-31'
LIMIT 1;
查询结果:
[{"TotalYearPay": 19715100.0}]

查询结果表明: 公司代码为1500的公司在2021年12月31日的报酬总额为19715100.0元。

当前掌握的信息是否能够回答"湖北济川药业股份有限公司（证券代码600566）在2021年的管理层总薪酬是多少？2021年所有公司的管理层平均薪酬是多少？湖北济川药业股份有限公司的管理层薪酬与2021年行业平均水平的差异率是多少？（四舍五入保留两位小数）"？还是要继续执行下一阶段SQL查询？

>>>>> Agent【Sql_query.master】 Said:
【已知信息】
- 湖北济川药业股份有限公司（证券代码600566）的公司代码是1500。
- 该公司在2021年12月31日的管理层总薪酬为19715100.0元。

【当前阶段要获取的信息】
- 2021年所有公司的管理层平均薪酬。

【信息所在字段】
- `TotalYearPay`（报酬总额(元)）在 `astockoperationsdb.lc_rewardstat` 表中。

【筛选条件所在字段】
- `EndDate`（日期）

【SQL语句的思路】
- 从 `astockoperationsdb.lc_rewardstat` 表中筛选出日期为2021年12月31日的所有记录，计算这些记录的 `TotalYearPay` 字段的平均值。

【执行SQL语句】
```exec_sql
SELECT AVG(TotalYearPay) AS AvgTotalYearPay
FROM astockoperationsdb.lc_rewardstat 
WHERE DATE(EndDate) = '2021-12-31'
```

【上述SQL语句的含义】
- 从 `astockoperationsdb.lc_rewardstat` 表中查询日期为2021年12月31日的所有记录，计算这些记录的管理层总薪酬（TotalYearPay）的平均值，并将其命名为 `AvgTotalYearPay`。

>>>>> 查询sql:
SELECT AVG(TotalYearPay) AS AvgTotalYearPay
FROM astockoperationsdb.lc_rewardstat 
WHERE DATE(EndDate) = '2021-12-31';
查询结果:
[{"AvgTotalYearPay": 14205272.723530702}]


>>>>> 【user】 Said:
查询SQL:
SELECT AVG(TotalYearPay) AS AvgTotalYearPay
FROM astockoperationsdb.lc_rewardstat 
WHERE DATE(EndDate) = '2021-12-31';
查询结果:
[{"AvgTotalYearPay": 14205272.723530702}]

请理解查询结果

>>>>> Agent【Sql_query.understand_query_result】 Said:
查询结果表明: 在astockoperationsdb.lc_rewardstat表中，截至2021年12月31日的记录中，所有公司的管理层报酬总额的平均值为14,205,272.72元（AvgTotalYearPay）。


>>>>> 【user】 Said:
查询SQL:
SELECT AVG(TotalYearPay) AS AvgTotalYearPay
FROM astockoperationsdb.lc_rewardstat 
WHERE DATE(EndDate) = '2021-12-31';
查询结果:
[{"AvgTotalYearPay": 14205272.723530702}]

查询结果表明: 在astockoperationsdb.lc_rewardstat表中，截至2021年12月31日的记录中，所有公司的管理层报酬总额的平均值为14,205,272.72元（AvgTotalYearPay）。

当前掌握的信息是否能够回答"湖北济川药业股份有限公司（证券代码600566）在2021年的管理层总薪酬是多少？2021年所有公司的管理层平均薪酬是多少？湖北济川药业股份有限公司的管理层薪酬与2021年行业平均水平的差异率是多少？（四舍五入保留两位小数）"？还是要继续执行下一阶段SQL查询？

>>>>> Agent【Sql_query.master】 Said:
【已知信息】
- 湖北济川药业股份有限公司（证券代码600566）的公司代码是1500。
- 该公司在2021年12月31日的管理层总薪酬为19715100.0元。
- 2021年所有公司的管理层平均薪酬为14205272.72元。

【当前阶段要获取的信息】
- 湖北济川药业股份有限公司的管理层薪酬与2021年行业平均水平的差异率。

【信息所在字段】
- 已知信息中包含所需的所有数据，无需进一步查询字段。

【筛选条件所在字段】
- 无需进一步筛选条件。

【SQL语句的思路】
- 使用已知数据进行计算：差异率 = (湖北济川药业股份有限公司的管理层总薪酬 - 2021年所有公司的管理层平均薪酬) / 2021年所有公司的管理层平均薪酬 * 100，结果四舍五入保留两位小数。

【执行SQL语句】
```exec_sql
SELECT ROUND((19715100.0 - 14205272.72) / 14205272.72 * 100, 2) AS DifferenceRate
```

【上述SQL语句的含义】
- 计算湖北济川药业股份有限公司的管理层总薪酬与2021年行业平均水平的差异率，并将结果四舍五入保留两位小数，命名为 `DifferenceRate`。

>>>>> 查询sql:
SELECT ROUND((19715100.0 - 14205272.72) / 14205272.72 * 100, 2) AS DifferenceRate;
查询结果:
[{"DifferenceRate": 38.79}]


>>>>> 【user】 Said:
查询SQL:
SELECT ROUND((19715100.0 - 14205272.72) / 14205272.72 * 100, 2) AS DifferenceRate;
查询结果:
[{"DifferenceRate": 38.79}]

请理解查询结果

>>>>> Agent【Sql_query.understand_query_result】 Said:
查询结果表明: 计算出的DifferenceRate为38.79%，该值是通过将19715100.0减去14205272.72后的差值除以14205272.72，再乘以100并四舍五入到小数点后两位得到的百分比。


>>>>> 【user】 Said:
查询SQL:
SELECT ROUND((19715100.0 - 14205272.72) / 14205272.72 * 100, 2) AS DifferenceRate;
查询结果:
[{"DifferenceRate": 38.79}]

查询结果表明: 计算出的DifferenceRate为38.79%，该值是通过将19715100.0减去14205272.72后的差值除以14205272.72，再乘以100并四舍五入到小数点后两位得到的百分比。

当前掌握的信息是否能够回答"湖北济川药业股份有限公司（证券代码600566）在2021年的管理层总薪酬是多少？2021年所有公司的管理层平均薪酬是多少？湖北济川药业股份有限公司的管理层薪酬与2021年行业平均水平的差异率是多少？（四舍五入保留两位小数）"？还是要继续执行下一阶段SQL查询？

>>>>> Agent【Sql_query.master】 Said:
【已知信息】
- 湖北济川药业股份有限公司（证券代码600566）的公司代码是1500。
- 该公司在2021年12月31日的管理层总薪酬为19715100.0元。
- 2021年所有公司的管理层平均薪酬为14205272.72元。
- 湖北济川药业股份有限公司的管理层薪酬与2021年行业平均水平的差异率为38.79%。

【当前阶段要获取的信息】
- 无需继续执行SQL查询，当前掌握的信息已足够回答用户的问题。

【信息所在字段】
- 无需进一步查询字段。

【筛选条件所在字段】
- 无需进一步筛选条件。

【SQL语句的思路】
- 无需继续执行SQL查询。

【执行SQL语句】
```exec_sql
无
```

【上述SQL语句的含义】
- 无需继续执行SQL查询，当前掌握的信息已足够回答用户的问题。

### 回答用户问题
- 湖北济川药业股份有限公司（证券代码600566）在2021年的管理层总薪酬是19715100.0元。
- 2021年所有公司的管理层平均薪酬是14205272.72元。
- 湖北济川药业股份有限公司的管理层薪酬与2021年行业平均水平的差异率是38.79%。

当前掌握的信息已能够完整回答用户的问题，无需继续执行下一阶段SQL查询。


>>>>> 【user】 Said:
请回答问题:"湖北济川药业股份有限公司（证券代码600566）在2021年的管理层总薪酬是多少？2021年所有公司的管理层平均薪酬是多少？湖北济川药业股份有限公司的管理层薪酬与2021年行业平均水平的差异率是多少？（四舍五入保留两位小数）"

>>>>> Agent【Sql_query.summary】 Said:
湖北济川药业股份有限公司（证券代码600566）在2021年的管理层总薪酬: 19715100.0元
2021年所有公司的管理层平均薪酬: 14205272.72元
湖北济川药业股份有限公司的管理层薪酬与2021年行业平均水平的差异率: 38.79%
