
>>>>> Original Question: 该公司20年的年报中前三高管薪资是多少？


>>>>> 【user】 Said:
提取下面这段文字中的实体（如公司名、股票代码、拼音缩写等），如果识别结果是空，那么就回复No Entities."该公司20年的年报中前三高管薪资是多少？"

>>>>> Agent【extract_company】 Said:
No Entities.


>>>>> 【user】 Said:
下面是顺序的历史问答:
'''
Question: 000998的英文名称是什么？
Answer: Yuan Longping High-Tech Agriculture Co.,Ltd.
'''
现在用户继续提问，请根据已知信息，理解当前这个问题的完整含义，并重写这个问题使得单独拿出来看仍然能够正确理解：该公司20年的年报中前三高管薪资是多少？

>>>>> Agent【rewrite_question】 Said:
Yuan Longping High-Tech Agriculture Co., Ltd. 在其2020年年报中披露的前三名高管的薪资是多少？

>>>>> 已知事实:
000998的关联信息有:[所在数据表是constantdb.secumain;InnerCode(证券内部编码)是613;CompanyCode(公司代码)是549;ChiName(中文名称)是袁隆平农业高科技股份有限公司;EngName(英文名称)是Yuan Longping High-Tech Agriculture Co.,Ltd.;SecuCode(证券代码)是000998;ChiNameAbbr(中文名称缩写)是隆平高科;EngNameAbbr(英文名称缩写)是Long Ping High-Tech;SecuAbbr(证券简称)是隆平高科;ChiSpelling(拼音证券简称)是LPGK;]

>>>>> 【user】 Said:
请选择db，务必遵循输出的格式要求。

>>>>> Agent【Check_db_structure.db_selector】 Said:
【分析】
用户询问的是Yuan Longping High-Tech Agriculture Co., Ltd. 在2020年年报中披露的前三名高管的薪资。这涉及到上市公司的管理层报酬信息，通常这类数据会在上市公司的财务报表或相关公告中披露。

根据已知数据库的描述，`astockoperationsdb`（上市公司产品供销/人力资源）数据库中包含了管理层报酬统计的信息，具体在`公司管理层报酬统计`（lc_rewardstat）表中记录了管理层报酬总额、前三名董事及高管的报酬等信息。

【选中的数据库】
- `astockoperationsdb`: 这个数据库包含公司管理层报酬统计信息，可以查到前三名高管的薪资。

【选中的数据库的清单】
```json
["astockoperationsdb"]
```


>>>>> 【user】 Said:
数据库表信息如下:
[{"表名": "astockoperationsdb.lc_suppcustdetail", "说明": "该数据表记录了企业关联交易的详细信息，包含信息发布的时间和来源（如信息发布日期、信息来源及其编码），企业及关联方的基本信息（如公司代码、关联企业名称、供应商/客户代码与属性等），交易相关信息（如交易标的名称与代码、交易金额及占比等），以及其他辅助信息（如截止日期、关系所属类型、序号及备注等）。"}, {"表名": "astockoperationsdb.lc_staff", "说明": "该数据表包含与公司和员工分类相关的信息，字段包括公司代码、信息来源、合并标志等基本信息，日期和信息发布日期等时间信息，分类方式、类别名称及分类代码等分类相关内容，最低年龄、最高年龄及员工数量等员工统计数据，以及占总数比例等比例信息，最后还有备注说明字段用于补充说明。"}, {"表名": "astockoperationsdb.lc_rewardstat", "说明": "该数据表主要记录公司管理层及董事津贴与报酬相关信息，包括公司标识信息如公司代码、信息发布日期和来源；日期信息如截止日期；报酬信息如管理层报酬总额、领取报酬的管理层人数、前三名董事及高管的报酬、独立董事津贴（按人及总额）；以及其他补充说明字段如备注说明等。"}]

请选择table，务必遵循输出的格式要求。

>>>>> Agent【Check_db_structure.table_selector】 Said:
【分析】
要查询Yuan Longping High-Tech Agriculture Co., Ltd.在其2020年年报中披露的前三名高管的薪资，我们需要找到记录公司管理层及董事津贴与报酬相关信息的表。根据已知信息，Yuan Longping High-Tech Agriculture Co., Ltd.的证券代码是000998，公司代码是549。我们需要找到包含这些信息的表，并且该表需要包含截止日期以及前三名高管的报酬信息。

【选中的数据表】
- astockoperationsdb.lc_rewardstat: 这个数据表主要记录公司管理层及董事津贴与报酬相关信息，包括公司代码、信息发布日期、截止日期以及前三名董事及高管的报酬等信息。

【选中的数据库表的清单】
```json
["astockoperationsdb.lc_rewardstat"]
```


>>>>> 【user】 Said:
已取得可用的数据表的字段信息如下:
[{"表名": "astockoperationsdb.lc_rewardstat", "表字段": [{"column": "CompanyCode", "desc": "公司代码"}, {"column": "InfoPublDate", "desc": "信息发布日期"}, {"column": "InfoSource", "desc": "信息来源"}, {"column": "EndDate", "desc": "日期"}, {"column": "TotalYearPay", "desc": "报酬总额(元)"}, {"column": "NumPayManagers", "desc": "领取报酬的管理层人数"}, {"column": "High3Directors", "desc": "前三名董事报酬(元)"}, {"column": "High3Managers", "desc": "前三名高管报酬(元)"}, {"column": "TotalIndeSupeYearPay", "desc": "独立董事津贴(元/人)"}, {"column": "Statement", "desc": "备注说明"}, {"column": "TotalIndeSubsidy", "desc": "独立董事津贴总额(元)"}]}]

请选择column，务必遵循输出的格式要求。

>>>>> Agent【Check_db_structure.columns_selector】 Said:
【分析】
用户询问的是“Yuan Longping High-Tech Agriculture Co., Ltd.”在其2020年年报中披露的前三名高管的薪资。我们需要找到与该公司相关的字段，以及与2020年年报和前三名高管薪资相关的字段。

【信息所在字段】
- constantdb.secumain.CompanyCode: 这个字段可能包含公司代码信息，对应用户提问中的“Yuan Longping High-Tech Agriculture Co., Ltd.”
- astockoperationsdb.lc_rewardstat.High3Managers: 这个字段可能包含前三名高管的报酬信息，对应用户提问中的“前三名高管的薪资”

【筛选条件所在字段】
- astockoperationsdb.lc_rewardstat.CompanyCode: 这个字段用于筛选特定公司的信息，对应用户提问中的“Yuan Longping High-Tech Agriculture Co., Ltd.”
- astockoperationsdb.lc_rewardstat.EndDate: 这个字段用于筛选特定年份的信息，对应用户提问中的“2020年年报”
- astockoperationsdb.lc_rewardstat.InfoPublDate: 这个字段用于确认年报的发布日期，对应用户提问中的“2020年年报”

【选中的字段的清单】
```json
{
  "constantdb.secumain": ["CompanyCode"],
  "astockoperationsdb.lc_rewardstat": ["High3Managers", "CompanyCode", "EndDate", "InfoPublDate"]
}
```


>>>>> 【user】 Said:
之前已查询到信息如下:
查询结果表明: 在constantdb数据库的secumain表中，证券代码为'000998'的证券对应的英文名称为"Yuan Longping High-Tech Agriculture Co.,Ltd."。

请问:Yuan Longping High-Tech Agriculture Co., Ltd. 在其2020年年报中披露的前三名高管的薪资是多少？

>>>>> Agent【Sql_query.master】 Said:
【已知信息】
- 证券代码为'000998'的证券对应的英文名称为"Yuan Longping High-Tech Agriculture Co., Ltd."
- 该公司对应的CompanyCode为549

【当前阶段要获取的信息】
- 2020年年报中披露的前三名高管的薪资

【信息所在字段】
- `High3Managers`（前三名高管报酬(元)）

【筛选条件所在字段】
- `CompanyCode`（公司代码）
- `EndDate`（日期）

【SQL语句的思路】
1. 从`astockoperationsdb.lc_rewardstat`表中查询`High3Managers`字段
2. 筛选条件为`CompanyCode`等于549
3. `EndDate`字段格式化为年份，等于2020

【执行SQL语句】
```exec_sql
SELECT High3Managers 
FROM astockoperationsdb.lc_rewardstat 
WHERE CompanyCode = 549 
AND YEAR(EndDate) = 2020;
```

【上述SQL语句的含义】
- 从`astockoperationsdb.lc_rewardstat`表中获取`High3Managers`字段的数据
- 筛选条件为公司代码为549，并且结束日期的年份为2020年，以获取2020年年报中披露的前三名高管的薪资信息。

>>>>> 查询sql:
SELECT High3Managers 
FROM astockoperationsdb.lc_rewardstat 
WHERE CompanyCode = 549 
AND YEAR(EndDate) = 2020;
查询结果:
[{"High3Managers": 2804000.0}]


>>>>> 【user】 Said:
查询SQL:
SELECT High3Managers 
FROM astockoperationsdb.lc_rewardstat 
WHERE CompanyCode = 549 
AND YEAR(EndDate) = 2020;
查询结果:
[{"High3Managers": 2804000.0}]

请理解查询结果

>>>>> Agent【Sql_query.understand_query_result】 Said:
查询结果表明: 在公司代码为549的记录中，2020年度前三名高管的报酬总额为2804000元。


>>>>> 【user】 Said:
查询SQL:
SELECT High3Managers 
FROM astockoperationsdb.lc_rewardstat 
WHERE CompanyCode = 549 
AND YEAR(EndDate) = 2020;
查询结果:
[{"High3Managers": 2804000.0}]

查询结果表明: 在公司代码为549的记录中，2020年度前三名高管的报酬总额为2804000元。

请检查筛选条件是否存在问题，比如时间日期字段没有用DATE()或YEAR()格式化？当然，如果没问题，那么就根据结果考虑下一步；那么当前掌握的信息是否能够回答"Yuan Longping High-Tech Agriculture Co., Ltd. 在其2020年年报中披露的前三名高管的薪资是多少？"？还是要继续执行下一阶段SQL查询？

>>>>> Agent【Sql_query.master】 Said:
【已知信息】
- 证券代码为'000998'的证券对应的英文名称为"Yuan Longping High-Tech Agriculture Co., Ltd."
- 该公司对应的CompanyCode为549
- 在`astockoperationsdb.lc_rewardstat`表中，公司代码为549且年份为2020的记录显示，前三名高管的报酬总额为2804000元

【当前阶段要获取的信息】
- 无需继续执行SQL，当前信息已能回答问题

【信息所在字段】
- 无

【筛选条件所在字段】
- 无

【SQL语句的思路】
- 无需继续执行SQL

【执行SQL语句】
```exec_sql
无
```

【上述SQL语句的含义】
- 无需继续执行SQL，当前掌握的信息已足够回答问题。

根据查询结果，Yuan Longping High-Tech Agriculture Co., Ltd. 在其2020年年报中披露的前三名高管的薪资总额为2804000元。因此，当前掌握的信息已经能够回答用户的问题，无需继续执行下一阶段的SQL查询。


>>>>> 【user】 Said:
充分尊重前面给出的结论，回答问题:"Yuan Longping High-Tech Agriculture Co., Ltd. 在其2020年年报中披露的前三名高管的薪资是多少？"

>>>>> Agent【Sql_query.summary】 Said:
2804000元
