
>>>>> Original Question: 在2020-2021年间，公司发生了多少重大借贷事件（单笔金额超过3000万元）？这些借贷事件最大金额和对应的借款方和贷款方是谁？


>>>>> 【user】 Said:
提取下面这段文字里的实体，如公司名、股票代码等，如果识别结果是空，那么就回复No Entities."在2020-2021年间，公司发生了多少重大借贷事件（单笔金额超过3000万元）？这些借贷事件最大金额和对应的借款方和贷款方是谁？"

>>>>> Agent【extract_company】 Said:
No Entities.


>>>>> 【user】 Said:
下面是已知的事实:
'''
中国宝安集团的关联信息有:[InnerCode(证券内部编码)是28;CompanyCode(公司代码)是25;ChiName(中文名称)是中国宝安集团股份有限公司;EngName(英文名称)是China Baoan Group Co.,Ltd.;SecuCode(证券代码)是000009;]
'''
下面是顺序的历史问答:
'''
Question: 中国宝安集团在2020-2021年间实施了几次分红方案？每次分红的合计派现金额（四舍五入保留两位小数，单位元）和实施公告日期（xxxx-xx-xx的格式）分别是多少？
Answer: 中国宝安集团股份有限公司（CompanyCode: 25, InnerCode: 28）在2020-2021年间实施了2次分红方案：
1. 第一次分红实施公告日期: 2020-08-07, 合计派现金额: 51584279.30元
2. 第二次分红实施公告日期: 2021-08-20, 合计派现金额: 77376418.95元
Question: 从公司年报中，在2020-2021年间，该公司的机构持无限售流通A股比例是是否增长(输出是/否)，请列出具体数据。
Answer: 是否增长: 是
具体比例数据:
- 2020年12月31日: 24.9971%
- 2021年3月31日: 32.2449%
- 2021年6月30日: 33.143%
'''
现在用户继续提问，请根据已知信息，理解当前这个问题的完整含义，并重写这个问题使得单独拿出来看仍然能够正确理解：在2020-2021年间，公司发生了多少重大借贷事件（单笔金额超过3000万元）？这些借贷事件最大金额和对应的借款方和贷款方是谁？

>>>>> Agent【rewrite_question】 Said:
在2020-2021年间，中国宝安集团股份有限公司（CompanyCode: 25, InnerCode: 28）发生了多少重大借贷事件（单笔金额超过3000万元）？这些借贷事件中最大金额是多少，以及对应的借款方和贷款方分别是谁？

>>>>> 已知事实:
中国宝安集团的关联信息有:[InnerCode(证券内部编码)是28;CompanyCode(公司代码)是25;ChiName(中文名称)是中国宝安集团股份有限公司;EngName(英文名称)是China Baoan Group Co.,Ltd.;SecuCode(证券代码)是000009;]

>>>>> 【user】 Said:
请选择db，务必遵循输出的格式要求。

>>>>> Agent【Check_db_structure.db_selector】 Said:
【分析】
用户需要查询的是中国宝安集团股份有限公司在2020-2021年间发生的重大借贷事件，具体包括事件数量、最大金额以及对应的借款方和贷款方。这涉及到公司的财务活动和借贷明细。

【选中的数据库】
- astockeventsdb: 这个数据库记录了上市公司公告中披露的各种重大事项，包括公司借贷明细，能够提供所需的时间、金额、借款方和贷款方等信息。

【选中的数据库的清单】
```json
["astockeventsdb"]
```


>>>>> 【user】 Said:
数据库表信息如下:
[{"表名": "astockeventsdb.lc_warrant", "说明": "该数据表涵盖了与公司事件披露相关的多维度信息，包括基础信息如公司代码、事件编码等；时间信息如首次信息发布日期、信息发布日期、协议签署日期、借贷及担保的起止日期等；信息来源和披露方式等描述性字段；事件相关信息如事件内容、行为描述、最新进展状态、事件主体及其名称、企业编号、关联关系等；交易对象和担保相关信息，包括交易对象名称、担保金额（首次及最新）、担保资产、提供担保企业及其关联关系、接受担保企业及其关联关系、反担保企业及资产等；借贷信息如借款银行、借款期限、续借期限、借贷起止日期、担保期限及续保期限等；以及其他补充信息如担保是否违规、借贷是否逾期、担保解除日期及方式、附注等，全面记录了公司事件的关键要素和关联信息。"}, {"表名": "astockeventsdb.lc_credit", "说明": "该数据表主要记录公司与上市公司之间的贷款及担保相关信息。字段信息包括公司标识及关联关系，如公司代码、事件主体名称及编号、交易对象名称及编号、借入方及借出方、担保方及其关联关系等。时间信息涵盖首次信息发布日期、信息发布日期、协议签署日期、借贷起始日及截止日、担保起始日及截止日、最近还款日期等。贷款与担保的详细信息涉及到货币单位、首次及最新借贷金额、最近及累计还款金额、借贷条件、年利率及其说明、借贷及担保期限、续借及续保期限、抵押置押资产等。事件相关信息包括信息来源、公告类型、披露方式、事件内容及主体、行为描述及方式、最新进展状态、是否终止等。此外，还包括附注信息用于补充说明。"}, {"表名": "astockeventsdb.lc_suitarbitration", "说明": "该数据表主要用于记录与公司相关的事件、诉讼仲裁及其进展信息。表中包含了基础标识信息如ID和公司代码(CompanyCode)；时间信息如首次信息发布日期(InitialInfoPublDate)和信息发布日期(InfoPublDate)；信息来源和披露方式(InfoSource, DisclosureMethod)；事件相关信息如事件内容(EventContent)、行为描述(ActionDesc)、事件主体名称及编号(SubjectName, SubjectCode)、事件进程(EventProcedure)、行为方式(ActionWays)、事件主体在诉讼中的角色(EventSubjectRole)等；涉及的交易或诉讼对象信息如交易对象名称及编号(ObjectName, ObjectCode)、诉讼仲裁原告和被告(Plaintiff, Defendant)及其关联关系；诉讼仲裁详细信息如案由描述(SubjectMatterStat)、案由(SubjectMatter)、诉讼仲裁金额(FirstSuitSum, LatestSuitSum)、审理机构(InquisitionInstitute)、仲裁状态及各审级状态(CaseStatus, FirstInstanceStatus, SecondInstanceStatus, SPPStatus)；财产执行信息如被执行财产(PropertyEnforced)、归属(PropertyBelonged)、执行状态(AdjudgementStatus)；以及协议签署日期(AgreementDate)、备注(Note)、是否终止(IfEnded)等辅助字段。字段内容涵盖了事件描述、诉讼仲裁进展、主体与关联方信息等多方面内容，便于综合分析和管理。"}, {"表名": "astockeventsdb.lc_entrustinv", "说明": "该数据表主要记录公司相关事件的详细信息，包括公司标识字段如公司代码、事件主体名称及其企业编号、交易对象名称及其企业编号等；事件基本信息字段如首次信息发布日期、信息发布日期、信息来源、公告类型、披露方式、事件内容、行为描述、行为方式及事件进程等；状态与进展字段如最新进展状态描述、是否终止、协议签署日期等；财务相关字段如涉及金额、货币单位、委托期限、委托起始日与截止日、约定收益说明及实际收益等；以及其他补充信息字段如与上市公司的关联关系、备注等，全面涵盖了事件的时间、主体、财务及进展等核心要素。"}, {"表名": "astockeventsdb.lc_regroup", "说明": "该数据表主要用于记录公司事件相关的信息。包括公司基础信息如公司代码、事件主体名称及其编号、事件主体与上市公司的关联关系等；事件相关的时间信息如首次信息发布日期、信息发布日期、协议签署日期等；事件的详细描述如事件内容、行为描述、最新进展状态、事件进程、行为方式等；信息来源和披露方式等公告信息；涉及的财务数据如资产帐面价值、资产评估价值、资产出售金额、资产转让收益、债务重组金额等；事件的类别和编码信息如公告类型、事项类型、事项编码、序号等；此外，还包括事件是否终止、交易对象企业编号及其与上市公司的关联关系等补充信息。"}, {"表名": "astockeventsdb.lc_majorcontract", "说明": "该数据表记录了与公司相关的事件及合同信息，包含公司基本信息如公司代码、事件主体名称及编号、交易对象名称及编号，以及主体与上市公司间的关联关系等；事件相关信息如首次信息发布日期、最新信息发布日期、信息来源、公告类型、事件内容、行为描述、行为方式、最新进展状态描述、事件主体、事件进程等；合同相关信息如协议签署日期、合同标的、合同获得方式、中标日期、涉及金额、合同起始日、合同截止日、合同期限及合同对公司的影响等；此外，还包括货币单位及备注等辅助信息。"}, {"表名": "astockeventsdb.lc_investorra", "说明": "该数据表记录了与证券相关的接待活动信息，包含信息发布日期、标题及链接等基本信息；证券内部编码、编号和序号等标识信息；接待日期、时间及截止日等时间信息；活动类别、地点、参与单位及人员、上市公司接待人员等活动相关信息；主要内容、附件及其格式等内容信息。"}, {"表名": "astockeventsdb.lc_investordetail", "说明": "该数据表主要用于记录投资者关系活动的详细信息，包括活动的唯一标识（投资者关系活动ID）、参与的调研机构及其编码（调研机构、调研机构编码）、参与的调研人员及其编码（调研人员、调研人员编码）、调研人员的职位名称，以及活动的排序序号等基本信息。"}]

请选择table，务必遵循输出的格式要求。

>>>>> Agent【Check_db_structure.table_selector】 Said:
【分析】
要回答这个问题，我们需要找到记录中国宝安集团股份有限公司（CompanyCode: 25, InnerCode: 28）在2020-2021年间发生的重大借贷事件的数据表。这些事件需要满足单笔金额超过3000万元的条件。我们需要的信息包括借贷事件的金额、借款方和贷款方。

从给出的数据表说明中，以下几个表可能包含所需信息：
1. `astockeventsdb.lc_warrant`：涵盖公司事件披露的多维度信息，包括借贷信息。
2. `astockeventsdb.lc_credit`：主要记录公司与上市公司之间的贷款及担保信息，包含借贷金额、借入方及借出方等信息。

`astockeventsdb.lc_credit` 表更专注于贷款及担保信息，因此更适合用于查找重大借贷事件。

【选中的数据表】
- `astockeventsdb.lc_credit`: 这个数据表包含公司与上市公司之间的贷款及担保信息，包括借贷金额、借入方及借出方等信息，适合用于查找重大借贷事件。

【选中的数据库表的清单】
```json
["astockeventsdb.lc_credit"]
```


>>>>> 【user】 Said:
已取得可用的数据表的字段信息如下:
[{"表名": "astockeventsdb.lc_credit", "表字段": [{"column": "CompanyCode", "desc": "公司代码"}, {"column": "InitialInfoPublDate", "desc": "首次信息发布日期"}, {"column": "InfoPublDate", "desc": "信息发布日期"}, {"column": "InfoSource", "desc": "信息来源"}, {"column": "AnnouncementType", "desc": "公告类型"}, {"column": "DisclosureMethod", "desc": "披露方式"}, {"column": "EventContent", "desc": "事件内容"}, {"column": "ActionDesc", "desc": "行为描述"}, {"column": "NewestAdvance", "desc": "最新进展状态描述"}, {"column": "EventSubject", "desc": "事件主体；事件主体(EventSubject)与(CT_SystemConst)表中的DM字段关联，令LB = 1246，得到事件主体的具体描述：1-上市公司，2-下属公司，3-公司股东，4-债券发行人。"}, {"column": "EventProcedure", "desc": "事件进程；事件进程(EventProcedure)与(CT_SystemConst)表中的DM字段关联，令LB = 1059，得到事件进程的具体描述：1000-意向，1001-预案，1004-决案，1007-否决，1010-申请，1013-批准，1016-未实施终止，1019-实施中，1022-实施完成，1025-解除，1028-到期，1041-续签，1043-部分续签，1051-涉诉，1053-可能涉诉，1055-预估，1303-收到，1305-部分收到，2001-逾期，2003-还款，2005-延期，2007-展期，2501-诉前，2504-诉中，2507-诉后，3001-提前回收，3002-提前部分回收，3003-到期后协议延期，3004-到期回收，3005-到期待回收，3006-到期部分待回收，3007-到期无法回收，3008-到期部分无法回收，3101-改革意向，3103-股改动议取消，3105-董事会改革方案，3108-沟通确认方案，3111-上级部门批准，3115-上级部门驳回，3120-董事会否决，3121-股东大会通过，3125-股东大会否决，3126-有效期内未实施，3131-方案实施，3201-证监会审核通过，3202-证监会审核否决，3203-证监会核准，3204-证监会未核准，3212-方案部分实施，3301-已注册未发行，3302-已发行有额度，3303-已发行无额度，3304-提前终止，3305-放弃，3399-其他。"}, {"column": "ActionWays", "desc": "行为方式；行为方式(ActionWays)与(CT_SystemConst)表中的DM字段关联，令LB = 1063，得到行为方式的具体描述：1001-借入，1003-贷出，1005-银行授信，1007-借入计划额度，1009-承兑汇票，1011-票据贴现，1013-进出口押汇，1099-其他借贷，1201-提供担保，1203-接受担保，1204-提供反担保，1205-提供担保协议，1207-接受担保协议，1209-互保协议，1299-其他，1401-诉讼，1403-仲裁，2101-税负增加，2102-税负增加(优惠)，2104-税负减少，2107-税负优惠延长，2199-其他税负变动，2301-财政补贴，2304-税收减免，2307-税收退返，2311-投资抵免，2315-利息减免，2318-贴息，2325-补偿款，2501-注册地址变更，2504-办公地址变更，2507-联系地址变更，3001-出让，3003-剥离，3101-资产置换，3301-接受赠与，3303-赠与他方，3501-债务人转移，3504-债权人转移，3507-债务减免，3511-债权转股，3514-债务转股，3517-以资抵债，3521-债权换资，3599-其他债权债务重组，3701-接受托管，3703-委托托管，3705-接受承包，3707-委托承包，3711-租入，3713-租出，3715-转租，4001-委托他方理财，4003-接受委托理财，4007-委托贷款，4101-不能全额按期偿还其债务，4102-发债人被起诉，4103-发债人未遵守特定条款，4104-发债人债务重组，4105-发债人债务冲销，4106-发债人提取特别准备金，4107-本金或利息减免和延期，4119-发债人其他失信行为，5000-合资合作，5010-工程承包，5020-销售商品，5030-提供劳务，5090-其他合同，9001-发出要约，9002-受领要约。"}, {"column": "CurrencyUnit", "desc": "货币单位；货币单位(CurrencyUnit)与(CT_SystemConst)表中的DM字段关联，令LB = 1068，得到货币单位的具体描述：1000-美元，1001-美分，1002-美元(次日)，1003-美元(同日)，1100-港元，1110-印度卢比，1120-印度尼西亚卢比，1130-伊朗里亚尔，1140-波兰兹罗提，1150-匈牙利福林，1160-日本元，1161-欧洲日元(离岸)，1170-约旦第纳尔，1180-科威特第纳尔，1190-阿联酋迪拉姆，1200-亚美尼亚德拉姆，1210-澳门元，1220-马来西亚林吉特，1230-安第列斯群岛盾，1240-安哥拉宽扎，1250-尼泊尔卢比，1260-哈萨克斯坦坚戈，1270-巴基斯坦卢比，1280-阿鲁巴岛弗罗林，1290-菲律宾比索，1300-阿塞拜疆马纳特，1310-波斯尼亚马克，1320-新加坡元，1330-韩国元，1340-孟加拉塔卡，1350-百慕大元，1360-泰国铢，1370-沙特里亚尔，1380-文莱林吉特，1390-不丹努尔特鲁姆，1400-博茨瓦纳普拉，1410-白俄罗斯卢布，1420-人民币元，1430-台湾元，1440-伯利兹元，1450-南苏丹镑，1460-世界投资报告法郎，1470-佛得角埃斯库多，1480-厄立特里亚纳克法，1490-埃塞俄比亚比尔，1500-福克兰群岛镑，1510-格鲁吉亚拉里，1520-直布罗陀镑，1530-克罗地亚库纳，1540-以色列新谢克尔，1550-吉尔吉斯斯坦索姆，1560-开曼群岛元，1570-莱索托马洛蒂，1580-摩尔多瓦列伊，1590-马其顿第纳尔，1600-蒙古图格里克，1610-马拉维克瓦查，1620-梅蒂卡尔，1630-纳米比亚元，1640-巴布亚新几内亚基那，1650-塞尔维亚第纳尔，1660-圣赫勒拿群岛磅，1670-圣多美和普林西比多布拉，1680-太平洋法郎，1690-非共体法郎，1700-斯威士兰里兰吉尼，1710-塔吉克斯坦索莫尼，1720-土库曼斯坦马纳特，1730-汤加潘加，1740-乌克兰格里夫纳，1750-乌兹别克斯坦苏姆，1760-瓦努阿图瓦图，1770-萨摩亚塔拉，1780-中非金融合作法郎，1790-东加勒比元，1810-人民币(离岸)，2470-坦桑尼亚先令，3000-欧元，3010-比利时法郎，3020-丹麦克朗，3030-英镑，3031-便士，3040-德国马克，3050-法国法郎，3070-意大利里拉，3090-荷兰盾，3100-葡萄牙埃斯库多，3110-立陶宛立特，3120-西班牙比塞塔，3130-拉脱维亚立特，3140-斯洛文尼亚托拉尔，3150-奥地利先令，3160-斯洛伐克克朗，3170-爱沙尼亚克朗，3180-芬兰马克，3190-安道尔比塞塔(废弃)，3260-挪威"}, {"column": "SubjectName", "desc": "事件主体名称"}, {"column": "SubjectCode", "desc": "事件主体企业编号；事件主体企业编号(SubjectCode)：与“机构基本资料表(LC_InstiArchive)”中的“公司代码(CompanyCode)”关联，得到企业的信息。"}, {"column": "SubjectAssociation", "desc": "与上市公司关联关系；与上市公司关联关系(SubjectAssociation)与(CT_SystemConst)表中的DM字段关联，令LB = 1036，得到与上市公司关联关系的具体描述：1-本公司，2-母公司，3-控股股东，4-非控股股东，5-兄弟企业，8-间接非控股股东，9-同一领导人、亲属关系，10-下属子公司、参股公司，11-项目合作合资方，12-其他关联关系，51-间接兄弟企业，80-间接控股股东，83-潜在控股股东，84-潜在非控股股东，86-转让前控股股东，87-转让前非控股股东，121-股权受托管理人，122-受同一方控制，999-无关联关系。"}, {"column": "ObjectName", "desc": "交易对象名称"}, {"column": "ObjectCode", "desc": "信息对象；交易对象企业编号(ObjectCode)：与“机构基本资料表(LC_InstiArchive)”中的“公司代码(CompanyCode)”关联，得到企业的信息。"}, {"column": "ObjectAssociation", "desc": "与上市公司关联关系；与上市公司关联关系(ObjectAssociation)与(CT_SystemConst)表中的DM字段关联，令LB = 1036，得到与上市公司关联关系的具体描述：1-本公司，2-母公司，3-控股股东，4-非控股股东，5-兄弟企业，8-间接非控股股东，9-同一领导人、亲属关系，10-下属子公司、参股公司，11-项目合作合资方，12-其他关联关系，51-间接兄弟企业，80-间接控股股东，83-潜在控股股东，84-潜在非控股股东，86-转让前控股股东，87-转让前非控股股东，121-股权受托管理人，122-受同一方控制，999-无关联关系。"}, {"column": "AgreementDate", "desc": "协议签署日期"}, {"column": "IfEnded", "desc": "是否终止；是否终止(IfEnded)，该字段固定以下常量：0-否；1-是"}, {"column": "Note", "desc": "附注(如适用)"}, {"column": "LoanCondition", "desc": "借贷条件；借贷条件(LoanCondition)与(CT_SystemConst)表中的DM字段关联，令LB = 1057，得到借贷条件的具体描述：1001-抵押，1003-质押，1005-保证，1007-信用，1009-担保。"}, {"column": "Borrower", "desc": "借入方"}, {"column": "BorrowerAssociation", "desc": "与上市公司关联关系；与上市公司关联关系(BorrowerAssociation)与(CT_SystemConst)表中的DM字段关联，令LB = 1036，得到与上市公司关联关系的具体描述：1-本公司，2-母公司，3-控股股东，4-非控股股东，5-兄弟企业，8-间接非控股股东，9-同一领导人、亲属关系，10-下属子公司、参股公司，11-项目合作合资方，12-其他关联关系，51-间接兄弟企业，80-间接控股股东，83-潜在控股股东，84-潜在非控股股东，86-转让前控股股东，87-转让前非控股股东，121-股权受托管理人，122-受同一方控制，999-无关联关系。"}, {"column": "MortgageAsset", "desc": "借入方抵押置押资产"}, {"column": "Lender", "desc": "借出方"}, {"column": "LenderAssociation", "desc": "与上市公司关联关系；与上市公司关联关系(LenderAssociation)与(CT_SystemConst)表中的DM字段关联，令LB = 1036，得到与上市公司关联关系的具体描述：1-本公司，2-母公司，3-控股股东，4-非控股股东，5-兄弟企业，8-间接非控股股东，9-同一领导人、亲属关系，10-下属子公司、参股公司，11-项目合作合资方，12-其他关联关系，51-间接兄弟企业，80-间接控股股东，83-潜在控股股东，84-潜在非控股股东，86-转让前控股股东，87-转让前非控股股东，121-股权受托管理人，122-受同一方控制，999-无关联关系。"}, {"column": "Guarantor", "desc": "担保方"}, {"column": "GuarantorAssociation", "desc": "与上市公司关联关系；与上市公司关联关系(GuarantorAssociation)与(CT_SystemConst)表中的DM字段关联，令LB = 1036，得到与上市公司关联关系的具体描述：1-本公司，2-母公司，3-控股股东，4-非控股股东，5-兄弟企业，8-间接非控股股东，9-同一领导人、亲属关系，10-下属子公司、参股公司，11-项目合作合资方，12-其他关联关系，51-间接兄弟企业，80-间接控股股东，83-潜在控股股东，84-潜在非控股股东，86-转让前控股股东，87-转让前非控股股东，121-股权受托管理人，122-受同一方控制，999-无关联关系。"}, {"column": "GuarantorMortgageAsset", "desc": "担保方抵押置押资产"}, {"column": "FirstLoanSum", "desc": "首次借贷金额(元)"}, {"column": "LatestLoanSum", "desc": "最新借贷金额(元)"}, {"column": "LatestRepaymentSum", "desc": "最近还款金额(元)"}, {"column": "AccumulatedRepaymentSum", "desc": "累计还款金额(元)"}, {"column": "YearRateStat", "desc": "借贷年利率说明"}, {"column": "YearRate", "desc": "借贷年利率"}, {"column": "LoanTerm", "desc": "借贷期限(月)"}, {"column": "RenewalTerm", "desc": "其中：续借期限(元)"}, {"column": "LoanBeginDate", "desc": "借贷起始日"}, {"column": "LoanEndDate", "desc": "借贷截止日"}, {"column": "LoanGuaranteeTerm", "desc": "担保期限(月)"}, {"column": "LoanRenewalGuaranteeTerm", "desc": "其中：续保期限(月)"}, {"column": "LoanGuaranteeBeginDate", "desc": "担保起始日"}, {"column": "LoanGuaranteeEndDate", "desc": "担保截止日"}, {"column": "LatestRepaymentDate", "desc": "最近还款日期"}]}, {"表名": "constantdb.secumain", "表字段": [{"column": "InnerCode", "desc": "证券内部编码"}, {"column": "CompanyCode", "desc": "公司代码；公司代码(CompanyCode)：当本表SecuCategory IN (8,13)即基金相关时，对应的基金管理人代码可通过本表InnerCode关联MF_FundArchives.InnerCode，取MF_FundArchives.InvestAdvisorCode"}, {"column": "SecuCode", "desc": "证券代码"}, {"column": "ChiName", "desc": "中文名称"}, {"column": "ChiNameAbbr", "desc": "中文名称缩写"}, {"column": "EngName", "desc": "英文名称"}, {"column": "EngNameAbbr", "desc": "英文名称缩写"}, {"column": "SecuAbbr", "desc": "证券简称"}]}, {"表名": "constantdb.hk_secumain", "表字段": [{"column": "InnerCode", "desc": "证券内部编码"}, {"column": "CompanyCode", "desc": "公司代码"}, {"column": "SecuCode", "desc": "证券代码"}, {"column": "ChiName", "desc": "中文名称"}, {"column": "ChiNameAbbr", "desc": "中文名称缩写"}, {"column": "EngName", "desc": "英文名称"}, {"column": "EngNameAbbr", "desc": "英文名称缩写"}, {"column": "SecuAbbr", "desc": "证券简称"}, {"column": "FormerName", "desc": "曾用名"}, {"column": "InnerCode", "desc": "证券内部编码"}, {"column": "CompanyCode", "desc": "公司代码"}, {"column": "SecuCode", "desc": "证券代码"}, {"column": "ChiName", "desc": "中文名称"}, {"column": "ChiNameAbbr", "desc": "中文名称缩写"}, {"column": "EngName", "desc": "英文名称"}, {"column": "EngNameAbbr", "desc": "英文名称缩写"}, {"column": "SecuAbbr", "desc": "证券简称"}, {"column": "FormerName", "desc": "曾用名"}]}, {"表名": "constantdb.us_secumain", "表字段": [{"column": "InnerCode", "desc": "证券内部编码"}, {"column": "SecuCode", "desc": "证券代码"}, {"column": "SecuAbbr", "desc": "证券简称"}, {"column": "CompanyCode", "desc": "公司代码"}, {"column": "EngName", "desc": "英文名称"}, {"column": "ChiName", "desc": "中文名称"}]}, {"表名": "constantdb.ct_systemconst", "表字段": [{"column": "LB", "desc": "常量分类编码"}, {"column": "LBMC", "desc": "常量分类名称"}, {"column": "MS", "desc": "常量描述"}, {"column": "DM", "desc": "常量代码"}, {"column": "LB", "desc": "常量分类编码"}, {"column": "LBMC", "desc": "常量分类名称"}, {"column": "MS", "desc": "常量描述"}, {"column": "DM", "desc": "常量代码"}]}, {"表名": "astockindustrydb.lc_conceptlist", "表字段": [{"column": "ClassCode", "desc": "所属1级概念代码"}, {"column": "ClassName", "desc": "所属1级概念名称"}, {"column": "SubclassCode", "desc": "所属2级概念代码"}, {"column": "SubclassName", "desc": "所属2级概念名称"}, {"column": "ConceptCode", "desc": "所属概念板块编码"}, {"column": "ConceptName", "desc": "概念名称"}, {"column": "ConceptEngName", "desc": "概念英文名称"}]}]

请选择column，务必遵循输出的格式要求。

>>>>> Agent【Check_db_structure.columns_selector】 Said:
【分析】
用户提问涉及以下几个关键点：
1. 时间范围：2020-2021年间
2. 公司信息：中国宝安集团股份有限公司（CompanyCode: 25, InnerCode: 28）
3. 事件类型：重大借贷事件（单笔金额超过3000万元）
4. 需要统计的事件数量
5. 最大金额的借贷事件及其对应的借款方和贷款方

【信息所在字段】
- astockeventsdb.lc_credit.InitialInfoPublDate: 这个字段可能包含借贷事件的首次信息发布日期，对应用户提问中的时间范围
- astockeventsdb.lc_credit.CompanyCode: 这个字段可能包含公司代码，对应用户提问中的公司信息
- astockeventsdb.lc_credit.FirstLoanSum: 这个字段可能包含首次借贷金额，对应用户提问中的重大借贷事件
- astockeventsdb.lc_credit.LatestLoanSum: 这个字段可能包含最新借贷金额，对应用户提问中的重大借贷事件
- astockeventsdb.lc_credit.Borrower: 这个字段可能包含借入方，对应用户提问中的借款方
- astockeventsdb.lc_credit.Lender: 这个字段可能包含借出方，对应用户提问中的贷款方

【筛选条件所在字段】
- astockeventsdb.lc_credit.InitialInfoPublDate: 用于筛选2020-2021年间的事件
- astockeventsdb.lc_credit.CompanyCode: 用于筛选中国宝安集团股份有限公司的事件
- astockeventsdb.lc_credit.FirstLoanSum: 用于筛选单笔金额超过3000万元的借贷事件
- astockeventsdb.lc_credit.LatestLoanSum: 用于筛选单笔金额超过3000万元的借贷事件

【选中的字段的清单】
```json
{
  "astockeventsdb.lc_credit": [
    "InitialInfoPublDate",
    "CompanyCode",
    "FirstLoanSum",
    "LatestLoanSum",
    "Borrower",
    "Lender"
  ]
}
```


>>>>> 【user】 Said:
之前已查询到信息如下:
查询结果表明: 在证券内部编码为28的记录中，2020年至2021年期间共有两次分红实施。第一次分红实施公告日为2020年8月7日，公司合计派现金额为51584279.30元人民币；第二次分红实施公告日为2021年8月20日，公司合计派现金额为77376418.95元人民币。每次分红的记录数量均为1条。
---
查询结果表明: 在证券内部编码为28的记录中，2020年和2021年的机构持有无限售流通A股比例（InstitutionsHoldProp）数据显示，2020年3月31日的比例为20.3405%，6月30日的比例为20.3343%，9月30日的比例为18.2863%，12月31日的比例为24.9971%；2021年3月31日的比例为32.2449%，6月30日的比例为33.143%。部分日期存在多个相同的比例值或空值（null），可能表示数据记录的重复或缺失。

请问:在2020-2021年间，中国宝安集团股份有限公司（CompanyCode: 25, InnerCode: 28）发生了多少重大借贷事件（单笔金额超过3000万元）？这些借贷事件中最大金额是多少，以及对应的借款方和贷款方分别是谁？

>>>>> Agent【Sql_query.master】 Said:
【已知信息】
- 中国宝安集团股份有限公司的CompanyCode是25，InnerCode是28。
- 需要查询2020-2021年间发生的重大借贷事件（单笔金额超过3000万元）。
- 需要获取这些借贷事件中的最大金额及其对应的借款方和贷款方。

【当前阶段要获取的信息】
- 2020-2021年间，中国宝安集团股份有限公司发生的重大借贷事件数量。
- 这些借贷事件中的最大金额。
- 对应的最大金额借贷事件的借款方和贷款方。

【信息所在字段】
- 重大借贷事件数量：通过计数符合条件的记录获取。
- 最大金额：`FirstLoanSum` 或 `LatestLoanSum`。
- 借款方：`Borrower`。
- 贷款方：`Lender`。

【筛选条件所在字段】
- 公司代码：`CompanyCode`。
- 时间字段：`InitialInfoPublDate`。
- 借贷金额：`FirstLoanSum` 或 `LatestLoanSum`。

【SQL语句的思路】
1. 从`astockeventsdb.lc_credit`表中筛选出CompanyCode为25且InitialInfoPublDate在2020-2021年间的记录。
2. 进一步筛选出单笔金额超过3000万元的记录。
3. 计算这些记录的数量。
4. 找出最大金额的借贷事件及其对应的借款方和贷款方。

【执行SQL语句】
```exec_sql
SELECT COUNT(*) AS EventCount, MAX(FirstLoanSum) AS MaxLoanAmount, Borrower, Lender
FROM astockeventsdb.lc_credit
WHERE CompanyCode = 25 
  AND (YEAR(InitialInfoPublDate) = 2020 OR YEAR(InitialInfoPublDate) = 2021)
  AND (FirstLoanSum > 30000000 OR LatestLoanSum > 30000000)
```

【上述SQL语句的含义】
- 从`astockeventsdb.lc_credit`表中筛选出公司代码为25且首次信息发布日期在2020或2021年的记录。
- 进一步筛选出首次借贷金额或最新借贷金额超过3000万元的记录。
- 计算这些记录的数量（EventCount）。
- 找出最大金额的借贷事件（MaxLoanAmount）及其对应的借款方（Borrower）和贷款方（Lender）。

>>>>> 查询sql:
SELECT COUNT(*) AS EventCount, MAX(FirstLoanSum) AS MaxLoanAmount, Borrower, Lender
FROM astockeventsdb.lc_credit
WHERE CompanyCode = 25 
  AND (YEAR(InitialInfoPublDate) = 2020 OR YEAR(InitialInfoPublDate) = 2021)
  AND (FirstLoanSum > 30000000 OR LatestLoanSum > 30000000);
查询失败: 查询执行失败: (mysql.connector.errors.ProgrammingError) 1140 (42000): In aggregated query without GROUP BY, expression #3 of SELECT list contains nonaggregated column 'astockeventsdb.lc_credit.Borrower'; this is incompatible with sql_mode=only_full_group_by
[SQL: SELECT COUNT(*) AS EventCount, MAX(FirstLoanSum) AS MaxLoanAmount, Borrower, Lender
FROM astockeventsdb.lc_credit
WHERE CompanyCode = 25 
  AND (YEAR(InitialInfoPublDate) = 2020 OR YEAR(InitialInfoPublDate) = 2021)
  AND (FirstLoanSum > 30000000 OR LatestLoanSum > 30000000);]
(Background on this error at: https://sqlalche.me/e/20/f405)


>>>>> 【user】 Said:
查询SQL:
SELECT COUNT(*) AS EventCount, MAX(FirstLoanSum) AS MaxLoanAmount, Borrower, Lender
FROM astockeventsdb.lc_credit
WHERE CompanyCode = 25 
  AND (YEAR(InitialInfoPublDate) = 2020 OR YEAR(InitialInfoPublDate) = 2021)
  AND (FirstLoanSum > 30000000 OR LatestLoanSum > 30000000);
查询发生异常：查询执行失败: (mysql.connector.errors.ProgrammingError) 1140 (42000): In aggregated query without GROUP BY, expression #3 of SELECT list contains nonaggregated column 'astockeventsdb.lc_credit.Borrower'; this is incompatible with sql_mode=only_full_group_by
[SQL: SELECT COUNT(*) AS EventCount, MAX(FirstLoanSum) AS MaxLoanAmount, Borrower, Lender
FROM astockeventsdb.lc_credit
WHERE CompanyCode = 25 
  AND (YEAR(InitialInfoPublDate) = 2020 OR YEAR(InitialInfoPublDate) = 2021)
  AND (FirstLoanSum > 30000000 OR LatestLoanSum > 30000000);]
(Background on this error at: https://sqlalche.me/e/20/f405)
请修正

>>>>> Agent【Sql_query.master】 Said:
【已知信息】
- 中国宝安集团股份有限公司的CompanyCode是25，InnerCode是28。
- 需要查询2020-2021年间发生的重大借贷事件（单笔金额超过3000万元）。
- 需要获取这些借贷事件中的最大金额及其对应的借款方和贷款方。

【当前阶段要获取的信息】
- 2020-2021年间，中国宝安集团股份有限公司发生的重大借贷事件数量。
- 这些借贷事件中的最大金额。
- 对应的最大金额借贷事件的借款方和贷款方。

【信息所在字段】
- 重大借贷事件数量：通过计数符合条件的记录获取。
- 最大金额：`FirstLoanSum` 或 `LatestLoanSum`。
- 借款方：`Borrower`。
- 贷款方：`Lender`。

【筛选条件所在字段】
- 公司代码：`CompanyCode`。
- 时间字段：`InitialInfoPublDate`。
- 借贷金额：`FirstLoanSum` 或 `LatestLoanSum`。

【SQL语句的思路】
1. 从`astockeventsdb.lc_credit`表中筛选出CompanyCode为25且InitialInfoPublDate在2020-2021年间的记录。
2. 进一步筛选出单笔金额超过3000万元的记录。
3. 计算这些记录的数量。
4. 由于聚合查询中不能直接选择非聚合字段，需要分两步进行：
   - 第一步：计算总事件数量和最大借贷金额。
   - 第二步：根据最大借贷金额找到对应的借款方和贷款方。

【执行SQL语句】
首先，计算总事件数量和最大借贷金额：
```exec_sql
SELECT COUNT(*) AS EventCount, MAX(FirstLoanSum) AS MaxLoanAmount
FROM astockeventsdb.lc_credit
WHERE CompanyCode = 25 
  AND (YEAR(InitialInfoPublDate) = 2020 OR YEAR(InitialInfoPublDate) = 2021)
  AND (FirstLoanSum > 30000000 OR LatestLoanSum > 30000000)
```

【上述SQL语句的含义】
- 从`astockeventsdb.lc_credit`表中筛选出公司代码为25且首次信息发布日期在2020或2021年的记录。
- 进一步筛选出首次借贷金额或最新借贷金额超过3000万元的记录。
- 计算这些记录的数量（EventCount）和最大借贷金额（MaxLoanAmount）。

接下来，根据最大借贷金额找到对应的借款方和贷款方（将在下一个交互周期执行）。

>>>>> 查询sql:
SELECT COUNT(*) AS EventCount, MAX(FirstLoanSum) AS MaxLoanAmount
FROM astockeventsdb.lc_credit
WHERE CompanyCode = 25 
  AND (YEAR(InitialInfoPublDate) = 2020 OR YEAR(InitialInfoPublDate) = 2021)
  AND (FirstLoanSum > 30000000 OR LatestLoanSum > 30000000);
查询结果:
[{"EventCount": 4, "MaxLoanAmount": 390000000.0}]


>>>>> 【user】 Said:
查询SQL:
SELECT COUNT(*) AS EventCount, MAX(FirstLoanSum) AS MaxLoanAmount
FROM astockeventsdb.lc_credit
WHERE CompanyCode = 25 
  AND (YEAR(InitialInfoPublDate) = 2020 OR YEAR(InitialInfoPublDate) = 2021)
  AND (FirstLoanSum > 30000000 OR LatestLoanSum > 30000000);
查询结果:
[{"EventCount": 4, "MaxLoanAmount": 390000000.0}]
请理解查询结果

>>>>> Agent【Sql_query.understand_query_result】 Said:
查询结果表明: 对于公司代码为25的公司，在2020年或2021年首次信息发布日期的借贷事件中，满足首次借贷金额大于3000万元或最新借贷金额大于3000万元的事件共有4次，其中最大的首次借贷金额为3.9亿元。


>>>>> 【user】 Said:
查询SQL:
SELECT COUNT(*) AS EventCount, MAX(FirstLoanSum) AS MaxLoanAmount
FROM astockeventsdb.lc_credit
WHERE CompanyCode = 25 
  AND (YEAR(InitialInfoPublDate) = 2020 OR YEAR(InitialInfoPublDate) = 2021)
  AND (FirstLoanSum > 30000000 OR LatestLoanSum > 30000000);
查询结果:
[{"EventCount": 4, "MaxLoanAmount": 390000000.0}]
查询结果表明: 对于公司代码为25的公司，在2020年或2021年首次信息发布日期的借贷事件中，满足首次借贷金额大于3000万元或最新借贷金额大于3000万元的事件共有4次，其中最大的首次借贷金额为3.9亿元。

当前掌握的信息是否能够回答"在2020-2021年间，中国宝安集团股份有限公司（CompanyCode: 25, InnerCode: 28）发生了多少重大借贷事件（单笔金额超过3000万元）？这些借贷事件中最大金额是多少，以及对应的借款方和贷款方分别是谁？"？还是要继续执行下一阶段SQL查询？

>>>>> Agent【Sql_query.master】 Said:
【已知信息】
- 中国宝安集团股份有限公司的CompanyCode是25，InnerCode是28。
- 在2020-2021年间，该公司发生了4次重大借贷事件（单笔金额超过3000万元）。
- 这些借贷事件中的最大金额为3.9亿元。

【当前阶段要获取的信息】
- 对应最大金额借贷事件的借款方和贷款方。

【信息所在字段】
- 借款方：`Borrower`。
- 贷款方：`Lender`。

【筛选条件所在字段】
- 公司代码：`CompanyCode`。
- 时间字段：`InitialInfoPublDate`。
- 借贷金额：`FirstLoanSum`。

【SQL语句的思路】
1. 从`astockeventsdb.lc_credit`表中筛选出CompanyCode为25且InitialInfoPublDate在2020-2021年间的记录。
2. 进一步筛选出首次借贷金额等于最大金额（3.9亿元）的记录。
3. 获取这些记录的借款方和贷款方。

【执行SQL语句】
```exec_sql
SELECT Borrower, Lender
FROM astockeventsdb.lc_credit
WHERE CompanyCode = 25 
  AND (YEAR(InitialInfoPublDate) = 2020 OR YEAR(InitialInfoPublDate) = 2021)
  AND FirstLoanSum = 390000000
```

【上述SQL语句的含义】
- 从`astockeventsdb.lc_credit`表中筛选出公司代码为25且首次信息发布日期在2020或2021年的记录。
- 进一步筛选出首次借贷金额等于3.9亿元的记录。
- 获取这些记录的借款方（Borrower）和贷款方（Lender）。

>>>>> 查询sql:
SELECT Borrower, Lender
FROM astockeventsdb.lc_credit
WHERE CompanyCode = 25 
  AND (YEAR(InitialInfoPublDate) = 2020 OR YEAR(InitialInfoPublDate) = 2021)
  AND FirstLoanSum = 390000000;
查询结果:
[{"Borrower": "贝特瑞新材料集团股份有限公司", "Lender": "国家开发银行深圳市分行"}]


>>>>> 【user】 Said:
查询SQL:
SELECT Borrower, Lender
FROM astockeventsdb.lc_credit
WHERE CompanyCode = 25 
  AND (YEAR(InitialInfoPublDate) = 2020 OR YEAR(InitialInfoPublDate) = 2021)
  AND FirstLoanSum = 390000000;
查询结果:
[{"Borrower": "贝特瑞新材料集团股份有限公司", "Lender": "国家开发银行深圳市分行"}]
请理解查询结果

>>>>> Agent【Sql_query.understand_query_result】 Said:
查询结果表明: 在公司代码为25的记录中，首次信息发布日期在2020年或2021年，且首次借贷金额为390,000,000元的借贷事件中，借入方为贝特瑞新材料集团股份有限公司，借出方为国家开发银行深圳市分行。


>>>>> 【user】 Said:
查询SQL:
SELECT Borrower, Lender
FROM astockeventsdb.lc_credit
WHERE CompanyCode = 25 
  AND (YEAR(InitialInfoPublDate) = 2020 OR YEAR(InitialInfoPublDate) = 2021)
  AND FirstLoanSum = 390000000;
查询结果:
[{"Borrower": "贝特瑞新材料集团股份有限公司", "Lender": "国家开发银行深圳市分行"}]
查询结果表明: 在公司代码为25的记录中，首次信息发布日期在2020年或2021年，且首次借贷金额为390,000,000元的借贷事件中，借入方为贝特瑞新材料集团股份有限公司，借出方为国家开发银行深圳市分行。

当前掌握的信息是否能够回答"在2020-2021年间，中国宝安集团股份有限公司（CompanyCode: 25, InnerCode: 28）发生了多少重大借贷事件（单笔金额超过3000万元）？这些借贷事件中最大金额是多少，以及对应的借款方和贷款方分别是谁？"？还是要继续执行下一阶段SQL查询？

>>>>> Agent【Sql_query.master】 Said:
【已知信息】
- 中国宝安集团股份有限公司的CompanyCode是25，InnerCode是28。
- 在2020-2021年间，该公司发生了4次重大借贷事件（单笔金额超过3000万元）。
- 这些借贷事件中的最大金额为3.9亿元。
- 对应最大金额借贷事件的借款方为贝特瑞新材料集团股份有限公司，贷款方为国家开发银行深圳市分行。

【当前阶段要获取的信息】
无

【信息所在字段】
无

【筛选条件所在字段】
无

【SQL语句的思路】
无

【执行SQL语句】
无

【上述SQL语句的含义】
无

**总结回答**：
在2020-2021年间，中国宝安集团股份有限公司（CompanyCode: 25, InnerCode: 28）发生了4次重大借贷事件（单笔金额超过3000万元）。这些借贷事件中最大金额为3.9亿元，对应的借款方为贝特瑞新材料集团股份有限公司，贷款方为国家开发银行深圳市分行。

当前掌握的信息已经能够完全回答用户的问题，无需继续执行下一阶段SQL查询。


>>>>> 【user】 Said:
请回答问题:"在2020-2021年间，中国宝安集团股份有限公司（CompanyCode: 25, InnerCode: 28）发生了多少重大借贷事件（单笔金额超过3000万元）？这些借贷事件中最大金额是多少，以及对应的借款方和贷款方分别是谁？"

>>>>> Agent【Sql_query.summary】 Said:
在2020-2021年间，中国宝安集团股份有限公司（CompanyCode: 25, InnerCode: 28）发生了4次重大借贷事件（单笔金额超过3000万元）。这些借贷事件中最大金额为390000000元，对应的借款方为贝特瑞新材料集团股份有限公司，贷款方为国家开发银行深圳市分行。
