
>>>>> Original Question: 截至2021年底，这个概念有多少只股票（不包含已经调出的）？调出了多少只股票？


>>>>> 【user】 Said:
已知事实:无。
下面是顺序的历史问答:
'''
Question: 在线教育属于科技概念的什么分支？这个概念的英文名称是什么？
Answer: 在线教育属于科技概念的具体分支是"互联网"，这个科技概念的英文名称是"K-12"。
'''
现在用户继续提问，请根据已知信息，理解当前这个问题的完整含义，并重写这个问题使得单独拿出来看仍然能够正确理解：截至2021年底，这个概念有多少只股票（不包含已经调出的）？调出了多少只股票？

>>>>> Agent【rewrite_question】 Said:
截至2021年底，属于"互联网"科技概念（英文名称为"K-12"）的在线教育领域有多少只股票（不包含已经调出的）？同时，有多少只股票被调出？


>>>>> 【user】 Said:
提取下面这段文字里的实体，如公司名、股票代码等，如果识别结果是空，那么就回复No Entities."截至2021年底，属于"互联网"科技概念（英文名称为"K-12"）的在线教育领域有多少只股票（不包含已经调出的）？同时，有多少只股票被调出？"

>>>>> Agent【extract_company】 Said:
No Entities.

>>>>> 已知事实:


>>>>> 【user】 Said:
请选择db，务必遵循输出的格式要求。

>>>>> Agent【Check_db_structure.db_selector】 Said:
【分析】
用户需要查询的是截至2021年底，属于"互联网"科技概念（英文名称为"K-12"）的在线教育领域的股票数量，以及被调出该概念的股票数量。这涉及到股票的行业分类和概念板块信息，以及股票的调入调出情况。

【选中的数据库】
- `astockindustrydb`: 这个数据库记录了A股上市公司在行业划分、行业变更、估值指标、财务指标及概念板块等多个方面的信息，涵盖了公司所属行业的多层级划分、变更历史、行业估值和财务表现，以及与热点概念相关的分类和公司归属信息。

【选中的数据库的清单】
```json
["astockindustrydb"]
```


>>>>> 【user】 Said:
数据库表信息如下:
[{"表名": "astockindustrydb.lc_exgindustry", "说明": "该数据表包含与公司及行业相关的信息，主要字段包括公司标识信息如公司代码，信息动态如发布日期和来源，行业分类信息如行业划分标准、所属行业及是否执行，并提供多层级行业分类数据，包括一级至四级行业的代码和名称，以及取消日期等补充信息。"}, {"表名": "astockindustrydb.lc_exgindchange", "说明": "该数据表主要用于记录公司相关的行业信息和执行状态，字段包括公司基础信息如公司代码，公司动态信息如信息发布日期和信息来源，行业分类信息如行业划分标准、所属行业，以及多级行业信息包括一级到四级的行业代码和名称。此外，还包含执行状态相关字段如是否执行和取消日期。"}, {"表名": "astockindustrydb.lc_industryvaluation", "说明": "该数据表主要用于记录行业相关的统计信息和财务指标，包含以下字段：基础信息如行业内部编码、行业名称、行业代码、行业分类标准等；时间信息如交易日；统计维度如统计类型和统计板块；行业市值信息如总市值、A股流通市值、A股自由流通市值等；估值指标如滚动市盈率、静态市盈率、市净率、滚动股息率、滚动市现率、静态市现率、滚动市销率、静态市销率等；其他信息如上市证券数量和分类等，全面反映行业的市场表现和财务状况。"}, {"表名": "astockindustrydb.lc_indfinindicators", "说明": "该数据表主要用于描述行业相关的统计和财务信息，字段涵盖多个方面：基础信息如行业内部编码、名称、级别、代码及划分标准等；时间信息包括信息发布日期和截止日期；统计指标如统计类型和板块；财务数据包括行业营业收入、营业成本、营业利润、净利润及归属母公司净利润等，均提供TTM（滚动12个月）和累计值；资产与股本信息如总资产、净资产、总股本等；盈利能力指标包括每股收益、净资产收益率（平均、摊薄、TTM及扣除值）、总资产净利率、销售毛利率、销售净利率等；费用相关指标如财务费用率、销售费用率、期间费用率及营业总成本占比；运营效率指标包括存货周转率及天数、应收账款周转率及天数、总资产周转率等；现金流与偿债能力指标如经营现金流利息保障倍数、流动比率、速动比率、利息保障倍数等；增长性指标如归属母公司净利润同比增长、毛利润同比增长等；其他指标如资产负债率、有形资产净值占比、对外投资占比、预收账款占营业收入比、应收账款占营业收入比等，全面反映行业的财务状况、盈利能力、运营效率及偿债能力。"}, {"表名": "astockindustrydb.lc_coconcept", "说明": "该数据表主要用于记录证券相关概念及状态信息，包括证券内部编码和概念代码等基础标识信息，调入日期与调出日期等时间维度信息，所属状态及备注等描述性信息，以及信息发布日期等数据更新信息。"}, {"表名": "astockindustrydb.lc_conceptlist", "说明": "该数据表包含与概念分类相关的信息，包括一级和二级概念的代码和名称，以及概念板块的编码和名称。此外，还包括概念的时间信息如起始日期、结束日期和信息发布日期，状态信息如所属状态，以及补充信息如备注和概念英文名称。"}]

请选择table，务必遵循输出的格式要求。

>>>>> Agent【Check_db_structure.table_selector】 Said:
【分析】
要回答这个问题，我们需要找到属于"互联网"科技概念（英文名称为"K-12"）的在线教育领域的股票数量，以及被调出该概念的股票数量。我们需要以下信息：
1. 概念分类信息，包括概念的代码和名称。
2. 证券与概念的关系信息，包括调入和调出日期。
3. 时间条件，截至2021年底。

【选中的数据表】
- astockindustrydb.lc_conceptlist: 这个数据表包含概念的代码和名称，以及概念的英文名称，可以用来确认"K-12"概念的代码。
- astockindustrydb.lc_coconcept: 这个数据表记录了证券与概念的关系，包括调入和调出日期，可以用来统计属于该概念的股票数量和被调出的股票数量。

【选中的数据库表的清单】
```json
["astockindustrydb.lc_conceptlist", "astockindustrydb.lc_coconcept"]
```


>>>>> 【user】 Said:
已取得可用的数据表的字段信息如下:
[{"表名": "astockindustrydb.lc_conceptlist", "表字段": [{"column": "ClassCode", "desc": "所属1级概念代码"}, {"column": "ClassName", "desc": "所属1级概念名称"}, {"column": "SubclassCode", "desc": "所属2级概念代码"}, {"column": "SubclassName", "desc": "所属2级概念名称"}, {"column": "ConceptCode", "desc": "所属概念板块编码"}, {"column": "ConceptName", "desc": "概念名称"}, {"column": "BeginDate", "desc": "起始日期"}, {"column": "EndDate", "desc": "日期"}, {"column": "ConceptState", "desc": "所属状态；所属状态(ConceptState)，该字段固定以下常量：1-正常，0-终止。"}, {"column": "Remark", "desc": "备注"}, {"column": "InfoPublDate", "desc": "信息发布日期"}, {"column": "ConceptEngName", "desc": "概念英文名称"}]}, {"表名": "astockindustrydb.lc_coconcept", "表字段": [{"column": "InnerCode", "desc": "证券内部编码；证券内部编码（InnerCode）：与“证券主表（SecuMain）”中的“证券内部编码（InnerCode）”关联，得到证券的交易代码、简称等。"}, {"column": "ConceptCode", "desc": "概念代码；概念代码(ConceptCode)：与“概念板块表(LC_ConceptList)”中的“概念代码(ConceptCode)”关联，得到所属概念的信息。"}, {"column": "InDate", "desc": "调入日期"}, {"column": "OutDate", "desc": "调出日期"}, {"column": "IndiState", "desc": "所属状态；所属状态(IndiState)，该字段固定以下常量：1-正常，0-终止。"}, {"column": "Remark", "desc": "备注；备注(Remark):字段解释了该成分股属于此概念的原因及逻辑。"}, {"column": "InfoPublDate", "desc": "信息发布日期"}]}]

请选择column，务必遵循输出的格式要求。

>>>>> Agent【Check_db_structure.columns_selector】 Said:
【分析】
用户提问涉及两个主要信息点：
1. 截至2021年底，属于"互联网"科技概念（英文名称为"K-12"）的在线教育领域的股票数量（不包含已经调出的）。
2. 同时，有多少只股票被调出。

【信息所在字段】
- astockindustrydb.lc_conceptlist.ConceptName: 这个字段可能包含概念名称信息，对应用户提问中的"互联网"科技概念。
- astockindustrydb.lc_conceptlist.ConceptEngName: 这个字段可能包含概念英文名称信息，对应用户提问中的"K-12"。
- astockindustrydb.lc_coconcept.InnerCode: 这个字段可能包含证券内部编码信息，用于统计股票数量。
- astockindustrydb.lc_coconcept.IndiState: 这个字段可能包含股票的所属状态信息，用于筛选正常状态的股票。
- astockindustrydb.lc_coconcept.OutDate: 这个字段可能包含股票的调出日期信息，用于统计被调出的股票数量。

【筛选条件所在字段】
- astockindustrydb.lc_conceptlist.InfoPublDate: 这个字段可能包含信息发布日期，用于确认截至2021年底的数据。
- astockindustrydb.lc_coconcept.InfoPublDate: 这个字段可能包含信息发布日期，用于确认截至2021年底的数据。

【选中的字段的清单】
```json
{
  "astockindustrydb.lc_conceptlist": ["ConceptName", "ConceptEngName", "InfoPublDate"],
  "astockindustrydb.lc_coconcept": ["InnerCode", "IndiState", "OutDate", "InfoPublDate"]
}
```


>>>>> 【user】 Said:
之前已查询到信息如下:
查询结果表明: 在所属1级概念名称为"科技"且概念名称中包含"在线教育"的条件下，查询得到的结果显示所属2级概念名称为"互联网"，对应的概念英文名称为"K-12"。

请问:截至2021年底，属于"互联网"科技概念（英文名称为"K-12"）的在线教育领域有多少只股票（不包含已经调出的）？同时，有多少只股票被调出？

>>>>> Agent【Sql_query.master】 Said:
【已知信息】
- 在线教育属于科技概念的具体分支是"互联网"，这个科技概念的英文名称是"K-12"。
- 我们需要查询截至2021年底，属于"互联网"科技概念（英文名称为"K-12"）的在线教育领域的股票数量，以及被调出的股票数量。

【当前阶段要获取的信息】
- 属于"互联网"科技概念的在线教育领域的股票数量（不包含已经调出的）
- 被调出的股票数量

【信息所在字段】
- 股票数量：`astockindustrydb.lc_coconcept`表中的`InnerCode`
- 调出状态：`astockindustrydb.lc_coconcept`表中的`IndiState`和`OutDate`

【筛选条件所在字段】
- 概念名称：`astockindustrydb.lc_conceptlist`表中的`ConceptName`和`ConceptEngName`
- 时间日期：`astockindustrydb.lc_coconcept`表中的`OutDate`
- 状态：`astockindustrydb.lc_coconcept`表中的`IndiState`

【SQL语句的思路】
1. 首先，从`astockindustrydb.lc_conceptlist`表中获取"互联网"科技概念（英文名称为"K-12"）的`ConceptCode`。
2. 然后，使用获取到的`ConceptCode`在`astockindustrydb.lc_coconcept`表中查询截至2021年底的股票数量，分别统计正常状态和调出状态的股票数量。

【执行SQL语句】
```exec_sql
-- 获取"互联网"科技概念（英文名称为"K-12"）的ConceptCode
SELECT ConceptCode 
FROM astockindustrydb.lc_conceptlist 
WHERE ConceptName LIKE '%互联网%' AND ConceptEngName = 'K-12';
```

【上述SQL语句的含义】
从`astockindustrydb.lc_conceptlist`表中筛选出概念名称包含"互联网"且英文名称为"K-12"的记录，并获取其`ConceptCode`。这将作为后续查询的依据。

>>>>> 查询sql:
SELECT ConceptCode 
FROM astockindustrydb.lc_conceptlist 
WHERE ConceptName LIKE '%互联网%' AND ConceptEngName = 'K-12';
查询结果:
[]


>>>>> 【user】 Said:
查询SQL:
SELECT ConceptCode 
FROM astockindustrydb.lc_conceptlist 
WHERE ConceptName LIKE '%互联网%' AND ConceptEngName = 'K-12';
查询结果:
[]

请理解查询结果

>>>>> Agent【Sql_query.understand_query_result】 Said:
查询结果表明: 在表astockindustrydb.lc_conceptlist中，没有找到概念名称包含“互联网”且概念英文名称为“K-12”的记录，因此返回的结果集为空。


>>>>> 【user】 Said:
查询SQL:
SELECT ConceptCode 
FROM astockindustrydb.lc_conceptlist 
WHERE ConceptName LIKE '%互联网%' AND ConceptEngName = 'K-12';
查询结果:
[]

查询结果表明: 在表astockindustrydb.lc_conceptlist中，没有找到概念名称包含“互联网”且概念英文名称为“K-12”的记录，因此返回的结果集为空。

当前掌握的信息是否能够回答"截至2021年底，属于"互联网"科技概念（英文名称为"K-12"）的在线教育领域有多少只股票（不包含已经调出的）？同时，有多少只股票被调出？"？还是要继续执行下一阶段SQL查询？

>>>>> Agent【Sql_query.master】 Said:
【已知信息】
- 在`astockindustrydb.lc_conceptlist`表中，没有找到概念名称包含“互联网”且概念英文名称为“K-12”的记录。

【当前阶段要获取的信息】
- 由于未找到对应的概念编码，无法直接查询股票数量。需要重新确认概念名称和英文名称的准确性，或者尝试其他关键词进行搜索。

【信息所在字段】
- 概念名称：`astockindustrydb.lc_conceptlist`表中的`ConceptName`
- 概念英文名称：`astockindustrydb.lc_conceptlist`表中的`ConceptEngName`

【筛选条件所在字段】
- 概念名称和英文名称

【SQL语句的思路】
1. 尝试使用其他关键词搜索可能相关的概念名称和英文名称，以找到正确的`ConceptCode`。
2. 如果仍然无法找到，可能需要用户确认概念名称和英文名称的准确性。

【执行SQL语句】
```exec_sql
-- 尝试使用其他关键词搜索可能相关的概念名称和英文名称
SELECT ConceptCode, ConceptName, ConceptEngName 
FROM astockindustrydb.lc_conceptlist 
WHERE ConceptName LIKE '%在线教育%' OR ConceptEngName LIKE '%K-12%';
```

【上述SQL语句的含义】
从`astockindustrydb.lc_conceptlist`表中筛选出概念名称包含“在线教育”或概念英文名称包含“K-12”的记录，并获取其`ConceptCode`、`ConceptName`和`ConceptEngName`，以便确认是否存在其他相关的概念记录。

>>>>> 查询sql:
SELECT ConceptCode, ConceptName, ConceptEngName 
FROM astockindustrydb.lc_conceptlist 
WHERE ConceptName LIKE '%在线教育%' OR ConceptEngName LIKE '%K-12%';
查询结果:
[{"ConceptCode": 11040009, "ConceptName": "在线教育", "ConceptEngName": "K-12"}]


>>>>> 【user】 Said:
查询SQL:
SELECT ConceptCode, ConceptName, ConceptEngName 
FROM astockindustrydb.lc_conceptlist 
WHERE ConceptName LIKE '%在线教育%' OR ConceptEngName LIKE '%K-12%';
查询结果:
[{"ConceptCode": 11040009, "ConceptName": "在线教育", "ConceptEngName": "K-12"}]

请理解查询结果

>>>>> Agent【Sql_query.understand_query_result】 Said:
查询结果表明: 查询结果返回了一条记录，该记录显示概念板块编码为11040009，概念名称为“在线教育”，概念英文名称为“K-12”。这表明在“astockindustrydb.lc_conceptlist”表中存在一个同时符合“概念名称包含‘在线教育’”或“概念英文名称包含‘K-12’”条件的概念板块。


>>>>> 【user】 Said:
查询SQL:
SELECT ConceptCode, ConceptName, ConceptEngName 
FROM astockindustrydb.lc_conceptlist 
WHERE ConceptName LIKE '%在线教育%' OR ConceptEngName LIKE '%K-12%';
查询结果:
[{"ConceptCode": 11040009, "ConceptName": "在线教育", "ConceptEngName": "K-12"}]

查询结果表明: 查询结果返回了一条记录，该记录显示概念板块编码为11040009，概念名称为“在线教育”，概念英文名称为“K-12”。这表明在“astockindustrydb.lc_conceptlist”表中存在一个同时符合“概念名称包含‘在线教育’”或“概念英文名称包含‘K-12’”条件的概念板块。

当前掌握的信息是否能够回答"截至2021年底，属于"互联网"科技概念（英文名称为"K-12"）的在线教育领域有多少只股票（不包含已经调出的）？同时，有多少只股票被调出？"？还是要继续执行下一阶段SQL查询？

>>>>> Agent【Sql_query.master】 Said:
【已知信息】
- 查询结果返回了一条记录，概念板块编码为11040009，概念名称为“在线教育”，概念英文名称为“K-12”。

【当前阶段要获取的信息】
- 属于"在线教育"（英文名称为"K-12"）概念的股票数量（不包含已经调出的）
- 被调出的股票数量

【信息所在字段】
- 股票数量：`astockindustrydb.lc_coconcept`表中的`InnerCode`
- 调出状态：`astockindustrydb.lc_coconcept`表中的`IndiState`和`OutDate`

【筛选条件所在字段】
- 概念编码：`astockindustrydb.lc_coconcept`表中的`ConceptCode`
- 时间日期：`astockindustrydb.lc_coconcept`表中的`OutDate`
- 状态：`astockindustrydb.lc_coconcept`表中的`IndiState`

【SQL语句的思路】
1. 使用获取到的`ConceptCode`（11040009）在`astockindustrydb.lc_coconcept`表中查询截至2021年底的股票数量。
2. 分别统计正常状态（未调出）和调出状态的股票数量。

【执行SQL语句】
```exec_sql
-- 查询截至2021年底，属于"在线教育"（英文名称为"K-12"）概念的股票数量（不包含已经调出的）
SELECT COUNT(*) AS NormalStockCount
FROM astockindustrydb.lc_coconcept
WHERE ConceptCode = 11040009 
  AND IndiState = 1 
  AND (OutDate IS NULL OR DATE(OutDate) > '2021-12-31');

-- 查询截至2021年底，属于"在线教育"（英文名称为"K-12"）概念的被调出股票数量
SELECT COUNT(*) AS OutStockCount
FROM astockindustrydb.lc_coconcept
WHERE ConceptCode = 11040009 
  AND IndiState = 0 
  AND DATE(OutDate) <= '2021-12-31';
```

【上述SQL语句的含义】
- 第一条SQL语句统计截至2021年底，属于"在线教育"（英文名称为"K-12"）概念且状态为正常（未调出）的股票数量。
- 第二条SQL语句统计截至2021年底，属于"在线教育"（英文名称为"K-12"）概念且状态为调出的股票数量。

>>>>> 查询sql:
SELECT COUNT(*) AS OutStockCount
FROM astockindustrydb.lc_coconcept
WHERE ConceptCode = 11040009 
  AND IndiState = 0 
  AND DATE(OutDate) <= '2021-12-31';
查询结果:
[{"OutStockCount": 0}]


>>>>> 【user】 Said:
查询SQL:
SELECT COUNT(*) AS OutStockCount
FROM astockindustrydb.lc_coconcept
WHERE ConceptCode = 11040009 
  AND IndiState = 0 
  AND DATE(OutDate) <= '2021-12-31';
查询结果:
[{"OutStockCount": 0}]

请理解查询结果

>>>>> Agent【Sql_query.understand_query_result】 Said:
查询结果表明: 在概念代码为11040009的板块中，截至2021年12月31日，没有任何证券因状态为终止（IndiState = 0）而被调出（OutDate）。具体来说，OutStockCount字段的值为0，表示没有符合条件的记录。


>>>>> 【user】 Said:
查询SQL:
SELECT COUNT(*) AS OutStockCount
FROM astockindustrydb.lc_coconcept
WHERE ConceptCode = 11040009 
  AND IndiState = 0 
  AND DATE(OutDate) <= '2021-12-31';
查询结果:
[{"OutStockCount": 0}]

查询结果表明: 在概念代码为11040009的板块中，截至2021年12月31日，没有任何证券因状态为终止（IndiState = 0）而被调出（OutDate）。具体来说，OutStockCount字段的值为0，表示没有符合条件的记录。

当前掌握的信息是否能够回答"截至2021年底，属于"互联网"科技概念（英文名称为"K-12"）的在线教育领域有多少只股票（不包含已经调出的）？同时，有多少只股票被调出？"？还是要继续执行下一阶段SQL查询？

>>>>> Agent【Sql_query.master】 Said:
【已知信息】
- 在概念代码为11040009的板块中，截至2021年12月31日，没有任何证券因状态为终止（IndiState = 0）而被调出（OutDate）。具体来说，OutStockCount字段的值为0，表示没有符合条件的记录。

【当前阶段要获取的信息】
- 属于"在线教育"（英文名称为"K-12"）概念的股票数量（不包含已经调出的）

【信息所在字段】
- 股票数量：`astockindustrydb.lc_coconcept`表中的`InnerCode`

【筛选条件所在字段】
- 概念编码：`astockindustrydb.lc_coconcept`表中的`ConceptCode`
- 时间日期：`astockindustrydb.lc_coconcept`表中的`OutDate`
- 状态：`astockindustrydb.lc_coconcept`表中的`IndiState`

【SQL语句的思路】
- 使用获取到的`ConceptCode`（11040009）在`astockindustrydb.lc_coconcept`表中查询截至2021年底的股票数量，确保状态为正常（未调出）。

【执行SQL语句】
```exec_sql
-- 查询截至2021年底，属于"在线教育"（英文名称为"K-12"）概念的股票数量（不包含已经调出的）
SELECT COUNT(*) AS NormalStockCount
FROM astockindustrydb.lc_coconcept
WHERE ConceptCode = 11040009 
  AND IndiState = 1 
  AND (OutDate IS NULL OR DATE(OutDate) > '2021-12-31');
```

【上述SQL语句的含义】
- 统计截至2021年底，属于"在线教育"（英文名称为"K-12"）概念且状态为正常（未调出）的股票数量。通过筛选`ConceptCode`为11040009、`IndiState`为1，并且`OutDate`为空或大于2021年12月31日的记录，来确保统计的股票是未被调出的。

>>>>> 查询sql:
SELECT COUNT(*) AS NormalStockCount
FROM astockindustrydb.lc_coconcept
WHERE ConceptCode = 11040009 
  AND IndiState = 1 
  AND (OutDate IS NULL OR DATE(OutDate) > '2021-12-31');
查询结果:
[{"NormalStockCount": 6}]


>>>>> 【user】 Said:
查询SQL:
SELECT COUNT(*) AS NormalStockCount
FROM astockindustrydb.lc_coconcept
WHERE ConceptCode = 11040009 
  AND IndiState = 1 
  AND (OutDate IS NULL OR DATE(OutDate) > '2021-12-31');
查询结果:
[{"NormalStockCount": 6}]

请理解查询结果

>>>>> Agent【Sql_query.understand_query_result】 Said:
查询结果表明: 在概念板块编码为11040009的板块中，截至2021年12月31日，状态为正常的证券数量为6，这些证券的调出日期要么为空，要么晚于2021年12月31日。


>>>>> 【user】 Said:
查询SQL:
SELECT COUNT(*) AS NormalStockCount
FROM astockindustrydb.lc_coconcept
WHERE ConceptCode = 11040009 
  AND IndiState = 1 
  AND (OutDate IS NULL OR DATE(OutDate) > '2021-12-31');
查询结果:
[{"NormalStockCount": 6}]

查询结果表明: 在概念板块编码为11040009的板块中，截至2021年12月31日，状态为正常的证券数量为6，这些证券的调出日期要么为空，要么晚于2021年12月31日。

当前掌握的信息是否能够回答"截至2021年底，属于"互联网"科技概念（英文名称为"K-12"）的在线教育领域有多少只股票（不包含已经调出的）？同时，有多少只股票被调出？"？还是要继续执行下一阶段SQL查询？

>>>>> Agent【Sql_query.master】 Said:
【已知信息】
- 在概念板块编码为11040009的板块中，截至2021年12月31日，状态为正常的证券数量为6，这些证券的调出日期要么为空，要么晚于2021年12月31日。
- 在概念代码为11040009的板块中，截至2021年12月31日，没有任何证券因状态为终止（IndiState = 0）而被调出（OutDate）。

【当前阶段要获取的信息】
- 已全部获取所需信息，无需继续执行SQL查询。

【信息所在字段】
- 正常股票数量：`astockindustrydb.lc_coconcept`表中的`NormalStockCount`
- 被调出股票数量：`astockindustrydb.lc_coconcept`表中的`OutStockCount`

【筛选条件所在字段】
- 概念编码：`astockindustrydb.lc_coconcept`表中的`ConceptCode`
- 时间日期：`astockindustrydb.lc_coconcept`表中的`OutDate`
- 状态：`astockindustrydb.lc_coconcept`表中的`IndiState`

【SQL语句的思路】
- 已完成所有必要的查询，无需进一步SQL操作。

【执行SQL语句】
```exec_sql
无
```

【上述SQL语句的含义】
- 已获取到所有所需信息，无需再执行SQL查询。

## 总结
截至2021年底，属于"互联网"科技概念（英文名称为"K-12"）的在线教育领域有6只股票（不包含已经调出的），同时，没有股票被调出。


>>>>> 【user】 Said:
请回答问题:"截至2021年底，属于"互联网"科技概念（英文名称为"K-12"）的在线教育领域有多少只股票（不包含已经调出的）？同时，有多少只股票被调出？"

>>>>> Agent【Sql_query.summary】 Said:
截至2021年底，属于"互联网"科技概念（英文名称为"K-12"）的在线教育领域有6只股票（不包含已经调出的），同时，没有股票被调出。
