
>>>>> Original Question: 坚朗五金最近三次投资者调研的具体时间(xxxx-xx-xx的格式)、地点和参与机构数量分别是多少？


>>>>> 【user】 Said:
提取下面这段文字里的实体，如公司名、股票代码等，如果识别结果是空，那么就回复No Entities."坚朗五金最近三次投资者调研的具体时间(xxxx-xx-xx的格式)、地点和参与机构数量分别是多少？"

>>>>> Agent【extract_company】 Said:
```json
["坚朗五金"]
```

>>>>> 查询sql:
SELECT 'constantdb.secumain' AS TableName, InnerCode, CompanyCode, ChiName, EngName, SecuCode
FROM constantdb.secumain 
WHERE SecuCode = '坚朗五金'
   OR ChiName LIKE '%坚朗五金%'
   OR ChiNameAbbr LIKE '%坚朗五金%'
   OR EngName LIKE '%坚朗五金%'
   OR EngNameAbbr LIKE '%坚朗五金%'
   OR SecuAbbr LIKE '%坚朗五金%'
UNION ALL
SELECT 'constantdb.hk_secumain' AS TableName, InnerCode, CompanyCode, ChiName, EngName, SecuCode
FROM constantdb.hk_secumain 
WHERE SecuCode = '%坚朗五金%'
   OR ChiName LIKE '%坚朗五金%'
   OR ChiNameAbbr LIKE '%坚朗五金%'
   OR EngName LIKE '%坚朗五金%'
   OR EngNameAbbr LIKE '%坚朗五金%'
   OR SecuAbbr LIKE '%坚朗五金%'
   OR FormerName LIKE '%坚朗五金%'
UNION ALL
SELECT 'constantdb.us_secumain' AS TableName, InnerCode, CompanyCode, ChiName, EngName, SecuCode
FROM constantdb.us_secumain 
WHERE SecuCode = '坚朗五金'
   OR ChiName LIKE '%坚朗五金%'
   OR EngName LIKE '%坚朗五金%'
   OR SecuAbbr LIKE '%坚朗五金%';
查询结果:
[{"TableName": "constantdb.secumain", "InnerCode": 34685, "CompanyCode": 171902, "ChiName": "广东坚朗五金制品股份有限公司", "EngName": "Guangdong KinLong Hardware Products Co.,Ltd.", "SecuCode": "002791"}]


>>>>> 【user】 Said:
下面是已知的事实:
'''
坚朗五金的关联信息有:[InnerCode(证券内部编码)是34685;CompanyCode(公司代码)是171902;ChiName(中文名称)是广东坚朗五金制品股份有限公司;EngName(英文名称)是Guangdong KinLong Hardware Products Co.,Ltd.;SecuCode(证券代码)是002791;]
'''
下面是顺序的历史问答:
'''
Question: 坚朗五金的证券代码和ISIN代码是什么？
Answer: 证券代码: 002791, ISIN代码: CNE100002649
Question: 该公司最新的证监会行业代码是多少？该行业下有多少家上市公司？
Answer: 广东坚朗五金制品股份有限公司最新的证监会行业代码是60103352，在该行业下共有68家上市公司。
'''
现在用户继续提问，请根据已知信息，理解当前这个问题的完整含义，并重写这个问题使得单独拿出来看仍然能够正确理解：坚朗五金最近三次投资者调研的具体时间(xxxx-xx-xx的格式)、地点和参与机构数量分别是多少？

>>>>> Agent【rewrite_question】 Said:
广东坚朗五金制品股份有限公司（CompanyCode: 171902, InnerCode: 34685）最近三次投资者调研的具体时间（格式为xxxx-xx-xx）、地点和参与机构数量分别是多少？

>>>>> 已知事实:
坚朗五金的关联信息有:[InnerCode(证券内部编码)是34685;CompanyCode(公司代码)是171902;ChiName(中文名称)是广东坚朗五金制品股份有限公司;EngName(英文名称)是Guangdong KinLong Hardware Products Co.,Ltd.;SecuCode(证券代码)是002791;]

>>>>> 【user】 Said:
请选择db，务必遵循输出的格式要求。

>>>>> Agent【Check_db_structure.db_selector】 Said:
【分析】
用户需要获取广东坚朗五金制品股份有限公司（CompanyCode: 171902, InnerCode: 34685）最近三次投资者调研的具体时间、地点和参与机构数量。这些信息属于上市公司的投资者关系活动记录，通常会在上市公司公告或专门的投资者关系活动中披露。

根据知识库中的描述，`astockeventsdb`（上市公司公告资讯/重大事项）数据库中包含了投资者关系活动及其调研明细，具体记录了事件相关的时间、主体、进展、财务数据、合同信息、调研活动等多维度信息。因此，这个数据库最有可能包含用户所需的信息。

【选中的数据库】
- `astockeventsdb`: 这个数据库记录了上市公司公告中披露的各种重大事项，包括投资者关系活动及其调研明细，能够提供具体时间、地点和参与机构数量等信息。

【选中的数据库的清单】
```json
["astockeventsdb"]
```


>>>>> 【user】 Said:
数据库表信息如下:
[{"表名": "astockeventsdb.lc_warrant", "说明": "该数据表涵盖了与公司事件披露相关的多维度信息，包括基础信息如公司代码、事件编码等；时间信息如首次信息发布日期、信息发布日期、协议签署日期、借贷及担保的起止日期等；信息来源和披露方式等描述性字段；事件相关信息如事件内容、行为描述、最新进展状态、事件主体及其名称、企业编号、关联关系等；交易对象和担保相关信息，包括交易对象名称、担保金额（首次及最新）、担保资产、提供担保企业及其关联关系、接受担保企业及其关联关系、反担保企业及资产等；借贷信息如借款银行、借款期限、续借期限、借贷起止日期、担保期限及续保期限等；以及其他补充信息如担保是否违规、借贷是否逾期、担保解除日期及方式、附注等，全面记录了公司事件的关键要素和关联信息。"}, {"表名": "astockeventsdb.lc_credit", "说明": "该数据表主要记录公司与上市公司之间的贷款及担保相关信息。字段信息包括公司标识及关联关系，如公司代码、事件主体名称及编号、交易对象名称及编号、借入方及借出方、担保方及其关联关系等。时间信息涵盖首次信息发布日期、信息发布日期、协议签署日期、借贷起始日及截止日、担保起始日及截止日、最近还款日期等。贷款与担保的详细信息涉及到货币单位、首次及最新借贷金额、最近及累计还款金额、借贷条件、年利率及其说明、借贷及担保期限、续借及续保期限、抵押置押资产等。事件相关信息包括信息来源、公告类型、披露方式、事件内容及主体、行为描述及方式、最新进展状态、是否终止等。此外，还包括附注信息用于补充说明。"}, {"表名": "astockeventsdb.lc_suitarbitration", "说明": "该数据表主要用于记录与公司相关的事件、诉讼仲裁及其进展信息。表中包含了基础标识信息如ID和公司代码(CompanyCode)；时间信息如首次信息发布日期(InitialInfoPublDate)和信息发布日期(InfoPublDate)；信息来源和披露方式(InfoSource, DisclosureMethod)；事件相关信息如事件内容(EventContent)、行为描述(ActionDesc)、事件主体名称及编号(SubjectName, SubjectCode)、事件进程(EventProcedure)、行为方式(ActionWays)、事件主体在诉讼中的角色(EventSubjectRole)等；涉及的交易或诉讼对象信息如交易对象名称及编号(ObjectName, ObjectCode)、诉讼仲裁原告和被告(Plaintiff, Defendant)及其关联关系；诉讼仲裁详细信息如案由描述(SubjectMatterStat)、案由(SubjectMatter)、诉讼仲裁金额(FirstSuitSum, LatestSuitSum)、审理机构(InquisitionInstitute)、仲裁状态及各审级状态(CaseStatus, FirstInstanceStatus, SecondInstanceStatus, SPPStatus)；财产执行信息如被执行财产(PropertyEnforced)、归属(PropertyBelonged)、执行状态(AdjudgementStatus)；以及协议签署日期(AgreementDate)、备注(Note)、是否终止(IfEnded)等辅助字段。字段内容涵盖了事件描述、诉讼仲裁进展、主体与关联方信息等多方面内容，便于综合分析和管理。"}, {"表名": "astockeventsdb.lc_entrustinv", "说明": "该数据表主要记录公司相关事件的详细信息，包括公司标识字段如公司代码、事件主体名称及其企业编号、交易对象名称及其企业编号等；事件基本信息字段如首次信息发布日期、信息发布日期、信息来源、公告类型、披露方式、事件内容、行为描述、行为方式及事件进程等；状态与进展字段如最新进展状态描述、是否终止、协议签署日期等；财务相关字段如涉及金额、货币单位、委托期限、委托起始日与截止日、约定收益说明及实际收益等；以及其他补充信息字段如与上市公司的关联关系、备注等，全面涵盖了事件的时间、主体、财务及进展等核心要素。"}, {"表名": "astockeventsdb.lc_regroup", "说明": "该数据表主要用于记录公司事件相关的信息。包括公司基础信息如公司代码、事件主体名称及其编号、事件主体与上市公司的关联关系等；事件相关的时间信息如首次信息发布日期、信息发布日期、协议签署日期等；事件的详细描述如事件内容、行为描述、最新进展状态、事件进程、行为方式等；信息来源和披露方式等公告信息；涉及的财务数据如资产帐面价值、资产评估价值、资产出售金额、资产转让收益、债务重组金额等；事件的类别和编码信息如公告类型、事项类型、事项编码、序号等；此外，还包括事件是否终止、交易对象企业编号及其与上市公司的关联关系等补充信息。"}, {"表名": "astockeventsdb.lc_majorcontract", "说明": "该数据表记录了与公司相关的事件及合同信息，包含公司基本信息如公司代码、事件主体名称及编号、交易对象名称及编号，以及主体与上市公司间的关联关系等；事件相关信息如首次信息发布日期、最新信息发布日期、信息来源、公告类型、事件内容、行为描述、行为方式、最新进展状态描述、事件主体、事件进程等；合同相关信息如协议签署日期、合同标的、合同获得方式、中标日期、涉及金额、合同起始日、合同截止日、合同期限及合同对公司的影响等；此外，还包括货币单位及备注等辅助信息。"}, {"表名": "astockeventsdb.lc_investorra", "说明": "该数据表记录了与证券相关的接待活动信息，包含信息发布日期、标题及链接等基本信息；证券内部编码、编号和序号等标识信息；接待日期、时间及截止日等时间信息；活动类别、地点、参与单位及人员、上市公司接待人员等活动相关信息；主要内容、附件及其格式等内容信息。"}, {"表名": "astockeventsdb.lc_investordetail", "说明": "该数据表主要用于记录投资者关系活动的详细信息，包括活动的唯一标识（投资者关系活动ID）、参与的调研机构及其编码（调研机构、调研机构编码）、参与的调研人员及其编码（调研人员、调研人员编码）、调研人员的职位名称，以及活动的排序序号等基本信息。"}]

请选择table，务必遵循输出的格式要求。

>>>>> Agent【Check_db_structure.table_selector】 Said:
【分析】
用户需要查询广东坚朗五金制品股份有限公司（CompanyCode: 171902, InnerCode: 34685）最近三次投资者调研的具体时间、地点和参与机构数量。根据提供的数据库表信息，涉及投资者调研活动的相关数据表为`astockeventsdb.lc_investorra`和`astockeventsdb.lc_investordetail`。

- `astockeventsdb.lc_investorra`：记录了与证券相关的接待活动信息，包括接待日期、地点、参与单位及人员等。
- `astockeventsdb.lc_investordetail`：记录了投资者关系活动的详细信息，包括参与的调研机构及其编码、调研人员及其编码等。

【选中的数据表】
- `astockeventsdb.lc_investorra`: 这个数据表包含投资者调研的具体时间、地点等信息。
- `astockeventsdb.lc_investordetail`: 这个数据表包含参与调研的机构数量等信息。

【选中的数据库表的清单】
```json
["astockeventsdb.lc_investorra", "astockeventsdb.lc_investordetail"]
```


>>>>> 【user】 Said:
已取得可用的数据表的字段信息如下:
[{"表名": "astockeventsdb.lc_investorra", "表字段": [{"column": "InfoPublDate", "desc": "信息发布日期"}, {"column": "InnerCode", "desc": "证券内部编码；证券内部编码（InnerCode）：与“证券主表（SecuMain）”中的“证券内部编码（InnerCode）”关联，得到证券的交易代码、简称等。"}, {"column": "Nbcode", "desc": "编号"}, {"column": "ReceptionDate", "desc": "接待日期"}, {"column": "ReceptionDaTime", "desc": "接待时间"}, {"column": "SerialNb", "desc": "序号"}, {"column": "ActivitiesCate", "desc": "活动类别"}, {"column": "Participant", "desc": "参与单位及人员"}, {"column": "Place", "desc": "地点"}, {"column": "ListingCreper", "desc": "上市公司接待人员"}, {"column": "TmainContent", "desc": "主要内容"}, {"column": "ArticleFile", "desc": "附件"}, {"column": "FileType", "desc": "附件格式；附件格式(FileType)与(CT_SystemConst)表中的DM字段关联，令LB = 1309，得到附件格式的具体描述：1-PDF，2-DOC，3-TXT，4-XLS，5-HTML，6-RTF，7-MHT，8-RAR，9-PPT，10-JPG，11-DOCX，12-XLSX，13-PPTX，14-EML，15-ZIP，16-DOCM，17-XLSM，18-XLSB，19-DOTX，20-XML，21-GIF，22-PAPER，23-FIL，24-XSD，25-HTM，26-BMP，27-SWF，28-PNG，29-JSON，30-TIFF，31-TIF，32-WPS，33-GD，34-ET，35-SHTML，36-WEBP，37-7Z，38-CUR，39-SVG，40-ETT，41-OFD，42-JPEG，43-MP3，44-MP4，45-CEB。"}, {"column": "InfoTitle", "desc": "信息标题"}, {"column": "LinkAddress", "desc": "链接地址"}, {"column": "ReceptionDateE", "desc": "接待日期截止日"}]}, {"表名": "astockeventsdb.lc_investordetail", "表字段": [{"column": "RID", "desc": "投资者关系活动ID"}, {"column": "Participant", "desc": "调研机构"}, {"column": "ParticipantID", "desc": "调研机构编码；调研机构编码（ParticipantID）：与企业码表（EP_CompanyMain）中的企业编号（CompanyCode）关联，可取得调研机构详细信息。"}, {"column": "PersonalName", "desc": "调研人员"}, {"column": "PersonalID", "desc": "调研人员编码；调研人员编码（PersonalID）：该字段暂不维护。"}, {"column": "PostName", "desc": "职位名称"}, {"column": "SerialNumber", "desc": "序号"}]}, {"表名": "constantdb.secumain", "表字段": [{"column": "InnerCode", "desc": "证券内部编码"}, {"column": "CompanyCode", "desc": "公司代码；公司代码(CompanyCode)：当本表SecuCategory IN (8,13)即基金相关时，对应的基金管理人代码可通过本表InnerCode关联MF_FundArchives.InnerCode，取MF_FundArchives.InvestAdvisorCode"}, {"column": "SecuCode", "desc": "证券代码"}, {"column": "ChiName", "desc": "中文名称"}, {"column": "ChiNameAbbr", "desc": "中文名称缩写"}, {"column": "EngName", "desc": "英文名称"}, {"column": "EngNameAbbr", "desc": "英文名称缩写"}, {"column": "SecuAbbr", "desc": "证券简称"}]}, {"表名": "constantdb.hk_secumain", "表字段": [{"column": "InnerCode", "desc": "证券内部编码"}, {"column": "CompanyCode", "desc": "公司代码"}, {"column": "SecuCode", "desc": "证券代码"}, {"column": "ChiName", "desc": "中文名称"}, {"column": "ChiNameAbbr", "desc": "中文名称缩写"}, {"column": "EngName", "desc": "英文名称"}, {"column": "EngNameAbbr", "desc": "英文名称缩写"}, {"column": "SecuAbbr", "desc": "证券简称"}, {"column": "FormerName", "desc": "曾用名"}, {"column": "InnerCode", "desc": "证券内部编码"}, {"column": "CompanyCode", "desc": "公司代码"}, {"column": "SecuCode", "desc": "证券代码"}, {"column": "ChiName", "desc": "中文名称"}, {"column": "ChiNameAbbr", "desc": "中文名称缩写"}, {"column": "EngName", "desc": "英文名称"}, {"column": "EngNameAbbr", "desc": "英文名称缩写"}, {"column": "SecuAbbr", "desc": "证券简称"}, {"column": "FormerName", "desc": "曾用名"}]}, {"表名": "constantdb.us_secumain", "表字段": [{"column": "InnerCode", "desc": "证券内部编码"}, {"column": "SecuCode", "desc": "证券代码"}, {"column": "SecuAbbr", "desc": "证券简称"}, {"column": "CompanyCode", "desc": "公司代码"}, {"column": "EngName", "desc": "英文名称"}, {"column": "ChiName", "desc": "中文名称"}]}, {"表名": "constantdb.ct_systemconst", "表字段": [{"column": "LB", "desc": "常量分类编码"}, {"column": "LBMC", "desc": "常量分类名称"}, {"column": "MS", "desc": "常量描述"}, {"column": "DM", "desc": "常量代码"}, {"column": "LB", "desc": "常量分类编码"}, {"column": "LBMC", "desc": "常量分类名称"}, {"column": "MS", "desc": "常量描述"}, {"column": "DM", "desc": "常量代码"}]}, {"表名": "constantdb.lc_areacode", "表字段": [{"column": "AreaInnerCode", "desc": "地区内部编码；地区内部编码（AreaInnerCode）：聚源内部设置的地区代码，共9位数。"}, {"column": "FirstLevelCode", "desc": "一级区划代码；一级区划代码(FirstLevelCode)：与(CT_SystemConst)表中的DM字段关联，令LB = 1961 and DM LIKE '%000'，得到一级区划代码的具体描述：1000-中国省级行政区划，2000-中国地级行政区划，3000-中国县级行政区划，4000-其他，5000-中国乡镇级行政区划，9000-国家，10000-大洲与海洋，11000-美国州级行政区划，12000-海外国家城市，100000000-国家级经济区域，200000000-中国海关，300000000-海关经济区划。"}, {"column": "SecondLevelCode", "desc": "二级区划代码；二级区划代码(SecondLevelCode)：与(CT_SystemConst)表中的DM字段关联，令LB = 1961，得到二级区划代码的具体描述：1000-中国省级行政区划，1001-直辖市，1002-省，1003-自治区，1004-特别行政区，2000-中国地级行政区划，2001-省会，2002-地级市，2003-盟，2004-自治州，2005-地区，2006-直辖市市辖区，2007-直辖市市辖县，3000-中国县级行政区划，3001-市辖区，3002-县，3003-县级市，3004-自治县，3005-旗，3006-自治旗，3007-林区，3008-特区，3009-县级乡镇，3010-县级街道，3011-县级经济开发区，3012-县级其他，4000-其他，4001-中国地理划分(按自然地理)，4002-中国地理划分(按经济区域)，4010-中国国家级城市群，4011-中国经济合作城市群，4100-欧洲地理划分(按自然地理)，4150-非洲地理划分(按自然地理)，4800-非标准地区，4900-其他地区划分(按自然地理)，4950-政治类联合体、联盟或组织，4951-经济类联合体、联盟或组织，4999-其他划分，5000-中国乡镇级行政区划，5001-乡镇，5002-街道，5003-乡镇级经济开发区，5004-乡镇其他，9000-国家，10000-大洲与海洋，10001-大洲，10002-海洋，11000-美国州级行政区划，11001-特区，11002-州，12000-海外国家城市，100000000-国家级经济区域，100000001-国家级经济特区，100000002-国家级新区，100000003-国家综合配套改革试验区，100000004-高新技术产业开发区，100000005-经济技术开发区，100000006-海关特殊监管区域，100000007-边境/跨境经济合作区，100000008-其他类型开发区，200000000-中国海关，200000001-海关总署，200000002-直属海关，200000003-隶属海关，300000000-海关经济区划，300000001-保税港区/综合保税区，300000002-保税区，300000003-保税物流园区，300000004-保税物流中心，300000005-出口加工区/珠澳跨境工业园区，300000006-高新技术产业开发区，300000007-国际边境合作中心，300000008-经济技术开发区，300000009-经济特区，300000010-一般经济区域，300000011-综合实验区，300000099-其他经济区划。"}, {"column": "AreaChiName", "desc": "地区中文名称"}, {"column": "AreaEngName", "desc": "地区英文名称"}, {"column": "AreaEngNameAbbr", "desc": "地区英文名称缩写"}, {"column": "ParentNode", "desc": "父节点代码"}, {"column": "ParentName", "desc": "父节点名称"}, {"column": "IfEffected", "desc": "是否有效；是否有效（IfEffected）：该字段固定以下常量：1-是 2-否。"}]}, {"表名": "astockindustrydb.lc_conceptlist", "表字段": [{"column": "ClassCode", "desc": "所属1级概念代码"}, {"column": "ClassName", "desc": "所属1级概念名称"}, {"column": "SubclassCode", "desc": "所属2级概念代码"}, {"column": "SubclassName", "desc": "所属2级概念名称"}, {"column": "ConceptCode", "desc": "所属概念板块编码"}, {"column": "ConceptName", "desc": "概念名称"}, {"column": "ConceptEngName", "desc": "概念英文名称"}]}]

请选择column，务必遵循输出的格式要求。

>>>>> Agent【Check_db_structure.columns_selector】 Said:
【分析】
用户需要查询广东坚朗五金制品股份有限公司（CompanyCode: 171902, InnerCode: 34685）最近三次投资者调研的具体时间、地点和参与机构数量。因此，需要从相关表中找到与公司代码、调研时间、地点和参与机构数量相关的字段。

【信息所在字段】
- astockeventsdb.lc_investorra.ReceptionDate: 这个字段可能包含调研的具体时间信息，对应用户提问中的具体时间
- astockeventsdb.lc_investorra.Place: 这个字段可能包含调研的地点信息，对应用户提问中的地点
- astockeventsdb.lc_investordetail.RID: 这个字段是投资者关系活动ID，用于关联lc_investorra表和lc_investordetail表
- astockeventsdb.lc_investordetail.Participant: 这个字段可能包含参与调研的机构信息，对应用户提问中的参与机构数量
- constantdb.secumain.CompanyCode: 这个字段可能包含公司代码信息，对应用户提问中的CompanyCode
- constantdb.secumain.InnerCode: 这个字段可能包含证券内部编码信息，对应用户提问中的InnerCode

【筛选条件所在字段】
- constantdb.secumain.CompanyCode: 这个字段用于筛选特定公司的信息，对应用户提问中的CompanyCode: 171902
- constantdb.secumain.InnerCode: 这个字段用于筛选特定公司的信息，对应用户提问中的InnerCode: 34685

【选中的字段的清单】
```json
{
  "astockeventsdb.lc_investorra": ["ReceptionDate", "Place"],
  "astockeventsdb.lc_investordetail": ["RID", "Participant"],
  "constantdb.secumain": ["CompanyCode", "InnerCode"]
}
```


>>>>> 【user】 Said:
之前已查询到信息如下:
查询结果表明: 查询从constantdb数据库的secumain表中返回了满足条件CompanyCode为'171902'或InnerCode为'34685'的第一条记录。该记录的SecuCode字段值为'002791'，ISIN字段值为'CNE100002649'。
---
查询结果表明: 根据公司代码为171902且行业划分标准为22的条件下，查询astockindustrydb.lc_exgindustry表中的Industry字段，并按Industry降序排列，取第一条记录，但未找到任何符合条件的记录，因此返回结果为空。
---
查询结果表明: 根据公司代码 '171902' 查询到的所属行业信息中，按照行业划分标准（Standard）降序排列和所属行业（Industry）降序排列后的第一条记录显示，该公司所属的行业代码为 60103352，对应的行业划分标准为 38（即申万行业分类(新)）。
---
查询结果表明: 在行业代码为'60103352'且行业划分标准为'38'（即申万行业分类(新)）的情况下，共有68家上市公司。

请问:广东坚朗五金制品股份有限公司（CompanyCode: 171902, InnerCode: 34685）最近三次投资者调研的具体时间（格式为xxxx-xx-xx）、地点和参与机构数量分别是多少？

>>>>> Agent【Sql_query.master】 Said:
【已知信息】
- 广东坚朗五金制品股份有限公司的CompanyCode为171902，InnerCode为34685。
- 需要查询该公司最近三次投资者调研的具体时间、地点和参与机构数量。

【当前阶段要获取的信息】
- 最近三次投资者调研的具体时间（格式为xxxx-xx-xx）
- 调研地点
- 参与机构数量

【信息所在字段】
- 调研时间：`ReceptionDate`
- 调研地点：`Place`
- 参与机构数量：需要通过`RID`关联到`astockeventsdb.lc_investordetail`表中的`Participant`字段进行计数

【筛选条件所在字段】
- `CompanyCode` 或 `InnerCode`

【SQL语句的思路】
1. 从`astockeventsdb.lc_investorra`表中筛选出广东坚朗五金制品股份有限公司的调研记录。
2. 按照调研时间`ReceptionDate`降序排列，取最近三次的记录。
3. 通过`RID`关联到`astockeventsdb.lc_investordetail`表，统计每次调研的参与机构数量。

【执行SQL语句】
```exec_sql
SELECT 
    DATE(a.ReceptionDate) AS ReceptionDate,
    a.Place,
    (SELECT COUNT(*) FROM astockeventsdb.lc_investordetail b WHERE b.RID = a.RID) AS ParticipantCount
FROM 
    astockeventsdb.lc_investorra a
WHERE 
    a.CompanyCode = '171902' OR a.InnerCode = '34685'
ORDER BY 
    a.ReceptionDate DESC
LIMIT 3;
```

【上述SQL语句的含义】
- 从`astockeventsdb.lc_investorra`表中选择调研日期、地点。
- 通过子查询统计每次调研的参与机构数量。
- 筛选条件为公司代码`CompanyCode`为171902或证券内部编码`InnerCode`为34685。
- 按调研日期降序排列，取最近三次的记录。

>>>>> 查询sql:
SELECT 
    DATE(a.ReceptionDate) AS ReceptionDate,
    a.Place,
    (SELECT COUNT(*) FROM astockeventsdb.lc_investordetail b WHERE b.RID = a.RID) AS ParticipantCount
FROM 
    astockeventsdb.lc_investorra a
WHERE 
    a.CompanyCode = '171902' OR a.InnerCode = '34685'
ORDER BY 
    a.ReceptionDate DESC
LIMIT 3;
查询失败: 查询执行失败: (mysql.connector.errors.ProgrammingError) 1054 (42S22): Unknown column 'a.RID' in 'where clause'
[SQL: SELECT 
    DATE(a.ReceptionDate) AS ReceptionDate,
    a.Place,
    (SELECT COUNT(*) FROM astockeventsdb.lc_investordetail b WHERE b.RID = a.RID) AS ParticipantCount
FROM 
    astockeventsdb.lc_investorra a
WHERE 
    a.CompanyCode = '171902' OR a.InnerCode = '34685'
ORDER BY 
    a.ReceptionDate DESC
LIMIT 3;]
(Background on this error at: https://sqlalche.me/e/20/f405)


>>>>> 【user】 Said:
查询SQL:
SELECT 
    DATE(a.ReceptionDate) AS ReceptionDate,
    a.Place,
    (SELECT COUNT(*) FROM astockeventsdb.lc_investordetail b WHERE b.RID = a.RID) AS ParticipantCount
FROM 
    astockeventsdb.lc_investorra a
WHERE 
    a.CompanyCode = '171902' OR a.InnerCode = '34685'
ORDER BY 
    a.ReceptionDate DESC
LIMIT 3;
查询发生异常：查询执行失败: (mysql.connector.errors.ProgrammingError) 1054 (42S22): Unknown column 'a.RID' in 'where clause'
[SQL: SELECT 
    DATE(a.ReceptionDate) AS ReceptionDate,
    a.Place,
    (SELECT COUNT(*) FROM astockeventsdb.lc_investordetail b WHERE b.RID = a.RID) AS ParticipantCount
FROM 
    astockeventsdb.lc_investorra a
WHERE 
    a.CompanyCode = '171902' OR a.InnerCode = '34685'
ORDER BY 
    a.ReceptionDate DESC
LIMIT 3;]
(Background on this error at: https://sqlalche.me/e/20/f405)
请修正

>>>>> Agent【Sql_query.master】 Said:
【已知信息】
- 广东坚朗五金制品股份有限公司的CompanyCode为171902，InnerCode为34685。
- 需要查询该公司最近三次投资者调研的具体时间、地点和参与机构数量。
- 上次查询失败，原因是`a.RID`字段不存在。

【当前阶段要获取的信息】
- 最近三次投资者调研的具体时间（格式为xxxx-xx-xx）
- 调研地点
- 参与机构数量

【信息所在字段】
- 调研时间：`ReceptionDate`
- 调研地点：`Place`
- 参与机构数量：需要通过`RID`关联到`astockeventsdb.lc_investordetail`表中的`Participant`字段进行计数

【筛选条件所在字段】
- `CompanyCode` 或 `InnerCode`

【SQL语句的思路】
1. 从`astockeventsdb.lc_investorra`表中筛选出广东坚朗五金制品股份有限公司的调研记录。
2. 按照调研时间`ReceptionDate`降序排列，取最近三次的记录。
3. 通过`RID`关联到`astockeventsdb.lc_investordetail`表，统计每次调研的参与机构数量。
4. 修正上次查询中的错误，确保使用的字段存在于表中。

【执行SQL语句】
```exec_sql
SELECT 
    DATE(a.ReceptionDate) AS ReceptionDate,
    a.Place,
    (SELECT COUNT(*) FROM astockeventsdb.lc_investordetail b WHERE b.RID = a.ID) AS ParticipantCount
FROM 
    astockeventsdb.lc_investorra a
WHERE 
    a.CompanyCode = '171902' OR a.InnerCode = '34685'
ORDER BY 
    a.ReceptionDate DESC
LIMIT 3;
```

【上述SQL语句的含义】
- 从`astockeventsdb.lc_investorra`表中选择调研日期、地点。
- 通过子查询统计每次调研的参与机构数量，修正了关联字段为`a.ID`。
- 筛选条件为公司代码`CompanyCode`为171902或证券内部编码`InnerCode`为34685。
- 按调研日期降序排列，取最近三次的记录。

>>>>> 查询sql:
SELECT 
    DATE(a.ReceptionDate) AS ReceptionDate,
    a.Place,
    (SELECT COUNT(*) FROM astockeventsdb.lc_investordetail b WHERE b.RID = a.ID) AS ParticipantCount
FROM 
    astockeventsdb.lc_investorra a
WHERE 
    a.CompanyCode = '171902' OR a.InnerCode = '34685'
ORDER BY 
    a.ReceptionDate DESC
LIMIT 3;
查询失败: 查询执行失败: (mysql.connector.errors.ProgrammingError) 1054 (42S22): Unknown column 'a.CompanyCode' in 'where clause'
[SQL: SELECT 
    DATE(a.ReceptionDate) AS ReceptionDate,
    a.Place,
    (SELECT COUNT(*) FROM astockeventsdb.lc_investordetail b WHERE b.RID = a.ID) AS ParticipantCount
FROM 
    astockeventsdb.lc_investorra a
WHERE 
    a.CompanyCode = '171902' OR a.InnerCode = '34685'
ORDER BY 
    a.ReceptionDate DESC
LIMIT 3;]
(Background on this error at: https://sqlalche.me/e/20/f405)


>>>>> 【user】 Said:
查询SQL:
SELECT 
    DATE(a.ReceptionDate) AS ReceptionDate,
    a.Place,
    (SELECT COUNT(*) FROM astockeventsdb.lc_investordetail b WHERE b.RID = a.ID) AS ParticipantCount
FROM 
    astockeventsdb.lc_investorra a
WHERE 
    a.CompanyCode = '171902' OR a.InnerCode = '34685'
ORDER BY 
    a.ReceptionDate DESC
LIMIT 3;
查询发生异常：查询执行失败: (mysql.connector.errors.ProgrammingError) 1054 (42S22): Unknown column 'a.CompanyCode' in 'where clause'
[SQL: SELECT 
    DATE(a.ReceptionDate) AS ReceptionDate,
    a.Place,
    (SELECT COUNT(*) FROM astockeventsdb.lc_investordetail b WHERE b.RID = a.ID) AS ParticipantCount
FROM 
    astockeventsdb.lc_investorra a
WHERE 
    a.CompanyCode = '171902' OR a.InnerCode = '34685'
ORDER BY 
    a.ReceptionDate DESC
LIMIT 3;]
(Background on this error at: https://sqlalche.me/e/20/f405)
请修正

>>>>> Agent【Sql_query.master】 Said:
【已知信息】
- 广东坚朗五金制品股份有限公司的CompanyCode为171902，InnerCode为34685。
- 需要查询该公司最近三次投资者调研的具体时间、地点和参与机构数量。
- 上次查询失败，原因是`a.CompanyCode`字段不存在。

【当前阶段要获取的信息】
- 最近三次投资者调研的具体时间（格式为xxxx-xx-xx）
- 调研地点
- 参与机构数量

【信息所在字段】
- 调研时间：`ReceptionDate`
- 调研地点：`Place`
- 参与机构数量：需要通过`RID`关联到`astockeventsdb.lc_investordetail`表中的`Participant`字段进行计数

【筛选条件所在字段】
- `CompanyCode` 或 `InnerCode`

【SQL语句的思路】
1. 从`astockeventsdb.lc_investorra`表中筛选出广东坚朗五金制品股份有限公司的调研记录。
2. 按照调研时间`ReceptionDate`降序排列，取最近三次的记录。
3. 通过`RID`关联到`astockeventsdb.lc_investordetail`表，统计每次调研的参与机构数量。
4. 修正上次查询中的错误，确保使用的字段存在于表中。

【执行SQL语句】
```exec_sql
SELECT 
    DATE(a.ReceptionDate) AS ReceptionDate,
    a.Place,
    (SELECT COUNT(*) FROM astockeventsdb.lc_investordetail b WHERE b.RID = a.ID) AS ParticipantCount
FROM 
    astockeventsdb.lc_investorra a
WHERE 
    a.InnerCode = '34685'
ORDER BY 
    a.ReceptionDate DESC
LIMIT 3;
```

【上述SQL语句的含义】
- 从`astockeventsdb.lc_investorra`表中选择调研日期、地点。
- 通过子查询统计每次调研的参与机构数量，修正了关联字段为`a.ID`。
- 筛选条件为证券内部编码`InnerCode`为34685（因为`CompanyCode`字段不存在）。
- 按调研日期降序排列，取最近三次的记录。

>>>>> 查询sql:
SELECT 
    DATE(a.ReceptionDate) AS ReceptionDate,
    a.Place,
    (SELECT COUNT(*) FROM astockeventsdb.lc_investordetail b WHERE b.RID = a.ID) AS ParticipantCount
FROM 
    astockeventsdb.lc_investorra a
WHERE 
    a.InnerCode = '34685'
ORDER BY 
    a.ReceptionDate DESC
LIMIT 3;
查询结果:
[{"ReceptionDate": "2021-12-24", "Place": "公司会议室", "ParticipantCount": 23}, {"ReceptionDate": "2021-12-22", "Place": "公司会议室", "ParticipantCount": 20}, {"ReceptionDate": "2021-12-16", "Place": "公司会议室", "ParticipantCount": 21}]


>>>>> 【user】 Said:
查询SQL:
SELECT 
    DATE(a.ReceptionDate) AS ReceptionDate,
    a.Place,
    (SELECT COUNT(*) FROM astockeventsdb.lc_investordetail b WHERE b.RID = a.ID) AS ParticipantCount
FROM 
    astockeventsdb.lc_investorra a
WHERE 
    a.InnerCode = '34685'
ORDER BY 
    a.ReceptionDate DESC
LIMIT 3;
查询结果:
[{"ReceptionDate": "2021-12-24", "Place": "公司会议室", "ParticipantCount": 23}, {"ReceptionDate": "2021-12-22", "Place": "公司会议室", "ParticipantCount": 20}, {"ReceptionDate": "2021-12-16", "Place": "公司会议室", "ParticipantCount": 21}]
请理解查询结果

>>>>> Agent【Sql_query.understand_query_result】 Said:
查询结果表明: 该查询返回了证券内部编码为34685的最近三次投资者关系活动的相关信息。具体包括每次活动的接待日期(ReceptionDate)、地点(Place)以及参与调研机构的数量(ParticipantCount)。最近三次活动的接待日期分别为2021年12月24日、12月22日和12月16日，地点均为公司会议室，参与调研机构的数量分别为23家、20家和21家。


>>>>> 【user】 Said:
查询SQL:
SELECT 
    DATE(a.ReceptionDate) AS ReceptionDate,
    a.Place,
    (SELECT COUNT(*) FROM astockeventsdb.lc_investordetail b WHERE b.RID = a.ID) AS ParticipantCount
FROM 
    astockeventsdb.lc_investorra a
WHERE 
    a.InnerCode = '34685'
ORDER BY 
    a.ReceptionDate DESC
LIMIT 3;
查询结果:
[{"ReceptionDate": "2021-12-24", "Place": "公司会议室", "ParticipantCount": 23}, {"ReceptionDate": "2021-12-22", "Place": "公司会议室", "ParticipantCount": 20}, {"ReceptionDate": "2021-12-16", "Place": "公司会议室", "ParticipantCount": 21}]
查询结果表明: 该查询返回了证券内部编码为34685的最近三次投资者关系活动的相关信息。具体包括每次活动的接待日期(ReceptionDate)、地点(Place)以及参与调研机构的数量(ParticipantCount)。最近三次活动的接待日期分别为2021年12月24日、12月22日和12月16日，地点均为公司会议室，参与调研机构的数量分别为23家、20家和21家。

当前掌握的信息是否能够回答"广东坚朗五金制品股份有限公司（CompanyCode: 171902, InnerCode: 34685）最近三次投资者调研的具体时间（格式为xxxx-xx-xx）、地点和参与机构数量分别是多少？"？还是要继续执行下一阶段SQL查询？

>>>>> Agent【Sql_query.master】 Said:
【已知信息】
- 广东坚朗五金制品股份有限公司的CompanyCode为171902，InnerCode为34685。
- 查询结果已返回该公司最近三次投资者调研的具体时间、地点和参与机构数量。

【当前阶段要获取的信息】
- 无需继续执行SQL查询。

【信息所在字段】
- 调研时间：`ReceptionDate`
- 调研地点：`Place`
- 参与机构数量：`ParticipantCount`

【筛选条件所在字段】
- 无需继续执行SQL查询。

【SQL语句的思路】
- 无需继续执行SQL查询。

【执行SQL语句】
```exec_sql
无
```

【上述SQL语句的含义】
- 无需继续执行SQL查询。

【当前掌握的信息是否能够回答问题】
是的，当前掌握的信息已经能够回答“广东坚朗五金制品股份有限公司（CompanyCode: 171902, InnerCode: 34685）最近三次投资者调研的具体时间（格式为xxxx-xx-xx）、地点和参与机构数量分别是多少？”的问题。

具体回答如下：
- 最近三次投资者调研的具体时间分别为：2021年12月24日、2021年12月22日、2021年12月16日。
- 调研地点均为：公司会议室。
- 参与机构数量分别为：23家、20家、21家。


>>>>> 【user】 Said:
请回答问题:"广东坚朗五金制品股份有限公司（CompanyCode: 171902, InnerCode: 34685）最近三次投资者调研的具体时间（格式为xxxx-xx-xx）、地点和参与机构数量分别是多少？"

>>>>> Agent【Sql_query.summary】 Said:
最近三次投资者调研的具体时间、地点和参与机构数量如下：
- 时间: 2021-12-24, 地点: 公司会议室, 参与机构数量: 23
- 时间: 2021-12-22, 地点: 公司会议室, 参与机构数量: 20
- 时间: 2021-12-16, 地点: 公司会议室, 参与机构数量: 21
