
>>>>> Original Question: 连续放量天数为多少？


>>>>> 【user】 Said:
提取下面这段文字里的实体，如公司名、股票代码等，如果识别结果是空，那么就回复No Entities."连续放量天数为多少？"

>>>>> Agent【extract_company】 Said:
No Entities.


>>>>> 【user】 Said:
下面是已知的事实:
'''
太阳纸业的关联信息有:[InnerCode(证券内部编码)是4772;CompanyCode(公司代码)是3954;ChiName(中文名称)是山东太阳纸业股份有限公司;EngName(英文名称)是Shandong Sun Paper Co., Ltd.;SecuCode(证券代码)是002078;]
'''
下面是顺序的历史问答:
'''
Question: 太阳纸业在2020年全年的最高收盘价是多少，出现在哪一天？请按XXXX年XX月XX日回复我
Answer: 2020年11月23日，最高收盘价: 16.53元
Question: 当天成交量是否创近一月以来新高？
Answer: 否
'''
现在用户继续提问，请根据已知信息，理解当前这个问题的完整含义，并重写这个问题使得单独拿出来看仍然能够正确理解：连续放量天数为多少？

>>>>> Agent【rewrite_question】 Said:
山东太阳纸业股份有限公司（CompanyCode: 3954, InnerCode: 4772）在2020年11月23日最高收盘价为16.53元的那段时间内，连续放量天数为多少？

>>>>> 已知事实:
太阳纸业的关联信息有:[InnerCode(证券内部编码)是4772;CompanyCode(公司代码)是3954;ChiName(中文名称)是山东太阳纸业股份有限公司;EngName(英文名称)是Shandong Sun Paper Co., Ltd.;SecuCode(证券代码)是002078;]

>>>>> 【user】 Said:
请选择db，务必遵循输出的格式要求。

>>>>> Agent【Check_db_structure.db_selector】 Said:
【分析】
用户询问的是山东太阳纸业股份有限公司在特定日期（2020年11月23日）及其附近时间段内的连续放量天数。这需要查询该公司的股票行情数据，特别是关于收盘价和成交量的信息。

【选中的数据库】
- `astockmarketquotesdb`: 这个数据库记录了境内股票的交易行情、技术指标、资金流向等全面数据，涵盖了每日行情、成交量技术指标等，可以提供所需的收盘价和成交量数据。

【选中的数据库的清单】
```json
["astockmarketquotesdb"]
```


>>>>> 【user】 Said:
数据库表信息如下:
[{"表名": "astockmarketquotesdb.cs_stockcapflowindex", "说明": "该数据表记录了证券交易相关的详细数据，涵盖交易日期、时间区间等基本信息，以及按小单、中单、大单、超大单、主力单和全单分类的交易统计数据，包括流入流出金额、流入流出量、流入流出笔数、净流入流出额与量、买入卖出率（按金额和数量计算）、净买入率及其与流通市值或流通股本的比值等。此外，还细分了主动买入卖出相关的金额、数量、笔数及其比率等指标，全面反映了不同交易规模下的资金流向和市场行为特征。"}, {"表名": "astockmarketquotesdb.cs_turnovervoltecindex", "说明": "该数据表记录了证券交易的相关数据，包含多个类别的字段信息。基本信息包括证券内部编码、聚源代码、交易日期、证券市场等；时间维度涵盖指标周期；成交额和成交量的统计指标包括简单移动平均值（如5日、10日、20日、30日、60日、120日、250日等周期的AMA和VMA）、指数平滑异同平均（如VMACD_EMA12、VMACD_EMA26、VMACD_DIFF、VMACD_DEA、VMACD_MACD）等；成交量的波动性与强弱分析指标包括量比、成交量震荡指标(VOSC)、加权指数成交量(TAPI及其均值TAPIMA)、成交量标准差(VSTD)、量变动速率(VROC)、成交量比率(VR)、量相对强弱(VRSI)等，全面反映证券交易的量价变化及趋势特征。"}, {"表名": "astockmarketquotesdb.cs_stockpatterns", "说明": "该数据表主要用于记录证券交易的多维度表现与趋势分析，涵盖基础信息如证券内部编码、交易日、聚源代码、证券市场等；高点与低点分析，包括价格、收盘价、成交量、成交金额在近一周、一个月、一季度、半年、一年及上市以来的创高或创低情况；历史新高新低统计，记录不同时间区间内创历史新高或新低的次数；趋势与形态分析，如连涨天数、连跌天数、连续放量或缩量天数，以及对5日、10日、20日、60日均线的有效突破情况；其他指标如N天M板表现和均线多空头排列的看涨看跌信号，为证券的短期与长期走势提供综合性参考。"}, {"表名": "astockmarketquotesdb.qt_dailyquote", "说明": "该数据表记录了证券交易的核心信息，包括证券的唯一标识\"证券内部编码\"，交易日期\"交易日\"，以及价格相关数据如\"昨收盘价\"、\"今开盘价\"、\"最高价\"、\"最低价\"和\"收盘价\"（单位均为元）；还包含交易活动指标，如\"成交量\"（股）、\"成交金额\"（元）和\"成交笔数\"（笔），全面反映了每日交易的市场表现。"}, {"表名": "astockmarketquotesdb.qt_stockperformance", "说明": "该数据表涵盖了证券交易的多维度信息，包括基本标识字段如证券内部编码和交易日；价格相关信息如开盘价、收盘价、最高价、最低价、均价以及涨跌幅、振幅等；成交数据如成交量、成交金额、换手率及其日均值；时间维度统计如周、月、三个月、六个月、十二个月及今年以来的价格、成交量、成交金额、涨跌幅、振幅、换手率等汇总指标；自由流通股本相关的换手率及其日均值；市场表现指标如Beta值（相对于不同基准指数）、阿尔法值、波动率、夏普比率、市场收益率等；市值信息包括总市值和流通市值；特殊价格指标如上市以来后复权的最高价、最低价及对应时间。该表全面整合了短期和长期的交易数据、市场表现以及统计汇总，为证券分析提供了丰富的基础数据支持。"}, {"表名": "astockmarketquotesdb.lc_suspendresumption", "说明": "该数据表主要记录证券停复牌相关信息，包括证券标识字段如证券内部编码，时间相关字段如信息发布日期、停牌日期、停牌时间、复牌日期、复牌时间，信息来源字段如信息来源，停复牌详情字段如停牌原因、停牌事项说明、停牌期限、停牌期限类型及复牌事项说明等，全面描述了证券停复牌的时间、原因及相关说明。"}]

请选择table，务必遵循输出的格式要求。

>>>>> Agent【Check_db_structure.table_selector】 Said:
【分析】
要确定山东太阳纸业股份有限公司（CompanyCode: 3954, InnerCode: 4772）在2020年11月23日最高收盘价为16.53元的那段时间内的连续放量天数，需要以下信息：
1. 交易日期和收盘价，以确定特定日期的最高收盘价。
2. 成交量的变化情况，以确定连续放量的天数。

【选中的数据表】
- astockmarketquotesdb.qt_dailyquote: 这个数据表包含每日交易的核心信息，包括交易日期、收盘价和成交量。
- astockmarketquotesdb.cs_stockpatterns: 这个数据表包含趋势与形态分析，如连续放量或缩量天数。

【选中的数据库表的清单】
```json
["astockmarketquotesdb.qt_dailyquote", "astockmarketquotesdb.cs_stockpatterns"]
```


>>>>> 【user】 Said:
已取得可用的数据表的字段信息如下:
[{"表名": "astockmarketquotesdb.qt_dailyquote", "表字段": [{"column": "InnerCode", "desc": "证券内部编码；证券内部编码（InnerCode）：与“证券主表（SecuMain）”中的“证券内部编码（InnerCode）”关联，得到证券的交易代码、简称等。"}, {"column": "TradingDay", "desc": "交易日"}, {"column": "PrevClosePrice", "desc": "昨收盘(元)"}, {"column": "OpenPrice", "desc": "今开盘(元)"}, {"column": "HighPrice", "desc": "最高价(元)"}, {"column": "LowPrice", "desc": "最低价(元)"}, {"column": "ClosePrice", "desc": "收盘价(元)"}, {"column": "TurnoverVolume", "desc": "成交量(股)；当证券类别为指数时，股票指数成交量单位是股，基金指数成交量单位是份，债券指数成交量单位是元。"}, {"column": "TurnoverValue", "desc": "成交金额(元)"}, {"column": "TurnoverDeals", "desc": "成交笔数(笔)"}]}, {"表名": "astockmarketquotesdb.cs_stockpatterns", "表字段": [{"column": "InnerCode", "desc": "证券内部编码；证券内部编码（InnerCode）：与“证券主表(SecuMain)”中的“证券内部编码(InnerCode)”关联，得到股票的证券代码、简称等其他详细信息。"}, {"column": "TradingDay", "desc": "交易日"}, {"column": "GilCode", "desc": "聚源代码"}, {"column": "SecuMarket", "desc": "证券市场"}, {"column": "IfHighestHPriceRW", "desc": "是否创近一周的新高；指定日期最高价是否大于指定日期最近N天最高价，是返回1， 否返回2。 N分别为：近1周、近1月、近3月、近半年、近1年、上市以来。"}, {"column": "IfHighestHPriceRM", "desc": "是否创近一月的新高"}, {"column": "IfHighestHPriceRMThree", "desc": "是否创近一季度的新高"}, {"column": "IfHighestHPriceRMSix", "desc": "是否创近半年的新高"}, {"column": "IfHighestHPriceRY", "desc": "是否创近一年的新高"}, {"column": "IfHighestHPriceSL", "desc": "是否创上市以来的新高"}, {"column": "IfHighestCPriceRW", "desc": "是否创近一周的新高收盘价；指定日期收盘价是否大于指定日期最近N天收盘价，是返回1， 否返回2。 N分别为：近1周、近1月、近3月、近半年、近1年、上市以来。"}, {"column": "IfHighestCPriceRM", "desc": "是否创近一月的新高收盘价"}, {"column": "IfHighestCPriceRMThree", "desc": "是否创近一季度的新高收盘价"}, {"column": "IfHighestCPriceRMSix", "desc": "是否创近半年的新高收盘价"}, {"column": "IfHighestCPriceRY", "desc": "是否创近一年的新高收盘价"}, {"column": "IfHighestCPriceSL", "desc": "是否创上市以来的新高收盘价"}, {"column": "IfHighestTVolumeRW", "desc": "是否创近一周的新高成交量"}, {"column": "IfHighestTVolumeRM", "desc": "是否创近一月的新高成交量；指定日期成交量是否大于指定日期最近N天成交量，是返回1， 否返回2。 N分别为：近1周、近1月、近3月、近半年、近1年、上市以来。"}, {"column": "IfHighestTVRMThree", "desc": "是否创近一季度的新高成交量"}, {"column": "IfHighestTVolumeRMSix", "desc": "是否创近半年的新高成交量"}, {"column": "IfHighestTVolumeRY", "desc": "是否创近一年的新高成交量"}, {"column": "IfHighestTVolumeSL", "desc": "是否创上市以来的新高成交量"}, {"column": "IfHighestTValueRW", "desc": "是否创近一周的新高成交金额；指定日期成交金额是否大于指定日期最近N天成交金额，是返回1， 否返回2。N分别为：近1周、近1月、近3月、近半年、近1年、上市以来。"}, {"column": "IfHighestTValueRM", "desc": "是否创近一月的新高成交金额"}, {"column": "IfHighestTValueRMThree", "desc": "是否创近一季度的新高成交金额"}, {"column": "IfHighestTValueRMSix", "desc": "是否创近半年的新高成交金额"}, {"column": "IfHighestTValueRY", "desc": "是否创近一年的新高成交金额"}, {"column": "IfHighestTValueSL", "desc": "是否创上市以来的新高成交金额"}, {"column": "HighestHPTimesSL", "desc": "最新交易日创历史新高次数；指定日期最近N天内大于指定日期之前的历史交易日最高价的次数。 N: 最新交易日、近1周、近1月、近3月、近半年、近1年"}, {"column": "HighestHPTimesRW", "desc": "最近一周创历史新高次数"}, {"column": "HighestHPTimesRM", "desc": "最近一月创历史新高次数"}, {"column": "HighestHPTimesRMThree", "desc": "最近一季度创历史新高次数"}, {"column": "HighestHPTimesRMSix", "desc": "最近半年创历史新高次数"}, {"column": "HighestHPTimesRY", "desc": "最近一年创历史新高次数"}, {"column": "IfLowestLPriceRW", "desc": "是否创近一周的新低；指定日期最低价是否小于指定日期最近N天最低价，是返回1， 否返回2。 N分别为：近1周、近1月、近3月、近半年、近1年、上市以来。"}, {"column": "IfLowestLPriceRM", "desc": "是否创近一个月的新低"}, {"column": "IfLowestLPRMThree", "desc": "是否创近一季度的新低"}, {"column": "IfLowestLPriceRMSix", "desc": "是否创近半年的新低"}, {"column": "IfLowestLPriceRY", "desc": "是否创近一年的新低"}, {"column": "IfLowestLPriceSL", "desc": "是否创上市以来的新低"}, {"column": "IfLowestClosePriceRW", "desc": "是否创近一周的新低收盘价；指定日期收盘价是否小于指定日期最近N天收盘价，是返回1， 否返回2。 N分别为：近1周、近1月、近3月、近半年、近1年、上市以来。"}, {"column": "IfLowestClosePriceRM", "desc": "是否创近一月的新低收盘价"}, {"column": "IfLowestCPriceRMThree", "desc": "是否创近一季度的新低收盘价"}, {"column": "IfLowestCPriceRMSix", "desc": "是否创近半年的新低收盘价"}, {"column": "IfLowestClosePriceRY", "desc": "是否创近一年的新低收盘价"}, {"column": "IfLowestClosePriceSL", "desc": "是否创上市以来的新低收盘价"}, {"column": "IfLowestTVolumeRW", "desc": "是否创近一周的新低成交量；指定日期成交量是否小于指定日期最近N天成交量，是返回1， 否返回2。 N分别为：近1周、近1月、近3月、近半年、近1年、上市以来。"}, {"column": "IfLowestTVolumeRM", "desc": "是否创近一月的新低成交量"}, {"column": "IfLowestTVolumeRMThree", "desc": "是否创近一季度的新低成交量"}, {"column": "IfLowestVolumeRMSix", "desc": "是否创近半年的新低成交量"}, {"column": "IfLowestTVolumeRY", "desc": "是否创近一年的新低成交量"}, {"column": "IfLowestTVolumeSL", "desc": "是否创上市以来的新低成交量"}, {"column": "IfLowestTValueRW", "desc": "是否创近一周的新低成交金额；指定日期成交金额是否小于指定日期最近N天成交金额，是返回1， 否返回2。N分别为：近1周、近1月、近3月、近半年、近1年、上市以来。"}, {"column": "IfLowestTValueRM", "desc": "是否创近一月的新低成交金额"}, {"column": "IfLowestTValueRMThree", "desc": "是否创近一季度的新低成交金额"}, {"column": "IfLowestTValueRMSix", "desc": "是否创近半年的新低成交金额"}, {"column": "IfLowestTValueRY", "desc": "是否创近一年的新低成交金额"}, {"column": "IfLowestTValueSL", "desc": "是否创上市以来的新低成交金额"}, {"column": "LowestLowPriceTimesSL", "desc": "最新交易日创历史新低次数；指定日期最近N天内小于指定日期之前的历史交易日最低价的次数， N: 最新交易日、近1周、近1月、近3月、近半年、近1年。"}, {"column": "LowestLowPriceTimesRW", "desc": "最近一周创历史新低次数"}, {"column": "LowestLowPriceTimesRM", "desc": "最近一个月创历史新低次数"}, {"column": "LowestLPTimesRMThree", "desc": "最近一季度创历史新低次数"}, {"column": "LowestLPTimesRMSix", "desc": "最近半年创历史新低次数"}, {"column": "LowestLPTimesRY", "desc": "最近一年创历史新低次数"}, {"column": "RisingUpDays", "desc": "连涨天数；统计个股在指定交易日期往前推连续上涨的天数。"}, {"column": "FallingDownDays", "desc": "连跌天数；统计个股在指定交易日期往前推连续下跌的天数。"}, {"column": "VolumeRisingUpDays", "desc": "连续放量天数；统计个股在指定交易日期往前推成交量连续上升的天数。"}, {"column": "VolumeFallingDownDays", "desc": "连续缩量天数；统计个股在指定交易日期往前推成交量连续下降的天数。"}, {"column": "BreakingMAverageFive", "desc": "向上向下有效突破5日均线；向上有效突破： 最近N天的收盘价>n日均线，且距今N+1天的收盘价<=n日均线。 向下有效突破： 最近N天的收盘价<n日均线，且距今N+1天的收盘价>=n日均线。 1-向上有效突破, 2-向下有效突破, 0-其他。 均线计算：n日均线=n日收盘价之和/n。 向上向下有效突破字段按照N=3 计算。"}, {"column": "BreakingMAverageTen", "desc": "向上向下有效突破10日均线"}, {"column": "BreakingMAverageTwenty", "desc": "向上向下有效突破20日均线"}, {"column": "BreakingMAverageSixty", "desc": "向上向下有效突破60日均线"}, {"column": "RaisingLimitInNDays", "desc": "N天M板；N天： 指定交易日往前取到连续三个非涨停的交易日的最后一个交易日的后一个交易日且该交易日涨停作为起始日期，指定交易日作为截至日期，N天即为起始日期到截至日期区间内的天数。 M板：上述N天内的涨停数。"}, {"column": "MAverageArrangements", "desc": "均线多空头排列看涨看跌；看涨：5日均线>10日均线>20日均线>60日均线，看涨返回1。 看跌：5日均线<10日均线<20日均线<60日均线，看跌返回2。"}]}, {"表名": "constantdb.secumain", "表字段": [{"column": "InnerCode", "desc": "证券内部编码"}, {"column": "CompanyCode", "desc": "公司代码；公司代码(CompanyCode)：当本表SecuCategory IN (8,13)即基金相关时，对应的基金管理人代码可通过本表InnerCode关联MF_FundArchives.InnerCode，取MF_FundArchives.InvestAdvisorCode"}, {"column": "SecuCode", "desc": "证券代码"}, {"column": "ChiName", "desc": "中文名称"}, {"column": "ChiNameAbbr", "desc": "中文名称缩写"}, {"column": "EngName", "desc": "英文名称"}, {"column": "EngNameAbbr", "desc": "英文名称缩写"}, {"column": "SecuAbbr", "desc": "证券简称"}]}, {"表名": "constantdb.hk_secumain", "表字段": [{"column": "InnerCode", "desc": "证券内部编码"}, {"column": "CompanyCode", "desc": "公司代码"}, {"column": "SecuCode", "desc": "证券代码"}, {"column": "ChiName", "desc": "中文名称"}, {"column": "ChiNameAbbr", "desc": "中文名称缩写"}, {"column": "EngName", "desc": "英文名称"}, {"column": "EngNameAbbr", "desc": "英文名称缩写"}, {"column": "SecuAbbr", "desc": "证券简称"}, {"column": "FormerName", "desc": "曾用名"}, {"column": "InnerCode", "desc": "证券内部编码"}, {"column": "CompanyCode", "desc": "公司代码"}, {"column": "SecuCode", "desc": "证券代码"}, {"column": "ChiName", "desc": "中文名称"}, {"column": "ChiNameAbbr", "desc": "中文名称缩写"}, {"column": "EngName", "desc": "英文名称"}, {"column": "EngNameAbbr", "desc": "英文名称缩写"}, {"column": "SecuAbbr", "desc": "证券简称"}, {"column": "FormerName", "desc": "曾用名"}]}, {"表名": "constantdb.us_secumain", "表字段": [{"column": "InnerCode", "desc": "证券内部编码"}, {"column": "SecuCode", "desc": "证券代码"}, {"column": "SecuAbbr", "desc": "证券简称"}, {"column": "CompanyCode", "desc": "公司代码"}, {"column": "EngName", "desc": "英文名称"}, {"column": "ChiName", "desc": "中文名称"}]}, {"表名": "constantdb.ct_systemconst", "表字段": [{"column": "LB", "desc": "常量分类编码"}, {"column": "LBMC", "desc": "常量分类名称"}, {"column": "MS", "desc": "常量描述"}, {"column": "DM", "desc": "常量代码"}, {"column": "LB", "desc": "常量分类编码"}, {"column": "LBMC", "desc": "常量分类名称"}, {"column": "MS", "desc": "常量描述"}, {"column": "DM", "desc": "常量代码"}]}, {"表名": "constantdb.lc_areacode", "表字段": [{"column": "AreaInnerCode", "desc": "地区内部编码；地区内部编码（AreaInnerCode）：聚源内部设置的地区代码，共9位数。"}, {"column": "FirstLevelCode", "desc": "一级区划代码；一级区划代码(FirstLevelCode)：与(CT_SystemConst)表中的DM字段关联，令LB = 1961 and DM LIKE '%000'，得到一级区划代码的具体描述：1000-中国省级行政区划，2000-中国地级行政区划，3000-中国县级行政区划，4000-其他，5000-中国乡镇级行政区划，9000-国家，10000-大洲与海洋，11000-美国州级行政区划，12000-海外国家城市，100000000-国家级经济区域，200000000-中国海关，300000000-海关经济区划。"}, {"column": "SecondLevelCode", "desc": "二级区划代码；二级区划代码(SecondLevelCode)：与(CT_SystemConst)表中的DM字段关联，令LB = 1961，得到二级区划代码的具体描述：1000-中国省级行政区划，1001-直辖市，1002-省，1003-自治区，1004-特别行政区，2000-中国地级行政区划，2001-省会，2002-地级市，2003-盟，2004-自治州，2005-地区，2006-直辖市市辖区，2007-直辖市市辖县，3000-中国县级行政区划，3001-市辖区，3002-县，3003-县级市，3004-自治县，3005-旗，3006-自治旗，3007-林区，3008-特区，3009-县级乡镇，3010-县级街道，3011-县级经济开发区，3012-县级其他，4000-其他，4001-中国地理划分(按自然地理)，4002-中国地理划分(按经济区域)，4010-中国国家级城市群，4011-中国经济合作城市群，4100-欧洲地理划分(按自然地理)，4150-非洲地理划分(按自然地理)，4800-非标准地区，4900-其他地区划分(按自然地理)，4950-政治类联合体、联盟或组织，4951-经济类联合体、联盟或组织，4999-其他划分，5000-中国乡镇级行政区划，5001-乡镇，5002-街道，5003-乡镇级经济开发区，5004-乡镇其他，9000-国家，10000-大洲与海洋，10001-大洲，10002-海洋，11000-美国州级行政区划，11001-特区，11002-州，12000-海外国家城市，100000000-国家级经济区域，100000001-国家级经济特区，100000002-国家级新区，100000003-国家综合配套改革试验区，100000004-高新技术产业开发区，100000005-经济技术开发区，100000006-海关特殊监管区域，100000007-边境/跨境经济合作区，100000008-其他类型开发区，200000000-中国海关，200000001-海关总署，200000002-直属海关，200000003-隶属海关，300000000-海关经济区划，300000001-保税港区/综合保税区，300000002-保税区，300000003-保税物流园区，300000004-保税物流中心，300000005-出口加工区/珠澳跨境工业园区，300000006-高新技术产业开发区，300000007-国际边境合作中心，300000008-经济技术开发区，300000009-经济特区，300000010-一般经济区域，300000011-综合实验区，300000099-其他经济区划。"}, {"column": "AreaChiName", "desc": "地区中文名称"}, {"column": "AreaEngName", "desc": "地区英文名称"}, {"column": "AreaEngNameAbbr", "desc": "地区英文名称缩写"}, {"column": "ParentNode", "desc": "父节点代码"}, {"column": "ParentName", "desc": "父节点名称"}, {"column": "IfEffected", "desc": "是否有效；是否有效（IfEffected）：该字段固定以下常量：1-是 2-否。"}]}, {"表名": "astockindustrydb.lc_conceptlist", "表字段": [{"column": "ClassCode", "desc": "所属1级概念代码"}, {"column": "ClassName", "desc": "所属1级概念名称"}, {"column": "SubclassCode", "desc": "所属2级概念代码"}, {"column": "SubclassName", "desc": "所属2级概念名称"}, {"column": "ConceptCode", "desc": "所属概念板块编码"}, {"column": "ConceptName", "desc": "概念名称"}, {"column": "ConceptEngName", "desc": "概念英文名称"}]}]

请选择column，务必遵循输出的格式要求。

>>>>> Agent【Check_db_structure.columns_selector】 Said:
【分析】
用户提问涉及山东太阳纸业股份有限公司在特定日期的最高收盘价及其对应的连续放量天数。需要找到与公司代码、证券内部编码、交易日、收盘价、成交量相关的字段，以及计算连续放量天数的字段。

【信息所在字段】
- constantdb.secumain.CompanyCode: 这个字段可能包含公司代码信息，对应用户提问中的CompanyCode: 3954
- constantdb.secumain.InnerCode: 这个字段可能包含证券内部编码信息，对应用户提问中的InnerCode: 4772
- astockmarketquotesdb.qt_dailyquote.InnerCode: 这个字段可能包含证券内部编码信息，用于关联证券主表
- astockmarketquotesdb.qt_dailyquote.TradingDay: 这个字段可能包含交易日信息，对应用户提问中的2020年11月23日
- astockmarketquotesdb.qt_dailyquote.ClosePrice: 这个字段可能包含收盘价信息，对应用户提问中的最高收盘价为16.53元
- astockmarketquotesdb.qt_dailyquote.TurnoverVolume: 这个字段可能包含成交量信息，用于计算放量
- astockmarketquotesdb.cs_stockpatterns.VolumeRisingUpDays: 这个字段可能包含连续放量天数信息，对应用户提问中的连续放量天数为多少

【筛选条件所在字段】
- constantdb.secumain.CompanyCode: 用于筛选特定公司的数据
- constantdb.secumain.InnerCode: 用于筛选特定证券的数据
- astockmarketquotesdb.qt_dailyquote.TradingDay: 用于筛选特定日期的数据
- astockmarketquotesdb.qt_dailyquote.ClosePrice: 用于筛选特定收盘价的数据

【选中的字段的清单】
```json
{
  "constantdb.secumain": ["CompanyCode", "InnerCode"],
  "astockmarketquotesdb.qt_dailyquote": ["InnerCode", "TradingDay", "ClosePrice", "TurnoverVolume"],
  "astockmarketquotesdb.cs_stockpatterns": ["InnerCode", "VolumeRisingUpDays"]
}
```


>>>>> 【user】 Said:
之前已查询到信息如下:
查询结果表明: 在2020年，证券内部编码为4772的证券在所有交易日中的最高收盘价为16.53元，该最高收盘价出现在2020年11月23日。
---
查询结果表明: 在表astockmarketquotesdb.qt_dailyquote中，对于证券内部编码为4772且交易日为2020年11月23日的记录，成交量（TurnoverVolume）字段没有数据返回，说明该日期该证券没有成交记录或数据缺失。
---
查询结果表明: 在证券内部编码为4772的记录中，交易日介于2020年10月24日至2020年11月22日之间，成交量最高的交易日是2020年10月29日，当天的成交量为49927294股。

请问:山东太阳纸业股份有限公司（CompanyCode: 3954, InnerCode: 4772）在2020年11月23日最高收盘价为16.53元的那段时间内，连续放量天数为多少？

>>>>> Agent【Sql_query.master】 Said:
【已知信息】
- 山东太阳纸业股份有限公司的证券内部编码（InnerCode）为4772。
- 2020年11月23日，该公司的最高收盘价为16.53元。
- 在2020年10月24日至2020年11月22日之间，成交量最高的交易日是2020年10月29日，当天的成交量为49927294股。

【当前阶段要获取的信息】
- 2020年11月23日前后，山东太阳纸业股份有限公司的连续放量天数。

【信息所在字段】
- `VolumeRisingUpDays`（连续放量天数）

【筛选条件所在字段】
- `InnerCode`（证券内部编码）
- `TradingDay`（交易日）

【SQL语句的思路】
- 首先，我们需要确定2020年11月23日前后的一段时间范围，以便计算连续放量天数。
- 由于连续放量天数的计算需要基于一段时间的成交量数据，我们可以选择从2020年11月23日向前推一段时间（例如30天）来获取数据。
- 然后，使用`VolumeRisingUpDays`字段来获取连续放量天数。

【执行SQL语句】
```exec_sql
SELECT VolumeRisingUpDays
FROM astockmarketquotesdb.cs_stockpatterns
WHERE InnerCode = 4772
AND TradingDay BETWEEN '2020-10-24' AND '2020-11-23'
ORDER BY TradingDay DESC
LIMIT 1
```

【上述SQL语句的含义】
- 从`astockmarketquotesdb.cs_stockpatterns`表中选取`VolumeRisingUpDays`字段。
- 筛选条件为`InnerCode`等于4772，且`TradingDay`在2020年10月24日至2020年11月23日之间。
- 按照交易日降序排列，取最近一天的记录，以确保获取到最接近2020年11月23日的连续放量天数。

>>>>> 查询sql:
SELECT VolumeRisingUpDays
FROM astockmarketquotesdb.cs_stockpatterns
WHERE InnerCode = 4772
AND TradingDay BETWEEN '2020-10-24' AND '2020-11-23'
ORDER BY TradingDay DESC
LIMIT 1;
查询结果:
[{"VolumeRisingUpDays": 1}]


>>>>> 【user】 Said:
查询SQL:
SELECT VolumeRisingUpDays
FROM astockmarketquotesdb.cs_stockpatterns
WHERE InnerCode = 4772
AND TradingDay BETWEEN '2020-10-24' AND '2020-11-23'
ORDER BY TradingDay DESC
LIMIT 1;
查询结果:
[{"VolumeRisingUpDays": 1}]
请理解查询结果

>>>>> Agent【Sql_query.understand_query_result】 Said:
查询结果表明: 在证券内部编码为4772的股票中，从2020年10月24日到2020年11月23日期间，按照交易日降序排列，最后一个交易日的连续放量天数为1天。


>>>>> 【user】 Said:
查询SQL:
SELECT VolumeRisingUpDays
FROM astockmarketquotesdb.cs_stockpatterns
WHERE InnerCode = 4772
AND TradingDay BETWEEN '2020-10-24' AND '2020-11-23'
ORDER BY TradingDay DESC
LIMIT 1;
查询结果:
[{"VolumeRisingUpDays": 1}]
查询结果表明: 在证券内部编码为4772的股票中，从2020年10月24日到2020年11月23日期间，按照交易日降序排列，最后一个交易日的连续放量天数为1天。

当前掌握的信息是否能够回答"山东太阳纸业股份有限公司（CompanyCode: 3954, InnerCode: 4772）在2020年11月23日最高收盘价为16.53元的那段时间内，连续放量天数为多少？"？还是要继续执行下一阶段SQL查询？

>>>>> Agent【Sql_query.master】 Said:
【已知信息】
- 山东太阳纸业股份有限公司的证券内部编码（InnerCode）为4772。
- 2020年11月23日，该公司的最高收盘价为16.53元。
- 在2020年10月24日至2020年11月23日期间，按照交易日降序排列，最后一个交易日的连续放量天数为1天。

【当前阶段要获取的信息】
- 确认是否需要进一步查询以获取更准确的连续放量天数。

【信息所在字段】
- `VolumeRisingUpDays`（连续放量天数）

【筛选条件所在字段】
- `InnerCode`（证券内部编码）
- `TradingDay`（交易日）

【SQL语句的思路】
- 当前查询结果已显示在2020年10月24日至2020年11月23日期间，最后一个交易日的连续放量天数为1天。
- 由于连续放量天数的计算是基于连续的天数，如果最后一个交易日的连续放量天数为1天，意味着在这段时间内没有更长的连续放量天数。

【执行SQL语句】
无

【上述SQL语句的含义】
无

【结论】
当前掌握的信息已经能够回答问题："山东太阳纸业股份有限公司（CompanyCode: 3954, InnerCode: 4772）在2020年11月23日最高收盘价为16.53元的那段时间内，连续放量天数为1天。" 无需继续执行下一阶段SQL查询。


>>>>> 【user】 Said:
请回答问题:"山东太阳纸业股份有限公司（CompanyCode: 3954, InnerCode: 4772）在2020年11月23日最高收盘价为16.53元的那段时间内，连续放量天数为多少？"

>>>>> Agent【Sql_query.summary】 Said:
连续放量天数: 1天
