
>>>>> Original Question: 2021年第三季报中,该公司的国有股东持股总和是多少？


>>>>> 【user】 Said:
下面是已知的事实:
'''
湖北济川药业股份有限公司的关联信息有:[所在数据表是constantdb.secumain;InnerCode(证券内部编码)是1747;CompanyCode(公司代码)是1500;ChiName(中文名称)是湖北济川药业股份有限公司;EngName(英文名称)是Hubei Jumpcan Pharmaceutical Co., Ltd.;SecuCode(证券代码)是600566;]
---
湖北济川药业股份有限公司的关联信息有:[所在数据表是constantdb.secumain;InnerCode(证券内部编码)是1747;CompanyCode(公司代码)是1500;ChiName(中文名称)是湖北济川药业股份有限公司;EngName(英文名称)是Hubei Jumpcan Pharmaceutical Co., Ltd.;SecuCode(证券代码)是600566;]
600566的关联信息有:[所在数据表是constantdb.secumain;InnerCode(证券内部编码)是1747;CompanyCode(公司代码)是1500;ChiName(中文名称)是湖北济川药业股份有限公司;EngName(英文名称)是Hubei Jumpcan Pharmaceutical Co., Ltd.;SecuCode(证券代码)是600566;]
'''
下面是顺序的历史问答:
'''
Question: 湖北济川药业股份有限公司上市以来十大股东的类型有哪些？
Answer: 根据已知的查询结果和相关信息，湖北济川药业股份有限公司自上市以来，其十大股东的SHTypeCode分别为90、10和20。然而，从CT_SystemConst表中未能找到这些编码对应的详细类型描述。

由于缺乏具体的类型描述信息，无法直接回答其十大股东分别属于哪些具体类型。

**结论**：
当前无法确定湖北济川药业股份有限公司自上市以来其十大股东的具体类型。需要进一步查询其他相关表或数据源以获取详细的股东类型描述。

**建议**：
- 查询其他可能包含股东类型描述的表，如股东信息表、公司基本信息表等。
- 确认是否存在其他分类编码与股东类型相关联。
- 联系数据管理员或相关业务部门获取更多背景信息。
Question: 2021年第三季报中，该公司的最大股东是谁，他持有多少股份？
Answer: 最大股东: 江苏济川控股集团有限公司, 持股数: 416757360股
'''
现在用户继续提问，请根据已知信息，理解当前这个问题的完整含义，并重写这个问题使得单独拿出来看仍然能够正确理解：2021年第三季报中,该公司的国有股东持股总和是多少？

>>>>> Agent【rewrite_question】 Said:
2021年第三季报中，湖北济川药业股份有限公司（证券代码600566）的国有股东持股总和是多少？


>>>>> 【user】 Said:
提取下面这段文字里的实体，如公司名、股票代码等，如果识别结果是空，那么就回复No Entities."2021年第三季报中，湖北济川药业股份有限公司（证券代码600566）的国有股东持股总和是多少？"

>>>>> Agent【extract_company】 Said:
```json
["湖北济川药业股份有限公司", "600566"]
```

>>>>> 查询sql:
SELECT 'constantdb.secumain' AS TableName, InnerCode, CompanyCode, ChiName, EngName, SecuCode
FROM constantdb.secumain 
WHERE SecuCode = '湖北济川药业股份有限公司'
   OR ChiName LIKE '%湖北济川药业股份有限公司%'
   OR ChiNameAbbr LIKE '%湖北济川药业股份有限公司%'
   OR EngName LIKE '%湖北济川药业股份有限公司%'
   OR EngNameAbbr LIKE '%湖北济川药业股份有限公司%'
   OR SecuAbbr LIKE '%湖北济川药业股份有限公司%'
UNION ALL
SELECT 'constantdb.hk_secumain' AS TableName, InnerCode, CompanyCode, ChiName, EngName, SecuCode
FROM constantdb.hk_secumain 
WHERE SecuCode = '%湖北济川药业股份有限公司%'
   OR ChiName LIKE '%湖北济川药业股份有限公司%'
   OR ChiNameAbbr LIKE '%湖北济川药业股份有限公司%'
   OR EngName LIKE '%湖北济川药业股份有限公司%'
   OR EngNameAbbr LIKE '%湖北济川药业股份有限公司%'
   OR SecuAbbr LIKE '%湖北济川药业股份有限公司%'
   OR FormerName LIKE '%湖北济川药业股份有限公司%'
UNION ALL
SELECT 'constantdb.us_secumain' AS TableName, InnerCode, CompanyCode, ChiName, EngName, SecuCode
FROM constantdb.us_secumain 
WHERE SecuCode = '湖北济川药业股份有限公司'
   OR ChiName LIKE '%湖北济川药业股份有限公司%'
   OR EngName LIKE '%湖北济川药业股份有限公司%'
   OR SecuAbbr LIKE '%湖北济川药业股份有限公司%';
查询结果:
[{"TableName": "constantdb.secumain", "InnerCode": 1747, "CompanyCode": 1500, "ChiName": "湖北济川药业股份有限公司", "EngName": "Hubei Jumpcan Pharmaceutical Co., Ltd.", "SecuCode": "600566"}]

>>>>> 查询sql:
SELECT 'constantdb.secumain' AS TableName, InnerCode, CompanyCode, ChiName, EngName, SecuCode
FROM constantdb.secumain 
WHERE SecuCode = '600566'
   OR ChiName LIKE '%600566%'
   OR ChiNameAbbr LIKE '%600566%'
   OR EngName LIKE '%600566%'
   OR EngNameAbbr LIKE '%600566%'
   OR SecuAbbr LIKE '%600566%'
UNION ALL
SELECT 'constantdb.hk_secumain' AS TableName, InnerCode, CompanyCode, ChiName, EngName, SecuCode
FROM constantdb.hk_secumain 
WHERE SecuCode = '%600566%'
   OR ChiName LIKE '%600566%'
   OR ChiNameAbbr LIKE '%600566%'
   OR EngName LIKE '%600566%'
   OR EngNameAbbr LIKE '%600566%'
   OR SecuAbbr LIKE '%600566%'
   OR FormerName LIKE '%600566%'
UNION ALL
SELECT 'constantdb.us_secumain' AS TableName, InnerCode, CompanyCode, ChiName, EngName, SecuCode
FROM constantdb.us_secumain 
WHERE SecuCode = '600566'
   OR ChiName LIKE '%600566%'
   OR EngName LIKE '%600566%'
   OR SecuAbbr LIKE '%600566%';
查询结果:
[{"TableName": "constantdb.secumain", "InnerCode": 1747, "CompanyCode": 1500, "ChiName": "湖北济川药业股份有限公司", "EngName": "Hubei Jumpcan Pharmaceutical Co., Ltd.", "SecuCode": "600566"}]

>>>>> 已知事实:
湖北济川药业股份有限公司的关联信息有:[所在数据表是constantdb.secumain;InnerCode(证券内部编码)是1747;CompanyCode(公司代码)是1500;ChiName(中文名称)是湖北济川药业股份有限公司;EngName(英文名称)是Hubei Jumpcan Pharmaceutical Co., Ltd.;SecuCode(证券代码)是600566;]
---
湖北济川药业股份有限公司的关联信息有:[所在数据表是constantdb.secumain;InnerCode(证券内部编码)是1747;CompanyCode(公司代码)是1500;ChiName(中文名称)是湖北济川药业股份有限公司;EngName(英文名称)是Hubei Jumpcan Pharmaceutical Co., Ltd.;SecuCode(证券代码)是600566;]
600566的关联信息有:[所在数据表是constantdb.secumain;InnerCode(证券内部编码)是1747;CompanyCode(公司代码)是1500;ChiName(中文名称)是湖北济川药业股份有限公司;EngName(英文名称)是Hubei Jumpcan Pharmaceutical Co., Ltd.;SecuCode(证券代码)是600566;]

>>>>> 【user】 Said:
请选择db，务必遵循输出的格式要求。

>>>>> Agent【Check_db_structure.db_selector】 Said:
【分析】
用户需要查询的是湖北济川药业股份有限公司（证券代码600566）在2021年第三季报中的国有股东持股总和。这涉及到上市公司的股东信息和持股数据，具体需要查询的是股东类型为国有股东的持股总和。

【选中的数据库】
- astockshareholderdb: 这个数据库记录了上市公司股东、股本及公司治理相关的详细信息，包括股东分类、持股情况等，可以从中获取到国有股东的持股数据。

【选中的数据库的清单】
```json
["astockshareholderdb"]
```


>>>>> 【user】 Said:
数据库表信息如下:
[{"表名": "astockshareholderdb.lc_shtypeclassifi", "说明": "该数据表主要用于记录股东及其分类信息，包含股东的唯一标识信息如股东代码和股东编码，股东名称及其所属性质等基本信息，同时提供多级分类结构，涵盖分类标准及一级至四级分类代码，便于对股东进行分层管理和分析。"}, {"表名": "astockshareholderdb.lc_mainshlistnew", "说明": "该数据表主要记录了股东及其持股情况的详细信息，包括公司代码、日期、信息发布日期和来源等基本信息。股东相关信息涵盖股东排名、序号、名称、性质、类别及其编码等。持股信息详细列出了持股总数、持股比例、持股增减情况，以及持有不同类型股票（如A股、B股、H股、普通股及其他类别）的数量和比例。此外，还包括股东性质描述、股权质押和冻结情况及其说明，股东之间的关联关系和一致行动人说明等。证券相关信息有证券代码、简称、所属券商编号及归属机构名称等。备注说明和其他字段提供了进一步的补充信息。"}, {"表名": "astockshareholderdb.lc_shnumber", "说明": "该数据表主要涵盖了公司股东信息的各类数据，包括公司代码、信息发布日期和信息来源等基本信息。股东数据详细记录了股东总户数及各类股东（如A股、B股、H股、CDR股东）的户数和户均持股数，提供了户均持股比例及其相对变化，季度和半年增长率等动态指标。此外，表中还细分了无限售条件股东的数据，包括无限售A股和CDR的户均持股数及比例变化等。通过这些数据，能够分析不同类型股东的持股分布及其变化趋势。"}, {"表名": "astockshareholderdb.lc_mshareholder", "说明": "该数据表主要用于记录公司股东相关信息及公司基本情况，包含以下几类字段信息：公司基本信息如公司代码、信息发布日期、信息来源等；股东相关信息如股东名称、股东地位、持股比例、股东性质、股东ID、国籍描述、永久境外居留权等；公司运营及财务信息如法人代表、注册资本、主要业务、经济性质、背景介绍等；其他信息如股权获取方式、实际控制人结构图、公告类别、报告原文文件格式、日期以及货币单位等，并提供是否存在的标识字段以便于数据筛选和分析。"}, {"表名": "astockshareholderdb.lc_actualcontroller", "说明": "该数据表主要用于记录公司实际控制人的相关信息，包括公司代码、信息发布日期和日期等基本信息；实际控制人的详细信息如代码、姓名、经济性质、国籍代码及描述、永久境外居留权状态，以及实际控制人所属性质等。"}, {"表名": "astockshareholderdb.lc_sharestru", "说明": "该数据表主要记录了公司股本结构及相关信息，包含以下几类字段：公司基本信息如公司代码(CompanyCode)、信息来源(InfoSource)、信息发布日期(InfoPublDate)；时间相关字段如日期(EndDate)；股本总量及变动情况如总股本(股)(TotalShares)、股本变动原因类别(ChangeType)、简称变更原因(ChangeReason)；股权分类及持股情况包括未流通股(NonListedShares)、流通股本(FloatShare)、有限售条件流通股(RestrictedShares)、无限售条件流通股(NonRestrictedShares)、A股(Ashares)、B股(Bshares)、H股(Hshares)、GDR代表基础股票(GDRshares)、外资持股(ForeignHolding)等，进一步细分为发起人股(PromoterShares)、国家股(StateShares)、法人股(DLegalPersonShares、FLegalPersonShares)、自然人股(NaturalPersonHoldLPShares)、职工股(StaffShares)、战略投资者配售持股(StategicInvestorShares)、基金配售持股(MutualFundShares)等；股本流通状态如已上市流通股(AFloatListed)、未上市增发股(AdditionIssueUnlisted)、配股未上市(RightsIssueUnlisted)等；其他股本信息如优先股(PreferredShares)、有限售H股(RestrictedHShares)、无限售H股(NonRestrictedHShares)、其他未流通股(OUnListedShares)；股本面值及货币单位如每股面值(PerValue)、每股面值货币单位(ParValueCurrencyUnit)。通过这些字段，能够全面反映公司股本的构成、流通及变动情况。"}, {"表名": "astockshareholderdb.lc_stockholdingst", "说明": "该数据表主要用于记录各类机构及股东对A股的持股情况及相关统计信息，包含以下几类字段：基础信息如证券内部编码、公司代码、统计日期等；持股数量信息，包括机构、公募基金、券商、私募基金、银行、外资等不同主体持有的无限售流通A股、总A股及其他类型A股的数量；持股比例信息，涵盖上述主体对不同类型A股的持股比例；持股户数信息，记录各类机构及股东的持股户数，包括流通A股户数、无限售流通A股户数等；前十大股东信息，如前十大股东持股数量及比例、无限售股东持股数据等；信息来源及日期字段，用于标注数据出处和时间。"}, {"表名": "astockshareholderdb.lc_sharetransfer", "说明": "该数据表主要记录股权转让的详细信息，涵盖了公司基本信息如公司代码、信息发布日期、信息来源等；股权转让的关键时间点如协议签署日、批准日期、正式变动日期等；转让方和受让方的相关信息，包括名称、经济性质、属性、编码等；股权转让前后的持股情况，如持股数量、持股比例、有限售股数、无限售股数等；交易相关信息如转让方式、涉及股数、交易价格、交易金额等；其他补充信息如生效条件、事项描述与进展、是否终止实施及公告日期等；以及序号、证券内部编码等标识信息。"}, {"表名": "astockshareholderdb.lc_sharefp", "说明": "该数据表记录了公司股权冻结质押的详细信息，包含公司代码、信息发布日期和来源等基本信息，以及涉及的股东和接受方的详细信息，如股东名称和ID、接受方名称和ID、股东和接受方的属性等。表中还包括冻结质押的具体细节，如涉及股数、占持股比例、占总股本比例、起始和结束日期、原因及事项编码和日期。此外，表格记录了无限售股数、有限售股数，以及初始信息发布日期、初始质押股数和预计解除日期等信息。"}, {"表名": "astockshareholderdb.lc_sharefpsta", "说明": "该数据表主要用于记录股权冻结质押的相关信息，包含以下字段：标识信息如冻结质押编号(FPCode)、公司代码(CompanyCode)和股东ID(SHID)；时间信息如截止日期(EndDate)；信息来源(InfoSource)；类别选择(Category)；股东信息如股权被冻结质押股东名称(FPSHName)及其属性(SHAttribute)；冻结质押相关统计数据如累计冻结质押股数(AccuFPShares)、累计占冻结质押方持股数比例(AccuPCTOfPled)、累计占总股本比例(AccuProportion)及其计算值(AccuProportionCalc)；其他辅助字段如AccuFPSharesCalc。"}, {"表名": "astockshareholderdb.lc_buyback", "说明": "该数据表记录了公司股份回购的详细信息，包括公司基本信息如公司代码，以及重要日期信息如首次信息发布日期、预案发布日期、股东大会通过日期、回购协议签署日、回购并注销股份公告书发布日、起始日期、结束日期、全称更改日期、回购资金划出日、工商变更登记日等。股份回购的具体情况涵盖股份类别、股份被回购方、回购股数及占总股本比例、回购定价方式说明、回购价格及回购总金额、回购数量及价格上下限、拟回购资金总额上下限等。支付方式、资金来源及用途说明、回购目的、事件进程及描述、回购方式代码及描述等信息也被详细记录。此外，还包括待偿期限指数、未描述的字段如回购目的、货币单位及被否决日期等。"}, {"表名": "astockshareholderdb.lc_buybackattach", "说明": "该数据表记录了有关股份回购的信息，包含回购的唯一标识（股份回购ID）及其相关的日期信息，如信息发布日期和生效日期。涉及财务数据的字段包括货币单位、最高价、最低价、本次回购资金及累计回购资金总额。此外，表中还记录了与回购数量相关的数据，如回购股数、累计回购数量及其占总股本的比例。通过这些字段，能够全面了解某次股份回购的基本信息和财务影响。"}, {"表名": "astockshareholderdb.lc_legaldistribution", "说明": "该数据表记录了证券配售的详细信息，涵盖了多方面的内容：基础信息如证券内部编码、证券代码、信息发布日期及首次发布日期等；配售相关信息包括配售总股数、配售原因、配售性质、获配股数（有锁定期和无锁定期分别记录）、获配金额、实际发行价、有效申购股数、退款金额、补款金额等；投资者信息包括投资者名称（标准化和原始）、投资者编号、投资者类型、投资者分类等，以及获配企业的名称、性质和所属券商的编号及名称；战略配售的详细记录如高管、员工、保荐机构及其他参与战略配售的股份数量、金额和占比等；此外，还包括流通日期、持股时间等时间维度信息，以及备注说明和配售对象代码等辅助字段。整体涵盖了证券配售的全流程信息，便于分析和统计。"}, {"表名": "astockshareholderdb.lc_nationalstockholdst", "说明": "该数据表主要用于记录股东持股相关信息，包含以下字段类别：基础信息如内部编码、公司代码、股东ID、股东名称；时间信息如截止日期；持股数据如持有A股总数、有限售A股数、无限售A股数；比例数据如占总股本比例、占流通A股比例；变动信息如持有A股数量增减及其增减幅度。"}, {"表名": "astockshareholderdb.cs_foreignholdingst", "说明": "该数据表记录了证券相关的交易信息，包括证券内部编码用于标识证券，交易日期表示具体的交易时间，外资持股总数（单位为万股）和外资持股比例（百分比）则反映了外资在该证券中的持股情况。"}, {"表名": "astockshareholderdb.lc_esop", "说明": "该数据表主要用于记录资产管理计划相关信息，涵盖了基础标识信息如“内部编码、公司代码”等，公告日期信息如“首次信息发布日期、董事会公告日期、股东大会公告日期”等，计划进程与实施信息如“事件进程、是否分期实施、数据统计区间、首次实施公告日”等，股票与资金规模信息如“股票来源方式、股票规模上限与下限、资金总额上限与下限”等，计划细节信息如“麦考利久期、锁定期、释放期、资金来源、参与单位及人员、管理模式、管理机构、资产管理计划全称、分期情况、杠杆比例”等，价格与参与情况信息如“购买股票价格、参与人数、高管及员工的参与人数、认购份额与比例”等，时间节点信息如“持股的完成日、锁定的起始日”等，以及其他补充说明如“计划情况说明”等，全面涵盖计划的各个维度。"}, {"表名": "astockshareholderdb.lc_esopsummary", "说明": "该数据表主要用于记录证券相关事件的信息，包括证券内部编码和公司代码等基础标识信息；首次信息发布日期、董事会公告日期、股东大会公告日期等时间信息；事件进程和序号等事件状态信息；是否分期实施及分期情况等分期相关信息；股票规模和资金总额的上下限等规模和资金范围信息；以及备注说明等补充描述信息。"}, {"表名": "astockshareholderdb.lc_transferplan", "说明": "该数据表主要记录了公司股东承诺及增减持计划的相关信息，涵盖多个方面的字段：公司基本信息如“公司代码”；信息披露相关字段如“首次信息发布日期”“信息发布日期”“信息来源”；承诺主体与事项类型信息如“承诺主体类型”“承诺事项类型”；承诺时间范围及内容描述如“承诺起始日期”“承诺截止日期”“承诺说明”；股东信息如“股东序号”“股东名称”；增持计划相关字段包括“增持时间描述”“增持实施期限”“增持价格描述”“增持股票触发价格上下限”“增持股份数量上下限”“增持比例上下限”“增持投入资金上下限”等；减持计划相关字段包括“减持时间描述”“减持实施期限”“减持价格描述”“减持股票触发价格上下限”“减持股份数量上下限”“减持比例上下限”等；承诺有效性及不减持承诺期限如“承诺是否有效”“不减持承诺期限”；交易方式及相关描述如“交易方式”“交易方式描述”；事件进程信息如“事件进程”。这些字段全面记录了公司股东承诺及增减持行为的各类细节。"}, {"表名": "astockshareholderdb.lc_smattendinfo", "说明": "该数据表记录了公司股东大会相关的综合信息，涵盖多个维度。包括公司基本信息如公司代码；股东大会的时间安排，如首次信息发布日期、最新信息发布日期、公告日期、股东大会召开日及时间、股权登记日、会议登记起止日期、网络投票起止日期等；股东大会的地点和形式信息，如召开地址、会议类别、投票表决方式、网络投票通道及代码等；股东大会的参与情况统计，包括出席总体股东及代表人数、各类股东人数（如A股、H股、中小股东、优先股股东等）、出席股东代表股份及其占比（按不同股东类别区分）；股东大会的主持及法律见证信息，包括大会主持人及其职务、见证律师事务所及其编号、经办律师等；其他相关信息如议案内容、是否有效、股东大会取消日期、年度及届次等。通过这些字段，全面反映了股东大会的组织、参与及法律合规情况。"}]

请选择table，务必遵循输出的格式要求。

>>>>> Agent【Check_db_structure.table_selector】 Said:
【分析】
要查询2021年第三季报中湖北济川药业股份有限公司（证券代码600566）的国有股东持股总和，需要以下信息：
1. 确定公司代码为600566的相关信息。
2. 确定时间范围为2021年第三季度。
3. 确定股东性质为国有股东。
4. 获取这些国有股东的持股总和。

【选中的数据表】
- astockshareholderdb.lc_mainshlistnew: 这个数据表记录了股东及其持股情况的详细信息，包括公司代码、日期、股东名称、性质、持股总数等信息，可以用来筛选出湖北济川药业的国有股东及其持股情况。
- astockshareholderdb.lc_shtypeclassifi: 这个数据表记录了股东及其分类信息，可以用来确认股东的性质是否为国有。

【选中的数据库表的清单】
```json
["astockshareholderdb.lc_mainshlistnew", "astockshareholderdb.lc_shtypeclassifi"]
```


>>>>> 【user】 Said:
已取得可用的数据表的字段信息如下:
[{"表名": "astockshareholderdb.lc_mainshlistnew", "表字段": [{"column": "CompanyCode", "desc": "公司代码；公司代码（CompanyCode）：与“证券主表（SecuMain）”中的“公司代码（CompanyCode）”关联，得到上市公司的交易代码、简称等。"}, {"column": "EndDate", "desc": "日期"}, {"column": "InfoPublDate", "desc": "信息发布日期"}, {"column": "InfoSource", "desc": "信息来源"}, {"column": "InfoTypeCode", "desc": "信息类别编码；信息类别编码(InfoTypeCode)与(CT_SystemConst)表中的DM字段关联，令LB = 1025 AND DM IN (1,2,4,5,6)，得到信息类别编码的具体描述：1-前十大股东，2-前十流通股东，4-十大有限售条件股东，5-发行前股东，6-前十大表决权数量股东。"}, {"column": "SHNo", "desc": "股东排名；股东排名（SHNo）：当“信息类别代码（InfoTypeCode）”=1时，“股东排名（SHNo）”表示股东排名；当“信息类别代码（InfoTypeCode）”=2时，“股东排名（SHNo）”表示流通股东排名。"}, {"column": "SHSerial", "desc": "股东序号"}, {"column": "SHList", "desc": "股东名称；股东名称（SHList）：此字段为股东名称公告原始披露值；如期望获取股东标准名称，可使用股东ID与相关表单关联，具体关联方式详见注4"}, {"column": "SHKind", "desc": "股东性质"}, {"column": "SHTypeCode", "desc": "股东类别编码"}, {"column": "SHType", "desc": "股东类别"}, {"column": "SecuCoBelongedCode", "desc": "所属券商编号"}, {"column": "SecuCoBelongedName", "desc": "归属机构名称"}, {"column": "SecuCode", "desc": "证券代码"}, {"column": "SecuAbbr", "desc": "证券简称"}, {"column": "HoldSum", "desc": "持股数(股)"}, {"column": "PCTOfTotalShares", "desc": "占总股本比例；占总股本比例（%）（PCTOfTotalShares）：当“信息类别代码（InfoTypeCode）”=1时，持股数(股)/总股本*100当“信息类别代码（InfoTypeCode）”=2时，无限售股数(股)/总股本*100"}, {"column": "RestrainedTShare", "desc": "其中：有限售股数(股)"}, {"column": "UnstintedTShare", "desc": "其中：无限售股数(股)"}, {"column": "HoldSumChange", "desc": "持股数量增减(股)"}, {"column": "HoldSumChangeRate", "desc": "持股数量增减幅度(%)"}, {"column": "HoldAShareSum", "desc": "持有A股数量(股)"}, {"column": "PCTOfFloatShares", "desc": "占流通A股比例(%)"}, {"column": "HoldBShareSum", "desc": "持有B股数量(股)"}, {"column": "HoldHShareSum", "desc": "持有H股数量(股)"}, {"column": "HoldOthterShareSum", "desc": "持有其他股数量(股)"}, {"column": "ShareCharacterStatement", "desc": "股本性质描述"}, {"column": "PledgeInvolvedSum", "desc": "股权质押涉及股数(股)"}, {"column": "FreezeInvolvedSum", "desc": "股权冻结涉及股数(股)"}, {"column": "PFStatement", "desc": "股权质押冻结情况说明"}, {"column": "ConnectionRelation", "desc": "股东关联关系"}, {"column": "ConnectionStatement", "desc": "与其他股东关联关系说明"}, {"column": "ActInConcertStatement", "desc": "与其他股东同属一致行动人说明"}, {"column": "Notes", "desc": "备注说明"}, {"column": "SecuInnerCode", "desc": "证券代码"}, {"column": "SHKindCode", "desc": "股东性质编码"}, {"column": "GDID", "desc": "股东ID"}, {"column": "SHAttribute", "desc": "股东属性"}, {"column": "RestrainedAShare", "desc": "其中:有限售A股数(股)"}, {"column": "UnstintedAShare", "desc": "其中:无限售A股数(股)"}, {"column": "HoldShareASum", "desc": "持有A类普通股数量(股)"}, {"column": "RestrainedShareA", "desc": "其中:有限售A类普通股数量(股)"}, {"column": "UnstintedShareA", "desc": "其中:无限售A类普通股数量(股)"}, {"column": "HoldShareBSum", "desc": "持有B类普通股数量(股)"}, {"column": "RestrainedShareB", "desc": "其中:有限售B类普通股数量(股)"}, {"column": "UnstintedShareB", "desc": "其中:无限售B类普通股数量(股)"}, {"column": "HoldShareCSum", "desc": "持有C类普通股数量(股)"}, {"column": "HoldShareDSum", "desc": "持有D类普通股数量(股)"}, {"column": "HoldOtherComShareSum", "desc": "持有其他类普通股数量(股)1"}, {"column": "HoldChangeType", "desc": "持股变动类型"}, {"column": "PrefShareWithVotRight", "desc": "有投票权的优先股数量(股)"}, {"column": "VotingRightsVol", "desc": "表决权总数(票)"}, {"column": "VotingRightsRatio", "desc": "表决权比例(%)"}, {"column": "SpecialVotingRightsVol", "desc": "特别表决权数量(票)"}, {"column": "PCTOfNRShares", "desc": "占无限售股份比例(%)"}, {"column": "RefinanceLoanShare", "desc": "No description available"}]}, {"表名": "astockshareholderdb.lc_shtypeclassifi", "表字段": [{"column": "SHID", "desc": "股东代码；当SHAttribute=2时，关联“企业码表（EP_CompanyMain）”的“企业编号（CompanyCode）”关联，获取企业的基本信息； 当SHAttribute=3时，关联“证券码表总表(SecuMainAll)”的“证券内部编码 (InnerCode)”关联，获取证券的基本信息"}, {"column": "SHCode", "desc": "股东编码；当SHAttribute=2时，关联“企业码表（EP_CompanyMain）”的“企业编码（EnterpriseCode）”关联，获取企业的基本信息； 当SHAttribute=3时，关联“证券码表总表(SecuMainAll)”的“聚源代码 (GilCode)”关联，获取证券的基本信息"}, {"column": "SHName", "desc": "股东名称"}, {"column": "SHAttribute", "desc": "股东所属性质；股东所属性质(SHAttribute)与(CT_SystemConst)表中的DM字段关联，令LB = 1783，得到股东所属性质的具体描述：1-自然人，2-企业，3-证券品种，99-其他。"}, {"column": "Standard", "desc": "分类标准；1-聚源股东类型分类2022版"}, {"column": "FirstLvCode", "desc": "一级分类代码；一级分类代码(FirstLvCode)与(CT_SystemConst)表中的DM字段关联，令LB = 2503，得到一级分类代码的具体描述：1000000-自然人，2000000-境内机构投资者，2010000-证券，2010100-证券公司，2010200-券商理财，2010201-券商集合理财，2010202-券商定向理财，2020000-银行类，2020100-银行，2020200-银行理财子公司，2020300-银行理财，2030000-保险，2030100-保险公司，2030200-保险组合，2030201-保险资管，2030202-保险理财，2030203-保险产品账户，2040000-信托，2040100-信托公司，2040200-信托产品，2040201-单一信托计划，2040202-集合信托计划，2050000-基金，2050100-公募基金，2050200-私募基金，2050201-私募股权投资基金，2050202-私募证券投资基金，2050203-私募创业投资基金，2050299-其他私募基金，2050300-基金资管计划，2050400-公募基金管理公司，2050500-私募基金管理公司，2050600-基金资管子公司，2060000-期货，2060100-期货公司，2060200-期货资管，2070000-财务公司，2080000-金融租赁公司，2090000-资产管理公司，2090100-金融资产管理公司，2090200-地方资产管理公司，2100000-金融资产投资公司，2110000-社保基金及社保机构，2120000-养老金，2120100-年金，2120200-基本养老保险基金，2120300-养老金产品，2130000-政府机构，2130100-国资机构，2130200-财政部门，2139900-其他政府机构，2140000-社会组织，2140100-慈善组织（基金会），2140200-职工工会，2140300-院校，2140400-研究所，2149900-其他社会组织，2990000-一般法人，3000000-境外机构投资者，3010000-专业境外机构，3020000-其他境外机构"}, {"column": "SecondLvCode", "desc": "二级分类代码；二级分类代码(SecondLvCode)与(CT_SystemConst)表中的DM字段关联，令LB = 2503，得到二级分类代码的具体描述：1000000-自然人，2000000-境内机构投资者，2010000-证券，2010100-证券公司，2010200-券商理财，2010201-券商集合理财，2010202-券商定向理财，2020000-银行类，2020100-银行，2020200-银行理财子公司，2020300-银行理财，2030000-保险，2030100-保险公司，2030200-保险组合，2030201-保险资管，2030202-保险理财，2030203-保险产品账户，2040000-信托，2040100-信托公司，2040200-信托产品，2040201-单一信托计划，2040202-集合信托计划，2050000-基金，2050100-公募基金，2050200-私募基金，2050201-私募股权投资基金，2050202-私募证券投资基金，2050203-私募创业投资基金，2050299-其他私募基金，2050300-基金资管计划，2050400-公募基金管理公司，2050500-私募基金管理公司，2050600-基金资管子公司，2060000-期货，2060100-期货公司，2060200-期货资管，2070000-财务公司，2080000-金融租赁公司，2090000-资产管理公司，2090100-金融资产管理公司，2090200-地方资产管理公司，2100000-金融资产投资公司，2110000-社保基金及社保机构，2120000-养老金，2120100-年金，2120200-基本养老保险基金，2120300-养老金产品，2130000-政府机构，2130100-国资机构，2130200-财政部门，2139900-其他政府机构，2140000-社会组织，2140100-慈善组织（基金会），2140200-职工工会，2140300-院校，2140400-研究所，2149900-其他社会组织，2990000-一般法人，3000000-境外机构投资者，3010000-专业境外机构，3020000-其他境外机构"}, {"column": "ThirdLvCode", "desc": "三级分类代码；三级分类代码(ThirdLvCode)与(CT_SystemConst)表中的DM字段关联，令LB = 2503，得到三级分类代码的具体描述：1000000-自然人，2000000-境内机构投资者，2010000-证券，2010100-证券公司，2010200-券商理财，2010201-券商集合理财，2010202-券商定向理财，2020000-银行类，2020100-银行，2020200-银行理财子公司，2020300-银行理财，2030000-保险，2030100-保险公司，2030200-保险组合，2030201-保险资管，2030202-保险理财，2030203-保险产品账户，2040000-信托，2040100-信托公司，2040200-信托产品，2040201-单一信托计划，2040202-集合信托计划，2050000-基金，2050100-公募基金，2050200-私募基金，2050201-私募股权投资基金，2050202-私募证券投资基金，2050203-私募创业投资基金，2050299-其他私募基金，2050300-基金资管计划，2050400-公募基金管理公司，2050500-私募基金管理公司，2050600-基金资管子公司，2060000-期货，2060100-期货公司，2060200-期货资管，2070000-财务公司，2080000-金融租赁公司，2090000-资产管理公司，2090100-金融资产管理公司，2090200-地方资产管理公司，2100000-金融资产投资公司，2110000-社保基金及社保机构，2120000-养老金，2120100-年金，2120200-基本养老保险基金，2120300-养老金产品，2130000-政府机构，2130100-国资机构，2130200-财政部门，2139900-其他政府机构，2140000-社会组织，2140100-慈善组织（基金会），2140200-职工工会，2140300-院校，2140400-研究所，2149900-其他社会组织，2990000-一般法人，3000000-境外机构投资者，3010000-专业境外机构，3020000-其他境外机构"}, {"column": "FourthLvCode", "desc": "四级分类代码；四级分类代码(FourthLvCode)与(CT_SystemConst)表中的DM字段关联，令LB = 2503，得到四级分类代码的具体描述：1000000-自然人，2000000-境内机构投资者，2010000-证券，2010100-证券公司，2010200-券商理财，2010201-券商集合理财，2010202-券商定向理财，2020000-银行类，2020100-银行，2020200-银行理财子公司，2020300-银行理财，2030000-保险，2030100-保险公司，2030200-保险组合，2030201-保险资管，2030202-保险理财，2030203-保险产品账户，2040000-信托，2040100-信托公司，2040200-信托产品，2040201-单一信托计划，2040202-集合信托计划，2050000-基金，2050100-公募基金，2050200-私募基金，2050201-私募股权投资基金，2050202-私募证券投资基金，2050203-私募创业投资基金，2050299-其他私募基金，2050300-基金资管计划，2050400-公募基金管理公司，2050500-私募基金管理公司，2050600-基金资管子公司，2060000-期货，2060100-期货公司，2060200-期货资管，2070000-财务公司，2080000-金融租赁公司，2090000-资产管理公司，2090100-金融资产管理公司，2090200-地方资产管理公司，2100000-金融资产投资公司，2110000-社保基金及社保机构，2120000-养老金，2120100-年金，2120200-基本养老保险基金，2120300-养老金产品，2130000-政府机构，2130100-国资机构，2130200-财政部门，2139900-其他政府机构，2140000-社会组织，2140100-慈善组织（基金会），2140200-职工工会，2140300-院校，2140400-研究所，2149900-其他社会组织，2990000-一般法人，3000000-境外机构投资者，3010000-专业境外机构，3020000-其他境外机构。"}]}]

请选择column，务必遵循输出的格式要求。

>>>>> Agent【Check_db_structure.columns_selector】 Said:
【分析】
用户提问需要查询2021年第三季报中，湖北济川药业股份有限公司（证券代码600566）的国有股东持股总和。因此，需要找到与公司代码、报告日期、股东性质和持股数相关的字段。

【信息所在字段】
- astockshareholderdb.lc_mainshlistnew.CompanyCode: 这个字段可能包含公司代码信息，对应用户提问中的湖北济川药业股份有限公司（证券代码600566）
- astockshareholderdb.lc_mainshlistnew.EndDate: 这个字段可能包含报告日期信息，对应用户提问中的2021年第三季报
- astockshareholderdb.lc_mainshlistnew.SHList: 这个字段可能包含股东名称信息，对应用户提问中的国有股东
- astockshareholderdb.lc_mainshlistnew.SHKind: 这个字段可能包含股东性质信息，对应用户提问中的国有股东
- astockshareholderdb.lc_mainshlistnew.HoldSum: 这个字段可能包含持股数信息，对应用户提问中的持股总和

【筛选条件所在字段】
- astockshareholderdb.lc_mainshlistnew.CompanyCode: 这个字段用于筛选特定公司的数据，对应用户提问中的湖北济川药业股份有限公司（证券代码600566）
- astockshareholderdb.lc_mainshlistnew.EndDate: 这个字段用于筛选特定报告期的数据，对应用户提问中的2021年第三季报
- astockshareholderdb.lc_mainshlistnew.SHKind: 这个字段用于筛选特定股东性质的数据，对应用户提问中的国有股东

【选中的字段的清单】
```json
{
  "astockshareholderdb.lc_mainshlistnew": [
    "CompanyCode",
    "EndDate",
    "SHList",
    "SHKind",
    "HoldSum"
  ]
}
```


>>>>> 【user】 Said:
之前已查询到信息如下:
查询结果表明: 对于公司代码为1500的上市公司，在其前十大股东（InfoTypeCode = 1）中，存在三种不同的股东类别编码（SHTypeCode），分别为90、10和20。具体股东类别的详细描述需要进一步关联相关表单进行查询。
---
查询结果表明: 表 `CT_SystemConst` 是一个系统常量表，包含以下字段：`ID`（ID，主键），`LB`（常量分类编码），`LBMC`（常量分类名称），`MS`（常量描述），`DM`（常量代码），`XGRQ`（修改日期），`JSID`（JSID），`FVALUE`（浮点值），`IVALUE`（整型值），`DVALUE`（日期值），`CVALUE`（字符值）。该表使用InnoDB引擎，默认字符集为utf8mb4，校对规则为utf8mb4_unicode_ci。
---
查询结果表明: 根据查询SQL，从constantdb.CT_SystemConst表中筛选出LB字段值为2503，且DM字段值为90、10或20的记录，但查询结果为空，说明在constantdb.CT_SystemConst表中不存在满足这些条件的记录。具体来说，DM字段值为90、10、20的分类代码在LB字段值为2503的分类下没有对应的描述信息。
---
查询结果表明: 在公司代码为1500的上市公司中，截至2021年7月1日至2021年9月30日期间，股东名称为“江苏济川控股集团有限公司”的股东持有该公司股份最多，持股数为416,757,360股。

请问:2021年第三季报中，湖北济川药业股份有限公司（证券代码600566）的国有股东持股总和是多少？

>>>>> Agent【Sql_query.master】 Said:
【已知信息】
- 湖北济川药业股份有限公司的关联信息：所在数据表是constantdb.secumain；InnerCode(证券内部编码)是1747；CompanyCode(公司代码)是1500；SecuCode(证券代码)是600566。
- 2021年第三季报中，该公司最大股东是江苏济川控股集团有限公司，持股数为416,757,360股。
- 已知股东类别的编码为90、10和20，但具体描述未找到。

【当前阶段要获取的信息】
- 2021年第三季报中，湖北济川药业股份有限公司的国有股东持股总和。

【信息所在字段】
- 股东性质（SHKind）和持股数（HoldSum）在astockshareholderdb.lc_mainshlistnew表中。

【筛选条件所在字段】
- CompanyCode（公司代码）在astockshareholderdb.lc_mainshlistnew表中。
- EndDate（日期）在astockshareholderdb.lc_mainshlistnew表中。

【SQL语句的思路】
1. 从astockshareholderdb.lc_mainshlistnew表中筛选出CompanyCode为1500的记录。
2. 确保EndDate在2021年第三季报的时间范围内，即2021-07-01至2021-09-30。
3. 筛选出SHKind为国有股东的记录（假设国有股东的SHKind编码已知，如90）。
4. 计算这些记录的HoldSum总和。

【执行SQL语句】
```exec_sql
SELECT SUM(HoldSum) AS TotalHoldSum
FROM astockshareholderdb.lc_mainshlistnew
WHERE CompanyCode = 1500
AND DATE(EndDate) BETWEEN '2021-07-01' AND '2021-09-30'
AND SHKind = '90';
```

【上述SQL语句的含义】
- 从astockshareholderdb.lc_mainshlistnew表中筛选出公司代码为1500的记录。
- 确保这些记录的EndDate在2021年第三季报的时间范围内。
- 进一步筛选出股东性质为国有股东（假设编码为90）的记录。
- 计算这些记录的持股数（HoldSum）的总和，并命名为TotalHoldSum。

>>>>> 查询sql:
SELECT SUM(HoldSum) AS TotalHoldSum
FROM astockshareholderdb.lc_mainshlistnew
WHERE CompanyCode = 1500
AND DATE(EndDate) BETWEEN '2021-07-01' AND '2021-09-30'
AND SHKind = '90';
查询结果:
[{"TotalHoldSum": null}]


>>>>> 【user】 Said:
查询SQL:
SELECT SUM(HoldSum) AS TotalHoldSum
FROM astockshareholderdb.lc_mainshlistnew
WHERE CompanyCode = 1500
AND DATE(EndDate) BETWEEN '2021-07-01' AND '2021-09-30'
AND SHKind = '90';
查询结果:
[{"TotalHoldSum": null}]

请理解查询结果

>>>>> Agent【Sql_query.understand_query_result】 Said:
查询结果表明: 在公司代码为1500的记录中，日期范围在2021年7月1日至2021年9月30日之间，且股东性质为'90'的股东，其持股数总和为空（即没有符合条件的记录或持股数为0）。字段名为TotalHoldSum。


>>>>> 【user】 Said:
查询SQL:
SELECT SUM(HoldSum) AS TotalHoldSum
FROM astockshareholderdb.lc_mainshlistnew
WHERE CompanyCode = 1500
AND DATE(EndDate) BETWEEN '2021-07-01' AND '2021-09-30'
AND SHKind = '90';
查询结果:
[{"TotalHoldSum": null}]

查询结果表明: 在公司代码为1500的记录中，日期范围在2021年7月1日至2021年9月30日之间，且股东性质为'90'的股东，其持股数总和为空（即没有符合条件的记录或持股数为0）。字段名为TotalHoldSum。

当前掌握的信息是否能够回答"2021年第三季报中，湖北济川药业股份有限公司（证券代码600566）的国有股东持股总和是多少？"？还是要继续执行下一阶段SQL查询？

>>>>> Agent【Sql_query.master】 Said:
【已知信息】
- 湖北济川药业股份有限公司的关联信息：所在数据表是constantdb.secumain；InnerCode(证券内部编码)是1747；CompanyCode(公司代码)是1500；SecuCode(证券代码)是600566。
- 2021年第三季报中，该公司最大股东是江苏济川控股集团有限公司，持股数为416,757,360股。
- 已知股东类别的编码为90、10和20，但具体描述未找到。
- 查询结果显示，在公司代码为1500的记录中，日期范围在2021年7月1日至2021年9月30日之间，且股东性质为'90'的股东，其持股数总和为空。

【当前阶段要获取的信息】
- 确认是否需要继续查询其他可能的国有股东编码，或者确认是否存在其他相关表可以获取国有股东的持股信息。

【信息所在字段】
- 股东性质（SHKind）和持股数（HoldSum）在astockshareholderdb.lc_mainshlistnew表中。

【筛选条件所在字段】
- CompanyCode（公司代码）在astockshareholderdb.lc_mainshlistnew表中。
- EndDate（日期）在astockshareholderdb.lc_mainshlistnew表中。

【SQL语句的思路】
1. 检查是否有其他编码代表国有股东，需要查询相关系统常量表或股东性质表。
2. 如果有其他可能的国有股东编码，重新执行查询，包含这些编码。
3. 如果没有其他编码，确认是否需要从其他表中获取信息。

【执行SQL语句】
由于当前结果为空，我们需要确认是否有其他编码代表国有股东。首先，查询系统常量表constantdb.CT_SystemConst，确认是否有其他国有股东编码。

```exec_sql
SELECT DM, MS
FROM constantdb.CT_SystemConst
WHERE LB = '2503' AND MS LIKE '%国有%';
```

【上述SQL语句的含义】
- 从constantdb.CT_SystemConst表中筛选出常量分类编码（LB）为2503的记录。
- 进一步筛选出常量描述（MS）中包含“国有”关键词的记录。
- 选择常量代码（DM）和常量描述（MS）字段，以便了解可能的国有股东编码及其描述。

>>>>> 查询sql:
SELECT DM, MS
FROM constantdb.CT_SystemConst
WHERE LB = '2503' AND MS LIKE '%国有%';
查询结果:
[]


>>>>> 【user】 Said:
查询SQL:
SELECT DM, MS
FROM constantdb.CT_SystemConst
WHERE LB = '2503' AND MS LIKE '%国有%';
查询结果:
[]

请理解查询结果

>>>>> Agent【Sql_query.understand_query_result】 Said:
查询结果表明: 在constantdb数据库的CT_SystemConst表中，没有找到符合条件LB为'2503'且MS字段包含“国有”字样的记录。因此，返回的结果集为空。


>>>>> 【user】 Said:
查询SQL:
SELECT DM, MS
FROM constantdb.CT_SystemConst
WHERE LB = '2503' AND MS LIKE '%国有%';
查询结果:
[]

查询结果表明: 在constantdb数据库的CT_SystemConst表中，没有找到符合条件LB为'2503'且MS字段包含“国有”字样的记录。因此，返回的结果集为空。

当前掌握的信息是否能够回答"2021年第三季报中，湖北济川药业股份有限公司（证券代码600566）的国有股东持股总和是多少？"？还是要继续执行下一阶段SQL查询？

>>>>> Agent【Sql_query.master】 Said:
【已知信息】
- 湖北济川药业股份有限公司的关联信息：所在数据表是constantdb.secumain；InnerCode(证券内部编码)是1747；CompanyCode(公司代码)是1500；SecuCode(证券代码)是600566。
- 2021年第三季报中，该公司最大股东是江苏济川控股集团有限公司，持股数为416,757,360股。
- 已知股东类别的编码为90、10和20，但具体描述未找到。
- 查询结果显示，在公司代码为1500的记录中，日期范围在2021年7月1日至2021年9月30日之间，且股东性质为'90'的股东，其持股数总和为空。
- 在constantdb数据库的CT_SystemConst表中，没有找到符合条件LB为'2503'且MS字段包含“国有”字样的记录。

【当前阶段要获取的信息】
- 确认是否需要从其他表中获取国有股东的持股信息，或者是否有其他方式识别国有股东。

【信息所在字段】
- 股东性质（SHKind）和持股数（HoldSum）在astockshareholderdb.lc_mainshlistnew表中。

【筛选条件所在字段】
- CompanyCode（公司代码）在astockshareholderdb.lc_mainshlistnew表中。
- EndDate（日期）在astockshareholderdb.lc_mainshlistnew表中。

【SQL语句的思路】
1. 由于无法通过常量表确认国有股东的编码，考虑直接查询astockshareholderdb.lc_mainshlistnew表，查看所有可能的股东性质编码及其对应的持股数。
2. 根据查询结果，手动判断哪些编码可能代表国有股东。

【执行SQL语句】
查询astockshareholderdb.lc_mainshlistnew表，获取所有可能的股东性质编码及其对应的持股数。

```exec_sql
SELECT SHKind, SUM(HoldSum) AS TotalHoldSum
FROM astockshareholderdb.lc_mainshlistnew
WHERE CompanyCode = 1500
AND DATE(EndDate) BETWEEN '2021-07-01' AND '2021-09-30'
GROUP BY SHKind;
```

【上述SQL语句的含义】
- 从astockshareholderdb.lc_mainshlistnew表中筛选出公司代码为1500的记录。
- 确保这些记录的EndDate在2021年第三季报的时间范围内。
- 按股东性质（SHKind）分组，计算每个股东性质的持股数总和（TotalHoldSum）。

通过此查询结果，可以手动判断哪些股东性质编码可能代表国有股东，并进一步分析。

>>>>> 查询sql:
SELECT SHKind, SUM(HoldSum) AS TotalHoldSum
FROM astockshareholderdb.lc_mainshlistnew
WHERE CompanyCode = 1500
AND DATE(EndDate) BETWEEN '2021-07-01' AND '2021-09-30'
GROUP BY SHKind;
查询结果:
[{"SHKind": "自然人", "TotalHoldSum": 99306080.0}, {"SHKind": "投资、咨询公司", "TotalHoldSum": 10438412.0}, {"SHKind": "一般企业", "TotalHoldSum": 1054351234.0}, {"SHKind": "风险投资公司", "TotalHoldSum": 20876826.0}, {"SHKind": "国资局", "TotalHoldSum": 37743824.0}, {"SHKind": "券商集合资产管理计划", "TotalHoldSum": 6263048.0}]


>>>>> 【user】 Said:
查询SQL:
SELECT SHKind, SUM(HoldSum) AS TotalHoldSum
FROM astockshareholderdb.lc_mainshlistnew
WHERE CompanyCode = 1500
AND DATE(EndDate) BETWEEN '2021-07-01' AND '2021-09-30'
GROUP BY SHKind;
查询结果:
[{"SHKind": "自然人", "TotalHoldSum": 99306080.0}, {"SHKind": "投资、咨询公司", "TotalHoldSum": 10438412.0}, {"SHKind": "一般企业", "TotalHoldSum": 1054351234.0}, {"SHKind": "风险投资公司", "TotalHoldSum": 20876826.0}, {"SHKind": "国资局", "TotalHoldSum": 37743824.0}, {"SHKind": "券商集合资产管理计划", "TotalHoldSum": 6263048.0}]

请理解查询结果

>>>>> Agent【Sql_query.understand_query_result】 Said:
查询结果表明: 在公司代码为1500的上市公司中，截至2021年7月1日至2021年9月30日期间，不同股东性质的持股总数如下：自然人股东持股总数为99306080股，投资、咨询公司股东持股总数为10438412股，一般企业股东持股总数为1054351234股，风险投资公司股东持股总数为20876826股，国资局股东持股总数为37743824股，券商集合资产管理计划股东持股总数为6263048股。


>>>>> 【user】 Said:
查询SQL:
SELECT SHKind, SUM(HoldSum) AS TotalHoldSum
FROM astockshareholderdb.lc_mainshlistnew
WHERE CompanyCode = 1500
AND DATE(EndDate) BETWEEN '2021-07-01' AND '2021-09-30'
GROUP BY SHKind;
查询结果:
[{"SHKind": "自然人", "TotalHoldSum": 99306080.0}, {"SHKind": "投资、咨询公司", "TotalHoldSum": 10438412.0}, {"SHKind": "一般企业", "TotalHoldSum": 1054351234.0}, {"SHKind": "风险投资公司", "TotalHoldSum": 20876826.0}, {"SHKind": "国资局", "TotalHoldSum": 37743824.0}, {"SHKind": "券商集合资产管理计划", "TotalHoldSum": 6263048.0}]

查询结果表明: 在公司代码为1500的上市公司中，截至2021年7月1日至2021年9月30日期间，不同股东性质的持股总数如下：自然人股东持股总数为99306080股，投资、咨询公司股东持股总数为10438412股，一般企业股东持股总数为1054351234股，风险投资公司股东持股总数为20876826股，国资局股东持股总数为37743824股，券商集合资产管理计划股东持股总数为6263048股。

当前掌握的信息是否能够回答"2021年第三季报中，湖北济川药业股份有限公司（证券代码600566）的国有股东持股总和是多少？"？还是要继续执行下一阶段SQL查询？

>>>>> Agent【Sql_query.master】 Said:
【已知信息】
- 湖北济川药业股份有限公司的关联信息：所在数据表是constantdb.secumain；InnerCode(证券内部编码)是1747；CompanyCode(公司代码)是1500；SecuCode(证券代码)是600566。
- 2021年第三季报中，该公司不同股东性质的持股总数如下：
  - 自然人股东持股总数为99,306,080股
  - 投资、咨询公司股东持股总数为10,438,412股
  - 一般企业股东持股总数为1,054,351,234股
  - 风险投资公司股东持股总数为20,876,826股
  - 国资局股东持股总数为37,743,824股
  - 券商集合资产管理计划股东持股总数为6,263,048股

【当前阶段要获取的信息】
- 确认“国资局”是否为国有股东，并计算其持股总和。

【信息所在字段】
- 股东性质（SHKind）和持股数（HoldSum）在astockshareholderdb.lc_mainshlistnew表中。

【筛选条件所在字段】
- CompanyCode（公司代码）在astockshareholderdb.lc_mainshlistnew表中。
- EndDate（日期）在astockshareholderdb.lc_mainshlistnew表中。

【SQL语句的思路】
1. 根据查询结果，"国资局"很可能是国有股东。
2. 直接使用查询结果中的“国资局”持股总数作为国有股东的持股总和。

【执行SQL语句】
由于已经通过查询结果确认了“国资局”的持股总数，无需再次执行SQL查询。

【上述SQL语句的含义】
- 无需再次执行SQL查询，直接使用已有结果。

【结论】
根据查询结果，2021年第三季报中，湖北济川药业股份有限公司（证券代码600566）的国有股东（即“国资局”）持股总和为37,743,824股。

【回答】
2021年第三季报中，湖北济川药业股份有限公司（证券代码600566）的国有股东持股总和为37,743,824股。

```exec_sql
无
```

【上述SQL语句的含义】
- 无需再次执行SQL查询，直接使用已有结果。


>>>>> 【user】 Said:
请回答问题:"2021年第三季报中，湖北济川药业股份有限公司（证券代码600566）的国有股东持股总和是多少？"

>>>>> Agent【Sql_query.summary】 Said:
37743824股
