
>>>>> Original Question: 太阳纸业在2020年全年的最高收盘价是多少，出现在哪一天？请按XXXX年XX月XX日回复我


>>>>> Agent【extract_company】 Said:
```json
["太阳纸业"]
```

>>>>> 查询sql:
SELECT 'constantdb.secumain' AS TableName, InnerCode, CompanyCode, ChiName, EngName, SecuCode
FROM constantdb.secumain 
WHERE SecuCode = '太阳纸业'
   OR ChiName LIKE '%太阳纸业%'
   OR ChiNameAbbr LIKE '%太阳纸业%'
   OR EngName LIKE '%太阳纸业%'
   OR EngNameAbbr LIKE '%太阳纸业%'
   OR SecuAbbr LIKE '%太阳纸业%'
UNION ALL
SELECT 'constantdb.hk_secumain' AS TableName, InnerCode, CompanyCode, ChiName, EngName, SecuCode
FROM constantdb.hk_secumain 
WHERE SecuCode = '%太阳纸业%'
   OR ChiName LIKE '%太阳纸业%'
   OR ChiNameAbbr LIKE '%太阳纸业%'
   OR EngName LIKE '%太阳纸业%'
   OR EngNameAbbr LIKE '%太阳纸业%'
   OR SecuAbbr LIKE '%太阳纸业%'
   OR FormerName LIKE '%太阳纸业%'
UNION ALL
SELECT 'constantdb.us_secumain' AS TableName, InnerCode, CompanyCode, ChiName, EngName, SecuCode
FROM constantdb.us_secumain 
WHERE SecuCode = '太阳纸业'
   OR ChiName LIKE '%太阳纸业%'
   OR EngName LIKE '%太阳纸业%'
   OR SecuAbbr LIKE '%太阳纸业%';
查询结果:
[{"TableName": "constantdb.secumain", "InnerCode": 4772, "CompanyCode": 3954, "ChiName": "山东太阳纸业股份有限公司", "EngName": "Shandong Sun Paper Co., Ltd.", "SecuCode": "002078"}]


>>>>> Agent【rewrite_question】 Said:
山东太阳纸业股份有限公司（CompanyCode: 3954, InnerCode: 4772）在2020年全年的最高收盘价是多少，出现在哪一天？请按XXXX年XX月XX日回复我。

>>>>> 已知事实:
太阳纸业的关联信息有:[InnerCode(证券内部编码)是4772;CompanyCode(公司代码)是3954;ChiName(中文名称)是山东太阳纸业股份有限公司;EngName(英文名称)是Shandong Sun Paper Co., Ltd.;SecuCode(证券代码)是002078;]

>>>>> Agent【Check_db_structure.db_selector】 Said:
【分析】
用户需要查询山东太阳纸业股份有限公司在2020年全年的最高收盘价及其出现的日期。这涉及到具体的股票行情数据，包括每日的收盘价和日期信息。

【选中的数据库】
- `astockmarketquotesdb`: 这个数据库记录了境内股票的交易行情，包括每日行情数据，涵盖了收盘价和日期等信息。

【选中的数据库的清单】
```json
["astockmarketquotesdb"]
```


>>>>> Agent【Check_db_structure.table_selector】 Said:
【分析】
要查询山东太阳纸业股份有限公司（CompanyCode: 3954, InnerCode: 4772）在2020年全年的最高收盘价及其出现的日期，我们需要一个包含每日交易价格信息的表。具体来说，我们需要以下信息：
1. 证券内部编码（InnerCode）以识别特定公司。
2. 交易日期（交易日）以限定在2020年内。
3. 收盘价（收盘价）以找出最高收盘价。

【选中的数据表】
- astockmarketquotesdb.qt_dailyquote: 这个数据表记录了证券交易的核心信息，包括证券内部编码、交易日期以及价格相关数据如收盘价，全面反映了每日交易的市场表现。

【选中的数据库表的清单】
```json
["astockmarketquotesdb.qt_dailyquote"]
```


>>>>> Agent【Check_db_structure.columns_selector】 Said:
【分析】
用户询问的是山东太阳纸业股份有限公司在2020年全年的最高收盘价及其出现的日期。需要找到该公司对应的证券内部编码，然后在2020年的交易数据中找到最高收盘价及其对应的日期。

【信息所在字段】
- constantdb.secumain.CompanyCode: 这个字段可能包含公司代码信息，对应用户提问中的CompanyCode: 3954。
- constantdb.secumain.InnerCode: 这个字段可能包含证券内部编码信息，对应用户提问中的InnerCode: 4772。
- astockmarketquotesdb.qt_dailyquote.InnerCode: 这个字段可能包含证券内部编码信息，用于关联证券主表。
- astockmarketquotesdb.qt_dailyquote.TradingDay: 这个字段可能包含交易日信息，用于确定最高收盘价出现的日期。
- astockmarketquotesdb.qt_dailyquote.ClosePrice: 这个字段可能包含收盘价信息，用于确定最高收盘价。

【筛选条件所在字段】
- constantdb.secumain.CompanyCode: 这个字段用于筛选特定公司代码。
- constantdb.secumain.InnerCode: 这个字段用于关联证券主表和交易数据表。
- astockmarketquotesdb.qt_dailyquote.InnerCode: 这个字段用于关联证券主表和交易数据表。
- astockmarketquotesdb.qt_dailyquote.TradingDay: 这个字段用于筛选2020年的数据。

【选中的字段的清单】
```json
{
  "constantdb.secumain": ["CompanyCode", "InnerCode"],
  "astockmarketquotesdb.qt_dailyquote": ["InnerCode", "TradingDay", "ClosePrice"]
}
```


>>>>> Agent【Sql_query.master】 Said:
【已知信息】
- 公司名称：山东太阳纸业股份有限公司
- CompanyCode: 3954
- InnerCode: 4772
- 需要查询的时间范围：2020年全年

【当前阶段要获取的信息】
- 2020年全年的最高收盘价
- 该最高收盘价出现的日期

【信息所在字段】
- 最高收盘价：`ClosePrice`
- 日期：`TradingDay`

【筛选条件所在字段】
- 证券内部编码：`InnerCode`
- 交易日：`TradingDay`

【SQL语句的思路】
1. 从`astockmarketquotesdb.qt_dailyquote`表中筛选出2020年全年、InnerCode为4772的记录。
2. 从这些记录中找出最高收盘价及其对应的日期。

【执行SQL语句】
```exec_sql
SELECT MAX(ClosePrice) AS MaxClosePrice, TradingDay
FROM astockmarketquotesdb.qt_dailyquote
WHERE InnerCode = 4772 AND YEAR(TradingDay) = 2020
ORDER BY ClosePrice DESC
LIMIT 1
```

【上述SQL语句的含义】
- 从`astockmarketquotesdb.qt_dailyquote`表中选取InnerCode为4772且交易日属于2020年的记录。
- 计算这些记录中的最高收盘价，并找出该最高收盘价对应的日期。
- 按收盘价降序排列，取第一条记录，以确保获取的是最高收盘价及其对应日期。

>>>>> 查询sql:
SELECT MAX(ClosePrice) AS MaxClosePrice, TradingDay
FROM astockmarketquotesdb.qt_dailyquote
WHERE InnerCode = 4772 AND YEAR(TradingDay) = 2020
ORDER BY ClosePrice DESC
LIMIT 1;
查询失败: 查询执行失败: (mysql.connector.errors.ProgrammingError) 1140 (42000): In aggregated query without GROUP BY, expression #2 of SELECT list contains nonaggregated column 'astockmarketquotesdb.qt_dailyquote.TradingDay'; this is incompatible with sql_mode=only_full_group_by
[SQL: SELECT MAX(ClosePrice) AS MaxClosePrice, TradingDay
FROM astockmarketquotesdb.qt_dailyquote
WHERE InnerCode = 4772 AND YEAR(TradingDay) = 2020
ORDER BY ClosePrice DESC
LIMIT 1;]
(Background on this error at: https://sqlalche.me/e/20/f405)


>>>>> Agent【Sql_query.master】 Said:
【已知信息】
- 公司名称：山东太阳纸业股份有限公司
- CompanyCode: 3954
- InnerCode: 4772
- 需要查询的时间范围：2020年全年
- 上次查询失败原因：未使用GROUP BY导致错误

【当前阶段要获取的信息】
- 2020年全年的最高收盘价
- 该最高收盘价出现的日期

【信息所在字段】
- 最高收盘价：`ClosePrice`
- 日期：`TradingDay`

【筛选条件所在字段】
- 证券内部编码：`InnerCode`
- 交易日：`TradingDay`

【SQL语句的思路】
1. 从`astockmarketquotesdb.qt_dailyquote`表中筛选出2020年全年、InnerCode为4772的记录。
2. 使用子查询先计算出2020年全年的最高收盘价。
3. 再从原始表中找出该最高收盘价对应的日期。

【执行SQL语句】
```exec_sql
SELECT q.TradingDay, q.ClosePrice
FROM astockmarketquotesdb.qt_dailyquote q
WHERE q.InnerCode = 4772 AND YEAR(q.TradingDay) = 2020 AND q.ClosePrice = (
    SELECT MAX(ClosePrice)
    FROM astockmarketquotesdb.qt_dailyquote
    WHERE InnerCode = 4772 AND YEAR(TradingDay) = 2020
)
ORDER BY q.ClosePrice DESC
LIMIT 1
```

【上述SQL语句的含义】
- 首先，内部子查询计算出2020年全年、InnerCode为4772的最高收盘价。
- 然后，外部查询从`astockmarketquotesdb.qt_dailyquote`表中筛选出符合条件（InnerCode为4772、交易日属于2020年、收盘价等于子查询结果）的记录。
- 最后，按收盘价降序排列，取第一条记录，以确保获取的是最高收盘价及其对应日期。

>>>>> 查询sql:
SELECT q.TradingDay, q.ClosePrice
FROM astockmarketquotesdb.qt_dailyquote q
WHERE q.InnerCode = 4772 AND YEAR(q.TradingDay) = 2020 AND q.ClosePrice = (
    SELECT MAX(ClosePrice)
    FROM astockmarketquotesdb.qt_dailyquote
    WHERE InnerCode = 4772 AND YEAR(TradingDay) = 2020
)
ORDER BY q.ClosePrice DESC
LIMIT 1;
查询结果:
[{"TradingDay": "2020-11-23 12:00:00.000", "ClosePrice": 16.53}]


>>>>> Agent【Sql_query.understand_query_result】 Said:
查询结果表明: 在2020年，证券内部编码为4772的证券在所有交易日中的最高收盘价为16.53元，该最高收盘价出现在2020年11月23日。


>>>>> Agent【Sql_query.master】 Said:
【已知信息】
- 公司名称：山东太阳纸业股份有限公司
- CompanyCode: 3954
- InnerCode: 4772
- 需要查询的时间范围：2020年全年
- 查询结果：2020年全年的最高收盘价为16.53元，出现在2020年11月23日

【当前阶段要获取的信息】
无

【信息所在字段】
无

【筛选条件所在字段】
无

【SQL语句的思路】
无

【执行SQL语句】
无

【上述SQL语句的含义】
无

当前掌握的信息已经能够回答“山东太阳纸业股份有限公司（CompanyCode: 3954, InnerCode: 4772）在2020年全年的最高收盘价是多少，出现在哪一天？请按XXXX年XX月XX日回复我。”的问题。

**回答：**
2020年11月23日，山东太阳纸业股份有限公司（CompanyCode: 3954, InnerCode: 4772）在2020年全年的最高收盘价为16.53元。


>>>>> Agent【Sql_query.summary】 Said:
2020年11月23日，最高收盘价: 16.53元
