
>>>>> Original Question: Jointown Pharmaceutical Group Co., Ltd.董秘是谁


>>>>> Agent【extract_company】 Said:
```json
["Jointown Pharmaceutical Group Co., Ltd."]
```

>>>>> 查询sql:
SELECT 'constantdb.secumain' AS TableName, InnerCode, CompanyCode, ChiName, EngName, SecuCode
FROM constantdb.secumain 
WHERE SecuCode = 'Jointown Pharmaceutical Group Co., Ltd.'
   OR ChiName LIKE '%Jointown Pharmaceutical Group Co., Ltd.%'
   OR ChiNameAbbr LIKE '%Jointown Pharmaceutical Group Co., Ltd.%'
   OR EngName LIKE '%Jointown Pharmaceutical Group Co., Ltd.%'
   OR EngNameAbbr LIKE '%Jointown Pharmaceutical Group Co., Ltd.%'
   OR SecuAbbr LIKE '%Jointown Pharmaceutical Group Co., Ltd.%'
UNION ALL
SELECT 'constantdb.hk_secumain' AS TableName, InnerCode, CompanyCode, ChiName, EngName, SecuCode
FROM constantdb.hk_secumain 
WHERE SecuCode = '%Jointown Pharmaceutical Group Co., Ltd.%'
   OR ChiName LIKE '%Jointown Pharmaceutical Group Co., Ltd.%'
   OR ChiNameAbbr LIKE '%Jointown Pharmaceutical Group Co., Ltd.%'
   OR EngName LIKE '%Jointown Pharmaceutical Group Co., Ltd.%'
   OR EngNameAbbr LIKE '%Jointown Pharmaceutical Group Co., Ltd.%'
   OR SecuAbbr LIKE '%Jointown Pharmaceutical Group Co., Ltd.%'
   OR FormerName LIKE '%Jointown Pharmaceutical Group Co., Ltd.%'
UNION ALL
SELECT 'constantdb.us_secumain' AS TableName, InnerCode, CompanyCode, ChiName, EngName, SecuCode
FROM constantdb.us_secumain 
WHERE SecuCode = 'Jointown Pharmaceutical Group Co., Ltd.'
   OR ChiName LIKE '%Jointown Pharmaceutical Group Co., Ltd.%'
   OR EngName LIKE '%Jointown Pharmaceutical Group Co., Ltd.%'
   OR SecuAbbr LIKE '%Jointown Pharmaceutical Group Co., Ltd.%';
查询结果:
[{"TableName": "constantdb.secumain", "InnerCode": 11515, "CompanyCode": 80536, "ChiName": "九州通医药集团股份有限公司", "EngName": "Jointown Pharmaceutical Group Co., Ltd.", "SecuCode": "600998"}]


>>>>> Agent【rewrite_question】 Said:
九州通医药集团股份有限公司（CompanyCode: 80536, InnerCode: 11515）的董事会秘书是谁？

>>>>> 已知事实:
Jointown Pharmaceutical Group Co., Ltd.的关联信息有:[InnerCode(证券内部编码)是11515;CompanyCode(公司代码)是80536;ChiName(中文名称)是九州通医药集团股份有限公司;EngName(英文名称)是Jointown Pharmaceutical Group Co., Ltd.;SecuCode(证券代码)是600998;]

>>>>> Agent【Check_db_structure.db_selector】 Said:
【分析】
用户需要查询九州通医药集团股份有限公司的董事会秘书信息。这属于公司基本资料和公司治理方面的信息。根据知识库，`astockbasicinfodb` 包含了公司概况和公司治理相关的详细信息，而 `astockshareholderdb` 也涉及公司治理方面的数据。因此，这两个数据库可能包含所需信息。

【选中的数据库】
- `astockbasicinfodb`: 这个数据库记录了上市公司的基本资料，包括公司治理信息。
- `astockshareholderdb`: 这个数据库记录了上市公司股东与股本/公司治理相关的详细信息。

【选中的数据库的清单】
```json
["astockbasicinfodb", "astockshareholderdb"]
```


>>>>> Agent【Check_db_structure.table_selector】 Said:
【分析】
要查询九州通医药集团股份有限公司（CompanyCode: 80536, InnerCode: 11515）的董事会秘书信息，我们需要找到包含公司基本信息和董秘联系方式的表。根据表说明，`astockbasicinfodb.lc_stockarchives` 表中包含了公司代码、董秘及证券事务代表的电话、传真、电子邮件等信息，因此这个表是最合适的。

【选中的数据表】
- astockbasicinfodb.lc_stockarchives: 这个数据表包含公司的基本信息、联系方式、经营信息及证券信息等内容，其中包括董秘的联系方式。

【选中的数据库表的清单】
```json
["astockbasicinfodb.lc_stockarchives"]
```


>>>>> Agent【Check_db_structure.columns_selector】 Said:
【分析】
用户提问要求找出九州通医药集团股份有限公司的董事会秘书是谁。根据提供的信息，我们需要找到与该公司相关的记录，并从中提取董事会秘书的信息。

【信息所在字段】
- astockbasicinfodb.lc_stockarchives.SecretaryBD: 这个字段可能包含董事会秘书的信息，对应用户提问中的“董事会秘书是谁”。

【筛选条件所在字段】
- astockbasicinfodb.lc_stockarchives.CompanyCode: 这个字段可能包含公司代码信息，对应用户提问中的“九州通医药集团股份有限公司（CompanyCode: 80536）”。
- constantdb.secumain.InnerCode: 这个字段可能包含证券内部编码信息，对应用户提问中的“InnerCode: 11515”。

【选中的字段的清单】
```json
{
  "astockbasicinfodb.lc_stockarchives": ["SecretaryBD", "CompanyCode"],
  "constantdb.secumain": ["InnerCode"]
}
```


>>>>> Agent【Sql_query.master】 Said:
【已知信息】
- CompanyCode: 80536
- InnerCode: 11515
- ChiName: 九州通医药集团股份有限公司
- EngName: Jointown Pharmaceutical Group Co., Ltd.
- SecuCode: 600998

【当前阶段要获取的信息】
董事会秘书

【信息所在字段】
SecretaryBD

【筛选条件所在字段】
CompanyCode

【SQL语句的思路】
从`astockbasicinfodb.lc_stockarchives`表中查询`SecretaryBD`字段，筛选条件为`CompanyCode = 80536`

【执行SQL语句】
```exec_sql
SELECT SecretaryBD 
FROM astockbasicinfodb.lc_stockarchives 
WHERE CompanyCode = 80536
LIMIT 1
```

【上述SQL语句的含义】
从`astockbasicinfodb.lc_stockarchives`表中获取`CompanyCode`为80536的记录的董事会秘书信息，限制返回结果为1条。

>>>>> 查询sql:
SELECT SecretaryBD 
FROM astockbasicinfodb.lc_stockarchives 
WHERE CompanyCode = 80536
LIMIT 1;
查询结果:
[{"SecretaryBD": "刘志峰"}]


>>>>> Agent【Sql_query.understand_query_result】 Said:
查询结果表明: 根据公司代码（CompanyCode）为80536的查询条件，从“astockbasicinfodb.lc_stockarchives”表中获取到的董事会秘书（SecretaryBD）信息为刘志峰。


>>>>> Agent【Sql_query.master】 Said:
【已知信息】
- CompanyCode: 80536
- InnerCode: 11515
- ChiName: 九州通医药集团股份有限公司
- EngName: Jointown Pharmaceutical Group Co., Ltd.
- SecuCode: 600998
- SecretaryBD: 刘志峰

【当前阶段要获取的信息】
无

【信息所在字段】
无

【筛选条件所在字段】
无

【SQL语句的思路】
无

【执行SQL语句】
无

【上述SQL语句的含义】
无

当前掌握的信息已经能够回答"九州通医药集团股份有限公司（CompanyCode: 80536, InnerCode: 11515）的董事会秘书是谁？"的问题。董事会秘书是刘志峰，无需继续执行下一阶段SQL查询。


>>>>> Agent【Sql_query.summary】 Said:
刘志峰
