
>>>>> Original Question: 今天是2021年12月23日，创近半年新高的股票有几只？


>>>>> 【user】 Said:
已知事实:无。
历史问答:无。
现在用户继续提问，请根据已知信息，理解当前这个问题的完整含义，并重写这个问题使得单独拿出来看仍然能够正确理解：今天是2021年12月23日，创近半年新高的股票有几只？

>>>>> Agent【rewrite_question】 Said:
在2021年12月23日这一天，创下了近半年新高的股票共有多少只？


>>>>> 【user】 Said:
提取下面这段文字里的实体，如公司名、股票代码等，如果识别结果是空，那么就回复No Entities."在2021年12月23日这一天，创下了近半年新高的股票共有多少只？"

>>>>> Agent【extract_company】 Said:
No Entities.

>>>>> 已知事实:


>>>>> 【user】 Said:
请选择db，务必遵循输出的格式要求。

>>>>> Agent【Check_db_structure.db_selector】 Said:
【分析】
要找出在2021年12月23日这一天创下近半年新高的股票数量，我们需要以下信息：
1. 股票的每日行情数据，包括每日的最高价。
2. 能够计算和比较近半年的最高价。

根据知识库，`astockmarketquotesdb`数据库记录了境内股票的每日行情数据，包括最高价等信息，适合用于此类分析。

【选中的数据库】
- `astockmarketquotesdb`: 这个数据库包含股票的每日行情数据，包括最高价，可以用来判断某一天是否创下了近半年新高。

【选中的数据库的清单】
```json
["astockmarketquotesdb"]
```


>>>>> 【user】 Said:
数据库表信息如下:
[{"表名": "astockmarketquotesdb.cs_stockcapflowindex", "说明": "该数据表记录了证券交易相关的详细数据，涵盖交易日期、时间区间等基本信息，以及按小单、中单、大单、超大单、主力单和全单分类的交易统计数据，包括流入流出金额、流入流出量、流入流出笔数、净流入流出额与量、买入卖出率（按金额和数量计算）、净买入率及其与流通市值或流通股本的比值等。此外，还细分了主动买入卖出相关的金额、数量、笔数及其比率等指标，全面反映了不同交易规模下的资金流向和市场行为特征。"}, {"表名": "astockmarketquotesdb.cs_turnovervoltecindex", "说明": "该数据表记录了证券交易的相关数据，包含多个类别的字段信息。基本信息包括证券内部编码、聚源代码、交易日期、证券市场等；时间维度涵盖指标周期；成交额和成交量的统计指标包括简单移动平均值（如5日、10日、20日、30日、60日、120日、250日等周期的AMA和VMA）、指数平滑异同平均（如VMACD_EMA12、VMACD_EMA26、VMACD_DIFF、VMACD_DEA、VMACD_MACD）等；成交量的波动性与强弱分析指标包括量比、成交量震荡指标(VOSC)、加权指数成交量(TAPI及其均值TAPIMA)、成交量标准差(VSTD)、量变动速率(VROC)、成交量比率(VR)、量相对强弱(VRSI)等，全面反映证券交易的量价变化及趋势特征。"}, {"表名": "astockmarketquotesdb.cs_stockpatterns", "说明": "该数据表主要用于记录证券交易的多维度表现与趋势分析，涵盖基础信息如证券内部编码、交易日、聚源代码、证券市场等；高点与低点分析，包括价格、收盘价、成交量、成交金额在近一周、一个月、一季度、半年、一年及上市以来的创高或创低情况；历史新高新低统计，记录不同时间区间内创历史新高或新低的次数；趋势与形态分析，如连涨天数、连跌天数、连续放量或缩量天数，以及对5日、10日、20日、60日均线的有效突破情况；其他指标如N天M板表现和均线多空头排列的看涨看跌信号，为证券的短期与长期走势提供综合性参考。"}, {"表名": "astockmarketquotesdb.qt_dailyquote", "说明": "该数据表记录了证券交易的核心信息，包括证券的唯一标识\"证券内部编码\"，交易日期\"交易日\"，以及价格相关数据如\"昨收盘价\"、\"今开盘价\"、\"最高价\"、\"最低价\"和\"收盘价\"（单位均为元）；还包含交易活动指标，如\"成交量\"（股）、\"成交金额\"（元）和\"成交笔数\"（笔），全面反映了每日交易的市场表现。"}, {"表名": "astockmarketquotesdb.qt_stockperformance", "说明": "该数据表涵盖了证券交易的多维度信息，包括基本标识字段如证券内部编码和交易日；价格相关信息如开盘价、收盘价、最高价、最低价、均价以及涨跌幅、振幅等；成交数据如成交量、成交金额、换手率及其日均值；时间维度统计如周、月、三个月、六个月、十二个月及今年以来的价格、成交量、成交金额、涨跌幅、振幅、换手率等汇总指标；自由流通股本相关的换手率及其日均值；市场表现指标如Beta值（相对于不同基准指数）、阿尔法值、波动率、夏普比率、市场收益率等；市值信息包括总市值和流通市值；特殊价格指标如上市以来后复权的最高价、最低价及对应时间。该表全面整合了短期和长期的交易数据、市场表现以及统计汇总，为证券分析提供了丰富的基础数据支持。"}, {"表名": "astockmarketquotesdb.lc_suspendresumption", "说明": "该数据表主要记录证券停复牌相关信息，包括证券标识字段如证券内部编码，时间相关字段如信息发布日期、停牌日期、停牌时间、复牌日期、复牌时间，信息来源字段如信息来源，停复牌详情字段如停牌原因、停牌事项说明、停牌期限、停牌期限类型及复牌事项说明等，全面描述了证券停复牌的时间、原因及相关说明。"}]

请选择table，务必遵循输出的格式要求。

>>>>> Agent【Check_db_structure.table_selector】 Said:
【分析】
要找出在2021年12月23日这一天创下近半年新高的股票数量，我们需要以下信息：
1. 交易日期
2. 股票的最高价
3. 近半年的最高价记录

从给出的数据表说明中，`astockmarketquotesdb.qt_dailyquote` 表包含了每日交易的核心信息，包括交易日期和最高价。`astockmarketquotesdb.qt_stockperformance` 表包含了时间维度统计如六个月的价格信息，可以用来判断是否创半年新高。

【选中的数据表】
- astockmarketquotesdb.qt_dailyquote: 这个数据表包含交易日期和每日的最高价信息。
- astockmarketquotesdb.qt_stockperformance: 这个数据表包含六个月内的价格统计信息，可以用来判断是否创半年新高。

【选中的数据库表的清单】
```json
["astockmarketquotesdb.qt_dailyquote", "astockmarketquotesdb.qt_stockperformance"]
```
补充选择table: ["usstockdb.us_dailyquote", "hkstockdb.cs_hkstockperformance"]

>>>>> 【user】 Said:
已取得可用的数据表的字段信息如下:
[{"表名": "astockmarketquotesdb.qt_dailyquote", "表字段": [{"column": "InnerCode", "desc": "证券内部编码；，得到证券的交易代码、简称等。"}, {"column": "TradingDay", "desc": "交易日"}, {"column": "PrevClosePrice", "desc": "昨收盘(元)"}, {"column": "OpenPrice", "desc": "今开盘(元)"}, {"column": "HighPrice", "desc": "最高价(元)"}, {"column": "LowPrice", "desc": "最低价(元)"}, {"column": "ClosePrice", "desc": "收盘价(元)"}, {"column": "TurnoverVolume", "desc": "成交量(股)；当证券类别为指数时，股票指数成交量单位是股，基金指数成交量单位是份，债券指数成交量单位是元。"}, {"column": "TurnoverValue", "desc": "成交金额(元)"}, {"column": "TurnoverDeals", "desc": "成交笔数(笔)"}]}, {"表名": "astockmarketquotesdb.qt_stockperformance", "表字段": [{"column": "InnerCode", "desc": "证券内部编码；，得到证券的交易代码、简称等。"}, {"column": "TradingDay", "desc": "交易日"}, {"column": "PrevClosePrice", "desc": "昨收盘"}, {"column": "OpenPrice", "desc": "今开盘"}, {"column": "HighPrice", "desc": "最高价"}, {"column": "LowPrice", "desc": "最低价"}, {"column": "ClosePrice", "desc": "收盘价"}, {"column": "TurnoverVolume", "desc": "成交量1"}, {"column": "TurnoverValue", "desc": "成交金额(元)1"}, {"column": "ChangePCT", "desc": "涨跌幅(%)1"}, {"column": "RangePCT", "desc": "振幅(%)1"}, {"column": "TurnoverRate", "desc": "换手率(%)"}, {"column": "AvgPrice", "desc": "均价"}, {"column": "Ifsuspend", "desc": "是否停牌；1：当日停牌；0：当日非停牌"}, {"column": "TurnoverValueRW", "desc": "周成交金额(元)"}, {"column": "TurnoverVolumeRW", "desc": "周成交量(股)"}, {"column": "ChangePCTRW", "desc": "周涨跌幅(%)"}, {"column": "RangePCTRW", "desc": "周振幅(%)"}, {"column": "TurnoverRateRW", "desc": "周换手率(%)"}, {"column": "AvgPriceRW", "desc": "周成交均价(元)"}, {"column": "HighPriceRW", "desc": "周最高价(元)"}, {"column": "LowPriceRW", "desc": "周最低价(元)"}, {"column": "HighestClosePriceRW", "desc": "周收盘最高价(元)"}, {"column": "LowestClosePriceRW", "desc": "周收盘最低价(元)"}, {"column": "TurnoverValuePerDayRW", "desc": "周日均成交金额(元)"}, {"column": "TurnoverRatePerDayRW", "desc": "周日均换手率(%)"}, {"column": "TurnoverValueTW", "desc": "本周以来成交金额(元)"}, {"column": "TurnoverVolumeTW", "desc": "本周以来成交量(股)"}, {"column": "ChangePCTTW", "desc": "本周以来涨跌幅(%)"}, {"column": "RangePCTTW", "desc": "本周以来振幅(%)"}, {"column": "TurnoverRateTW", "desc": "本周以来换手率(%)"}, {"column": "AvgPriceTW", "desc": "本周以来成交均价(元)"}, {"column": "HighPriceTW", "desc": "本周以来最高价(元)"}, {"column": "LowPriceTW", "desc": "本周以来最低价(元)"}, {"column": "HighestClosePriceTW", "desc": "本周以来收盘最高价(元)"}, {"column": "LowestClosePriceTW", "desc": "本周以来收盘最低价(元)"}, {"column": "TurnoverValuePerDayTW", "desc": "本周以来日均成交金额(元)"}, {"column": "TurnoverRatePerDayTW", "desc": "本周以来日均换手率(%)"}, {"column": "TurnoverValueRM", "desc": "月成交金额(元)"}, {"column": "TurnoverVolumeRM", "desc": "月成交量(股)"}, {"column": "ChangePCTRM", "desc": "月涨跌幅(%)"}, {"column": "RangePCTRM", "desc": "月振幅(%)"}, {"column": "TurnoverRateRM", "desc": "月换手率(%)"}, {"column": "AvgPriceRM", "desc": "月成交均价(元)"}, {"column": "HighPriceRM", "desc": "月最高价(元)"}, {"column": "LowPriceRM", "desc": "月最低价(元)"}, {"column": "HighestClosePriceRM", "desc": "月收盘最高价(元)"}, {"column": "LowestClosePriceRM", "desc": "月收盘最低价(元)"}, {"column": "TurnoverValuePerDayRM", "desc": "月日均成交金额(元)"}, {"column": "TurnoverRatePerDayRM", "desc": "月日均换手率(%)"}, {"column": "TurnoverValueTM", "desc": "本月以来成交金额(元)"}, {"column": "TurnoverVolumeTM", "desc": "本月以来成交量(股)"}, {"column": "ChangePCTTM", "desc": "本月以来涨跌幅(%)"}, {"column": "RangePCTTM", "desc": "本月以来振幅(%)"}, {"column": "TurnoverRateTM", "desc": "本月以来换手率(%)"}, {"column": "AvgPriceTM", "desc": "本月以来成交均价(元)"}, {"column": "HighPriceTM", "desc": "本月以来最高价(元)"}, {"column": "LowPriceTM", "desc": "本月以来最低价(元)"}, {"column": "HighestClosePriceTM", "desc": "本月以来收盘最高价(元)"}, {"column": "LowestClosePriceTM", "desc": "本月以来收盘最低价(元)"}, {"column": "TurnoverValuePerDayTM", "desc": "本月以来日均成交金额(元)"}, {"column": "TurnoverRatePerDayTM", "desc": "本月以来日均换手率(%)"}, {"column": "TurnoverValueRMThree", "desc": "三个月成交金额(元)1"}, {"column": "TurnoverVolumeRMThree", "desc": "三个月成交量(股)1"}, {"column": "ChangePCTRMThree", "desc": "三个月涨跌幅(%)1"}, {"column": "RangePCTRMThree", "desc": "三个月振幅(%)1"}, {"column": "TurnoverRateRMThree", "desc": "三个月换手率(%)1"}, {"column": "TurnoverValueRMSix", "desc": "六个月成交金额(元)1"}, {"column": "TurnoverVolumeRMSix", "desc": "六个月成交量(股)1"}, {"column": "ChangePCTRMSix", "desc": "六个月涨跌幅(%)1"}, {"column": "RangePCTRMSix", "desc": "六个月振幅(%)1"}, {"column": "TurnoverRateRMSix", "desc": "六个月换手率(%)1"}, {"column": "TurnoverValueRY", "desc": "十二个月成交金额(元)1"}, {"column": "TurnoverVolumeRY", "desc": "十二个月成交量(股)1"}, {"column": "ChangePCTRY", "desc": "十二个月涨跌幅(%)1"}, {"column": "RangePCTRY", "desc": "十二个月振幅(%)1"}, {"column": "TurnoverRateRY", "desc": "十二个月换手率(%)1"}, {"column": "AvgPriceRY", "desc": "十二个月成交均价(元)1"}, {"column": "HighPriceRY", "desc": "十二个月最高价(元)1"}, {"column": "LowPriceRY", "desc": "十二个月最低价(元)1"}, {"column": "HighestClosePriceRY", "desc": "十二个月收盘最高价(元)1"}, {"column": "LowestClosePriceRY", "desc": "十二个月收盘最低价(元)1"}, {"column": "TurnoverValuePDayRY", "desc": "十二个月日均成交金额(元)1"}, {"column": "TurnoverRatePDayRY", "desc": "十二个月日均换手率(%)1"}, {"column": "TurnoverValueYTD", "desc": "今年以来成交金额(元)1"}, {"column": "TurnoverVolumeYTD", "desc": "今年以来成交量(股)1"}, {"column": "ChangePCTYTD", "desc": "今年以来涨跌幅(%)1"}, {"column": "RangePCTYTD", "desc": "今年以来振幅(%)1"}, {"column": "TurnoverRateYTD", "desc": "今年以来换手率(%)1"}, {"column": "AvgPriceYTD", "desc": "今年以来成交均价(元)1"}, {"column": "HighPriceYTD", "desc": "今年以来最高价(元)1"}, {"column": "LowPriceYTD", "desc": "今年以来最低价(元)1"}, {"column": "HighestClosePriceYTD", "desc": "今年以来收盘最高价(元)1"}, {"column": "LowestClosePriceYTD", "desc": "今年以来收盘最低价(元)1"}, {"column": "TurnoverValuePerDayYTD", "desc": "今年以来日均成交金额(元)1"}, {"column": "TurnoverRatePerDayYTD", "desc": "今年以来日均换手率(%)1"}, {"column": "HighAdjustedPrice", "desc": "上市以来后复权最高价(元)1"}, {"column": "HighAdjustedPriceDate", "desc": "上市以来后复权最高价时间1"}, {"column": "LowAdjustedPrice", "desc": "上市以来后复权最低价(元)1"}, {"column": "LowAdjustedPriceDate", "desc": "上市以来后复权最低价时间"}, {"column": "BetaLargeCapIndex", "desc": "Beta值(相对沪深300,一年)"}, {"column": "BetaCompositeIndex", "desc": "Beta值(相对综合指数,一年)；在上海交易所上市，则取沪综指；在深圳交易所上市，则取深综指。"}, {"column": "BetaSYWGIndustryIndex", "desc": "Beta值(相对申万行业,一年)；取该股票所属的申万行业指数"}, {"column": "BetaMidCapIndex", "desc": "Beta值(相对中证500,一年)"}, {"column": "BetaWeekly", "desc": "Beta值(两年,周步长)；Beta值（两年,周步长）（BetaWeekly）：Beta=[n∑RXiRi-(∑RXi)*(∑Ri)]／[n∑（RXi^2）-(∑RXi)^2]Ri为步长区间股票增长率Rxi为步长区间基准增长率"}, {"column": "AdjustBetaWeekly", "desc": "调整Beta值(两年,周步长)；调整Beta值（两年,周步长）（AdjustBetaWeekly）：BETA值（两年,周步长）*0.67+0.33"}, {"column": "AlphaLargeCapIndex", "desc": "阿尔法(相对沪深300,一年)"}, {"column": "AlphaCompositeIndex", "desc": "阿尔法(相对综合指数,一年)；在上海交易所上市，则取沪综指；在深圳交易所上市，则取深综指。"}, {"column": "AlphaSYWGIndustryIndex", "desc": "阿尔法(相对申万行业,一年)；取该股票所属的申万行业指数。"}, {"column": "AlphMidCapIndex", "desc": "阿尔法(相对中证500,一年)"}, {"column": "YearVolatilityByDay", "desc": "波动率(日步长)；波动率(日步长)(YearVolatilityByDay):计算中为日步长数据，时间跨度为1年"}, {"column": "YearVolatilityByWeek", "desc": "波动率(周步长)1"}, {"column": "YearSharpeRatio", "desc": "夏普比率(年化)1"}, {"column": "MarketIndexRORArithAvg", "desc": "市场收益率(算术平均)；市场收益率（算术平均）（MarketIndexRORArithAvg）：Rm=（Rm1+Rm2）/2Rm1为上证综指年收益率（算术平均）Rm2为深证综指年收益率（算术平均）指数年平均收益率Rxi=(∑（Ri）/10)*100%"}, {"column": "MarketIndexRORGeomMean", "desc": "市场收益率(几何平均)；市场收益率（几何平均）（MarketIndexRORGeomMean）：Rm=（Rm1+Rm2）/2Rm1为上证综指年收益率（几何平均）Rm2为深证综指年收益率（几何平均）"}, {"column": "TotalMV", "desc": "总市值(元)1"}, {"column": "NegotiableMV", "desc": "流通市值(不含限售股)(元)1"}, {"column": "TurnoverRateFreeFloat", "desc": "换手率_自由流通股本(%)"}, {"column": "TurnoverRateFFTRW", "desc": "周换手率_自由流通股本(%)1"}, {"column": "TurnoverRatePDFFTRW", "desc": "周日均换手率_自由流通股本(%)1"}, {"column": "TurnoverRateFFTTW", "desc": "本周以来换手率_自由流通股本(%)"}, {"column": "TurnoverRatePDFFTTW", "desc": "本周以来日均换手率_自由流通股本(%)"}, {"column": "TurnoverRateFFTRM", "desc": "月换手率_自由流通股本(%)1"}, {"column": "TurnoverRatePDFFTRM", "desc": "月日均换手率_自由流通股本(%)1"}, {"column": "TurnoverRateFFTTM", "desc": "本月以来换手率_自由流通股本(%)1"}, {"column": "TurnoverRatePDFFTTM", "desc": "本月以来日均换手率_自由流通股本(%)1"}, {"column": "TurnoverRateFFTRMThree", "desc": "三个月换手率_自由流通股本(%)1"}, {"column": "TurnoverRateFFTRMSix", "desc": "六个月换手率_自由流通股本(%)1"}, {"column": "TurnoverRateFFTRY", "desc": "十二个月换手率_自由流通股本(%)1"}, {"column": "TurnoverRatePDFFTRY", "desc": "十二个月日均换手率_自由流通股本(%)1"}, {"column": "TurnoverRateFFTYTD", "desc": "今年以来换手率_自由流通股本(%)1"}, {"column": "TurnoverRatePDFFTYTD", "desc": "今年以来日均换手率_自由流通股本(%)1"}]}, {"表名": "usstockdb.us_dailyquote", "表字段": [{"column": "TradingDay", "desc": "交易日"}, {"column": "InnerCode", "desc": "证券内部代码；，得到相关的交易代码、简称等。"}, {"column": "Open", "desc": "开盘价"}, {"column": "High", "desc": "最高价"}, {"column": "Low", "desc": "最低价"}, {"column": "Close", "desc": "收盘价"}, {"column": "Volume", "desc": "成交量(手)"}, {"column": "EPSTTM", "desc": "每股收益TTM(元/股)"}, {"column": "MarketCap", "desc": "证券总市值"}, {"column": "ShareOST", "desc": "证券总股本"}, {"column": "PrevClosePrice", "desc": "昨收盘"}, {"column": "ChangePCT", "desc": "涨跌幅(%)"}, {"column": "AvgPrice", "desc": "均价；均价（AvgPrice）：成交额/成交量"}, {"column": "TurnoverValue", "desc": "成交额(万)"}, {"column": "ChangeOF", "desc": "日涨跌"}]}, {"表名": "hkstockdb.cs_hkstockperformance", "表字段": [{"column": "InnerCode", "desc": "证券内部编码"}, {"column": "TradingDay", "desc": "交易日"}, {"column": "PrevClosePrice", "desc": "昨收盘"}, {"column": "OpenPrice", "desc": "今开盘"}, {"column": "HighPrice", "desc": "最高价"}, {"column": "LowPrice", "desc": "最低价"}, {"column": "ClosePrice", "desc": "收盘价"}, {"column": "CurrencyUnitCode", "desc": "货币代码；，令LB=1068 AND DM IN (1000,1100,1420)，得到货币代码的具体描述：1000-美元，1100-港元，1420-人民币元。"}, {"column": "TurnoverVolume", "desc": "成交量"}, {"column": "TurnoverValue", "desc": "成交金额(元)"}, {"column": "ChangeOF", "desc": "涨跌"}, {"column": "ChangePCT", "desc": "涨跌幅(%)"}, {"column": "RangePCT", "desc": "振幅(%)"}, {"column": "TurnoverRate", "desc": "换手率(%)"}, {"column": "AvgPrice", "desc": "均价"}, {"column": "TotalMV", "desc": "总市值(元)"}, {"column": "NegotiableMV", "desc": "流通市值(不含限售股)(元)"}, {"column": "TurnoverValueRW", "desc": "近一周成交金额(元)"}, {"column": "TurnoverVolumeRW", "desc": "近一周成交量(股)"}, {"column": "ChangeOFRW", "desc": "近一周涨跌(元)"}, {"column": "ChangePCTRW", "desc": "近一周涨跌幅(%)"}, {"column": "RangePCTRW", "desc": "近一周振幅(%)"}, {"column": "TurnoverRateRW", "desc": "近一周换手率(%)"}, {"column": "AvgPriceRW", "desc": "近一周成交均价(元)"}, {"column": "HighPriceRW", "desc": "近一周最高价(元)"}, {"column": "LowPriceRW", "desc": "近一周最低价(元)"}, {"column": "HighestClosePriceRW", "desc": "近一周收盘最高价(元)"}, {"column": "LowestClosePriceRW", "desc": "近一周收盘最低价(元)"}, {"column": "TurnoverValuePerDayRW", "desc": "近一周日均成交金额(元)"}, {"column": "TurnoverRatePerDayRW", "desc": "近一周日均换手率(%)"}, {"column": "TurnVolumePerDayRW", "desc": "近一周日均成交量(股)"}, {"column": "ChangePCTPerDayRW", "desc": "近一周日均涨跌幅(%)"}, {"column": "RangePCTPerDayRW", "desc": "近一周日均振幅(%)"}, {"column": "TotalMVPerDayRW", "desc": "近一周日均总市值(元)"}, {"column": "NegotiableMVPerDayRW", "desc": "近一周日均流通市值(不含限售股)(元)"}, {"column": "TurnoverValueTW", "desc": "本周以来成交金额(元)"}, {"column": "TurnoverVolumeTW", "desc": "本周以来成交量(股)"}, {"column": "ChangeOFTW", "desc": "本周以来涨跌(元)"}, {"column": "ChangePCTTW", "desc": "本周以来涨跌幅(%)"}, {"column": "RangePCTTW", "desc": "本周以来振幅(%)"}, {"column": "TurnoverRateTW", "desc": "本周以来换手率(%)"}, {"column": "AvgPriceTW", "desc": "本周以来成交均价(元)"}, {"column": "HighPriceTW", "desc": "本周以来最高价(元)"}, {"column": "LowPriceTW", "desc": "本周以来最低价(元)"}, {"column": "HighestClosePriceTW", "desc": "本周以来收盘最高价(元)"}, {"column": "LowestClosePriceTW", "desc": "本周以来收盘最低价(元)"}, {"column": "TurnoverValuePerDayTW", "desc": "本周以来日均成交金额(元)"}, {"column": "TurnoverRatePerDayTW", "desc": "本周以来日均换手率(%)"}, {"column": "TurnVolumePerDayTW", "desc": "本周以来日均成交量(股)"}, {"column": "ChangePCTPerDayTW", "desc": "本周以来日均涨跌幅(%)"}, {"column": "RangePCTPerDayTW", "desc": "本周以来日均振幅(%)"}, {"column": "TotalMVPerDayTW", "desc": "本周以来日均总市值(元)"}, {"column": "NegotiableMVPerDayTW", "desc": "本周以来日均流通市值(不含限售股)(元)"}, {"column": "TurnoverValueRM", "desc": "近一月成交金额(元)"}, {"column": "TurnoverVolumeRM", "desc": "近一月成交量(股)"}, {"column": "ChangeOFRM", "desc": "近一月涨跌(元)"}, {"column": "ChangePCTRM", "desc": "近一月涨跌幅(%)"}, {"column": "RangePCTRM", "desc": "近一月月振幅(%)"}, {"column": "TurnoverRateRM", "desc": "近一月月换手率(%)"}, {"column": "AvgPriceRM", "desc": "近一月成交均价(元)"}, {"column": "HighPriceRM", "desc": "近一月最高价(元)"}, {"column": "LowPriceRM", "desc": "近一月最低价(元)"}, {"column": "HighestClosePriceRM", "desc": "近一月收盘最高价(元)"}, {"column": "LowestClosePriceRM", "desc": "近一月收盘最低价(元)"}, {"column": "TurnoverValuePerDayRM", "desc": "近一月日均成交金额(元)"}, {"column": "TurnoverRatePerDayRM", "desc": "近一月日均换手率(%)"}, {"column": "TurnVolumePerDayRM", "desc": "近一月日均成交量(股)"}, {"column": "ChangePCTPerDayRM", "desc": "近一月日均涨跌幅(%)"}, {"column": "RangePCTPerDayRM", "desc": "近一月日均振幅(%)"}, {"column": "TotalMVPerDayRM", "desc": "近一月日均总市值(元)"}, {"column": "NegotiableMVPerDayRM", "desc": "近一月日均流通市值(不含限售股)(元)"}, {"column": "TurnoverValueTM", "desc": "本月以来成交金额(元)"}, {"column": "TurnoverVolumeTM", "desc": "本月以来成交量(股)"}, {"column": "ChangeOFTM", "desc": "本月以来涨跌(元)"}, {"column": "ChangePCTTM", "desc": "本月以来涨跌幅(%)"}, {"column": "RangePCTTM", "desc": "本月以来振幅(%)"}, {"column": "TurnoverRateTM", "desc": "本月以来换手率(%)"}, {"column": "AvgPriceTM", "desc": "本月以来成交均价(元)"}, {"column": "HighPriceTM", "desc": "本月以来最高价(元)"}, {"column": "LowPriceTM", "desc": "本月以来最低价(元)"}, {"column": "HighestClosePriceTM", "desc": "本月以来收盘最高价(元)"}, {"column": "LowestClosePriceTM", "desc": "本月以来收盘最低价(元)"}, {"column": "TurnoverValuePerDayTM", "desc": "本月以来日均成交金额(元)"}, {"column": "TurnoverRatePerDayTM", "desc": "本月以来日均换手率(%)"}, {"column": "TurnVolumePerDayTM", "desc": "本月以来日均成交量(股)"}, {"column": "ChangePCTPerDayTM", "desc": "本月以来日均涨跌幅(%)"}, {"column": "RangePCTPerDayTM", "desc": "本月以来日均振幅(%)"}, {"column": "TotalMVPerDayTM", "desc": "本月以来日均总市值(元)"}, {"column": "NegotiableMVPerDayTM", "desc": "本月以来日均流通市值(不含限售股)(元)"}, {"column": "TurnoverValueRMThree", "desc": "近三个月成交金额(元)"}, {"column": "TurnoverVolumeRMThree", "desc": "近三个月成交量(股)"}, {"column": "ChangeOFRMThree", "desc": "近三个月涨跌(元)"}, {"column": "ChangePCTRMThree", "desc": "近三个月涨跌幅(%)"}, {"column": "RangePCTRMThree", "desc": "近三个月振幅(%)"}, {"column": "TurnoverRateRMThree", "desc": "近三个月换手率(%)"}, {"column": "AvgPriceRMThree", "desc": "近三个月成交均价(元)"}, {"column": "HighPriceRMThree", "desc": "近三个月以来最高价(元)"}, {"column": "LowPriceRMThree", "desc": "近三个月以来最低价(元)"}, {"column": "HighestClosePRMThree", "desc": "近三个月以来收盘最高价(元)"}, {"column": "LowestClosePRMThree", "desc": "近三个月以来收盘最低价(元)"}, {"column": "TurnValuePDayRMThree", "desc": "近三个月日均成交金额(元)"}, {"column": "TurnRatePDayRMThree", "desc": "近三个月日均换手率(%)"}, {"column": "TurnVolumePDayRMThree", "desc": "近三个月日均成交量(股)"}, {"column": "ChangePCTPDayRMThree", "desc": "近三个月日均涨跌幅(%)"}, {"column": "RangePCTPDayRMThree", "desc": "近三个月日均振幅(%)"}, {"column": "TotalMVPerDayRMThree", "desc": "近三个月日均总市值(元)"}, {"column": "NegotiableMVPRMThree", "desc": "近三个月日均流通市值(不含限售股)(元)"}, {"column": "TurnoverValueRMSix", "desc": "近六个月成交金额(元)"}, {"column": "TurnoverVolumeRMSix", "desc": "近六个月成交量(股)"}, {"column": "ChangeOFRMSix", "desc": "近六个月涨跌(元)"}, {"column": "ChangePCTRMSix", "desc": "近六个月涨跌幅(%)"}, {"column": "RangePCTRMSix", "desc": "近六个月振幅(%)"}, {"column": "TurnoverRateRMSix", "desc": "近六个月换手率(%)"}, {"column": "AvgPriceRMSix", "desc": "近六个月成交均价(元)"}, {"column": "HighPriceRMSix", "desc": "近六个月以来最高价(元)"}, {"column": "LowPriceRMSix", "desc": "近六个月以来最低价(元)"}, {"column": "HighestClosePRMSix", "desc": "近六个月以来收盘最高价(元)"}, {"column": "LowestClosePRMSix", "desc": "近六个月以来收盘最低价(元)"}, {"column": "TurnValuePDayRMSix", "desc": "近六个月日均成交金额(元)"}, {"column": "TurnRatePDayRMSix", "desc": "近六个月日均换手率(%)"}, {"column": "TurnVolumePDayRMSix", "desc": "近六个月日均成交量(股)"}, {"column": "ChangePCTPDayRMSix", "desc": "近六个月日均涨跌幅(%)"}, {"column": "RangePCTPDayRMSix", "desc": "近六个月日均振幅(%)"}, {"column": "TotalMVPerDayRMSix", "desc": "近六个月日均总市值(元)"}, {"column": "NegotiableMVPRMSix", "desc": "近六个月日均流通市值(不含限售股)(元)"}, {"column": "TurnoverValueRY", "desc": "近一年成交金额(元)"}, {"column": "TurnoverVolumeRY", "desc": "近一年成交量(股)"}, {"column": "ChangeOFRY", "desc": "近一年涨跌(元)"}, {"column": "ChangePCTRY", "desc": "近一年涨跌幅(%)"}, {"column": "RangePCTRY", "desc": "近一年振幅(%)"}, {"column": "TurnoverRateRY", "desc": "近一年换手率(%)"}, {"column": "AvgPriceRY", "desc": "近一年成交均价(元)"}, {"column": "HighPriceRY", "desc": "近一年最高价(元)"}, {"column": "LowPriceRY", "desc": "近一年最低价(元)"}, {"column": "HighestClosePRY", "desc": "近一年收盘价最高(元)"}, {"column": "LowestClosePRY", "desc": "近一年收盘价最低(元)"}, {"column": "TurnoverValuePDayRY", "desc": "近一年日均成交金额(元)"}, {"column": "TurnoverRatePDayRY", "desc": "近一年日均换手率(%)"}, {"column": "TurnVolumePDayRY", "desc": "近一年日均成交量(股)"}, {"column": "ChangePCTPDayRY", "desc": "近一年日均涨跌幅(%)"}, {"column": "RangePCTPDayRY", "desc": "近一年日均振幅(%)"}, {"column": "TotalMVPerDayRY", "desc": "近一年日均总市值(元)"}, {"column": "NegotiableMVPRY", "desc": "近一年日均流通市值(不含限售股)(元)"}, {"column": "TurnoverValueYTD", "desc": "今年以来成交金额(元)"}, {"column": "TurnoverVolumeYTD", "desc": "今年以来成交量(股)"}, {"column": "ChangeOFYTD", "desc": "今年以来涨跌(元)"}, {"column": "ChangePCTYTD", "desc": "今年以来涨跌幅(%)"}, {"column": "RangePCTYTD", "desc": "今年以来振幅(%)"}, {"column": "TurnoverRateYTD", "desc": "今年以来换手率(%)"}, {"column": "AvgPriceYTD", "desc": "今年以来成交均价(元)"}, {"column": "HighPriceYTD", "desc": "今年以来最高价(元)"}, {"column": "LowPriceYTD", "desc": "今年以来最低价(元)"}, {"column": "HighestClosePriceYTD", "desc": "今年以来收盘最高价(元)"}, {"column": "LowestClosePriceYTD", "desc": "今年以来收盘最低价(元)"}, {"column": "TurnoverValuePerDayYTD", "desc": "今年以来日均成交金额(元)"}, {"column": "TurnoverRatePerDayYTD", "desc": "今年以来日均换手率(%)"}, {"column": "TurnVolumePDayYTD", "desc": "今年以来日均成交量(股)"}, {"column": "ChangePCTPerDayYTD", "desc": "今年以来日均涨跌幅(%)"}, {"column": "RangePCTPerDayYTD", "desc": "今年以来日均振幅(%)"}, {"column": "TotalMVPerDayYTD", "desc": "今年以来日均总市值(元)"}, {"column": "NegotiableMVPYTD", "desc": "今年以来日均流通市值(不含限售股)(元)"}, {"column": "HighAdjustedPrice", "desc": "上市以来复权最高价(元)"}, {"column": "HighAdjustedPriceDate", "desc": "上市以来复权最高价日期"}, {"column": "LowAdjustedPrice", "desc": "上市以来复权最低价(元)"}, {"column": "LowAdjustedPriceDate", "desc": "上市以来复权最低价日期"}]}]

请选择column，务必遵循输出的格式要求。

>>>>> Agent【Check_db_structure.columns_selector】 Said:
【分析】
用户询问的是在2021年12月23日这一天，创下了近半年新高的股票数量。这里的关键信息包括日期（2021年12月23日）和股票价格（近半年新高）。

【信息所在字段】
- astockmarketquotesdb.qt_dailyquote.TradingDay: 这个字段包含交易日期信息，对应用户提问中的"2021年12月23日"。
- astockmarketquotesdb.qt_dailyquote.HighPrice: 这个字段包含股票的最高价信息，对应用户提问中的"创下近半年新高"。
- usstockdb.us_dailyquote.TradingDay: 这个字段包含交易日期信息，对应用户提问中的"2021年12月23日"。
- usstockdb.us_dailyquote.High: 这个字段包含股票的最高价信息，对应用户提问中的"创下近半年新高"。
- hkstockdb.cs_hkstockperformance.TradingDay: 这个字段包含交易日期信息，对应用户提问中的"2021年12月23日"。
- hkstockdb.cs_hkstockperformance.HighPrice: 这个字段包含股票的最高价信息，对应用户提问中的"创下近半年新高"。

【筛选条件所在字段】
- astockmarketquotesdb.qt_dailyquote.TradingDay: 用于筛选出2021年12月23日的交易数据。
- astockmarketquotesdb.qt_dailyquote.HighPrice: 用于比较是否为近半年新高。
- usstockdb.us_dailyquote.TradingDay: 用于筛选出2021年12月23日的交易数据。
- usstockdb.us_dailyquote.High: 用于比较是否为近半年新高。
- hkstockdb.cs_hkstockperformance.TradingDay: 用于筛选出2021年12月23日的交易数据。
- hkstockdb.cs_hkstockperformance.HighPrice: 用于比较是否为近半年新高。

【选中的字段的清单】
```json
{
  "astockmarketquotesdb.qt_dailyquote": ["TradingDay", "HighPrice"],
  "usstockdb.us_dailyquote": ["TradingDay", "High"],
  "hkstockdb.cs_hkstockperformance": ["TradingDay", "HighPrice"]
}
```


>>>>> 【user】 Said:
在2021年12月23日这一天，创下了近半年新高的股票共有多少只？

>>>>> Agent【Sql_query.master】 Said:
【已知信息】
- 需要查询的是2021年12月23日创近半年新高的股票数量。
- 涉及的表可能包括astockmarketquotesdb.qt_dailyquote（A股日行情表）。

【当前阶段要获取的信息】
- 2021年12月23日的所有股票最高价。

【信息所在字段】
- astockmarketquotesdb.qt_dailyquote.HighPrice（最高价）

【筛选条件所在字段】
- astockmarketquotesdb.qt_dailyquote.TradingDay（交易日）

【SQL语句的思路】
- 首先查询2021年12月23日的所有股票最高价。
- 然后对每只股票，查询其近半年内的最高价，并与2021年12月23日的最高价进行比较。
- 统计符合条件的股票数量。

【执行SQL语句】
```exec_sql
SELECT InnerCode, HighPrice
FROM astockmarketquotesdb.qt_dailyquote
WHERE DATE(TradingDay) = '2021-12-23'
```

【上述SQL语句的含义】
- 从astockmarketquotesdb.qt_dailyquote表中选取2021年12月23日的所有股票的内部编码和最高价。

>>>>> 查询sql:
SELECT InnerCode, HighPrice
FROM astockmarketquotesdb.qt_dailyquote
WHERE DATE(TradingDay) = '2021-12-23';
查询结果:
[{"InnerCode": 58, "HighPrice": 17.27}, {"InnerCode": 107, "HighPrice": 13.95}, {"InnerCode": 122, "HighPrice": 25.63}, {"InnerCode": 123, "HighPrice": 8.21}, {"InnerCode": 171, "HighPrice": 46.25}, {"InnerCode": 201, "HighPrice": 25.6}, {"InnerCode": 247, "HighPrice": 6.86}, {"InnerCode": 310, "HighPrice": 18.26}, {"InnerCode": 316, "HighPrice": 3.7}, {"InnerCode": 318, "HighPrice": 3.66}, {"InnerCode": 324, "HighPrice": 28.73}, {"InnerCode": 359, "HighPrice": 7.26}, {"InnerCode": 379, "HighPrice": 10.46}, {"InnerCode": 383, "HighPrice": 2.5}, {"InnerCode": 402, "HighPrice": 7.65}, {"InnerCode": 412, "HighPrice": 28.09}, {"InnerCode": 415, "HighPrice": 4.14}, {"InnerCode": 471, "HighPrice": 38.0}, {"InnerCode": 482, "HighPrice": 15.62}, {"InnerCode": 483, "HighPrice": 48.8}, {"InnerCode": 509, "HighPrice": 13.77}, {"InnerCode": 513, "HighPrice": 5.41}, {"InnerCode": 521, "HighPrice": 24.98}, {"InnerCode": 562, "HighPrice": 9.71}, {"InnerCode": 578, "HighPrice": 5.33}, {"InnerCode": 579, "HighPrice": 6.3}, {"InnerCode": 587, "HighPrice": 8.43}, {"InnerCode": 604, "HighPrice": 9.03}, {"InnerCode": 605, "HighPrice": 27.59}, {"InnerCode": 612, "HighPrice": 17.69}, {"InnerCode": 1130, "HighPrice": 3.44}, {"InnerCode": 1147, "HighPrice": 15.7}, {"InnerCode": 1178, "HighPrice": 11.5}, {"InnerCode": 1184, "HighPrice": 12.24}, {"InnerCode": 1188, "HighPrice": 11.01}, {"InnerCode": 1219, "HighPrice": 10.17}, {"InnerCode": 1220, "HighPrice": 20.38}, {"InnerCode": 1223, "HighPrice": 8.32}, {"InnerCode": 1246, "HighPrice": 25.35}, {"InnerCode": 1253, "HighPrice": 5.3}, {"InnerCode": 1258, "HighPrice": 23.12}, {"InnerCode": 1274, "HighPrice": 8.95}, {"InnerCode": 1275, "HighPrice": 9.91}, {"InnerCode": 1289, "HighPrice": 3.67}, {"InnerCode": 1295, "HighPrice": 6.8}, {"InnerCode": 1329, "HighPrice": 3.13}, {"InnerCode": 1379, "HighPrice": 25.47}, {"InnerCode": 1391, "HighPrice": 13.07}, {"InnerCode": 1422, "HighPrice": 11.87}, {"InnerCode": 1448, "HighPrice": 5.96}, {"InnerCode": 1471, "HighPrice": 11.92}, {"InnerCode": 1475, "HighPrice": 5.16}, {"InnerCode": 1492, "HighPrice": 5.79}, {"InnerCode": 1500, "HighPrice": 5.2}, {"InnerCode": 1506, "HighPrice": 12.56}, {"InnerCode": 1510, "HighPrice": 8.64}, {"InnerCode": 1512, "HighPrice": 41.41}, {"InnerCode": 1526, "HighPrice": 20.5}, {"InnerCode": 1534, "HighPrice": 24.07}, {"InnerCode": 1574, "HighPrice": 10.37}, {"InnerCode": 1650, "HighPrice": 23.18}, {"InnerCode": 1553, "HighPrice": 18.59}, {"InnerCode": 1551, "HighPrice": 19.75}, {"InnerCode": 1533, "HighPrice": 6.43}, {"InnerCode": 1681, "HighPrice": 20.2}, {"InnerCode": 1524, "HighPrice": 5.4}, {"InnerCode": 1692, "HighPrice": 8.17}, {"InnerCode": 1514, "HighPrice": 12.38}, {"InnerCode": 1700, "HighPrice": 14.52}, {"InnerCode": 1702, "HighPrice": 50.15}, {"InnerCode": 1478, "HighPrice": 12.55}, {"InnerCode": 1464, "HighPrice": 3.12}, {"InnerCode": 1454, "HighPrice": 30.93}, {"InnerCode": 1438, "HighPrice": 38.1}, {"InnerCode": 1437, "HighPrice": 40.72}, {"InnerCode": 1773, "HighPrice": 4.6}, {"InnerCode": 1421, "HighPrice": 60.6}, {"InnerCode": 1404, "HighPrice": 3.76}, {"InnerCode": 1285, "HighPrice": 3.63}, {"InnerCode": 1277, "HighPrice": 1.93}, {"InnerCode": 1266, "HighPrice": 39.25}, {"InnerCode": 1256, "HighPrice": 19.5}, {"InnerCode": 1234, "HighPrice": 11.37}, {"InnerCode": 1201, "HighPrice": 21.1}, {"InnerCode": 1182, "HighPrice": 14.14}, {"InnerCode": 1167, "HighPrice": 75.44}, {"InnerCode": 1125, "HighPrice": 11.39}, {"InnerCode": 613, "HighPrice": 24.36}, {"InnerCode": 1924, "HighPrice": 23.66}, {"InnerCode": 1929, "HighPrice": 6.06}, {"InnerCode": 581, "HighPrice": 18.52}, {"InnerCode": 566, "HighPrice": 6.12}, {"InnerCode": 561, "HighPrice": 5.33}, {"InnerCode": 1966, "HighPrice": 19.14}, {"InnerCode": 549, "HighPrice": 14.2}, {"InnerCode": 1992, "HighPrice": 196.45}, {"InnerCode": 1993, "HighPrice": 39.95}, {"InnerCode": 527, "HighPrice": 3.89}, {"InnerCode": 516, "HighPrice": 22.85}, {"InnerCode": 477, "HighPrice": 7.54}]


>>>>> 【user】 Said:
查询SQL:
SELECT InnerCode, HighPrice
FROM astockmarketquotesdb.qt_dailyquote
WHERE DATE(TradingDay) = '2021-12-23';
查询结果:
[{"InnerCode": 58, "HighPrice": 17.27}, {"InnerCode": 107, "HighPrice": 13.95}, {"InnerCode": 122, "HighPrice": 25.63}, {"InnerCode": 123, "HighPrice": 8.21}, {"InnerCode": 171, "HighPrice": 46.25}, {"InnerCode": 201, "HighPrice": 25.6}, {"InnerCode": 247, "HighPrice": 6.86}, {"InnerCode": 310, "HighPrice": 18.26}, {"InnerCode": 316, "HighPrice": 3.7}, {"InnerCode": 318, "HighPrice": 3.66}, {"InnerCode": 324, "HighPrice": 28.73}, {"InnerCode": 359, "HighPrice": 7.26}, {"InnerCode": 379, "HighPrice": 10.46}, {"InnerCode": 383, "HighPrice": 2.5}, {"InnerCode": 402, "HighPrice": 7.65}, {"InnerCode": 412, "HighPrice": 28.09}, {"InnerCode": 415, "HighPrice": 4.14}, {"InnerCode": 471, "HighPrice": 38.0}, {"InnerCode": 482, "HighPrice": 15.62}, {"InnerCode": 483, "HighPrice": 48.8}, {"InnerCode": 509, "HighPrice": 13.77}, {"InnerCode": 513, "HighPrice": 5.41}, {"InnerCode": 521, "HighPrice": 24.98}, {"InnerCode": 562, "HighPrice": 9.71}, {"InnerCode": 578, "HighPrice": 5.33}, {"InnerCode": 579, "HighPrice": 6.3}, {"InnerCode": 587, "HighPrice": 8.43}, {"InnerCode": 604, "HighPrice": 9.03}, {"InnerCode": 605, "HighPrice": 27.59}, {"InnerCode": 612, "HighPrice": 17.69}, {"InnerCode": 1130, "HighPrice": 3.44}, {"InnerCode": 1147, "HighPrice": 15.7}, {"InnerCode": 1178, "HighPrice": 11.5}, {"InnerCode": 1184, "HighPrice": 12.24}, {"InnerCode": 1188, "HighPrice": 11.01}, {"InnerCode": 1219, "HighPrice": 10.17}, {"InnerCode": 1220, "HighPrice": 20.38}, {"InnerCode": 1223, "HighPrice": 8.32}, {"InnerCode": 1246, "HighPrice": 25.35}, {"InnerCode": 1253, "HighPrice": 5.3}, {"InnerCode": 1258, "HighPrice": 23.12}, {"InnerCode": 1274, "HighPrice": 8.95}, {"InnerCode": 1275, "HighPrice": 9.91}, {"InnerCode": 1289, "HighPrice": 3.67}, {"InnerCode": 1295, "HighPrice": 6.8}, {"InnerCode": 1329, "HighPrice": 3.13}, {"InnerCode": 1379, "HighPrice": 25.47}, {"InnerCode": 1391, "HighPrice": 13.07}, {"InnerCode": 1422, "HighPrice": 11.87}, {"InnerCode": 1448, "HighPrice": 5.96}, {"InnerCode": 1471, "HighPrice": 11.92}, {"InnerCode": 1475, "HighPrice": 5.16}, {"InnerCode": 1492, "HighPrice": 5.79}, {"InnerCode": 1500, "HighPrice": 5.2}, {"InnerCode": 1506, "HighPrice": 12.56}, {"InnerCode": 1510, "HighPrice": 8.64}, {"InnerCode": 1512, "HighPrice": 41.41}, {"InnerCode": 1526, "HighPrice": 20.5}, {"InnerCode": 1534, "HighPrice": 24.07}, {"InnerCode": 1574, "HighPrice": 10.37}, {"InnerCode": 1650, "HighPrice": 23.18}, {"InnerCode": 1553, "HighPrice": 18.59}, {"InnerCode": 1551, "HighPrice": 19.75}, {"InnerCode": 1533, "HighPrice": 6.43}, {"InnerCode": 1681, "HighPrice": 20.2}, {"InnerCode": 1524, "HighPrice": 5.4}, {"InnerCode": 1692, "HighPrice": 8.17}, {"InnerCode": 1514, "HighPrice": 12.38}, {"InnerCode": 1700, "HighPrice": 14.52}, {"InnerCode": 1702, "HighPrice": 50.15}, {"InnerCode": 1478, "HighPrice": 12.55}, {"InnerCode": 1464, "HighPrice": 3.12}, {"InnerCode": 1454, "HighPrice": 30.93}, {"InnerCode": 1438, "HighPrice": 38.1}, {"InnerCode": 1437, "HighPrice": 40.72}, {"InnerCode": 1773, "HighPrice": 4.6}, {"InnerCode": 1421, "HighPrice": 60.6}, {"InnerCode": 1404, "HighPrice": 3.76}, {"InnerCode": 1285, "HighPrice": 3.63}, {"InnerCode": 1277, "HighPrice": 1.93}, {"InnerCode": 1266, "HighPrice": 39.25}, {"InnerCode": 1256, "HighPrice": 19.5}, {"InnerCode": 1234, "HighPrice": 11.37}, {"InnerCode": 1201, "HighPrice": 21.1}, {"InnerCode": 1182, "HighPrice": 14.14}, {"InnerCode": 1167, "HighPrice": 75.44}, {"InnerCode": 1125, "HighPrice": 11.39}, {"InnerCode": 613, "HighPrice": 24.36}, {"InnerCode": 1924, "HighPrice": 23.66}, {"InnerCode": 1929, "HighPrice": 6.06}, {"InnerCode": 581, "HighPrice": 18.52}, {"InnerCode": 566, "HighPrice": 6.12}, {"InnerCode": 561, "HighPrice": 5.33}, {"InnerCode": 1966, "HighPrice": 19.14}, {"InnerCode": 549, "HighPrice": 14.2}, {"InnerCode": 1992, "HighPrice": 196.45}, {"InnerCode": 1993, "HighPrice": 39.95}, {"InnerCode": 527, "HighPrice": 3.89}, {"InnerCode": 516, "HighPrice": 22.85}, {"InnerCode": 477, "HighPrice": 7.54}]

请理解查询结果

>>>>> Agent【Sql_query.understand_query_result】 Said:
查询结果表明: 在2021年12月23日的交易日内，从astockmarketquotesdb.qt_dailyquote表中查询到的各证券内部编码（InnerCode）及其对应的最高价（HighPrice）。结果显示了多个证券在该交易日的最高价，例如证券内部编码为58的证券最高价为17.27元，证券内部编码为107的证券最高价为13.95元，以此类推。共有多个证券的数据被查询出来，展示了它们在该特定交易日的最高价格情况。


>>>>> 【user】 Said:
查询SQL:
SELECT InnerCode, HighPrice
FROM astockmarketquotesdb.qt_dailyquote
WHERE DATE(TradingDay) = '2021-12-23';
查询结果:
[{"InnerCode": 58, "HighPrice": 17.27}, {"InnerCode": 107, "HighPrice": 13.95}, {"InnerCode": 122, "HighPrice": 25.63}, {"InnerCode": 123, "HighPrice": 8.21}, {"InnerCode": 171, "HighPrice": 46.25}, {"InnerCode": 201, "HighPrice": 25.6}, {"InnerCode": 247, "HighPrice": 6.86}, {"InnerCode": 310, "HighPrice": 18.26}, {"InnerCode": 316, "HighPrice": 3.7}, {"InnerCode": 318, "HighPrice": 3.66}, {"InnerCode": 324, "HighPrice": 28.73}, {"InnerCode": 359, "HighPrice": 7.26}, {"InnerCode": 379, "HighPrice": 10.46}, {"InnerCode": 383, "HighPrice": 2.5}, {"InnerCode": 402, "HighPrice": 7.65}, {"InnerCode": 412, "HighPrice": 28.09}, {"InnerCode": 415, "HighPrice": 4.14}, {"InnerCode": 471, "HighPrice": 38.0}, {"InnerCode": 482, "HighPrice": 15.62}, {"InnerCode": 483, "HighPrice": 48.8}, {"InnerCode": 509, "HighPrice": 13.77}, {"InnerCode": 513, "HighPrice": 5.41}, {"InnerCode": 521, "HighPrice": 24.98}, {"InnerCode": 562, "HighPrice": 9.71}, {"InnerCode": 578, "HighPrice": 5.33}, {"InnerCode": 579, "HighPrice": 6.3}, {"InnerCode": 587, "HighPrice": 8.43}, {"InnerCode": 604, "HighPrice": 9.03}, {"InnerCode": 605, "HighPrice": 27.59}, {"InnerCode": 612, "HighPrice": 17.69}, {"InnerCode": 1130, "HighPrice": 3.44}, {"InnerCode": 1147, "HighPrice": 15.7}, {"InnerCode": 1178, "HighPrice": 11.5}, {"InnerCode": 1184, "HighPrice": 12.24}, {"InnerCode": 1188, "HighPrice": 11.01}, {"InnerCode": 1219, "HighPrice": 10.17}, {"InnerCode": 1220, "HighPrice": 20.38}, {"InnerCode": 1223, "HighPrice": 8.32}, {"InnerCode": 1246, "HighPrice": 25.35}, {"InnerCode": 1253, "HighPrice": 5.3}, {"InnerCode": 1258, "HighPrice": 23.12}, {"InnerCode": 1274, "HighPrice": 8.95}, {"InnerCode": 1275, "HighPrice": 9.91}, {"InnerCode": 1289, "HighPrice": 3.67}, {"InnerCode": 1295, "HighPrice": 6.8}, {"InnerCode": 1329, "HighPrice": 3.13}, {"InnerCode": 1379, "HighPrice": 25.47}, {"InnerCode": 1391, "HighPrice": 13.07}, {"InnerCode": 1422, "HighPrice": 11.87}, {"InnerCode": 1448, "HighPrice": 5.96}, {"InnerCode": 1471, "HighPrice": 11.92}, {"InnerCode": 1475, "HighPrice": 5.16}, {"InnerCode": 1492, "HighPrice": 5.79}, {"InnerCode": 1500, "HighPrice": 5.2}, {"InnerCode": 1506, "HighPrice": 12.56}, {"InnerCode": 1510, "HighPrice": 8.64}, {"InnerCode": 1512, "HighPrice": 41.41}, {"InnerCode": 1526, "HighPrice": 20.5}, {"InnerCode": 1534, "HighPrice": 24.07}, {"InnerCode": 1574, "HighPrice": 10.37}, {"InnerCode": 1650, "HighPrice": 23.18}, {"InnerCode": 1553, "HighPrice": 18.59}, {"InnerCode": 1551, "HighPrice": 19.75}, {"InnerCode": 1533, "HighPrice": 6.43}, {"InnerCode": 1681, "HighPrice": 20.2}, {"InnerCode": 1524, "HighPrice": 5.4}, {"InnerCode": 1692, "HighPrice": 8.17}, {"InnerCode": 1514, "HighPrice": 12.38}, {"InnerCode": 1700, "HighPrice": 14.52}, {"InnerCode": 1702, "HighPrice": 50.15}, {"InnerCode": 1478, "HighPrice": 12.55}, {"InnerCode": 1464, "HighPrice": 3.12}, {"InnerCode": 1454, "HighPrice": 30.93}, {"InnerCode": 1438, "HighPrice": 38.1}, {"InnerCode": 1437, "HighPrice": 40.72}, {"InnerCode": 1773, "HighPrice": 4.6}, {"InnerCode": 1421, "HighPrice": 60.6}, {"InnerCode": 1404, "HighPrice": 3.76}, {"InnerCode": 1285, "HighPrice": 3.63}, {"InnerCode": 1277, "HighPrice": 1.93}, {"InnerCode": 1266, "HighPrice": 39.25}, {"InnerCode": 1256, "HighPrice": 19.5}, {"InnerCode": 1234, "HighPrice": 11.37}, {"InnerCode": 1201, "HighPrice": 21.1}, {"InnerCode": 1182, "HighPrice": 14.14}, {"InnerCode": 1167, "HighPrice": 75.44}, {"InnerCode": 1125, "HighPrice": 11.39}, {"InnerCode": 613, "HighPrice": 24.36}, {"InnerCode": 1924, "HighPrice": 23.66}, {"InnerCode": 1929, "HighPrice": 6.06}, {"InnerCode": 581, "HighPrice": 18.52}, {"InnerCode": 566, "HighPrice": 6.12}, {"InnerCode": 561, "HighPrice": 5.33}, {"InnerCode": 1966, "HighPrice": 19.14}, {"InnerCode": 549, "HighPrice": 14.2}, {"InnerCode": 1992, "HighPrice": 196.45}, {"InnerCode": 1993, "HighPrice": 39.95}, {"InnerCode": 527, "HighPrice": 3.89}, {"InnerCode": 516, "HighPrice": 22.85}, {"InnerCode": 477, "HighPrice": 7.54}]

查询结果表明: 在2021年12月23日的交易日内，从astockmarketquotesdb.qt_dailyquote表中查询到的各证券内部编码（InnerCode）及其对应的最高价（HighPrice）。结果显示了多个证券在该交易日的最高价，例如证券内部编码为58的证券最高价为17.27元，证券内部编码为107的证券最高价为13.95元，以此类推。共有多个证券的数据被查询出来，展示了它们在该特定交易日的最高价格情况。

当前掌握的信息是否能够回答"在2021年12月23日这一天，创下了近半年新高的股票共有多少只？"？还是要继续执行下一阶段SQL查询？

>>>>> Agent【Sql_query.master】 Said:
【已知信息】
- 已获取2021年12月23日所有股票的最高价。
- 需要进一步查询每只股票在近半年内的最高价，以判断是否在2021年12月23日创下了近半年新高。

【当前阶段要获取的信息】
- 每只股票在2021年6月23日至2021年12月23日期间的最高价。

【信息所在字段】
- astockmarketquotesdb.qt_dailyquote.HighPrice（最高价）

【筛选条件所在字段】
- astockmarketquotesdb.qt_dailyquote.TradingDay（交易日）

【SQL语句的思路】
- 对每只股票，查询其在2021年6月23日至2021年12月23日期间的最高价。
- 将此最高价与2021年12月23日的最高价进行比较，统计符合条件的股票数量。

【执行SQL语句】
```exec_sql
SELECT InnerCode, MAX(HighPrice) AS MaxHighPrice
FROM astockmarketquotesdb.qt_dailyquote
WHERE DATE(TradingDay) BETWEEN '2021-06-23' AND '2021-12-23'
GROUP BY InnerCode
```

【上述SQL语句的含义】
- 从astockmarketquotesdb.qt_dailyquote表中选取2021年6月23日至2021年12月23日期间每只股票（按InnerCode分组）的最高价（MaxHighPrice）。

>>>>> 查询sql:
SELECT InnerCode, MAX(HighPrice) AS MaxHighPrice
FROM astockmarketquotesdb.qt_dailyquote
WHERE DATE(TradingDay) BETWEEN '2021-06-23' AND '2021-12-23'
GROUP BY InnerCode;
查询结果:
[{"InnerCode": 28, "MaxHighPrice": 29.27}, {"InnerCode": 67, "MaxHighPrice": 10.8}, {"InnerCode": 74, "MaxHighPrice": 4.06}, {"InnerCode": 75, "MaxHighPrice": 21.74}, {"InnerCode": 83, "MaxHighPrice": 22.02}, {"InnerCode": 94, "MaxHighPrice": 16.29}, {"InnerCode": 102, "MaxHighPrice": 6.96}, {"InnerCode": 107, "MaxHighPrice": 18.5}, {"InnerCode": 122, "MaxHighPrice": 39.26}, {"InnerCode": 123, "MaxHighPrice": 8.25}, {"InnerCode": 148, "MaxHighPrice": 15.2}, {"InnerCode": 171, "MaxHighPrice": 46.6}, {"InnerCode": 194, "MaxHighPrice": 52.36}, {"InnerCode": 221, "MaxHighPrice": 29.15}, {"InnerCode": 223, "MaxHighPrice": 5.44}, {"InnerCode": 247, "MaxHighPrice": 7.29}, {"InnerCode": 251, "MaxHighPrice": 3.55}, {"InnerCode": 277, "MaxHighPrice": 13.56}, {"InnerCode": 285, "MaxHighPrice": 6.43}, {"InnerCode": 310, "MaxHighPrice": 19.9}, {"InnerCode": 316, "MaxHighPrice": 5.12}, {"InnerCode": 318, "MaxHighPrice": 5.72}, {"InnerCode": 359, "MaxHighPrice": 13.54}, {"InnerCode": 396, "MaxHighPrice": 19.1}, {"InnerCode": 402, "MaxHighPrice": 8.67}, {"InnerCode": 403, "MaxHighPrice": 8.89}, {"InnerCode": 412, "MaxHighPrice": 31.71}, {"InnerCode": 413, "MaxHighPrice": 41.87}, {"InnerCode": 415, "MaxHighPrice": 4.52}, {"InnerCode": 441, "MaxHighPrice": 8.73}, {"InnerCode": 442, "MaxHighPrice": 6.47}, {"InnerCode": 471, "MaxHighPrice": 41.76}, {"InnerCode": 477, "MaxHighPrice": 13.4}, {"InnerCode": 482, "MaxHighPrice": 25.81}, {"InnerCode": 483, "MaxHighPrice": 59.8}, {"InnerCode": 509, "MaxHighPrice": 18.89}, {"InnerCode": 521, "MaxHighPrice": 26.18}, {"InnerCode": 549, "MaxHighPrice": 15.09}, {"InnerCode": 561, "MaxHighPrice": 9.22}, {"InnerCode": 562, "MaxHighPrice": 17.94}, {"InnerCode": 566, "MaxHighPrice": 10.6}, {"InnerCode": 578, "MaxHighPrice": 6.33}, {"InnerCode": 579, "MaxHighPrice": 9.99}, {"InnerCode": 581, "MaxHighPrice": 26.3}, {"InnerCode": 587, "MaxHighPrice": 8.65}, {"InnerCode": 604, "MaxHighPrice": 13.06}, {"InnerCode": 605, "MaxHighPrice": 32.29}, {"InnerCode": 612, "MaxHighPrice": 18.27}, {"InnerCode": 613, "MaxHighPrice": 27.55}, {"InnerCode": 1125, "MaxHighPrice": 12.85}, {"InnerCode": 1130, "MaxHighPrice": 4.56}, {"InnerCode": 1178, "MaxHighPrice": 12.82}, {"InnerCode": 1184, "MaxHighPrice": 12.98}, {"InnerCode": 1188, "MaxHighPrice": 13.2}, {"InnerCode": 1219, "MaxHighPrice": 13.11}, {"InnerCode": 1220, "MaxHighPrice": 37.25}, {"InnerCode": 1223, "MaxHighPrice": 9.53}, {"InnerCode": 1234, "MaxHighPrice": 12.95}, {"InnerCode": 1246, "MaxHighPrice": 30.08}, {"InnerCode": 1253, "MaxHighPrice": 6.99}, {"InnerCode": 1256, "MaxHighPrice": 22.82}, {"InnerCode": 1274, "MaxHighPrice": 9.46}, {"InnerCode": 1275, "MaxHighPrice": 11.29}, {"InnerCode": 1277, "MaxHighPrice": 2.35}, {"InnerCode": 1289, "MaxHighPrice": 4.34}, {"InnerCode": 1295, "MaxHighPrice": 6.9}, {"InnerCode": 1329, "MaxHighPrice": 3.44}, {"InnerCode": 1379, "MaxHighPrice": 27.28}, {"InnerCode": 1391, "MaxHighPrice": 13.79}, {"InnerCode": 1404, "MaxHighPrice": 5.17}, {"InnerCode": 1421, "MaxHighPrice": 63.22}, {"InnerCode": 1422, "MaxHighPrice": 13.85}, {"InnerCode": 1437, "MaxHighPrice": 63.87}, {"InnerCode": 1448, "MaxHighPrice": 7.24}, {"InnerCode": 1471, "MaxHighPrice": 16.3}, {"InnerCode": 1475, "MaxHighPrice": 6.46}, {"InnerCode": 1492, "MaxHighPrice": 7.23}, {"InnerCode": 1500, "MaxHighPrice": 5.99}, {"InnerCode": 1506, "MaxHighPrice": 12.56}, {"InnerCode": 1510, "MaxHighPrice": 10.04}, {"InnerCode": 1514, "MaxHighPrice": 15.03}, {"InnerCode": 1524, "MaxHighPrice": 6.45}, {"InnerCode": 1533, "MaxHighPrice": 8.08}, {"InnerCode": 1534, "MaxHighPrice": 29.3}, {"InnerCode": 1551, "MaxHighPrice": 20.3}, {"InnerCode": 1574, "MaxHighPrice": 12.15}, {"InnerCode": 1647, "MaxHighPrice": 6.44}, {"InnerCode": 1649, "MaxHighPrice": 21.6}, {"InnerCode": 1650, "MaxHighPrice": 26.78}, {"InnerCode": 1652, "MaxHighPrice": 12.56}, {"InnerCode": 1666, "MaxHighPrice": 35.7}, {"InnerCode": 1674, "MaxHighPrice": 13.68}, {"InnerCode": 1676, "MaxHighPrice": 8.45}, {"InnerCode": 1681, "MaxHighPrice": 23.43}, {"InnerCode": 1693, "MaxHighPrice": 45.45}, {"InnerCode": 1700, "MaxHighPrice": 15.45}, {"InnerCode": 1743, "MaxHighPrice": 261.2}, {"InnerCode": 1747, "MaxHighPrice": 25.1}, {"InnerCode": 1769, "MaxHighPrice": 21.2}, {"InnerCode": 1772, "MaxHighPrice": 5.96}]


>>>>> 【user】 Said:
查询SQL:
SELECT InnerCode, MAX(HighPrice) AS MaxHighPrice
FROM astockmarketquotesdb.qt_dailyquote
WHERE DATE(TradingDay) BETWEEN '2021-06-23' AND '2021-12-23'
GROUP BY InnerCode;
查询结果:
[{"InnerCode": 28, "MaxHighPrice": 29.27}, {"InnerCode": 67, "MaxHighPrice": 10.8}, {"InnerCode": 74, "MaxHighPrice": 4.06}, {"InnerCode": 75, "MaxHighPrice": 21.74}, {"InnerCode": 83, "MaxHighPrice": 22.02}, {"InnerCode": 94, "MaxHighPrice": 16.29}, {"InnerCode": 102, "MaxHighPrice": 6.96}, {"InnerCode": 107, "MaxHighPrice": 18.5}, {"InnerCode": 122, "MaxHighPrice": 39.26}, {"InnerCode": 123, "MaxHighPrice": 8.25}, {"InnerCode": 148, "MaxHighPrice": 15.2}, {"InnerCode": 171, "MaxHighPrice": 46.6}, {"InnerCode": 194, "MaxHighPrice": 52.36}, {"InnerCode": 221, "MaxHighPrice": 29.15}, {"InnerCode": 223, "MaxHighPrice": 5.44}, {"InnerCode": 247, "MaxHighPrice": 7.29}, {"InnerCode": 251, "MaxHighPrice": 3.55}, {"InnerCode": 277, "MaxHighPrice": 13.56}, {"InnerCode": 285, "MaxHighPrice": 6.43}, {"InnerCode": 310, "MaxHighPrice": 19.9}, {"InnerCode": 316, "MaxHighPrice": 5.12}, {"InnerCode": 318, "MaxHighPrice": 5.72}, {"InnerCode": 359, "MaxHighPrice": 13.54}, {"InnerCode": 396, "MaxHighPrice": 19.1}, {"InnerCode": 402, "MaxHighPrice": 8.67}, {"InnerCode": 403, "MaxHighPrice": 8.89}, {"InnerCode": 412, "MaxHighPrice": 31.71}, {"InnerCode": 413, "MaxHighPrice": 41.87}, {"InnerCode": 415, "MaxHighPrice": 4.52}, {"InnerCode": 441, "MaxHighPrice": 8.73}, {"InnerCode": 442, "MaxHighPrice": 6.47}, {"InnerCode": 471, "MaxHighPrice": 41.76}, {"InnerCode": 477, "MaxHighPrice": 13.4}, {"InnerCode": 482, "MaxHighPrice": 25.81}, {"InnerCode": 483, "MaxHighPrice": 59.8}, {"InnerCode": 509, "MaxHighPrice": 18.89}, {"InnerCode": 521, "MaxHighPrice": 26.18}, {"InnerCode": 549, "MaxHighPrice": 15.09}, {"InnerCode": 561, "MaxHighPrice": 9.22}, {"InnerCode": 562, "MaxHighPrice": 17.94}, {"InnerCode": 566, "MaxHighPrice": 10.6}, {"InnerCode": 578, "MaxHighPrice": 6.33}, {"InnerCode": 579, "MaxHighPrice": 9.99}, {"InnerCode": 581, "MaxHighPrice": 26.3}, {"InnerCode": 587, "MaxHighPrice": 8.65}, {"InnerCode": 604, "MaxHighPrice": 13.06}, {"InnerCode": 605, "MaxHighPrice": 32.29}, {"InnerCode": 612, "MaxHighPrice": 18.27}, {"InnerCode": 613, "MaxHighPrice": 27.55}, {"InnerCode": 1125, "MaxHighPrice": 12.85}, {"InnerCode": 1130, "MaxHighPrice": 4.56}, {"InnerCode": 1178, "MaxHighPrice": 12.82}, {"InnerCode": 1184, "MaxHighPrice": 12.98}, {"InnerCode": 1188, "MaxHighPrice": 13.2}, {"InnerCode": 1219, "MaxHighPrice": 13.11}, {"InnerCode": 1220, "MaxHighPrice": 37.25}, {"InnerCode": 1223, "MaxHighPrice": 9.53}, {"InnerCode": 1234, "MaxHighPrice": 12.95}, {"InnerCode": 1246, "MaxHighPrice": 30.08}, {"InnerCode": 1253, "MaxHighPrice": 6.99}, {"InnerCode": 1256, "MaxHighPrice": 22.82}, {"InnerCode": 1274, "MaxHighPrice": 9.46}, {"InnerCode": 1275, "MaxHighPrice": 11.29}, {"InnerCode": 1277, "MaxHighPrice": 2.35}, {"InnerCode": 1289, "MaxHighPrice": 4.34}, {"InnerCode": 1295, "MaxHighPrice": 6.9}, {"InnerCode": 1329, "MaxHighPrice": 3.44}, {"InnerCode": 1379, "MaxHighPrice": 27.28}, {"InnerCode": 1391, "MaxHighPrice": 13.79}, {"InnerCode": 1404, "MaxHighPrice": 5.17}, {"InnerCode": 1421, "MaxHighPrice": 63.22}, {"InnerCode": 1422, "MaxHighPrice": 13.85}, {"InnerCode": 1437, "MaxHighPrice": 63.87}, {"InnerCode": 1448, "MaxHighPrice": 7.24}, {"InnerCode": 1471, "MaxHighPrice": 16.3}, {"InnerCode": 1475, "MaxHighPrice": 6.46}, {"InnerCode": 1492, "MaxHighPrice": 7.23}, {"InnerCode": 1500, "MaxHighPrice": 5.99}, {"InnerCode": 1506, "MaxHighPrice": 12.56}, {"InnerCode": 1510, "MaxHighPrice": 10.04}, {"InnerCode": 1514, "MaxHighPrice": 15.03}, {"InnerCode": 1524, "MaxHighPrice": 6.45}, {"InnerCode": 1533, "MaxHighPrice": 8.08}, {"InnerCode": 1534, "MaxHighPrice": 29.3}, {"InnerCode": 1551, "MaxHighPrice": 20.3}, {"InnerCode": 1574, "MaxHighPrice": 12.15}, {"InnerCode": 1647, "MaxHighPrice": 6.44}, {"InnerCode": 1649, "MaxHighPrice": 21.6}, {"InnerCode": 1650, "MaxHighPrice": 26.78}, {"InnerCode": 1652, "MaxHighPrice": 12.56}, {"InnerCode": 1666, "MaxHighPrice": 35.7}, {"InnerCode": 1674, "MaxHighPrice": 13.68}, {"InnerCode": 1676, "MaxHighPrice": 8.45}, {"InnerCode": 1681, "MaxHighPrice": 23.43}, {"InnerCode": 1693, "MaxHighPrice": 45.45}, {"InnerCode": 1700, "MaxHighPrice": 15.45}, {"InnerCode": 1743, "MaxHighPrice": 261.2}, {"InnerCode": 1747, "MaxHighPrice": 25.1}, {"InnerCode": 1769, "MaxHighPrice": 21.2}, {"InnerCode": 1772, "MaxHighPrice": 5.96}]

请理解查询结果

>>>>> Agent【Sql_query.understand_query_result】 Said:
查询结果表明: 在2021年6月23日至2021年12月23日期间，astockmarketquotesdb.qt_dailyquote表中的每支证券（InnerCode）的最高价（HighPrice）的最大值。例如，证券内部编码为28的证券在该时间段内的最高价最大值为29.27元，证券内部编码为67的证券在该时间段内的最高价最大值为10.8元，以此类推。每个证券内部编码对应一个最高价的最大值，展示了该时间段内各证券的最高价峰值。


>>>>> 【user】 Said:
查询SQL:
SELECT InnerCode, MAX(HighPrice) AS MaxHighPrice
FROM astockmarketquotesdb.qt_dailyquote
WHERE DATE(TradingDay) BETWEEN '2021-06-23' AND '2021-12-23'
GROUP BY InnerCode;
查询结果:
[{"InnerCode": 28, "MaxHighPrice": 29.27}, {"InnerCode": 67, "MaxHighPrice": 10.8}, {"InnerCode": 74, "MaxHighPrice": 4.06}, {"InnerCode": 75, "MaxHighPrice": 21.74}, {"InnerCode": 83, "MaxHighPrice": 22.02}, {"InnerCode": 94, "MaxHighPrice": 16.29}, {"InnerCode": 102, "MaxHighPrice": 6.96}, {"InnerCode": 107, "MaxHighPrice": 18.5}, {"InnerCode": 122, "MaxHighPrice": 39.26}, {"InnerCode": 123, "MaxHighPrice": 8.25}, {"InnerCode": 148, "MaxHighPrice": 15.2}, {"InnerCode": 171, "MaxHighPrice": 46.6}, {"InnerCode": 194, "MaxHighPrice": 52.36}, {"InnerCode": 221, "MaxHighPrice": 29.15}, {"InnerCode": 223, "MaxHighPrice": 5.44}, {"InnerCode": 247, "MaxHighPrice": 7.29}, {"InnerCode": 251, "MaxHighPrice": 3.55}, {"InnerCode": 277, "MaxHighPrice": 13.56}, {"InnerCode": 285, "MaxHighPrice": 6.43}, {"InnerCode": 310, "MaxHighPrice": 19.9}, {"InnerCode": 316, "MaxHighPrice": 5.12}, {"InnerCode": 318, "MaxHighPrice": 5.72}, {"InnerCode": 359, "MaxHighPrice": 13.54}, {"InnerCode": 396, "MaxHighPrice": 19.1}, {"InnerCode": 402, "MaxHighPrice": 8.67}, {"InnerCode": 403, "MaxHighPrice": 8.89}, {"InnerCode": 412, "MaxHighPrice": 31.71}, {"InnerCode": 413, "MaxHighPrice": 41.87}, {"InnerCode": 415, "MaxHighPrice": 4.52}, {"InnerCode": 441, "MaxHighPrice": 8.73}, {"InnerCode": 442, "MaxHighPrice": 6.47}, {"InnerCode": 471, "MaxHighPrice": 41.76}, {"InnerCode": 477, "MaxHighPrice": 13.4}, {"InnerCode": 482, "MaxHighPrice": 25.81}, {"InnerCode": 483, "MaxHighPrice": 59.8}, {"InnerCode": 509, "MaxHighPrice": 18.89}, {"InnerCode": 521, "MaxHighPrice": 26.18}, {"InnerCode": 549, "MaxHighPrice": 15.09}, {"InnerCode": 561, "MaxHighPrice": 9.22}, {"InnerCode": 562, "MaxHighPrice": 17.94}, {"InnerCode": 566, "MaxHighPrice": 10.6}, {"InnerCode": 578, "MaxHighPrice": 6.33}, {"InnerCode": 579, "MaxHighPrice": 9.99}, {"InnerCode": 581, "MaxHighPrice": 26.3}, {"InnerCode": 587, "MaxHighPrice": 8.65}, {"InnerCode": 604, "MaxHighPrice": 13.06}, {"InnerCode": 605, "MaxHighPrice": 32.29}, {"InnerCode": 612, "MaxHighPrice": 18.27}, {"InnerCode": 613, "MaxHighPrice": 27.55}, {"InnerCode": 1125, "MaxHighPrice": 12.85}, {"InnerCode": 1130, "MaxHighPrice": 4.56}, {"InnerCode": 1178, "MaxHighPrice": 12.82}, {"InnerCode": 1184, "MaxHighPrice": 12.98}, {"InnerCode": 1188, "MaxHighPrice": 13.2}, {"InnerCode": 1219, "MaxHighPrice": 13.11}, {"InnerCode": 1220, "MaxHighPrice": 37.25}, {"InnerCode": 1223, "MaxHighPrice": 9.53}, {"InnerCode": 1234, "MaxHighPrice": 12.95}, {"InnerCode": 1246, "MaxHighPrice": 30.08}, {"InnerCode": 1253, "MaxHighPrice": 6.99}, {"InnerCode": 1256, "MaxHighPrice": 22.82}, {"InnerCode": 1274, "MaxHighPrice": 9.46}, {"InnerCode": 1275, "MaxHighPrice": 11.29}, {"InnerCode": 1277, "MaxHighPrice": 2.35}, {"InnerCode": 1289, "MaxHighPrice": 4.34}, {"InnerCode": 1295, "MaxHighPrice": 6.9}, {"InnerCode": 1329, "MaxHighPrice": 3.44}, {"InnerCode": 1379, "MaxHighPrice": 27.28}, {"InnerCode": 1391, "MaxHighPrice": 13.79}, {"InnerCode": 1404, "MaxHighPrice": 5.17}, {"InnerCode": 1421, "MaxHighPrice": 63.22}, {"InnerCode": 1422, "MaxHighPrice": 13.85}, {"InnerCode": 1437, "MaxHighPrice": 63.87}, {"InnerCode": 1448, "MaxHighPrice": 7.24}, {"InnerCode": 1471, "MaxHighPrice": 16.3}, {"InnerCode": 1475, "MaxHighPrice": 6.46}, {"InnerCode": 1492, "MaxHighPrice": 7.23}, {"InnerCode": 1500, "MaxHighPrice": 5.99}, {"InnerCode": 1506, "MaxHighPrice": 12.56}, {"InnerCode": 1510, "MaxHighPrice": 10.04}, {"InnerCode": 1514, "MaxHighPrice": 15.03}, {"InnerCode": 1524, "MaxHighPrice": 6.45}, {"InnerCode": 1533, "MaxHighPrice": 8.08}, {"InnerCode": 1534, "MaxHighPrice": 29.3}, {"InnerCode": 1551, "MaxHighPrice": 20.3}, {"InnerCode": 1574, "MaxHighPrice": 12.15}, {"InnerCode": 1647, "MaxHighPrice": 6.44}, {"InnerCode": 1649, "MaxHighPrice": 21.6}, {"InnerCode": 1650, "MaxHighPrice": 26.78}, {"InnerCode": 1652, "MaxHighPrice": 12.56}, {"InnerCode": 1666, "MaxHighPrice": 35.7}, {"InnerCode": 1674, "MaxHighPrice": 13.68}, {"InnerCode": 1676, "MaxHighPrice": 8.45}, {"InnerCode": 1681, "MaxHighPrice": 23.43}, {"InnerCode": 1693, "MaxHighPrice": 45.45}, {"InnerCode": 1700, "MaxHighPrice": 15.45}, {"InnerCode": 1743, "MaxHighPrice": 261.2}, {"InnerCode": 1747, "MaxHighPrice": 25.1}, {"InnerCode": 1769, "MaxHighPrice": 21.2}, {"InnerCode": 1772, "MaxHighPrice": 5.96}]

查询结果表明: 在2021年6月23日至2021年12月23日期间，astockmarketquotesdb.qt_dailyquote表中的每支证券（InnerCode）的最高价（HighPrice）的最大值。例如，证券内部编码为28的证券在该时间段内的最高价最大值为29.27元，证券内部编码为67的证券在该时间段内的最高价最大值为10.8元，以此类推。每个证券内部编码对应一个最高价的最大值，展示了该时间段内各证券的最高价峰值。

当前掌握的信息是否能够回答"在2021年12月23日这一天，创下了近半年新高的股票共有多少只？"？还是要继续执行下一阶段SQL查询？

>>>>> Agent【Sql_query.master】 Said:
【已知信息】
- 已获取2021年12月23日所有股票的最高价。
- 已获取每只股票在2021年6月23日至2021年12月23日期间的最高价。

【当前阶段要获取的信息】
- 统计在2021年12月23日创近半年新高的股票数量。

【信息所在字段】
- 2021年12月23日的最高价：astockmarketquotesdb.qt_dailyquote.HighPrice
- 近半年的最高价：astockmarketquotesdb.qt_dailyquote.MaxHighPrice

【筛选条件所在字段】
- astockmarketquotesdb.qt_dailyquote.InnerCode（证券内部编码）

【SQL语句的思路】
- 将2021年12月23日的最高价与近半年的最高价进行比较。
- 统计符合条件的股票数量。

【执行SQL语句】
```exec_sql
SELECT COUNT(*) AS NumStocks
FROM (
    SELECT a.InnerCode
    FROM (
        SELECT InnerCode, HighPrice
        FROM astockmarketquotesdb.qt_dailyquote
        WHERE DATE(TradingDay) = '2021-12-23'
    ) AS a
    JOIN (
        SELECT InnerCode, MAX(HighPrice) AS MaxHighPrice
        FROM astockmarketquotesdb.qt_dailyquote
        WHERE DATE(TradingDay) BETWEEN '2021-06-23' AND '2021-12-23'
        GROUP BY InnerCode
    ) AS b ON a.InnerCode = b.InnerCode
    WHERE a.HighPrice >= b.MaxHighPrice
) AS c
```

【上述SQL语句的含义】
- 从2021年12月23日的股票最高价数据（a表）和近半年内的股票最高价数据（b表）中进行联合查询。
- 通过比较2021年12月23日的最高价和近半年的最高价，筛选出在2021年12月23日创近半年新高的股票。
- 统计这些股票的数量。

>>>>> 查询sql:
SELECT COUNT(*) AS NumStocks
FROM (
    SELECT a.InnerCode
    FROM (
        SELECT InnerCode, HighPrice
        FROM astockmarketquotesdb.qt_dailyquote
        WHERE DATE(TradingDay) = '2021-12-23'
    ) AS a
    JOIN (
        SELECT InnerCode, MAX(HighPrice) AS MaxHighPrice
        FROM astockmarketquotesdb.qt_dailyquote
        WHERE DATE(TradingDay) BETWEEN '2021-06-23' AND '2021-12-23'
        GROUP BY InnerCode
    ) AS b ON a.InnerCode = b.InnerCode
    WHERE a.HighPrice >= b.MaxHighPrice
) AS c;
查询结果:
[{"NumStocks": 15}]


>>>>> 【user】 Said:
查询SQL:
SELECT COUNT(*) AS NumStocks
FROM (
    SELECT a.InnerCode
    FROM (
        SELECT InnerCode, HighPrice
        FROM astockmarketquotesdb.qt_dailyquote
        WHERE DATE(TradingDay) = '2021-12-23'
    ) AS a
    JOIN (
        SELECT InnerCode, MAX(HighPrice) AS MaxHighPrice
        FROM astockmarketquotesdb.qt_dailyquote
        WHERE DATE(TradingDay) BETWEEN '2021-06-23' AND '2021-12-23'
        GROUP BY InnerCode
    ) AS b ON a.InnerCode = b.InnerCode
    WHERE a.HighPrice >= b.MaxHighPrice
) AS c;
查询结果:
[{"NumStocks": 15}]

请理解查询结果

>>>>> Agent【Sql_query.understand_query_result】 Said:
查询结果表明: 在2021年12月23日这一天，共有15支股票的最高价（HighPrice）达到了其在2021年6月23日至2021年12月23日期间内的最高价（MaxHighPrice）。这个结果是通过首先从astockmarketquotesdb.qt_dailyquote表中筛选出2021年12月23日的股票最高价，然后与同一表中年6月23日至12月23日期间的每支股票的最高价进行比较，最终统计出满足条件的股票数量（NumStocks）。


>>>>> 【user】 Said:
查询SQL:
SELECT COUNT(*) AS NumStocks
FROM (
    SELECT a.InnerCode
    FROM (
        SELECT InnerCode, HighPrice
        FROM astockmarketquotesdb.qt_dailyquote
        WHERE DATE(TradingDay) = '2021-12-23'
    ) AS a
    JOIN (
        SELECT InnerCode, MAX(HighPrice) AS MaxHighPrice
        FROM astockmarketquotesdb.qt_dailyquote
        WHERE DATE(TradingDay) BETWEEN '2021-06-23' AND '2021-12-23'
        GROUP BY InnerCode
    ) AS b ON a.InnerCode = b.InnerCode
    WHERE a.HighPrice >= b.MaxHighPrice
) AS c;
查询结果:
[{"NumStocks": 15}]

查询结果表明: 在2021年12月23日这一天，共有15支股票的最高价（HighPrice）达到了其在2021年6月23日至2021年12月23日期间内的最高价（MaxHighPrice）。这个结果是通过首先从astockmarketquotesdb.qt_dailyquote表中筛选出2021年12月23日的股票最高价，然后与同一表中年6月23日至12月23日期间的每支股票的最高价进行比较，最终统计出满足条件的股票数量（NumStocks）。

当前掌握的信息是否能够回答"在2021年12月23日这一天，创下了近半年新高的股票共有多少只？"？还是要继续执行下一阶段SQL查询？

>>>>> Agent【Sql_query.master】 Said:
【已知信息】
- 在2021年12月23日这一天，共有15支股票的最高价达到了其在2021年6月23日至2021年12月23日期间内的最高价。

【当前阶段要获取的信息】
- 无需继续执行SQL查询。

【信息所在字段】
- 无需继续执行SQL查询。

【筛选条件所在字段】
- 无需继续执行SQL查询。

【SQL语句的思路】
- 无需继续执行SQL查询。

【执行SQL语句】
```exec_sql
无
```

【上述SQL语句的含义】
- 无需继续执行SQL查询。

【当前掌握的信息是否能够回答"在2021年12月23日这一天，创下了近半年新高的股票共有多少只？"】
- 是的，当前掌握的信息已经能够回答这个问题。在2021年12月23日这一天，创下了近半年新高的股票共有15只。无需继续执行下一阶段SQL查询。


>>>>> 【user】 Said:
请回答问题:"在2021年12月23日这一天，创下了近半年新高的股票共有多少只？"

>>>>> Agent【Sql_query.summary】 Said:
15只
