
>>>>> Original Question: 截止2023年末,该2级概念下一共有几个未终止的概念板块？


>>>>> Agent【extract_company】 Said:
No Entities.


>>>>> Agent【rewrite_question】 Said:
截止2023年末，属于“制造2025”这个二级概念分类的未终止概念板块共有几个？

>>>>> 已知事实:


>>>>> Agent【Check_db_structure.db_selector】 Said:
【分析】
用户需要查询的是截止2023年末，属于“制造2025”这个二级概念分类的未终止概念板块的数量。这涉及到概念板块的分类信息以及其终止状态。根据知识库中的描述，最相关的数据库是“astockindustrydb”，因为它记录了与行业分类和概念板块相关的信息。

【选中的数据库】
- astockindustrydb: 这个数据库记录了A股上市公司在行业划分、行业变更、估值指标、财务指标及概念板块等多个方面的信息，涵盖了与热点概念相关的分类和公司归属信息。

【选中的数据库的清单】
```json
["astockindustrydb"]
```


>>>>> Agent【Check_db_structure.table_selector】 Said:
【分析】
要回答“截止2023年末，属于‘制造2025’这个二级概念分类的未终止概念板块共有几个？”这个问题，我们需要找到包含概念分类信息以及状态信息的表。具体来说，我们需要以下信息：
1. 二级概念的代码和名称。
2. 概念板块的起始日期和结束日期。
3. 概念板块的状态信息，以确定是否未终止。

【选中的数据表】
- astockindustrydb.lc_conceptlist: 这个数据表包含与概念分类相关的信息，包括一级和二级概念的代码和名称，以及概念板块的编码和名称。此外，还包括概念的时间信息如起始日期、结束日期和信息发布日期，状态信息如所属状态，以及补充信息如备注和概念英文名称。

【选中的数据库表的清单】
```json
["astockindustrydb.lc_conceptlist"]
```


>>>>> Agent【Check_db_structure.columns_selector】 Said:
【分析】
用户提问需要找出截止到2023年末，属于“制造2025”这个二级概念分类的未终止概念板块的数量。因此，我们需要关注以下信息：
1. 二级概念分类名称（“制造2025”）
2. 概念板块的终止状态（未终止）
3. 时间范围（截止到2023年末）

【信息所在字段】
- astockindustrydb.lc_conceptlist.SubclassName: 这个字段可能包含二级概念分类名称信息，对应用户提问中的“制造2025”
- astockindustrydb.lc_conceptlist.ConceptState: 这个字段可能包含概念板块的终止状态信息，对应用户提问中的“未终止”
- astockindustrydb.lc_conceptlist.EndDate: 这个字段可能包含概念板块的终止日期信息，对应用户提问中的“截止到2023年末”

【筛选条件所在字段】
- astockindustrydb.lc_conceptlist.SubclassName: 这个字段可能包含二级概念分类名称信息，对应用户提问中的“制造2025”
- astockindustrydb.lc_conceptlist.ConceptState: 这个字段可能包含概念板块的终止状态信息，对应用户提问中的“未终止”
- astockindustrydb.lc_conceptlist.EndDate: 这个字段可能包含概念板块的终止日期信息，对应用户提问中的“截止到2023年末”

【选中的字段的清单】
```json
{"astockindustrydb.lc_conceptlist": ["SubclassName", "ConceptState", "EndDate"]}
```


>>>>> Agent【Sql_query.master】 Said:
【已知信息】
1. 在表`astockindustrydb.lc_coconcept`中，没有找到`InnerCode`为12345的记录。
2. 根据公司代码12345，未找到任何相关的二级概念名称（`SubclassName`）。
3. 在表`astockindustrydb.lc_conceptlist`中，没有找到`SubclassName`字段包含“芯片”关键词的记录。
4. 在表`astockindustrydb.lc_conceptlist`中，查询到概念名称包含“芯片”的第一个二级概念名称为“制造2025”。

【当前阶段要获取的信息】
截止2023年末，属于“制造2025”这个二级概念分类的未终止概念板块的数量。

【信息所在字段】
- `SubclassName`：二级概念名称
- `ConceptState`：所属状态
- `EndDate`：日期

【筛选条件所在字段】
- `SubclassName` = '制造2025'
- `ConceptState` = 1
- `EndDate` = '2023-12-31'

【SQL语句的思路】
1. 从`astockindustrydb.lc_conceptlist`表中选择记录。
2. 筛选条件为`SubclassName`等于“制造2025”，`ConceptState`等于1（表示未终止），且`EndDate`等于2023年12月31日。
3. 计算满足条件的记录数量。

【执行SQL语句】
```exec_sql
SELECT COUNT(*) 
FROM astockindustrydb.lc_conceptlist 
WHERE SubclassName = '制造2025' 
  AND ConceptState = 1 
  AND DATE(EndDate) = '2023-12-31'
```

【上述SQL语句的含义】
该SQL语句用于统计在`astockindustrydb.lc_conceptlist`表中，截止到2023年12月31日，属于“制造2025”二级概念分类且状态为未终止（`ConceptState` = 1）的概念板块的数量。

>>>>> 查询sql:
SELECT COUNT(*) 
FROM astockindustrydb.lc_conceptlist 
WHERE SubclassName = '制造2025' 
  AND ConceptState = 1 
  AND DATE(EndDate) = '2023-12-31';
查询结果:
[{"COUNT(*)": 0}]


>>>>> Agent【Sql_query.understand_query_result】 Said:
查询结果表明: 在表astockindustrydb.lc_conceptlist中，没有找到满足以下条件的记录：所属2级概念名称为“制造2025”，所属状态为正常（ConceptState为1），且日期为2023年12月31日。


>>>>> Agent【Sql_query.master】 Said:
【已知信息】
1. 在表`astockindustrydb.lc_coconcept`中，没有找到`InnerCode`为12345的记录。
2. 根据公司代码12345，未找到任何相关的二级概念名称（`SubclassName`）。
3. 在表`astockindustrydb.lc_conceptlist`中，没有找到`SubclassName`字段包含“芯片”关键词的记录。
4. 在表`astockindustrydb.lc_conceptlist`中，查询到概念名称包含“芯片”的第一个二级概念名称为“制造2025”。
5. 在表`astockindustrydb.lc_conceptlist`中，没有找到满足以下条件的记录：所属2级概念名称为“制造2025”，所属状态为正常（`ConceptState`为1），且日期为2023年12月31日。

【当前阶段要获取的信息】
无

【信息所在字段】
无

【筛选条件所在字段】
无

【SQL语句的思路】
无

【执行SQL语句】
无

【上述SQL语句的含义】
无

### 结论
当前掌握的信息已经能够回答“截止2023年末，属于‘制造2025’这个二级概念分类的未终止概念板块共有几个？”的问题。根据最新的查询结果，截止2023年末，属于“制造2025”这个二级概念分类的未终止概念板块共有0个。因此，无需继续执行下一阶段的SQL查询。


>>>>> Agent【Sql_query.summary】 Said:
0个
