
>>>>> Original Question: 东吴证券属于哪个三级行业？


>>>>> 【user】 Said:
已知事实:无。
历史问答:无。
现在用户继续提问，请根据已知信息，理解当前这个问题的完整含义，并重写这个问题使得单独拿出来看仍然能够正确理解：东吴证券属于哪个三级行业？

>>>>> Agent【rewrite_question】 Said:
东吴证券属于哪个三级行业分类？


>>>>> 【user】 Said:
提取下面这段文字里的实体，如公司名、股票代码等，如果识别结果是空，那么就回复No Entities."东吴证券属于哪个三级行业分类？"

>>>>> Agent【extract_company】 Said:
```json
["东吴证券"]
```

>>>>> 查询sql:
SELECT 'constantdb.secumain' AS TableName, InnerCode, CompanyCode, ChiName, EngName, SecuCode
FROM constantdb.secumain 
WHERE SecuCode = '东吴证券'
   OR ChiName LIKE '%东吴证券%'
   OR ChiNameAbbr LIKE '%东吴证券%'
   OR EngName LIKE '%东吴证券%'
   OR EngNameAbbr LIKE '%东吴证券%'
   OR SecuAbbr LIKE '%东吴证券%'
UNION ALL
SELECT 'constantdb.hk_secumain' AS TableName, InnerCode, CompanyCode, ChiName, EngName, SecuCode
FROM constantdb.hk_secumain 
WHERE SecuCode = '%东吴证券%'
   OR ChiName LIKE '%东吴证券%'
   OR ChiNameAbbr LIKE '%东吴证券%'
   OR EngName LIKE '%东吴证券%'
   OR EngNameAbbr LIKE '%东吴证券%'
   OR SecuAbbr LIKE '%东吴证券%'
   OR FormerName LIKE '%东吴证券%'
UNION ALL
SELECT 'constantdb.us_secumain' AS TableName, InnerCode, CompanyCode, ChiName, EngName, SecuCode
FROM constantdb.us_secumain 
WHERE SecuCode = '东吴证券'
   OR ChiName LIKE '%东吴证券%'
   OR EngName LIKE '%东吴证券%'
   OR SecuAbbr LIKE '%东吴证券%';
查询结果:
[{"TableName": "constantdb.secumain", "InnerCode": 14704, "CompanyCode": 41664, "ChiName": "东吴证券股份有限公司", "EngName": "Soochow Securities Co.,Ltd.", "SecuCode": "601555"}]

>>>>> 已知事实:
东吴证券的关联信息有:[所在数据表是constantdb.secumain;InnerCode(证券内部编码)是14704;CompanyCode(公司代码)是41664;ChiName(中文名称)是东吴证券股份有限公司;EngName(英文名称)是Soochow Securities Co.,Ltd.;SecuCode(证券代码)是601555;]

>>>>> 【user】 Said:
请选择db，务必遵循输出的格式要求。

>>>>> Agent【Check_db_structure.db_selector】 Said:
【分析】
用户询问东吴证券属于哪个三级行业分类，这涉及到上市公司的行业分类信息。根据知识库，"astockindustrydb"数据库记录了A股上市公司在行业划分、行业变更等多个方面的信息，涵盖了公司所属行业的多层级划分，因此可以从该数据库中获取东吴证券的三级行业分类信息。

【选中的数据库】
- astockindustrydb: 这个数据库包含上市公司的行业划分、行业变更等信息，可以查到东吴证券的三级行业分类。

【选中的数据库的清单】
```json
["astockindustrydb"]
```


>>>>> 【user】 Said:
数据库表信息如下:
[{"表名": "astockindustrydb.lc_exgindustry", "说明": "该数据表包含与公司及行业相关的信息，主要字段包括公司标识信息如公司代码，信息动态如发布日期和来源，行业分类信息如行业划分标准、所属行业及是否执行，并提供多层级行业分类数据，包括一级至四级行业的代码和名称，以及取消日期等补充信息。"}, {"表名": "astockindustrydb.lc_exgindchange", "说明": "该数据表主要用于记录公司相关的行业信息和执行状态，字段包括公司基础信息如公司代码，公司动态信息如信息发布日期和信息来源，行业分类信息如行业划分标准、所属行业，以及多级行业信息包括一级到四级的行业代码和名称。此外，还包含执行状态相关字段如是否执行和取消日期。"}, {"表名": "astockindustrydb.lc_industryvaluation", "说明": "该数据表主要用于记录行业相关的统计信息和财务指标，包含以下字段：基础信息如行业内部编码、行业名称、行业代码、行业分类标准等；时间信息如交易日；统计维度如统计类型和统计板块；行业市值信息如总市值、A股流通市值、A股自由流通市值等；估值指标如滚动市盈率、静态市盈率、市净率、滚动股息率、滚动市现率、静态市现率、滚动市销率、静态市销率等；其他信息如上市证券数量和分类等，全面反映行业的市场表现和财务状况。"}, {"表名": "astockindustrydb.lc_indfinindicators", "说明": "该数据表主要用于描述行业相关的统计和财务信息，字段涵盖多个方面：基础信息如行业内部编码、名称、级别、代码及划分标准等；时间信息包括信息发布日期和截止日期；统计指标如统计类型和板块；财务数据包括行业营业收入、营业成本、营业利润、净利润及归属母公司净利润等，均提供TTM（滚动12个月）和累计值；资产与股本信息如总资产、净资产、总股本等；盈利能力指标包括每股收益、净资产收益率（平均、摊薄、TTM及扣除值）、总资产净利率、销售毛利率、销售净利率等；费用相关指标如财务费用率、销售费用率、期间费用率及营业总成本占比；运营效率指标包括存货周转率及天数、应收账款周转率及天数、总资产周转率等；现金流与偿债能力指标如经营现金流利息保障倍数、流动比率、速动比率、利息保障倍数等；增长性指标如归属母公司净利润同比增长、毛利润同比增长等；其他指标如资产负债率、有形资产净值占比、对外投资占比、预收账款占营业收入比、应收账款占营业收入比等，全面反映行业的财务状况、盈利能力、运营效率及偿债能力。"}, {"表名": "astockindustrydb.lc_coconcept", "说明": "该数据表主要用于记录证券相关概念及状态信息，包括证券内部编码和概念代码等基础标识信息，调入日期与调出日期等时间维度信息，所属状态及备注等描述性信息，以及信息发布日期等数据更新信息。"}, {"表名": "astockindustrydb.lc_conceptlist", "说明": "该数据表包含与概念分类相关的信息，包括一级和二级概念的代码和名称，以及概念板块的编码和名称。此外，还包括概念的时间信息如起始日期、结束日期和信息发布日期，状态信息如所属状态，以及补充信息如备注和概念英文名称。"}]

请选择table，务必遵循输出的格式要求。

>>>>> Agent【Check_db_structure.table_selector】 Said:
【分析】
要确定东吴证券属于哪个三级行业分类，需要查询与公司及行业相关的信息，特别是多层级行业分类数据。根据提供的数据库表信息，`astockindustrydb.lc_exgindustry` 表包含公司标识信息和多层级行业分类数据，适合用于查找东吴证券的三级行业分类。

【选中的数据表】
- astockindustrydb.lc_exgindustry: 这个数据表包含公司标识信息如公司代码，以及多层级行业分类数据，包括一级至四级行业的代码和名称。

【选中的数据库表的清单】
```json
["astockindustrydb.lc_exgindustry"]
```


>>>>> 【user】 Said:
已取得可用的数据表的字段信息如下:
[{"表名": "astockindustrydb.lc_exgindustry", "表字段": [{"column": "CompanyCode", "desc": "公司代码；公司代码（CompanyCode）：与“证券主表（SecuMain）”中的“公司代码（CompanyCode）”关联，得到上市公司的交易代码、简称等。"}, {"column": "InfoPublDate", "desc": "信息发布日期"}, {"column": "InfoSource", "desc": "信息来源"}, {"column": "Standard", "desc": "行业划分标准；行业划分标准（Standard）：与“系统常量表”中的“代码（DM）”关联，令“LB=1081”，得到行业划分的具体标准：1-CSRC行业分类2001版(不更新)，3-中信行业分类2010版(不更新)，5-上交所行业分类(不更新)，6-聚源行业分类(旧)(不更新)，7-SSE-GICS行业分类(不更新)，8-聚源行业分类(不更新)，9-申万行业分类2011版(不更新)，11-中银(BOCI)行业分类(不更新)，12-中证指数行业分类2007版(不更新)，13-中信标普GICS行业分类(不更新)，18-证监会行业分类(中证)(不更新)，19-银华自定义行业分类(不更新)，20-国证行业分类，21-新聚源行业分类(不更新)，22-证监会行业分类2012版，23-证监会行业分类2012版(中证披露)，24-申万行业分类2014版(不更新)，28-中证指数行业分类2016版(不更新)，30-聚源行业分类2016版，32-国民经济行业分类(2017)，37-中信行业2019分类，38-申万行业分类(新)，40-中证指数行业分类(2021版)，42-AMAC行业分类，44-中国上市公司协会行业分类。"}, {"column": "Industry", "desc": "所属行业；所属行业（Industry）：当Standard=1、8、18时，与“行业表”中的“行业编码（IndustryNum）”关联；当Standard=3、5时，与“系统常量表”的“代码（DM）”关联，“LB=1082”；当Standard=6、13时，与“系统常量表”的“代码（DM）”关联，“LB=1460”；当Standard=7时，与“系统常量表”的“代码（DM）”关联，“LB=1294”；当Standard=9时，与“系统常量表”的“代码（DM）”关联，“LB=1465”；当Standard=24时，与“系统常量表”的“代码（DM）”关联，“LB=1804”；当Standard=19、20、30、32、37、38、40、42、44时，与“行业类别表”的“行业内部编码（IndustryNum）”关联；当Standard=11时，与“系统常量表”的“代码（DM）”关联，“LB=1477”；当Standard=12时，与“系统常量表”的“代码（DM）”关联，“LB=1478”；当Standard=21时，与“系统常量表”的“代码（DM）”关联，“LB=1753”；当Standard=22时，与“系统常量表”的“代码（DM）”关联，“LB=1755”；当Standard=23时，与“系统常量表”的“代码（DM）”关联，“LB=1755”；当Standard=28时，与“系统常量表”的“代码（DM）”关联，“LB=1984”。"}, {"column": "IfPerformed", "desc": "是否执行；是否执行（IfPerformed），该字段固定以下常量：1-是；2-否"}, {"column": "CancelDate", "desc": "取消日期"}, {"column": "FirstIndustryCode", "desc": "对应一级行业代码"}, {"column": "FirstIndustryName", "desc": "对应一级行业名称"}, {"column": "SecondIndustryCode", "desc": "对应二级行业代码"}, {"column": "SecondIndustryName", "desc": "对应二级行业名称"}, {"column": "ThirdIndustryCode", "desc": "对应三级行业代码"}, {"column": "ThirdIndustryName", "desc": "对应三级行业名称"}, {"column": "FourthIndustryCode", "desc": "四级行业代码"}, {"column": "FourthIndustryName", "desc": "四级行业名称"}]}]

请选择column，务必遵循输出的格式要求。

>>>>> Agent【Check_db_structure.columns_selector】 Said:
【分析】
用户询问东吴证券属于哪个三级行业分类，需要找到与公司名称和三级行业分类相关的字段。

【信息所在字段】
- astockindustrydb.lc_exgindustry.CompanyCode: 这个字段可能包含公司代码信息，对应用户提问中的“东吴证券”
- astockindustrydb.lc_exgindustry.ThirdIndustryCode: 这个字段可能包含三级行业代码信息，对应用户提问中的“三级行业分类”
- astockindustrydb.lc_exgindustry.ThirdIndustryName: 这个字段可能包含三级行业名称信息，对应用户提问中的“三级行业分类”

【筛选条件所在字段】
- astockindustrydb.lc_exgindustry.CompanyCode: 这个字段可能包含公司代码信息，对应用户提问中的“东吴证券”

【选中的字段的清单】
```json
{"astockindustrydb.lc_exgindustry": ["CompanyCode", "ThirdIndustryCode", "ThirdIndustryName"]}
```


>>>>> 【user】 Said:
东吴证券属于哪个三级行业分类？

>>>>> Agent【Sql_query.master】 Said:
【已知信息】
- 东吴证券的关联信息有：所在数据表是constantdb.secumain; InnerCode(证券内部编码)是14704; CompanyCode(公司代码)是41664; ChiName(中文名称)是东吴证券股份有限公司; EngName(英文名称)是Soochow Securities Co.,Ltd.; SecuCode(证券代码)是601555。

【当前阶段要获取的信息】
- 东吴证券的三级行业分类名称

【信息所在字段】
- ThirdIndustryName（对应三级行业名称）

【筛选条件所在字段】
- CompanyCode（公司代码）

【SQL语句的思路】
- 使用东吴证券的CompanyCode在astockindustrydb.lc_exgindustry表中查找对应的三级行业名称

【执行SQL语句】
```exec_sql
SELECT ThirdIndustryName 
FROM astockindustrydb.lc_exgindustry 
WHERE CompanyCode = 41664
LIMIT 1
```

【上述SQL语句的含义】
- 从astockindustrydb.lc_exgindustry表中选取ThirdIndustryName字段，筛选条件是CompanyCode等于41664，限制返回结果为1条。这样可以获取东吴证券对应的三级行业分类名称。

>>>>> 查询sql:
SELECT ThirdIndustryName 
FROM astockindustrydb.lc_exgindustry 
WHERE CompanyCode = 41664
LIMIT 1;
查询结果:
[{"ThirdIndustryName": "证券"}]


>>>>> 【user】 Said:
查询SQL:
SELECT ThirdIndustryName 
FROM astockindustrydb.lc_exgindustry 
WHERE CompanyCode = 41664
LIMIT 1;
查询结果:
[{"ThirdIndustryName": "证券"}]

请理解查询结果

>>>>> Agent【Sql_query.understand_query_result】 Said:
查询结果表明: 该查询从`astockindustrydb.lc_exgindustry`表中获取了`CompanyCode`为41664的公司的三级行业名称（ThirdIndustryName），结果显示该公司所属的三级行业名称为“证券”。由于使用了`LIMIT 1`，查询结果只返回了第一条符合条件的记录。


>>>>> 【user】 Said:
查询SQL:
SELECT ThirdIndustryName 
FROM astockindustrydb.lc_exgindustry 
WHERE CompanyCode = 41664
LIMIT 1;
查询结果:
[{"ThirdIndustryName": "证券"}]

查询结果表明: 该查询从`astockindustrydb.lc_exgindustry`表中获取了`CompanyCode`为41664的公司的三级行业名称（ThirdIndustryName），结果显示该公司所属的三级行业名称为“证券”。由于使用了`LIMIT 1`，查询结果只返回了第一条符合条件的记录。

当前掌握的信息是否能够回答"东吴证券属于哪个三级行业分类？"？还是要继续执行下一阶段SQL查询？

>>>>> Agent【Sql_query.master】 Said:
【已知信息】
- 东吴证券的关联信息有：所在数据表是constantdb.secumain; InnerCode(证券内部编码)是14704; CompanyCode(公司代码)是41664; ChiName(中文名称)是东吴证券股份有限公司; EngName(英文名称)是Soochow Securities Co.,Ltd.; SecuCode(证券代码)是601555。
- 查询结果显示东吴证券的三级行业名称为“证券”。

【当前阶段要获取的信息】
- 无

【信息所在字段】
- 无

【筛选条件所在字段】
- 无

【SQL语句的思路】
- 无

【执行SQL语句】
- 无

【上述SQL语句的含义】
- 无

当前掌握的信息已经能够回答“东吴证券属于哪个三级行业分类？”的问题。东吴证券所属的三级行业分类为“证券”。无需继续执行下一阶段SQL查询。


>>>>> 【user】 Said:
请回答问题:"东吴证券属于哪个三级行业分类？"

>>>>> Agent【Sql_query.summary】 Said:
东吴证券属于证券三级行业分类。
