
>>>>> Original Question: 2019年的当天有多少家公司是上涨的？


>>>>> Agent【extract_company】 Said:
No Entities.


>>>>> Agent【rewrite_question】 Said:
在2019年的某一天（具体日期未提供），有多少家公司的股票价格是上涨的？

>>>>> 已知事实:


>>>>> Agent【Check_db_structure.db_selector】 Said:
【分析】
用户需要查询在2019年某一天股票价格上涨的公司数量。这涉及到股票行情数据，具体需要每日的股票价格变动情况。因此，最适合的数据库是记录股票行情的数据库。

【选中的数据库】
- astockmarketquotesdb: 这个数据库记录了境内股票的交易行情，包括每日行情、价格变动等信息，可以用来判断某一天股票价格是否上涨。

【选中的数据库的清单】
```json
["astockmarketquotesdb"]
```


>>>>> Agent【Check_db_structure.table_selector】 Said:
【分析】
要确定在2019年的某一天有多少家公司的股票价格是上涨的，我们需要找到记录每日股票价格变动的数据表。具体来说，我们需要以下信息：
1. 交易日期
2. 股票的收盘价
3. 股票的前一交易日收盘价（或涨跌幅）

通过这些信息，我们可以计算出某一天股票的涨跌情况。

【选中的数据表】
- astockmarketquotesdb.qt_dailyquote: 该数据表记录了每日交易的核心信息，包括交易日期、昨收盘价和收盘价，可以用来计算股票的涨跌情况。
- astockmarketquotesdb.qt_stockperformance: 该数据表涵盖了证券交易的多维度信息，包括交易日期、收盘价和涨跌幅，也可以用来计算股票的涨跌情况。

【选中的数据库表的清单】
```json
["astockmarketquotesdb.qt_dailyquote", "astockmarketquotesdb.qt_stockperformance"]
```


>>>>> Agent【Check_db_structure.columns_selector】 Said:
【分析】
用户提问需要确定在2019年的某一天，有多少家公司的股票价格是上涨的。这需要我们找到相关的股票价格数据，并判断涨跌情况。

【信息所在字段】
- astockmarketquotesdb.qt_dailyquote.ClosePrice: 这个字段可能包含收盘价信息，对应用户提问中的股票价格。
- astockmarketquotesdb.qt_dailyquote.PrevClosePrice: 这个字段可能包含昨收盘价信息，对应用户提问中的股票价格。

【筛选条件所在字段】
- astockmarketquotesdb.qt_dailyquote.TradingDay: 这个字段可能包含交易日信息，对应用户提问中的2019年的某一天。

【选中的字段的清单】
```json
{
  "astockmarketquotesdb.qt_dailyquote": ["ClosePrice", "PrevClosePrice", "TradingDay"]
}
```


>>>>> Agent【Sql_query.master】 Said:
【已知信息】
- 已知在`astockbasicinfodb.lc_stockarchives`表中，没有找到公司成立日期为2022年且国别为中国的记录。
- 需要查询2019年某一天股票价格上涨的公司数量。

【当前阶段要获取的信息】
- 2019年某一天股票价格上涨的公司数量。

【信息所在字段】
- `ClosePrice`（收盘价）
- `PrevClosePrice`（昨收盘价）

【筛选条件所在字段】
- `TradingDay`（交易日）

【SQL语句的思路】
1. 选择`TradingDay`为2019年某一天的记录。
2. 比较`ClosePrice`和`PrevClosePrice`，筛选出收盘价高于昨收盘价的记录。
3. 计算满足条件的记录数量。

【执行SQL语句】
```exec_sql
SELECT COUNT(*) 
FROM astockmarketquotesdb.qt_dailyquote 
WHERE DATE(TradingDay) = '2019-01-01' 
AND ClosePrice > PrevClosePrice
```
【上述SQL语句的含义】
- 从`astockmarketquotesdb.qt_dailyquote`表中选择2019年1月1日的记录。
- 筛选出收盘价高于昨收盘价的记录。
- 计算这些记录的数量，即股票价格上涨的公司数量。

请注意，这里假设了具体的日期为2019年1月1日，如果需要查询其他日期，请替换`'2019-01-01'`为相应的日期。

>>>>> 查询sql:
SELECT COUNT(*) 
FROM astockmarketquotesdb.qt_dailyquote 
WHERE DATE(TradingDay) = '2019-01-01' 
AND ClosePrice > PrevClosePrice;
查询结果:
[{"COUNT(*)": 0}]


>>>>> Agent【Sql_query.understand_query_result】 Said:
查询结果表明: 在2019年1月1日的交易日中，没有任何股票的收盘价（ClosePrice）高于其前一交易日的收盘价（PrevClosePrice）。


>>>>> Agent【Sql_query.master】 Said:
【已知信息】
- 在2019年1月1日的交易日中，没有任何股票的收盘价（ClosePrice）高于其前一交易日的收盘价（PrevClosePrice）。
- 查询结果为0，表示2019年1月1日没有股票价格上涨。

【当前阶段要获取的信息】
- 需要确认用户是否需要查询2019年其他日期的股票价格上涨情况。

【信息所在字段】
- `ClosePrice`（收盘价）
- `PrevClosePrice`（昨收盘价）

【筛选条件所在字段】
- `TradingDay`（交易日）

【SQL语句的思路】
- 由于用户未提供具体的日期，我们需要确认是否需要查询2019年其他日期的股票价格上涨情况。

【执行SQL语句】
无

【上述SQL语句的含义】
无

## 下一步操作
由于当前查询结果已经表明2019年1月1日没有股票价格上涨的情况，我们需要确认用户是否需要查询2019年其他日期的数据。请用户提供具体的日期或确认是否需要查询2019年全年的数据。

## 用户确认
请确认是否需要查询2019年其他具体日期的股票价格上涨情况，或者是否需要查询2019年全年的数据。如果需要查询其他日期，请提供具体的日期。


>>>>> Agent【Sql_query.summary】 Said:
无法确定具体数量

**解释**:
- 已知2019年1月1日没有股票价格上涨。
- 由于未提供具体日期，无法查询其他日期的数据。
- 因此，无法确定2019年某一天股票价格上涨的公司数量。
