
>>>>> Original Question: 请结合该股票所属的概念板块，2021-12-24当天其所属概念板块的大单小单净买入率差值是多少个百分点？(保留两位小数)


>>>>> 【user】 Said:
提取下面这段文字里的实体，如公司名、股票代码等，如果识别结果是空，那么就回复No Entities."请结合该股票所属的概念板块，2021-12-24当天其所属概念板块的大单小单净买入率差值是多少个百分点？(保留两位小数)"

>>>>> Agent【extract_company】 Said:
No Entities


>>>>> 【user】 Said:
下面是顺序的历史问答:
'''
Question: 中兵红箭在2021-12-24这天，小单、中单和大单的净流入情况如何？净流入额分别是多少？(单位：元)
Answer: 小单净流入: -151394202元, 中单净流入: -4566078元, 大单净流入: 175788663元
Question: 基于上述资金流向数据，大单对比小单的净买入率(额)差值是多少个百分点？这种资金流向组合反映了什么现象？ (保留两位小数)
Answer: 差值: 14.40个百分点
现象: 大资金积极买入，小资金卖出，反映机构看好，散户谨慎，股价可能有上涨潜力。
'''
现在用户继续提问，请根据已知信息，理解当前这个问题的完整含义，并重写这个问题使得单独拿出来看仍然能够正确理解：请结合该股票所属的概念板块，2021-12-24当天其所属概念板块的大单小单净买入率差值是多少个百分点？(保留两位小数)

>>>>> Agent【rewrite_question】 Said:
请结合中兵红箭在2021-12-24当天所属的概念板块的资金流向数据，计算该概念板块在这一天大单与小单的净买入率差值是多少个百分点？(保留两位小数)

>>>>> 已知事实:
中兵红箭的关联信息有:[所在数据表是constantdb.secumain;InnerCode(证券内部编码)是201;CompanyCode(公司代码)是165;ChiName(中文名称)是中兵红箭股份有限公司;EngName(英文名称)是North Industries Group Red Arrow Co.,Ltd.;SecuCode(证券代码)是000519;]

>>>>> 【user】 Said:
请选择db，务必遵循输出的格式要求。

>>>>> Agent【Check_db_structure.db_selector】 Said:
【分析】
用户需要计算中兵红箭在2021-12-24当天所属的概念板块的资金流向数据，具体是计算该概念板块在这一天大单与小单的净买入率差值。为此，我们需要以下信息：
1. 中兵红箭在2021-12-24所属的概念板块。
2. 该概念板块在2021-12-24的资金流向数据，包括大单和小单的净买入率。

【选中的数据库】
- `astockindustrydb`: 这个数据库包含公司所属的概念板块信息。
- `astockmarketquotesdb`: 这个数据库包含资金流向数据，包括大单和小单的净买入率。

【选中的数据库的清单】
```json
["astockindustrydb", "astockmarketquotesdb"]
```


>>>>> 【user】 Said:
数据库表信息如下:
[{"表名": "astockindustrydb.lc_exgindustry", "说明": "该数据表包含与公司及行业相关的信息，主要字段包括公司标识信息如公司代码，信息动态如发布日期和来源，行业分类信息如行业划分标准、所属行业及是否执行，并提供多层级行业分类数据，包括一级至四级行业的代码和名称，以及取消日期等补充信息。"}, {"表名": "astockindustrydb.lc_exgindchange", "说明": "该数据表主要用于记录公司相关的行业信息和执行状态，字段包括公司基础信息如公司代码，公司动态信息如信息发布日期和信息来源，行业分类信息如行业划分标准、所属行业，以及多级行业信息包括一级到四级的行业代码和名称。此外，还包含执行状态相关字段如是否执行和取消日期。"}, {"表名": "astockindustrydb.lc_industryvaluation", "说明": "该数据表主要用于记录行业相关的统计信息和财务指标，包含以下字段：基础信息如行业内部编码、行业名称、行业代码、行业分类标准等；时间信息如交易日；统计维度如统计类型和统计板块；行业市值信息如总市值、A股流通市值、A股自由流通市值等；估值指标如滚动市盈率、静态市盈率、市净率、滚动股息率、滚动市现率、静态市现率、滚动市销率、静态市销率等；其他信息如上市证券数量和分类等，全面反映行业的市场表现和财务状况。"}, {"表名": "astockindustrydb.lc_indfinindicators", "说明": "该数据表主要用于描述行业相关的统计和财务信息，字段涵盖多个方面：基础信息如行业内部编码、名称、级别、代码及划分标准等；时间信息包括信息发布日期和截止日期；统计指标如统计类型和板块；财务数据包括行业营业收入、营业成本、营业利润、净利润及归属母公司净利润等，均提供TTM（滚动12个月）和累计值；资产与股本信息如总资产、净资产、总股本等；盈利能力指标包括每股收益、净资产收益率（平均、摊薄、TTM及扣除值）、总资产净利率、销售毛利率、销售净利率等；费用相关指标如财务费用率、销售费用率、期间费用率及营业总成本占比；运营效率指标包括存货周转率及天数、应收账款周转率及天数、总资产周转率等；现金流与偿债能力指标如经营现金流利息保障倍数、流动比率、速动比率、利息保障倍数等；增长性指标如归属母公司净利润同比增长、毛利润同比增长等；其他指标如资产负债率、有形资产净值占比、对外投资占比、预收账款占营业收入比、应收账款占营业收入比等，全面反映行业的财务状况、盈利能力、运营效率及偿债能力。"}, {"表名": "astockindustrydb.lc_coconcept", "说明": "该数据表主要用于记录证券相关概念及状态信息，包括证券内部编码和概念代码等基础标识信息，调入日期与调出日期等时间维度信息，所属状态及备注等描述性信息，以及信息发布日期等数据更新信息。"}, {"表名": "astockindustrydb.lc_conceptlist", "说明": "该数据表包含与概念分类相关的信息，包括一级和二级概念的代码和名称，以及概念板块的编码和名称。此外，还包括概念的时间信息如起始日期、结束日期和信息发布日期，状态信息如所属状态，以及补充信息如备注和概念英文名称。"}, {"表名": "astockmarketquotesdb.cs_stockcapflowindex", "说明": "该数据表记录了证券交易相关的详细数据，涵盖交易日期、时间区间等基本信息，以及按小单、中单、大单、超大单、主力单和全单分类的交易统计数据，包括流入流出金额、流入流出量、流入流出笔数、净流入流出额与量、买入卖出率（按金额和数量计算）、净买入率及其与流通市值或流通股本的比值等。此外，还细分了主动买入卖出相关的金额、数量、笔数及其比率等指标，全面反映了不同交易规模下的资金流向和市场行为特征。"}, {"表名": "astockmarketquotesdb.cs_turnovervoltecindex", "说明": "该数据表记录了证券交易的相关数据，包含多个类别的字段信息。基本信息包括证券内部编码、聚源代码、交易日期、证券市场等；时间维度涵盖指标周期；成交额和成交量的统计指标包括简单移动平均值（如5日、10日、20日、30日、60日、120日、250日等周期的AMA和VMA）、指数平滑异同平均（如VMACD_EMA12、VMACD_EMA26、VMACD_DIFF、VMACD_DEA、VMACD_MACD）等；成交量的波动性与强弱分析指标包括量比、成交量震荡指标(VOSC)、加权指数成交量(TAPI及其均值TAPIMA)、成交量标准差(VSTD)、量变动速率(VROC)、成交量比率(VR)、量相对强弱(VRSI)等，全面反映证券交易的量价变化及趋势特征。"}, {"表名": "astockmarketquotesdb.cs_stockpatterns", "说明": "该数据表主要用于记录证券交易的多维度表现与趋势分析，涵盖基础信息如证券内部编码、交易日、聚源代码、证券市场等；高点与低点分析，包括价格、收盘价、成交量、成交金额在近一周、一个月、一季度、半年、一年及上市以来的创高或创低情况；历史新高新低统计，记录不同时间区间内创历史新高或新低的次数；趋势与形态分析，如连涨天数、连跌天数、连续放量或缩量天数，以及对5日、10日、20日、60日均线的有效突破情况；其他指标如N天M板表现和均线多空头排列的看涨看跌信号，为证券的短期与长期走势提供综合性参考。"}, {"表名": "astockmarketquotesdb.qt_dailyquote", "说明": "该数据表记录了证券交易的核心信息，包括证券的唯一标识\"证券内部编码\"，交易日期\"交易日\"，以及价格相关数据如\"昨收盘价\"、\"今开盘价\"、\"最高价\"、\"最低价\"和\"收盘价\"（单位均为元）；还包含交易活动指标，如\"成交量\"（股）、\"成交金额\"（元）和\"成交笔数\"（笔），全面反映了每日交易的市场表现。"}, {"表名": "astockmarketquotesdb.qt_stockperformance", "说明": "该数据表涵盖了证券交易的多维度信息，包括基本标识字段如证券内部编码和交易日；价格相关信息如开盘价、收盘价、最高价、最低价、均价以及涨跌幅、振幅等；成交数据如成交量、成交金额、换手率及其日均值；时间维度统计如周、月、三个月、六个月、十二个月及今年以来的价格、成交量、成交金额、涨跌幅、振幅、换手率等汇总指标；自由流通股本相关的换手率及其日均值；市场表现指标如Beta值（相对于不同基准指数）、阿尔法值、波动率、夏普比率、市场收益率等；市值信息包括总市值和流通市值；特殊价格指标如上市以来后复权的最高价、最低价及对应时间。该表全面整合了短期和长期的交易数据、市场表现以及统计汇总，为证券分析提供了丰富的基础数据支持。"}, {"表名": "astockmarketquotesdb.lc_suspendresumption", "说明": "该数据表主要记录证券停复牌相关信息，包括证券标识字段如证券内部编码，时间相关字段如信息发布日期、停牌日期、停牌时间、复牌日期、复牌时间，信息来源字段如信息来源，停复牌详情字段如停牌原因、停牌事项说明、停牌期限、停牌期限类型及复牌事项说明等，全面描述了证券停复牌的时间、原因及相关说明。"}]

请选择table，务必遵循输出的格式要求。

>>>>> Agent【Check_db_structure.table_selector】 Said:
【分析】
要计算中兵红箭在2021-12-24当天所属的概念板块的资金流向数据，特别是大单与小单的净买入率差值，我们需要以下信息：
1. 确定中兵红箭在2021-12-24所属的概念板块。
2. 获取该概念板块在2021-12-24的资金流向数据，包括大单和小单的净买入率。

【选中的数据表】
- constantdb.secumain: 包含中兵红箭的基本信息，如证券内部编码和公司代码。
- astockindustrydb.lc_coconcept: 记录证券相关概念及状态信息，包括证券内部编码和概念代码。
- astockindustrydb.lc_conceptlist: 包含概念分类相关信息，包括概念板块的编码和名称。
- astockmarketquotesdb.cs_stockcapflowindex: 记录证券交易相关的详细数据，包括按小单、大单分类的交易统计数据和净买入率。

【选中的数据库表的清单】
```json
["constantdb.secumain", "astockindustrydb.lc_coconcept", "astockindustrydb.lc_conceptlist", "astockmarketquotesdb.cs_stockcapflowindex"]
```


>>>>> 【user】 Said:
已取得可用的数据表的字段信息如下:
[{"表名": "constantdb.secumain", "表字段": [{"column": "InnerCode", "desc": "证券内部编码"}, {"column": "CompanyCode", "desc": "公司代码；公司代码(CompanyCode)：当本表SecuCategory IN (8,13)即基金相关时，对应的基金管理人代码可通过本表InnerCode关联MF_FundArchives.InnerCode，取MF_FundArchives.InvestAdvisorCode"}, {"column": "SecuCode", "desc": "证券代码"}, {"column": "ChiName", "desc": "中文名称"}, {"column": "ChiNameAbbr", "desc": "中文名称缩写"}, {"column": "EngName", "desc": "英文名称"}, {"column": "EngNameAbbr", "desc": "英文名称缩写"}, {"column": "SecuAbbr", "desc": "证券简称"}, {"column": "ChiSpelling", "desc": "拼音证券简称"}, {"column": "ExtendedAbbr", "desc": "扩位简称"}, {"column": "ExtendedSpelling", "desc": "拼音扩位简称"}, {"column": "SecuMarket", "desc": "证券市场；，令LB = 201 AND DM IN (10,12,13,14,15,16,18,40,49,50,52,54,55,56,65,66,67,68,69,70,71,72,73,75,76,77,78,79,80,81,83,84,85,86,87,88,89,90,93,94,95,96,99,100,101,102,103,104,105,106,107,110,161,162,180,200,202,210,230,240,260,280,310,320,390,400,620,630,631,640,641,650,653,654,655,657,658,659,660,661,662,663,664,666,667,66302,66303,66305)，得到证券市场的具体描述：10-上海期货交易所，12-中国银行间外汇市场，13-大连商品交易所，14-上海黄金交易所，15-郑州商品交易所，16-上海票据交易所，18-北京证券交易所，40-芝加哥商业交易所，49-澳大利亚证券交易所，50-新西兰证券交易所，52-埃及开罗及亚历山大证券交易所，54-阿根廷布宜诺斯艾利斯证券交易所，55-巴西圣保罗证券交易所，56-墨西哥证券交易所，65-印度尼西亚证券交易所，66-泰国证券交易所，67-韩国首尔证券交易所，68-东京证券交易所，69-新加坡证券交易所，70-台湾证券交易所，71-柜台交易市场，72-香港联交所，73-一级市场，75-亚洲其他交易所，76-美国证券交易所，77-美国纳斯达克证券交易所，78-纽约证券交易所，79-美国其他交易市场，80-加拿大多伦多证券交易所，81-三板市场，83-上海证券交易所，84-其他市场，85-伦敦证券交易所，86-法国巴黎证券交易所，87-德国法兰克福证券交易所，88-欧洲其他交易所，89-银行间债券市场，90-深圳证券交易所，93-上海银行间同业拆借市场，94-瑞士证券交易所，95-荷兰阿姆斯特丹证券交易所，96-约翰内斯堡证券交易所，99-东京同业拆借市场，100-美国国债回购市场，101-伦敦银行同业拆借市场，102-香港银行同业拆借市场，103-新加坡银行同业拆借市场，104-中国银行同业拆借市场，105-欧元银行同业拆借市场，106-布鲁塞尔证券交易所，107-雅加达证券交易所，110-以色列特拉维夫证券交易所，161-意大利证券交易所，162-哥本哈根证券交易所，180-挪威奥斯陆证券交易所，200-斯德哥尔摩证券交易所，202-伊斯坦布尔证券交易所，210-印度国家证券交易所，230-奥地利维也纳证券交易所，240-西班牙马德里证券交易所，260-爱尔兰证券交易所，280-菲律宾证券交易所，310-机构间私募产品报价与服务系统，320-俄罗斯莫斯科证券交易所，390-里斯本证券交易所，400-芝加哥期权交易所，620-胡志明市证券交易所，630-沪市代理深市市场，631-沪市代理港交所市场，640-深市代理沪市市场，641-深市代理港交所市场，650-国际外汇市场(晨星)，653-上海环境能源交易所，654-北京绿色交易所，655-天津碳排放权交易中心，657-湖北碳排放权交易中心，658-重庆碳排放权交易中心，659-四川联合环境交易所，660-广州碳排放权交易所，661-海峡股权交易中心，662-深圳排放权交易所，663-欧洲能源交易所，664-全国碳排放权交易，666-布达佩斯证券交易所，667-全国温室气体自愿减排交易市场，66302-韩国ETS，66303-加拿大魁北克Cap-and-Trade(CaT)，66305-美国区域温室气体倡议（RGGI）。"}, {"column": "SecuCategory", "desc": "证券类别；，令LB = 1177 AND DM IN (1,2,4,5,6,7,8,9,10,11,12,13,14,15,16,17,18,19,20,21,23,26,27,28,29,30,31,32,33,35,36,37,38,39,40,41,42,43,44,45,46,47,55,79,80,211)，得到证券类别的具体描述：1-A股，2-B股，4-大盘，5-国债回购，6-国债现货，7-金融债券，8-开放式基金，9-可转换债券，10-其他，11-企业债券，12-企业债券回购，13-投资基金，14-央行票据，15-深市代理沪市股票，16-沪市代理深市股票，17-资产支持证券，18-资产证券化产品，19-买断式回购，20-衍生权证，21-股本权证，23-商业银行定期存款，26-收益增长线，27-新质押式回购，28-地方政府债，29-可交换公司债，30-拆借，31-信用风险缓释工具，32-浮息债计息基准利率，33-定期存款凭证，35-大额存款凭证，36-债券借贷，37-存款类机构质押式回购，38-存款类机构信用拆借，39-现货，40-货币对，41-中国存托凭证，42-协议回购，43-三方回购，44-利率互换品种，45-标准利率互换合约，46-报价回购，47-标准化票据，55-优先股，79-深市代理港交所股票，80-沪市代理港交所股票，211-自贸区债。"}, {"column": "ListedDate", "desc": "上市日期"}, {"column": "ListedSector", "desc": "上市板块；，令LB = 207 AND DM IN (1,2,3,4,5,6,7,8)，得到上市板块的具体描述：1-主板，2-中小企业板，3-三板，4-其他，5-大宗交易系统，6-创业板，7-科创板，8-北交所股票。"}, {"column": "ListedState", "desc": "上市状态；，令LB = 1176 AND DM IN (1,3,5,9)，得到上市状态的具体描述：1-上市，3-暂停，5-终止，9-其他。"}, {"column": "ISIN", "desc": "ISIN代码"}]}, {"表名": "astockindustrydb.lc_coconcept", "表字段": [{"column": "InnerCode", "desc": "证券内部编码；，得到证券的交易代码、简称等。"}, {"column": "ConceptCode", "desc": "概念代码；，得到所属概念的信息。"}, {"column": "InDate", "desc": "调入日期"}, {"column": "OutDate", "desc": "调出日期"}, {"column": "IndiState", "desc": "所属状态；所属状态(IndiState)，该字段固定以下常量：1-正常，0-终止。"}, {"column": "Remark", "desc": "备注；备注(Remark):字段解释了该成分股属于此概念的原因及逻辑。"}, {"column": "InfoPublDate", "desc": "信息发布日期"}]}, {"表名": "astockindustrydb.lc_conceptlist", "表字段": [{"column": "ClassCode", "desc": "所属1级概念代码"}, {"column": "ClassName", "desc": "所属1级概念名称"}, {"column": "SubclassCode", "desc": "所属2级概念代码"}, {"column": "SubclassName", "desc": "所属2级概念名称"}, {"column": "ConceptCode", "desc": "所属概念板块编码"}, {"column": "ConceptName", "desc": "概念名称"}, {"column": "BeginDate", "desc": "起始日期"}, {"column": "EndDate", "desc": "日期"}, {"column": "ConceptState", "desc": "所属状态；所属状态(ConceptState)，该字段固定以下常量：1-正常，0-终止。"}, {"column": "Remark", "desc": "备注"}, {"column": "InfoPublDate", "desc": "信息发布日期"}, {"column": "ConceptEngName", "desc": "概念英文名称"}]}, {"表名": "astockmarketquotesdb.cs_stockcapflowindex", "表字段": [{"column": "InnerCode", "desc": "证券内部编码；，得到股票的证券代码、简称等其他详细信息。"}, {"column": "TradingDay", "desc": "交易日期"}, {"column": "TimeRange", "desc": "成交时间区间；成交时间区间(TimeRange)，该字段固定以下常量：1-全盘，2-开盘，3-尾盘"}, {"column": "SmallBuyValue", "desc": "小单流入额(元)；小单：单笔成交量区间为[0，2w)或成交金额区间为[0，4w)"}, {"column": "SmallSellValue", "desc": "小单流出额(元)"}, {"column": "SmallBuyVolume", "desc": "小单流入量(股)"}, {"column": "SmallSellVolume", "desc": "小单流出量(股)"}, {"column": "SmallBuyNum", "desc": "小单流入笔数"}, {"column": "SmallSellNum", "desc": "小单流出笔数"}, {"column": "SmallNetBuyValue", "desc": "小单净流入额(元)"}, {"column": "SmallNetBuyVolume", "desc": "小单净流入量(股)"}, {"column": "SmallBValueRatio", "desc": "小单买入率(额)"}, {"column": "SmallSValueRatio", "desc": "小单卖出率(额)"}, {"column": "SmallBVolumeRatio", "desc": "小单买入率(量)"}, {"column": "SmallSVolumeRatio", "desc": "小单卖出率(量)"}, {"column": "SmallNBValueRatio", "desc": "小单净买入率(额)"}, {"column": "SmallNBVFloatMVRatio", "desc": "小单净买入额流通市值比"}, {"column": "SmallNBVolumeRatio", "desc": "小单净买入率(量)"}, {"column": "SmallNBVFloatSRatio", "desc": "小单净买入量流通股本比"}, {"column": "SmallActBuyValue", "desc": "小单主动流入额(元)"}, {"column": "SmallActSellValue", "desc": "小单主动流出额(元)"}, {"column": "SmallActBuyVolume", "desc": "小单主动流入量(股)"}, {"column": "SmallActSellVolume", "desc": "小单主动流出量(股)"}, {"column": "SmallActBuyNum", "desc": "小单主动流入笔数"}, {"column": "SmallActSellNum", "desc": "小单主动流出笔数"}, {"column": "SmallNetActBuyValue", "desc": "小单净主动流入额(元)"}, {"column": "SmallNetActBuyVolume", "desc": "小单净主动流入量(股)"}, {"column": "SmallABValueRatio", "desc": "小单主动买入率(额)"}, {"column": "SmallASValueRatio", "desc": "小单主动卖出率(额)"}, {"column": "SmallABVolumeRatio", "desc": "小单主动买入率(量)"}, {"column": "SmallASVolumeRatio", "desc": "小单主动卖出率(量)"}, {"column": "SmallNABValueRatio", "desc": "小单净主动买入率(额)"}, {"column": "SmallNABVFloatMVRatio", "desc": "小单净主动买入额流通市值比"}, {"column": "SmallNABVolumeRatio", "desc": "小单净主动买入率(量)"}, {"column": "SmallNABVFloatSRatio", "desc": "小单净主动买入量流通股本比"}, {"column": "MediumBuyValue", "desc": "中单流入额(元)；中单：单笔成交量区间为[2w，10w)或成交金额区间为[4w，20w)"}, {"column": "MediumSellValue", "desc": "中单流出额(元)"}, {"column": "MediumBuyVolume", "desc": "中单流入量(股)"}, {"column": "MediumSellVolume", "desc": "中单流出量(股)"}, {"column": "MediumBuyNum", "desc": "中单流入笔数"}, {"column": "MediumSellNum", "desc": "中单流出笔数"}, {"column": "MediumNetBuyValue", "desc": "中单净流入额(元)"}, {"column": "MediumNetBuyVolume", "desc": "中单净流入量(股)"}, {"column": "MediumBValueRatio", "desc": "中单买入率(额)"}, {"column": "MediumSValueRatio", "desc": "中单卖出率(额)"}, {"column": "MediumBVolumeRatio", "desc": "中单买入率(量)"}, {"column": "MediumSVolumeRatio", "desc": "中单卖出率(量)"}, {"column": "MediumNBValueRatio", "desc": "中单净买入率(额)"}, {"column": "MediumNBVFloatMVRatio", "desc": "中单净买入额流通市值比"}, {"column": "MediumNBVolumeRatio", "desc": "中单净买入率(量)"}, {"column": "MediumNBVFloatSRatio", "desc": "中单净买入量流通股本比"}, {"column": "MediumActBuyValue", "desc": "中单主动流入额(元)"}, {"column": "MediumActSellValue", "desc": "中单主动流出额(元)"}, {"column": "MediumActBuyVolume", "desc": "中单主动流入量(股)"}, {"column": "MediumActSellVolume", "desc": "中单主动流出量(股)"}, {"column": "MediumActBuyNum", "desc": "中单主动流入笔数"}, {"column": "MediumActSellNum", "desc": "中单主动流出笔数"}, {"column": "MediumNetActBuyValue", "desc": "中单净主动流入额(元)"}, {"column": "MediumNetActBuyVolume", "desc": "中单净主动流入量(股)"}, {"column": "MediumABValueRatio", "desc": "中单主动买入率(额)"}, {"column": "MediumASValueRatio", "desc": "中单主动卖出率(额)"}, {"column": "MediumABVolumeRatio", "desc": "中单主动买入率(量)"}, {"column": "MediumASVolumeRatio", "desc": "中单主动卖出率(量)"}, {"column": "MediumNABValueRatio", "desc": "中单净主动买入率(额)"}, {"column": "MediumNABVFloatMVRatio", "desc": "中单净主动买入额流通市值比"}, {"column": "MediumNABVolumeRatio", "desc": "中单净主动买入率(量)"}, {"column": "MediumNABVFloatSRatio", "desc": "中单净主动买入量流通股本比"}, {"column": "LargeBuyValue", "desc": "大单流入额(元)；大单：单笔成交量区间为[10w，50w)或成交金额区间为[20w，100w)"}, {"column": "LargeSellValue", "desc": "大单流出额(元)"}, {"column": "LargeBuyVolume", "desc": "大单流入量(股)"}, {"column": "LargeSellVolume", "desc": "大单流出量(股)"}, {"column": "LargeBuyNum", "desc": "大单流入笔数"}, {"column": "LargeSellNum", "desc": "大单流出笔数"}, {"column": "LargeNetBuyValue", "desc": "大单净流入额(元)"}, {"column": "LargeNetBuyVolume", "desc": "大单净流入量(股)"}, {"column": "LargeBValueRatio", "desc": "大单买入率(额)"}, {"column": "LargeSValueRatio", "desc": "大单卖出率(额)"}, {"column": "LargeBVolumeRatio", "desc": "大单买入率(量)"}, {"column": "LargeSVolumeRatio", "desc": "大单卖出率(量)"}, {"column": "LargeNBValueRatio", "desc": "大单净买入率(额)"}, {"column": "LargeNBVFloatMVRatio", "desc": "大单净买入额流通市值比"}, {"column": "LargeNBVolumeRatio", "desc": "大单净买入率(量)"}, {"column": "LargeNBVFloatSRatio", "desc": "大单净买入量流通股本比"}, {"column": "LargeActBuyValue", "desc": "大单主动流入额(元)"}, {"column": "LargeActSellValue", "desc": "大单主动流出额(元)"}, {"column": "LargeActBuyVolume", "desc": "大单主动流入量(股)"}, {"column": "LargeActSellVolume", "desc": "大单主动流出量(股)"}, {"column": "LargeActBuyNum", "desc": "大单主动流入笔数"}, {"column": "LargeActSellNum", "desc": "大单主动流出笔数"}, {"column": "LargeNetActBuyValue", "desc": "大单净主动流入额(元)"}, {"column": "LargeNetActBuyVolume", "desc": "大单净主动流入量(股)"}, {"column": "LargeABValueRatio", "desc": "大单主动买入率(额)"}, {"column": "LargeASValueRatio", "desc": "大单主动卖出率(额)"}, {"column": "LargeABVolumeRatio", "desc": "大单主动买入率(量)"}, {"column": "LargeASVolumeRatio", "desc": "大单主动卖出率(量)"}, {"column": "LargeNABValueRatio", "desc": "大单净主动买入率(额)"}, {"column": "LargeNABVFloatMVRatio", "desc": "大单净主动买入额流通市值比"}, {"column": "LargeNABVolumeRatio", "desc": "大单净主动买入率(量)"}, {"column": "LargeNABVFloatSRatio", "desc": "大单净主动买入量流通股本比"}, {"column": "HugeBuyValue", "desc": "超大单流入额(元)；超大单：单笔成交量区间为[50w，+∞)或成交金额区间为[100w，+∞)"}, {"column": "HugeSellValue", "desc": "超大单流出额(元)"}, {"column": "HugeBuyVolume", "desc": "超大单流入量(股)"}, {"column": "HugeSellVolume", "desc": "超大单流出量(股)"}, {"column": "HugeBuyNum", "desc": "超大单流入笔数"}, {"column": "HugeSellNum", "desc": "超大单流出笔数"}, {"column": "HugeNetBuyValue", "desc": "超大单净流入额(元)"}, {"column": "HugeNetBuyVolume", "desc": "超大单净流入量(股)"}, {"column": "HugeBValueRatio", "desc": "超大单买入率(额)"}, {"column": "HugeSValueRatio", "desc": "超大单卖出率(额)"}, {"column": "HugeBVolumeRatio", "desc": "超大单买入率(量)"}, {"column": "HugeSVolumeRatio", "desc": "超大单卖出率(量)"}, {"column": "HugeNBValueRatio", "desc": "超大单净买入率(额)"}, {"column": "HugeNBVFloatMVRatio", "desc": "超大单净买入额流通市值比"}, {"column": "HugeNBVolumeRatio", "desc": "超大单净买入率(量)"}, {"column": "HugeNBVFloatSRatio", "desc": "超大单净买入量流通股本比"}, {"column": "HugeActBuyValue", "desc": "超大单主动流入额(元)"}, {"column": "HugeActSellValue", "desc": "超大单主动流出额(元)"}, {"column": "HugeActBuyVolume", "desc": "超大单主动流入量(股)"}, {"column": "HugeActSellVolume", "desc": "超大单主动流出量(股)"}, {"column": "HugeActBuyNum", "desc": "超大单主动流入笔数"}, {"column": "HugeActSellNum", "desc": "超大单主动流出笔数"}, {"column": "HugeNetActBuyValue", "desc": "超大单净主动流入额(元)"}, {"column": "HugeNetActBuyVolume", "desc": "超大单净主动流入量(股)"}, {"column": "HugeABValueRatio", "desc": "超大单主动买入率(额)"}, {"column": "HugeASValueRatio", "desc": "超大单主动卖出率(额)"}, {"column": "HugeABVolumeRatio", "desc": "超大单主动买入率(量)"}, {"column": "HugeASVolumeRatio", "desc": "超大单主动卖出率(量)"}, {"column": "HugeNABValueRatio", "desc": "超大单净主动买入率(额)"}, {"column": "HugeNABVFloatMVRatio", "desc": "超大单净主动买入额流通市值比"}, {"column": "HugeNABVolumeRatio", "desc": "超大单净主动买入率(量)"}, {"column": "HugeNABVFloatSRatio", "desc": "超大单净主动买入量流通股本比"}, {"column": "MainBuyValue", "desc": "主力流入额(元)；主力=大单+超大单"}, {"column": "MainSellValue", "desc": "主力流出额(元)"}, {"column": "MainBuyVolume", "desc": "主力流入量(股)"}, {"column": "MainSellVolume", "desc": "主力流出量(股)"}, {"column": "MainBuyNum", "desc": "主力流入笔数"}, {"column": "MainSellNum", "desc": "主力流出笔数"}, {"column": "MainNetBuyValue", "desc": "主力净流入额(元)1"}, {"column": "MainNetBuyVolume", "desc": "主力净流入量(股)1"}, {"column": "MainBValueRatio", "desc": "主力买入率(额)"}, {"column": "MainSValueRatio", "desc": "主力卖出率(额)"}, {"column": "MainBVolumeRatio", "desc": "主力买入率(量)"}, {"column": "MainSVolumeRatio", "desc": "主力卖出率(量)"}, {"column": "MainNBValueRatio", "desc": "主力净买入率(额)"}, {"column": "MainNBVFloatMVRatio", "desc": "主力净买入额流通市值比"}, {"column": "MainNBVolumeRatio", "desc": "主力净买入率(量)"}, {"column": "MainNBVFloatSRatio", "desc": "主力净买入量流通股本比"}, {"column": "MainActBuyValue", "desc": "主力主动流入额(元)"}, {"column": "MainActSellValue", "desc": "主力主动流出额(元)"}, {"column": "MainActBuyVolume", "desc": "主力主动流入量(股)"}, {"column": "MainActSellVolume", "desc": "主力主动流出量(股)"}, {"column": "MainActBuyNum", "desc": "主力主动流入笔数"}, {"column": "MainActSellNum", "desc": "主力主动流出笔数"}, {"column": "MainNetActBuyValue", "desc": "主力净主动流入额(元)"}, {"column": "MainNetActBuyVolume", "desc": "主力净主动流入量(股)"}, {"column": "MainABValueRatio", "desc": "主力主动买入率(额)"}, {"column": "MainASValueRatio", "desc": "主力主动卖出率(额)"}, {"column": "MainABVolumeRatio", "desc": "主力主动买入率(量)"}, {"column": "MainASVolumeRatio", "desc": "主力主动卖出率(量)"}, {"column": "MainNABValueRatio", "desc": "主力净主动买入率(额)"}, {"column": "MainNABVFloatMVRatio", "desc": "主力净主动买入额流通市值比"}, {"column": "MainNABVolumeRatio", "desc": "主力净主动买入率(量)"}, {"column": "MainNABVFloatSRatio", "desc": "主力净主动买入量流通股本比"}, {"column": "TotalBuyValue", "desc": "全单流入额(元)；全单=小单+中单+大单+超大单"}, {"column": "TotalSellValue", "desc": "全单流出额(元)"}, {"column": "TotalBuyVolume", "desc": "全单流入量(股)"}, {"column": "TotalSellVolume", "desc": "全单流出量(股)"}, {"column": "TotalBuyNum", "desc": "全单流入笔数"}, {"column": "TotalSellNum", "desc": "全单流出笔数"}, {"column": "TotalNetBuyValue", "desc": "全单净流入额(元)"}, {"column": "TotalNetBuyVolume", "desc": "全单净流入量(股)"}, {"column": "TotalBValueRatio", "desc": "全单买入率(额)"}, {"column": "TotalSValueRatio", "desc": "全单卖出率(额)"}, {"column": "TotalBVolumeRatio", "desc": "全单买入率(量)"}, {"column": "TotalSVolumeRatio", "desc": "全单卖出率(量)"}, {"column": "TotalNBValueRatio", "desc": "全单净买入率(额)"}, {"column": "TotalNBVFloatMVRatio", "desc": "全单净买入额流通市值比"}, {"column": "TotalNBVolumeRatio", "desc": "全单净买入率(量)"}, {"column": "TotalNBVFloatSRatio", "desc": "全单净买入量流通股本比"}, {"column": "TotalActBuyValue", "desc": "全单主动流入额(元)"}, {"column": "TotalActSellValue", "desc": "全单主动流出额(元)"}, {"column": "TotalActBuyVolume", "desc": "全单主动流入量(股)"}, {"column": "TotalActSellVolume", "desc": "全单主动流出量(股)"}, {"column": "TotalActBuyNum", "desc": "全单主动流入笔数"}, {"column": "TotalActSellNum", "desc": "全单主动流出笔数"}, {"column": "TotalNetActBuyValue", "desc": "全单净主动流入额(元)"}, {"column": "TotalNetActBuyVolume", "desc": "全单净主动流入量(股)"}, {"column": "TotalABValueRatio", "desc": "全单主动买入率(额)"}, {"column": "TotalASValueRatio", "desc": "全单主动卖出率(额)"}, {"column": "TotalABVolumeRatio", "desc": "全单主动买入率(量)"}, {"column": "TotalASVolumeRatio", "desc": "全单主动卖出率(量)"}, {"column": "TotalNABValueRatio", "desc": "全单净主动买入率(额)"}, {"column": "TotalNABVFloatMVRatio", "desc": "全单净主动买入额流通市值比"}, {"column": "TotalNABVolumeRatio", "desc": "全单净主动买入率(量)"}, {"column": "TotalNABVFloatSRatio", "desc": "全单净主动买入量流通股本比"}]}]

请选择column，务必遵循输出的格式要求。

>>>>> Agent【Check_db_structure.columns_selector】 Said:
【分析】
用户想要知道中兵红箭在2021-12-24当天所属的概念板块的资金流向数据，特别是大单与小单的净买入率差值。

【信息所在字段】
- constantdb.secumain.InnerCode: 这个字段包含中兵红箭的证券内部编码，用于关联到其他数据表。
- astockindustrydb.lc_coconcept.ConceptCode: 这个字段包含中兵红箭所属的概念板块编码。
- astockmarketquotesdb.cs_stockcapflowindex.TradingDay: 这个字段包含交易日期，用于筛选2021-12-24的数据。
- astockmarketquotesdb.cs_stockcapflowindex.SmallNBValueRatio: 这个字段包含小单净买入率(额)，用于计算小单的资金流向。
- astockmarketquotesdb.cs_stockcapflowindex.LargeNBValueRatio: 这个字段包含大单净买入率(额)，用于计算大单的资金流向。

【筛选条件所在字段】
- astockmarketquotesdb.cs_stockcapflowindex.TradingDay: 这个字段用于筛选出2021-12-24的数据。

【选中的字段的清单】
```json
{
  "constantdb.secumain": ["InnerCode"],
  "astockindustrydb.lc_coconcept": ["ConceptCode"],
  "astockmarketquotesdb.cs_stockcapflowindex": ["TradingDay", "SmallNBValueRatio", "LargeNBValueRatio"]
}
```


>>>>> 【user】 Said:
之前已查询到信息如下:
查询结果表明: 在交易日期为2021年12月24日的情况下，证券内部编码为201的股票，小单净流入额为-151394202元（即净流出151394202元），中单净流入额为-4566078元（即净流出4566078元），大单净流入额为175788663元（即净流入175788663元）。
---
查询结果表明: 在2021年12月24日的交易中，证券内部编码为201的股票，其大单净买入率（LargeNBValueRatio）与小单净买入率（SmallNBValueRatio）之差为14.397。这个差值反映了该股票在当天大单和小单交易中的净买入率差异。

请问:请结合中兵红箭在2021-12-24当天所属的概念板块的资金流向数据，计算该概念板块在这一天大单与小单的净买入率差值是多少个百分点？(保留两位小数)

>>>>> Agent【Sql_query.master】 Said:
【已知信息】
- 中兵红箭的关联信息：所在数据表是constantdb.secumain; InnerCode(证券内部编码)是201; CompanyCode(公司代码)是165; ChiName(中文名称)是中兵红箭股份有限公司; EngName(英文名称)是North Industries Group Red Arrow Co.,Ltd.; SecuCode(证券代码)是000519。
- 2021-12-24当天，中兵红箭的资金流向数据：小单净流入额为-151394202元，中单净流入额为-4566078元，大单净流入额为175788663元。
- 2021-12-24当天，中兵红箭的大单净买入率与小单净买入率之差为14.397个百分点。

【当前阶段要获取的信息】
中兵红箭在2021-12-24当天所属的概念板块的资金流向数据，特别是大单和小单的净买入率。

【信息所在字段】
- 概念板块信息：astockindustrydb.lc_coconcept (ConceptCode)
- 资金流向数据：astockmarketquotesdb.cs_stockcapflowindex (LargeNBValueRatio, SmallNBValueRatio)

【筛选条件所在字段】
- 交易日期：astockmarketquotesdb.cs_stockcapflowindex (TradingDay)
- 证券内部编码：astockindustrydb.lc_coconcept (InnerCode)

【SQL语句的思路】
1. 先查询中兵红箭所属的概念板块代码（ConceptCode）。
2. 使用概念板块代码查询2021-12-24当天该概念板块的资金流向数据，特别是大单和小单的净买入率。
3. 计算大单与小单的净买入率差值。

【执行SQL语句】
```exec_sql
SELECT ConceptCode
FROM astockindustrydb.lc_coconcept
WHERE InnerCode = 201;
```

【上述SQL语句的含义】
查询中兵红箭（InnerCode为201）所属的概念板块代码（ConceptCode）。

>>>>> 查询sql:
SELECT ConceptCode
FROM astockindustrydb.lc_coconcept
WHERE InnerCode = 201;
查询结果:
[{"ConceptCode": 15030008}, {"ConceptCode": 15031283}, {"ConceptCode": 15031283}, {"ConceptCode": 15031283}, {"ConceptCode": 15031283}, {"ConceptCode": 14101395}, {"ConceptCode": 13080003}, {"ConceptCode": 11070006}, {"ConceptCode": 15031283}, {"ConceptCode": 15031283}, {"ConceptCode": 15030013}, {"ConceptCode": 15031283}, {"ConceptCode": 15031283}, {"ConceptCode": 15031283}, {"ConceptCode": 15031283}, {"ConceptCode": 13231435}, {"ConceptCode": 15030008}, {"ConceptCode": 15031283}, {"ConceptCode": 13100002}]


>>>>> 【user】 Said:
查询SQL:
SELECT ConceptCode
FROM astockindustrydb.lc_coconcept
WHERE InnerCode = 201;
查询结果:
[{"ConceptCode": 15030008}, {"ConceptCode": 15031283}, {"ConceptCode": 15031283}, {"ConceptCode": 15031283}, {"ConceptCode": 15031283}, {"ConceptCode": 14101395}, {"ConceptCode": 13080003}, {"ConceptCode": 11070006}, {"ConceptCode": 15031283}, {"ConceptCode": 15031283}, {"ConceptCode": 15030013}, {"ConceptCode": 15031283}, {"ConceptCode": 15031283}, {"ConceptCode": 15031283}, {"ConceptCode": 15031283}, {"ConceptCode": 13231435}, {"ConceptCode": 15030008}, {"ConceptCode": 15031283}, {"ConceptCode": 13100002}]

请理解查询结果

>>>>> Agent【Sql_query.understand_query_result】 Said:
查询结果表明: 证券内部编码为201的证券属于多个概念，具体包括概念代码15030008、15031283、14101395、13080003、11070006、15030013和13231435。其中，概念代码15031283出现频率最高，表明该证券与该概念关联性最强。


>>>>> 【user】 Said:
查询SQL:
SELECT ConceptCode
FROM astockindustrydb.lc_coconcept
WHERE InnerCode = 201;
查询结果:
[{"ConceptCode": 15030008}, {"ConceptCode": 15031283}, {"ConceptCode": 15031283}, {"ConceptCode": 15031283}, {"ConceptCode": 15031283}, {"ConceptCode": 14101395}, {"ConceptCode": 13080003}, {"ConceptCode": 11070006}, {"ConceptCode": 15031283}, {"ConceptCode": 15031283}, {"ConceptCode": 15030013}, {"ConceptCode": 15031283}, {"ConceptCode": 15031283}, {"ConceptCode": 15031283}, {"ConceptCode": 15031283}, {"ConceptCode": 13231435}, {"ConceptCode": 15030008}, {"ConceptCode": 15031283}, {"ConceptCode": 13100002}]

查询结果表明: 证券内部编码为201的证券属于多个概念，具体包括概念代码15030008、15031283、14101395、13080003、11070006、15030013和13231435。其中，概念代码15031283出现频率最高，表明该证券与该概念关联性最强。

当前掌握的信息是否能够回答"请结合中兵红箭在2021-12-24当天所属的概念板块的资金流向数据，计算该概念板块在这一天大单与小单的净买入率差值是多少个百分点？(保留两位小数)"？还是要继续执行下一阶段SQL查询？

>>>>> Agent【Sql_query.master】 Said:
【已知信息】
- 中兵红箭的关联信息：所在数据表是constantdb.secumain; InnerCode(证券内部编码)是201; CompanyCode(公司代码)是165; ChiName(中文名称)是中兵红箭股份有限公司; EngName(英文名称)是North Industries Group Red Arrow Co.,Ltd.; SecuCode(证券代码)是000519。
- 2021-12-24当天，中兵红箭的资金流向数据：小单净流入额为-151394202元，中单净流入额为-4566078元，大单净流入额为175788663元。
- 2021-12-24当天，中兵红箭的大单净买入率与小单净买入率之差为14.397个百分点。
- 中兵红箭所属的概念板块代码包括：15030008、15031283、14101395、13080003、11070006、15030013和13231435，其中15031283出现频率最高。

【当前阶段要获取的信息】
计算中兵红箭所属的概念板块（以15031283为例）在2021-12-24当天的大单与小单的净买入率差值。

【信息所在字段】
- 资金流向数据：astockmarketquotesdb.cs_stockcapflowindex (LargeNBValueRatio, SmallNBValueRatio)

【筛选条件所在字段】
- 交易日期：astockmarketquotesdb.cs_stockcapflowindex (TradingDay)
- 概念代码：astockindustrydb.lc_coconcept (ConceptCode)

【SQL语句的思路】
1. 使用概念代码15031283查询2021-12-24当天该概念板块的资金流向数据，特别是大单和小单的净买入率。
2. 计算大单与小单的净买入率差值。

【执行SQL语句】
```exec_sql
SELECT 
    AVG(LargeNBValueRatio) AS AvgLargeNBValueRatio,
    AVG(SmallNBValueRatio) AS AvgSmallNBValueRatio
FROM 
    astockmarketquotesdb.cs_stockcapflowindex
WHERE 
    InnerCode IN (
        SELECT InnerCode
        FROM astockindustrydb.lc_coconcept
        WHERE ConceptCode = 15031283
    )
    AND DATE(TradingDay) = '2021-12-24';
```

【上述SQL语句的含义】
查询概念代码为15031283的证券在2021-12-24当天的大单净买入率（LargeNBValueRatio）和小单净买入率（SmallNBValueRatio）的平均值，以便后续计算两者的差值。

>>>>> 查询sql:
SELECT 
    AVG(LargeNBValueRatio) AS AvgLargeNBValueRatio,
    AVG(SmallNBValueRatio) AS AvgSmallNBValueRatio
FROM 
    astockmarketquotesdb.cs_stockcapflowindex
WHERE 
    InnerCode IN (
        SELECT InnerCode
        FROM astockindustrydb.lc_coconcept
        WHERE ConceptCode = 15031283
    )
    AND DATE(TradingDay) = '2021-12-24';
查询结果:
[{"AvgLargeNBValueRatio": -3.6301818396226397, "AvgSmallNBValueRatio": 7.67300400943397}]


>>>>> 【user】 Said:
查询SQL:
SELECT 
    AVG(LargeNBValueRatio) AS AvgLargeNBValueRatio,
    AVG(SmallNBValueRatio) AS AvgSmallNBValueRatio
FROM 
    astockmarketquotesdb.cs_stockcapflowindex
WHERE 
    InnerCode IN (
        SELECT InnerCode
        FROM astockindustrydb.lc_coconcept
        WHERE ConceptCode = 15031283
    )
    AND DATE(TradingDay) = '2021-12-24';
查询结果:
[{"AvgLargeNBValueRatio": -3.6301818396226397, "AvgSmallNBValueRatio": 7.67300400943397}]

请理解查询结果

>>>>> Agent【Sql_query.understand_query_result】 Said:
查询结果表明: 在2021年12月24日，属于概念代码为15031283的证券中，平均大单净买入率(AvgLargeNBValueRatio)为-3.63，平均小单净买入率(AvgSmallNBValueRatio)为7.67。这表明在这一天，这些证券的大单呈现出净卖出状态，而小单则呈现出净买入状态。


>>>>> 【user】 Said:
查询SQL:
SELECT 
    AVG(LargeNBValueRatio) AS AvgLargeNBValueRatio,
    AVG(SmallNBValueRatio) AS AvgSmallNBValueRatio
FROM 
    astockmarketquotesdb.cs_stockcapflowindex
WHERE 
    InnerCode IN (
        SELECT InnerCode
        FROM astockindustrydb.lc_coconcept
        WHERE ConceptCode = 15031283
    )
    AND DATE(TradingDay) = '2021-12-24';
查询结果:
[{"AvgLargeNBValueRatio": -3.6301818396226397, "AvgSmallNBValueRatio": 7.67300400943397}]

查询结果表明: 在2021年12月24日，属于概念代码为15031283的证券中，平均大单净买入率(AvgLargeNBValueRatio)为-3.63，平均小单净买入率(AvgSmallNBValueRatio)为7.67。这表明在这一天，这些证券的大单呈现出净卖出状态，而小单则呈现出净买入状态。

当前掌握的信息是否能够回答"请结合中兵红箭在2021-12-24当天所属的概念板块的资金流向数据，计算该概念板块在这一天大单与小单的净买入率差值是多少个百分点？(保留两位小数)"？还是要继续执行下一阶段SQL查询？

>>>>> Agent【Sql_query.master】 Said:
【已知信息】
- 中兵红箭的关联信息：所在数据表是constantdb.secumain; InnerCode(证券内部编码)是201; CompanyCode(公司代码)是165; ChiName(中文名称)是中兵红箭股份有限公司; EngName(英文名称)是North Industries Group Red Arrow Co.,Ltd.; SecuCode(证券代码)是000519。
- 2021-12-24当天，中兵红箭的资金流向数据：小单净流入额为-151394202元，中单净流入额为-4566078元，大单净流入额为175788663元。
- 2021-12-24当天，中兵红箭的大单净买入率与小单净买入率之差为14.397个百分点。
- 中兵红箭所属的概念板块代码包括：15030008、15031283、14101395、13080003、11070006、15030013和13231435，其中15031283出现频率最高。
- 2021-12-24当天，属于概念代码为15031283的证券中，平均大单净买入率为-3.63，平均小单净买入率为7.67。

【当前阶段要获取的信息】
计算概念代码为15031283的板块在2021-12-24当天大单与小单的净买入率差值。

【信息所在字段】
- 已通过查询获取到所需的平均大单净买入率（AvgLargeNBValueRatio）和平均小单净买入率（AvgSmallNBValueRatio）。

【筛选条件所在字段】
- 无需进一步筛选，已有数据足够计算差值。

【SQL语句的思路】
使用已获取的平均大单净买入率和平均小单净买入率，计算两者的差值。

【执行SQL语句】
```exec_sql
SELECT 
    ROUND(AvgSmallNBValueRatio - AvgLargeNBValueRatio, 2) AS NetBuyRateDifference
FROM (
    SELECT 
        -3.6301818396226397 AS AvgLargeNBValueRatio,
        7.67300400943397 AS AvgSmallNBValueRatio
) AS SubQuery;
```

【上述SQL语句的含义】
计算平均小单净买入率与平均大单净买入率的差值，并保留两位小数。这里的SQL语句直接使用了已知的平均值进行计算，以确保结果的准确性。

>>>>> 查询sql:
SELECT 
    ROUND(AvgSmallNBValueRatio - AvgLargeNBValueRatio, 2) AS NetBuyRateDifference
FROM (
    SELECT 
        -3.6301818396226397 AS AvgLargeNBValueRatio,
        7.67300400943397 AS AvgSmallNBValueRatio
) AS SubQuery;
查询结果:
[{"NetBuyRateDifference": 11.3}]


>>>>> 【user】 Said:
查询SQL:
SELECT 
    ROUND(AvgSmallNBValueRatio - AvgLargeNBValueRatio, 2) AS NetBuyRateDifference
FROM (
    SELECT 
        -3.6301818396226397 AS AvgLargeNBValueRatio,
        7.67300400943397 AS AvgSmallNBValueRatio
) AS SubQuery;
查询结果:
[{"NetBuyRateDifference": 11.3}]

请理解查询结果

>>>>> Agent【Sql_query.understand_query_result】 Said:
查询结果表明: 计算结果显示小单净买入率与大单净买入率的差值为11.3，具体计算过程为将小单净买入率的平均值7.67300400943397减去大单净买入率的平均值-3.6301818396226397，并四舍五入保留两位小数得到最终结果。字段名为NetBuyRateDifference。


>>>>> 【user】 Said:
查询SQL:
SELECT 
    ROUND(AvgSmallNBValueRatio - AvgLargeNBValueRatio, 2) AS NetBuyRateDifference
FROM (
    SELECT 
        -3.6301818396226397 AS AvgLargeNBValueRatio,
        7.67300400943397 AS AvgSmallNBValueRatio
) AS SubQuery;
查询结果:
[{"NetBuyRateDifference": 11.3}]

查询结果表明: 计算结果显示小单净买入率与大单净买入率的差值为11.3，具体计算过程为将小单净买入率的平均值7.67300400943397减去大单净买入率的平均值-3.6301818396226397，并四舍五入保留两位小数得到最终结果。字段名为NetBuyRateDifference。

当前掌握的信息是否能够回答"请结合中兵红箭在2021-12-24当天所属的概念板块的资金流向数据，计算该概念板块在这一天大单与小单的净买入率差值是多少个百分点？(保留两位小数)"？还是要继续执行下一阶段SQL查询？

>>>>> Agent【Sql_query.master】 Said:
【已知信息】
- 中兵红箭的关联信息：所在数据表是constantdb.secumain; InnerCode(证券内部编码)是201; CompanyCode(公司代码)是165; ChiName(中文名称)是中兵红箭股份有限公司; EngName(英文名称)是North Industries Group Red Arrow Co.,Ltd.; SecuCode(证券代码)是000519。
- 2021-12-24当天，中兵红箭的资金流向数据：小单净流入额为-151394202元，中单净流入额为-4566078元，大单净流入额为175788663元。
- 2021-12-24当天，中兵红箭的大单净买入率与小单净买入率之差为14.397个百分点。
- 中兵红箭所属的概念板块代码包括：15030008、15031283、14101395、13080003、11070006、15030013和13231435，其中15031283出现频率最高。
- 2021-12-24当天，属于概念代码为15031283的证券中，平均大单净买入率为-3.63，平均小单净买入率为7.67。
- 计算结果显示，概念代码为15031283的板块在2021-12-24当天小单净买入率与大单净买入率的差值为11.3个百分点。

【当前阶段要获取的信息】
无，当前掌握的信息已经能够回答问题。

【信息所在字段】
无，已通过计算得到所需结果。

【筛选条件所在字段】
无，已通过计算得到所需结果。

【SQL语句的思路】
无，已通过计算得到所需结果。

【执行SQL语句】
无，已通过计算得到所需结果。

【上述SQL语句的含义】
无，已通过计算得到所需结果。

【回答】
中兵红箭在2021-12-24当天所属的概念板块（以概念代码15031283为例）的资金流向数据显示，该概念板块在这一天大单与小单的净买入率差值为11.3个百分点。这个差值是通过计算该概念板块的平均小单净买入率（7.67%）与平均大单净买入率（-3.63%）之差得到的，并保留了两位小数。


>>>>> 【user】 Said:
充分尊重前面给出的结论，回答问题:"请结合中兵红箭在2021-12-24当天所属的概念板块的资金流向数据，计算该概念板块在这一天大单与小单的净买入率差值是多少个百分点？(保留两位小数)"

>>>>> Agent【Sql_query.summary】 Said:
11.30
