
>>>>> Original Question: 吉比特在2019年1月份进行了多少次投资者关系活动？这些活动中参与机构最多的一次活动发生在哪天(xxxx-xx-xx的格式)，有多少家机构参与？


>>>>> 【user】 Said:
已知事实:无。
历史问答:无。
现在用户继续提问，请根据已知信息，理解当前这个问题的完整含义，并重写这个问题使得单独拿出来看仍然能够正确理解：吉比特在2019年1月份进行了多少次投资者关系活动？这些活动中参与机构最多的一次活动发生在哪天(xxxx-xx-xx的格式)，有多少家机构参与？

>>>>> Agent【rewrite_question】 Said:
吉比特公司在2019年1月份共进行了多少次投资者关系活动？在这些活动中，参与机构数量最多的一次活动具体发生在哪一天（请以xxxx-xx-xx的日期格式回答），并且该活动中有多少家机构参与了？


>>>>> 【user】 Said:
提取下面这段文字里的实体，如公司名、股票代码等，如果识别结果是空，那么就回复No Entities."吉比特公司在2019年1月份共进行了多少次投资者关系活动？在这些活动中，参与机构数量最多的一次活动具体发生在哪一天（请以xxxx-xx-xx的日期格式回答），并且该活动中有多少家机构参与了？"

>>>>> Agent【extract_company】 Said:
```json
["吉比特公司"]
```

>>>>> 查询sql:
SELECT 'constantdb.secumain' AS TableName, InnerCode, CompanyCode, ChiName, EngName, SecuCode
FROM constantdb.secumain 
WHERE SecuCode = '吉比特'
   OR ChiName LIKE '%吉比特%'
   OR ChiNameAbbr LIKE '%吉比特%'
   OR EngName LIKE '%吉比特%'
   OR EngNameAbbr LIKE '%吉比特%'
   OR SecuAbbr LIKE '%吉比特%'
UNION ALL
SELECT 'constantdb.hk_secumain' AS TableName, InnerCode, CompanyCode, ChiName, EngName, SecuCode
FROM constantdb.hk_secumain 
WHERE SecuCode = '%吉比特%'
   OR ChiName LIKE '%吉比特%'
   OR ChiNameAbbr LIKE '%吉比特%'
   OR EngName LIKE '%吉比特%'
   OR EngNameAbbr LIKE '%吉比特%'
   OR SecuAbbr LIKE '%吉比特%'
   OR FormerName LIKE '%吉比特%'
UNION ALL
SELECT 'constantdb.us_secumain' AS TableName, InnerCode, CompanyCode, ChiName, EngName, SecuCode
FROM constantdb.us_secumain 
WHERE SecuCode = '吉比特'
   OR ChiName LIKE '%吉比特%'
   OR EngName LIKE '%吉比特%'
   OR SecuAbbr LIKE '%吉比特%';
查询结果:
[{"TableName": "constantdb.secumain", "InnerCode": 36007, "CompanyCode": 186977, "ChiName": "厦门吉比特网络技术股份有限公司", "EngName": "G-bits Network Technology (Xiamen) Co., Ltd.", "SecuCode": "603444"}]

>>>>> 已知事实:
吉比特公司的关联信息有:[所在数据表是constantdb.secumain;InnerCode(证券内部编码)是36007;CompanyCode(公司代码)是186977;ChiName(中文名称)是厦门吉比特网络技术股份有限公司;EngName(英文名称)是G-bits Network Technology (Xiamen) Co., Ltd.;SecuCode(证券代码)是603444;]

>>>>> 【user】 Said:
请选择db，务必遵循输出的格式要求。

>>>>> Agent【Check_db_structure.db_selector】 Said:
【分析】
用户需要了解吉比特公司在2019年1月份进行的投资者关系活动的次数，以及参与机构数量最多的一次活动的具体日期和参与机构数量。这些信息涉及到上市公司的投资者关系活动记录，通常包含在上市公司公告资讯或重大事项数据库中。

【选中的数据库】
- astockeventsdb: 这个数据库记录了上市公司公告中披露的各种重大事项，包括投资者关系活动及其调研明细，可以从中获取吉比特公司在2019年1月份的投资者关系活动次数及参与机构数量的详细信息。

【选中的数据库的清单】
```json
["astockeventsdb"]
```


>>>>> 【user】 Said:
数据库表信息如下:
[{"表名": "astockeventsdb.lc_warrant", "说明": "该数据表涵盖了与公司事件披露相关的多维度信息，包括基础信息如公司代码、事件编码等；时间信息如首次信息发布日期、信息发布日期、协议签署日期、借贷及担保的起止日期等；信息来源和披露方式等描述性字段；事件相关信息如事件内容、行为描述、最新进展状态、事件主体及其名称、企业编号、关联关系等；交易对象和担保相关信息，包括交易对象名称、担保金额（首次及最新）、担保资产、提供担保企业及其关联关系、接受担保企业及其关联关系、反担保企业及资产等；借贷信息如借款银行、借款期限、续借期限、借贷起止日期、担保期限及续保期限等；以及其他补充信息如担保是否违规、借贷是否逾期、担保解除日期及方式、附注等，全面记录了公司事件的关键要素和关联信息。"}, {"表名": "astockeventsdb.lc_credit", "说明": "该数据表主要记录公司与上市公司之间的贷款及担保相关信息。字段信息包括公司标识及关联关系，如公司代码、事件主体名称及编号、交易对象名称及编号、借入方及借出方、担保方及其关联关系等。时间信息涵盖首次信息发布日期、信息发布日期、协议签署日期、借贷起始日及截止日、担保起始日及截止日、最近还款日期等。贷款与担保的详细信息涉及到货币单位、首次及最新借贷金额、最近及累计还款金额、借贷条件、年利率及其说明、借贷及担保期限、续借及续保期限、抵押置押资产等。事件相关信息包括信息来源、公告类型、披露方式、事件内容及主体、行为描述及方式、最新进展状态、是否终止等。此外，还包括附注信息用于补充说明。"}, {"表名": "astockeventsdb.lc_suitarbitration", "说明": "该数据表主要用于记录与公司相关的事件、诉讼仲裁及其进展信息。表中包含了基础标识信息如ID和公司代码(CompanyCode)；时间信息如首次信息发布日期(InitialInfoPublDate)和信息发布日期(InfoPublDate)；信息来源和披露方式(InfoSource, DisclosureMethod)；事件相关信息如事件内容(EventContent)、行为描述(ActionDesc)、事件主体名称及编号(SubjectName, SubjectCode)、事件进程(EventProcedure)、行为方式(ActionWays)、事件主体在诉讼中的角色(EventSubjectRole)等；涉及的交易或诉讼对象信息如交易对象名称及编号(ObjectName, ObjectCode)、诉讼仲裁原告和被告(Plaintiff, Defendant)及其关联关系；诉讼仲裁详细信息如案由描述(SubjectMatterStat)、案由(SubjectMatter)、诉讼仲裁金额(FirstSuitSum, LatestSuitSum)、审理机构(InquisitionInstitute)、仲裁状态及各审级状态(CaseStatus, FirstInstanceStatus, SecondInstanceStatus, SPPStatus)；财产执行信息如被执行财产(PropertyEnforced)、归属(PropertyBelonged)、执行状态(AdjudgementStatus)；以及协议签署日期(AgreementDate)、备注(Note)、是否终止(IfEnded)等辅助字段。字段内容涵盖了事件描述、诉讼仲裁进展、主体与关联方信息等多方面内容，便于综合分析和管理。"}, {"表名": "astockeventsdb.lc_entrustinv", "说明": "该数据表主要记录公司相关事件的详细信息，包括公司标识字段如公司代码、事件主体名称及其企业编号、交易对象名称及其企业编号等；事件基本信息字段如首次信息发布日期、信息发布日期、信息来源、公告类型、披露方式、事件内容、行为描述、行为方式及事件进程等；状态与进展字段如最新进展状态描述、是否终止、协议签署日期等；财务相关字段如涉及金额、货币单位、委托期限、委托起始日与截止日、约定收益说明及实际收益等；以及其他补充信息字段如与上市公司的关联关系、备注等，全面涵盖了事件的时间、主体、财务及进展等核心要素。"}, {"表名": "astockeventsdb.lc_regroup", "说明": "该数据表主要用于记录公司事件相关的信息。包括公司基础信息如公司代码、事件主体名称及其编号、事件主体与上市公司的关联关系等；事件相关的时间信息如首次信息发布日期、信息发布日期、协议签署日期等；事件的详细描述如事件内容、行为描述、最新进展状态、事件进程、行为方式等；信息来源和披露方式等公告信息；涉及的财务数据如资产帐面价值、资产评估价值、资产出售金额、资产转让收益、债务重组金额等；事件的类别和编码信息如公告类型、事项类型、事项编码、序号等；此外，还包括事件是否终止、交易对象企业编号及其与上市公司的关联关系等补充信息。"}, {"表名": "astockeventsdb.lc_majorcontract", "说明": "该数据表记录了与公司相关的事件及合同信息，包含公司基本信息如公司代码、事件主体名称及编号、交易对象名称及编号，以及主体与上市公司间的关联关系等；事件相关信息如首次信息发布日期、最新信息发布日期、信息来源、公告类型、事件内容、行为描述、行为方式、最新进展状态描述、事件主体、事件进程等；合同相关信息如协议签署日期、合同标的、合同获得方式、中标日期、涉及金额、合同起始日、合同截止日、合同期限及合同对公司的影响等；此外，还包括货币单位及备注等辅助信息。"}, {"表名": "astockeventsdb.lc_investorra", "说明": "该数据表记录了与证券相关的接待活动信息，包含信息发布日期、标题及链接等基本信息；证券内部编码、编号和序号等标识信息；接待日期、时间及截止日等时间信息；活动类别、地点、参与单位及人员、上市公司接待人员等活动相关信息；主要内容、附件及其格式等内容信息。"}, {"表名": "astockeventsdb.lc_investordetail", "说明": "该数据表主要用于记录投资者关系活动的详细信息，包括活动的唯一标识（投资者关系活动ID）、参与的调研机构及其编码（调研机构、调研机构编码）、参与的调研人员及其编码（调研人员、调研人员编码）、调研人员的职位名称，以及活动的排序序号等基本信息。"}]

请选择table，务必遵循输出的格式要求。

>>>>> Agent【Check_db_structure.table_selector】 Said:
【分析】
要回答吉比特公司在2019年1月份共进行了多少次投资者关系活动，以及在这些活动中，参与机构数量最多的一次活动的具体日期和参与机构数量，我们需要找到记录投资者关系活动的数据表。根据已知信息，`astockeventsdb.lc_investorra` 表记录了与证券相关的接待活动信息，包括接待日期和参与单位等信息；`astockeventsdb.lc_investordetail` 表记录了投资者关系活动的详细信息，包括参与的调研机构及其数量。

【选中的数据表】
- astockeventsdb.lc_investorra: 这个数据表包含接待日期和参与单位等信息，可以用来确定活动的具体日期。
- astockeventsdb.lc_investordetail: 这个数据表包含投资者关系活动的详细信息，包括参与的调研机构及其数量，可以用来确定参与机构数量最多的一次活动。

【选中的数据库表的清单】
```json
["astockeventsdb.lc_investorra", "astockeventsdb.lc_investordetail"]
```


>>>>> 【user】 Said:
已取得可用的数据表的字段信息如下:
[{"表名": "astockeventsdb.lc_investorra", "表字段": [{"column": "InfoPublDate", "desc": "信息发布日期"}, {"column": "InnerCode", "desc": "证券内部编码；证券内部编码（InnerCode）：与“证券主表（SecuMain）”中的“证券内部编码（InnerCode）”关联，得到证券的交易代码、简称等。"}, {"column": "Nbcode", "desc": "编号"}, {"column": "ReceptionDate", "desc": "接待日期"}, {"column": "ReceptionDaTime", "desc": "接待时间"}, {"column": "SerialNb", "desc": "序号"}, {"column": "ActivitiesCate", "desc": "活动类别"}, {"column": "Participant", "desc": "参与单位及人员"}, {"column": "Place", "desc": "地点"}, {"column": "ListingCreper", "desc": "上市公司接待人员"}, {"column": "TmainContent", "desc": "主要内容"}, {"column": "ArticleFile", "desc": "附件"}, {"column": "FileType", "desc": "附件格式；附件格式(FileType)与(CT_SystemConst)表中的DM字段关联，令LB = 1309，得到附件格式的具体描述：1-PDF，2-DOC，3-TXT，4-XLS，5-HTML，6-RTF，7-MHT，8-RAR，9-PPT，10-JPG，11-DOCX，12-XLSX，13-PPTX，14-EML，15-ZIP，16-DOCM，17-XLSM，18-XLSB，19-DOTX，20-XML，21-GIF，22-PAPER，23-FIL，24-XSD，25-HTM，26-BMP，27-SWF，28-PNG，29-JSON，30-TIFF，31-TIF，32-WPS，33-GD，34-ET，35-SHTML，36-WEBP，37-7Z，38-CUR，39-SVG，40-ETT，41-OFD，42-JPEG，43-MP3，44-MP4，45-CEB。"}, {"column": "InfoTitle", "desc": "信息标题"}, {"column": "LinkAddress", "desc": "链接地址"}, {"column": "ReceptionDateE", "desc": "接待日期截止日"}]}, {"表名": "astockeventsdb.lc_investordetail", "表字段": [{"column": "RID", "desc": "投资者关系活动ID"}, {"column": "Participant", "desc": "调研机构"}, {"column": "ParticipantID", "desc": "调研机构编码；调研机构编码（ParticipantID）：与企业码表（EP_CompanyMain）中的企业编号（CompanyCode）关联，可取得调研机构详细信息。"}, {"column": "PersonalName", "desc": "调研人员"}, {"column": "PersonalID", "desc": "调研人员编码；调研人员编码（PersonalID）：该字段暂不维护。"}, {"column": "PostName", "desc": "职位名称"}, {"column": "SerialNumber", "desc": "序号"}]}]

请选择column，务必遵循输出的格式要求。

>>>>> Agent【Check_db_structure.columns_selector】 Said:
【分析】
用户提问涉及吉比特公司在2019年1月份的投资者关系活动次数，以及参与机构数量最多的一次活动的具体日期和参与机构数量。需要找到相关的字段来统计活动次数，确定活动日期，并统计参与机构的数量。

【信息所在字段】
- astockeventsdb.lc_investorra.InnerCode: 这个字段可能包含证券内部编码信息，对应用户提问中的吉比特公司
- astockeventsdb.lc_investorra.ReceptionDate: 这个字段可能包含接待日期信息，对应用户提问中的具体发生日期
- astockeventsdb.lc_investordetail.RID: 这个字段可能包含投资者关系活动ID信息，用于关联活动详情
- astockeventsdb.lc_investordetail.Participant: 这个字段可能包含调研机构信息，对应用户提问中的参与机构

【筛选条件所在字段】
- astockeventsdb.lc_investorra.InnerCode: 这个字段可能包含证券内部编码信息，用于筛选吉比特公司
- astockeventsdb.lc_investorra.ReceptionDate: 这个字段可能包含接待日期信息，用于筛选2019年1月份的活动

【选中的字段的清单】
```json
{
  "astockeventsdb.lc_investorra": ["InnerCode", "ReceptionDate"],
  "astockeventsdb.lc_investordetail": ["RID", "Participant"]
}
```


>>>>> 【user】 Said:
吉比特公司在2019年1月份共进行了多少次投资者关系活动？在这些活动中，参与机构数量最多的一次活动具体发生在哪一天（请以xxxx-xx-xx的日期格式回答），并且该活动中有多少家机构参与了？

>>>>> Agent【Sql_query.master】 Said:
【已知信息】
- 吉比特公司的关联信息：
  - 所在数据表：constantdb.secumain
  - InnerCode：36007
  - CompanyCode：186977
  - ChiName：厦门吉比特网络技术股份有限公司
  - EngName：G-bits Network Technology (Xiamen) Co., Ltd.
  - SecuCode：603444

【当前阶段要获取的信息】
- 吉比特公司在2019年1月份进行的投资者关系活动次数
- 参与机构数量最多的一次活动的具体日期
- 该活动中参与机构的数量

【信息所在字段】
- 活动次数：astockeventsdb.lc_investorra中的记录数
- 活动日期：astockeventsdb.lc_investorra中的ReceptionDate
- 参与机构数量：astockeventsdb.lc_investordetail中的RID对应的Participant数量

【筛选条件所在字段】
- 时间筛选：astockeventsdb.lc_investorra中的ReceptionDate
- 公司筛选：astockeventsdb.lc_investorra中的InnerCode

【SQL语句的思路】
1. 首先查询2019年1月份吉比特公司进行的投资者关系活动次数。
2. 然后查询每次活动的参与机构数量，并找出参与机构数量最多的一次活动。
3. 最后获取该活动的具体日期和参与机构数量。

【执行SQL语句】
```exec_sql
SELECT COUNT(*) AS activity_count
FROM astockeventsdb.lc_investorra
WHERE InnerCode = 36007 AND DATE(ReceptionDate) BETWEEN '2019-01-01' AND '2019-01-31';
```

【上述SQL语句的含义】
- 查询astockeventsdb.lc_investorra表中，InnerCode为36007（吉比特公司）且ReceptionDate在2019年1月1日至2019年1月31日之间的记录数，即吉比特公司在2019年1月份进行的投资者关系活动次数。

>>>>> 查询sql:
SELECT COUNT(*) AS activity_count
FROM astockeventsdb.lc_investorra
WHERE InnerCode = 36007 AND DATE(ReceptionDate) BETWEEN '2019-01-01' AND '2019-01-31';
查询结果:
[{"activity_count": 3}]


>>>>> 【user】 Said:
查询SQL:
SELECT COUNT(*) AS activity_count
FROM astockeventsdb.lc_investorra
WHERE InnerCode = 36007 AND DATE(ReceptionDate) BETWEEN '2019-01-01' AND '2019-01-31';
查询结果:
[{"activity_count": 3}]

请理解查询结果

>>>>> Agent【Sql_query.understand_query_result】 Said:
查询结果表明: 在2019年1月1日至2019年1月31日期间，证券内部编码为36007的证券共进行了3次投资者关系活动。


>>>>> 【user】 Said:
查询SQL:
SELECT COUNT(*) AS activity_count
FROM astockeventsdb.lc_investorra
WHERE InnerCode = 36007 AND DATE(ReceptionDate) BETWEEN '2019-01-01' AND '2019-01-31';
查询结果:
[{"activity_count": 3}]

查询结果表明: 在2019年1月1日至2019年1月31日期间，证券内部编码为36007的证券共进行了3次投资者关系活动。

当前掌握的信息是否能够回答"吉比特公司在2019年1月份共进行了多少次投资者关系活动？在这些活动中，参与机构数量最多的一次活动具体发生在哪一天（请以xxxx-xx-xx的日期格式回答），并且该活动中有多少家机构参与了？"？还是要继续执行下一阶段SQL查询？

>>>>> Agent【Sql_query.master】 Said:
【已知信息】
- 吉比特公司在2019年1月份共进行了3次投资者关系活动。

【当前阶段要获取的信息】
- 参与机构数量最多的一次活动的具体日期
- 该活动中参与机构的数量

【信息所在字段】
- 活动日期：astockeventsdb.lc_investorra中的ReceptionDate
- 参与机构数量：astockeventsdb.lc_investordetail中的RID对应的Participant数量

【筛选条件所在字段】
- 时间筛选：astockeventsdb.lc_investorra中的ReceptionDate
- 公司筛选：astockeventsdb.lc_investorra中的InnerCode

【SQL语句的思路】
1. 查询每次活动的参与机构数量。
2. 找出参与机构数量最多的一次活动。
3. 获取该活动的具体日期和参与机构数量。

【执行SQL语句】
```exec_sql
SELECT 
    a.ReceptionDate, 
    COUNT(d.Participant) AS participant_count
FROM 
    astockeventsdb.lc_investorra a
JOIN 
    astockeventsdb.lc_investordetail d ON a.RID = d.RID
WHERE 
    a.InnerCode = 36007 AND DATE(a.ReceptionDate) BETWEEN '2019-01-01' AND '2019-01-31'
GROUP BY 
    a.RID
ORDER BY 
    participant_count DESC
LIMIT 1;
```

【上述SQL语句的含义】
- 从astockeventsdb.lc_investorra表和astockeventsdb.lc_investordetail表中进行联合查询，筛选出InnerCode为36007且ReceptionDate在2019年1月1日至2019年1月31日之间的记录。
- 按照活动ID（RID）进行分组，计算每次活动的参与机构数量。
- 按参与机构数量进行降序排序，取参与机构数量最多的一次活动。
- 选择该活动的具体日期（ReceptionDate）和参与机构数量（participant_count）。

>>>>> 查询sql:
SELECT 
    a.ReceptionDate, 
    COUNT(d.Participant) AS participant_count
FROM 
    astockeventsdb.lc_investorra a
JOIN 
    astockeventsdb.lc_investordetail d ON a.RID = d.RID
WHERE 
    a.InnerCode = 36007 AND DATE(a.ReceptionDate) BETWEEN '2019-01-01' AND '2019-01-31'
GROUP BY 
    a.RID
ORDER BY 
    participant_count DESC
LIMIT 1;
查询失败: 查询执行失败: (mysql.connector.errors.ProgrammingError) 1054 (42S22): Unknown column 'a.RID' in 'on clause'
[SQL: SELECT 
    a.ReceptionDate, 
    COUNT(d.Participant) AS participant_count
FROM 
    astockeventsdb.lc_investorra a
JOIN 
    astockeventsdb.lc_investordetail d ON a.RID = d.RID
WHERE 
    a.InnerCode = 36007 AND DATE(a.ReceptionDate) BETWEEN '2019-01-01' AND '2019-01-31'
GROUP BY 
    a.RID
ORDER BY 
    participant_count DESC
LIMIT 1;]
(Background on this error at: https://sqlalche.me/e/20/f405)


>>>>> 【user】 Said:
查询SQL:
SELECT 
    a.ReceptionDate, 
    COUNT(d.Participant) AS participant_count
FROM 
    astockeventsdb.lc_investorra a
JOIN 
    astockeventsdb.lc_investordetail d ON a.RID = d.RID
WHERE 
    a.InnerCode = 36007 AND DATE(a.ReceptionDate) BETWEEN '2019-01-01' AND '2019-01-31'
GROUP BY 
    a.RID
ORDER BY 
    participant_count DESC
LIMIT 1;
查询发生异常：查询执行失败: (mysql.connector.errors.ProgrammingError) 1054 (42S22): Unknown column 'a.RID' in 'on clause'
[SQL: SELECT 
    a.ReceptionDate, 
    COUNT(d.Participant) AS participant_count
FROM 
    astockeventsdb.lc_investorra a
JOIN 
    astockeventsdb.lc_investordetail d ON a.RID = d.RID
WHERE 
    a.InnerCode = 36007 AND DATE(a.ReceptionDate) BETWEEN '2019-01-01' AND '2019-01-31'
GROUP BY 
    a.RID
ORDER BY 
    participant_count DESC
LIMIT 1;]
(Background on this error at: https://sqlalche.me/e/20/f405)

请修正

>>>>> Agent【Sql_query.master】 Said:
【已知信息】
- 吉比特公司在2019年1月份共进行了3次投资者关系活动。
- 上次查询失败，原因是`a.RID`字段不存在。

【当前阶段要获取的信息】
- 参与机构数量最多的一次活动的具体日期
- 该活动中参与机构的数量

【信息所在字段】
- 活动日期：astockeventsdb.lc_investorra中的ReceptionDate
- 参与机构数量：astockeventsdb.lc_investordetail中的RID对应的Participant数量

【筛选条件所在字段】
- 时间筛选：astockeventsdb.lc_investorra中的ReceptionDate
- 公司筛选：astockeventsdb.lc_investorra中的InnerCode

【SQL语句的思路】
1. 查询每次活动的参与机构数量。
2. 找出参与机构数量最多的一次活动。
3. 获取该活动的具体日期和参与机构数量。

由于`a.RID`字段不存在，我们需要重新审视表结构，确认正确的关联字段。假设`lc_investorra`表中有`RID`字段，我们修正SQL语句如下：

【执行SQL语句】
```exec_sql
SELECT 
    a.ReceptionDate, 
    COUNT(d.Participant) AS participant_count
FROM 
    astockeventsdb.lc_investorra a
JOIN 
    astockeventsdb.lc_investordetail d ON a.RID = d.RID
WHERE 
    a.InnerCode = 36007 AND DATE(a.ReceptionDate) BETWEEN '2019-01-01' AND '2019-01-31'
GROUP BY 
    a.ReceptionDate
ORDER BY 
    participant_count DESC
LIMIT 1;
```

【上述SQL语句的含义】
- 从astockeventsdb.lc_investorra表和astockeventsdb.lc_investordetail表中进行联合查询，筛选出InnerCode为36007且ReceptionDate在2019年1月1日至2019年1月31日之间的记录。
- 按照活动日期（ReceptionDate）进行分组，计算每次活动的参与机构数量。
- 按参与机构数量进行降序排序，取参与机构数量最多的一次活动。
- 选择该活动的具体日期（ReceptionDate）和参与机构数量（participant_count）。

如果`lc_investorra`表中没有`RID`字段，我们需要进一步确认表结构。可以通过以下SQL语句获取`lc_investorra`表的全部字段信息：

```exec_sql
SHOW CREATE TABLE astockeventsdb.lc_investorra;
```

这将帮助我们确认正确的关联字段。

>>>>> 查询sql:
SHOW CREATE TABLE astockeventsdb.lc_investorra;
查询结果:
[{"Table": "lc_investorra", "Create Table": "CREATE TABLE `lc_investorra` (\n  `ID` bigint NOT NULL COMMENT 'ID',\n  `InfoPublDate` longtext COLLATE utf8mb4_unicode_ci COMMENT '信息发布日期',\n  `InnerCode` bigint DEFAULT NULL COMMENT '证券内部编码',\n  `Nbcode` longtext COLLATE utf8mb4_unicode_ci COMMENT '编号',\n  `ReceptionDate` longtext COLLATE utf8mb4_unicode_ci COMMENT '接待日期',\n  `ReceptionDaTime` longtext COLLATE utf8mb4_unicode_ci COMMENT '接待时间',\n  `SerialNb` bigint DEFAULT NULL COMMENT '序号',\n  `ActivitiesCate` bigint DEFAULT NULL COMMENT '活动类别',\n  `Participant` longtext COLLATE utf8mb4_unicode_ci COMMENT '参与单位及人员',\n  `Place` longtext COLLATE utf8mb4_unicode_ci COMMENT '地点',\n  `ListingCreper` longtext COLLATE utf8mb4_unicode_ci COMMENT '上市公司接待人员',\n  `TmainContent` longtext COLLATE utf8mb4_unicode_ci COMMENT '主要内容',\n  `ArticleFile` longblob COMMENT '附件',\n  `FileType` bigint DEFAULT NULL COMMENT '报告原文文件格式',\n  `InfoTitle` longtext COLLATE utf8mb4_unicode_ci COMMENT '信息标题',\n  `LinkAddress` longtext COLLATE utf8mb4_unicode_ci COMMENT '链接地址',\n  `UpdateTime` longtext COLLATE utf8mb4_unicode_ci COMMENT '更新时间',\n  `JSID` bigint DEFAULT NULL COMMENT 'JSID',\n  `ReceptionDateE` longtext COLLATE utf8mb4_unicode_ci COMMENT '接待日期截止日',\n  PRIMARY KEY (`ID`)\n) ENGINE=InnoDB DEFAULT CHARSET=utf8mb4 COLLATE=utf8mb4_unicode_ci ROW_FORMAT=DYNAMIC COMMENT='投资者关系活动'"}]


>>>>> 【user】 Said:
查询SQL:
SHOW CREATE TABLE astockeventsdb.lc_investorra;
查询结果:
[{"Table": "lc_investorra", "Create Table": "CREATE TABLE `lc_investorra` (\n  `ID` bigint NOT NULL COMMENT 'ID',\n  `InfoPublDate` longtext COLLATE utf8mb4_unicode_ci COMMENT '信息发布日期',\n  `InnerCode` bigint DEFAULT NULL COMMENT '证券内部编码',\n  `Nbcode` longtext COLLATE utf8mb4_unicode_ci COMMENT '编号',\n  `ReceptionDate` longtext COLLATE utf8mb4_unicode_ci COMMENT '接待日期',\n  `ReceptionDaTime` longtext COLLATE utf8mb4_unicode_ci COMMENT '接待时间',\n  `SerialNb` bigint DEFAULT NULL COMMENT '序号',\n  `ActivitiesCate` bigint DEFAULT NULL COMMENT '活动类别',\n  `Participant` longtext COLLATE utf8mb4_unicode_ci COMMENT '参与单位及人员',\n  `Place` longtext COLLATE utf8mb4_unicode_ci COMMENT '地点',\n  `ListingCreper` longtext COLLATE utf8mb4_unicode_ci COMMENT '上市公司接待人员',\n  `TmainContent` longtext COLLATE utf8mb4_unicode_ci COMMENT '主要内容',\n  `ArticleFile` longblob COMMENT '附件',\n  `FileType` bigint DEFAULT NULL COMMENT '报告原文文件格式',\n  `InfoTitle` longtext COLLATE utf8mb4_unicode_ci COMMENT '信息标题',\n  `LinkAddress` longtext COLLATE utf8mb4_unicode_ci COMMENT '链接地址',\n  `UpdateTime` longtext COLLATE utf8mb4_unicode_ci COMMENT '更新时间',\n  `JSID` bigint DEFAULT NULL COMMENT 'JSID',\n  `ReceptionDateE` longtext COLLATE utf8mb4_unicode_ci COMMENT '接待日期截止日',\n  PRIMARY KEY (`ID`)\n) ENGINE=InnoDB DEFAULT CHARSET=utf8mb4 COLLATE=utf8mb4_unicode_ci ROW_FORMAT=DYNAMIC COMMENT='投资者关系活动'"}]

请理解查询结果

>>>>> Agent【Sql_query.understand_query_result】 Said:
查询结果表明: 表`lc_investorra`在数据库`astockeventsdb`中用于记录投资者关系活动，包含以下字段：`ID`（ID）、`InfoPublDate`（信息发布日期）、`InnerCode`（证券内部编码）、`Nbcode`（编号）、`ReceptionDate`（接待日期）、`ReceptionDaTime`（接待时间）、`SerialNb`（序号）、`ActivitiesCate`（活动类别）、`Participant`（参与单位及人员）、`Place`（地点）、`ListingCreper`（上市公司接待人员）、`TmainContent`（主要内容）、`ArticleFile`（附件）、`FileType`（报告原文文件格式）、`InfoTitle`（信息标题）、`LinkAddress`（链接地址）、`UpdateTime`（更新时间）、`JSID`（JSID）、`ReceptionDateE`（接待日期截止日）。该表使用InnoDB引擎，默认字符集为utf8mb4，校对规则为utf8mb4_unicode_ci，行格式为DYNAMIC。


>>>>> 【user】 Said:
查询SQL:
SHOW CREATE TABLE astockeventsdb.lc_investorra;
查询结果:
[{"Table": "lc_investorra", "Create Table": "CREATE TABLE `lc_investorra` (\n  `ID` bigint NOT NULL COMMENT 'ID',\n  `InfoPublDate` longtext COLLATE utf8mb4_unicode_ci COMMENT '信息发布日期',\n  `InnerCode` bigint DEFAULT NULL COMMENT '证券内部编码',\n  `Nbcode` longtext COLLATE utf8mb4_unicode_ci COMMENT '编号',\n  `ReceptionDate` longtext COLLATE utf8mb4_unicode_ci COMMENT '接待日期',\n  `ReceptionDaTime` longtext COLLATE utf8mb4_unicode_ci COMMENT '接待时间',\n  `SerialNb` bigint DEFAULT NULL COMMENT '序号',\n  `ActivitiesCate` bigint DEFAULT NULL COMMENT '活动类别',\n  `Participant` longtext COLLATE utf8mb4_unicode_ci COMMENT '参与单位及人员',\n  `Place` longtext COLLATE utf8mb4_unicode_ci COMMENT '地点',\n  `ListingCreper` longtext COLLATE utf8mb4_unicode_ci COMMENT '上市公司接待人员',\n  `TmainContent` longtext COLLATE utf8mb4_unicode_ci COMMENT '主要内容',\n  `ArticleFile` longblob COMMENT '附件',\n  `FileType` bigint DEFAULT NULL COMMENT '报告原文文件格式',\n  `InfoTitle` longtext COLLATE utf8mb4_unicode_ci COMMENT '信息标题',\n  `LinkAddress` longtext COLLATE utf8mb4_unicode_ci COMMENT '链接地址',\n  `UpdateTime` longtext COLLATE utf8mb4_unicode_ci COMMENT '更新时间',\n  `JSID` bigint DEFAULT NULL COMMENT 'JSID',\n  `ReceptionDateE` longtext COLLATE utf8mb4_unicode_ci COMMENT '接待日期截止日',\n  PRIMARY KEY (`ID`)\n) ENGINE=InnoDB DEFAULT CHARSET=utf8mb4 COLLATE=utf8mb4_unicode_ci ROW_FORMAT=DYNAMIC COMMENT='投资者关系活动'"}]

查询结果表明: 表`lc_investorra`在数据库`astockeventsdb`中用于记录投资者关系活动，包含以下字段：`ID`（ID）、`InfoPublDate`（信息发布日期）、`InnerCode`（证券内部编码）、`Nbcode`（编号）、`ReceptionDate`（接待日期）、`ReceptionDaTime`（接待时间）、`SerialNb`（序号）、`ActivitiesCate`（活动类别）、`Participant`（参与单位及人员）、`Place`（地点）、`ListingCreper`（上市公司接待人员）、`TmainContent`（主要内容）、`ArticleFile`（附件）、`FileType`（报告原文文件格式）、`InfoTitle`（信息标题）、`LinkAddress`（链接地址）、`UpdateTime`（更新时间）、`JSID`（JSID）、`ReceptionDateE`（接待日期截止日）。该表使用InnoDB引擎，默认字符集为utf8mb4，校对规则为utf8mb4_unicode_ci，行格式为DYNAMIC。

当前掌握的信息是否能够回答"吉比特公司在2019年1月份共进行了多少次投资者关系活动？在这些活动中，参与机构数量最多的一次活动具体发生在哪一天（请以xxxx-xx-xx的日期格式回答），并且该活动中有多少家机构参与了？"？还是要继续执行下一阶段SQL查询？

>>>>> Agent【Sql_query.master】 Said:
【已知信息】
- 吉比特公司在2019年1月份共进行了3次投资者关系活动。
- `lc_investorra`表的结构信息，其中包含`ID`、`ReceptionDate`等字段。

【当前阶段要获取的信息】
- 参与机构数量最多的一次活动的具体日期
- 该活动中参与机构的数量

【信息所在字段】
- 活动日期：astockeventsdb.lc_investorra中的ReceptionDate
- 参与机构数量：astockeventsdb.lc_investordetail中的RID对应的Participant数量

【筛选条件所在字段】
- 时间筛选：astockeventsdb.lc_investorra中的ReceptionDate
- 公司筛选：astockeventsdb.lc_investorra中的InnerCode

【SQL语句的思路】
1. 由于`lc_investorra`表中没有`RID`字段，我们需要使用`ID`字段作为关联字段。
2. 查询每次活动的参与机构数量。
3. 找出参与机构数量最多的一次活动。
4. 获取该活动的具体日期和参与机构数量。

【执行SQL语句】
```exec_sql
SELECT 
    a.ReceptionDate, 
    COUNT(d.Participant) AS participant_count
FROM 
    astockeventsdb.lc_investorra a
JOIN 
    astockeventsdb.lc_investordetail d ON a.ID = d.RID
WHERE 
    a.InnerCode = 36007 AND DATE(a.ReceptionDate) BETWEEN '2019-01-01' AND '2019-01-31'
GROUP BY 
    a.ID
ORDER BY 
    participant_count DESC
LIMIT 1;
```

【上述SQL语句的含义】
- 从astockeventsdb.lc_investorra表和astockeventsdb.lc_investordetail表中进行联合查询，筛选出InnerCode为36007且ReceptionDate在2019年1月1日至2019年1月31日之间的记录。
- 按照活动ID（ID）进行分组，计算每次活动的参与机构数量。
- 按参与机构数量进行降序排序，取参与机构数量最多的一次活动。
- 选择该活动的具体日期（ReceptionDate）和参与机构数量（participant_count）。

>>>>> 查询sql:
SELECT 
    a.ReceptionDate, 
    COUNT(d.Participant) AS participant_count
FROM 
    astockeventsdb.lc_investorra a
JOIN 
    astockeventsdb.lc_investordetail d ON a.ID = d.RID
WHERE 
    a.InnerCode = 36007 AND DATE(a.ReceptionDate) BETWEEN '2019-01-01' AND '2019-01-31'
GROUP BY 
    a.ID
ORDER BY 
    participant_count DESC
LIMIT 1;
查询结果:
[{"ReceptionDate": "2019-01-09 12:00:00.000", "participant_count": 15}]


>>>>> 【user】 Said:
查询SQL:
SELECT 
    a.ReceptionDate, 
    COUNT(d.Participant) AS participant_count
FROM 
    astockeventsdb.lc_investorra a
JOIN 
    astockeventsdb.lc_investordetail d ON a.ID = d.RID
WHERE 
    a.InnerCode = 36007 AND DATE(a.ReceptionDate) BETWEEN '2019-01-01' AND '2019-01-31'
GROUP BY 
    a.ID
ORDER BY 
    participant_count DESC
LIMIT 1;
查询结果:
[{"ReceptionDate": "2019-01-09 12:00:00.000", "participant_count": 15}]

请理解查询结果

>>>>> Agent【Sql_query.understand_query_result】 Said:
查询结果表明: 在2019年1月1日至2019年1月31日期间，证券内部编码为36007的证券在2019年1月9日进行的投资者关系活动中，接待了最多数量的调研机构，共计15家。


>>>>> 【user】 Said:
查询SQL:
SELECT 
    a.ReceptionDate, 
    COUNT(d.Participant) AS participant_count
FROM 
    astockeventsdb.lc_investorra a
JOIN 
    astockeventsdb.lc_investordetail d ON a.ID = d.RID
WHERE 
    a.InnerCode = 36007 AND DATE(a.ReceptionDate) BETWEEN '2019-01-01' AND '2019-01-31'
GROUP BY 
    a.ID
ORDER BY 
    participant_count DESC
LIMIT 1;
查询结果:
[{"ReceptionDate": "2019-01-09 12:00:00.000", "participant_count": 15}]

查询结果表明: 在2019年1月1日至2019年1月31日期间，证券内部编码为36007的证券在2019年1月9日进行的投资者关系活动中，接待了最多数量的调研机构，共计15家。

当前掌握的信息是否能够回答"吉比特公司在2019年1月份共进行了多少次投资者关系活动？在这些活动中，参与机构数量最多的一次活动具体发生在哪一天（请以xxxx-xx-xx的日期格式回答），并且该活动中有多少家机构参与了？"？还是要继续执行下一阶段SQL查询？

>>>>> Agent【Sql_query.master】 Said:
【已知信息】
- 吉比特公司在2019年1月份共进行了3次投资者关系活动。
- 在2019年1月1日至2019年1月31日期间，证券内部编码为36007的证券在2019年1月9日进行的投资者关系活动中，接待了最多数量的调研机构，共计15家。

【当前阶段要获取的信息】
- 无需继续执行SQL查询，当前信息已足够回答问题。

【信息所在字段】
- 无需继续执行SQL查询。

【筛选条件所在字段】
- 无需继续执行SQL查询。

【SQL语句的思路】
- 无需继续执行SQL查询。

【执行SQL语句】
- 无需继续执行SQL查询。

【上述SQL语句的含义】
- 无需继续执行SQL查询。

### 总结回答
- 吉比特公司在2019年1月份共进行了3次投资者关系活动。
- 在这些活动中，参与机构数量最多的一次活动具体发生在2019年1月9日（格式：2019-01-09），并且该活动中有15家机构参与了。

当前掌握的信息已经能够完全回答所提出的问题，无需继续执行下一阶段SQL查询。


>>>>> 【user】 Said:
请回答问题:"吉比特公司在2019年1月份共进行了多少次投资者关系活动？在这些活动中，参与机构数量最多的一次活动具体发生在哪一天（请以xxxx-xx-xx的日期格式回答），并且该活动中有多少家机构参与了？"

>>>>> Agent【Sql_query.summary】 Said:
吉比特公司在2019年1月份共进行了3次投资者关系活动。在这些活动中，参与机构数量最多的一次活动具体发生在2019-01-09，并且该活动中有15家机构参与了。
