
>>>>> Original Question: 他的流通股本有多少股？


>>>>> 【user】 Said:
提取下面这段文字中的实体（如公司名、股票代码、拼音缩写等），如果识别结果是空，那么就回复No Entities."他的流通股本有多少股？"

>>>>> Agent【extract_company】 Said:
No Entities.


>>>>> 【user】 Said:
下面是顺序的历史问答:
'''
Question: 机器人2020年发布的19年年报的大股东是谁
Answer: 中国科学院沈阳自动化研究所
Question: 19年一共有多少户股东？
Answer: 2019年股东总数: 702656户
'''
现在用户继续提问，请根据已知信息，理解当前这个问题的完整含义，并重写这个问题使得单独拿出来看仍然能够正确理解：他的流通股本有多少股？

>>>>> Agent【rewrite_question】 Said:
机器人2020年发布的2019年年报中，其流通股本有多少股？

>>>>> 已知事实:
机器人关联信息有多组:[所在数据表是constantdb.secumain;InnerCode(证券内部编码)是9363;CompanyCode(公司代码)是77318;ChiName(中文名称)是沈阳新松机器人自动化股份有限公司;EngName(英文名称)是Siasun Robot&Automation Co.,Ltd.;SecuCode(证券代码)是300024;ChiNameAbbr(中文名称缩写)是机器人;EngNameAbbr(英文名称缩写)是SIASUN;SecuAbbr(证券简称)是机器人;ChiSpelling(拼音证券简称)是JQR;],所在数据表是constantdb.secumain;InnerCode(证券内部编码)是112642;CompanyCode(公司代码)是252710;ChiName(中文名称)是科沃斯机器人股份有限公司;EngName(英文名称)是Ecovacs Robotics Co., Ltd.;SecuCode(证券代码)是603486;ChiNameAbbr(中文名称缩写)是科沃斯;EngNameAbbr(英文名称缩写)是ECOVACS;SecuAbbr(证券简称)是科沃斯;ChiSpelling(拼音证券简称)是KWS;],所在数据表是constantdb.us_secumain;InnerCode(证券内部编码)是7126761;CompanyCode(公司代码)是108420219;ChiName(中文名称)是小i集团公司;EngName(英文名称)是Xiao-I Corp. ADR;SecuCode(证券代码)是AIXI;ChiNameAbbr是None;EngNameAbbr是None;SecuAbbr(证券简称)是小i机器人;ChiSpelling(拼音证券简称)是XIJQR;],所在数据表是constantdb.us_secumain;InnerCode(证券内部编码)是7001481;CompanyCode(公司代码)是7004358;ChiName(中文名称)是None;EngName(英文名称)是Robotool Ltd Com;SecuCode(证券代码)是ROBO;ChiNameAbbr是None;EngNameAbbr是None;SecuAbbr(证券简称)是ROBO全球机器人自动化指数ETF;ChiSpelling(拼音证券简称)是ROBOQQJQRZDHZSETF;]

>>>>> 【user】 Said:
请选择db，务必遵循输出的格式要求。

>>>>> Agent【Check_db_structure.db_selector】 Said:
【分析】
用户询问的是关于某公司（机器人）在2020年发布的2019年年报中的流通股本数量。这涉及到公司的股本结构信息，通常这类信息会在公司的年报中披露，属于公司基本资料或股东与股本相关的信息。

【选中的数据库】
- astockbasicinfodb: 这个数据库记录了上市公司的基本资料，可能包含股本结构信息。
- astockshareholderdb: 这个数据库记录了上市公司股东与股本相关的详细信息，更直接地包含了流通股本的数据。

由于astockshareholderdb更专注于股东与股本信息，因此从这个数据库中获取所需信息会更直接和高效。

【选中的数据库的清单】
```json
["astockshareholderdb"]
```


>>>>> 【user】 Said:
数据库表信息如下:
[{"表名": "astockshareholderdb.lc_shtypeclassifi", "说明": "该数据表主要用于记录股东及其分类信息，包含股东的唯一标识信息如股东代码和股东编码，股东名称及其所属性质等基本信息，同时提供多级分类结构，涵盖分类标准及一级至四级分类代码，便于对股东进行分层管理和分析。"}, {"表名": "astockshareholderdb.lc_mainshlistnew", "说明": "该数据表主要记录了股东及其持股情况的详细信息，包括公司代码、日期、信息发布日期和来源等基本信息。股东相关信息涵盖股东排名、序号、名称、性质、类别及其编码等。持股信息详细列出了持股总数、持股比例、持股增减情况，以及持有不同类型股票（如A股、B股、H股、普通股及其他类别）的数量和比例。此外，还包括股东性质描述、股权质押和冻结情况及其说明，股东之间的关联关系和一致行动人说明等。证券相关信息有证券代码、简称、所属券商编号及归属机构名称等。备注说明和其他字段提供了进一步的补充信息。"}, {"表名": "astockshareholderdb.lc_shnumber", "说明": "该数据表主要涵盖了公司股东信息的各类数据，包括公司代码、信息发布日期和信息来源等基本信息。股东数据详细记录了股东总户数及各类股东（如A股、B股、H股、CDR股东）的户数和户均持股数，提供了户均持股比例及其相对变化，季度和半年增长率等动态指标。此外，表中还细分了无限售条件股东的数据，包括无限售A股和CDR的户均持股数及比例变化等。通过这些数据，能够分析不同类型股东的持股分布及其变化趋势。"}, {"表名": "astockshareholderdb.lc_mshareholder", "说明": "该数据表主要用于记录公司股东相关信息及公司基本情况，包含以下几类字段信息：公司基本信息如公司代码、信息发布日期、信息来源等；股东相关信息如股东名称、股东地位、持股比例、股东性质、股东ID、国籍描述、永久境外居留权等；公司运营及财务信息如法人代表、注册资本、主要业务、经济性质、背景介绍等；其他信息如股权获取方式、实际控制人结构图、公告类别、报告原文文件格式、日期以及货币单位等，并提供是否存在的标识字段以便于数据筛选和分析。"}, {"表名": "astockshareholderdb.lc_actualcontroller", "说明": "该数据表主要用于记录公司实际控制人的相关信息，包括公司代码、信息发布日期和日期等基本信息；实际控制人的详细信息如代码、姓名、经济性质、国籍代码及描述、永久境外居留权状态，以及实际控制人所属性质等。"}, {"表名": "astockshareholderdb.lc_sharestru", "说明": "该数据表主要记录了公司股本结构及相关信息，包含以下几类字段：公司基本信息如公司代码(CompanyCode)、信息来源(InfoSource)、信息发布日期(InfoPublDate)；时间相关字段如日期(EndDate)；股本总量及变动情况如总股本(股)(TotalShares)、股本变动原因类别(ChangeType)、简称变更原因(ChangeReason)；股权分类及持股情况包括未流通股(NonListedShares)、流通股本(FloatShare)、有限售条件流通股(RestrictedShares)、无限售条件流通股(NonRestrictedShares)、A股(Ashares)、B股(Bshares)、H股(Hshares)、GDR代表基础股票(GDRshares)、外资持股(ForeignHolding)等，进一步细分为发起人股(PromoterShares)、国家股(StateShares)、法人股(DLegalPersonShares、FLegalPersonShares)、自然人股(NaturalPersonHoldLPShares)、职工股(StaffShares)、战略投资者配售持股(StategicInvestorShares)、基金配售持股(MutualFundShares)等；股本流通状态如已上市流通股(AFloatListed)、未上市增发股(AdditionIssueUnlisted)、配股未上市(RightsIssueUnlisted)等；其他股本信息如优先股(PreferredShares)、有限售H股(RestrictedHShares)、无限售H股(NonRestrictedHShares)、其他未流通股(OUnListedShares)；股本面值及货币单位如每股面值(PerValue)、每股面值货币单位(ParValueCurrencyUnit)。通过这些字段，能够全面反映公司股本的构成、流通及变动情况。"}, {"表名": "astockshareholderdb.lc_stockholdingst", "说明": "该数据表主要用于记录各类机构及股东对A股的持股情况及相关统计信息，包含以下几类字段：基础信息如证券内部编码、公司代码、统计日期等；持股数量信息，包括机构、公募基金、券商、私募基金、银行、外资等不同主体持有的无限售流通A股、总A股及其他类型A股的数量；持股比例信息，涵盖上述主体对不同类型A股的持股比例；持股户数信息，记录各类机构及股东的持股户数，包括流通A股户数、无限售流通A股户数等；前十大股东信息，如前十大股东持股数量及比例、无限售股东持股数据等；信息来源及日期字段，用于标注数据出处和时间。"}, {"表名": "astockshareholderdb.lc_sharetransfer", "说明": "该数据表主要记录股权转让的详细信息，涵盖了公司基本信息如公司代码、信息发布日期、信息来源等；股权转让的关键时间点如协议签署日、批准日期、正式变动日期等；转让方和受让方的相关信息，包括名称、经济性质、属性、编码等；股权转让前后的持股情况，如持股数量、持股比例、有限售股数、无限售股数等；交易相关信息如转让方式、涉及股数、交易价格、交易金额等；其他补充信息如生效条件、事项描述与进展、是否终止实施及公告日期等；以及序号、证券内部编码等标识信息。"}, {"表名": "astockshareholderdb.lc_sharefp", "说明": "该数据表记录了公司股权冻结质押的详细信息，包含公司代码、信息发布日期和来源等基本信息，以及涉及的股东和接受方的详细信息，如股东名称和ID、接受方名称和ID、股东和接受方的属性等。表中还包括冻结质押的具体细节，如涉及股数、占持股比例、占总股本比例、起始和结束日期、原因及事项编码和日期。此外，表格记录了无限售股数、有限售股数，以及初始信息发布日期、初始质押股数和预计解除日期等信息。"}, {"表名": "astockshareholderdb.lc_sharefpsta", "说明": "该数据表主要用于记录股权冻结质押的相关信息，包含以下字段：标识信息如冻结质押编号(FPCode)、公司代码(CompanyCode)和股东ID(SHID)；时间信息如截止日期(EndDate)；信息来源(InfoSource)；类别选择(Category)；股东信息如股权被冻结质押股东名称(FPSHName)及其属性(SHAttribute)；冻结质押相关统计数据如累计冻结质押股数(AccuFPShares)、累计占冻结质押方持股数比例(AccuPCTOfPled)、累计占总股本比例(AccuProportion)及其计算值(AccuProportionCalc)；其他辅助字段如AccuFPSharesCalc。"}, {"表名": "astockshareholderdb.lc_buyback", "说明": "该数据表记录了公司股份回购的详细信息，包括公司基本信息如公司代码，以及重要日期信息如首次信息发布日期、预案发布日期、股东大会通过日期、回购协议签署日、回购并注销股份公告书发布日、起始日期、结束日期、全称更改日期、回购资金划出日、工商变更登记日等。股份回购的具体情况涵盖股份类别、股份被回购方、回购股数及占总股本比例、回购定价方式说明、回购价格及回购总金额、回购数量及价格上下限、拟回购资金总额上下限等。支付方式、资金来源及用途说明、回购目的、事件进程及描述、回购方式代码及描述等信息也被详细记录。此外，还包括待偿期限指数、未描述的字段如回购目的、货币单位及被否决日期等。"}, {"表名": "astockshareholderdb.lc_buybackattach", "说明": "该数据表记录了有关股份回购的信息，包含回购的唯一标识（股份回购ID）及其相关的日期信息，如信息发布日期和生效日期。涉及财务数据的字段包括货币单位、最高价、最低价、本次回购资金及累计回购资金总额。此外，表中还记录了与回购数量相关的数据，如回购股数、累计回购数量及其占总股本的比例。通过这些字段，能够全面了解某次股份回购的基本信息和财务影响。"}, {"表名": "astockshareholderdb.lc_legaldistribution", "说明": "该数据表记录了证券配售的详细信息，涵盖了多方面的内容：基础信息如证券内部编码、证券代码、信息发布日期及首次发布日期等；配售相关信息包括配售总股数、配售原因、配售性质、获配股数（有锁定期和无锁定期分别记录）、获配金额、实际发行价、有效申购股数、退款金额、补款金额等；投资者信息包括投资者名称（标准化和原始）、投资者编号、投资者类型、投资者分类等，以及获配企业的名称、性质和所属券商的编号及名称；战略配售的详细记录如高管、员工、保荐机构及其他参与战略配售的股份数量、金额和占比等；此外，还包括流通日期、持股时间等时间维度信息，以及备注说明和配售对象代码等辅助字段。整体涵盖了证券配售的全流程信息，便于分析和统计。"}, {"表名": "astockshareholderdb.lc_nationalstockholdst", "说明": "该数据表主要用于记录股东持股相关信息，包含以下字段类别：基础信息如内部编码、公司代码、股东ID、股东名称；时间信息如截止日期；持股数据如持有A股总数、有限售A股数、无限售A股数；比例数据如占总股本比例、占流通A股比例；变动信息如持有A股数量增减及其增减幅度。"}, {"表名": "astockshareholderdb.cs_foreignholdingst", "说明": "该数据表记录了证券相关的交易信息，包括证券内部编码用于标识证券，交易日期表示具体的交易时间，外资持股总数（单位为万股）和外资持股比例（百分比）则反映了外资在该证券中的持股情况。"}, {"表名": "astockshareholderdb.lc_esop", "说明": "该数据表主要用于记录资产管理计划相关信息，涵盖了基础标识信息如“内部编码、公司代码”等，公告日期信息如“首次信息发布日期、董事会公告日期、股东大会公告日期”等，计划进程与实施信息如“事件进程、是否分期实施、数据统计区间、首次实施公告日”等，股票与资金规模信息如“股票来源方式、股票规模上限与下限、资金总额上限与下限”等，计划细节信息如“麦考利久期、锁定期、释放期、资金来源、参与单位及人员、管理模式、管理机构、资产管理计划全称、分期情况、杠杆比例”等，价格与参与情况信息如“购买股票价格、参与人数、高管及员工的参与人数、认购份额与比例”等，时间节点信息如“持股的完成日、锁定的起始日”等，以及其他补充说明如“计划情况说明”等，全面涵盖计划的各个维度。"}, {"表名": "astockshareholderdb.lc_esopsummary", "说明": "该数据表主要用于记录证券相关事件的信息，包括证券内部编码和公司代码等基础标识信息；首次信息发布日期、董事会公告日期、股东大会公告日期等时间信息；事件进程和序号等事件状态信息；是否分期实施及分期情况等分期相关信息；股票规模和资金总额的上下限等规模和资金范围信息；以及备注说明等补充描述信息。"}, {"表名": "astockshareholderdb.lc_transferplan", "说明": "该数据表主要记录了公司股东承诺及增减持计划的相关信息，涵盖多个方面的字段：公司基本信息如“公司代码”；信息披露相关字段如“首次信息发布日期”“信息发布日期”“信息来源”；承诺主体与事项类型信息如“承诺主体类型”“承诺事项类型”；承诺时间范围及内容描述如“承诺起始日期”“承诺截止日期”“承诺说明”；股东信息如“股东序号”“股东名称”；增持计划相关字段包括“增持时间描述”“增持实施期限”“增持价格描述”“增持股票触发价格上下限”“增持股份数量上下限”“增持比例上下限”“增持投入资金上下限”等；减持计划相关字段包括“减持时间描述”“减持实施期限”“减持价格描述”“减持股票触发价格上下限”“减持股份数量上下限”“减持比例上下限”等；承诺有效性及不减持承诺期限如“承诺是否有效”“不减持承诺期限”；交易方式及相关描述如“交易方式”“交易方式描述”；事件进程信息如“事件进程”。这些字段全面记录了公司股东承诺及增减持行为的各类细节。"}, {"表名": "astockshareholderdb.lc_smattendinfo", "说明": "该数据表记录了公司股东大会相关的综合信息，涵盖多个维度。包括公司基本信息如公司代码；股东大会的时间安排，如首次信息发布日期、最新信息发布日期、公告日期、股东大会召开日及时间、股权登记日、会议登记起止日期、网络投票起止日期等；股东大会的地点和形式信息，如召开地址、会议类别、投票表决方式、网络投票通道及代码等；股东大会的参与情况统计，包括出席总体股东及代表人数、各类股东人数（如A股、H股、中小股东、优先股股东等）、出席股东代表股份及其占比（按不同股东类别区分）；股东大会的主持及法律见证信息，包括大会主持人及其职务、见证律师事务所及其编号、经办律师等；其他相关信息如议案内容、是否有效、股东大会取消日期、年度及届次等。通过这些字段，全面反映了股东大会的组织、参与及法律合规情况。"}]

请选择table，务必遵循输出的格式要求。

>>>>> Agent【Check_db_structure.table_selector】 Said:
【分析】
要查询机器人2020年发布的2019年年报中的流通股本数量，首先需要确定机器人的公司代码，然后找到2019年年报发布的相关信息，最后查询流通股本数量。已知机器人关联信息在`constantdb.secumain`表中，流通股本信息在`astockshareholderdb.lc_sharestru`表中，而年报发布时间可以通过`astockbasicinfodb.lc_balancesheetall`表的`InfoPublDate`字段确认。

【选中的数据表】
- constantdb.secumain: 这个数据表包含机器人的公司代码等信息
- astockbasicinfodb.lc_balancesheetall: 这个数据表包含年报发布时间信息
- astockshareholderdb.lc_sharestru: 这个数据表包含流通股本数量信息

【选中的数据库表的清单】
```json
["constantdb.secumain", "astockbasicinfodb.lc_balancesheetall", "astockshareholderdb.lc_sharestru"]
```


>>>>> 【user】 Said:
已取得可用的数据表的字段信息如下:
[{"表名": "constantdb.secumain", "表字段": [{"column": "InnerCode", "desc": "证券内部编码"}, {"column": "CompanyCode", "desc": "公司代码；公司代码(CompanyCode)：当本表SecuCategory IN (8,13)即基金相关时，对应的基金管理人代码可通过本表InnerCode关联MF_FundArchives.InnerCode，取MF_FundArchives.InvestAdvisorCode"}, {"column": "SecuCode", "desc": "证券代码"}, {"column": "ChiName", "desc": "中文名称"}, {"column": "ChiNameAbbr", "desc": "中文名称缩写"}, {"column": "EngName", "desc": "英文名称"}, {"column": "EngNameAbbr", "desc": "英文名称缩写"}, {"column": "SecuAbbr", "desc": "证券简称"}, {"column": "ChiSpelling", "desc": "拼音证券简称"}, {"column": "ExtendedAbbr", "desc": "扩位简称"}, {"column": "ExtendedSpelling", "desc": "拼音扩位简称"}, {"column": "SecuMarket", "desc": "证券市场；，令LB = 201 AND DM IN (10,12,13,14,15,16,18,40,49,50,52,54,55,56,65,66,67,68,69,70,71,72,73,75,76,77,78,79,80,81,83,84,85,86,87,88,89,90,93,94,95,96,99,100,101,102,103,104,105,106,107,110,161,162,180,200,202,210,230,240,260,280,310,320,390,400,620,630,631,640,641,650,653,654,655,657,658,659,660,661,662,663,664,666,667,66302,66303,66305)，得到证券市场的具体描述：10-上海期货交易所，12-中国银行间外汇市场，13-大连商品交易所，14-上海黄金交易所，15-郑州商品交易所，16-上海票据交易所，18-北京证券交易所，40-芝加哥商业交易所，49-澳大利亚证券交易所，50-新西兰证券交易所，52-埃及开罗及亚历山大证券交易所，54-阿根廷布宜诺斯艾利斯证券交易所，55-巴西圣保罗证券交易所，56-墨西哥证券交易所，65-印度尼西亚证券交易所，66-泰国证券交易所，67-韩国首尔证券交易所，68-东京证券交易所，69-新加坡证券交易所，70-台湾证券交易所，71-柜台交易市场，72-香港联交所，73-一级市场，75-亚洲其他交易所，76-美国证券交易所，77-美国纳斯达克证券交易所，78-纽约证券交易所，79-美国其他交易市场，80-加拿大多伦多证券交易所，81-三板市场，83-上海证券交易所，84-其他市场，85-伦敦证券交易所，86-法国巴黎证券交易所，87-德国法兰克福证券交易所，88-欧洲其他交易所，89-银行间债券市场，90-深圳证券交易所，93-上海银行间同业拆借市场，94-瑞士证券交易所，95-荷兰阿姆斯特丹证券交易所，96-约翰内斯堡证券交易所，99-东京同业拆借市场，100-美国国债回购市场，101-伦敦银行同业拆借市场，102-香港银行同业拆借市场，103-新加坡银行同业拆借市场，104-中国银行同业拆借市场，105-欧元银行同业拆借市场，106-布鲁塞尔证券交易所，107-雅加达证券交易所，110-以色列特拉维夫证券交易所，161-意大利证券交易所，162-哥本哈根证券交易所，180-挪威奥斯陆证券交易所，200-斯德哥尔摩证券交易所，202-伊斯坦布尔证券交易所，210-印度国家证券交易所，230-奥地利维也纳证券交易所，240-西班牙马德里证券交易所，260-爱尔兰证券交易所，280-菲律宾证券交易所，310-机构间私募产品报价与服务系统，320-俄罗斯莫斯科证券交易所，390-里斯本证券交易所，400-芝加哥期权交易所，620-胡志明市证券交易所，630-沪市代理深市市场，631-沪市代理港交所市场，640-深市代理沪市市场，641-深市代理港交所市场，650-国际外汇市场(晨星)，653-上海环境能源交易所，654-北京绿色交易所，655-天津碳排放权交易中心，657-湖北碳排放权交易中心，658-重庆碳排放权交易中心，659-四川联合环境交易所，660-广州碳排放权交易所，661-海峡股权交易中心，662-深圳排放权交易所，663-欧洲能源交易所，664-全国碳排放权交易，666-布达佩斯证券交易所，667-全国温室气体自愿减排交易市场，66302-韩国ETS，66303-加拿大魁北克Cap-and-Trade(CaT)，66305-美国区域温室气体倡议（RGGI）。"}, {"column": "SecuCategory", "desc": "证券类别；，令LB = 1177 AND DM IN (1,2,4,5,6,7,8,9,10,11,12,13,14,15,16,17,18,19,20,21,23,26,27,28,29,30,31,32,33,35,36,37,38,39,40,41,42,43,44,45,46,47,55,79,80,211)，得到证券类别的具体描述：1-A股，2-B股，4-大盘，5-国债回购，6-国债现货，7-金融债券，8-开放式基金，9-可转换债券，10-其他，11-企业债券，12-企业债券回购，13-投资基金，14-央行票据，15-深市代理沪市股票，16-沪市代理深市股票，17-资产支持证券，18-资产证券化产品，19-买断式回购，20-衍生权证，21-股本权证，23-商业银行定期存款，26-收益增长线，27-新质押式回购，28-地方政府债，29-可交换公司债，30-拆借，31-信用风险缓释工具，32-浮息债计息基准利率，33-定期存款凭证，35-大额存款凭证，36-债券借贷，37-存款类机构质押式回购，38-存款类机构信用拆借，39-现货，40-货币对，41-中国存托凭证，42-协议回购，43-三方回购，44-利率互换品种，45-标准利率互换合约，46-报价回购，47-标准化票据，55-优先股，79-深市代理港交所股票，80-沪市代理港交所股票，211-自贸区债。"}, {"column": "ListedDate", "desc": "上市日期"}, {"column": "ListedSector", "desc": "上市板块；，令LB = 207 AND DM IN (1,2,3,4,5,6,7,8)，得到上市板块的具体描述：1-主板，2-中小企业板，3-三板，4-其他，5-大宗交易系统，6-创业板，7-科创板，8-北交所股票。"}, {"column": "ListedState", "desc": "上市状态；，令LB = 1176 AND DM IN (1,3,5,9)，得到上市状态的具体描述：1-上市，3-暂停，5-终止，9-其他。"}, {"column": "ISIN", "desc": "ISIN代码"}]}, {"表名": "astockshareholderdb.lc_sharestru", "表字段": [{"column": "CompanyCode", "desc": "公司代码；，得到上市公司的交易代码、简称等。"}, {"column": "InfoSource", "desc": "信息来源"}, {"column": "EndDate", "desc": "日期"}, {"column": "NonListedShares", "desc": "2)未流通A股(股)"}, {"column": "PromoterShares", "desc": "1.发起人股(股)"}, {"column": "StateShares", "desc": "国家股(股)"}, {"column": "DLegalPersonShares", "desc": "境内法人股(股)"}, {"column": "FLegalPersonShares", "desc": "外资法人股(股)"}, {"column": "OtherPromoterShares", "desc": "其它发起人股(股)"}, {"column": "RaisedLPShares", "desc": "2.募集法人股(股)"}, {"column": "NaturalPersonHoldLPShares", "desc": "3.自然人法人股(股)"}, {"column": "StaffShares", "desc": "4.职工股(股)"}, {"column": "RightsIssueTransferred", "desc": "5.转配股(股)"}, {"column": "PreferredAndOtherShares", "desc": "6.优先股及其他(股)"}, {"column": "PreferredShares", "desc": "其中:优先股(股)"}, {"column": "FloatShare", "desc": "流通股本(股)"}, {"column": "AFloats", "desc": "1)流通A股(股)"}, {"column": "AFloatListed", "desc": "1)已上市流通A股(包含高管股)(股)"}, {"column": "ManagementShares", "desc": "##高管股(股)"}, {"column": "StategicInvestorShares", "desc": "2)战略投资者配售持股(股)"}, {"column": "CommonLPShares", "desc": "3)一般法人配售持股(股)"}, {"column": "MutualFundShares", "desc": "4)基金配售持股(股)"}, {"column": "AdditionalIssueUnlisted", "desc": "5)增发未上市(股)"}, {"column": "RightsIssueUnlisted", "desc": "6)配股未上市(股)"}, {"column": "Bshares", "desc": "B股_旧(股)"}, {"column": "Hshares", "desc": "3.H股(股)"}, {"column": "Sshares", "desc": "1)S股(股)"}, {"column": "Nshares", "desc": "2)N股(股)"}, {"column": "OtherFloatShares", "desc": "4.海外上市股(股)"}, {"column": "TotalShares", "desc": "总股本(股)"}, {"column": "ChangeType", "desc": "股本变动原因类别；，令LB = 1022 AND DM NOT IN (43,60,101,102,105,115,116,117,118,119,121,123,127,128,129,131,132,135)，得到股本变动原因类别的具体描述：1-A股发行，2-B股发行，3-A股发行基金配售上市，4-A股发行法人配售上市，6-A股上市，7-B股上市，8-送转股，10-配股除权，11-配股上市，12-转配股上市，17-非公开增发A股上市，18-非公开增发A股，19-定向增发法人股，20-增发A股，21-增发B股，22-增发A股上市，23-增发A股基金配售上市，24-增发A股法人配售上市，25-增发A股原股东配售上市，26-H股增发，27-增发B股上市，28-H股首发上市，29-超额配售H股上市，30-国家股配售，35-股份回购，40-吸收合并，44-以股抵债，45-职工股上市，46-STAQ/NET系统法人股上市，47-外资法人股上市，48-可转换债券转股，49-股权转让，50-面值拆细，51-其他，52-CDR发行，53-CDR上市，54-CDR增发，55-CDR增发上市，56-CDR配股除权，57-CDR配股上市，58-CDR超额配售上市，59-优先股转普通股，71-股权分置方案实施，73-股权分置股份追送，75-股权分置限售流通，77-股权分置增持，78-股权分置股东增持股份上市，79-配股限售流通，80-股权激励限售流通，81-因权证行权流通，82-发行前股份限售流通，83-转债转股限售流通，84-股权激励方案实施，89-延长限售锁定期，90-延长限售锁定期流通，91-B股转H股，100-授予限制性股票，103-员工持股计划，104-员工持股计划限售流通，106-D股增发，107-D股首发上市，108-超额配售D股上市，109-超额配售A股上市，110-GDR基础股票首发上市，111-GDR基础股票增发上市，112-超额配售GDR基础股票上市，113-GDR基础股票生成兑回，114-三板挂牌，130-高管股份减少，134-战略配售股份出借，136-战略配售股份归还，137-高管股份增加，138-股东承诺不减持，139-分红股份上市，140-超额配售B股上市，141-追溯更新，142-承诺不减持到期。"}, {"column": "ChangeReason", "desc": "简称变更原因"}, {"column": "SLegalPersonShares", "desc": "其中:国有法人股(股)"}, {"column": "RaisedSLPShares", "desc": "其中:募集国有法人股(股)"}, {"column": "OtherAFloatShares", "desc": "7)其他流通股份(股)"}, {"column": "RestrictedAFloatShares", "desc": "8)有限售流通A股(股)"}, {"column": "RestrinctStaffShares", "desc": "其中:有限售流通股中职工股(股)"}, {"column": "NonListedBShares", "desc": "其中:未流通B股_旧"}, {"column": "InfoPublDate", "desc": "信息发布日期"}, {"column": "RestrictedShares", "desc": "有限售条件的流通股(股)"}, {"column": "StateHolding", "desc": "A.国家持股(股)"}, {"column": "SLegalPersonHolding", "desc": "B.国有法人持股(股)"}, {"column": "OtherDCapitalHolding", "desc": "C.其他内资持股(股)"}, {"column": "DLegalPersonHolding", "desc": "a.境内法人持股(股)"}, {"column": "DNaturalPersonHolding", "desc": "b.境内自然人持股(股)"}, {"column": "ForeignHolding", "desc": "D.外资持股(股)"}, {"column": "FLegalPersonHolding", "desc": "其中:境外法人持股(股)"}, {"column": "FNaturalPersonHolding", "desc": "其中:境外自然人持股(股)"}, {"column": "OtherRestrictedShares", "desc": "E.其他有限售(股)"}, {"column": "RestrictedBFloatShares", "desc": "有限售B股(股)"}, {"column": "PerValue", "desc": "每股面值(元)"}, {"column": "Ashares", "desc": "1.A股(股)"}, {"column": "NonRestrictedShares", "desc": "1.4)无限售条件流通A股(股)(披露)"}, {"column": "BsharesTotal", "desc": "2.B股(股)"}, {"column": "ListedBShares", "desc": "1)流通B股(股)"}, {"column": "NonListedRestrictedBShares", "desc": "2)未流通B股(股)"}, {"column": "ForeignHoldingAshares", "desc": "外资持A股(股)"}, {"column": "RestrictedAShares", "desc": "1.1)有限售条件的流通A股(股)(计算)"}, {"column": "OtherFNonListedShares", "desc": "7.其他外资股(股)"}, {"column": "NonResiSharesJY", "desc": "1.2)无限售条件流通A股(股)(计算)"}, {"column": "RestrictAShareP", "desc": "1.3)有限售条件的流通A股(股)(披露)"}, {"column": "SRUnlistedShare", "desc": "增发、配股未上市股份(股)(披露)"}, {"column": "NonResiBShares", "desc": "其中:无限售流通B股"}, {"column": "GDRshares", "desc": "5.GDR代表基础股票(股)"}, {"column": "ParValueCurrencyUnit", "desc": "每股面值货币单位"}, {"column": "NonRestrictedHShares", "desc": "无限售H股"}, {"column": "RestrictedHShares", "desc": "有限售H股"}, {"column": "OUnListedShares", "desc": "其他未流通股(股)"}, {"column": "OtherNonListedShares", "desc": "8.其他未流通股(股)"}, {"column": "Dshares", "desc": "No description available"}]}]

请选择column，务必遵循输出的格式要求。

>>>>> Agent【Check_db_structure.columns_selector】 Said:
【分析】
用户询问的是“机器人”在2020年发布的2019年年报中的流通股本数量。首先需要确定“机器人”对应的证券代码，然后找到2019年年报中流通股本的数据。

【信息所在字段】
- constantdb.secumain.SecuCode: 这个字段包含证券代码，对应用户提问中的“机器人”。
- constantdb.secumain.ChiNameAbbr: 这个字段包含中文名称缩写，对应用户提问中的“机器人”。
- astockshareholderdb.lc_sharestru.FloatShare: 这个字段包含流通股本数量，对应用户提问中的流通股本。
- astockshareholderdb.lc_sharestru.InfoPublDate: 这个字段包含信息发布日期，用于确认是否为2019年年报。

【筛选条件所在字段】
- constantdb.secumain.SecuCode: 用于筛选出“机器人”对应的证券代码。
- astockshareholderdb.lc_sharestru.InfoPublDate: 用于筛选出2020年发布的2019年年报。

【选中的字段的清单】
```json
{
  "constantdb.secumain": ["SecuCode", "ChiNameAbbr"],
  "astockshareholderdb.lc_sharestru": ["FloatShare", "InfoPublDate"]
}
```


>>>>> 【user】 Said:
之前已查询到信息如下:
查询结果表明: 在2020年1月1日至2020年12月31日期间，公司代码为77318的上市公司发布的“前十大股东”信息中，中国科学院沈阳自动化研究所是其中一位股东（SHList）。由于使用了LIMIT 1，结果仅展示了该时间段内符合条件的第一条记录。
---
查询结果表明:
该查询从`astockshareholderdb.lc_shnumber`表中选择了一条记录。记录显示，公司代码为50006的上市公司在2019年1月11日发布了相关信息，信息来源为深交所互动易。截至2019年1月10日，该公司股东数量为53084，平均持股金额为45755.51元。该记录还包含了多个与持股相关的字段，如持股比例变化、季度和半年平均持股金额增长率等。具体字段值包括持股比例（HoldProportionPAccount）为0.0018838067967749，季度平均持股金额增长率（AvgHoldSumGRQuarter）为3.031，半年平均持股金额增长率（AvgHoldSumGRHalfAYear）为6.9926等。部分字段如B股和H股相关数据为空。记录的最后更新时间为2020年12月12日。
---
查询结果表明: 在2019年，公司代码为77318的上市公司，其股东总数为702,656人。该结果是通过汇总astockshareholderdb.lc_shnumber表中符合条件（CompanyCode为77318且EndDate年份为2019年）的SHNum字段得到的。

请问:机器人2020年发布的2019年年报中，其流通股本有多少股？

>>>>> Agent【Sql_query.master】 Said:
【已知信息】
- 机器人关联信息：所在数据表是constantdb.secumain; InnerCode(证券内部编码)是9363; CompanyCode(公司代码)是77318; ChiName(中文名称)是沈阳新松机器人自动化股份有限公司; SecuCode(证券代码)是300024。
- 2020年发布的2019年年报相关信息。

【当前阶段要获取的信息】
- 2020年发布的2019年年报中，机器人公司的流通股本数量。

【信息所在字段】
- 流通股本数量字段为`FloatShare`。

【筛选条件所在字段】
- 公司代码字段为`CompanyCode`。
- 信息发布日期字段为`InfoPublDate`。

【SQL语句的思路】
- 从`astockshareholderdb.lc_sharestru`表中查询流通股本数量。
- 筛选条件为公司代码为77318，并且信息发布日期在2020年内。

【执行SQL语句】
```exec_sql
SELECT FloatShare 
FROM astockshareholderdb.lc_sharestru 
WHERE CompanyCode = 77318 
AND DATE(InfoPublDate) BETWEEN '2020-01-01' AND '2020-12-31'
LIMIT 1;
```

【上述SQL语句的含义】
- 从`astockshareholderdb.lc_sharestru`表中选择`FloatShare`字段。
- 筛选条件是`CompanyCode`等于77318，并且`InfoPublDate`在2020年1月1日至2020年12月31日之间。
- 使用`LIMIT 1`获取符合条件的第一条记录。

>>>>> 查询sql:
SELECT FloatShare 
FROM astockshareholderdb.lc_sharestru 
WHERE CompanyCode = 77318 
AND DATE(InfoPublDate) BETWEEN '2020-01-01' AND '2020-12-31'
LIMIT 1;
查询结果:
[{"FloatShare": 1560239617.0}]


>>>>> 【user】 Said:
查询SQL:
SELECT FloatShare 
FROM astockshareholderdb.lc_sharestru 
WHERE CompanyCode = 77318 
AND DATE(InfoPublDate) BETWEEN '2020-01-01' AND '2020-12-31'
LIMIT 1;
查询结果:
[{"FloatShare": 1560239617.0}]

请理解查询结果

>>>>> Agent【Sql_query.understand_query_result】 Said:
查询结果表明: 在2020年1月1日至2020年12月31日期间，公司代码为77318的上市公司发布的流通股本信息中，第一条记录的流通股本数为1560239617股。


>>>>> 【user】 Said:
查询SQL:
SELECT FloatShare 
FROM astockshareholderdb.lc_sharestru 
WHERE CompanyCode = 77318 
AND DATE(InfoPublDate) BETWEEN '2020-01-01' AND '2020-12-31'
LIMIT 1;
查询结果:
[{"FloatShare": 1560239617.0}]

查询结果表明: 在2020年1月1日至2020年12月31日期间，公司代码为77318的上市公司发布的流通股本信息中，第一条记录的流通股本数为1560239617股。

当前掌握的信息是否能够回答"机器人2020年发布的2019年年报中，其流通股本有多少股？"？还是要继续执行下一阶段SQL查询？

>>>>> Agent【Sql_query.master】 Said:
【已知信息】
- 查询结果表明：在2020年1月1日至2020年12月31日期间，公司代码为77318的上市公司发布的流通股本信息中，第一条记录的流通股本数为1,560,239,617股。

【当前阶段要获取的信息】
- 无需继续执行SQL查询，当前掌握的信息已能够回答问题。

【信息所在字段】
- 无需继续执行SQL查询。

【筛选条件所在字段】
- 无需继续执行SQL查询。

【SQL语句的思路】
- 无需继续执行SQL查询。

【执行SQL语句】
```exec_sql
无
```

【上述SQL语句的含义】
- 无需继续执行SQL查询。

**结论**：
当前掌握的信息已能够回答"机器人2020年发布的2019年年报中，其流通股本有多少股？"的问题。机器人公司在2020年发布的2019年年报中，其流通股本数为1,560,239,617股。无需继续执行下一阶段SQL查询。


>>>>> 【user】 Said:
充分尊重前面给出的结论，回答问题:"机器人2020年发布的2019年年报中，其流通股本有多少股？"

>>>>> Agent【Sql_query.summary】 Said:
流通股本: 1560239617股
