
>>>>> Original Question: 该公司的人才结构是否合理？请分析技术人员、生产人员、销售人员的比例构成。


>>>>> 【user】 Said:
提取下面这段文字中的实体（如公司名、股票代码、拼音缩写等），如果识别结果是空，那么就回复No Entities."该公司的人才结构是否合理？请分析技术人员、生产人员、销售人员的比例构成。"

>>>>> Agent【extract_company】 Said:
No Entities.


>>>>> 【user】 Said:
下面是顺序的历史问答:
'''
Question: 淮北矿业2021年底的员工总数是多少？其中技术人员占比是多少？（保留2位小数）
Answer: 员工总数: 48173, 技术人员占比: 5.32%
Question: 假设硕博人员都是技术人员，在该公司的技术人员中，具有硕士及以上学历（硕士+博士）的人员占比是多少？（保留2位小数）
Answer: 4.18
'''
现在用户继续提问，请根据已知信息，理解当前这个问题的完整含义，并重写这个问题使得单独拿出来看仍然能够正确理解：该公司的人才结构是否合理？请分析技术人员、生产人员、销售人员的比例构成。

>>>>> Agent【rewrite_question】 Said:
淮北矿业2021年底的人才结构是否合理？请分析该公司技术人员、生产人员、销售人员的比例构成，并结合已知的技术人员占比（5.32%）和具有硕士及以上学历的技术人员占比（4.18%）进行详细说明。

>>>>> 已知事实:
淮北矿业的关联信息有:[所在数据表是constantdb.secumain;InnerCode(证券内部编码)是2169;CompanyCode(公司代码)是1842;ChiName(中文名称)是淮北矿业控股股份有限公司;EngName(英文名称)是Huaibei Mining Holdings Co.,Ltd.;SecuCode(证券代码)是600985;ChiNameAbbr(中文名称缩写)是淮北矿业;EngNameAbbr(英文名称缩写)是hbky;SecuAbbr(证券简称)是淮北矿业;ChiSpelling(拼音证券简称)是HBKY;]

>>>>> 【user】 Said:
请选择db，务必遵循输出的格式要求。

>>>>> Agent【Check_db_structure.db_selector】 Said:
【分析】
要分析淮北矿业2021年底的人才结构是否合理，需要获取该公司技术人员、生产人员、销售人员的比例构成，并结合已知的技术人员占比（5.32%）和具有硕士及以上学历的技术人员占比（4.18%）进行详细说明。这涉及到公司员工的具体分类和统计数据。

根据知识库的描述，`astockoperationsdb`（上市公司产品供销/人力资源）数据库记录了A股上市公司在供应商与客户关系、职工构成以及管理层报酬统计等方面的重要信息，涵盖了从2015年至今的企业关联交易数据、1999年至今的员工构成数据，以及2001年至今的管理层报酬统计数据。其中的`公司职工构成`表（lc_staff）包含公司员工的分类与统计信息，如分类方式、类别名称、员工数量、年龄范围、占比等，可以用来分析淮北矿业的员工结构。

【选中的数据库】
- `astockoperationsdb`: 这个数据库包含公司职工构成的相关信息，可以用来分析技术人员、生产人员、销售人员的比例构成。

【选中的数据库的清单】
```json
["astockoperationsdb"]
```


>>>>> 【user】 Said:
数据库表信息如下:
[{"表名": "astockoperationsdb.lc_suppcustdetail", "说明": "该数据表记录了企业关联交易的详细信息，包含信息发布的时间和来源（如信息发布日期、信息来源及其编码），企业及关联方的基本信息（如公司代码、关联企业名称、供应商/客户代码与属性等），交易相关信息（如交易标的名称与代码、交易金额及占比等），以及其他辅助信息（如截止日期、关系所属类型、序号及备注等）。"}, {"表名": "astockoperationsdb.lc_staff", "说明": "该数据表包含与公司和员工分类相关的信息，字段包括公司代码、信息来源、合并标志等基本信息，日期和信息发布日期等时间信息，分类方式、类别名称及分类代码等分类相关内容，最低年龄、最高年龄及员工数量等员工统计数据，以及占总数比例等比例信息，最后还有备注说明字段用于补充说明。"}, {"表名": "astockoperationsdb.lc_rewardstat", "说明": "该数据表主要记录公司管理层及董事津贴与报酬相关信息，包括公司标识信息如公司代码、信息发布日期和来源；日期信息如截止日期；报酬信息如管理层报酬总额、领取报酬的管理层人数、前三名董事及高管的报酬、独立董事津贴（按人及总额）；以及其他补充说明字段如备注说明等。"}]

请选择table，务必遵循输出的格式要求。

>>>>> Agent【Check_db_structure.table_selector】 Said:
【分析】
要分析淮北矿业2021年底的人才结构是否合理，需要关注技术人员、生产人员、销售人员的比例构成，并结合已知的技术人员占比（5.32%）和具有硕士及以上学历的技术人员占比（4.18%）进行详细说明。为此，我们需要选择包含员工分类和比例信息的表。

【选中的数据表】
- astockoperationsdb.lc_staff: 这个数据表包含与公司和员工分类相关的信息，包括公司代码、分类方式、类别名称、员工数量及占总数比例等，可以用来分析技术人员、生产人员、销售人员的比例构成。

【选中的数据库表的清单】
```json
["astockoperationsdb.lc_staff"]
```


>>>>> 【user】 Said:
已取得可用的数据表的字段信息如下:
[{"表名": "astockoperationsdb.lc_staff", "表字段": [{"column": "CompanyCode", "desc": "公司代码"}, {"column": "EndDate", "desc": "日期"}, {"column": "InfoSource", "desc": "信息来源"}, {"column": "MergeMark", "desc": "合并标志；，令LB = 1189 AND DM IN (1,2)，得到合并标志的具体描述：1-合并，2-母公司。"}, {"column": "ClassfiedMethod", "desc": "分类方式；，令LB = 1050 AND DM IN (1000,3000,5000,7000,9000,9300,9800,9900)，得到分类方式的具体描述：1000-技术职称，3000-专业构成，5000-教育程度，7000-年龄结构，9000-职工总数，9300-离退人数，9800-其他分类，9900-未分类人员。"}, {"column": "TypeName", "desc": "类别名称"}, {"column": "YoungestAge", "desc": "最低年龄"}, {"column": "OldestAge", "desc": "最高年龄"}, {"column": "EmployeeSum", "desc": "员工数量"}, {"column": "RatioInSum", "desc": "占总数比例"}, {"column": "Statement", "desc": "备注说明"}, {"column": "TypeCode", "desc": "分类代码；(系统常量表)，LB=1050。 当分类方式=1000-技术职称，则项目代码的具体描述：1012-高级职称及以上,1014-副高级职称及以上,1016-中级职称及以上,1018-初级职称及以上,1099-其他职称分类。当分类方式=3000-专业构成，则项目代码的具体描述：3010-行政管理人员，3013-管理人员，3015-行政人员，3030-业务人员，3031-生产人员，3032-采购人员，3033-市场人员，3034-销售人员，3035-技术人员，3036-仓储物流，3037-研发人员，3050-财务人员，3060-客服人员，3070-风控稽核，3090-综合分类人员，3099-其他岗位人员；其中（3032、3034、3036、3060与3070均为2018年新增分类，不建议与历史对比）。当分类方式=5000-教育程度，则项目代码的具体描述：5005-博士后，5010-博士，5015-硕士，5020-本科，5025-大专，5030-高中中专，5050-初中，5060-小学，5099-其他学历。当分类方式=7000-年龄结构时，则项目代码的具体描述：7099-平均年龄。"}, {"column": "InfoPublDate", "desc": "信息发布日期"}]}]

请选择column，务必遵循输出的格式要求。

>>>>> Agent【Check_db_structure.columns_selector】 Said:
【分析】
用户提问要求分析淮北矿业2021年底的人才结构是否合理，具体需要分析技术人员、生产人员、销售人员的比例构成，并结合已知的技术人员占比（5.32%）和具有硕士及以上学历的技术人员占比（4.18%）进行详细说明。因此，需要选择与人员分类、比例、教育程度相关的字段。

【信息所在字段】
- astockoperationsdb.lc_staff.TypeName: 这个字段可能包含人员类别名称信息，对应用户提问中的技术人员、生产人员、销售人员
- astockoperationsdb.lc_staff.EmployeeSum: 这个字段可能包含员工数量信息，对应用户提问中的各类人员数量
- astockoperationsdb.lc_staff.RatioInSum: 这个字段可能包含占总数比例信息，对应用户提问中的各类人员比例
- astockoperationsdb.lc_staff.ClassfiedMethod: 这个字段可能包含分类方式信息，用于区分技术职称、专业构成、教育程度等
- astockoperationsdb.lc_staff.TypeCode: 这个字段可能包含分类代码信息，用于具体分类如技术人员、生产人员、销售人员等

【筛选条件所在字段】
- astockoperationsdb.lc_staff.CompanyCode: 这个字段可能包含公司代码信息，对应用户提问中的淮北矿业
- astockoperationsdb.lc_staff.EndDate: 这个字段可能包含日期信息，对应用户提问中的2021年底
- astockoperationsdb.lc_staff.ClassfiedMethod: 这个字段可能包含分类方式信息，用于筛选技术职称、专业构成、教育程度等
- astockoperationsdb.lc_staff.TypeCode: 这个字段可能包含分类代码信息，用于筛选具体分类如技术人员、生产人员、销售人员等

【选中的字段的清单】
```json
{
  "astockoperationsdb.lc_staff": [
    "CompanyCode",
    "EndDate",
    "TypeName",
    "EmployeeSum",
    "RatioInSum",
    "ClassfiedMethod",
    "TypeCode"
  ]
}
```


>>>>> 【user】 Said:
之前已查询到信息如下:
查询结果表明: 在公司代码为1842的记录中，截至2021年12月31日，按照专业构成（ClassfiedMethod = 3000）分类的员工总数为48173人，其中技术人员（TypeCode = '3035'）占总员工数的比例为5.3163%。
---
查询结果表明: 在公司代码为1842的记录中，截至2021年12月31日，按照教育程度分类方式（ClassfiedMethod = 5000），具有博士（TypeCode = '5010'）或硕士（TypeCode = '5015'）学历的员工总数为107人。
---
查询结果表明: 在公司代码为1842的记录中，截至2021年12月31日，按照专业构成（ClassfiedMethod = 3000）分类，技术人员的数量（TypeCode = '3035'）为2561人。
---
查询结果表明: 计算得出的MasterAndDoctorRatio（硕士及博士比例）为4.18%，这是通过将107除以2561再乘以100并四舍五入到两位小数得到的比例值。

请问:淮北矿业2021年底的人才结构是否合理？请分析该公司技术人员、生产人员、销售人员的比例构成，并结合已知的技术人员占比（5.32%）和具有硕士及以上学历的技术人员占比（4.18%）进行详细说明。

>>>>> Agent【Sql_query.master】 Said:
要分析淮北矿业2021年底的人才结构是否合理，我们需要获取以下信息：

1. 技术人员的数量和占比（已知：2561人，占比5.32%）
2. 生产人员的数量和占比
3. 销售人员的数量和占比
4. 结合已知的技术人员中具有硕士及以上学历的人员占比（4.18%）

首先，我们需要查询生产人员和销售人员的数量和占比。

### 【已知信息】
- 公司代码：1842
- 日期：2021年12月31日
- 技术人员数量：2561人
- 技术人员占比：5.32%
- 具有硕士及以上学历的技术人员占比：4.18%

### 【当前阶段要获取的信息】
- 生产人员的数量和占比
- 销售人员的数量和占比

### 【信息所在字段】
- `EmployeeSum`：员工数量
- `RatioInSum`：占总数比例
- `TypeCode`：分类代码
  - 生产人员：`3031`
  - 销售人员：`3034`

### 【筛选条件所在字段】
- `CompanyCode`：公司代码
- `EndDate`：日期
- `ClassfiedMethod`：分类方式（3000-专业构成）

### 【SQL语句的思路】
1. 查询生产人员的数量和占比
2. 查询销售人员的数量和占比

### 【执行SQL语句】
```exec_sql
SELECT 
    TypeName, 
    EmployeeSum, 
    RatioInSum
FROM 
    astockoperationsdb.lc_staff
WHERE 
    CompanyCode = 1842 
    AND DATE(EndDate) = '2021-12-31' 
    AND ClassfiedMethod = 3000 
    AND TypeCode IN ('3031', '3034');
```

### 【上述SQL语句的含义】
从`astockoperationsdb.lc_staff`表中查询公司代码为1842、日期为2021年12月31日、分类方式为专业构成（3000）的生产人员（TypeCode = '3031'）和销售人员（TypeCode = '3034'）的数量和占比。

获取到这些数据后，我们可以结合已知的技术人员占比和具有硕士及以上学历的技术人员占比，综合分析淮北矿业的人才结构是否合理。

>>>>> 查询sql:
SELECT 
    TypeName, 
    EmployeeSum, 
    RatioInSum
FROM 
    astockoperationsdb.lc_staff
WHERE 
    CompanyCode = 1842 
    AND DATE(EndDate) = '2021-12-31' 
    AND ClassfiedMethod = 3000 
    AND TypeCode IN ('3031', '3034');
查询结果:
[{"TypeName": "生产人员", "EmployeeSum": 38417, "RatioInSum": null}, {"TypeName": "销售人员", "EmployeeSum": 1487, "RatioInSum": null}]


>>>>> 【user】 Said:
查询SQL:
SELECT 
    TypeName, 
    EmployeeSum, 
    RatioInSum
FROM 
    astockoperationsdb.lc_staff
WHERE 
    CompanyCode = 1842 
    AND DATE(EndDate) = '2021-12-31' 
    AND ClassfiedMethod = 3000 
    AND TypeCode IN ('3031', '3034');
查询结果:
[{"TypeName": "生产人员", "EmployeeSum": 38417, "RatioInSum": null}, {"TypeName": "销售人员", "EmployeeSum": 1487, "RatioInSum": null}]

请理解查询结果

>>>>> Agent【Sql_query.understand_query_result】 Said:
查询结果表明:
该查询针对公司代码为1842的记录，在2021年12月31日的数据中，按照专业构成（ClassfiedMethod = 3000）的分类方式，筛选出类型代码为3031（生产人员）和3034（销售人员）的员工信息。结果显示，生产人员共有38417名，销售人员共有1487名，但这两类人员的占总数比例（RatioInSum）均未提供具体数值。


>>>>> 【user】 Said:
查询SQL:
SELECT 
    TypeName, 
    EmployeeSum, 
    RatioInSum
FROM 
    astockoperationsdb.lc_staff
WHERE 
    CompanyCode = 1842 
    AND DATE(EndDate) = '2021-12-31' 
    AND ClassfiedMethod = 3000 
    AND TypeCode IN ('3031', '3034');
查询结果:
[{"TypeName": "生产人员", "EmployeeSum": 38417, "RatioInSum": null}, {"TypeName": "销售人员", "EmployeeSum": 1487, "RatioInSum": null}]

查询结果表明:
该查询针对公司代码为1842的记录，在2021年12月31日的数据中，按照专业构成（ClassfiedMethod = 3000）的分类方式，筛选出类型代码为3031（生产人员）和3034（销售人员）的员工信息。结果显示，生产人员共有38417名，销售人员共有1487名，但这两类人员的占总数比例（RatioInSum）均未提供具体数值。

当前掌握的信息是否能够回答"淮北矿业2021年底的人才结构是否合理？请分析该公司技术人员、生产人员、销售人员的比例构成，并结合已知的技术人员占比（5.32%）和具有硕士及以上学历的技术人员占比（4.18%）进行详细说明。"？还是要继续执行下一阶段SQL查询？

>>>>> Agent【Sql_query.master】 Said:
### 【已知信息】
- 公司代码：1842
- 日期：2021年12月31日
- 技术人员数量：2561人
- 技术人员占比：5.32%
- 具有硕士及以上学历的技术人员占比：4.18%
- 生产人员数量：38417人
- 销售人员数量：1487人
- 生产人员和销售人员的占总数比例（RatioInSum）未提供具体数值

### 【当前阶段要获取的信息】
为了全面分析人才结构，我们需要计算生产人员和销售人员的占比。

### 【信息所在字段】
- `EmployeeSum`：员工数量
- `RatioInSum`：占总数比例（当前为空，需要计算）

### 【筛选条件所在字段】
- `CompanyCode`：公司代码
- `EndDate`：日期
- `ClassfiedMethod`：分类方式（3000-专业构成）

### 【SQL语句的思路】
1. 计算生产人员的占比
2. 计算销售人员的占比

### 【执行SQL语句】
由于`RatioInSum`字段为空，我们需要手动计算占比。首先，我们需要获取总员工数，然后计算各部分占比。

```exec_sql
SELECT 
    TypeName, 
    EmployeeSum,
    (EmployeeSum / (SELECT EmployeeSum FROM astockoperationsdb.lc_staff WHERE CompanyCode = 1842 AND DATE(EndDate) = '2021-12-31' AND ClassfiedMethod = 9000)) * 100 AS RatioInSum
FROM 
    astockoperationsdb.lc_staff
WHERE 
    CompanyCode = 1842 
    AND DATE(EndDate) = '2021-12-31' 
    AND ClassfiedMethod = 3000 
    AND TypeCode IN ('3031', '3034');
```

### 【上述SQL语句的含义】
从`astockoperationsdb.lc_staff`表中查询公司代码为1842、日期为2021年12月31日、分类方式为专业构成（3000）的生产人员（TypeCode = '3031'）和销售人员（TypeCode = '3034'）的数量，并计算其占总员工数的比例。总员工数通过子查询获取，条件是公司代码为1842、日期为2021年12月31日、分类方式为职工总数（9000）。

获取到这些数据后，我们可以结合已知的技术人员占比和具有硕士及以上学历的技术人员占比，综合分析淮北矿业的人才结构是否合理。

>>>>> 查询sql:
SELECT 
    TypeName, 
    EmployeeSum,
    (EmployeeSum / (SELECT EmployeeSum FROM astockoperationsdb.lc_staff WHERE CompanyCode = 1842 AND DATE(EndDate) = '2021-12-31' AND ClassfiedMethod = 9000)) * 100 AS RatioInSum
FROM 
    astockoperationsdb.lc_staff
WHERE 
    CompanyCode = 1842 
    AND DATE(EndDate) = '2021-12-31' 
    AND ClassfiedMethod = 3000 
    AND TypeCode IN ('3031', '3034');
查询失败: 查询执行失败: (mysql.connector.errors.DataError) 1242 (21000): Subquery returns more than 1 row
[SQL: SELECT 
    TypeName, 
    EmployeeSum,
    (EmployeeSum / (SELECT EmployeeSum FROM astockoperationsdb.lc_staff WHERE CompanyCode = 1842 AND DATE(EndDate) = '2021-12-31' AND ClassfiedMethod = 9000)) * 100 AS RatioInSum
FROM 
    astockoperationsdb.lc_staff
WHERE 
    CompanyCode = 1842 
    AND DATE(EndDate) = '2021-12-31' 
    AND ClassfiedMethod = 3000 
    AND TypeCode IN ('3031', '3034');]
(Background on this error at: https://sqlalche.me/e/20/9h9h)


>>>>> 【user】 Said:
查询SQL:
SELECT 
    TypeName, 
    EmployeeSum,
    (EmployeeSum / (SELECT EmployeeSum FROM astockoperationsdb.lc_staff WHERE CompanyCode = 1842 AND DATE(EndDate) = '2021-12-31' AND ClassfiedMethod = 9000)) * 100 AS RatioInSum
FROM 
    astockoperationsdb.lc_staff
WHERE 
    CompanyCode = 1842 
    AND DATE(EndDate) = '2021-12-31' 
    AND ClassfiedMethod = 3000 
    AND TypeCode IN ('3031', '3034');
查询发生异常：查询执行失败: (mysql.connector.errors.DataError) 1242 (21000): Subquery returns more than 1 row
[SQL: SELECT 
    TypeName, 
    EmployeeSum,
    (EmployeeSum / (SELECT EmployeeSum FROM astockoperationsdb.lc_staff WHERE CompanyCode = 1842 AND DATE(EndDate) = '2021-12-31' AND ClassfiedMethod = 9000)) * 100 AS RatioInSum
FROM 
    astockoperationsdb.lc_staff
WHERE 
    CompanyCode = 1842 
    AND DATE(EndDate) = '2021-12-31' 
    AND ClassfiedMethod = 3000 
    AND TypeCode IN ('3031', '3034');]
(Background on this error at: https://sqlalche.me/e/20/9h9h)

请修正

>>>>> Agent【Sql_query.master】 Said:
### 【已知信息】
- 公司代码：1842
- 日期：2021年12月31日
- 技术人员数量：2561人
- 技术人员占比：5.32%
- 具有硕士及以上学历的技术人员占比：4.18%
- 生产人员数量：38417人
- 销售人员数量：1487人
- 生产人员和销售人员的占总数比例（RatioInSum）未提供具体数值

### 【当前阶段要获取的信息】
为了全面分析人才结构，我们需要计算生产人员和销售人员的占比。

### 【信息所在字段】
- `EmployeeSum`：员工数量
- `RatioInSum`：占总数比例（当前为空，需要计算）

### 【筛选条件所在字段】
- `CompanyCode`：公司代码
- `EndDate`：日期
- `ClassfiedMethod`：分类方式（3000-专业构成）

### 【SQL语句的思路】
1. 先获取总员工数
2. 计算生产人员和销售人员的占比

### 【执行SQL语句】
由于子查询返回了多行数据，我们需要先单独获取总员工数，然后再进行计算。

首先，获取总员工数：

```exec_sql
SELECT 
    EmployeeSum
FROM 
    astockoperationsdb.lc_staff
WHERE 
    CompanyCode = 1842 
    AND DATE(EndDate) = '2021-12-31' 
    AND ClassfiedMethod = 9000;
```

### 【上述SQL语句的含义】
从`astockoperationsdb.lc_staff`表中查询公司代码为1842、日期为2021年12月31日、分类方式为职工总数（9000）的员工总数。

获取到总员工数后，我们再计算生产人员和销售人员的占比。

>>>>> 查询sql:
SELECT 
    EmployeeSum
FROM 
    astockoperationsdb.lc_staff
WHERE 
    CompanyCode = 1842 
    AND DATE(EndDate) = '2021-12-31' 
    AND ClassfiedMethod = 9000;
查询结果:
[{"EmployeeSum": 33}, {"EmployeeSum": 48173}]


>>>>> 【user】 Said:
查询SQL:
SELECT 
    EmployeeSum
FROM 
    astockoperationsdb.lc_staff
WHERE 
    CompanyCode = 1842 
    AND DATE(EndDate) = '2021-12-31' 
    AND ClassfiedMethod = 9000;
查询结果:
[{"EmployeeSum": 33}, {"EmployeeSum": 48173}]

请理解查询结果

>>>>> Agent【Sql_query.understand_query_result】 Said:
查询结果表明: 在公司代码为1842的情况下，截至2021年12月31日，按照分类方式为9000（职工总数）统计的员工数量有两个值，分别为33和48173。这可能表明该公司在该日期有两个不同的职工总数记录，或者存在数据重复录入的情况。


>>>>> 【user】 Said:
查询SQL:
SELECT 
    EmployeeSum
FROM 
    astockoperationsdb.lc_staff
WHERE 
    CompanyCode = 1842 
    AND DATE(EndDate) = '2021-12-31' 
    AND ClassfiedMethod = 9000;
查询结果:
[{"EmployeeSum": 33}, {"EmployeeSum": 48173}]

查询结果表明: 在公司代码为1842的情况下，截至2021年12月31日，按照分类方式为9000（职工总数）统计的员工数量有两个值，分别为33和48173。这可能表明该公司在该日期有两个不同的职工总数记录，或者存在数据重复录入的情况。

当前掌握的信息是否能够回答"淮北矿业2021年底的人才结构是否合理？请分析该公司技术人员、生产人员、销售人员的比例构成，并结合已知的技术人员占比（5.32%）和具有硕士及以上学历的技术人员占比（4.18%）进行详细说明。"？还是要继续执行下一阶段SQL查询？

>>>>> Agent【Sql_query.master】 Said:
### 【已知信息】
- 公司代码：1842
- 日期：2021年12月31日
- 技术人员数量：2561人
- 技术人员占比：5.32%
- 具有硕士及以上学历的技术人员占比：4.18%
- 生产人员数量：38417人
- 销售人员数量：1487人
- 总员工数记录有两个值：33和48173

### 【当前阶段要获取的信息】
由于总员工数存在两个不同的记录，我们需要确认正确的总员工数，以便计算生产人员和销售人员的占比。

### 【信息所在字段】
- `EmployeeSum`：员工数量

### 【筛选条件所在字段】
- `CompanyCode`：公司代码
- `EndDate`：日期
- `ClassfiedMethod`：分类方式（9000-职工总数）

### 【SQL语句的思路】
1. 确认正确的总员工数
2. 计算生产人员和销售人员的占比

### 【执行SQL语句】
为了确认正确的总员工数，我们可以先检查是否有重复记录或其他异常情况。我们可以通过以下SQL语句来检查：

```exec_sql
SELECT 
    EmployeeSum,
    COUNT(*)
FROM 
    astockoperationsdb.lc_staff
WHERE 
    CompanyCode = 1842 
    AND DATE(EndDate) = '2021-12-31' 
    AND ClassfiedMethod = 9000
GROUP BY 
    EmployeeSum;
```

### 【上述SQL语句的含义】
从`astockoperationsdb.lc_staff`表中查询公司代码为1842、日期为2021年12月31日、分类方式为职工总数（9000）的员工总数，并统计每个总数值的出现次数。

通过这个查询，我们可以确认哪个总员工数是正确的，或者是否存在数据重复录入的情况。获取到正确的总员工数后，我们再计算生产人员和销售人员的占比。

>>>>> 查询sql:
SELECT 
    EmployeeSum,
    COUNT(*)
FROM 
    astockoperationsdb.lc_staff
WHERE 
    CompanyCode = 1842 
    AND DATE(EndDate) = '2021-12-31' 
    AND ClassfiedMethod = 9000
GROUP BY 
    EmployeeSum;
查询结果:
[{"EmployeeSum": 33, "COUNT(*)": 1}, {"EmployeeSum": 48173, "COUNT(*)": 1}]


>>>>> 【user】 Said:
查询SQL:
SELECT 
    EmployeeSum,
    COUNT(*)
FROM 
    astockoperationsdb.lc_staff
WHERE 
    CompanyCode = 1842 
    AND DATE(EndDate) = '2021-12-31' 
    AND ClassfiedMethod = 9000
GROUP BY 
    EmployeeSum;
查询结果:
[{"EmployeeSum": 33, "COUNT(*)": 1}, {"EmployeeSum": 48173, "COUNT(*)": 1}]

请理解查询结果

>>>>> Agent【Sql_query.understand_query_result】 Said:
查询结果表明: 在公司代码为1842且日期为2021年12月31日的情况下，按照分类方式为9000（职工总数）进行分组，存在两种不同的员工数量情况。其中，员工数量为33的有1个记录，员工数量为48173的也有1个记录。这表明在该日期和公司代码下，职工总数有两种不同的统计值，分别为33和48173。


>>>>> 【user】 Said:
查询SQL:
SELECT 
    EmployeeSum,
    COUNT(*)
FROM 
    astockoperationsdb.lc_staff
WHERE 
    CompanyCode = 1842 
    AND DATE(EndDate) = '2021-12-31' 
    AND ClassfiedMethod = 9000
GROUP BY 
    EmployeeSum;
查询结果:
[{"EmployeeSum": 33, "COUNT(*)": 1}, {"EmployeeSum": 48173, "COUNT(*)": 1}]

查询结果表明: 在公司代码为1842且日期为2021年12月31日的情况下，按照分类方式为9000（职工总数）进行分组，存在两种不同的员工数量情况。其中，员工数量为33的有1个记录，员工数量为48173的也有1个记录。这表明在该日期和公司代码下，职工总数有两种不同的统计值，分别为33和48173。

当前掌握的信息是否能够回答"淮北矿业2021年底的人才结构是否合理？请分析该公司技术人员、生产人员、销售人员的比例构成，并结合已知的技术人员占比（5.32%）和具有硕士及以上学历的技术人员占比（4.18%）进行详细说明。"？还是要继续执行下一阶段SQL查询？

>>>>> Agent【Sql_query.master】 Said:
### 【已知信息】
- 公司代码：1842
- 日期：2021年12月31日
- 技术人员数量：2561人
- 技术人员占比：5.32%
- 具有硕士及以上学历的技术人员占比：4.18%
- 生产人员数量：38417人
- 销售人员数量：1487人
- 总员工数记录有两个值：33和48173，每个值各有一个记录

### 【当前阶段要获取的信息】
由于总员工数存在两个不同的记录，我们需要确定哪个是正确的总员工数，以便计算生产人员和销售人员的占比。

### 【信息所在字段】
- `EmployeeSum`：员工数量

### 【筛选条件所在字段】
- `CompanyCode`：公司代码
- `EndDate`：日期
- `ClassfiedMethod`：分类方式（9000-职工总数）

### 【SQL语句的思路】
1. 确定正确的总员工数
2. 计算生产人员和销售人员的占比

### 【执行SQL语句】
为了确定正确的总员工数，我们可以考虑以下几种情况：
- 33可能是一个异常值，因为与其它数据相比显得不合理。
- 48173可能是正确的总员工数，因为它与生产人员和技术人员的数量级相匹配。

我们可以先假设48173是正确的总员工数，并计算生产人员和销售人员的占比：

```exec_sql
SELECT 
    TypeName, 
    EmployeeSum,
    (EmployeeSum / 48173) * 100 AS RatioInSum
FROM 
    astockoperationsdb.lc_staff
WHERE 
    CompanyCode = 1842 
    AND DATE(EndDate) = '2021-12-31' 
    AND ClassfiedMethod = 3000 
    AND TypeCode IN ('3031', '3034');
```

### 【上述SQL语句的含义】
从`astockoperationsdb.lc_staff`表中查询公司代码为1842、日期为2021年12月31日、分类方式为专业构成（3000）的生产人员（TypeCode = '3031'）和销售人员（TypeCode = '3034'）的数量，并计算其占总员工数（假设为48173）的比例。

获取到这些数据后，我们可以结合已知的技术人员占比和具有硕士及以上学历的技术人员占比，综合分析淮北矿业的人才结构是否合理。

>>>>> 查询sql:
SELECT 
    TypeName, 
    EmployeeSum,
    (EmployeeSum / 48173) * 100 AS RatioInSum
FROM 
    astockoperationsdb.lc_staff
WHERE 
    CompanyCode = 1842 
    AND DATE(EndDate) = '2021-12-31' 
    AND ClassfiedMethod = 3000 
    AND TypeCode IN ('3031', '3034');
查询结果:
[{"TypeName": "生产人员", "EmployeeSum": 38417, "RatioInSum": 79.748}, {"TypeName": "销售人员", "EmployeeSum": 1487, "RatioInSum": 3.0868}]


>>>>> 【user】 Said:
查询SQL:
SELECT 
    TypeName, 
    EmployeeSum,
    (EmployeeSum / 48173) * 100 AS RatioInSum
FROM 
    astockoperationsdb.lc_staff
WHERE 
    CompanyCode = 1842 
    AND DATE(EndDate) = '2021-12-31' 
    AND ClassfiedMethod = 3000 
    AND TypeCode IN ('3031', '3034');
查询结果:
[{"TypeName": "生产人员", "EmployeeSum": 38417, "RatioInSum": 79.748}, {"TypeName": "销售人员", "EmployeeSum": 1487, "RatioInSum": 3.0868}]

请理解查询结果

>>>>> Agent【Sql_query.understand_query_result】 Said:
查询结果表明:
在CompanyCode为1842的公司中，截至2021年12月31日，按照专业构成（ClassfiedMethod = 3000）分类，生产人员（TypeCode = 3031）的数量为38417人，占总员工数（48173人）的比例为79.748%；销售人员（TypeCode = 3034）的数量为1487人，占总员工数的比例为3.0868%。


>>>>> 【user】 Said:
查询SQL:
SELECT 
    TypeName, 
    EmployeeSum,
    (EmployeeSum / 48173) * 100 AS RatioInSum
FROM 
    astockoperationsdb.lc_staff
WHERE 
    CompanyCode = 1842 
    AND DATE(EndDate) = '2021-12-31' 
    AND ClassfiedMethod = 3000 
    AND TypeCode IN ('3031', '3034');
查询结果:
[{"TypeName": "生产人员", "EmployeeSum": 38417, "RatioInSum": 79.748}, {"TypeName": "销售人员", "EmployeeSum": 1487, "RatioInSum": 3.0868}]

查询结果表明:
在CompanyCode为1842的公司中，截至2021年12月31日，按照专业构成（ClassfiedMethod = 3000）分类，生产人员（TypeCode = 3031）的数量为38417人，占总员工数（48173人）的比例为79.748%；销售人员（TypeCode = 3034）的数量为1487人，占总员工数的比例为3.0868%。

当前掌握的信息是否能够回答"淮北矿业2021年底的人才结构是否合理？请分析该公司技术人员、生产人员、销售人员的比例构成，并结合已知的技术人员占比（5.32%）和具有硕士及以上学历的技术人员占比（4.18%）进行详细说明。"？还是要继续执行下一阶段SQL查询？

>>>>> Agent【Sql_query.master】 Said:
### 【已知信息】
- 公司代码：1842
- 日期：2021年12月31日
- 技术人员数量：2561人
- 技术人员占比：5.32%
- 具有硕士及以上学历的技术人员占比：4.18%
- 生产人员数量：38417人
- 生产人员占比：79.748%
- 销售人员数量：1487人
- 销售人员占比：3.0868%
- 总员工数：48173人

### 【当前阶段要获取的信息】
我们已经获取了技术人员、生产人员和销售人员的数量及其占比，可以结合这些数据进行人才结构分析。

### 【分析思路】
1. **技术人员占比分析**：已知技术人员占比为5.32%，这个比例在矿业公司中是否合理？
2. **生产人员占比分析**：生产人员占比为79.748%，这个比例是否反映了矿业公司的特点？
3. **销售人员占比分析**：销售人员占比为3.0868%，这个比例是否合理？
4. **技术人员学历结构分析**：具有硕士及以上学历的技术人员占比为4.18%，这个比例是否足够高？

### 【详细说明】
- **技术人员占比**：5.32%的技术人员占比在矿业公司中相对较低，可能需要更多技术人员来支持公司的技术发展和创新。
- **生产人员占比**：79.748%的生产人员占比较高，符合矿业公司以生产为主的特点。
- **销售人员占比**：3.0868%的销售人员占比较低，可能需要增加销售人员以扩大市场份额。
- **技术人员学历结构**：4.18%的硕士及以上学历技术人员占比相对较低，可能需要提高技术人员的学历水平以提升技术实力。

### 【结论】
淮北矿业2021年底的人才结构在一定程度上反映了矿业公司的特点，但存在一些不合理之处：
- 技术人员占比偏低，可能需要增加技术人员数量。
- 销售人员占比偏低，可能需要增加销售人员数量。
- 技术人员中高学历比例偏低，可能需要提升技术人员的学历水平。

### 【是否需要继续执行SQL查询】
当前掌握的信息已经足够回答“淮北矿业2021年底的人才结构是否合理？”的问题，不需要继续执行下一阶段SQL查询。

### 【最终回答】
淮北矿业2021年底的人才结构在一定程度上反映了矿业公司的特点，但存在一些不合理之处。技术人员占比偏低，销售人员占比也偏低，且技术人员中高学历比例偏低。建议公司增加技术人员和销售人员的数量，并提升技术人员的学历水平，以优化人才结构，提升公司竞争力。


>>>>> 【user】 Said:
充分尊重前面给出的结论，回答问题:"淮北矿业2021年底的人才结构是否合理？请分析该公司技术人员、生产人员、销售人员的比例构成，并结合已知的技术人员占比（5.32%）和具有硕士及以上学历的技术人员占比（4.18%）进行详细说明。"

>>>>> Agent【Sql_query.summary】 Said:
### 淮北矿业2021年底人才结构合理性分析

#### 1. 技术人员占比
- **占比**：5.32%
- **分析**：技术人员占比相对较低，对于矿业公司而言，技术支持和技术创新是关键，5.32%的占比可能不足以支撑公司的技术需求。

#### 2. 生产人员占比
- **占比**：79.748%
- **分析**：生产人员占比较高，符合矿业公司以生产为主的特点，显示公司重视生产环节。

#### 3. 销售人员占比
- **占比**：3.0868%
- **分析**：销售人员占比偏低，可能影响公司的市场拓展和销售业绩，需要适当增加销售人员。

#### 4. 技术人员学历结构
- **硕士及以上学历占比**：4.18%
- **分析**：高学历技术人员占比偏低，可能影响公司的技术研发和创新能力，需要提升技术人员的学历水平。

### 结论
淮北矿业2021年底的人才结构在一定程度上反映了矿业公司的特点，但存在不合理之处：
- **技术人员占比偏低**，可能影响技术支持和创新。
- **销售人员占比偏低**，可能影响市场拓展。
- **高学历技术人员占比偏低**，可能影响技术研发。

建议公司增加技术人员和销售人员的数量，并提升技术人员的学历水平，以优化人才结构，提升公司竞争力。

### 答案
淮北矿业2021年底的人才结构**不合理**。技术人员和销售人员占比偏低，高学历技术人员占比也偏低，需优化结构。
