
>>>>> Original Question: 这些基金中规模最大的是哪一个？


>>>>> Agent【extract_company】 Said:
No Entities.


>>>>> Agent【rewrite_question】 Said:
赵国英在其职业生涯中管理的基金中，规模最大的是哪一个？

>>>>> 已知事实:


>>>>> Agent【Check_db_structure.db_selector】 Said:
【分析】
要找到赵国英在其职业生涯中管理的规模最大的基金，需要查询与赵国英相关的基金管理信息，并比较这些基金的规模。这涉及到基金管理人的信息和基金规模数据。

【选中的数据库】
- publicfunddb: 这个数据库记录了公募基金的基本信息、产品名称、管理人概况及分红数据，涵盖了基金的设立与运作特性、管理公司信息等内容，可以从中找到赵国英管理的基金及其规模信息。

【选中的数据库的清单】
```json
["publicfunddb"]
```


>>>>> Agent【Check_db_structure.table_selector】 Said:
【分析】
要找出赵国英在其职业生涯中管理的基金中规模最大的一个，我们需要以下信息：
1. 基金的基本信息，包括基金规模。
2. 基金经理的信息，以确定哪些基金是由赵国英管理的。

【选中的数据表】
- publicfunddb.mf_fundarchives: 这个数据表包含基金的基本信息、运作特性及相关规则，其中包括基金规模等信息。
- publicfunddb.mf_investadvisoroutline: 这个数据表记录了基金管理公司相关信息，包括基金经理的信息。

【选中的数据库表的清单】
```json
["publicfunddb.mf_fundarchives", "publicfunddb.mf_investadvisoroutline"]
```


>>>>> Agent【Check_db_structure.columns_selector】 Said:
【分析】
用户提问要求找出赵国英在其职业生涯中管理的基金中，规模最大的是哪一个。这需要我们找到赵国英管理的所有基金，并比较这些基金的规模大小。

【信息所在字段】
- publicfunddb.mf_fundarchives.Manager: 这个字段可能包含基金经理信息，对应用户提问中的“赵国英”。
- publicfunddb.mf_fundarchives.FoundedSize: 这个字段可能包含基金设立规模信息，对应用户提问中的“规模最大”。

【筛选条件所在字段】
- publicfunddb.mf_fundarchives.Manager: 这个字段用于筛选赵国英管理的基金。

【选中的字段的清单】
```json
{
  "publicfunddb.mf_fundarchives": ["Manager", "FoundedSize"]
}
```


>>>>> Agent【Sql_query.master】 Said:
【已知信息】
- 赵国英在其职业生涯中管理的基金数量为0。

【当前阶段要获取的信息】
无

【信息所在字段】
无

【筛选条件所在字段】
无

【SQL语句的思路】
无

【执行SQL语句】
无

【上述SQL语句的含义】
无

由于之前的查询结果表明赵国英在其职业生涯中管理的基金数量为0，因此无法进一步查询其管理的基金中规模最大的基金。请确认是否需要其他查询或提供更多信息。


>>>>> Agent【Sql_query.summary】 Said:
赵国英在其职业生涯中管理的基金中，规模最大的基金: 无（因其管理的基金记录数为0）
