
>>>>> Original Question: 这些公司从事物流业务的有多少家？


>>>>> 【user】 Said:
提取下面这段文字中的实体（如公司名、股票代码、拼音缩写等），如果识别结果是空，那么就回复No Entities."这些公司从事物流业务的有多少家？"

>>>>> Agent【extract_company】 Said:
No Entities.


>>>>> 【user】 Said:
下面是顺序的历史问答:
'''
Question: 辽港股份的注册邮箱是什么？
Answer: 辽港股份公司的注册邮箱地址是ir@liaoganggf.cn。
Question: 该公司的实控人是谁？
Answer: 辽港股份公司的实际控制人是招商局集团有限公司。
Question: 该实控人名下一共有多少家公司？
Answer: 招商局集团有限公司名下一共有1家公司。
'''
现在用户继续提问，请根据已知信息，理解当前这个问题的完整含义，并重写这个问题使得单独拿出来看仍然能够正确理解：这些公司从事物流业务的有多少家？

>>>>> Agent【rewrite_question】 Said:
招商局集团有限公司名下从事物流业务的公司有多少家？

>>>>> 已知事实:
辽港股份的关联信息有:[所在数据表是constantdb.secumain;InnerCode(证券内部编码)是11882;CompanyCode(公司代码)是76587;ChiName(中文名称)是辽宁港口股份有限公司;EngName(英文名称)是Liaoning Port Co., Ltd.;SecuCode(证券代码)是601880;ChiNameAbbr(中文名称缩写)是辽港股份;EngNameAbbr(英文名称缩写)是LIAONING PORT;SecuAbbr(证券简称)是辽港股份;ChiSpelling(拼音证券简称)是LGGF;]

>>>>> 【user】 Said:
请选择db，务必遵循输出的格式要求。

>>>>> Agent【Check_db_structure.db_selector】 Said:
【分析】
用户询问的是招商局集团有限公司名下从事物流业务的公司数量。这需要我们查找与招商局集团有限公司相关的公司信息，并筛选出从事物流业务的公司。相关信息可能包括公司基本信息、经营范围等。

【选中的数据库】
- `institutiondb`: 这个数据库记录了市场上重要机构的基本资料、事件分类体系及证券舆情信息，可能包含招商局集团有限公司及其下属公司的基本信息。

【选中的数据库的清单】
```json
["institutiondb"]
```


>>>>> 【user】 Said:
数据库表信息如下:
[{"表名": "institutiondb.lc_instiarchive", "说明": "该数据表涵盖了公司基本信息、联系方式、管理信息、注册信息、经营信息以及存续状态等多方面内容。具体包括公司标识信息如公司代码、所属公司、上市公司代码等；名称信息如中文名称、中文简称、中文拼音简称、英文名称、英文简称等；注册信息如注册资本、货币单位、公司成立日期、注册地地址及邮编、注册地城市、登记机构和状态等；联系方式如办公地址、联系地址及邮编、联系所在城市、邮箱、公司网址、联系人、电话、传真等；管理层信息如法人代表、总经理、其它负责人等；经营信息如公司简介、经营范围-主营、所属行业等；存续信息如起始日期、存续截止日及原因、是否存在等；此外还有经济性质、企业性质、企业类别、评级机构代码、公司属性、统一社会信用代码等字段，全面记录了公司的各类重要信息。"}, {"表名": "institutiondb.ps_eventstru", "说明": "该数据表用于记录和管理事件信息，包含事件的基本属性如名称和代码（事件名称、事件代码），层级关系（父级事件代码、事件级别），以及状态标识（是否有效）。"}, {"表名": "institutiondb.ps_newssecurity", "说明": "该数据表主要用于记录与证券相关的事件信息，包括唯一标识字段如RID和证券内部编码(InnerCode)；公司相关信息如公司代码(CompanyCode)；事件详情如事件类别(EventType)、事件名称(EventName)及事件发生时间(EventDate)；以及情感分析数据如情感方向(EmotionDirection)和情感重要度(EmotionImportance)。"}]

请选择table，务必遵循输出的格式要求。

>>>>> Agent【Check_db_structure.table_selector】 Said:
【分析】
要查询招商局集团有限公司名下从事物流业务的公司数量，需要以下信息：
1. 招商局集团有限公司及其下属公司的基本信息。
2. 公司的经营信息，特别是经营范围，以确定是否从事物流业务。

【选中的数据表】
- institutiondb.lc_instiarchive: 这个数据表包含公司基本信息、管理信息、注册信息、经营信息等，特别是经营范围字段，可以用来判断公司是否从事物流业务。

【选中的数据库表的清单】
```json
["institutiondb.lc_instiarchive"]
```


>>>>> 【user】 Said:
已取得可用的数据表的字段信息如下:
[{"表名": "institutiondb.lc_instiarchive", "表字段": [{"column": "CompanyCode", "desc": "公司代码"}, {"column": "ParentCompany", "desc": "所属公司"}, {"column": "ListedCode", "desc": "上市公司代码"}, {"column": "InvestAdvisorName", "desc": "基金管理人名称"}, {"column": "TrusteeName", "desc": "基金托管人名称"}, {"column": "ChiName", "desc": "中文名称"}, {"column": "AbbrChiName", "desc": "中文简称"}, {"column": "NameChiSpelling", "desc": "中文拼音简称"}, {"column": "EngName", "desc": "英文名称"}, {"column": "AbbrEngName", "desc": "英文简称"}, {"column": "RegCapital", "desc": "注册资本(元)"}, {"column": "CurrencyUnit", "desc": "货币单位"}, {"column": "EstablishmentDate", "desc": "公司成立日期"}, {"column": "EconomicNature", "desc": "经济性质"}, {"column": "CompanyNature", "desc": "企业性质"}, {"column": "CompanyType", "desc": "企业类别"}, {"column": "RegAddr", "desc": "公司注册地址"}, {"column": "RegZip", "desc": "注册地址邮编"}, {"column": "RegCity", "desc": "注册所在城市"}, {"column": "OfficeAddr", "desc": "公司办公地址"}, {"column": "ContactAddr", "desc": "公司联系地址"}, {"column": "ContactZip", "desc": "联系地址邮编"}, {"column": "ContactCity", "desc": "联系所在城市"}, {"column": "Email", "desc": "邮箱"}, {"column": "Website", "desc": "公司网址"}, {"column": "LegalPersonRepr", "desc": "法人代表"}, {"column": "GeneralManager", "desc": "总经理"}, {"column": "OtherManager", "desc": "其它负责人"}, {"column": "Contactman", "desc": "联系人"}, {"column": "Tel", "desc": "电话"}, {"column": "Fax", "desc": "传真"}, {"column": "BriefIntroText", "desc": "公司简介"}, {"column": "BusinessMajor", "desc": "经营范围-主营"}, {"column": "Industry", "desc": "所属行业"}, {"column": "StartDate", "desc": "起始日期"}, {"column": "CloseDate", "desc": "存续截止日"}, {"column": "CloseReason", "desc": "存续截止原因"}, {"column": "IfExisted", "desc": "是否存在"}, {"column": "OrganizationCode", "desc": "评级机构代码"}, {"column": "CompanyCval", "desc": "公司属性"}, {"column": "CreditCode", "desc": "统一社会信用代码"}, {"column": "RegArea", "desc": "注册地城市"}, {"column": "RegOrg", "desc": "登记机构"}, {"column": "RegStatus", "desc": "登记状态"}, {"column": "CompanyCode", "desc": "公司代码"}, {"column": "ParentCompany", "desc": "所属公司"}, {"column": "ListedCode", "desc": "上市公司代码"}, {"column": "InvestAdvisorName", "desc": "基金管理人名称"}, {"column": "TrusteeName", "desc": "基金托管人名称"}, {"column": "ChiName", "desc": "中文名称"}, {"column": "AbbrChiName", "desc": "中文简称"}, {"column": "NameChiSpelling", "desc": "中文拼音简称"}, {"column": "EngName", "desc": "英文名称"}, {"column": "AbbrEngName", "desc": "英文简称"}, {"column": "RegCapital", "desc": "注册资本(元)"}, {"column": "CurrencyUnit", "desc": "货币单位"}, {"column": "EstablishmentDate", "desc": "公司成立日期"}, {"column": "EconomicNature", "desc": "经济性质"}, {"column": "CompanyNature", "desc": "企业性质"}, {"column": "CompanyType", "desc": "企业类别"}, {"column": "RegAddr", "desc": "公司注册地址"}, {"column": "RegZip", "desc": "注册地址邮编"}, {"column": "RegCity", "desc": "注册所在城市"}, {"column": "OfficeAddr", "desc": "公司办公地址"}, {"column": "ContactAddr", "desc": "公司联系地址"}, {"column": "ContactZip", "desc": "联系地址邮编"}, {"column": "ContactCity", "desc": "联系所在城市"}, {"column": "Email", "desc": "邮箱"}, {"column": "Website", "desc": "公司网址"}, {"column": "LegalPersonRepr", "desc": "法人代表"}, {"column": "GeneralManager", "desc": "总经理"}, {"column": "OtherManager", "desc": "其它负责人"}, {"column": "Contactman", "desc": "联系人"}, {"column": "Tel", "desc": "电话"}, {"column": "Fax", "desc": "传真"}, {"column": "BriefIntroText", "desc": "公司简介"}, {"column": "BusinessMajor", "desc": "经营范围-主营"}, {"column": "Industry", "desc": "所属行业"}, {"column": "StartDate", "desc": "起始日期"}, {"column": "CloseDate", "desc": "存续截止日"}, {"column": "CloseReason", "desc": "存续截止原因"}, {"column": "IfExisted", "desc": "是否存在"}, {"column": "OrganizationCode", "desc": "评级机构代码"}, {"column": "CompanyCval", "desc": "公司属性"}, {"column": "CreditCode", "desc": "统一社会信用代码"}, {"column": "RegArea", "desc": "注册地城市"}, {"column": "RegOrg", "desc": "登记机构"}, {"column": "RegStatus", "desc": "登记状态"}]}]

请选择column，务必遵循输出的格式要求。

>>>>> Agent【Check_db_structure.columns_selector】 Said:
【分析】
用户提问要求查询招商局集团有限公司名下从事物流业务的公司数量。这涉及到公司隶属关系和主营业务范围的筛选。

【当前的表之间相互关联的字段】
- institutiondb.lc_instiarchive 和 constantdb.secumain 之间: CompanyCode（公司代码）

【信息所在字段】
- institutiondb.lc_instiarchive.ParentCompany: 这个字段可能包含公司隶属信息，对应用户提问中的“招商局集团有限公司”
- institutiondb.lc_instiarchive.BusinessMajor: 这个字段可能包含公司主营业务信息，对应用户提问中的“物流业务”

【筛选条件所在字段】
- institutiondb.lc_instiarchive.ParentCompany: 这个字段可能包含公司隶属信息，对应用户提问中的“招商局集团有限公司”
- institutiondb.lc_instiarchive.BusinessMajor: 这个字段可能包含公司主营业务信息，对应用户提问中的“物流业务”

【选中的字段的清单】
```json
{
  "institutiondb.lc_instiarchive": ["ParentCompany", "BusinessMajor"]
}
```


>>>>> 【user】 Said:
之前已查询到信息如下:
查询结果表明: 在表astockbasicinfodb.lc_stockarchives中，公司代码为76587的记录对应的联系人电子邮箱为ir@liaoganggf.cn。
---
查询结果表明: 该查询从表astockshareholderdb.lc_actualcontroller中选取了字段ControllerName（实际控制人），条件是CompanyCode（公司代码）等于76587。结果显示，公司代码为76587的上市公司的实际控制人是招商局集团有限公司。
---
查询结果表明: 在`astockshareholderdb.lc_actualcontroller`表中，实际控制人为'招商局集团有限公司'的公司代码数量为1，即只有一个独特的公司代码与该实际控制人相关联。字段名为CompanyCount。

请问:招商局集团有限公司名下从事物流业务的公司有多少家？

>>>>> Agent【Sql_query.master】 Said:
【已知信息】
- 招商局集团有限公司是辽港股份的实际控制人。
- 招商局集团有限公司名下共有1家公司。

【当前阶段要获取的信息】
- 招商局集团有限公司名下从事物流业务的公司数量。

【信息所在字段】
- `BusinessMajor`（经营范围-主营）字段可能包含物流业务的相关信息。

【筛选条件所在字段】
- `ParentCompany`（所属公司）字段用于筛选招商局集团有限公司名下的公司。

【SQL语句的思路】
1. 从`institutiondb.lc_instiarchive`表中筛选出`ParentCompany`为招商局集团有限公司的记录。
2. 在这些记录中，进一步筛选`BusinessMajor`字段包含“物流”关键词的记录。
3. 计算满足上述条件的记录数量。

【执行SQL语句】
```exec_sql
SELECT COUNT(*) AS LogisticsCompanyCount
FROM institutiondb.lc_instiarchive
WHERE ParentCompany = '招商局集团有限公司'
  AND BusinessMajor LIKE '%物流%';
```

【上述SQL语句的含义】
- 该SQL语句从`institutiondb.lc_instiarchive`表中选择`ParentCompany`为“招商局集团有限公司”的记录。
- 进一步筛选这些记录中`BusinessMajor`字段包含“物流”关键词的记录。
- 最后计算满足条件的记录数量，并将其命名为`LogisticsCompanyCount`。

>>>>> 查询sql:
SELECT COUNT(*) AS LogisticsCompanyCount
FROM institutiondb.lc_instiarchive
WHERE ParentCompany = '招商局集团有限公司'
  AND BusinessMajor LIKE '%物流%';
查询结果:
[{"LogisticsCompanyCount": 0}]


>>>>> 【user】 Said:
查询SQL:
SELECT COUNT(*) AS LogisticsCompanyCount
FROM institutiondb.lc_instiarchive
WHERE ParentCompany = '招商局集团有限公司'
  AND BusinessMajor LIKE '%物流%';
查询结果:
[{"LogisticsCompanyCount": 0}]

请理解查询结果

>>>>> Agent【Sql_query.understand_query_result】 Said:
查询结果表明: 在"institutiondb.lc_instiarchive"表中，没有找到所属公司为"招商局集团有限公司"且经营范围-主营包含"物流"字样的公司记录，因此统计结果为0。


>>>>> 【user】 Said:
查询SQL:
SELECT COUNT(*) AS LogisticsCompanyCount
FROM institutiondb.lc_instiarchive
WHERE ParentCompany = '招商局集团有限公司'
  AND BusinessMajor LIKE '%物流%';
查询结果:
[{"LogisticsCompanyCount": 0}]

查询结果表明: 在"institutiondb.lc_instiarchive"表中，没有找到所属公司为"招商局集团有限公司"且经营范围-主营包含"物流"字样的公司记录，因此统计结果为0。

请检查筛选条件是否存在问题，比如时间日期字段没有用DATE()或YEAR()格式化？当然，如果没问题，那么就根据结果考虑下一步；那么当前掌握的信息是否能够回答"招商局集团有限公司名下从事物流业务的公司有多少家？"？还是要继续执行下一阶段SQL查询？

>>>>> Agent【Sql_query.master】 Said:
【已知信息】
- 招商局集团有限公司是辽港股份的实际控制人。
- 招商局集团有限公司名下共有1家公司。
- 在`institutiondb.lc_instiarchive`表中，没有找到所属公司为“招商局集团有限公司”且经营范围-主营包含“物流”字样的公司记录。

【当前阶段要获取的信息】
- 确认是否需要进一步查询以获取招商局集团有限公司名下从事物流业务的公司数量。

【信息所在字段】
- `BusinessMajor`（经营范围-主营）
- `ParentCompany`（所属公司）

【筛选条件所在字段】
- `ParentCompany`（所属公司）
- `BusinessMajor`（经营范围-主营）

【SQL语句的思路】
- 当前查询结果已表明在`institutiondb.lc_instiarchive`表中没有找到符合条件的记录。
- 需要确认是否还有其他表或字段可能包含相关物流业务的信息。

【执行SQL语句】
无

【上述SQL语句的含义】
无

### 分析与下一步行动
1. **检查筛选条件**：
   - 确认`ParentCompany`字段是否正确表示所属公司。
   - 确认`BusinessMajor`字段是否正确表示经营范围-主营。

2. **考虑其他表**：
   - 检查是否有其他表可能包含招商局集团有限公司名下公司的物流业务信息。

3. **确认结果**：
   - 如果确认当前表和字段无误，且无其他相关表，则可以接受当前结果为0。

### 结论
- 当前掌握的信息表明，在`institutiondb.lc_instiarchive`表中，招商局集团有限公司名下没有从事物流业务的公司。
- 如果没有其他相关表或字段需要查询，可以回答“招商局集团有限公司名下从事物流业务的公司有0家”。

### 下一步建议
- 如果需要进一步确认，可以考虑查询其他可能包含相关信息的表，或者确认`BusinessMajor`字段的具体定义和填写规范。

【当前阶段结论】
根据现有查询结果，可以初步回答“招商局集团有限公司名下从事物流业务的公司有0家”。如果需要进一步确认，请提供其他相关表的信息或进一步指示。


>>>>> 【user】 Said:
充分尊重前面给出的结论，回答问题:"招商局集团有限公司名下从事物流业务的公司有多少家？"

>>>>> Agent【Sql_query.summary】 Said:
0家
