
>>>>> Original Question: 请分析该公司2019年新成立的股票型基金中，采用被动投资策略(指数型)的基金占比是多少？这一比例相比同期其他基金公司是高还是低？


>>>>> 【user】 Said:
已知事实:无。
下面是顺序的历史问答:
'''
Question: 易方达基金在2019年成立了多少只基金？这些基金的总募集规模是多少？(单位：元)
Answer: 易方达基金在2019年成立了14只基金，这些基金在2019年的总募集规模为12341928790.21元。
Question: 在上述成立的基金中，有多少只是股票型基金？这些股票型基金的平均募集规模是多少？(单位：元)
Answer: 股票型基金数量: 3, 平均募集规模: 848435659元
'''
现在用户继续提问，请根据已知信息，理解当前这个问题的完整含义，并重写这个问题使得单独拿出来看仍然能够正确理解：请分析该公司2019年新成立的股票型基金中，采用被动投资策略(指数型)的基金占比是多少？这一比例相比同期其他基金公司是高还是低？

>>>>> Agent【rewrite_question】 Said:
请分析易方达基金在2019年新成立的股票型基金中，采用被动投资策略（指数型）的基金占比是多少？这一比例相比2019年同期其他基金公司是高还是低？


>>>>> 【user】 Said:
提取下面这段文字里的实体，如公司名、股票代码等，如果识别结果是空，那么就回复No Entities."请分析易方达基金在2019年新成立的股票型基金中，采用被动投资策略（指数型）的基金占比是多少？这一比例相比2019年同期其他基金公司是高还是低？"

>>>>> Agent【extract_company】 Said:
```json
["易方达基金"]
```

>>>>> 查询sql:
SELECT 'constantdb.secumain' AS TableName, InnerCode, CompanyCode, ChiName, EngName, SecuCode
FROM constantdb.secumain 
WHERE SecuCode = '易方达基金'
   OR ChiName LIKE '%易方达基金%'
   OR ChiNameAbbr LIKE '%易方达基金%'
   OR EngName LIKE '%易方达基金%'
   OR EngNameAbbr LIKE '%易方达基金%'
   OR SecuAbbr LIKE '%易方达基金%'
UNION ALL
SELECT 'constantdb.hk_secumain' AS TableName, InnerCode, CompanyCode, ChiName, EngName, SecuCode
FROM constantdb.hk_secumain 
WHERE SecuCode = '%易方达基金%'
   OR ChiName LIKE '%易方达基金%'
   OR ChiNameAbbr LIKE '%易方达基金%'
   OR EngName LIKE '%易方达基金%'
   OR EngNameAbbr LIKE '%易方达基金%'
   OR SecuAbbr LIKE '%易方达基金%'
   OR FormerName LIKE '%易方达基金%'
UNION ALL
SELECT 'constantdb.us_secumain' AS TableName, InnerCode, CompanyCode, ChiName, EngName, SecuCode
FROM constantdb.us_secumain 
WHERE SecuCode = '易方达基金'
   OR ChiName LIKE '%易方达基金%'
   OR EngName LIKE '%易方达基金%'
   OR SecuAbbr LIKE '%易方达基金%';
查询结果:
[]

>>>>> 已知事实:


>>>>> 【user】 Said:
请选择db，务必遵循输出的格式要求。

>>>>> Agent【Check_db_structure.db_selector】 Said:
【分析】
要分析易方达基金在2019年新成立的股票型基金中，采用被动投资策略（指数型）的基金占比，以及这一比例相比2019年同期其他基金公司是高还是低，需要以下信息：
1. 易方达基金在2019年新成立的股票型基金列表。
2. 这些基金中采用被动投资策略（指数型）的基金数量。
3. 2019年同期其他基金公司新成立的股票型基金及其被动投资策略基金的数量。

所需数据库应包含基金的基本信息、成立时间、投资策略等数据。

【选中的数据库】
- publicfunddb: 这个数据库记录了公募基金的基本信息、产品名称、管理人概况及分红数据，涵盖了基金的设立与运作特性、管理公司信息等内容，可以获取易方达基金及其他基金公司在2019年新成立的股票型基金及其投资策略信息。

【选中的数据库的清单】
```json
["publicfunddb"]
```


>>>>> 【user】 Said:
数据库表信息如下:
[{"表名": "publicfunddb.mf_fundarchives", "说明": "该数据表主要记录基金的基本信息、运作特性及相关规则。字段包括基金编码信息如基金内部编码、转型统一编码、基金代码及证券代码等；申购赎回相关信息如前后端申购代码、场内申购赎回场所及代码、最低认购申购金额及赎回份额限制等；基金特性描述如基金运作方式、性质、投资风格、类别及代码、投资方向、目标、范围等；收益与风险信息如业绩比较基准、风险收益特征、收益分配原则及场内外分配方式等；基金设立与存续信息如设立规模、设立日期、存续期起止、清算期等；货币基金特性如结转日及收益分配方式等；基金收益率表达及折算说明如A份额约定收益率表达式及备注、定期与不定期份额折算说明等；管理与托管信息如基金经理、管理人、托管人、保本担保机构及注册登记机构等；市场与类型特性如是否发起式基金、养老目标基金或FOF基金等；以及其他信息如最低持有份额及描述、巨额赎回认定比例、赎回款到账天数等。"}, {"表名": "publicfunddb.mf_fundprodname", "说明": "该数据表主要用于记录基金相关信息，包括基金的基础编码信息如基金内部编码和基金转型统一编码，信息属性如信息发布日期、信息来源、信息类别及披露名称，时间属性如生效日期和失效日期，以及状态标识如是否有效，辅助字段如拼音证券简称和备注，用于进一步描述或补充相关内容。"}, {"表名": "publicfunddb.mf_investadvisoroutline", "说明": "该数据表记录了基金管理公司相关信息，涵盖基本标识信息如基金公司代码、名称、简称等，法人信息如法人代表、总经理，以及公司成立日期、组织形式、注册资本等基本企业信息；地址信息包括注册地址、办公地址、联系地址及邮编；联系方式如电话、传真、邮箱、公司网址、客服热线等；还有联系人及其简历等人员信息；此外，还包括地域信息如所属地区，监管信息如注册登记代码、证监会标识码，以及存续截止日等内容。"}, {"表名": "publicfunddb.mf_dividend", "说明": "该数据表主要用于记录基金转型及分红相关信息，涵盖基金编码信息如基金转型统一编码和基金内部编码；日期信息如信息发布日期、分红实施公告日、截止日期、收益分配基准日、权益登记日、除息日、发放日、红利再投资日及其相关到账日和可赎回日；收益与分红信息如单位基金收益、单位基金未分配收益、派现比例（含税与税后）、派现金额合计、基准日基金可供分配利润、基准日应分配金额、本年单位累计分红、本年累计分红总额、本年累计分红次数、历史累计分红总额及次数；事件与方案信息如是否分红、方案变更说明、事件进程代码及事件进程；范围与来源信息如信息来源和发放范围，全面反映基金在分红及收益分配过程中的各类核心数据。"}, {"表名": "hkstockdb.hk_employeechange", "说明": "该数据表主要记录证券相关信息，包括证券内部代码、信息发布日期与来源等基本信息；股东大会公告日期及相关生效与失效日期等时间信息；是否有效的状态标识；以及变更前后员工数量的对比等数据。"}, {"表名": "hkstockdb.hk_stockarchives", "说明": "该数据表主要记录公司基本信息及相关属性，涵盖了公司标识信息如公司代码、中文名称、企业类别及描述等；成立及注册信息如公司成立日期、注册地、注册资本及其货币单位等；行业分类信息如所属行业（港交所、恒生）等；管理层信息如主席、公司秘书、合资格会计师等；办公及运营信息如注册办事处、总办事处及主要营业地点、股份过户处（香港）等；联系方式如电话、传真、邮箱、公司网址等；以及其他信息如公司业务、公司简介、审计机构等，全面反映了公司的基本情况和运营特征。"}, {"表名": "hkstockdb.cs_hkstockperformance", "说明": "该数据表主要用于记录证券交易及相关指标的详细信息，涵盖了基础信息如证券内部编码、交易日、货币代码等；价格信息包括昨收盘、今开盘、最高价、最低价、收盘价、均价、复权最高价及最低价等；成交信息如成交量、成交金额、换手率等；涨跌信息包括涨跌金额、涨跌幅、振幅等；市值信息如总市值、流通市值等；周期指标覆盖近一周、本周、近一月、本月、近三个月、近六个月、近一年及今年以来的成交、涨跌、振幅、换手率、均价、市值等详细数据，且提供各周期的日均指标；此外，还包含上市以来的复权价格及其对应日期等。"}, {"表名": "astockbasicinfodb.lc_stockarchives", "说明": "该数据表主要记录了公司的基本信息、联系方式、经营信息及证券信息等内容。其中，公司基本信息包括公司代码、国别、中文名称、法人代表、总经理、法律顾问、会计师事务所、公司成立日期、首次注册登记地点、企业法人营业执照注册号、所属区县及地区代码；联系方式涵盖联系人电话、传真、电子邮箱，公司注册地址、办公地址、联系地址及其对应的邮编，董秘及证券事务代表的电话、传真、电子邮件，以及公司邮箱和网址；经营信息涉及公司所属证监会行业、主营及兼营范围；证券信息包括A股、B股、H股及CDR证券的简称和代码，扩位简称，以及尚未盈利标识、特殊表决权标识、协议控制架构标识、红筹企业标识；此外，还包括信息披露相关内容如披露网址、披露报纸，以及公司简介等。"}, {"表名": "astockbasicinfodb.lc_namechange", "说明": "该数据表主要记录公司基本信息及相关公告，包括公司代码、中文及英文名称（全称与缩写）、信息来源和发布日期等基本信息；还涵盖重要事件如股东大会决议公告日期、是否否决决议、全称更改日期等关键时间节点，便于追踪企业动态与重要决策信息。"}, {"表名": "astockbasicinfodb.lc_business", "说明": "该数据表主要用于记录公司基本信息及相关业务情况，包括公司代码、信息发布日期和来源等基础信息；股东大会决议公告日期及是否否决的决议结果等决策信息；经营范围及主要业务、产品名称等经营信息；涉及行业的分类信息，如行业代码、行业类别及涉足行业等；此外，还包括简称变更原因等补充说明字段。"}, {"表名": "usstockdb.us_companyinfo", "说明": "该数据表主要记录公司的基本信息，包括公司标识信息如公司代码、英文名称及其缩写、中文名称；地址信息如公司地址、城市、省份、邮编、国家及国家代码；联系方式如电话、传真；公司描述信息如公司简介、英文公司简介、英文业务简介；注册地信息如注册地国家、注册地省份/州；其他信息如成立日期及其精度、公司类型、是否公司总部，以及链接地址等。"}, {"表名": "usstockdb.us_dailyquote", "说明": "该数据表记录了证券交易的详细信息，包括交易日和证券内部代码用于标识交易记录，开盘价、最高价、最低价和收盘价用于描述当天的价格波动，成交量和成交额反映市场活跃程度，每股收益TTM和证券总市值提供了盈利能力和规模的财务指标，证券总股本用于计算市场相关比率，昨收盘和日涨跌则用于分析价格变动趋势，涨跌幅百分比和均价提供了额外的市场表现信息。"}]

请选择table，务必遵循输出的格式要求。

>>>>> Agent【Check_db_structure.table_selector】 Said:
【分析】
要分析易方达基金在2019年新成立的股票型基金中，采用被动投资策略（指数型）的基金占比，并与其他基金公司同期进行比较，需要以下信息：
1. 基金的基本信息，包括基金公司、基金类型、成立日期、投资策略等。
2. 基金管理公司的信息，以便识别易方达基金和其他基金公司。

【选中的数据表】
- publicfunddb.mf_fundarchives: 这个数据表包含基金的基本信息、运作特性及相关规则，包括基金公司、基金类型、成立日期、投资策略等。
- publicfunddb.mf_investadvisoroutline: 这个数据表记录了基金管理公司相关信息，包括基金公司代码、名称等。

【选中的数据库表的清单】
```json
["publicfunddb.mf_fundarchives", "publicfunddb.mf_investadvisoroutline"]
```


>>>>> 【user】 Said:
已取得可用的数据表的字段信息如下:
[{"表名": "publicfunddb.mf_fundarchives", "表字段": [{"column": "InnerCode", "desc": "基金内部编码；基金内部编码（InnerCode）：与“证券主表（SecuMain）”中的“证券内部编码（InnerCode）”关联，得到基金的交易代码、简称等。"}, {"column": "TransCode", "desc": "基金转型统一编码；基金转型统一编码(TransCode)是转型后的基金内码(InnerCode)，若发生多次转型，则为最新的基金内码。"}, {"column": "ApplyingCodeFront", "desc": "前端申购代码；前端申购代码（ApplyingCodeFront）：取值为场外前端申购代码>场内申赎代码（场内基金）。"}, {"column": "ApplyingCodeBack", "desc": "后端申购代码"}, {"column": "SecurityCode", "desc": "基金代码"}, {"column": "SecuCode", "desc": "证券代码"}, {"column": "MainCode", "desc": "基金主代码；基金主代码（MainCode）：该字段记录基金季报中公布的基金主代码信息，当基金为非分级基金或分级基金主代码时，该字段与基金代码（SecurityCode）一致。"}, {"column": "ExApplyingMarket", "desc": "场内申购赎回场所；场内申购赎回场所(ExApplyingMarket)与(CT_SystemConst)表中的DM字段关联，令LB = 201 AND DM IN (90,83)，得到场内申购赎回场所的具体描述：83-上海证券交易所，90-深圳证券交易所。"}, {"column": "ExApplyingCode", "desc": "场内申购赎回代码"}, {"column": "ExApplyingAbbr", "desc": "场内申购赎回简称"}, {"column": "Type", "desc": "基金运作方式；基金运作方式(Type)与(CT_SystemConst)表中的DM字段关联，令LB = 1210 AND DM IN(1,2,3,4,6,7,8)，得到基金运作方式的具体描述：1-契约型封闭式，2-开放式，3-LOF，4-ETF，6-创新型封闭式，7-开放式(带固定封闭期)，8-ETF联接基金。"}, {"column": "FundNature", "desc": "基金性质；基金性质(FundNature)与(CT_SystemConst)表中的DM字段关联，令LB = 1485，得到基金性质的具体描述：1-常规基金，2-QDII基金，3-互认基金。"}, {"column": "InvestmentType", "desc": "是否指数型；是否指数型(InvestmentType)与(CT_SystemConst)表中的DM字段关联，令LB = 1094 AND DM IN (7,8,16)，得到是否指数型的具体描述：7-指数型，8-优化指数型，16-非指数型。"}, {"column": "InvestStyle", "desc": "基金投资风格；基金投资风格(InvestStyle)与(CT_SystemConst)表中的DM字段关联，令LB = 1093，得到基金投资风格的具体描述：1-普通股票型，2-指数型，3-配置型，4-货币市场，5-积极债券型，6-债券型，7-普通债券型，8-短债型，9-保本型，10-积极配置型，11-保守混合型，12-偏股型，13-偏债型，14-中短债型，15-特殊策略型，16-标准混合型，17-QDII，20-封闭式基金，21-大规模封闭式基金，22-小规模封闭式基金，23-普通股票型(封闭)，24-标准混合型基金(封闭)，25-积极债券型(封闭)，26-普通债券型基金(封闭)，27-积极配置型(封闭)，29-其它(封闭)，30-亚太区不包括日本股票，31-大中华区股票，32-新兴市场股票，33-环球股票，34-行业股票，35-美国股票，36-环球股债混合，37-环球债券，38-商品(QDII)，39-可转债型，40-纯债型，41-纯债型(封闭)，42-混合型，43-混合型(封闭)，44-可转债型(封闭)，45-债券型(封闭)，46-股票型(QDII)，47-混合型(QDII)，48-债券型(QDII)，49-保守混合型(封闭)，50-商品基金(QDII)，51-货币型，52-短债型(封闭)，53-市场中性策略，54-市场中性策略(封闭)，55-商品，56-另类，57-另类(封闭)，58-其它(QDII)，59-灵活配置型，60-灵活配置型(封闭)，61-亚洲股债混合，62-大中华区股债混合，63-全球新兴市场股债混合，64-行业股票-医药，65-行业股票-科技、传媒及通讯，66-沪港深股票型，67-沪港深混合型，68-沪港深混合型(封闭)，69-债券型QDII(封闭)，70-FOF，71-其他债券，72-亚洲不包括日本股票-货币对冲，73-中国股票，74-亚太区股票，75-环球债券(封闭)，76-亚洲债券，77-股票型基金，78-可转债基金，79-保本基金，80-商品基金，81-其它，82-其它基金(QDII)，83-债券型基金，84-香港股票型基金，85-行业股票-消费，86-行业股票-金融地产，87-行业混合-消费，88-行业混合-医药，89-行业混合-科技、传媒及通讯，90-沪港深积极配置型，91-沪港深保守混合型，92-沪港深灵活配置型，93-目标日期，94-商品-贵金属，95-商品-其它，96-沪港深积极配置型(封闭)，97-沪港深保守混合型(封闭)，98-沪港深灵活配置型(封闭)，99-其他型，100-环球债券 - 美元对冲，101-行业混合 - 科技、传媒及通讯（封闭式），102-美元积极型股债混合，103-科技股票，104-新兴市场债券，105-大中华股票，106-亚洲高收益债券，107-其他行业股票，108-大中华高收益债券，109-亚洲不包括日本股票，110-其他股债混合，111-美元灵活配置型，112-信用债(封闭)，113-信用债，114-行业股票-其它，115-行业混合-医药(封闭)，116-利率债，117-利率债(封闭)，118-香港股票型基金(封闭式)，119-大盘成长股票，120-大盘平衡股票，121-大盘价值股票，122-中盘成长股票，123-中盘平衡股票，124-积极配置-大盘成长，125-积极配置-大盘平衡，126-积极配置-中小盘，127-沪港深积极配置，128-港股积极配置，129-基础设施REITs（废弃），130-积极配置-大盘平衡(封闭式)，131-大盘平衡股票(封闭式)，132-大盘成长股票(封闭式)，133-积极配置-大盘成长(封闭式)，134-积极配置-中小盘(封闭式)，135-QDII环球股票，136-QDII环球债券，137-QDII行业股票，138-QDII美国股票，139-QDII大中华区股票，140-QDII全球新兴市场股债混合，141-QDII亚洲股债混合，142-QDII新兴市场股票，143-环球新兴市场债券，144-美元激进配置型，145-QDII环球股债混合，146-QDII大中华区股债混合，147-QDII亚太区不包括日本股票，148-QDII环球债券(封闭式)，149-QDII其它，150-QDII商品，151-沪港深股票(封闭)，152-基础设施REITs(封闭)，155-行业混合-消费(封闭式)。"}, {"column": "FundType", "desc": "基金类别"}, {"column": "FundTypeCode", "desc": "基金类别代码；基金类别代码(FundTypeCode)与(CT_SystemConst)表中的DM字段关联，令LB = 1249 AND DM NOT IN (1110,1111,1112)，得到基金类别代码的具体描述：1101-股票型，1103-混合型，1105-债券型，1107-保本型，1109-货币型，1199-其他型，1200-基础设施证券投资基金。"}, {"column": "InvestOrientation", "desc": "基金投资方向"}, {"column": "InvestTarget", "desc": "基金投资目标"}, {"column": "InvestField", "desc": "基金投资范围"}, {"column": "PerformanceBenchMark", "desc": "业绩比较基准"}, {"column": "RiskReturncharacter", "desc": "风险收益特征"}, {"column": "ProfitDistributionRule", "desc": "收益分配原则"}, {"column": "ExProfitDistri", "desc": "场内收益分配方式；场内收益分配方式(ExProfitDistri)与(CT_SystemConst)表中的DM字段关联，令LB = 1989，得到场内收益分配方式的具体描述：1-现金分红，2-红利再投资，3-现金分红或红利再投资，4-不分配。"}, {"column": "OTCProfitDistri", "desc": "场外收益分配方式；场外收益分配方式(OTCProfitDistri)与(CT_SystemConst)表中的DM字段关联，令LB = 1989，得到场外收益分配方式的具体描述：1-现金分红，2-红利再投资，3-现金分红或红利再投资，4-不分配。"}, {"column": "BriefIntro", "desc": "基金简介"}, {"column": "FloatType", "desc": "发售方式；发售方式(FloatType)与(CT_SystemConst)表中的DM字段关联，令LB = 1652，得到发售方式的具体描述：1-场内，2-场外，3-场内和场外。"}, {"column": "FoundedSize", "desc": "基金设立规模(份)"}, {"column": "EstablishmentDate", "desc": "设立日期"}, {"column": "EstablishmentDateII", "desc": "转型前设立日期"}, {"column": "ListedDate", "desc": "上市日期"}, {"column": "Duration", "desc": "存续年限(年)"}, {"column": "StartDate", "desc": "存续期起始日"}, {"column": "ExpireDate", "desc": "存续期截止日；存续期截止日（ExpireDate）：优先取契约型封闭式基金的存续期截止日，其次取基金的清算日>合同失效日。"}, {"column": "LastOperationDate", "desc": "最后运作日；最后运作日（LastOperationDate）：指基金的最后运作日，一般是净值的最后披露日，是清算日的前一个工作日。"}, {"column": "StClearingDate", "desc": "清算起始日"}, {"column": "EnClearingDate", "desc": "清算截止日"}, {"column": "GuaranteedPeriod", "desc": "保本型基金保本期(月)"}, {"column": "CarryOverDate", "desc": "货币基金结转日；货币基金结转日(CarryOverDate)与(CT_SystemConst)表中的DM字段关联，令LB = 1250，得到货币基金结转日的具体描述：1-每月1日，2-每月2日，3-每月3日，4-每月4日，5-每月5日，6-每月6日，7-每月7日，8-每月8日，9-每月9日，10-每月10日，11-每月11日，12-每月12日，13-每月13日，14-每月14日，15-每月15日，16-每月16日，17-每月17日，18-每月18日，19-每月19日，20-每月20日，21-每月21日，22-每月22日，23-每月23日，24-每月24日，25-每月25日，26-每月26日，27-每月27日，28-每月28日，29-每月29日，30-每月30日，31-每月31日，400-每月，401-每月第一个工作日，402-每月初，429-每月倒数第二个工作日，430-每月最后一个工作日，431-每月末，441-运作期到期日（遇节假日顺延），442-运作期最后一个工作日，443-运作期满下一个工作日，500-运作期内每7个自然日，600-每季，601-每季度末月21号，999-每日。"}, {"column": "CarryOverDateRemark", "desc": "货币基金结转日说明"}, {"column": "CarryOverType", "desc": "货币基金收益分配方式(份额结转方式)；货币基金收益分配方式(份额结转方式)(CarryOverType)与(CT_SystemConst)表中的DM字段关联，令LB = 1273，得到货币基金收益分配方式(份额结转方式)的具体描述：1-按日结转，30-按月结转，99-按期结转。"}, {"column": "AgrBenchmkRateOfShareA", "desc": "A份额约定年基准收益率表达式；A份额约定年基准收益率表达式（AgrBenchmkRateOfShareA）：本表该字段已停止维护，此信息在分级基金主表（MF_GradedFund）中“A份额约定年基准收益表达式（AnnualEarningExp）”字段维护。"}, {"column": "AgrBenchmkRateOfShareANotes", "desc": "A份额约定年基准收益率表达式备注；A份额约定年基准收益率表达式备注（AgrBenchmkRateOfShareANotes）：本表该字段已停止维护，此信息在分级基金主表（MF_GradedFund）中“A份额约定年基准收益表达式备注（AnnualEarningRemark）”字段维护。"}, {"column": "ShareProperties", "desc": "份额属性；份额属性(ShareProperties)与(CT_SystemConst)表中的DM字段关联，令LB = 1651，得到份额属性的具体描述：1-稳健型，2-进取型。"}, {"column": "RegularShareConversionNotes", "desc": "定期份额折算说明；定期份额折算说明（RegularShareConversionNotes）：本表该字段已停止维护，此信息在分级基金主表（MF_GradedFund）中“定期份额折算说明（RegularShareCon）”字段维护。"}, {"column": "NonRegularShareConversionNotes", "desc": "不定期份额折算说明；不定期份额折算说明（NonRegularShareConversionNotes）：本表该字段已停止维护，此信息在分级基金主表（MF_GradedFund）中“不定份额折算说明（TrampShareCon）”字段维护。"}, {"column": "Manager", "desc": "基金经理"}, {"column": "InvestAdvisorCode", "desc": "基金管理人；基金管理人代码（InvestAdvisorCode）：与“基金管理人概况表（MF_InvestAdvisorOutline）”中的“基金管理人名称编号（InvestAdvisorCode）”关联，得到基金管理人的具体名称。"}, {"column": "TrusteeCode", "desc": "基金托管人；基金托管人代码（TrusteeCode）：与“基金托管人概况表（MF_TrusteeOutline）”中的“基金托管人名称编号（TrusteeCode）”关联，得到基金托管人的具体名称。"}, {"column": "Warrantor", "desc": "保本担保机构"}, {"column": "RegInstCode", "desc": "注册登记机构；注册登记机构（RegInstCode）：与“机构基本资料（LC_InstiArchive）”中“企业编号（CompanyCode）”关联，得到注册登记机构基本信息。"}, {"column": "LowestSumSubscribing", "desc": "最低认购申购金额描述"}, {"column": "LowestSumSubLL", "desc": "最低认购金额下限(元)；最低认购金额下限（元）（LowestSumSubLL）：取值为不同认购平台最低认购金额的最小值。"}, {"column": "LowestSumPurLL", "desc": "最低申购金额下限(元)；申赎确认日(PRconfirmationdate)：该字段的数值含义指的是T+n，1代表T+1,2代表T+2，以此类推。针对ETF基金，维护现金差额清算或者现金替代日。"}, {"column": "LowestSumRedemption", "desc": "最低赎回份额(份)"}, {"column": "LSFRDescription", "desc": "最低赎回份额描述"}, {"column": "LowestSumForHolding", "desc": "最低持有份额(份)"}, {"column": "LSFHDescription", "desc": "最低持有份额描述"}, {"column": "LargeRedemptionRatio", "desc": "巨额赎回认定比例"}, {"column": "PRconfirmationdate", "desc": "申赎确认日；赎回款到账天数(DeliveryDays)：指一般基金的赎回款到账日。针对ETF基金，维护现金差额交收日。"}, {"column": "DeliveryDays", "desc": "赎回款到账天数；风险收益特征代码(RiskReturnCode)与(CT_SystemConst)表中的DM字段关联，令LB = 1651，得到风险收益特征代码的具体描述：1-稳健型，2-进取型。"}, {"column": "CustodyMarket", "desc": "转托管市场；转托管市场(CustodyMarket)与(CT_SystemConst)表中的DM字段关联，令LB = 201 AND DM IN (83, 90)，得到转托管市场的具体描述：83-上海证券交易所，90-深圳证券交易所。"}, {"column": "IfInitiatingFund", "desc": "是否发起式基金；是否发起式基金(IfInitiatingFund)：1-否，2-是。"}, {"column": "IfPensionTarget", "desc": "是否养老目标基金；是否养老目标基金(IfPensionTarget)与(CT_SystemConst)表中的DM字段关联，令LB = 999 AND DM IN (1,2)，得到是否养老目标基金的具体描述：1-是，2-否。"}, {"column": "IfFOF", "desc": "是否FOF；是否FOF(IfFOF)与(CT_SystemConst)表中的DM字段关联，令LB = 999 AND DM IN(1,2)，得到是否FOF的具体描述：1-是，2-否。"}]}, {"表名": "publicfunddb.mf_investadvisoroutline", "表字段": [{"column": "InvestAdvisorCode", "desc": "基金公司代码；基金管理人编码(InvestAdvisorCode)：与机构基本资料(LC_InstiArchive)表的企业编号(CompanyCode)字段关联，可查询基金管理人中文名称、英文名称、组织机构代码等基本信息。"}, {"column": "InvestAdvisorName", "desc": "基金管理人名称"}, {"column": "InvestAdvisorAbbrName", "desc": "基金管理人简称"}, {"column": "LegalRepr", "desc": "法人代表"}, {"column": "GeneralManager", "desc": "总经理"}, {"column": "EstablishmentDate", "desc": "公司成立日期"}, {"column": "OrganizationForm", "desc": "组织形式；组织形式(OrganizationForm)与(CT_SystemConst)表中的DM字段关联，令LB = 1133 and DM in (100,150,159,160,210,310,900)，得到组织形式的具体描述：100-内资企业，150-有限责任公司，159-其他有限责任公司，160-股份有限公司，210-港澳台合资经营企业，310-中外合资经营企业，900-其他性质。"}, {"column": "RegCapital", "desc": "注册资本(元)"}, {"column": "RegAddr", "desc": "公司注册地址"}, {"column": "OfficeAddr", "desc": "公司办公地址"}, {"column": "ZipCode", "desc": "邮编"}, {"column": "Email", "desc": "邮箱"}, {"column": "ContactAddr", "desc": "公司联系地址"}, {"column": "Tel", "desc": "电话"}, {"column": "Fax", "desc": "传真"}, {"column": "WebSite", "desc": "公司网址"}, {"column": "LinkMan", "desc": "联系人"}, {"column": "Background", "desc": "简历"}, {"column": "Region", "desc": "所属地区；注1"}, {"column": "ServiceLine", "desc": "客服热线"}, {"column": "MaturityEndDate", "desc": "存续截止日"}, {"column": "TACode", "desc": "注册登记代码"}, {"column": "CSRCCode", "desc": "证监会标识码"}]}, {"表名": "usstockdb.us_companyinfo", "表字段": [{"column": "CompanyCode", "desc": "公司代码"}, {"column": "EngName", "desc": "英文名称"}, {"column": "EngNameAbbr", "desc": "英文名称缩写"}, {"column": "ChiName", "desc": "中文名称"}, {"column": "PEOAddress", "desc": "公司地址"}, {"column": "PEOCity", "desc": "城市"}, {"column": "PEOState", "desc": "省份"}, {"column": "PEOZip", "desc": "邮编"}, {"column": "PEOStatus", "desc": "国家"}, {"column": "PEOTel", "desc": "电话"}, {"column": "BusinessDcrp", "desc": "公司简介"}, {"column": "BriefIntroText", "desc": "公司简介"}, {"column": "EstablishmentDate", "desc": "成立日期"}, {"column": "CompanyType", "desc": "公司类型；公司类型(CompanyType)与(CT_SystemConst)表中的DM字段关联，令LB = 2261，得到公司类型的具体描述：1-美国联邦存款保险公司(FDIC)的银行分支，2-高等院校，3-融资子公司，4-政府，5-控股公司，6-合营企业，7-非盈利性组织，8-上市公司，9-非上市公司，10-子公司，11-已停止经营解散的实体。"}, {"column": "BriefIntroTextEng", "desc": "英文公司简介"}, {"column": "Fax", "desc": "传真"}, {"column": "RegCountry", "desc": "注册地国家；注册地国家（RegCountry）：与“国家城市代码表(LC_AreaCode)”中的“地区内部编码(AreaInnerCode)”关联，得到注册地国家的相关信息。"}, {"column": "RegState", "desc": "注册地省份/州"}, {"column": "BusinessDcrpEng", "desc": "英文业务简介"}, {"column": "IfHeadOffice", "desc": "是否公司总部；是否公司总部(IfHeadOffice)与(CT_SystemConst)表中的DM字段关联，令LB=999 AND DM IN (1,2)，得到是否公司总部的具体描述：1-是，2-否。"}, {"column": "LinkAddress", "desc": "链接地址"}, {"column": "CountryCode", "desc": "国家代码；与“国家城市代码表(LC_AreaCode)”中的“地区内部编码(AreaInnerCode)”关联，得到国家的相关信息。"}, {"column": "EstablishmentDatePreci", "desc": "成立日期精度；成立日期精度(EstablishmentDatePreci)与(CT_SystemConst)表中的DM字段关联，令LB=102 AND DM in (27,28,29)，得到成立日期精度的具体描述：27-年，28-月，29-日。"}]}, {"表名": "astockbasicinfodb.lc_stockarchives", "表字段": [{"column": "CompanyCode", "desc": "公司代码；公司代码（CompanyCode）：与“证券主表（SecuMain）”中的“公司代码（CompanyCode）”关联，得到上市公司的交易代码、简称等。"}, {"column": "State", "desc": "国别；省份（State）：与“国家城市代码表（LC_AreaCode）”中的“地区内部编码（AreaInnerCode）”关联，得到省份具体信息。"}, {"column": "SecretaryBD", "desc": "董事会秘书"}, {"column": "SecuAffairsRepr", "desc": "证券/股证事务代表"}, {"column": "AuthReprSBD", "desc": "董秘授权代表"}, {"column": "ContactTel", "desc": "联系人电话"}, {"column": "ContactFax", "desc": "联系人传真"}, {"column": "ContactEmail", "desc": "联系人电子邮箱"}, {"column": "RegAddr", "desc": "公司注册地址"}, {"column": "RegZipCode", "desc": "公司注册地址邮编"}, {"column": "OfficeAddr", "desc": "公司办公地址"}, {"column": "OfficeZipCode", "desc": "公司办公地址邮编"}, {"column": "ContactAddr", "desc": "公司联系地址"}, {"column": "ConatactZipCode", "desc": "公司联系地址邮编"}, {"column": "Email", "desc": "邮箱"}, {"column": "Website", "desc": "公司网址"}, {"column": "DisclosureWebsites", "desc": "信息披露网址"}, {"column": "DisclosurePapers", "desc": "信息披露报纸"}, {"column": "EstablishmentDate", "desc": "公司成立日期"}, {"column": "IRegPlace", "desc": "首次注册登记地点"}, {"column": "LegalRepr", "desc": "法人代表"}, {"column": "GeneralManager", "desc": "总经理"}, {"column": "LegalConsultant", "desc": "法律顾问"}, {"column": "AccountingFirm", "desc": "会计师事务所"}, {"column": "InduCSRC", "desc": "公司所属证监会行业(聚源)；与(CT_IndustryType)表中的\"行业内部编码(IndustryNum)\"字段关联,当Standard=1时,LB=1；当Standard=22时,LB=22；当Standard=25时,LB=25；当Standard=26时,LB=26。"}, {"column": "BusinessMajor", "desc": "经营范围-主营"}, {"column": "BusinessMinor", "desc": "经营范围-兼营"}, {"column": "AShareAbbr", "desc": "A股证券简称"}, {"column": "AStockCode", "desc": "A股证券代码"}, {"column": "BShareAbbr", "desc": "B股证券简称"}, {"column": "BStockCode", "desc": "B股证券代码"}, {"column": "HShareAbbr", "desc": "H股证券简称"}, {"column": "HStockCode", "desc": "H股证券代码"}, {"column": "BriefIntroText", "desc": "公司简介"}, {"column": "ChiName", "desc": "中文名称"}, {"column": "BusinessRegNumber", "desc": "企业法人营业执照注册号"}, {"column": "SecretaryBDTel", "desc": "董秘电话"}, {"column": "SecretaryBDFax", "desc": "董秘传真"}, {"column": "SecretaryBDEmail", "desc": "董秘电子邮件"}, {"column": "SecuAffairsReprTel", "desc": "证券事务代表电话"}, {"column": "SecuAffairsReprFax", "desc": "证券事务代表传真"}, {"column": "SecuAffairsReprEmail", "desc": "证券事务代表电子邮件"}, {"column": "CityCode", "desc": "地区代码；地区代码(CityCode)：与“国家城市代码表（LC_AreaCode）”中的“地区内部编码（AreaInnerCode）”关联，得到城市具体信息。"}, {"column": "CDRShareAbbr", "desc": "CDR证券简称"}, {"column": "CDRStockCode", "desc": "CDR证券代码"}, {"column": "ExtendedAbbr", "desc": "扩位简称"}, {"column": "UnprofitableMark", "desc": "尚未盈利标识；尚未盈利标识（UnprofitableMark）：在上市时发行人尚未盈利的，其股票或存托凭证的特别标识为“U”；发行人首次实现盈利的，该特别标识取消，数据值为空。"}, {"column": "SpecialVoteMark", "desc": "特殊表决权标识；特殊表决权标识（SpecialVoteMark）：在上市时发行人具有表决权差异安排的，其股票或存托凭证的特别标识为“W”；上市后不再具有表决权差异安排的，该特别标识取消，数据值为空。"}, {"column": "VIEMark", "desc": "协议控制架构标识；协议控制架构标识（VIEMark）：在上市时发行人具有协议控制架构或者类似特殊安排的，其股票或存托凭证的特别标识为“V”；上市后不再具有相关安排的，该特别标识取消，数据值为空。"}, {"column": "RedChipMark", "desc": "红筹企业标识；红筹企业标识（RedChipMark）：发行人属于红筹企业，则数据值=”是“；空值则指无此标识。"}, {"column": "RegArea", "desc": "所属区县；所属区县（RegArea）：与“国家城市代码表（LC_AreaCode）”中的“地区内部编码（AreaInnerCode）”关联，得到所属区县具体信息。"}]}, {"表名": "hkstockdb.hk_stockarchives", "表字段": [{"column": "CompanyCode", "desc": "公司代码"}, {"column": "EstablishmentDate", "desc": "公司成立日期"}, {"column": "RegAbbr", "desc": "注册地；注册地点(RegAbbr)与(CT_SystemConst)表中的DM字段关联，令LB = 1023，得到注册地点的具体描述：3-中国港澳台，4-中东地区，7-国际，100-亚洲，101-阿富汗，102-巴林，103-孟加拉国，104-不丹，105-文莱，106-缅甸，107-柬埔寨，108-塞浦路斯，109-朝鲜，110-中国香港，111-印度，112-印度尼西亚，113-伊朗，114-伊拉克，115-以色列，116-日本，117-约旦，118-科威特，119-老挝，120-黎巴嫩，121-中国澳门，122-马来西亚，123-马尔代夫，124-蒙古，125-尼泊尔，126-阿曼，127-巴基斯坦，128-巴勒斯坦，129-菲律宾，130-卡塔尔，131-沙特阿拉伯，132-新加坡，133-韩国，134-斯里兰卡，135-叙利亚，136-泰国，137-土耳其，138-阿拉伯联合酋长国，139-也门共和国，141-越南，142-中国，143-中国台湾，144-东帝汶，199-亚洲其他，200-非洲，201-阿尔及利亚，202-安哥拉，203-贝宁，204-博茨瓦那，205-布隆迪，206-喀麦隆，207-加那利群岛，208-佛得角，209-中非，210-塞卜泰(休达)，211-乍得，212-科摩罗，213-刚果，214-吉布提，215-埃及，216-赤道几内亚，217-埃塞俄比亚，218-加蓬，219-冈比亚，220-加纳，221-几内亚，222-几内亚(比绍)，223-科特迪瓦，224-肯尼亚，225-利比里亚，226-利比亚，227-马达加斯加，228-马拉维，229-马里，230-毛里塔尼亚，231-毛里求斯，232-摩洛哥，233-莫桑比克，234-纳米比亚，235-尼日尔，236-尼日利亚，237-留尼汪，238-卢旺达，239-圣多美和普林西比，240-塞内加尔，241-塞舌尔，242-塞拉利昂，243-索马里，244-南非，245-西撒哈拉，246-苏丹，247-坦桑尼亚，248-多哥，249-突尼斯，250-乌干达，251-布基纳法索，252-扎伊尔，253-赞比亚，254-津巴布韦，255-莱索托，256-梅利利亚，257-斯威士兰，258-厄立特里亚，259-马约特岛，260-刚果民主共和国，299-非洲其他，300-欧洲，301-比利时，302-丹麦，303-英国，304-德国，305-法国，306-爱尔兰，307-意大利，308-卢森堡，309-荷兰，310-希腊，311-葡萄牙，312-西班牙，313-阿尔巴尼亚，314-安道尔，315-奥地利，316-保加利亚，318-芬兰，320-直布罗陀，321-匈牙利，322-冰岛，323-列支敦士登，324-马耳他，325-摩纳哥，326-挪威，327-波兰，328-罗马尼亚，329-圣马力诺，330-瑞典，331-瑞士，334-爱沙尼亚，335-拉脱维亚，336-立陶宛，337-格鲁吉亚，338-亚美尼亚，339-阿塞拜疆，340-白俄罗斯，341-哈萨克斯坦，342-吉尔吉斯，343-摩尔多瓦，344-俄罗斯，345-塔吉克斯坦，346-土库曼斯坦，347-乌克兰，348-乌兹别克斯坦，349-南斯拉夫联盟共和国，350-斯洛文尼亚共和国，351-克罗地亚共和国，352-捷克共和国，353-斯洛伐克共和国，354-前南斯拉夫马其顿共和国，355-波斯尼亚-黑塞哥维那共和国，356-法罗群岛，357-梵蒂冈城国，358-塞尔维亚和黑山，359-塞尔维亚共和国，360-黑山共和国，361-苏联，399-欧洲其他，400-拉丁美洲，401-安提瓜和巴布达，402-阿根廷，403-阿鲁巴岛，404-巴哈马，405-巴巴多斯，406-伯利兹，408-玻利维亚，409-博内尔，410-巴西，411-开曼群岛，412-智利，413-哥伦比亚，414-多米尼克，415-哥斯达黎加，416-古巴，417-库腊索岛，418-多米尼加共和国，419-厄瓜多尔，420-法属圭亚那，421-格林纳达，422-瓜德罗普，423-危地马拉，424-圭亚那，425-海地，426-洪都拉斯，427-牙买加，428-马提尼克，429-墨西哥，430-蒙特塞拉特，431-尼加拉瓜，432-巴拿马，433-巴拉圭，434-秘鲁，435-波多黎各，436-萨巴，437-圣卢西亚，438-圣马丁岛，439-圣文森特和格林纳丁斯，440-萨尔瓦多，441-苏里南，442-特立尼达和多巴哥，443-特克斯和凯科斯群岛，444-乌拉圭，445-委内瑞拉，446-英属维尔京群岛，447-圣其茨--尼维斯，448-荷属安地列斯群岛，499-拉丁美洲其他，500-北美洲，501-加拿大，502-美国，503-格陵兰，504-百慕大，505-泽西岛，599-北美洲其他，600-大洋洲，601-澳大利亚，602-库克群岛，603-斐济，604-盖比群岛，605-马克萨斯群岛，606-瑙鲁，607-新喀里多尼亚，608-瓦努阿图，609-新西兰，610-诺福克岛，611-巴布亚新几内亚，612-社会群岛，613-所罗门群岛，614-汤加，615-土阿莫土群岛，616-土布艾群岛，617-萨摩亚，618-基里巴斯，619-图瓦卢，620-密克罗尼西亚联邦，621-马绍尔群岛共和国，622-贝劳共和国，623-帕劳共和国，624-瓦利斯和浮图纳，625-法属波利尼西亚，626-圣皮埃尔和密克隆，699-大洋洲其他，701-国(地)别不详的，702-联合国和其他国际组织，703-亚太经济合作组织，704-东南亚国家联盟，705-欧洲联盟，706-独立国家联合体，707-经济合作与发展组织(OECD)，708-经合组织北美，709-经合组织亚洲大洋洲，710-经合组织欧洲，711-欧英EFTA，901-欧元区，903-欧盟15国，905-欧盟25国，906-欧盟27国，907-欧盟其他，909-全球。"}, {"column": "Business", "desc": "公司业务"}, {"column": "InduCHKE", "desc": "所属行业-港交所；所属行业-港交所（InduCHKE）:目前字段在该表已经不维护。"}, {"column": "InduCHS", "desc": "所属行业-恒生；所属行业-恒生（InduCHS）：目前字段在该表已经不维护，可以在 港股公司行业划分表HK_ExgIndustry获取到对应的行业分类。"}, {"column": "Chairman", "desc": "主席"}, {"column": "CompanySecretary", "desc": "公司秘书"}, {"column": "CertifiedAccountant", "desc": "合资格会计师"}, {"column": "RegisteredOffice", "desc": "注册办事处"}, {"column": "GeneralOffice", "desc": "总办事处及主要营业地点"}, {"column": "Registrars", "desc": "股份过户处(香港)"}, {"column": "Tel", "desc": "电话"}, {"column": "Fax", "desc": "传真"}, {"column": "Eail", "desc": "邮箱"}, {"column": "Website", "desc": "公司网址"}, {"column": "BriefIntroduction", "desc": "公司简介"}, {"column": "CompanyType", "desc": "企业类别；公司类别(CompanyType)与(CT_SystemConst)表中的DM字段关联，令LB = 1501，得到公司类别的具体描述：1-境内注册内地国资控制，2-境内注册内地个人控制，5-境外注册内地国资控制，6-境外注册内地个人控制，9-其他。"}, {"column": "CompanyTypeDesc", "desc": "公司类别描述"}, {"column": "ChiName", "desc": "中文名称"}, {"column": "AuditInstitution", "desc": "审计机构"}, {"column": "RegCapital", "desc": "注册资本(元)"}, {"column": "RegCapitalCurrency", "desc": "注册资本货币单位；注册资本货币单位(RegCapitalCurrency)与(CT_SystemConst)表中的DM字段关联，令LB = 1548，得到注册资本货币单位的具体描述：1000-美元，1100-港元，1110-印度卢比，1120-印度尼西亚卢比，1130-伊朗里亚尔，1140-波兰兹罗提，1150-匈牙利福林，1160-日本元，1161-欧洲日元(离岸)，1170-约旦第纳尔，1180-科威特第纳尔，1190-阿联酋迪拉姆，1200-亚美尼亚德拉姆，1210-澳门元，1220-马来西亚林吉特，1230-安第列斯群岛盾，1240-安哥拉宽扎，1250-尼泊尔卢比，1260-哈萨克斯坦坚戈，1270-巴基斯坦卢比，1280-阿鲁巴岛弗罗林，1290-菲律宾比索，1300-阿塞拜疆马纳特，1310-波斯尼亚马克，1320-新加坡元，1330-韩国元，1340-孟加拉塔卡，1350-百慕大元，1360-泰国铢，1370-沙特里亚尔，1380-文莱林吉特，1390-不丹努尔特鲁姆，1400-博茨瓦纳普拉，1410-白俄罗斯卢布，1420-人民币元，1430-台湾元，1440-伯利兹元，1450-南苏丹镑，1460-世界投资报告法郎，1470-佛得角埃斯库多，1480-厄立特里亚纳克法，1490-埃塞俄比亚比尔，1500-福克兰群岛镑，1510-格鲁吉亚拉里，1520-直布罗陀镑，1530-克罗地亚库纳，1540-以色列新谢克尔，1550-吉尔吉斯斯坦索姆，1560-开曼群岛元，1570-莱索托马洛蒂，1580-摩尔多瓦列伊，1590-马其顿第纳尔，1600-蒙古图格里克，1610-马拉维克瓦查，1620-梅蒂卡尔，1630-纳米比亚元，1640-巴布亚新几内亚基那，1650-塞尔维亚第纳尔，1660-圣赫勒拿群岛磅，1670-圣多美和普林西比多布拉，1680-太平洋法郎，1690-非共体法郎，1700-斯威士兰里兰吉尼，1710-塔吉克斯坦索莫尼，1720-土库曼斯坦马纳特，1730-汤加潘加，1740-乌克兰格里夫纳，1750-乌兹别克斯坦苏姆，1760-瓦努阿图瓦图，1770-萨摩亚塔拉，1780-中非金融合作法郎，1790-东加勒比元，1800-哈萨克斯坦腾格(废弃)，1810-人民币(离岸)，2470-坦桑尼亚先令，3000-欧元，3010-比利时法郎，3020-丹麦克朗，3030-英镑，3040-德国马克，3050-法国法郎，3070-意大利里拉，3090-荷兰盾，3120-西班牙比塞塔，3150-奥地利先令，3180-芬兰马克，3260-挪威克朗，3300-瑞典克朗，3310-瑞士法郎，3311-记帐瑞士法郎，3313-清算瑞士法郎，3440-俄罗斯卢布，4100-巴西雷亚尔，4290-墨西哥比索，5010-加拿大元，6010-澳大利亚元，6090-新西兰元，7101-刚果法郎，7103-尼日利亚奈拉，7105-越南盾，7107-肯尼亚先令，7109-卢森堡法郎，7111-摩洛哥迪拉姆，7113-南非兰特，7115-斯里兰卡卢比，7117-新苏丹磅，7119-也门里亚尔(废弃)，7121-爱尔兰镑，8000-阿尔巴尼亚列克，8010-阿尔及利亚第纳尔，8020-阿富汗尼，8030-阿根廷比索，8040-也门里亚尔，8050-阿曼里亚尔，8060-埃及镑，8070-巴巴多斯元，8080-巴哈马元，8090-巴拉圭瓜拉尼，8100-巴林第纳尔，8110-巴拿马巴波亚，8120-保加利亚列弗，8130-冰岛克朗，8140-波兰兹罗提(废弃)，8150-玻利维亚诺，8160-布隆迪法郎，8170-朝鲜圆，8180-赤道几内亚埃奎勒，8190-多米尼加比索，8200-厄瓜多尔苏克雷，8210-斐济元，8220-冈比亚法拉西，8230-哥伦比亚比索，8240-哥斯达黎加科朗，8250-古巴比索，8260-圭亚那元，8270-海地古德，8280-洪都拉斯伦皮拉，8290-吉布提法郎，8300-几内亚法郎，8310-几内亚比索，8320-加纳塞地，8330-柬埔寨瑞尔，8340-捷克克朗，8350-津巴布韦元，8360-卡塔尔里亚尔，8370-科摩罗法郎，8380-老挝基普，8390-黎巴嫩镑，8400-利比里亚元，8410-利比亚第纳尔，8420-卢旺达法郎，8430-罗马尼亚列伊，8440-马达加斯加阿里亚里，8450-马尔代夫卢比，8460-马耳他镑，8470-毛里求斯卢比，8480-毛里塔尼亚乌吉亚，8490-秘鲁新索尔，8500-缅甸元，8510-也门第纳尔，8520-南斯拉夫新第纳尔，8530-尼加拉瓜科多巴，8540-埃斯库多，8550-萨尔瓦多科朗，8560-塞拉里昂利昂，8570-塞浦路斯镑，8580-塞舌尔卢比，8590-沙特阿拉伯亚尔(废弃)，8600-苏里南元，8610-所罗门元，8620-索马里先令，8630-特立尼达多巴哥元，8640-突尼斯第纳尔，8650-土耳其里拉，8660-危地马拉格查尔，8670-委内瑞拉玻利瓦尔，8680-乌干达先令，8690-乌拉圭新比索，8700-希腊德拉马克，8710-匈牙利福林(废弃)，8720-叙利亚镑，8730-牙买加元，8740-伊拉克第纳尔，8750-赞比亚克瓦查，8760-扎伊尔，8770-智利比索，8780-玻利维亚Mvdol基金，8790-智利CUF基金，8800-哥伦比亚实际价值单位，8810-古巴可兑换比索，8820-墨西哥UDI基金，8830-莫桑比克梅蒂卡尔(废弃)，8840-东帝汶埃斯库多，9000-本币(废弃)，9900-其他货币，9901-本地货币，9990-特别提款权，9999-各币种折合美元。"}]}]

请选择column，务必遵循输出的格式要求。

>>>>> Agent【Check_db_structure.columns_selector】 Said:
【分析】
用户想要了解2019年易方达基金新成立的股票型基金中，采用被动投资策略（指数型）的基金占比，以及这一比例与2019年同期其他基金公司的对比情况。

【信息所在字段】
- publicfunddb.mf_fundarchives.EstablishmentDate: 这个字段包含基金的设立日期信息，用于筛选2019年新成立的基金。
- publicfunddb.mf_fundarchives.FundTypeCode: 这个字段包含基金的类别代码，用于确定基金是否为股票型基金。
- publicfunddb.mf_fundarchives.InvestmentType: 这个字段包含基金的投资类型信息，用于筛选采用被动投资策略的指数型基金。
- publicfunddb.mf_investadvisoroutline.InvestAdvisorName: 这个字段包含基金管理人的名称，用于筛选易方达基金公司。

【筛选条件所在字段】
- publicfunddb.mf_fundarchives.EstablishmentDate: 这个字段用于确定基金是否在2019年成立。
- publicfunddb.mf_fundarchives.FundTypeCode: 这个字段用于筛选股票型基金。
- publicfunddb.mf_fundarchives.InvestmentType: 这个字段用于筛选指数型基金。
- publicfunddb.mf_investadvisoroutline.InvestAdvisorName: 这个字段用于筛选易方达基金公司管理的基金。

【选中的字段的清单】
```json
{
  "publicfunddb.mf_fundarchives": ["EstablishmentDate", "FundTypeCode", "InvestmentType"],
  "publicfunddb.mf_investadvisoroutline": ["InvestAdvisorName"]
}
```


>>>>> 【user】 Said:
之前已查询到信息如下:
查询结果表明: 在2019年设立的、由名称中包含“易方达”的基金管理人管理的所有基金的总设立规模（TotalFoundedSize）为12341928790.21份。
---
查询结果表明: 在2019年设立的基金中，由名称包含“易方达”的基金管理人管理的基金共有14只。具体来说，查询统计了表publicfunddb.mf_fundarchives中设立日期在2019年的记录，并且这些基金的基金管理人代码（InvestAdvisorCode）与表publicfunddb.mf_investadvisoroutline中基金管理人名称包含“易方达”的记录相匹配。
---
查询结果表明: 在2019年设立的、由名称中包含“易方达”的投资顾问管理的股票型基金共有3只，这些基金的设立规模平均值约为848,435,659份。

请问:请分析易方达基金在2019年新成立的股票型基金中，采用被动投资策略（指数型）的基金占比是多少？这一比例相比2019年同期其他基金公司是高还是低？

>>>>> Agent【Sql_query.master】 Said:
【已知信息】
1. 易方达基金在2019年成立了14只基金，总募集规模为12341928790.21元。
2. 其中，股票型基金数量为3只，平均募集规模为848435659元。
3. 需要分析易方达基金在2019年新成立的股票型基金中，采用被动投资策略（指数型）的基金占比。

【当前阶段要获取的信息】
易方达基金在2019年新成立的股票型基金中，采用被动投资策略（指数型）的基金数量。

【信息所在字段】
- `InvestmentType`：是否指数型（7-指数型，8-优化指数型，16-非指数型）
- `FundTypeCode`：基金类别代码（1101-股票型）
- `EstablishmentDate`：设立日期

【筛选条件所在字段】
- `EstablishmentDate`：设立日期
- `InvestmentType`：是否指数型
- `FundTypeCode`：基金类别代码
- `InvestAdvisorName`：基金管理人名称

【SQL语句的思路】
1. 从`publicfunddb.mf_fundarchives`表中筛选出2019年设立的股票型基金。
2. 结合`publicfunddb.mf_investadvisoroutline`表，筛选出由易方达基金管理的基金。
3. 统计其中采用被动投资策略（指数型）的基金数量。

【执行SQL语句】
```exec_sql
SELECT COUNT(*) AS IndexFundCount
FROM publicfunddb.mf_fundarchives AS fa
JOIN publicfunddb.mf_investadvisoroutline AS ia ON fa.InvestAdvisorCode = ia.InvestAdvisorCode
WHERE DATE(fa.EstablishmentDate) = '2019-01-01'
  AND fa.FundTypeCode = '1101'
  AND ia.InvestAdvisorName LIKE '%易方达%'
  AND fa.InvestmentType IN ('7', '8')
```

【上述SQL语句的含义】
该SQL语句统计了在2019年设立的、由易方达基金管理的股票型基金中，采用被动投资策略（指数型）的基金数量。通过联合查询`mf_fundarchives`和`mf_investadvisoroutline`表，筛选出符合条件的记录，并计算其数量。

>>>>> 查询sql:
SELECT COUNT(*) AS IndexFundCount
FROM publicfunddb.mf_fundarchives AS fa
JOIN publicfunddb.mf_investadvisoroutline AS ia ON fa.InvestAdvisorCode = ia.InvestAdvisorCode
WHERE DATE(fa.EstablishmentDate) = '2019-01-01'
  AND fa.FundTypeCode = '1101'
  AND ia.InvestAdvisorName LIKE '%易方达%'
  AND fa.InvestmentType IN ('7', '8');
查询结果:
[{"IndexFundCount": 0}]


>>>>> 【user】 Said:
查询SQL:
SELECT COUNT(*) AS IndexFundCount
FROM publicfunddb.mf_fundarchives AS fa
JOIN publicfunddb.mf_investadvisoroutline AS ia ON fa.InvestAdvisorCode = ia.InvestAdvisorCode
WHERE DATE(fa.EstablishmentDate) = '2019-01-01'
  AND fa.FundTypeCode = '1101'
  AND ia.InvestAdvisorName LIKE '%易方达%'
  AND fa.InvestmentType IN ('7', '8');
查询结果:
[{"IndexFundCount": 0}]
请理解查询结果

>>>>> Agent【Sql_query.understand_query_result】 Said:
查询结果表明: 在2019年1月1日设立的基金中，基金类别为股票型（FundTypeCode='1101'），基金管理人名称包含“易方达”，且基金类型为指数型或优化指数型（InvestmentType IN ('7', '8')）的基金数量为0。


>>>>> 【user】 Said:
查询SQL:
SELECT COUNT(*) AS IndexFundCount
FROM publicfunddb.mf_fundarchives AS fa
JOIN publicfunddb.mf_investadvisoroutline AS ia ON fa.InvestAdvisorCode = ia.InvestAdvisorCode
WHERE DATE(fa.EstablishmentDate) = '2019-01-01'
  AND fa.FundTypeCode = '1101'
  AND ia.InvestAdvisorName LIKE '%易方达%'
  AND fa.InvestmentType IN ('7', '8');
查询结果:
[{"IndexFundCount": 0}]
查询结果表明: 在2019年1月1日设立的基金中，基金类别为股票型（FundTypeCode='1101'），基金管理人名称包含“易方达”，且基金类型为指数型或优化指数型（InvestmentType IN ('7', '8')）的基金数量为0。

当前掌握的信息是否能够回答"请分析易方达基金在2019年新成立的股票型基金中，采用被动投资策略（指数型）的基金占比是多少？这一比例相比2019年同期其他基金公司是高还是低？"？还是要继续执行下一阶段SQL查询？

>>>>> Agent【Sql_query.master】 Said:
【已知信息】
1. 易方达基金在2019年成立了14只基金，总募集规模为12341928790.21元。
2. 其中，股票型基金数量为3只，平均募集规模为848435659元。
3. 在2019年1月1日设立的基金中，基金类别为股票型，基金管理人名称包含“易方达”，且基金类型为指数型或优化指数型的基金数量为0。

【当前阶段要获取的信息】
1. 易方达基金在2019年新成立的股票型基金中，采用被动投资策略（指数型）的基金占比。
2. 2019年同期其他基金公司新成立的股票型基金中，采用被动投资策略（指数型）的基金占比。

【信息所在字段】
- `InvestmentType`：是否指数型（7-指数型，8-优化指数型，16-非指数型）
- `FundTypeCode`：基金类别代码（1101-股票型）
- `EstablishmentDate`：设立日期
- `InvestAdvisorName`：基金管理人名称

【筛选条件所在字段】
- `EstablishmentDate`：设立日期
- `InvestmentType`：是否指数型
- `FundTypeCode`：基金类别代码
- `InvestAdvisorName`：基金管理人名称

【SQL语句的思路】
1. 继续确认易方达基金在2019年全年新成立的股票型基金中，采用被动投资策略（指数型）的基金数量。
2. 查询2019年同期其他基金公司新成立的股票型基金中，采用被动投资策略（指数型）的基金数量和占比。

【执行SQL语句】
首先，确认易方达基金在2019年全年新成立的股票型基金中，采用被动投资策略（指数型）的基金数量：
```exec_sql
SELECT COUNT(*) AS IndexFundCount
FROM publicfunddb.mf_fundarchives AS fa
JOIN publicfunddb.mf_investadvisoroutline AS ia ON fa.InvestAdvisorCode = ia.InvestAdvisorCode
WHERE YEAR(fa.EstablishmentDate) = 2019
  AND fa.FundTypeCode = '1101'
  AND ia.InvestAdvisorName LIKE '%易方达%'
  AND fa.InvestmentType IN ('7', '8')
```

【上述SQL语句的含义】
该SQL语句统计了在2019年全年设立的、由易方达基金管理的股票型基金中，采用被动投资策略（指数型）的基金数量。通过联合查询`mf_fundarchives`和`mf_investadvisoroutline`表，筛选出符合条件的记录，并计算其数量。

后续将根据此结果，进一步查询2019年同期其他基金公司的相关数据，以进行比较分析。

>>>>> 查询sql:
SELECT COUNT(*) AS IndexFundCount
FROM publicfunddb.mf_fundarchives AS fa
JOIN publicfunddb.mf_investadvisoroutline AS ia ON fa.InvestAdvisorCode = ia.InvestAdvisorCode
WHERE YEAR(fa.EstablishmentDate) = 2019
  AND fa.FundTypeCode = '1101'
  AND ia.InvestAdvisorName LIKE '%易方达%'
  AND fa.InvestmentType IN ('7', '8');
查询结果:
[{"IndexFundCount": 3}]


>>>>> 【user】 Said:
查询SQL:
SELECT COUNT(*) AS IndexFundCount
FROM publicfunddb.mf_fundarchives AS fa
JOIN publicfunddb.mf_investadvisoroutline AS ia ON fa.InvestAdvisorCode = ia.InvestAdvisorCode
WHERE YEAR(fa.EstablishmentDate) = 2019
  AND fa.FundTypeCode = '1101'
  AND ia.InvestAdvisorName LIKE '%易方达%'
  AND fa.InvestmentType IN ('7', '8');
查询结果:
[{"IndexFundCount": 3}]
请理解查询结果

>>>>> Agent【Sql_query.understand_query_result】 Said:
查询结果表明: 在2019年设立的基金中，基金类别代码为1101（股票型），基金管理人名称包含“易方达”，且投资类型为7（指数型）或8（优化指数型）的基金共有3只。


>>>>> 【user】 Said:
查询SQL:
SELECT COUNT(*) AS IndexFundCount
FROM publicfunddb.mf_fundarchives AS fa
JOIN publicfunddb.mf_investadvisoroutline AS ia ON fa.InvestAdvisorCode = ia.InvestAdvisorCode
WHERE YEAR(fa.EstablishmentDate) = 2019
  AND fa.FundTypeCode = '1101'
  AND ia.InvestAdvisorName LIKE '%易方达%'
  AND fa.InvestmentType IN ('7', '8');
查询结果:
[{"IndexFundCount": 3}]
查询结果表明: 在2019年设立的基金中，基金类别代码为1101（股票型），基金管理人名称包含“易方达”，且投资类型为7（指数型）或8（优化指数型）的基金共有3只。

当前掌握的信息是否能够回答"请分析易方达基金在2019年新成立的股票型基金中，采用被动投资策略（指数型）的基金占比是多少？这一比例相比2019年同期其他基金公司是高还是低？"？还是要继续执行下一阶段SQL查询？

>>>>> Agent【Sql_query.master】 Said:
【已知信息】
1. 易方达基金在2019年成立了14只基金，总募集规模为12341928790.21元。
2. 其中，股票型基金数量为3只，平均募集规模为848435659元。
3. 在2019年设立的基金中，基金类别代码为1101（股票型），基金管理人名称包含“易方达”，且投资类型为7（指数型）或8（优化指数型）的基金共有3只。

【当前阶段要获取的信息】
1. 易方达基金在2019年新成立的股票型基金中，采用被动投资策略（指数型）的基金占比。
2. 2019年同期其他基金公司新成立的股票型基金中，采用被动投资策略（指数型）的基金占比。

【信息所在字段】
- `InvestmentType`：是否指数型（7-指数型，8-优化指数型，16-非指数型）
- `FundTypeCode`：基金类别代码（1101-股票型）
- `EstablishmentDate`：设立日期
- `InvestAdvisorName`：基金管理人名称

【筛选条件所在字段】
- `EstablishmentDate`：设立日期
- `InvestmentType`：是否指数型
- `FundTypeCode`：基金类别代码
- `InvestAdvisorName`：基金管理人名称

【SQL语句的思路】
1. 计算易方达基金在2019年新成立的股票型基金中，采用被动投资策略（指数型）的基金占比。
2. 查询2019年同期其他基金公司新成立的股票型基金中，采用被动投资策略（指数型）的基金数量和占比。

【执行SQL语句】
首先，计算易方达基金在2019年新成立的股票型基金中，采用被动投资策略（指数型）的基金占比：
```exec_sql
SELECT 
    (SELECT COUNT(*) 
     FROM publicfunddb.mf_fundarchives AS fa
     JOIN publicfunddb.mf_investadvisoroutline AS ia ON fa.InvestAdvisorCode = ia.InvestAdvisorCode
     WHERE YEAR(fa.EstablishmentDate) = 2019
       AND fa.FundTypeCode = '1101'
       AND ia.InvestAdvisorName LIKE '%易方达%'
       AND fa.InvestmentType IN ('7', '8')) AS IndexFundCount,
    (SELECT COUNT(*) 
     FROM publicfunddb.mf_fundarchives AS fa
     JOIN publicfunddb.mf_investadvisoroutline AS ia ON fa.InvestAdvisorCode = ia.InvestAdvisorCode
     WHERE YEAR(fa.EstablishmentDate) = 2019
       AND fa.FundTypeCode = '1101'
       AND ia.InvestAdvisorName LIKE '%易方达%') AS TotalStockFundCount
```

【上述SQL语句的含义】
该SQL语句通过两个子查询分别统计了：
1. 易方达基金在2019年新成立的股票型基金中，采用被动投资策略（指数型）的基金数量。
2. 易方达基金在2019年新成立的股票型基金的总数量。

通过这两个结果，可以计算出易方达基金在2019年新成立的股票型基金中，采用被动投资策略（指数型）的基金占比。

后续将根据此结果，进一步查询2019年同期其他基金公司的相关数据，以进行比较分析。

>>>>> 查询sql:
SELECT 
    (SELECT COUNT(*) 
     FROM publicfunddb.mf_fundarchives AS fa
     JOIN publicfunddb.mf_investadvisoroutline AS ia ON fa.InvestAdvisorCode = ia.InvestAdvisorCode
     WHERE YEAR(fa.EstablishmentDate) = 2019
       AND fa.FundTypeCode = '1101'
       AND ia.InvestAdvisorName LIKE '%易方达%'
       AND fa.InvestmentType IN ('7', '8')) AS IndexFundCount,
    (SELECT COUNT(*) 
     FROM publicfunddb.mf_fundarchives AS fa
     JOIN publicfunddb.mf_investadvisoroutline AS ia ON fa.InvestAdvisorCode = ia.InvestAdvisorCode
     WHERE YEAR(fa.EstablishmentDate) = 2019
       AND fa.FundTypeCode = '1101'
       AND ia.InvestAdvisorName LIKE '%易方达%') AS TotalStockFundCount;
查询结果:
[{"IndexFundCount": 3, "TotalStockFundCount": 3}]


>>>>> 【user】 Said:
查询SQL:
SELECT 
    (SELECT COUNT(*) 
     FROM publicfunddb.mf_fundarchives AS fa
     JOIN publicfunddb.mf_investadvisoroutline AS ia ON fa.InvestAdvisorCode = ia.InvestAdvisorCode
     WHERE YEAR(fa.EstablishmentDate) = 2019
       AND fa.FundTypeCode = '1101'
       AND ia.InvestAdvisorName LIKE '%易方达%'
       AND fa.InvestmentType IN ('7', '8')) AS IndexFundCount,
    (SELECT COUNT(*) 
     FROM publicfunddb.mf_fundarchives AS fa
     JOIN publicfunddb.mf_investadvisoroutline AS ia ON fa.InvestAdvisorCode = ia.InvestAdvisorCode
     WHERE YEAR(fa.EstablishmentDate) = 2019
       AND fa.FundTypeCode = '1101'
       AND ia.InvestAdvisorName LIKE '%易方达%') AS TotalStockFundCount;
查询结果:
[{"IndexFundCount": 3, "TotalStockFundCount": 3}]
请理解查询结果

>>>>> Agent【Sql_query.understand_query_result】 Said:
查询结果表明: 在2019年设立的股票型基金（FundTypeCode为'1101'）中，由名称包含“易方达”的基金管理人管理的基金共有3只，其中这3只基金均为指数型或优化指数型（InvestmentType为'7'或'8'）。也就是说，该基金管理人在2019年设立的股票型基金全部为指数型或优化指数型基金。


>>>>> 【user】 Said:
查询SQL:
SELECT 
    (SELECT COUNT(*) 
     FROM publicfunddb.mf_fundarchives AS fa
     JOIN publicfunddb.mf_investadvisoroutline AS ia ON fa.InvestAdvisorCode = ia.InvestAdvisorCode
     WHERE YEAR(fa.EstablishmentDate) = 2019
       AND fa.FundTypeCode = '1101'
       AND ia.InvestAdvisorName LIKE '%易方达%'
       AND fa.InvestmentType IN ('7', '8')) AS IndexFundCount,
    (SELECT COUNT(*) 
     FROM publicfunddb.mf_fundarchives AS fa
     JOIN publicfunddb.mf_investadvisoroutline AS ia ON fa.InvestAdvisorCode = ia.InvestAdvisorCode
     WHERE YEAR(fa.EstablishmentDate) = 2019
       AND fa.FundTypeCode = '1101'
       AND ia.InvestAdvisorName LIKE '%易方达%') AS TotalStockFundCount;
查询结果:
[{"IndexFundCount": 3, "TotalStockFundCount": 3}]
查询结果表明: 在2019年设立的股票型基金（FundTypeCode为'1101'）中，由名称包含“易方达”的基金管理人管理的基金共有3只，其中这3只基金均为指数型或优化指数型（InvestmentType为'7'或'8'）。也就是说，该基金管理人在2019年设立的股票型基金全部为指数型或优化指数型基金。

当前掌握的信息是否能够回答"请分析易方达基金在2019年新成立的股票型基金中，采用被动投资策略（指数型）的基金占比是多少？这一比例相比2019年同期其他基金公司是高还是低？"？还是要继续执行下一阶段SQL查询？

>>>>> Agent【Sql_query.master】 Said:
【已知信息】
1. 易方达基金在2019年成立了14只基金，总募集规模为12341928790.21元。
2. 其中，股票型基金数量为3只，平均募集规模为848435659元。
3. 在2019年设立的股票型基金（FundTypeCode为'1101'）中，由名称包含“易方达”的基金管理人管理的基金共有3只，且这3只基金均为指数型或优化指数型（InvestmentType为'7'或'8'）。

【当前阶段要获取的信息】
1. 易方达基金在2019年新成立的股票型基金中，采用被动投资策略（指数型）的基金占比已确定为100%。
2. 2019年同期其他基金公司新成立的股票型基金中，采用被动投资策略（指数型）的基金占比。

【信息所在字段】
- `InvestmentType`：是否指数型（7-指数型，8-优化指数型，16-非指数型）
- `FundTypeCode`：基金类别代码（1101-股票型）
- `EstablishmentDate`：设立日期
- `InvestAdvisorName`：基金管理人名称

【筛选条件所在字段】
- `EstablishmentDate`：设立日期
- `InvestmentType`：是否指数型
- `FundTypeCode`：基金类别代码
- `InvestAdvisorName`：基金管理人名称

【SQL语句的思路】
1. 查询2019年同期其他基金公司新成立的股票型基金中，采用被动投资策略（指数型）的基金数量和总数量，以计算占比。

【执行SQL语句】
查询2019年同期其他基金公司新成立的股票型基金中，采用被动投资策略（指数型）的基金数量和总数量：
```exec_sql
SELECT 
    (SELECT COUNT(*) 
     FROM publicfunddb.mf_fundarchives AS fa
     JOIN publicfunddb.mf_investadvisoroutline AS ia ON fa.InvestAdvisorCode = ia.InvestAdvisorCode
     WHERE YEAR(fa.EstablishmentDate) = 2019
       AND fa.FundTypeCode = '1101'
       AND ia.InvestAdvisorName NOT LIKE '%易方达%'
       AND fa.InvestmentType IN ('7', '8')) AS OtherIndexFundCount,
    (SELECT COUNT(*) 
     FROM publicfunddb.mf_fundarchives AS fa
     JOIN publicfunddb.mf_investadvisoroutline AS ia ON fa.InvestAdvisorCode = ia.InvestAdvisorCode
     WHERE YEAR(fa.EstablishmentDate) = 2019
       AND fa.FundTypeCode = '1101'
       AND ia.InvestAdvisorName NOT LIKE '%易方达%') AS OtherTotalStockFundCount
```

【上述SQL语句的含义】
该SQL语句通过两个子查询分别统计了：
1. 2019年同期其他基金公司新成立的股票型基金中，采用被动投资策略（指数型）的基金数量。
2. 2019年同期其他基金公司新成立的股票型基金的总数量。

通过这两个结果，可以计算出2019年同期其他基金公司新成立的股票型基金中，采用被动投资策略（指数型）的基金占比，进而与易方达基金进行比较分析。

>>>>> 查询sql:
SELECT 
    (SELECT COUNT(*) 
     FROM publicfunddb.mf_fundarchives AS fa
     JOIN publicfunddb.mf_investadvisoroutline AS ia ON fa.InvestAdvisorCode = ia.InvestAdvisorCode
     WHERE YEAR(fa.EstablishmentDate) = 2019
       AND fa.FundTypeCode = '1101'
       AND ia.InvestAdvisorName NOT LIKE '%易方达%'
       AND fa.InvestmentType IN ('7', '8')) AS OtherIndexFundCount,
    (SELECT COUNT(*) 
     FROM publicfunddb.mf_fundarchives AS fa
     JOIN publicfunddb.mf_investadvisoroutline AS ia ON fa.InvestAdvisorCode = ia.InvestAdvisorCode
     WHERE YEAR(fa.EstablishmentDate) = 2019
       AND fa.FundTypeCode = '1101'
       AND ia.InvestAdvisorName NOT LIKE '%易方达%') AS OtherTotalStockFundCount;
查询结果:
[{"OtherIndexFundCount": 25, "OtherTotalStockFundCount": 27}]


>>>>> 【user】 Said:
查询SQL:
SELECT 
    (SELECT COUNT(*) 
     FROM publicfunddb.mf_fundarchives AS fa
     JOIN publicfunddb.mf_investadvisoroutline AS ia ON fa.InvestAdvisorCode = ia.InvestAdvisorCode
     WHERE YEAR(fa.EstablishmentDate) = 2019
       AND fa.FundTypeCode = '1101'
       AND ia.InvestAdvisorName NOT LIKE '%易方达%'
       AND fa.InvestmentType IN ('7', '8')) AS OtherIndexFundCount,
    (SELECT COUNT(*) 
     FROM publicfunddb.mf_fundarchives AS fa
     JOIN publicfunddb.mf_investadvisoroutline AS ia ON fa.InvestAdvisorCode = ia.InvestAdvisorCode
     WHERE YEAR(fa.EstablishmentDate) = 2019
       AND fa.FundTypeCode = '1101'
       AND ia.InvestAdvisorName NOT LIKE '%易方达%') AS OtherTotalStockFundCount;
查询结果:
[{"OtherIndexFundCount": 25, "OtherTotalStockFundCount": 27}]
请理解查询结果

>>>>> Agent【Sql_query.understand_query_result】 Said:
查询结果表明: 在2019年设立的股票型基金（FundTypeCode='1101'）中，不属于易方达基金管理公司（InvestAdvisorName不包含'易方达'）的指数型基金（InvestmentType为'7'或'8'）共有25只，而不属于易方达基金管理公司的股票型基金总数为27只。


>>>>> 【user】 Said:
查询SQL:
SELECT 
    (SELECT COUNT(*) 
     FROM publicfunddb.mf_fundarchives AS fa
     JOIN publicfunddb.mf_investadvisoroutline AS ia ON fa.InvestAdvisorCode = ia.InvestAdvisorCode
     WHERE YEAR(fa.EstablishmentDate) = 2019
       AND fa.FundTypeCode = '1101'
       AND ia.InvestAdvisorName NOT LIKE '%易方达%'
       AND fa.InvestmentType IN ('7', '8')) AS OtherIndexFundCount,
    (SELECT COUNT(*) 
     FROM publicfunddb.mf_fundarchives AS fa
     JOIN publicfunddb.mf_investadvisoroutline AS ia ON fa.InvestAdvisorCode = ia.InvestAdvisorCode
     WHERE YEAR(fa.EstablishmentDate) = 2019
       AND fa.FundTypeCode = '1101'
       AND ia.InvestAdvisorName NOT LIKE '%易方达%') AS OtherTotalStockFundCount;
查询结果:
[{"OtherIndexFundCount": 25, "OtherTotalStockFundCount": 27}]
查询结果表明: 在2019年设立的股票型基金（FundTypeCode='1101'）中，不属于易方达基金管理公司（InvestAdvisorName不包含'易方达'）的指数型基金（InvestmentType为'7'或'8'）共有25只，而不属于易方达基金管理公司的股票型基金总数为27只。

当前掌握的信息是否能够回答"请分析易方达基金在2019年新成立的股票型基金中，采用被动投资策略（指数型）的基金占比是多少？这一比例相比2019年同期其他基金公司是高还是低？"？还是要继续执行下一阶段SQL查询？

>>>>> Agent【Sql_query.master】 Said:
【已知信息】
1. 易方达基金在2019年成立了14只基金，总募集规模为12341928790.21元。
2. 其中，股票型基金数量为3只，平均募集规模为848435659元。
3. 在2019年设立的股票型基金（FundTypeCode为'1101'）中，由名称包含“易方达”的基金管理人管理的基金共有3只，且这3只基金均为指数型或优化指数型（InvestmentType为'7'或'8'）。
4. 在2019年设立的股票型基金（FundTypeCode='1101'）中，不属于易方达基金管理公司（InvestAdvisorName不包含'易方达'）的指数型基金（InvestmentType为'7'或'8'）共有25只，而不属于易方达基金管理公司的股票型基金总数为27只。

【当前阶段要获取的信息】
1. 易方达基金在2019年新成立的股票型基金中，采用被动投资策略（指数型）的基金占比。
2. 2019年同期其他基金公司新成立的股票型基金中，采用被动投资策略（指数型）的基金占比。

【信息所在字段】
- `InvestmentType`：是否指数型（7-指数型，8-优化指数型，16-非指数型）
- `FundTypeCode`：基金类别代码（1101-股票型）
- `EstablishmentDate`：设立日期
- `InvestAdvisorName`：基金管理人名称

【筛选条件所在字段】
- `EstablishmentDate`：设立日期
- `InvestmentType`：是否指数型
- `FundTypeCode`：基金类别代码
- `InvestAdvisorName`：基金管理人名称

【SQL语句的思路】
1. 计算易方达基金在2019年新成立的股票型基金中，采用被动投资策略（指数型）的基金占比。
2. 计算2019年同期其他基金公司新成立的股票型基金中，采用被动投资策略（指数型）的基金占比。

【执行SQL语句】
已通过之前的查询获取到所需数据，无需再执行新的SQL语句。

【分析结果】
1. 易方达基金在2019年新成立的股票型基金中，采用被动投资策略（指数型）的基金占比为：
   \[
   \frac{\text{IndexFundCount}}{\text{TotalStockFundCount}} = \frac{3}{3} = 100\%
   \]

2. 2019年同期其他基金公司新成立的股票型基金中，采用被动投资策略（指数型）的基金占比为：
   \[
   \frac{\text{OtherIndexFundCount}}{\text{OtherTotalStockFundCount}} = \frac{25}{27} \approx 92.59\%
   \]

【结论】
易方达基金在2019年新成立的股票型基金中，采用被动投资策略（指数型）的基金占比为100%，相比2019年同期其他基金公司的92.59%要高。

当前掌握的信息已足够回答问题，无需继续执行下一阶段SQL查询。


>>>>> 【user】 Said:
请回答问题:"请分析易方达基金在2019年新成立的股票型基金中，采用被动投资策略（指数型）的基金占比是多少？这一比例相比2019年同期其他基金公司是高还是低？"

>>>>> Agent【Sql_query.summary】 Said:
易方达基金在2019年新成立的股票型基金中，采用被动投资策略（指数型）的基金占比为100%。相比2019年同期其他基金公司的92.59%，这一比例较高。
