
>>>>> Original Question: 分析该股票2019年1月份的成交量特征：哪几天的成交量超过月均量的2倍？具体是多少比例？这些放量日的收盘价相比前一日分别上涨/下跌了多少？(四舍五入保留两位小数)


>>>>> Agent【extract_company】 Said:
No Entities.


>>>>> Agent【rewrite_question】 Said:
分析桐昆集团股份有限公司（CompanyCode: 149461, InnerCode: 13045）股票在2019年1月份的成交量特征：哪几天的成交量超过该月平均成交量的2倍？具体超过的比例是多少？这些放量日的收盘价相比前一日分别上涨或下跌了多少？（四舍五入保留两位小数）

>>>>> 已知事实:
桐昆股份的关联信息有:[InnerCode(证券内部编码)是13045;CompanyCode(公司代码)是149461;ChiName(中文名称)是桐昆集团股份有限公司;EngName(英文名称)是Tongkun Group Co.,Ltd;SecuCode(证券代码)是601233;]

>>>>> Agent【Check_db_structure.db_selector】 Said:
【分析】
要分析桐昆集团股份有限公司（CompanyCode: 149461, InnerCode: 13045）股票在2019年1月份的成交量特征，需要以下信息：
1. 2019年1月份每天的成交量数据。
2. 2019年1月份的月平均成交量。
3. 2019年1月份每天的收盘价数据。

这些信息可以通过“上市公司股票行情”数据库（astockmarketquotesdb）获取，该数据库记录了股票的每日行情数据，包括成交量和收盘价。

【选中的数据库】
- astockmarketquotesdb: 这个数据库包含股票的每日行情数据，包括成交量和收盘价。

【选中的数据库的清单】
```json
["astockmarketquotesdb"]
```


>>>>> Agent【Check_db_structure.table_selector】 Said:
【分析】
要分析桐昆集团股份有限公司（CompanyCode: 149461, InnerCode: 13045）股票在2019年1月份的成交量特征，需要以下信息：
1. 2019年1月份每天的成交量数据。
2. 计算该月平均成交量。
3. 找出成交量超过该月平均成交量2倍的天数及其具体比例。
4. 这些放量日的收盘价及其前一天的收盘价，以计算涨跌幅度。

【选中的数据表】
- astockmarketquotesdb.qt_dailyquote: 这个数据表包含每日的交易数据，包括成交量（"成交量"）和收盘价（"收盘价"），以及前一日的收盘价（"昨收盘价"）。

【选中的数据库表的清单】
```json
["astockmarketquotesdb.qt_dailyquote"]
```


>>>>> Agent【Check_db_structure.columns_selector】 Said:
【分析】
用户提问涉及桐昆集团股份有限公司（CompanyCode: 149461, InnerCode: 13045）在2019年1月份的股票成交量特征分析，具体包括：
1. 找出成交量超过该月平均成交量2倍的日期。
2. 计算这些日期的成交量超过平均成交量的具体比例。
3. 比较这些日期的收盘价与前一日收盘价的涨跌情况。

【信息所在字段】
- constantdb.secumain.CompanyCode: 这个字段包含公司代码信息，对应用户提问中的CompanyCode: 149461。
- constantdb.secumain.InnerCode: 这个字段包含证券内部编码信息，对应用户提问中的InnerCode: 13045。
- astockmarketquotesdb.qt_dailyquote.InnerCode: 这个字段与证券内部编码关联，用于查询具体股票的交易数据。
- astockmarketquotesdb.qt_dailyquote.TradingDay: 这个字段包含交易日信息，用于筛选2019年1月份的数据。
- astockmarketquotesdb.qt_dailyquote.TurnoverVolume: 这个字段包含成交量信息，用于计算平均成交量和超过平均成交量2倍的日期。
- astockmarketquotesdb.qt_dailyquote.ClosePrice: 这个字段包含收盘价信息，用于比较放量日的收盘价与前一日收盘价的涨跌情况。
- astockmarketquotesdb.qt_dailyquote.PrevClosePrice: 这个字段包含前一日收盘价信息，用于比较放量日的收盘价与前一日收盘价的涨跌情况。

【筛选条件所在字段】
- constantdb.secumain.CompanyCode: 用于筛选桐昆集团股份有限公司。
- constantdb.secumain.InnerCode: 用于关联查询具体股票的交易数据。
- astockmarketquotesdb.qt_dailyquote.TradingDay: 用于筛选2019年1月份的数据。

【选中的字段的清单】
```json
{
  "constantdb.secumain": ["CompanyCode", "InnerCode"],
  "astockmarketquotesdb.qt_dailyquote": ["InnerCode", "TradingDay", "TurnoverVolume", "ClosePrice", "PrevClosePrice"]
}
```


>>>>> Agent【Sql_query.master】 Said:
【已知信息】
- 桐昆集团股份有限公司的关联信息：InnerCode(证券内部编码)是13045, CompanyCode(公司代码)是149461。
- 2019年1月1日至2019年3月31日期间，最高价为15.75元，最低价为9.34元。
- 2019年3月19日的成交量最高，为114768200股。
- 2019年3月19日创下了近一周、近一月以及近一季度的新高。

【当前阶段要获取的信息】
- 2019年1月份桐昆集团股份有限公司股票的日成交量。
- 2019年1月份的平均成交量。
- 成交量超过该月平均成交量2倍的具体日期及其超过比例。
- 这些放量日的收盘价相比前一日分别上涨或下跌的幅度。

【信息所在字段】
- `TurnoverVolume`（成交量）
- `ClosePrice`（收盘价）
- `PrevClosePrice`（前一日收盘价）

【筛选条件所在字段】
- `InnerCode`（证券内部编码）
- `TradingDay`（交易日）

【SQL语句的思路】
1. 首先计算2019年1月份桐昆集团股份有限公司股票的日成交量。
2. 计算2019年1月份的平均成交量。
3. 找出成交量超过该月平均成交量2倍的具体日期及其超过比例。
4. 计算这些放量日的收盘价相比前一日分别上涨或下跌的幅度。

【执行SQL语句】
```exec_sql
SELECT 
    TradingDay,
    TurnoverVolume,
    ClosePrice,
    PrevClosePrice,
    (TurnoverVolume / (SELECT AVG(TurnoverVolume) FROM astockmarketquotesdb.qt_dailyquote WHERE InnerCode = 13045 AND DATE(TradingDay) BETWEEN '2019-01-01' AND '2019-01-31')) AS Ratio
FROM 
    astockmarketquotesdb.qt_dailyquote
WHERE 
    InnerCode = 13045 
    AND DATE(TradingDay) BETWEEN '2019-01-01' AND '2019-01-31'
    AND TurnoverVolume > 2 * (SELECT AVG(TurnoverVolume) FROM astockmarketquotesdb.qt_dailyquote WHERE InnerCode = 13045 AND DATE(TradingDay) BETWEEN '2019-01-01' AND '2019-01-31')
```

【上述SQL语句的含义】
- 从`astockmarketquotesdb.qt_dailyquote`表中选取2019年1月份桐昆集团股份有限公司（InnerCode = 13045）的交易日、成交量、收盘价和前一日收盘价。
- 计算每个交易日的成交量与该月平均成交量的比值。
- 筛选出成交量超过该月平均成交量2倍的记录。

>>>>> 查询sql:
SELECT 
    TradingDay,
    TurnoverVolume,
    ClosePrice,
    PrevClosePrice,
    (TurnoverVolume / (SELECT AVG(TurnoverVolume) FROM astockmarketquotesdb.qt_dailyquote WHERE InnerCode = 13045 AND DATE(TradingDay) BETWEEN '2019-01-01' AND '2019-01-31')) AS Ratio
FROM 
    astockmarketquotesdb.qt_dailyquote
WHERE 
    InnerCode = 13045 
    AND DATE(TradingDay) BETWEEN '2019-01-01' AND '2019-01-31'
    AND TurnoverVolume > 2 * (SELECT AVG(TurnoverVolume) FROM astockmarketquotesdb.qt_dailyquote WHERE InnerCode = 13045 AND DATE(TradingDay) BETWEEN '2019-01-01' AND '2019-01-31');
查询结果:
[{"TradingDay": "2019-01-21 12:00:00.000", "TurnoverVolume": 57197060.0, "ClosePrice": 11.35, "PrevClosePrice": 10.71, "Ratio": 2.2560834776582017}]


>>>>> Agent【Sql_query.understand_query_result】 Said:
查询结果表明:
在2019年1月1日至2019年1月31日期间，证券内部编码为13045的证券在2019年1月21日的交易数据如下：交易日(TradingDay)为2019-01-21，成交量(TurnoverVolume)为57197060股，收盘价(ClosePrice)为11.35元，昨收盘价(PrevClosePrice)为10.71元。此外，该日的成交量是同一时间段内该证券平均成交量的2.256倍(Ratio)。


>>>>> Agent【Sql_query.master】 Said:
【已知信息】
- 在2019年1月1日至2019年1月31日期间，证券内部编码为13045的证券在2019年1月21日的交易数据如下：
  - 交易日(TradingDay): 2019-01-21
  - 成交量(TurnoverVolume): 57197060股
  - 收盘价(ClosePrice): 11.35元
  - 昨收盘价(PrevClosePrice): 10.71元
  - 成交量是同一时间段内该证券平均成交量的2.256倍(Ratio)。

【当前阶段要获取的信息】
- 这些放量日的收盘价相比前一日分别上涨或下跌的幅度（四舍五入保留两位小数）。

【信息所在字段】
- `ClosePrice`（收盘价）
- `PrevClosePrice`（前一日收盘价）

【筛选条件所在字段】
- 无需额外筛选条件，已在前一步查询中获取所需数据。

【SQL语句的思路】
- 计算放量日（2019-01-21）的收盘价相比前一日的涨跌幅度。

【执行SQL语句】
```exec_sql
SELECT 
    TradingDay,
    TurnoverVolume,
    ClosePrice,
    PrevClosePrice,
    Ratio,
    ROUND((ClosePrice - PrevClosePrice) / PrevClosePrice * 100, 2) AS PriceChangePercentage
FROM 
    (SELECT 
        TradingDay,
        TurnoverVolume,
        ClosePrice,
        PrevClosePrice,
        (TurnoverVolume / (SELECT AVG(TurnoverVolume) FROM astockmarketquotesdb.qt_dailyquote WHERE InnerCode = 13045 AND DATE(TradingDay) BETWEEN '2019-01-01' AND '2019-01-31')) AS Ratio
    FROM 
        astockmarketquotesdb.qt_dailyquote
    WHERE 
        InnerCode = 13045 
        AND DATE(TradingDay) BETWEEN '2019-01-01' AND '2019-01-31'
        AND TurnoverVolume > 2 * (SELECT AVG(TurnoverVolume) FROM astockmarketquotesdb.qt_dailyquote WHERE InnerCode = 13045 AND DATE(TradingDay) BETWEEN '2019-01-01' AND '2019-01-31')) AS SubQuery
```

【上述SQL语句的含义】
- 从前一步查询结果中选取交易日、成交量、收盘价、前一日收盘价和成交量比值。
- 计算放量日的收盘价相比前一日的涨跌幅度，并四舍五入保留两位小数。

通过这一步查询，我们可以得到2019年1月21日放量日的收盘价相比前一日的具体涨跌幅度，从而完整回答用户的问题。

>>>>> 查询sql:
SELECT 
    TradingDay,
    TurnoverVolume,
    ClosePrice,
    PrevClosePrice,
    Ratio,
    ROUND((ClosePrice - PrevClosePrice) / PrevClosePrice * 100, 2) AS PriceChangePercentage
FROM 
    (SELECT 
        TradingDay,
        TurnoverVolume,
        ClosePrice,
        PrevClosePrice,
        (TurnoverVolume / (SELECT AVG(TurnoverVolume) FROM astockmarketquotesdb.qt_dailyquote WHERE InnerCode = 13045 AND DATE(TradingDay) BETWEEN '2019-01-01' AND '2019-01-31')) AS Ratio
    FROM 
        astockmarketquotesdb.qt_dailyquote
    WHERE 
        InnerCode = 13045 
        AND DATE(TradingDay) BETWEEN '2019-01-01' AND '2019-01-31'
        AND TurnoverVolume > 2 * (SELECT AVG(TurnoverVolume) FROM astockmarketquotesdb.qt_dailyquote WHERE InnerCode = 13045 AND DATE(TradingDay) BETWEEN '2019-01-01' AND '2019-01-31')) AS SubQuery;
查询结果:
[{"TradingDay": "2019-01-21 12:00:00.000", "TurnoverVolume": 57197060.0, "ClosePrice": 11.35, "PrevClosePrice": 10.71, "Ratio": 2.2560834776582017, "PriceChangePercentage": 5.98}]


>>>>> Agent【Sql_query.understand_query_result】 Said:
查询结果表明:
在2019年1月21日，证券内部编码为13045的证券的成交量为57197060股，收盘价为11.35元，昨收盘价为10.71元。该日的成交量是2019年1月1日至2019年1月31日期间该证券平均成交量的2.256倍。此外，该日的收盘价相较于昨收盘价上涨了5.98%。


>>>>> Agent【Sql_query.master】 Said:
【已知信息】
- 在2019年1月21日，证券内部编码为13045的证券的成交量为57197060股，收盘价为11.35元，昨收盘价为10.71元。
- 该日的成交量是2019年1月1日至2019年1月31日期间该证券平均成交量的2.256倍。
- 该日的收盘价相较于昨收盘价上涨了5.98%。

【当前阶段要获取的信息】
- 无需继续执行SQL查询，当前掌握的信息已足够回答用户的问题。

【信息所在字段】
- 无需继续执行SQL查询。

【筛选条件所在字段】
- 无需继续执行SQL查询。

【SQL语句的思路】
- 无需继续执行SQL查询。

【执行SQL语句】
```exec_sql
无
```

【上述SQL语句的含义】
- 无需继续执行SQL查询。

### 总结回答
根据查询结果，桐昆集团股份有限公司（CompanyCode: 149461, InnerCode: 13045）股票在2019年1月份的成交量特征如下：

- **放量日**：2019年1月21日
- **成交量**：57197060股
- **超过平均成交量的比例**：2.256倍
- **收盘价**：11.35元
- **前一日收盘价**：10.71元
- **收盘价涨跌幅度**：上涨5.98%

这些信息已经完整回答了用户的问题，无需继续执行下一阶段的SQL查询。


>>>>> Agent【Sql_query.summary】 Said:
在2019年1月份，桐昆集团股份有限公司（CompanyCode: 149461, InnerCode: 13045）股票的成交量特征如下：

- **放量日**：2019年1月21日
- **成交量**：57197060股
- **超过平均成交量的比例**：2.26倍
- **收盘价涨跌幅度**：上涨5.98%

具体分析如下：
- 2019年1月21日的成交量（57197060股）超过该月平均成交量的2倍，具体超过的比例为2.26倍。
- 该日的收盘价（11.35元）相比前一日收盘价（10.71元）上涨了5.98%。
