
>>>>> Original Question: 德邦股份在过去一共接待了几次调研？


>>>>> 【user】 Said:
提取下面这段文字中的实体（如公司名、股票代码、拼音缩写等），如果识别结果是空，那么就回复No Entities."德邦股份在过去一共接待了几次调研？"

>>>>> Agent【extract_company】 Said:
```json
["德邦股份"]
```

>>>>> 查询sql:
SELECT 'constantdb.secumain' AS TableName, InnerCode, CompanyCode,
    ChiName, EngName, SecuCode, ChiNameAbbr, EngNameAbbr, SecuAbbr, ChiSpelling
FROM constantdb.secumain 
WHERE SecuCode = '德邦股份'
   OR ChiName LIKE '%德邦股份%'
   OR ChiNameAbbr LIKE '%德邦股份%'
   OR EngName LIKE '%德邦股份%'
   OR EngNameAbbr LIKE '%德邦股份%'
   OR SecuAbbr LIKE '%德邦股份%'
   OR ChiSpelling LIKE '%德邦股份%'
UNION ALL
SELECT 'constantdb.hk_secumain' AS TableName, InnerCode, CompanyCode,
ChiName, EngName, SecuCode, ChiNameAbbr, EngNameAbbr, SecuAbbr, ChiSpelling
FROM constantdb.hk_secumain 
WHERE SecuCode = '德邦股份'
   OR ChiName LIKE '%德邦股份%'
   OR ChiNameAbbr LIKE '%德邦股份%'
   OR EngName LIKE '%德邦股份%'
   OR EngNameAbbr LIKE '%德邦股份%'
   OR SecuAbbr LIKE '%德邦股份%'
   OR FormerName LIKE '%德邦股份%'
   OR ChiSpelling LIKE '%德邦股份%'
UNION ALL
SELECT 'constantdb.us_secumain' AS TableName, InnerCode, CompanyCode,
ChiName, EngName, SecuCode, null as ChiNameAbbr, null as EngNameAbbr, SecuAbbr, ChiSpelling
FROM constantdb.us_secumain 
WHERE SecuCode = '德邦股份'
   OR ChiName LIKE '%德邦股份%'
   OR EngName LIKE '%德邦股份%'
   OR SecuAbbr LIKE '%德邦股份%'
   OR ChiSpelling LIKE '%德邦股份%';
查询结果:
[{"TableName": "constantdb.secumain", "InnerCode": 51686, "CompanyCode": 172402, "ChiName": "德邦物流股份有限公司", "EngName": "Deppon Logistics Co., Ltd.", "SecuCode": "603056", "ChiNameAbbr": "德邦股份", "EngNameAbbr": "DEPPON", "SecuAbbr": "德邦股份", "ChiSpelling": "DBGF"}]


>>>>> 【user】 Said:
历史问答:无。
现在用户继续提问，请根据已知信息，理解当前这个问题的完整含义，并重写这个问题使得单独拿出来看仍然能够正确理解：德邦股份在过去一共接待了几次调研？

>>>>> Agent【rewrite_question】 Said:
德邦股份在过去总共接待了多少次调研？

>>>>> 已知事实:
德邦股份的关联信息有:[所在数据表是constantdb.secumain;InnerCode(证券内部编码)是51686;CompanyCode(公司代码)是172402;ChiName(中文名称)是德邦物流股份有限公司;EngName(英文名称)是Deppon Logistics Co., Ltd.;SecuCode(证券代码)是603056;ChiNameAbbr(中文名称缩写)是德邦股份;EngNameAbbr(英文名称缩写)是DEPPON;SecuAbbr(证券简称)是德邦股份;ChiSpelling(拼音证券简称)是DBGF;]

>>>>> 【user】 Said:
请选择db，务必遵循输出的格式要求。

>>>>> Agent【Check_db_structure.db_selector】 Said:
【分析】
用户询问的是德邦股份在过去总共接待了多少次调研。这涉及到上市公司的投资者关系活动及其调研明细。根据知识库中的描述，`astockeventsdb`数据库记录了上市公司公告中披露的各种重大事项，包括投资者关系活动及其调研明细。

【选中的数据库】
- astockeventsdb: 这个数据库包含投资者关系活动及其调研明细，可以用来查询德邦股份接待调研的次数。

【选中的数据库的清单】
```json
["astockeventsdb"]
```


>>>>> 【user】 Said:
数据库表信息如下:
[{"表名": "astockeventsdb.lc_warrant", "说明": "该数据表涵盖了与公司事件披露相关的多维度信息，包括基础信息如公司代码、事件编码等；时间信息如首次信息发布日期、信息发布日期、协议签署日期、借贷及担保的起止日期等；信息来源和披露方式等描述性字段；事件相关信息如事件内容、行为描述、最新进展状态、事件主体及其名称、企业编号、关联关系等；交易对象和担保相关信息，包括交易对象名称、担保金额（首次及最新）、担保资产、提供担保企业及其关联关系、接受担保企业及其关联关系、反担保企业及资产等；借贷信息如借款银行、借款期限、续借期限、借贷起止日期、担保期限及续保期限等；以及其他补充信息如担保是否违规、借贷是否逾期、担保解除日期及方式、附注等，全面记录了公司事件的关键要素和关联信息。"}, {"表名": "astockeventsdb.lc_credit", "说明": "该数据表主要记录公司与上市公司之间的贷款及担保相关信息。字段信息包括公司标识及关联关系，如公司代码、事件主体名称及编号、交易对象名称及编号、借入方及借出方、担保方及其关联关系等。时间信息涵盖首次信息发布日期、信息发布日期、协议签署日期、借贷起始日及截止日、担保起始日及截止日、最近还款日期等。贷款与担保的详细信息涉及到货币单位、首次及最新借贷金额、最近及累计还款金额、借贷条件、年利率及其说明、借贷及担保期限、续借及续保期限、抵押置押资产等。事件相关信息包括信息来源、公告类型、披露方式、事件内容及主体、行为描述及方式、最新进展状态、是否终止等。此外，还包括附注信息用于补充说明。"}, {"表名": "astockeventsdb.lc_suitarbitration", "说明": "该数据表主要用于记录与公司相关的事件、诉讼仲裁及其进展信息。表中包含了基础标识信息如ID和公司代码(CompanyCode)；时间信息如首次信息发布日期(InitialInfoPublDate)和信息发布日期(InfoPublDate)；信息来源和披露方式(InfoSource, DisclosureMethod)；事件相关信息如事件内容(EventContent)、行为描述(ActionDesc)、事件主体名称及编号(SubjectName, SubjectCode)、事件进程(EventProcedure)、行为方式(ActionWays)、事件主体在诉讼中的角色(EventSubjectRole)等；涉及的交易或诉讼对象信息如交易对象名称及编号(ObjectName, ObjectCode)、诉讼仲裁原告和被告(Plaintiff, Defendant)及其关联关系；诉讼仲裁详细信息如案由描述(SubjectMatterStat)、案由(SubjectMatter)、诉讼仲裁金额(FirstSuitSum, LatestSuitSum)、审理机构(InquisitionInstitute)、仲裁状态及各审级状态(CaseStatus, FirstInstanceStatus, SecondInstanceStatus, SPPStatus)；财产执行信息如被执行财产(PropertyEnforced)、归属(PropertyBelonged)、执行状态(AdjudgementStatus)；以及协议签署日期(AgreementDate)、备注(Note)、是否终止(IfEnded)等辅助字段。字段内容涵盖了事件描述、诉讼仲裁进展、主体与关联方信息等多方面内容，便于综合分析和管理。"}, {"表名": "astockeventsdb.lc_entrustinv", "说明": "该数据表主要记录公司相关事件的详细信息，包括公司标识字段如公司代码、事件主体名称及其企业编号、交易对象名称及其企业编号等；事件基本信息字段如首次信息发布日期、信息发布日期、信息来源、公告类型、披露方式、事件内容、行为描述、行为方式及事件进程等；状态与进展字段如最新进展状态描述、是否终止、协议签署日期等；财务相关字段如涉及金额、货币单位、委托期限、委托起始日与截止日、约定收益说明及实际收益等；以及其他补充信息字段如与上市公司的关联关系、备注等，全面涵盖了事件的时间、主体、财务及进展等核心要素。"}, {"表名": "astockeventsdb.lc_regroup", "说明": "该数据表主要用于记录公司事件相关的信息。包括公司基础信息如公司代码、事件主体名称及其编号、事件主体与上市公司的关联关系等；事件相关的时间信息如首次信息发布日期、信息发布日期、协议签署日期等；事件的详细描述如事件内容、行为描述、最新进展状态、事件进程、行为方式等；信息来源和披露方式等公告信息；涉及的财务数据如资产帐面价值、资产评估价值、资产出售金额、资产转让收益、债务重组金额等；事件的类别和编码信息如公告类型、事项类型、事项编码、序号等；此外，还包括事件是否终止、交易对象企业编号及其与上市公司的关联关系等补充信息。"}, {"表名": "astockeventsdb.lc_majorcontract", "说明": "该数据表记录了与公司相关的事件及合同信息，包含公司基本信息如公司代码、事件主体名称及编号、交易对象名称及编号，以及主体与上市公司间的关联关系等；事件相关信息如首次信息发布日期、最新信息发布日期、信息来源、公告类型、事件内容、行为描述、行为方式、最新进展状态描述、事件主体、事件进程等；合同相关信息如协议签署日期、合同标的、合同获得方式、中标日期、涉及金额、合同起始日、合同截止日、合同期限及合同对公司的影响等；此外，还包括货币单位及备注等辅助信息。"}, {"表名": "astockeventsdb.lc_investorra", "说明": "该数据表记录了与证券相关的接待活动信息，包含信息发布日期、标题及链接等基本信息；证券内部编码、编号和序号等标识信息；接待日期、时间及截止日等时间信息；活动类别、地点、参与单位及人员、上市公司接待人员等活动相关信息；主要内容、附件及其格式等内容信息。"}, {"表名": "astockeventsdb.lc_investordetail", "说明": "该数据表主要用于记录投资者关系活动的详细信息，包括活动的唯一标识（投资者关系活动ID）、参与的调研机构及其编码（调研机构、调研机构编码）、参与的调研人员及其编码（调研人员、调研人员编码）、调研人员的职位名称，以及活动的排序序号等基本信息。"}]

请选择table，务必遵循输出的格式要求。

>>>>> Agent【Check_db_structure.table_selector】 Said:
【分析】
要查询德邦股份在过去总共接待了多少次调研，我们需要关注与投资者关系活动相关的数据表。根据表名和说明，`astockeventsdb.lc_investorra` 表记录了与证券相关的接待活动信息，包括接待日期等活动相关信息，而 `astockeventsdb.lc_investordetail` 表则记录了投资者关系活动的详细信息，包括参与的调研机构及其编码等。因此，这两个表是查询德邦股份接待调研次数的关键表。

【选中的数据表】
- astockeventsdb.lc_investorra: 这个数据表包含与证券相关的接待活动信息，包括接待日期、活动类别等。
- astockeventsdb.lc_investordetail: 这个数据表包含投资者关系活动的详细信息，包括参与的调研机构及其编码等。

【选中的数据库表的清单】
```json
["astockeventsdb.lc_investorra", "astockeventsdb.lc_investordetail"]
```


>>>>> 【user】 Said:
已取得可用的数据表的字段信息如下:
[{"表名": "astockeventsdb.lc_investorra", "表字段": [{"column": "InfoPublDate", "desc": "信息发布日期"}, {"column": "InnerCode", "desc": "证券内部编码；证券内部编码（InnerCode）：与“证券主表（SecuMain）”中的“证券内部编码（InnerCode）”关联，得到证券的交易代码、简称等。"}, {"column": "Nbcode", "desc": "编号"}, {"column": "ReceptionDate", "desc": "接待日期"}, {"column": "ReceptionDaTime", "desc": "接待时间"}, {"column": "SerialNb", "desc": "序号"}, {"column": "ActivitiesCate", "desc": "活动类别"}, {"column": "Participant", "desc": "参与单位及人员"}, {"column": "Place", "desc": "地点"}, {"column": "ListingCreper", "desc": "上市公司接待人员"}, {"column": "TmainContent", "desc": "主要内容"}, {"column": "ArticleFile", "desc": "附件"}, {"column": "FileType", "desc": "附件格式；附件格式(FileType)与(CT_SystemConst)表中的DM字段关联，令LB = 1309，得到附件格式的具体描述：1-PDF，2-DOC，3-TXT，4-XLS，5-HTML，6-RTF，7-MHT，8-RAR，9-PPT，10-JPG，11-DOCX，12-XLSX，13-PPTX，14-EML，15-ZIP，16-DOCM，17-XLSM，18-XLSB，19-DOTX，20-XML，21-GIF，22-PAPER，23-FIL，24-XSD，25-HTM，26-BMP，27-SWF，28-PNG，29-JSON，30-TIFF，31-TIF，32-WPS，33-GD，34-ET，35-SHTML，36-WEBP，37-7Z，38-CUR，39-SVG，40-ETT，41-OFD，42-JPEG，43-MP3，44-MP4，45-CEB。"}, {"column": "InfoTitle", "desc": "信息标题"}, {"column": "LinkAddress", "desc": "链接地址"}, {"column": "ReceptionDateE", "desc": "接待日期截止日"}]}, {"表名": "astockeventsdb.lc_investordetail", "表字段": [{"column": "RID", "desc": "投资者关系活动ID"}, {"column": "Participant", "desc": "调研机构"}, {"column": "ParticipantID", "desc": "调研机构编码；调研机构编码（ParticipantID）：与企业码表（EP_CompanyMain）中的企业编号（CompanyCode）关联，可取得调研机构详细信息。"}, {"column": "PersonalName", "desc": "调研人员"}, {"column": "PersonalID", "desc": "调研人员编码；调研人员编码（PersonalID）：该字段暂不维护。"}, {"column": "PostName", "desc": "职位名称"}, {"column": "SerialNumber", "desc": "序号"}]}]

请选择column，务必遵循输出的格式要求。

>>>>> Agent【Check_db_structure.columns_selector】 Said:
【分析】
用户询问德邦股份在过去总共接待了多少次调研。这需要我们找到记录公司接待调研活动的数据表和字段，并统计德邦股份的接待次数。

【当前的表之间相互关联的字段】
- astockeventsdb.lc_investorra 和 astockeventsdb.lc_investordetail 之间: 
  - astockeventsdb.lc_investorra.Nbcode 和 astockeventsdb.lc_investordetail.RID

【信息所在字段】
- astockeventsdb.lc_investorra.InnerCode: 这个字段可能包含德邦股份的证券内部编码，对应用户提问中的“德邦股份”
- astockeventsdb.lc_investorra.ReceptionDate: 这个字段可能包含接待调研的日期，对应用户提问中的“接待调研”

【筛选条件所在字段】
- astockeventsdb.lc_investorra.InnerCode: 这个字段可能包含德邦股份的证券内部编码，对应用户提问中的“德邦股份”

【选中的字段的清单】
```json
{
  "astockeventsdb.lc_investorra": ["InnerCode", "ReceptionDate"],
  "astockeventsdb.lc_investordetail": ["RID"]
}
```


>>>>> 【user】 Said:
德邦股份在过去总共接待了多少次调研？

>>>>> Agent【Sql_query.master】 Said:
【已知信息】
- 德邦股份的关联信息有：所在数据表是constantdb.secumain; InnerCode(证券内部编码)是51686; CompanyCode(公司代码)是172402; ChiName(中文名称)是德邦物流股份有限公司; EngName(英文名称)是Deppon Logistics Co., Ltd.; SecuCode(证券代码)是603056; ChiNameAbbr(中文名称缩写)是德邦股份; EngNameAbbr(英文名称缩写)是DEPPON; SecuAbbr(证券简称)是德邦股份; ChiSpelling(拼音证券简称)是DBGF;

【当前阶段要获取的信息】
- 德邦股份在过去总共接待的调研次数

【信息所在字段】
- 调研次数可以通过astockeventsdb.lc_investorra表中的记录数来获取

【筛选条件所在字段】
- 使用德邦股份的InnerCode(证券内部编码)作为筛选条件

【SQL语句的思路】
- 从astockeventsdb.lc_investorra表中筛选出德邦股份的调研记录，并统计记录数

【执行SQL语句】
```exec_sql
SELECT COUNT(*) AS TotalResearchVisits
FROM astockeventsdb.lc_investorra
WHERE InnerCode = 51686;
```

【上述SQL语句的含义】
- 从astockeventsdb.lc_investorra表中筛选出InnerCode为51686（德邦股份的证券内部编码）的记录，并计算这些记录的总数，以得到德邦股份过去总共接待的调研次数。

>>>>> 查询sql:
SELECT COUNT(*) AS TotalResearchVisits
FROM astockeventsdb.lc_investorra
WHERE InnerCode = 51686;
查询结果:
[{"TotalResearchVisits": 4}]


>>>>> 【user】 Said:
查询SQL:
SELECT COUNT(*) AS TotalResearchVisits
FROM astockeventsdb.lc_investorra
WHERE InnerCode = 51686;
查询结果:
[{"TotalResearchVisits": 4}]

请理解查询结果

>>>>> Agent【Sql_query.understand_query_result】 Said:
查询结果表明: 在表astockeventsdb.lc_investorra中，证券内部编码（InnerCode）为51686的记录共有4条，即针对该证券的研究访问总次数为4次。


>>>>> 【user】 Said:
查询SQL:
SELECT COUNT(*) AS TotalResearchVisits
FROM astockeventsdb.lc_investorra
WHERE InnerCode = 51686;
查询结果:
[{"TotalResearchVisits": 4}]

查询结果表明: 在表astockeventsdb.lc_investorra中，证券内部编码（InnerCode）为51686的记录共有4条，即针对该证券的研究访问总次数为4次。

请检查筛选条件是否存在问题，比如时间日期字段没有用DATE()或YEAR()格式化？当然，如果没问题，那么就根据结果考虑下一步；那么当前掌握的信息是否能够回答"德邦股份在过去总共接待了多少次调研？"？还是要继续执行下一阶段SQL查询？

>>>>> Agent【Sql_query.master】 Said:
【已知信息】
- 德邦股份的关联信息有：所在数据表是constantdb.secumain; InnerCode(证券内部编码)是51686; CompanyCode(公司代码)是172402; ChiName(中文名称)是德邦物流股份有限公司; EngName(英文名称)是Deppon Logistics Co., Ltd.; SecuCode(证券代码)是603056; ChiNameAbbr(中文名称缩写)是德邦股份; EngNameAbbr(英文名称缩写)是DEPPON; SecuAbbr(证券简称)是德邦股份; ChiSpelling(拼音证券简称)是DBGF;
- 查询结果表明，在表astockeventsdb.lc_investorra中，证券内部编码（InnerCode）为51686的记录共有4条，即针对该证券的研究访问总次数为4次。

【当前阶段要获取的信息】
- 无需继续执行SQL，当前掌握的信息已经能够回答"德邦股份在过去总共接待了多少次调研？"

【信息所在字段】
- 无

【筛选条件所在字段】
- 无

【SQL语句的思路】
- 无

【执行SQL语句】
- 无

【上述SQL语句的含义】
- 无

根据查询结果，德邦股份在过去总共接待了4次调研。当前掌握的信息已经能够回答用户的问题，无需继续执行下一阶段SQL查询。


>>>>> 【user】 Said:
充分尊重前面给出的结论，回答问题:"德邦股份在过去总共接待了多少次调研？"

>>>>> Agent【Sql_query.summary】 Said:
德邦股份在过去总共接待了4次调研。
