
>>>>> Original Question: 其中设立规模最大的基金是？(披露名称按证监会官网命名)


>>>>> Agent【extract_company】 Said:
No Entities.


>>>>> Agent【rewrite_question】 Said:
2020年下半年上市的8只基金中，设立规模最大的基金是哪一只？（披露名称按证监会官网命名）

>>>>> 已知事实:


>>>>> Agent【Check_db_structure.db_selector】 Said:
【分析】
用户需要查询的是2020年下半年上市的基金中，设立规模最大的基金。这涉及到基金的上市时间、设立规模以及披露名称。根据知识库，公募基金数据库（publicfunddb）记录了公募基金的基本信息、产品名称、管理人概况及分红数据，涵盖了基金的设立与运作特性、交易所披露名称等内容，能够满足用户的需求。

【选中的数据库】
- publicfunddb: 这个数据库包含基金的设立与运作特性、交易所披露名称等信息，可以用来查询2020年下半年上市的基金及其设立规模。

【选中的数据库的清单】
```json
["publicfunddb"]
```


>>>>> Agent【Check_db_structure.table_selector】 Said:
【分析】
要找出2020年下半年上市的8只基金中设立规模最大的基金，需要以下信息：
1. 基金的上市日期，以确定是否在2020年下半年上市。
2. 基金的设立规模，以比较哪只基金的规模最大。
3. 基金的披露名称，以按证监会官网命名。

根据表的信息：
- `publicfunddb.mf_fundarchives` 包含基金的设立规模和设立日期。
- `publicfunddb.mf_fundprodname` 包含基金的披露名称。

【选中的数据表】
- `publicfunddb.mf_fundarchives`: 这个数据表包含基金的设立规模和设立日期。
- `publicfunddb.mf_fundprodname`: 这个数据表包含基金的披露名称。

【选中的数据库表的清单】
```json
["publicfunddb.mf_fundarchives", "publicfunddb.mf_fundprodname"]
```


>>>>> Agent【Check_db_structure.columns_selector】 Said:
【分析】
用户提问要求找出2020年下半年上市的8只基金中，设立规模最大的基金。我们需要关注基金的上市日期、设立规模以及基金的披露名称。

【信息所在字段】
- publicfunddb.mf_fundarchives.EstablishmentDate: 这个字段可能包含基金设立日期信息，对应用户提问中的“2020年下半年上市”。
- publicfunddb.mf_fundarchives.FoundedSize: 这个字段可能包含基金设立规模信息，对应用户提问中的“设立规模最大”。
- publicfunddb.mf_fundprodname.DisclName: 这个字段可能包含基金的披露名称信息，对应用户提问中的“披露名称按证监会官网命名”。

【筛选条件所在字段】
- publicfunddb.mf_fundarchives.EstablishmentDate: 用于筛选2020年下半年上市的基金。
- publicfunddb.mf_fundprodname.IfEffected: 用于确保披露名称是有效的。

【选中的字段的清单】
```json
{
  "publicfunddb.mf_fundarchives": ["EstablishmentDate", "FoundedSize"],
  "publicfunddb.mf_fundprodname": ["DisclName", "IfEffected"]
}
```


>>>>> Agent【Sql_query.master】 Said:
【已知信息】
- 2020年下半年共有8只基金上市。
- 基金上市日期记录在`publicfunddb.mf_fundarchives`表的`ListedDate`字段。
- 需要找出这8只基金中设立规模最大的基金。

【当前阶段要获取的信息】
- 2020年下半年上市的8只基金中，设立规模最大的基金的披露名称。

【信息所在字段】
- 基金设立规模在`publicfunddb.mf_fundarchives`表的`FoundedSize`字段。
- 基金披露名称在`publicfunddb.mf_fundprodname`表的`DisclName`字段。

【筛选条件所在字段】
- 上市日期在`publicfunddb.mf_fundarchives`表的`ListedDate`字段。

【SQL语句的思路】
1. 从`publicfunddb.mf_fundarchives`表中筛选出2020年下半年上市的基金。
2. 按照设立规模`FoundedSize`进行降序排序。
3. 取设立规模最大的基金。
4. 通过基金代码关联`publicfunddb.mf_fundprodname`表，获取该基金的披露名称。

【执行SQL语句】
```exec_sql
SELECT 
    p.DisclName 
FROM 
    publicfunddb.mf_fundarchives f
JOIN 
    publicfunddb.mf_fundprodname p 
ON 
    f.FundCode = p.FundCode
WHERE 
    DATE(f.ListedDate) BETWEEN '2020-07-01' AND '2020-12-31'
ORDER BY 
    f.FoundedSize DESC
LIMIT 1
```

【上述SQL语句的含义】
- 从`publicfunddb.mf_fundarchives`表和`publicfunddb.mf_fundprodname`表中进行联合查询。
- 筛选出2020年7月1日至2020年12月31日期间上市的基金。
- 按照基金的设立规模进行降序排序。
- 选取设立规模最大的基金，并获取其披露名称。

>>>>> 查询sql:
SELECT 
    p.DisclName 
FROM 
    publicfunddb.mf_fundarchives f
JOIN 
    publicfunddb.mf_fundprodname p 
ON 
    f.FundCode = p.FundCode
WHERE 
    DATE(f.ListedDate) BETWEEN '2020-07-01' AND '2020-12-31'
ORDER BY 
    f.FoundedSize DESC
LIMIT 1;
查询失败: 查询执行失败: (mysql.connector.errors.ProgrammingError) 1054 (42S22): Unknown column 'f.FundCode' in 'on clause'
[SQL: SELECT 
    p.DisclName 
FROM 
    publicfunddb.mf_fundarchives f
JOIN 
    publicfunddb.mf_fundprodname p 
ON 
    f.FundCode = p.FundCode
WHERE 
    DATE(f.ListedDate) BETWEEN '2020-07-01' AND '2020-12-31'
ORDER BY 
    f.FoundedSize DESC
LIMIT 1;]
(Background on this error at: https://sqlalche.me/e/20/f405)


>>>>> Agent【Sql_query.master】 Said:
【已知信息】
- 2020年下半年共有8只基金上市。
- 基金上市日期记录在`publicfunddb.mf_fundarchives`表的`ListedDate`字段。
- 需要找出这8只基金中设立规模最大的基金。
- 上次查询失败，原因是`f.FundCode`字段不存在。

【当前阶段要获取的信息】
- 2020年下半年上市的8只基金中，设立规模最大的基金的披露名称。

【信息所在字段】
- 基金设立规模在`publicfunddb.mf_fundarchives`表的`FoundedSize`字段。
- 基金披露名称在`publicfunddb.mf_fundprodname`表的`DisclName`字段。

【筛选条件所在字段】
- 上市日期在`publicfunddb.mf_fundarchives`表的`ListedDate`字段。

【SQL语句的思路】
1. 确认`publicfunddb.mf_fundarchives`表中用于关联`publicfunddb.mf_fundprodname`表的正确字段。
2. 从`publicfunddb.mf_fundarchives`表中筛选出2020年下半年上市的基金。
3. 按照设立规模`FoundedSize`进行降序排序。
4. 取设立规模最大的基金。
5. 通过正确的关联字段关联`publicfunddb.mf_fundprodname`表，获取该基金的披露名称。

【执行SQL语句】
```exec_sql
SELECT 
    p.DisclName 
FROM 
    publicfunddb.mf_fundarchives f
JOIN 
    publicfunddb.mf_fundprodname p 
ON 
    f.InnerCode = p.InnerCode  -- 假设InnerCode是正确的关联字段
WHERE 
    DATE(f.ListedDate) BETWEEN '2020-07-01' AND '2020-12-31'
ORDER BY 
    f.FoundedSize DESC
LIMIT 1
```

【上述SQL语句的含义】
- 从`publicfunddb.mf_fundarchives`表和`publicfunddb.mf_fundprodname`表中进行联合查询。
- 使用`InnerCode`作为关联字段（假设这是正确的关联字段）。
- 筛选出2020年7月1日至2020年12月31日期间上市的基金。
- 按照基金的设立规模进行降序排序。
- 选取设立规模最大的基金，并获取其披露名称。

请确认`InnerCode`是否为正确的关联字段，如果不确定，请提供正确的关联字段信息。

>>>>> 查询sql:
SELECT 
    p.DisclName 
FROM 
    publicfunddb.mf_fundarchives f
JOIN 
    publicfunddb.mf_fundprodname p 
ON 
    f.InnerCode = p.InnerCode  
WHERE 
    DATE(f.ListedDate) BETWEEN '2020-07-01' AND '2020-12-31'
ORDER BY 
    f.FoundedSize DESC
LIMIT 1;
查询结果:
[{"DisclName": "AI智能"}]


>>>>> Agent【Sql_query.understand_query_result】 Said:
查询结果表明: 在2020年7月1日至2020年12月31日期间上市的所有基金中，基金设立规模最大的基金的披露名称为"AI智能"。


>>>>> Agent【Sql_query.master】 Said:
【已知信息】
- 2020年下半年共有8只基金上市。
- 基金上市日期记录在`publicfunddb.mf_fundarchives`表的`ListedDate`字段。
- 基金设立规模最大的基金的披露名称为"AI智能"。

【当前阶段要获取的信息】
- 无需继续执行SQL查询，已获取到所需信息。

【信息所在字段】
- 无需继续执行SQL查询。

【筛选条件所在字段】
- 无需继续执行SQL查询。

【SQL语句的思路】
- 无需继续执行SQL查询。

【执行SQL语句】
```exec_sql
无
```

【上述SQL语句的含义】
- 无需继续执行SQL查询。

### 结论
当前掌握的信息已经能够回答"2020年下半年上市的8只基金中，设立规模最大的基金是哪一只？（披露名称按证监会官网命名）"的问题。答案是：设立规模最大的基金的披露名称为"AI智能"。无需继续执行下一阶段SQL查询。


>>>>> Agent【Sql_query.summary】 Said:
AI智能
