
>>>>> Original Question: 2021年末，按新版申万行业分类，现在韵达股份属于什么申万一级行业？


>>>>> 【user】 Said:
提取下面这段文字里的实体，如公司名、股票代码等，如果识别结果是空，那么就回复No Entities."2021年末，按新版申万行业分类，现在韵达股份属于什么申万一级行业？"

>>>>> Agent【extract_company】 Said:
```json
["韵达股份"]
```

>>>>> 查询sql:
SELECT 'constantdb.secumain' AS TableName, InnerCode, CompanyCode, ChiName, EngName, SecuCode
FROM constantdb.secumain 
WHERE SecuCode = '韵达股份'
   OR ChiName LIKE '%韵达股份%'
   OR ChiNameAbbr LIKE '%韵达股份%'
   OR EngName LIKE '%韵达股份%'
   OR EngNameAbbr LIKE '%韵达股份%'
   OR SecuAbbr LIKE '%韵达股份%'
UNION ALL
SELECT 'constantdb.hk_secumain' AS TableName, InnerCode, CompanyCode, ChiName, EngName, SecuCode
FROM constantdb.hk_secumain 
WHERE SecuCode = '%韵达股份%'
   OR ChiName LIKE '%韵达股份%'
   OR ChiNameAbbr LIKE '%韵达股份%'
   OR EngName LIKE '%韵达股份%'
   OR EngNameAbbr LIKE '%韵达股份%'
   OR SecuAbbr LIKE '%韵达股份%'
   OR FormerName LIKE '%韵达股份%'
UNION ALL
SELECT 'constantdb.us_secumain' AS TableName, InnerCode, CompanyCode, ChiName, EngName, SecuCode
FROM constantdb.us_secumain 
WHERE SecuCode = '韵达股份'
   OR ChiName LIKE '%韵达股份%'
   OR EngName LIKE '%韵达股份%'
   OR SecuAbbr LIKE '%韵达股份%';
查询结果:
[{"TableName": "constantdb.secumain", "InnerCode": 4990, "CompanyCode": 4090, "ChiName": "韵达控股股份有限公司", "EngName": "Yunda Holding Co.,Ltd.", "SecuCode": "002120"}]


>>>>> 【user】 Said:
历史问答:无。
现在用户继续提问，请根据已知信息，理解当前这个问题的完整含义，并重写这个问题使得单独拿出来看仍然能够正确理解：2021年末，按新版申万行业分类，现在韵达股份属于什么申万一级行业？

>>>>> Agent【rewrite_question】 Said:
在2021年末，根据最新版的申万行业分类标准，韵达股份（股票代码：002120）被归类于哪个申万一级行业？

>>>>> 已知事实:
韵达股份的关联信息有:[所在数据表是constantdb.secumain;InnerCode(证券内部编码)是4990;CompanyCode(公司代码)是4090;ChiName(中文名称)是韵达控股股份有限公司;EngName(英文名称)是Yunda Holding Co.,Ltd.;SecuCode(证券代码)是002120;]

>>>>> 【user】 Said:
请选择db，务必遵循输出的格式要求。

>>>>> Agent【Check_db_structure.db_selector】 Said:
【分析】
用户需要查询韵达股份（股票代码：002120）在2021年末根据最新版申万行业分类标准所属的申万一级行业。这涉及到公司的行业分类信息，通常这类信息会存储在记录公司基本资料或行业分类的数据库中。

【选中的数据库】
- astockbasicinfodb: 这个数据库记录了上市公司在经营、名称变更及行业信息等方面的详细资料，可能包含行业分类信息。
- astockindustrydb: 这个数据库专门记录了A股上市公司在行业划分、行业变更等多个方面的信息，更直接相关。

考虑到astockindustrydb更专注于行业分类信息，应该能更快获取到所需信息。

【选中的数据库的清单】
```json
["astockindustrydb"]
```


>>>>> 【user】 Said:
数据库表信息如下:
[{"表名": "astockindustrydb.lc_exgindustry", "说明": "该数据表包含与公司及行业相关的信息，主要字段包括公司标识信息如公司代码，信息动态如发布日期和来源，行业分类信息如行业划分标准、所属行业及是否执行，并提供多层级行业分类数据，包括一级至四级行业的代码和名称，以及取消日期等补充信息。"}, {"表名": "astockindustrydb.lc_exgindchange", "说明": "该数据表主要用于记录公司相关的行业信息和执行状态，字段包括公司基础信息如公司代码，公司动态信息如信息发布日期和信息来源，行业分类信息如行业划分标准、所属行业，以及多级行业信息包括一级到四级的行业代码和名称。此外，还包含执行状态相关字段如是否执行和取消日期。"}, {"表名": "astockindustrydb.lc_industryvaluation", "说明": "该数据表主要用于记录行业相关的统计信息和财务指标，包含以下字段：基础信息如行业内部编码、行业名称、行业代码、行业分类标准等；时间信息如交易日；统计维度如统计类型和统计板块；行业市值信息如总市值、A股流通市值、A股自由流通市值等；估值指标如滚动市盈率、静态市盈率、市净率、滚动股息率、滚动市现率、静态市现率、滚动市销率、静态市销率等；其他信息如上市证券数量和分类等，全面反映行业的市场表现和财务状况。"}, {"表名": "astockindustrydb.lc_indfinindicators", "说明": "该数据表主要用于描述行业相关的统计和财务信息，字段涵盖多个方面：基础信息如行业内部编码、名称、级别、代码及划分标准等；时间信息包括信息发布日期和截止日期；统计指标如统计类型和板块；财务数据包括行业营业收入、营业成本、营业利润、净利润及归属母公司净利润等，均提供TTM（滚动12个月）和累计值；资产与股本信息如总资产、净资产、总股本等；盈利能力指标包括每股收益、净资产收益率（平均、摊薄、TTM及扣除值）、总资产净利率、销售毛利率、销售净利率等；费用相关指标如财务费用率、销售费用率、期间费用率及营业总成本占比；运营效率指标包括存货周转率及天数、应收账款周转率及天数、总资产周转率等；现金流与偿债能力指标如经营现金流利息保障倍数、流动比率、速动比率、利息保障倍数等；增长性指标如归属母公司净利润同比增长、毛利润同比增长等；其他指标如资产负债率、有形资产净值占比、对外投资占比、预收账款占营业收入比、应收账款占营业收入比等，全面反映行业的财务状况、盈利能力、运营效率及偿债能力。"}, {"表名": "astockindustrydb.lc_coconcept", "说明": "该数据表主要用于记录证券相关概念及状态信息，包括证券内部编码和概念代码等基础标识信息，调入日期与调出日期等时间维度信息，所属状态及备注等描述性信息，以及信息发布日期等数据更新信息。"}, {"表名": "astockindustrydb.lc_conceptlist", "说明": "该数据表包含与概念分类相关的信息，包括一级和二级概念的代码和名称，以及概念板块的编码和名称。此外，还包括概念的时间信息如起始日期、结束日期和信息发布日期，状态信息如所属状态，以及补充信息如备注和概念英文名称。"}]

请选择table，务必遵循输出的格式要求。

>>>>> Agent【Check_db_structure.table_selector】 Said:
【分析】
要确定韵达股份在2021年末根据最新版的申万行业分类标准被归类于哪个申万一级行业，需要找到包含公司行业分类信息的表，并且这个表需要包含时间信息以便确认2021年末的分类情况。

【选中的数据表】
- astockindustrydb.lc_exgindustry: 该数据表包含与公司及行业相关的信息，主要字段包括公司标识信息如公司代码，信息动态如发布日期和来源，行业分类信息如行业划分标准、所属行业及是否执行，并提供多层级行业分类数据，包括一级至四级行业的代码和名称，以及取消日期等补充信息。

【选中的数据库表的清单】
```json
["astockindustrydb.lc_exgindustry"]
```


>>>>> 【user】 Said:
已取得可用的数据表的字段信息如下:
[{"表名": "astockindustrydb.lc_exgindustry", "表字段": [{"column": "CompanyCode", "desc": "公司代码；，得到上市公司的交易代码、简称等。"}, {"column": "InfoPublDate", "desc": "信息发布日期"}, {"column": "InfoSource", "desc": "信息来源"}, {"column": "Standard", "desc": "行业划分标准；，令“LB=1081”，得到行业划分的具体标准：1-CSRC行业分类2001版(不更新)，3-中信行业分类2010版(不更新)，5-上交所行业分类(不更新)，6-聚源行业分类(旧)(不更新)，7-SSE-GICS行业分类(不更新)，8-聚源行业分类(不更新)，9-申万行业分类2011版(不更新)，11-中银(BOCI)行业分类(不更新)，12-中证指数行业分类2007版(不更新)，13-中信标普GICS行业分类(不更新)，18-证监会行业分类(中证)(不更新)，19-银华自定义行业分类(不更新)，20-国证行业分类，21-新聚源行业分类(不更新)，22-证监会行业分类2012版，23-证监会行业分类2012版(中证披露)，24-申万行业分类2014版(不更新)，28-中证指数行业分类2016版(不更新)，30-聚源行业分类2016版，32-国民经济行业分类(2017)，37-中信行业2019分类，38-申万行业分类(新)，40-中证指数行业分类(2021版)，42-AMAC行业分类，44-中国上市公司协会行业分类。"}, {"column": "Industry", "desc": "所属行业；；，“LB=1082”；，“LB=1460”；，“LB=1294”；，“LB=1465”；，“LB=1804”；；，“LB=1477”；，“LB=1478”；，“LB=1753”；，“LB=1755”；，“LB=1755”；，“LB=1984”。"}, {"column": "IfPerformed", "desc": "是否执行；是否执行（IfPerformed），该字段固定以下常量：1-是；2-否"}, {"column": "CancelDate", "desc": "取消日期"}, {"column": "FirstIndustryCode", "desc": "对应一级行业代码"}, {"column": "FirstIndustryName", "desc": "对应一级行业名称"}, {"column": "SecondIndustryCode", "desc": "对应二级行业代码"}, {"column": "SecondIndustryName", "desc": "对应二级行业名称"}, {"column": "ThirdIndustryCode", "desc": "对应三级行业代码"}, {"column": "ThirdIndustryName", "desc": "对应三级行业名称"}, {"column": "FourthIndustryCode", "desc": "四级行业代码"}, {"column": "FourthIndustryName", "desc": "四级行业名称"}]}]

请选择column，务必遵循输出的格式要求。

>>>>> Agent【Check_db_structure.columns_selector】 Said:
【分析】
用户询问的是在2021年末，韵达股份（股票代码：002120）根据最新版的申万行业分类标准被归类于哪个申万一级行业。因此，我们需要找到与韵达股份相关的公司代码或证券代码，以及与申万行业分类标准相关的字段，并且时间条件为2021年末。

【信息所在字段】
- constantdb.secumain.CompanyCode: 这个字段包含公司代码信息，对应用户提问中的韵达股份
- astockindustrydb.lc_exgindustry.CompanyCode: 这个字段包含公司代码信息，用于关联韵达股份的行业分类信息
- astockindustrydb.lc_exgindustry.Standard: 这个字段包含行业划分标准信息，用于筛选申万行业分类标准
- astockindustrydb.lc_exgindustry.FirstIndustryName: 这个字段包含一级行业名称信息，对应用户提问中的申万一级行业
- astockindustrydb.lc_exgindustry.InfoPublDate: 这个字段包含信息发布日期，用于确认2021年末的时间条件

【筛选条件所在字段】
- constantdb.secumain.CompanyCode: 这个字段包含公司代码信息，用于筛选韵达股份
- astockindustrydb.lc_exgindustry.Standard: 这个字段包含行业划分标准信息，用于筛选申万行业分类标准
- astockindustrydb.lc_exgindustry.InfoPublDate: 这个字段包含信息发布日期，用于筛选2021年末的时间条件

【选中的字段的清单】
```json
{
  "constantdb.secumain": ["CompanyCode"],
  "astockindustrydb.lc_exgindustry": ["CompanyCode", "Standard", "FirstIndustryName", "InfoPublDate"]
}
```


>>>>> 【user】 Said:
在2021年末，根据最新版的申万行业分类标准，韵达股份（股票代码：002120）被归类于哪个申万一级行业？

>>>>> Agent【Sql_query.master】 Said:
【已知信息】
- 韵达股份的关联信息：
  - 数据表：constantdb.secumain
  - InnerCode(证券内部编码)：4990
  - CompanyCode(公司代码)：4090
  - ChiName(中文名称)：韵达控股股份有限公司
  - EngName(英文名称)：Yunda Holding Co.,Ltd.
  - SecuCode(证券代码)：002120

【当前阶段要获取的信息】
- 韵达股份在2021年末根据最新版申万行业分类标准被归类的一级行业名称

【信息所在字段】
- 一级行业名称：FirstIndustryName

【筛选条件所在字段】
- 信息发布日期：InfoPublDate
- 公司代码：CompanyCode
- 行业划分标准：Standard

【SQL语句的思路】
1. 从astockindustrydb.lc_exgindustry表中获取韵达股份的行业信息
2. 筛选条件：
   - InfoPublDate在2021年末
   - CompanyCode为韵达股份的公司代码4090
   - Standard为最新版申万行业分类标准（需确认具体标准代码）

【执行SQL语句】
```exec_sql
SELECT FirstIndustryName 
FROM astockindustrydb.lc_exgindustry 
WHERE DATE(InfoPublDate) <= '2021-12-31' 
  AND CompanyCode = 4090 
  AND Standard = 38 -- 假设38为最新版申万行业分类标准
LIMIT 1
```

【上述SQL语句的含义】
- 从astockindustrydb.lc_exgindustry表中选取FirstIndustryName字段
- 筛选条件为信息发布日期在2021年12月31日及之前，公司代码为4090，且行业划分标准为最新版申万行业分类标准（假设为38）
- 限制返回结果为1条，以确保获取最新的分类信息

>>>>> 查询sql:
SELECT FirstIndustryName 
FROM astockindustrydb.lc_exgindustry 
WHERE DATE(InfoPublDate) <= '2021-12-31' 
  AND CompanyCode = 4090 
  AND Standard = 38 
LIMIT 1;
查询结果:
[{"FirstIndustryName": "轻工制造"}]


>>>>> 【user】 Said:
查询SQL:
SELECT FirstIndustryName 
FROM astockindustrydb.lc_exgindustry 
WHERE DATE(InfoPublDate) <= '2021-12-31' 
  AND CompanyCode = 4090 
  AND Standard = 38 
LIMIT 1;
查询结果:
[{"FirstIndustryName": "轻工制造"}]

请理解查询结果

>>>>> Agent【Sql_query.understand_query_result】 Said:
查询结果表明: 根据astockindustrydb.lc_exgindustry表中的数据，对于公司代码为4090的上市公司，在行业划分标准为38（申万行业分类(新)）的情况下，截至2021年12月31日，其对应的一级行业名称为“轻工制造”。由于使用了LIMIT 1，结果仅返回了第一条符合条件的记录。


>>>>> 【user】 Said:
查询SQL:
SELECT FirstIndustryName 
FROM astockindustrydb.lc_exgindustry 
WHERE DATE(InfoPublDate) <= '2021-12-31' 
  AND CompanyCode = 4090 
  AND Standard = 38 
LIMIT 1;
查询结果:
[{"FirstIndustryName": "轻工制造"}]

查询结果表明: 根据astockindustrydb.lc_exgindustry表中的数据，对于公司代码为4090的上市公司，在行业划分标准为38（申万行业分类(新)）的情况下，截至2021年12月31日，其对应的一级行业名称为“轻工制造”。由于使用了LIMIT 1，结果仅返回了第一条符合条件的记录。

当前掌握的信息是否能够回答"在2021年末，根据最新版的申万行业分类标准，韵达股份（股票代码：002120）被归类于哪个申万一级行业？"？还是要继续执行下一阶段SQL查询？

>>>>> Agent【Sql_query.master】 Said:
【已知信息】
- 韵达股份的关联信息：
  - 数据表：constantdb.secumain
  - InnerCode(证券内部编码)：4990
  - CompanyCode(公司代码)：4090
  - ChiName(中文名称)：韵达控股股份有限公司
  - EngName(英文名称)：Yunda Holding Co.,Ltd.
  - SecuCode(证券代码)：002120
- 查询结果：
  - 根据astockindustrydb.lc_exgindustry表中的数据，对于公司代码为4090的上市公司，在行业划分标准为38（申万行业分类(新)）的情况下，截至2021年12月31日，其对应的一级行业名称为“轻工制造”。

【当前阶段要获取的信息】
- 无需继续执行SQL查询，当前掌握的信息已能够回答问题。

【信息所在字段】
- 无

【筛选条件所在字段】
- 无

【SQL语句的思路】
- 无

【执行SQL语句】
```exec_sql
无
```

【上述SQL语句的含义】
- 无

当前掌握的信息已能够回答“在2021年末，根据最新版的申万行业分类标准，韵达股份（股票代码：002120）被归类于哪个申万一级行业？”的问题。韵达股份在2021年末被归类于“轻工制造”这一申万一级行业。无需继续执行下一阶段SQL查询。


>>>>> 【user】 Said:
充分尊重前面给出的结论，回答问题:"在2021年末，根据最新版的申万行业分类标准，韵达股份（股票代码：002120）被归类于哪个申万一级行业？"

>>>>> Agent【Sql_query.summary】 Said:
轻工制造
