
>>>>> Original Question: 双良节能在2020年Q4季度的研发投入占营业收入比例是多少？


>>>>> 【user】 Said:
下面是已知的事实:
'''
双良节能的关联信息有:[所在数据表是constantdb.secumain;InnerCode(证券内部编码)是1626;CompanyCode(公司代码)是1428;ChiName(中文名称)是双良节能系统股份有限公司;EngName(英文名称)是Shuangliang Eco-Energy Systems Co.,Ltd;SecuCode(证券代码)是600481;]
'''
下面是顺序的历史问答:
'''
Question: 双良节能在2020年Q4季度的研发投入总额是多少？（未调整的合并报表）
Answer: 86480258.88元
'''
现在用户继续提问，请根据已知信息，理解当前这个问题的完整含义，并重写这个问题使得单独拿出来看仍然能够正确理解：双良节能在2020年Q4季度的研发投入占营业收入比例是多少？

>>>>> Agent【rewrite_question】 Said:
双良节能系统股份有限公司（证券代码：600481）在2020年第四季度（Q4）的研发投入占其同期营业收入的比例是多少？（基于未调整的合并报表数据）


>>>>> 【user】 Said:
提取下面这段文字里的实体，如公司名、股票代码等，如果识别结果是空，那么就回复No Entities."双良节能系统股份有限公司（证券代码：600481）在2020年第四季度（Q4）的研发投入占其同期营业收入的比例是多少？（基于未调整的合并报表数据）"

>>>>> Agent【extract_company】 Said:
```json
["双良节能系统股份有限公司", "600481"]
```

>>>>> 查询sql:
SELECT 'constantdb.secumain' AS TableName, InnerCode, CompanyCode, ChiName, EngName, SecuCode
FROM constantdb.secumain 
WHERE SecuCode = '双良节能系统股份有限公司'
   OR ChiName LIKE '%双良节能系统股份有限公司%'
   OR ChiNameAbbr LIKE '%双良节能系统股份有限公司%'
   OR EngName LIKE '%双良节能系统股份有限公司%'
   OR EngNameAbbr LIKE '%双良节能系统股份有限公司%'
   OR SecuAbbr LIKE '%双良节能系统股份有限公司%'
UNION ALL
SELECT 'constantdb.hk_secumain' AS TableName, InnerCode, CompanyCode, ChiName, EngName, SecuCode
FROM constantdb.hk_secumain 
WHERE SecuCode = '%双良节能系统股份有限公司%'
   OR ChiName LIKE '%双良节能系统股份有限公司%'
   OR ChiNameAbbr LIKE '%双良节能系统股份有限公司%'
   OR EngName LIKE '%双良节能系统股份有限公司%'
   OR EngNameAbbr LIKE '%双良节能系统股份有限公司%'
   OR SecuAbbr LIKE '%双良节能系统股份有限公司%'
   OR FormerName LIKE '%双良节能系统股份有限公司%'
UNION ALL
SELECT 'constantdb.us_secumain' AS TableName, InnerCode, CompanyCode, ChiName, EngName, SecuCode
FROM constantdb.us_secumain 
WHERE SecuCode = '双良节能系统股份有限公司'
   OR ChiName LIKE '%双良节能系统股份有限公司%'
   OR EngName LIKE '%双良节能系统股份有限公司%'
   OR SecuAbbr LIKE '%双良节能系统股份有限公司%';
查询结果:
[{"TableName": "constantdb.secumain", "InnerCode": 1626, "CompanyCode": 1428, "ChiName": "双良节能系统股份有限公司", "EngName": "Shuangliang Eco-Energy Systems Co.,Ltd", "SecuCode": "600481"}]

>>>>> 查询sql:
SELECT 'constantdb.secumain' AS TableName, InnerCode, CompanyCode, ChiName, EngName, SecuCode
FROM constantdb.secumain 
WHERE SecuCode = '600481'
   OR ChiName LIKE '%600481%'
   OR ChiNameAbbr LIKE '%600481%'
   OR EngName LIKE '%600481%'
   OR EngNameAbbr LIKE '%600481%'
   OR SecuAbbr LIKE '%600481%'
UNION ALL
SELECT 'constantdb.hk_secumain' AS TableName, InnerCode, CompanyCode, ChiName, EngName, SecuCode
FROM constantdb.hk_secumain 
WHERE SecuCode = '%600481%'
   OR ChiName LIKE '%600481%'
   OR ChiNameAbbr LIKE '%600481%'
   OR EngName LIKE '%600481%'
   OR EngNameAbbr LIKE '%600481%'
   OR SecuAbbr LIKE '%600481%'
   OR FormerName LIKE '%600481%'
UNION ALL
SELECT 'constantdb.us_secumain' AS TableName, InnerCode, CompanyCode, ChiName, EngName, SecuCode
FROM constantdb.us_secumain 
WHERE SecuCode = '600481'
   OR ChiName LIKE '%600481%'
   OR EngName LIKE '%600481%'
   OR SecuAbbr LIKE '%600481%';
查询结果:
[{"TableName": "constantdb.secumain", "InnerCode": 1626, "CompanyCode": 1428, "ChiName": "双良节能系统股份有限公司", "EngName": "Shuangliang Eco-Energy Systems Co.,Ltd", "SecuCode": "600481"}]

>>>>> 已知事实:
双良节能的关联信息有:[所在数据表是constantdb.secumain;InnerCode(证券内部编码)是1626;CompanyCode(公司代码)是1428;ChiName(中文名称)是双良节能系统股份有限公司;EngName(英文名称)是Shuangliang Eco-Energy Systems Co.,Ltd;SecuCode(证券代码)是600481;]
---
双良节能系统股份有限公司的关联信息有:[所在数据表是constantdb.secumain;InnerCode(证券内部编码)是1626;CompanyCode(公司代码)是1428;ChiName(中文名称)是双良节能系统股份有限公司;EngName(英文名称)是Shuangliang Eco-Energy Systems Co.,Ltd;SecuCode(证券代码)是600481;]
600481的关联信息有:[所在数据表是constantdb.secumain;InnerCode(证券内部编码)是1626;CompanyCode(公司代码)是1428;ChiName(中文名称)是双良节能系统股份有限公司;EngName(英文名称)是Shuangliang Eco-Energy Systems Co.,Ltd;SecuCode(证券代码)是600481;]

>>>>> 【user】 Said:
请选择db，务必遵循输出的格式要求。

>>>>> Agent【Check_db_structure.db_selector】 Said:
【分析】
用户需要查询双良节能系统股份有限公司（证券代码：600481）在2020年第四季度（Q4）的研发投入占其同期营业收入的比例。这涉及到公司的财务数据，特别是研发投入和营业收入的具体数值。根据知识库，`astockfinancedb`数据库记录了上市公司的财务指标、财务报表等信息，涵盖了研发投入和营业收入的相关数据。

【选中的数据库】
- astockfinancedb: 这个数据库包含上市公司的财务指标、财务报表等详细数据，可以获取到研发投入和营业收入的信息。

【选中的数据库的清单】
```json
["astockfinancedb"]
```


>>>>> 【user】 Said:
数据库表信息如下:
[{"表名": "astockfinancedb.lc_ashareseasonednewissue", "说明": "该数据表主要记录证券发行及相关信息，涵盖以下几大类内容：**基本信息**包括证券内部编码、发行股票类型、发行目的等；**时间信息**如首次信息发布日期、预案发布日期、股东大会决议公告日期、发行日期上下限、承销期上下限、募集资金到帐时间等；**价格信息**包括发行价区间（上限、下限）、实际发行价、承销商指导价格、市盈率（加权平均、全面摊薄等）、价格调整相关字段等；**发行量信息**如发行量上下限、超额配售权、网上网下发行股数、原股东优先配售股数、法人网下配售股数等；**申购及配售信息**包括网上申购代码、申购简称、申购单位、有效申购总量与户数、中签率、配售比例等；**费用信息**如发行费用总额、承销费用、律师费用、资产评估费用、每股发行费用等；**资金信息**如募集资金总额、净额、到帐金额及相关分项（货币、非货币、资产、债权等）；**股东及控股股东信息**如优先配售比例、认购方式、认购数量与比例等；**预测与变动**包括盈利预测、方案变动说明、变动原因、预案价格与基准价格比例等；**公告及审批信息**如证监会批准公告日、方案变动公告日、最新预案公布日期等；**其他信息**如面值、零股处理方法、认购邀请书发送日、是否简易程序等。该表全面涵盖了证券发行的各个环节及相关信息。"}, {"表名": "astockfinancedb.lc_ashareplacement", "说明": "该数据表涉及证券配股的各个方面，涵盖了从初始信息发布到配股完成的整个过程。字段包括基本信息如证券内部编码、首次信息发布日期、配股年度和发行股票类型；时间节点信息如预案发布日期、股东大会决议公告日期、决案公布日、配股说明书刊登日期、配股上市日及相关公告日期；定价和比例信息如定价方式、配股价格确定方式说明、计划和实际配股比例及数量、配股价格上下限和每股配股价格；费用和资金信息如发行费用、承销费用、各类中介机构费用、实际募集资金、募集资金净额及到帐金额；股东和配股对象信息如配股对象、配股对象类别、大股东认配说明及持股5%以上大股东的持股和认配情况；其他重要信息如转配比、转配股、零股处理方法、方案变动说明、承销方式、余股包销数量、公众股东认配情况、计划和实际募集资金总额、配股基准日及配股完成后的每股净资产和收益。该表还记录了各类审批通过日期及事件进程等信息。"}, {"表名": "astockfinancedb.lc_dividend", "说明": "该数据表主要记录证券分红相关信息，涵盖了基本标识信息如证券内部编码和日期；分红方案的详细内容，包括是否分红、每股收益、送股比例、转增股比例、派现金额（含税和税后，人民币和外币）、分红股本基数及送转后总股本等；分红实施的关键时间节点，如预案发布日期、股东大会决议公告日期、股权登记日、除权除息日、红利到账日、分红发放起止日等；分红的对象和金额分布，包括A股和B股的派现金额（人民币和外币），以及公司合计派现金额；方案变更相关信息，如变更前后的分红方案、变更原因及说明；分红执行的其他信息，如利润分配次数、主要分配形式、上下限金额、事件进程及描述等；计算除权价用的调整比例和金额；以及其他辅助信息如方案类型、分红意向公布日、议案编号、最新信息发布日期和备注说明等，全面反映了证券分红的各个方面。"}, {"表名": "astockfinancedb.lc_capitalinvest", "说明": "该数据表包含多方面的信息，涉及公司基础信息如公司代码，以及与募资相关的详细内容，包括募资方式、募资投向项目名称、项目内容、计划和实际投入金额以及截至日期。它还涵盖了项目进展和收益的说明，投向行业和领域等信息。表中记录了改投相关的内容，如是否改投、改投项目及金额。此外，关于收购兼并的细节也被详细描述，包括收购类型、资产的账面价值、评估价值、价格、权益比例，以及项目出让方的相关信息如与出让方的关系、相关股票、企业性质等。收购标的的名称和企业性质也在其中列出。信息的来源和发布时间则通过首次信息发布日期和信息发布日期进行记录。"}, {"表名": "astockfinancedb.lc_balancesheetall", "说明": "该数据表主要涵盖了企业财务及业务信息，分为多个类别：基础信息如信息发布日期、信息来源、公告类别等；时间与调整信息如日期、是否调整、是否合并等；会计与企业属性信息如会计准则、工业企业类型等；资产类信息包括流动资产（如货币资金、应收账款、存货等）、非流动资产（如固定资产、无形资产、长期投资等），以及特殊项目和调整项目；负债类信息包含流动负债（如短期借款、应付账款、预收款项等）、非流动负债（如长期借款、递延所得税负债等），以及负债特殊项目和调整项目；权益类信息包括股东权益（如实收资本、资本公积、盈余公积等）、少数股东权益，以及所有者权益特殊项目和调整项目；金融及投资信息如交易性金融资产、债权投资、权益工具投资等；其他信息包括合同资产与负债、保险合同准备金、租赁资产与负债等；综合类信息如总资产、总负债及股东权益合计等。此外，还包含一些字段的特殊说明、分类汇总及调整字段。"}, {"表名": "astockfinancedb.lc_incomestatementall", "说明": "该数据表涵盖了全面的企业财务和经营信息，主要分为以下几类：基本信息如信息发布日期、信息来源、公司代码等；会计和企业分类信息如会计准则、工业企业类型等；收入和成本信息，包括营业收入、营业总成本、营业利润、非经营性净收益等具体细分项，如利息收入、手续费收入、保费收入、营业税金、管理费用等；利润相关信息，如净利润、归属于母公司和少数股东的净利润、综合收益总额等；资产和负债信息，如资产减值损失、信用减值损失、保险责任准备金等；股东权益类信息，如每股收益、其他综合收益等；特殊项目调整信息，用于反映各类收入、成本、利润和综合收益的特殊或调整项；其他专项收入与支出，如基金管理业务收入、担保业务收入、勘探费用等；此外，还包含一些未分类字段和特殊说明字段，全面支持企业财务分析和信息披露需求。"}, {"表名": "astockfinancedb.lc_cashflowstatementall", "说明": "该数据表主要记录企业财务及运营相关信息，涵盖多个维度的字段。基础信息包括信息发布日期、信息来源、公告类别等；企业属性如公司代码、会计准则、工业企业类型等。财务数据方面，详细记录了现金流相关信息，包括经营活动、投资活动、筹资活动的现金流入、流出及净额，以及特殊项目和调整项目；还包括现金及现金等价物的期初、期末余额及变动情况。收入与支出部分，涉及销售商品、提供劳务、税费返还、利息收入与支出、投资收益、资产处置收益等；成本费用方面，记录了税费支付、职工薪酬、资产折旧与摊销、财务费用等。投资与融资活动中，涵盖了投资支付、借款、债券发行、股利分配等数据。其他补充信息包括净利润及其归属、资产减值准备、递延所得税、存货变化、应收应付款变化、信用减值损失等。此外，还有与金融资产、金融负债、代理业务、回购业务等相关的明细字段，以及一些特殊项目和调整项目，用于对现金流和财务数据进行补充说明，反映企业的全面财务状况。"}, {"表名": "astockfinancedb.lc_intassetsdetail", "说明": "该数据表包含多个字段，涵盖基础信息、研发投入、人员构成及核心技术相关数据。基础信息包括内部编码、公司代码、信息发布日期、信息来源编码及截止日期；状态标识类字段包括是否合并及是否调整；研发投入相关字段包括费用化研发投入、资本化研发投入、研发投入合计及其占营业收入比例，同时还包括资本化研发投入占比；人员构成方面有研发人员数量及占比、核心技术人员数量及占比；核心技术相关数据则包括核心技术营业收入及其占比。这些字段全面记录了企业在研发投入及核心技术方面的资源配置和产出情况。"}, {"表名": "astockfinancedb.lc_mainoperincome", "说明": "该数据表主要用于记录和分析公司在特定日期的经营项目财务信息。字段包括公司标识信息如公司代码；时间信息如日期、日期类型、信息发布日期；数据来源信息如信息来源、信息来源编码；合并与调整状态如合并标志、是否调整；分类与显示信息如分类方式、显示序号、所属层级、上级科目名称；经营项目相关信息如经营项目名称、所属行业、地区与业务性质；财务数据包括主营业务收入、主营业务成本、主营业务利润及其同比变化、毛利率及其同比变化和上年同期数据；其他信息如货币单位。通过这些字段，用户可以分析公司的主营业务表现及其变化趋势。"}, {"表名": "astockfinancedb.lc_operatingstatus", "说明": "该数据表记录了与企业经营相关的关键信息，包含公司代码、日期等基础信息，用于标识企业和时间节点；信息来源与信息发布日期字段记录了数据的出处及发布时间，以确保信息的可靠性和时效性；经营述评字段则提供了对企业经营情况的详细描述，为分析和决策提供支持。"}, {"表名": "astockfinancedb.lc_auditopinion", "说明": "该数据表主要记录与公司审计相关的信息，包含公司标识如公司代码、所属机构等，时间信息如日期、信息发布日期，审计相关内容如会计师事务所、注册会计师、审计意见类型及其全文、审计报告类型，以及信息来源等字段。"}]

请选择table，务必遵循输出的格式要求。

>>>>> Agent【Check_db_structure.table_selector】 Said:
【分析】
要计算双良节能系统股份有限公司（证券代码：600481）在2020年第四季度（Q4）的研发投入占其同期营业收入的比例，我们需要以下信息：
1. 研发投入金额
2. 同期营业收入金额
3. 时间范围为2020年第四季度

根据提供的表信息，`astockfinancedb.lc_intassetsdetail` 表包含了研发投入相关数据，`astockfinancedb.lc_incomestatementall` 表包含了营业收入数据。我们需要确保这些数据是未调整的合并报表数据，并且时间范围为2020年第四季度。

【选中的数据表】
- astockfinancedb.lc_intassetsdetail: 这个数据表包含研发投入相关字段，如费用化研发投入、资本化研发投入、研发投入合计及其占营业收入比例。
- astockfinancedb.lc_incomestatementall: 这个数据表包含营业收入等相关财务数据。

【选中的数据库表的清单】
```json
["astockfinancedb.lc_intassetsdetail", "astockfinancedb.lc_incomestatementall"]
```


>>>>> 【user】 Said:
已取得可用的数据表的字段信息如下:
[{"表名": "astockfinancedb.lc_intassetsdetail", "表字段": [{"column": "InnerCode", "desc": "内部编码；内部编码（InnerCode）：与“证券主表（SecuMain）”中的“证券内部编码（InnerCode）”关联，得到证券的交易代码、简称等。"}, {"column": "CompanyCode", "desc": "公司代码；公司代码（CompanyCode）：与“证券主表（SecuMain）”中的“公司代码（CompanyCode）”关联，得到上市公司的交易代码、简称等。"}, {"column": "InfoPublDate", "desc": "信息发布日期"}, {"column": "InfoSourceCode", "desc": "信息来源编码；信息来源编码(InfoSourceCode)与(CT_SystemConst)表中的DM字段关联，令LB = 2181 AND DM IN (110101,110102,110103,110104,110105,120102,120103,120104,120105)，得到信息来源编码的具体描述：110101-定期报告:年度报告，110102-定期报告:半年度报告，110103-定期报告:第一季报，110104-定期报告:第三季报，110105-定期报告:审计报告，120102-临时公告:年度报告(更正后)，120103-临时公告:半年度报告(更正后)，120104-临时公告:第一季报(更正后)，120105-临时公告:第三季报(更正后)。"}, {"column": "EndDate", "desc": "截止日期"}, {"column": "IfMerged", "desc": "是否合并；是否合并（IfMerged）固定常量：1-合并，2-母公司"}, {"column": "IfAdjusted", "desc": "是否调整；是否调整(IfAdjusted)固定常量：2-否，1-是"}, {"column": "ExpensedRDInput", "desc": "费用化研发投入(元)"}, {"column": "CapitalizedRDInput", "desc": "资本化研发投入(元)"}, {"column": "TotalRDInput", "desc": "研发投入合计(元)"}, {"column": "RDInputRatio", "desc": "研发投入占营业收入比例(%)"}, {"column": "CapitalizedRDInputR", "desc": "资本化研发投入占比(%)"}, {"column": "RDStaffNum", "desc": "研发人员数量"}, {"column": "RDStaffNumRatio", "desc": "研发人员数量占比(%)"}, {"column": "CoreTechnicalStaffNum", "desc": "核心技术人员数量"}, {"column": "CoreTechnicalStaffR", "desc": "核心技术人员数量占比(%)"}, {"column": "CoreTechnologyOutput", "desc": "核心技术营业收入(元)"}, {"column": "CoreTechnologyOutputR", "desc": "核心技术营业收入占比(%)"}]}, {"表名": "astockfinancedb.lc_incomestatementall", "表字段": [{"column": "InfoPublDate", "desc": "信息发布日期"}, {"column": "InfoSource", "desc": "信息来源"}, {"column": "BulletinType", "desc": "公告类别；公告类别(BulletinType)与(CT_SystemConst)表中的DM字段关联，令LB = 1311 and DM IN (10,20,30,70)，得到公告类别的具体描述：10-发行上市书，20-定期报告，30-业绩快报，70-临时公告。"}, {"column": "CompanyCode", "desc": "公司代码；公司代码（CompanyCode）：与“证券主表（SecuMain）”中的“公司代码（CompanyCode）”关联，得到上市公司的交易代码、简称等。"}, {"column": "EndDate", "desc": "日期"}, {"column": "IfAdjusted", "desc": "是否调整；是否调整(IfAdjusted)与(CT_SystemConst)表中的DM字段关联，令LB = 1188 AND DM IN (1,2,4,5)，得到是否调整的具体描述：1-是，2-否，4-否(7-9月)，5-是(7-9月)。"}, {"column": "IfMerged", "desc": "是否合并；是否合并（IfMerged），该字段固定以下常量：1-合并报表；2-母公司报表"}, {"column": "AccountingStandards", "desc": "会计准则"}, {"column": "EnterpriseType", "desc": "工业企业类型"}, {"column": "TotalOperatingRevenue", "desc": "一、营业总收入"}, {"column": "OperatingRevenue", "desc": "一、营业收入；营业总收入（TotalOperatingRevenue）：对非金融类公司（报表格式类型=99），营业总收入=营业收入＋金融类特殊收入项目＋其他业务收入，注：“金融类特殊收入项目”包括：利息收入、手续费及佣金收入、已赚保费、营业收入特殊项目、调整项目"}, {"column": "NetInterestIncome", "desc": "利息净收入；利息净收入（NetInterestIncome）：一般为金融类企业披露科目；本字段优先展示收入模块披露的“利息净收入”，当原文未披露时，且IfComplete=1时，则通过收入模块披露的“其中:利息收入”、“其中:利息支出”计算得出，计算公式=其中:利息收入-其中:利息支出；"}, {"column": "InterestIncome", "desc": "其中:利息收入(元)；其中:利息收入（InterestIncome）：一般为金融类企业披露科目"}, {"column": "InterestExpense", "desc": "其中:利息支出(元)；其中:利息支出（InterestExpense）：一般为金融类企业披露科目；本字段展示收入模块、成本模块披露的“其中：利息支出”合计值；"}, {"column": "NetCommissionIncome", "desc": "手续费及佣金净收入；手续费及佣金净收入（NetCommissionIncome）：一般为金融类企业披露科目;本字段优先展示收入模块披露的“手续费及佣金净收入”，当原文未披露时，且IfComplete=1时，则通过收入模块披露的“其中:手续费及佣金收入”、“其中:手续费及佣金支出”计算得出，计算公式=其中:手续费及佣金收入-其中:手续费及佣金支出；"}, {"column": "CommissionIncome", "desc": "手续费收入(元)；其中:手续费及佣金收入（CommissionIncome）：一般为金融类企业披露科目"}, {"column": "CommissionExpense", "desc": "手续费支出(元)；其中:手续费及佣金支出（CommissionExpense）：一般为金融类企业披露科目；本字段展示收入模块、成本模块“其中:手续费及佣金支出”合计值；"}, {"column": "NetProxySecuIncome", "desc": "其中:代理买卖证券业务净收入；其中:代理买卖证券业务净收入（NetProxySecuIncome）：一般为金融类:证券公司披露科目"}, {"column": "NetSubIssueSecuIncome", "desc": "其中:证券承销业务净收入"}, {"column": "NetTrustIncome", "desc": "其中:受托客户资产管理业务净收入(元)；其中:受托客户资产管理业务净收入（NetTrustIncome）：一般为金融类:证券公司披露科目"}, {"column": "PremiumsEarned", "desc": "已赚保费(元)；已赚保费（PremiumsEarned）：一般为金融类:保险公司披露科目"}, {"column": "PremiumsIncome", "desc": "保险业务收入(元)；其中:保险业务收入（PremiumsIncome）：一般为金融类:保险公司披露科目"}, {"column": "ReinsuranceIncome", "desc": "其中:分保费收入；其中:保险业务收入:分保费收入（ReinsuranceIncome）：一般为金融类:保险公司披露科目"}, {"column": "Reinsurance", "desc": "减:分出保费(元)；其中:减:分出保费（Reinsurance）：一般为金融类:保险公司披露科目"}, {"column": "UnearnedPremiumReserve", "desc": "未到期责任准备金；其中:减:提取未到期责任准备金（UnearnedPremiumReserve）：一般为金融类:保险公司披露科目"}, {"column": "OtherOperatingRevenue", "desc": "其他营业收入"}, {"column": "SpecialItemsOR", "desc": "##营业收入特殊项目(元)"}, {"column": "AdjustmentItemsOR", "desc": "##营业收入调整项目"}, {"column": "TotalOperatingCost", "desc": "二、营业总成本；营业总成本（TotalOperatingCost）：对非金融类公司（企业性质=99），营业总成本=营业成本＋营业税金及附加＋销售费用＋管理费用合计＋研发费用＋财务费用＋勘探费用＋信用减值损失(成本)＋资产减值损失(成本)＋其他成本＋金融类特殊成本项目（注：“金融类特殊成本项目”：保险手续费及佣金支出、退保金、提取保费准备金、提取期货风险准备金、提取担保业务准备金、提取担保赔偿准备金、赔付支出净额、提取保险责任准备金净额、保单红利支出、分保费用等)＋##营业支出OR营业总成本特殊项目＋##营业支出OR营业总成本调整项目；对金融类公司（企业性质不等于99），营业总成本=营业支出"}, {"column": "OperatingPayout", "desc": "营业支出(元)"}, {"column": "RefundedPremiums", "desc": "退保金；退保金（RefundedPremiums）：一般为金融类:保险公司披露科目"}, {"column": "CompensationExpense", "desc": "赔付支出；其中:赔付支出（CompensationExpense）：一般为金融类:保险公司披露科目"}, {"column": "AmortizationExpense", "desc": "减:摊回赔付支出；其中:减:摊回赔付支出（AmortizationExpense）：一般为金融类:保险公司披露科目"}, {"column": "PremiumReserve", "desc": "提取保险责任准备金(元)；其中:提取保险责任准备金（PremiumReserve）：一般为金融类:保险公司披露科目"}, {"column": "AmortizationPremiumReserve", "desc": "减:摊回保险责任准备金；其中:减:摊回保险责任准备金（AmortizationPremiumReserve）：一般为金融类:保险公司披露科目"}, {"column": "PolicyDividendPayout", "desc": "保单红利支出；保单红利支出（PolicyDividendPayout）：一般为金融类:保险公司披露科目"}, {"column": "ReinsuranceCost", "desc": "分保费用(元)；分保费用（ReinsuranceCost）：一般为金融类:保险公司披露科目"}, {"column": "OperatingAndAdminExpense", "desc": "业务及管理费；其中:业务及管理费（OperatingAndAdminExpense）：一般为金融类企业披露科目"}, {"column": "AmortizationReinsuranceCost", "desc": "减:摊回分保费用；其中:减:摊回分保费用（AmortizationReinsuranceCost）：一般为金融类:保险公司披露科目"}, {"column": "InsuranceCommissionExpense", "desc": "保险手续费及佣金支出；保险手续费及佣金支出（InsuranceCommissionExpense）：一般为金融类:保险公司披露科目"}, {"column": "OtherOperatingCost", "desc": "其他业务成本"}, {"column": "OperatingCost", "desc": "减:营业成本(元)"}, {"column": "OperatingTaxSurcharges", "desc": "营业税金及附加"}, {"column": "OperatingExpense", "desc": "营业费用(元)"}, {"column": "AdministrationExpense", "desc": "管理费用(元)"}, {"column": "FinancialExpense", "desc": "财务费用(元)"}, {"column": "AssetImpairmentLoss", "desc": "资产减值损失；资产减值损失（AssetImpairmentLoss）：根据财政部发布的《关于修订印发2019年度一般企业财务报表格式的通知》格式，“资产减值损失”不隶属于营业总成本部分。因企业披露不一致性，经研究，从2020.07.08披露的2020年半年报开始，字段数值按照原文披露展示，历史报告期维持原有规则。"}, {"column": "SpecialItemsTOC", "desc": "##营业支出特殊项目(元)"}, {"column": "AdjustmentItemsTOC", "desc": "##营业总成本调整项目"}, {"column": "OtherNetRevenue", "desc": "三、非经营性净收益；非经营性净收益（OtherNetRevenue）：聚源计算合计项，仅针对非金融类公司。计算公式=其他收益＋投资净收益＋汇兑收益＋净敞口套期收益+公允价值变动净收益+信用减值损失(利润)+资产减值损失(利润)+资产处置收益+##营业利润特殊项目+##营业利润调整项目 注：对金融类公司，“特别收益/收入”下列示的项目：公允价值变动净收益、净敞口套期收益、其他收益、投资净收益、汇兑收益、资产处置收益属于“营业收入”的子项目"}, {"column": "FairValueChangeIncome", "desc": "公允价值变动净收益"}, {"column": "InvestIncome", "desc": "加:投资净收益(元)"}, {"column": "InvestIncomeAssociates", "desc": "其中:对联营合营企业的投资收益"}, {"column": "ExchangeIncome", "desc": "汇兑收益(元)"}, {"column": "OtherItemsEffectingOP", "desc": "##加:影响营业利润的其他科目"}, {"column": "AdjustedItemsEffectingOP", "desc": "##加:影响营业利润的调整项目"}, {"column": "OperatingProfit", "desc": "二、营业利润(元)"}, {"column": "NonoperatingIncome", "desc": "营业外收入(元)"}, {"column": "NonoperatingExpense", "desc": "减：营业外支出(元)"}, {"column": "NonCurrentAssetssDealLoss", "desc": "其中:非流动资产处置净损失"}, {"column": "OtherItemsEffectingTP", "desc": "##加:影响利润总额的其他科目"}, {"column": "AdjustedItemsEffectingTP", "desc": "##加:影响利润总额的调整项目"}, {"column": "TotalProfit", "desc": "利润总额(元)"}, {"column": "IncomeTaxCost", "desc": "减:所得税(元)"}, {"column": "UncertainedInvestmentLosses", "desc": "加:未确认的投资损失"}, {"column": "OtherItemsEffectingNP", "desc": "##加:影响净利润的其他科目"}, {"column": "AdjustedItemsEffectingNP", "desc": "##加:影响净利润的调整项目"}, {"column": "NetProfit", "desc": "四、净利润(元)"}, {"column": "NPParentCompanyOwners", "desc": "归属于母公司所有者的净利润"}, {"column": "MinorityProfit", "desc": "少数股东损益(元)"}, {"column": "OtherItemsEffectingNPP", "desc": "##加:影响母公司净利润的特殊项目"}, {"column": "AdjustedItemsEffectingNPP", "desc": "##加:影响母公司净利润的调整项目"}, {"column": "OtherCompositeIncome", "desc": "其他综合收益"}, {"column": "AdjustedItemsEffectingCI", "desc": "##加:影响综合收益总额的调整项目"}, {"column": "TotalCompositeIncome", "desc": "七、综合收益总额"}, {"column": "CIParentCompanyOwners", "desc": "归属于母公司所有者的综合收益总额"}, {"column": "CIMinorityOwners", "desc": "归属于少数股东的综合收益总额"}, {"column": "AdjustedItemsEffectingPCI", "desc": "##加:影响母公司综合收益总额的调整项目"}, {"column": "BasicEPS", "desc": "基本每股收益(元/股)"}, {"column": "DilutedEPS", "desc": "稀释每股收益(元/股)"}, {"column": "SpecialFieldRemark", "desc": "特殊字段说明"}, {"column": "IfComplete", "desc": "完整标志；完整标志(IfComplete)与(CT_SystemConst)表中的DM字段关联，令LB = 1444，得到完整标志的具体描述：1-完整报表，2-简表，3-个别字段修正报表。"}, {"column": "OCIParentCompanyOwners", "desc": "归属于母公司所有者的其他综合收益总额"}, {"column": "OCINotInIncomeStatement", "desc": "#以后不能重分类进损益表的其他综合收益"}, {"column": "OCIReMearsure", "desc": "1.1重新计量设定收益计划净负债或净资产的变动(元)"}, {"column": "OCIEquityNotInIS", "desc": "##权益法下在被投资单位不能重分类进损益表的其他综合收益中享有的份额"}, {"column": "OCIInIncomeStatement", "desc": "#以后能重分类进损益表的其他综合收益"}, {"column": "OCIEquityInIS", "desc": "2.1权益法下在被投资单位以后将重分类进损益表的其他综合收益中享有的份额(元)"}, {"column": "OCIFairValue", "desc": "2.2可供出售金融资产公允价值变动损益(元)"}, {"column": "OCIToMaturityFA", "desc": "2.3持有至到期投资重分类为可供出售金融资产损益(元)"}, {"column": "OCICFLoss", "desc": "2.4现金流量套期损益的有效部分(元)"}, {"column": "OCIForeignCurrencyFSA", "desc": "WBCWNCFL"}, {"column": "OCIOthers", "desc": "2.6其他(以后能重分类进损益表的其他综合收益)(元)"}, {"column": "OCIMinorityOwners", "desc": "归属于少数股东的其他综合收益总额"}, {"column": "OtherRevenue", "desc": "其他收益"}, {"column": "AssetDealIncome", "desc": "资产处置收益"}, {"column": "OperSustCateg", "desc": "(一)按经营持续性分类"}, {"column": "OperSustNetP", "desc": "持续经营净利润"}, {"column": "DisconOperNetP", "desc": "终止经营净利润"}, {"column": "OwnershipCateg", "desc": "(二)按所有权归属分类"}, {"column": "PreInsurRSRV", "desc": "提取保费准备金；提取保费准备金（PreInsurRSRV）：一般为金融类:保险公司披露科目"}, {"column": "NetClaimIncurred", "desc": "赔付支出净额；赔付支出净额（NetClaimIncurred）：一般为金融类:保险公司披露科目"}, {"column": "NetPremiumReserve", "desc": "提取保险责任准备金净额；提取保险责任准备金净额（NetPremiumReserve）：一般为金融类:保险公司披露科目"}, {"column": "AmortisedcostIncome", "desc": "以摊余成本计量的金融资产终止确认收益"}, {"column": "InfoSourceCode", "desc": "信息来源编码"}, {"column": "SalesRevenue", "desc": "其中:主营业务收入"}, {"column": "OtherOperatingIncome", "desc": "其中:其他业务收入"}, {"column": "GuaranteeIncome", "desc": "其中:担保业务收入；担保业务收入（GuaranteeIncome）：一般为金融类:担保公司披露科目"}, {"column": "BrokerageIncome", "desc": "其中:手续费及佣金收入:经纪业务手续费收入；其中:手续费及佣金收入:经纪业务手续费收入（BrokerageIncome）：一般为金融类:证券公司披露科目"}, {"column": "InvestBankIncome", "desc": "其中:手续费及佣金收入:投资银行业务手续费收入；手续费及佣金收入：投资银行业务手续费收入 — 一般为金融类：证券公司披露科目。"}, {"column": "AssetManageIncome", "desc": "其中:手续费及佣金收入:资产管理业务手续费收入；手续费及佣金收入：资产管理业务手续费收入 — 一般为金融类：证券公司披露科目。"}, {"column": "FundManageIncome", "desc": "其中:手续费及佣金收入:基金管理业务手续费收入；手续费及佣金收入：基金管理业务手续费收入 — 一般为金融类：证券公司披露科目。"}, {"column": "InvestConsultIncome", "desc": "其中:手续费及佣金收入:投资咨询业务收入；手续费及佣金收入：投资咨询业务收入 — 一般为金融类：证券公司披露科目。"}, {"column": "RiskManageIncome", "desc": "其中:手续费及佣金收入:风险管理业务收入；手续费及佣金收入：风险管理业务收入 — 一般为金融类：证券公司披露科目。"}, {"column": "InvestManageIncome", "desc": "其中:手续费及佣金收入:投资管理业务收入；手续费及佣金收入：投资管理业务收入 — 一般为金融类：证券公司披露科目。"}, {"column": "OtherAgencyIncome", "desc": "其中:手续费及佣金收入:其他代理业务收入；手续费及佣金收入：其他代理业务收入 — 一般为金融类：证券公司披露科目。"}, {"column": "BrokerageExpense", "desc": "其中:手续费及佣金支出:经纪业务手续费支出；其中:手续费及佣金支出:经纪业务手续费支出（BrokerageExpense）：一般为金融类:证券公司披露科目；本字段展示收入模块、成本模块“其中:手续费及佣金支出:经纪业务手续费支出”合计值；"}, {"column": "InvestBankExpense", "desc": "其中:手续费及佣金支出:投资银行业务手续费支出；其中:手续费及佣金支出:投资银行业务手续费支出（InvestBankExpense）：一般为金融类企业披露科目；本字段展示收入模块、成本模块披露的“其中:手续费及佣金支出:投资银行业务手续费”合计值"}, {"column": "AssetManageExpense", "desc": "其中:手续费及佣金支出:资产管理业务手续费支出；其中:手续费及佣金支出:资产管理业务手续费支出（AssetManageExpense）：一般为金融类:证券公司披露科目；本字段展示收入模块、成本模块“其中:手续费及佣金支出:资产管理业务手续费”合计值；"}, {"column": "FundManageExpense", "desc": "其中:手续费及佣金收入:基金管理业务手续费支出；手续费及佣金收入：基金管理业务手续费支出 — 一般为金融类：证券公司披露科目。展示收入模块、成本模块“其中:手续费及佣金支出:基金管理业务手续费”合计值。"}, {"column": "InvestConsultExpense", "desc": "其中:手续费及佣金支出:投资咨询业务支出；手续费及佣金支出：投资咨询业务支出 — 一般为金融类：证券公司披露科目。展示收入模块、成本模块“其中:手续费及佣金支出:投资咨询业务支出”合计值。"}, {"column": "RiskManageExpense", "desc": "其中:手续费及佣金支出:风险管理业务支出；手续费及佣金支出：风险管理业务支出 — 一般为金融类：证券公司披露科目。展示收入模块、成本模块“其中:手续费及佣金支出:风险管理业务支出”合计值。"}, {"column": "InvestManageExpense", "desc": "其中:手续费及佣金支出:投资管理业务支出；手续费及佣金支出：投资管理业务支出 — 一般为金融类：证券公司披露科目。展示收入模块、成本模块“其中:手续费及佣金支出:投资管理业务支出”合计值。"}, {"column": "OtherAgencyExpense", "desc": "其中:手续费及佣金支出:其他代理业务支出；手续费及佣金支出：其他代理业务支出 — 一般为金融类：证券公司披露科目。展示收入模块、成本模块“其中:手续费及佣金支出:其他代理业务支出”合计值。"}, {"column": "NetFundMgtIncome", "desc": "其中:基金管理业务手续费净收入"}, {"column": "ExtractFutureRisk", "desc": "提取期货风险准备金；提取期货风险准备金（ExtractFutureRisk）：一般为金融类:期货公司披露科目"}, {"column": "WithdrawGuaranteeReser", "desc": "提取担保业务准备金；提取担保业务准备金（WithdrawGuaranteeReser）：一般为金融类:担保公司披露科目"}, {"column": "GuarantCompRSRV", "desc": "提取担保赔偿准备金；提取担保赔偿准备金（GuarantCompRSRV）：一般为金融类:担保公司披露科目"}, {"column": "SalesCost", "desc": "其中:主营业务成本"}, {"column": "OtherOperationalCost", "desc": "其中:其他业务成本"}, {"column": "TotalAdminExpense", "desc": "管理费用合计"}, {"column": "ExplorationCost", "desc": "勘探费用"}, {"column": "CreditImpairmentP", "desc": "信用减值损失(利润)"}, {"column": "AssetImpairmentLossP", "desc": "资产减值损失(利润)"}, {"column": "NPCParentCompanyOwners", "desc": "其中:归属于母公司普通股股东的净利润"}, {"column": "NPOtherEqinstruments", "desc": "其中:归属于母公司其他权益工具持有者的净利润"}, {"column": "OtherItemsEffectingCI", "desc": "##综合收益总额特殊项目"}, {"column": "CICParentCompanyOwners", "desc": "其中:归属于母公司普通股股东的综合收益"}, {"column": "CIOtherEqinstruments", "desc": "其中:归属于母公司其他权益工具持有者的综合收益"}, {"column": "OthDebtInvesChange", "desc": "其他权益工具投资合计"}, {"column": "InterestIncomeFin", "desc": "其中:利息收入(财务费用)；其中:利息收入(财务费用)(InterestIncomeFin)： 1、当原文披露的实际数值为收入项，则统一展示为“负值”； 2、当原文披露的实际数值为减项，则统一展示为“正值”；"}, {"column": "CreditImpairmentL", "desc": "信用减值损失(成本)；信用减值损失（CreditImpairmentL）：根据财政部发布的《关于修订印发2019年度一般企业财务报表格式的通知》格式，“信用减值损失”不隶属于营业总成本部分。因企业披露不一致性，经研究，从2020.07.08披露的2020年半年报开始，字段数值按照原文披露展示，历史报告期维持原有规则。"}, {"column": "NetOpenHedgeIncome", "desc": "No description available"}, {"column": "OthEquFVChange", "desc": "No description available"}, {"column": "FinAssetROtherCI", "desc": "No description available"}, {"column": "OtherDebtInvestCIP", "desc": "No description available"}, {"column": "RAndD", "desc": "No description available"}, {"column": "InterestFinExp", "desc": "No description available"}, {"column": "CorporateCRChange", "desc": "No description available"}]}]

请选择column，务必遵循输出的格式要求。

>>>>> Agent【Check_db_structure.columns_selector】 Said:
【分析】
用户询问的是双良节能系统股份有限公司（证券代码：600481）在2020年第四季度（Q4）的研发投入占其同期营业收入的比例。这需要我们从财务数据中找到研发投入和营业收入的数值，并计算其比例。由于要求基于未调整的合并报表数据，我们需要确保选取的数据是合并报表且未调整的。

【信息所在字段】
- astockfinancedb.lc_intassetsdetail.TotalRDInput: 这个字段可能包含研发投入合计信息，对应用户提问中的研发投入。
- astockfinancedb.lc_incomestatementall.OperatingRevenue: 这个字段可能包含营业收入信息，对应用户提问中的营业收入。

【筛选条件所在字段】
- astockfinancedb.lc_intassetsdetail.CompanyCode: 这个字段用于筛选双良节能系统股份有限公司的数据。
- astockfinancedb.lc_intassetsdetail.EndDate: 这个字段用于筛选2020年第四季度的数据。
- astockfinancedb.lc_intassetsdetail.IfMerged: 这个字段用于确保数据是合并报表。
- astockfinancedb.lc_intassetsdetail.IfAdjusted: 这个字段用于确保数据是未调整的。
- astockfinancedb.lc_incomestatementall.CompanyCode: 这个字段用于筛选双良节能系统股份有限公司的数据。
- astockfinancedb.lc_incomestatementall.EndDate: 这个字段用于筛选2020年第四季度的数据。
- astockfinancedb.lc_incomestatementall.IfMerged: 这个字段用于确保数据是合并报表。
- astockfinancedb.lc_incomestatementall.IfAdjusted: 这个字段用于确保数据是未调整的。

【选中的字段的清单】
```json
{
  "astockfinancedb.lc_intassetsdetail": ["TotalRDInput", "CompanyCode", "EndDate", "IfMerged", "IfAdjusted"],
  "astockfinancedb.lc_incomestatementall": ["OperatingRevenue", "CompanyCode", "EndDate", "IfMerged", "IfAdjusted"]
}
```


>>>>> 【user】 Said:
之前已查询到信息如下:
查询结果表明: 该查询从`astockfinancedb.lc_intassetsdetail`表中获取了内部编码为1626的记录，且截止日期为2020年12月31日，数据为合并报表且未经调整的情况下，研发投入合计（TotalRDInput）为86480258.88元。

请问:双良节能系统股份有限公司（证券代码：600481）在2020年第四季度（Q4）的研发投入占其同期营业收入的比例是多少？（基于未调整的合并报表数据）

>>>>> Agent【Sql_query.master】 Said:
【已知信息】
- 双良节能系统股份有限公司的关联信息：
  - 所在数据表：constantdb.secumain
  - InnerCode(证券内部编码)：1626
  - CompanyCode(公司代码)：1428
  - ChiName(中文名称)：双良节能系统股份有限公司
  - EngName(英文名称)：Shuangliang Eco-Energy Systems Co.,Ltd
  - SecuCode(证券代码)：600481
- 2020年Q4季度的研发投入总额：86480258.88元（未调整的合并报表）

【当前阶段要获取的信息】
- 2020年Q4季度的营业收入总额（未调整的合并报表）

【信息所在字段】
- 营业收入总额：OperatingRevenue（在astockfinancedb.lc_incomestatementall表中）

【筛选条件所在字段】
- InnerCode：1626
- EndDate：2020年12月31日
- IfAdjusted：2（未调整）
- IfMerged：1（合并报表）

【SQL语句的思路】
- 从astockfinancedb.lc_incomestatementall表中查询2020年Q4季度（即2020年12月31日）的营业收入总额（OperatingRevenue），确保数据为未调整的合并报表。

【执行SQL语句】
```exec_sql
SELECT OperatingRevenue 
FROM astockfinancedb.lc_incomestatementall 
WHERE InnerCode = 1626 
  AND DATE(EndDate) = '2020-12-31' 
  AND IfAdjusted = 2 
  AND IfMerged = 1
LIMIT 1
```

【上述SQL语句的含义】
- 从`astockfinancedb.lc_incomestatementall`表中选取营业收入总额（OperatingRevenue）。
- 筛选条件为：内部编码为1626，截止日期为2020年12月31日，数据为未调整的合并报表。

>>>>> 查询sql:
SELECT OperatingRevenue 
FROM astockfinancedb.lc_incomestatementall 
WHERE InnerCode = 1626 
  AND DATE(EndDate) = '2020-12-31' 
  AND IfAdjusted = 2 
  AND IfMerged = 1
LIMIT 1;
查询失败: 查询执行失败: (mysql.connector.errors.ProgrammingError) 1054 (42S22): Unknown column 'InnerCode' in 'where clause'
[SQL: SELECT OperatingRevenue 
FROM astockfinancedb.lc_incomestatementall 
WHERE InnerCode = 1626 
  AND DATE(EndDate) = '2020-12-31' 
  AND IfAdjusted = 2 
  AND IfMerged = 1
LIMIT 1;]
(Background on this error at: https://sqlalche.me/e/20/f405)


>>>>> 【user】 Said:
查询SQL:
SELECT OperatingRevenue 
FROM astockfinancedb.lc_incomestatementall 
WHERE InnerCode = 1626 
  AND DATE(EndDate) = '2020-12-31' 
  AND IfAdjusted = 2 
  AND IfMerged = 1
LIMIT 1;
查询发生异常：查询执行失败: (mysql.connector.errors.ProgrammingError) 1054 (42S22): Unknown column 'InnerCode' in 'where clause'
[SQL: SELECT OperatingRevenue 
FROM astockfinancedb.lc_incomestatementall 
WHERE InnerCode = 1626 
  AND DATE(EndDate) = '2020-12-31' 
  AND IfAdjusted = 2 
  AND IfMerged = 1
LIMIT 1;]
(Background on this error at: https://sqlalche.me/e/20/f405)

请修正

>>>>> Agent【Sql_query.master】 Said:
【已知信息】
- 双良节能系统股份有限公司的关联信息：
  - 所在数据表：constantdb.secumain
  - InnerCode(证券内部编码)：1626
  - CompanyCode(公司代码)：1428
  - ChiName(中文名称)：双良节能系统股份有限公司
  - EngName(英文名称)：Shuangliang Eco-Energy Systems Co.,Ltd
  - SecuCode(证券代码)：600481
- 2020年Q4季度的研发投入总额：86480258.88元（未调整的合并报表）

【当前阶段要获取的信息】
- 2020年Q4季度的营业收入总额（未调整的合并报表）

【信息所在字段】
- 营业收入总额：OperatingRevenue（在astockfinancedb.lc_incomestatementall表中）

【筛选条件所在字段】
- CompanyCode：1428
- EndDate：2020年12月31日
- IfAdjusted：2（未调整）
- IfMerged：1（合并报表）

【SQL语句的思路】
- 由于`InnerCode`字段在`astockfinancedb.lc_incomestatementall`表中不存在，改用`CompanyCode`进行筛选。
- 从astockfinancedb.lc_incomestatementall表中查询2020年Q4季度（即2020年12月31日）的营业收入总额（OperatingRevenue），确保数据为未调整的合并报表。

【执行SQL语句】
```exec_sql
SELECT OperatingRevenue 
FROM astockfinancedb.lc_incomestatementall 
WHERE CompanyCode = 1428 
  AND DATE(EndDate) = '2020-12-31' 
  AND IfAdjusted = 2 
  AND IfMerged = 1
LIMIT 1
```

【上述SQL语句的含义】
- 从`astockfinancedb.lc_incomestatementall`表中选取营业收入总额（OperatingRevenue）。
- 筛选条件为：公司代码为1428，截止日期为2020年12月31日，数据为未调整的合并报表。

>>>>> 查询sql:
SELECT OperatingRevenue 
FROM astockfinancedb.lc_incomestatementall 
WHERE CompanyCode = 1428 
  AND DATE(EndDate) = '2020-12-31' 
  AND IfAdjusted = 2 
  AND IfMerged = 1
LIMIT 1;
查询结果:
[{"OperatingRevenue": 2071563445.68}]


>>>>> 【user】 Said:
查询SQL:
SELECT OperatingRevenue 
FROM astockfinancedb.lc_incomestatementall 
WHERE CompanyCode = 1428 
  AND DATE(EndDate) = '2020-12-31' 
  AND IfAdjusted = 2 
  AND IfMerged = 1
LIMIT 1;
查询结果:
[{"OperatingRevenue": 2071563445.68}]

请理解查询结果

>>>>> Agent【Sql_query.understand_query_result】 Said:
查询结果表明: 该查询从`astockfinancedb.lc_incomestatementall`表中获取了公司代码为1428的记录，截止日期为2020年12月31日，且该记录未经过调整（IfAdjusted = 2）且为合并报表（IfMerged = 1）的营业收入（OperatingRevenue）数据。结果显示，该公司在这一日期的营业收入为207,156,345.68元。


>>>>> 【user】 Said:
查询SQL:
SELECT OperatingRevenue 
FROM astockfinancedb.lc_incomestatementall 
WHERE CompanyCode = 1428 
  AND DATE(EndDate) = '2020-12-31' 
  AND IfAdjusted = 2 
  AND IfMerged = 1
LIMIT 1;
查询结果:
[{"OperatingRevenue": 2071563445.68}]

查询结果表明: 该查询从`astockfinancedb.lc_incomestatementall`表中获取了公司代码为1428的记录，截止日期为2020年12月31日，且该记录未经过调整（IfAdjusted = 2）且为合并报表（IfMerged = 1）的营业收入（OperatingRevenue）数据。结果显示，该公司在这一日期的营业收入为207,156,345.68元。

当前掌握的信息是否能够回答"双良节能系统股份有限公司（证券代码：600481）在2020年第四季度（Q4）的研发投入占其同期营业收入的比例是多少？（基于未调整的合并报表数据）"？还是要继续执行下一阶段SQL查询？

>>>>> Agent【Sql_query.master】 Said:
【已知信息】
- 双良节能系统股份有限公司的关联信息：
  - 所在数据表：constantdb.secumain
  - InnerCode(证券内部编码)：1626
  - CompanyCode(公司代码)：1428
  - ChiName(中文名称)：双良节能系统股份有限公司
  - EngName(英文名称)：Shuangliang Eco-Energy Systems Co.,Ltd
  - SecuCode(证券代码)：600481
- 2020年Q4季度的研发投入总额：86480258.88元（未调整的合并报表）
- 2020年Q4季度的营业收入总额：2071563445.68元（未调整的合并报表）

【当前阶段要获取的信息】
- 计算2020年Q4季度研发投入占同期营业收入的比例

【信息所在字段】
- 研发投入总额：TotalRDInput（已获取）
- 营业收入总额：OperatingRevenue（已获取）

【筛选条件所在字段】
- 无需进一步筛选，已有全部所需数据

【SQL语句的思路】
- 使用已获取的数据进行计算，无需进一步执行SQL查询

【执行SQL语句】
- 无需执行SQL语句，直接进行计算

【计算过程】
- 研发投入占营业收入的比例 = 研发投入总额 / 营业收入总额
- 比例 = 86480258.88 / 2071563445.68

【计算结果】
- 比例 ≈ 0.0417（或4.17%）

【上述计算的含义】
- 双良节能系统股份有限公司在2020年第四季度（Q4）的研发投入占其同期营业收入的比例约为4.17%。

【当前阶段结论】
- 已有足够信息回答用户问题，无需继续执行下一阶段SQL查询。

【回答用户问题】
双良节能系统股份有限公司（证券代码：600481）在2020年第四季度（Q4）的研发投入占其同期营业收入的比例约为4.17%（基于未调整的合并报表数据）。


>>>>> 【user】 Said:
请回答问题:"双良节能系统股份有限公司（证券代码：600481）在2020年第四季度（Q4）的研发投入占其同期营业收入的比例是多少？（基于未调整的合并报表数据）"

>>>>> Agent【Sql_query.summary】 Said:
研发投入占比: 0.0417
