
>>>>> Original Question: 东山精密最近一期员工持股计划的参与总人数是多少？其中管理层参与人数占比(四舍五入精确到小数点后两位，并以百分比形式表示)是多少？


>>>>> 【user】 Said:
已知事实:无。
历史问答:无。
现在用户继续提问，请根据已知信息，理解当前这个问题的完整含义，并重写这个问题使得单独拿出来看仍然能够正确理解：东山精密最近一期员工持股计划的参与总人数是多少？其中管理层参与人数占比(四舍五入精确到小数点后两位，并以百分比形式表示)是多少？

>>>>> Agent【rewrite_question】 Said:
请问东山精密最近一期员工持股计划的参与总人数是多少？此外，请计算并说明其中管理层参与人数的占比（四舍五入精确到小数点后两位，并以百分比形式表示）。


>>>>> 【user】 Said:
提取下面这段文字里的实体，如公司名、股票代码等，如果识别结果是空，那么就回复No Entities."请问东山精密最近一期员工持股计划的参与总人数是多少？此外，请计算并说明其中管理层参与人数的占比（四舍五入精确到小数点后两位，并以百分比形式表示）。"

>>>>> Agent【extract_company】 Said:
```json
["东山精密"]
```

>>>>> 查询sql:
SELECT 'constantdb.secumain' AS TableName, InnerCode, CompanyCode, ChiName, EngName, SecuCode
FROM constantdb.secumain 
WHERE SecuCode = '东山精密'
   OR ChiName LIKE '%东山精密%'
   OR ChiNameAbbr LIKE '%东山精密%'
   OR EngName LIKE '%东山精密%'
   OR EngNameAbbr LIKE '%东山精密%'
   OR SecuAbbr LIKE '%东山精密%'
UNION ALL
SELECT 'constantdb.hk_secumain' AS TableName, InnerCode, CompanyCode, ChiName, EngName, SecuCode
FROM constantdb.hk_secumain 
WHERE SecuCode = '%东山精密%'
   OR ChiName LIKE '%东山精密%'
   OR ChiNameAbbr LIKE '%东山精密%'
   OR EngName LIKE '%东山精密%'
   OR EngNameAbbr LIKE '%东山精密%'
   OR SecuAbbr LIKE '%东山精密%'
   OR FormerName LIKE '%东山精密%'
UNION ALL
SELECT 'constantdb.us_secumain' AS TableName, InnerCode, CompanyCode, ChiName, EngName, SecuCode
FROM constantdb.us_secumain 
WHERE SecuCode = '东山精密'
   OR ChiName LIKE '%东山精密%'
   OR EngName LIKE '%东山精密%'
   OR SecuAbbr LIKE '%东山精密%';
查询结果:
[{"TableName": "constantdb.secumain", "InnerCode": 9995, "CompanyCode": 78398, "ChiName": "苏州东山精密制造股份有限公司", "EngName": "Suzhou Dongshan Precision Manufacturing Co.,Ltd", "SecuCode": "002384"}]

>>>>> 已知事实:
东山精密的关联信息有:[所在数据表是constantdb.secumain;InnerCode(证券内部编码)是9995;CompanyCode(公司代码)是78398;ChiName(中文名称)是苏州东山精密制造股份有限公司;EngName(英文名称)是Suzhou Dongshan Precision Manufacturing Co.,Ltd;SecuCode(证券代码)是002384;]

>>>>> 【user】 Said:
请选择db，务必遵循输出的格式要求。

>>>>> Agent【Check_db_structure.db_selector】 Said:
【分析】
用户需要查询东山精密最近一期员工持股计划的参与总人数以及管理层参与人数的占比。这涉及到员工持股计划的具体数据和公司管理层的相关信息。根据知识库，`astockshareholderdb`数据库记录了上市公司股东与股本/公司治理相关的详细信息，包括员工持股计划的数据。因此，这个数据库最有可能包含所需的信息。

【选中的数据库】
- `astockshareholderdb`: 这个数据库记录了上市公司股东、股本及公司治理相关的详细信息，包括员工持股计划的数据，可以用来查询东山精密最近一期员工持股计划的参与总人数和管理层参与人数。

【选中的数据库的清单】
```json
["astockshareholderdb"]
```


>>>>> 【user】 Said:
数据库表信息如下:
[{"表名": "astockshareholderdb.lc_shtypeclassifi", "说明": "该数据表主要用于记录股东及其分类信息，包含股东的唯一标识信息如股东代码和股东编码，股东名称及其所属性质等基本信息，同时提供多级分类结构，涵盖分类标准及一级至四级分类代码，便于对股东进行分层管理和分析。"}, {"表名": "astockshareholderdb.lc_mainshlistnew", "说明": "该数据表主要记录了股东及其持股情况的详细信息，包括公司代码、日期、信息发布日期和来源等基本信息。股东相关信息涵盖股东排名、序号、名称、性质、类别及其编码等。持股信息详细列出了持股总数、持股比例、持股增减情况，以及持有不同类型股票（如A股、B股、H股、普通股及其他类别）的数量和比例。此外，还包括股东性质描述、股权质押和冻结情况及其说明，股东之间的关联关系和一致行动人说明等。证券相关信息有证券代码、简称、所属券商编号及归属机构名称等。备注说明和其他字段提供了进一步的补充信息。"}, {"表名": "astockshareholderdb.lc_shnumber", "说明": "该数据表主要涵盖了公司股东信息的各类数据，包括公司代码、信息发布日期和信息来源等基本信息。股东数据详细记录了股东总户数及各类股东（如A股、B股、H股、CDR股东）的户数和户均持股数，提供了户均持股比例及其相对变化，季度和半年增长率等动态指标。此外，表中还细分了无限售条件股东的数据，包括无限售A股和CDR的户均持股数及比例变化等。通过这些数据，能够分析不同类型股东的持股分布及其变化趋势。"}, {"表名": "astockshareholderdb.lc_mshareholder", "说明": "该数据表主要用于记录公司股东相关信息及公司基本情况，包含以下几类字段信息：公司基本信息如公司代码、信息发布日期、信息来源等；股东相关信息如股东名称、股东地位、持股比例、股东性质、股东ID、国籍描述、永久境外居留权等；公司运营及财务信息如法人代表、注册资本、主要业务、经济性质、背景介绍等；其他信息如股权获取方式、实际控制人结构图、公告类别、报告原文文件格式、日期以及货币单位等，并提供是否存在的标识字段以便于数据筛选和分析。"}, {"表名": "astockshareholderdb.lc_actualcontroller", "说明": "该数据表主要用于记录公司实际控制人的相关信息，包括公司代码、信息发布日期和日期等基本信息；实际控制人的详细信息如代码、姓名、经济性质、国籍代码及描述、永久境外居留权状态，以及实际控制人所属性质等。"}, {"表名": "astockshareholderdb.lc_sharestru", "说明": "该数据表主要记录了公司股本结构及相关信息，包含以下几类字段：公司基本信息如公司代码(CompanyCode)、信息来源(InfoSource)、信息发布日期(InfoPublDate)；时间相关字段如日期(EndDate)；股本总量及变动情况如总股本(股)(TotalShares)、股本变动原因类别(ChangeType)、简称变更原因(ChangeReason)；股权分类及持股情况包括未流通股(NonListedShares)、流通股本(FloatShare)、有限售条件流通股(RestrictedShares)、无限售条件流通股(NonRestrictedShares)、A股(Ashares)、B股(Bshares)、H股(Hshares)、GDR代表基础股票(GDRshares)、外资持股(ForeignHolding)等，进一步细分为发起人股(PromoterShares)、国家股(StateShares)、法人股(DLegalPersonShares、FLegalPersonShares)、自然人股(NaturalPersonHoldLPShares)、职工股(StaffShares)、战略投资者配售持股(StategicInvestorShares)、基金配售持股(MutualFundShares)等；股本流通状态如已上市流通股(AFloatListed)、未上市增发股(AdditionIssueUnlisted)、配股未上市(RightsIssueUnlisted)等；其他股本信息如优先股(PreferredShares)、有限售H股(RestrictedHShares)、无限售H股(NonRestrictedHShares)、其他未流通股(OUnListedShares)；股本面值及货币单位如每股面值(PerValue)、每股面值货币单位(ParValueCurrencyUnit)。通过这些字段，能够全面反映公司股本的构成、流通及变动情况。"}, {"表名": "astockshareholderdb.lc_stockholdingst", "说明": "该数据表主要用于记录各类机构及股东对A股的持股情况及相关统计信息，包含以下几类字段：基础信息如证券内部编码、公司代码、统计日期等；持股数量信息，包括机构、公募基金、券商、私募基金、银行、外资等不同主体持有的无限售流通A股、总A股及其他类型A股的数量；持股比例信息，涵盖上述主体对不同类型A股的持股比例；持股户数信息，记录各类机构及股东的持股户数，包括流通A股户数、无限售流通A股户数等；前十大股东信息，如前十大股东持股数量及比例、无限售股东持股数据等；信息来源及日期字段，用于标注数据出处和时间。"}, {"表名": "astockshareholderdb.lc_sharetransfer", "说明": "该数据表主要记录股权转让的详细信息，涵盖了公司基本信息如公司代码、信息发布日期、信息来源等；股权转让的关键时间点如协议签署日、批准日期、正式变动日期等；转让方和受让方的相关信息，包括名称、经济性质、属性、编码等；股权转让前后的持股情况，如持股数量、持股比例、有限售股数、无限售股数等；交易相关信息如转让方式、涉及股数、交易价格、交易金额等；其他补充信息如生效条件、事项描述与进展、是否终止实施及公告日期等；以及序号、证券内部编码等标识信息。"}, {"表名": "astockshareholderdb.lc_sharefp", "说明": "该数据表记录了公司股权冻结质押的详细信息，包含公司代码、信息发布日期和来源等基本信息，以及涉及的股东和接受方的详细信息，如股东名称和ID、接受方名称和ID、股东和接受方的属性等。表中还包括冻结质押的具体细节，如涉及股数、占持股比例、占总股本比例、起始和结束日期、原因及事项编码和日期。此外，表格记录了无限售股数、有限售股数，以及初始信息发布日期、初始质押股数和预计解除日期等信息。"}, {"表名": "astockshareholderdb.lc_sharefpsta", "说明": "该数据表主要用于记录股权冻结质押的相关信息，包含以下字段：标识信息如冻结质押编号(FPCode)、公司代码(CompanyCode)和股东ID(SHID)；时间信息如截止日期(EndDate)；信息来源(InfoSource)；类别选择(Category)；股东信息如股权被冻结质押股东名称(FPSHName)及其属性(SHAttribute)；冻结质押相关统计数据如累计冻结质押股数(AccuFPShares)、累计占冻结质押方持股数比例(AccuPCTOfPled)、累计占总股本比例(AccuProportion)及其计算值(AccuProportionCalc)；其他辅助字段如AccuFPSharesCalc。"}, {"表名": "astockshareholderdb.lc_buyback", "说明": "该数据表记录了公司股份回购的详细信息，包括公司基本信息如公司代码，以及重要日期信息如首次信息发布日期、预案发布日期、股东大会通过日期、回购协议签署日、回购并注销股份公告书发布日、起始日期、结束日期、全称更改日期、回购资金划出日、工商变更登记日等。股份回购的具体情况涵盖股份类别、股份被回购方、回购股数及占总股本比例、回购定价方式说明、回购价格及回购总金额、回购数量及价格上下限、拟回购资金总额上下限等。支付方式、资金来源及用途说明、回购目的、事件进程及描述、回购方式代码及描述等信息也被详细记录。此外，还包括待偿期限指数、未描述的字段如回购目的、货币单位及被否决日期等。"}, {"表名": "astockshareholderdb.lc_buybackattach", "说明": "该数据表记录了有关股份回购的信息，包含回购的唯一标识（股份回购ID）及其相关的日期信息，如信息发布日期和生效日期。涉及财务数据的字段包括货币单位、最高价、最低价、本次回购资金及累计回购资金总额。此外，表中还记录了与回购数量相关的数据，如回购股数、累计回购数量及其占总股本的比例。通过这些字段，能够全面了解某次股份回购的基本信息和财务影响。"}, {"表名": "astockshareholderdb.lc_legaldistribution", "说明": "该数据表记录了证券配售的详细信息，涵盖了多方面的内容：基础信息如证券内部编码、证券代码、信息发布日期及首次发布日期等；配售相关信息包括配售总股数、配售原因、配售性质、获配股数（有锁定期和无锁定期分别记录）、获配金额、实际发行价、有效申购股数、退款金额、补款金额等；投资者信息包括投资者名称（标准化和原始）、投资者编号、投资者类型、投资者分类等，以及获配企业的名称、性质和所属券商的编号及名称；战略配售的详细记录如高管、员工、保荐机构及其他参与战略配售的股份数量、金额和占比等；此外，还包括流通日期、持股时间等时间维度信息，以及备注说明和配售对象代码等辅助字段。整体涵盖了证券配售的全流程信息，便于分析和统计。"}, {"表名": "astockshareholderdb.lc_nationalstockholdst", "说明": "该数据表主要用于记录股东持股相关信息，包含以下字段类别：基础信息如内部编码、公司代码、股东ID、股东名称；时间信息如截止日期；持股数据如持有A股总数、有限售A股数、无限售A股数；比例数据如占总股本比例、占流通A股比例；变动信息如持有A股数量增减及其增减幅度。"}, {"表名": "astockshareholderdb.cs_foreignholdingst", "说明": "该数据表记录了证券相关的交易信息，包括证券内部编码用于标识证券，交易日期表示具体的交易时间，外资持股总数（单位为万股）和外资持股比例（百分比）则反映了外资在该证券中的持股情况。"}, {"表名": "astockshareholderdb.lc_esop", "说明": "该数据表主要用于记录资产管理计划相关信息，涵盖了基础标识信息如“内部编码、公司代码”等，公告日期信息如“首次信息发布日期、董事会公告日期、股东大会公告日期”等，计划进程与实施信息如“事件进程、是否分期实施、数据统计区间、首次实施公告日”等，股票与资金规模信息如“股票来源方式、股票规模上限与下限、资金总额上限与下限”等，计划细节信息如“麦考利久期、锁定期、释放期、资金来源、参与单位及人员、管理模式、管理机构、资产管理计划全称、分期情况、杠杆比例”等，价格与参与情况信息如“购买股票价格、参与人数、高管及员工的参与人数、认购份额与比例”等，时间节点信息如“持股的完成日、锁定的起始日”等，以及其他补充说明如“计划情况说明”等，全面涵盖计划的各个维度。"}, {"表名": "astockshareholderdb.lc_esopsummary", "说明": "该数据表主要用于记录证券相关事件的信息，包括证券内部编码和公司代码等基础标识信息；首次信息发布日期、董事会公告日期、股东大会公告日期等时间信息；事件进程和序号等事件状态信息；是否分期实施及分期情况等分期相关信息；股票规模和资金总额的上下限等规模和资金范围信息；以及备注说明等补充描述信息。"}, {"表名": "astockshareholderdb.lc_transferplan", "说明": "该数据表主要记录了公司股东承诺及增减持计划的相关信息，涵盖多个方面的字段：公司基本信息如“公司代码”；信息披露相关字段如“首次信息发布日期”“信息发布日期”“信息来源”；承诺主体与事项类型信息如“承诺主体类型”“承诺事项类型”；承诺时间范围及内容描述如“承诺起始日期”“承诺截止日期”“承诺说明”；股东信息如“股东序号”“股东名称”；增持计划相关字段包括“增持时间描述”“增持实施期限”“增持价格描述”“增持股票触发价格上下限”“增持股份数量上下限”“增持比例上下限”“增持投入资金上下限”等；减持计划相关字段包括“减持时间描述”“减持实施期限”“减持价格描述”“减持股票触发价格上下限”“减持股份数量上下限”“减持比例上下限”等；承诺有效性及不减持承诺期限如“承诺是否有效”“不减持承诺期限”；交易方式及相关描述如“交易方式”“交易方式描述”；事件进程信息如“事件进程”。这些字段全面记录了公司股东承诺及增减持行为的各类细节。"}, {"表名": "astockshareholderdb.lc_smattendinfo", "说明": "该数据表记录了公司股东大会相关的综合信息，涵盖多个维度。包括公司基本信息如公司代码；股东大会的时间安排，如首次信息发布日期、最新信息发布日期、公告日期、股东大会召开日及时间、股权登记日、会议登记起止日期、网络投票起止日期等；股东大会的地点和形式信息，如召开地址、会议类别、投票表决方式、网络投票通道及代码等；股东大会的参与情况统计，包括出席总体股东及代表人数、各类股东人数（如A股、H股、中小股东、优先股股东等）、出席股东代表股份及其占比（按不同股东类别区分）；股东大会的主持及法律见证信息，包括大会主持人及其职务、见证律师事务所及其编号、经办律师等；其他相关信息如议案内容、是否有效、股东大会取消日期、年度及届次等。通过这些字段，全面反映了股东大会的组织、参与及法律合规情况。"}]

请选择table，务必遵循输出的格式要求。

>>>>> Agent【Check_db_structure.table_selector】 Said:
【分析】
要查询东山精密最近一期员工持股计划的参与总人数以及管理层参与人数的占比，需要找到记录员工持股计划详细信息的表。根据表名和说明，`astockshareholderdb.lc_esop` 表记录了资产管理计划相关信息，包括员工持股计划的参与人数和高管及员工的参与人数等详细信息。

【选中的数据表】
- astockshareholderdb.lc_esop: 这个数据表包含员工持股计划的参与人数和高管及员工的参与人数等信息

【选中的数据库表的清单】
```json
["astockshareholderdb.lc_esop"]
```


>>>>> 【user】 Said:
已取得可用的数据表的字段信息如下:
[{"表名": "astockshareholderdb.lc_esop", "表字段": [{"column": "InnerCode", "desc": "内部编码；内部编码（InnerCode）：与“证券主表（SecuMain）”中的“证券内部编码（InnerCode）”关联，得到股票的交易代码、简称等。"}, {"column": "CompanyCode", "desc": "公司代码；公司代码（CompanyCode）：与“证券主表（SecuMain）”中的“公司代码（CompanyCode）”关联，得到上市公司的交易代码、简称等。"}, {"column": "IniInfoPublDate", "desc": "首次信息发布日期"}, {"column": "DMAnnounceDate", "desc": "董事会公告日期"}, {"column": "SMAnnounceDate", "desc": "股东大会公告日期"}, {"column": "Process", "desc": "事件进程；事件进程(Process)与(CT_SystemConst)表中的DM字段关联，令LB = 1059，得到事件进程的具体描述：1000-意向，1001-预案，1004-决案，1007-否决，1010-申请，1013-批准，1016-未实施终止，1019-实施中，1022-实施完成，1025-解除，1028-到期，1041-续签，1043-部分续签，1051-涉诉，1053-可能涉诉，1055-预估，1303-收到，1305-部分收到，2001-逾期，2003-还款，2005-延期，2007-展期，2501-诉前，2504-诉中，2507-诉后，3001-提前回收，3002-提前部分回收，3003-到期后协议延期，3004-到期回收，3005-到期待回收，3006-到期部分待回收，3007-到期无法回收，3008-到期部分无法回收，3101-改革意向，3103-股改动议取消，3105-董事会改革方案，3108-沟通确认方案，3111-上级部门批准，3115-上级部门驳回，3120-董事会否决，3121-股东大会通过，3125-股东大会否决，3126-有效期内未实施，3131-方案实施，3201-证监会审核通过，3202-证监会审核否决，3203-证监会核准，3204-证监会未核准，3212-方案部分实施，3301-已注册未发行，3302-已发行有额度，3303-已发行无额度，3304-提前终止，3305-放弃，3399-其他。"}, {"column": "SerialNumber", "desc": "序号"}, {"column": "IfPeriod", "desc": "是否分期实施；是否分期实施(IfPeriod)与(CT_SystemConst)表中的DM字段关联，令LB = 999 AND DM IN (1,2)，得到是否分期实施的具体描述：1-是，2-否。"}, {"column": "Period", "desc": "数据统计区间"}, {"column": "InitialImpleDay", "desc": "首次实施公告日"}, {"column": "ShareSource", "desc": "股票来源方式"}, {"column": "ShareCelling", "desc": "股票规模上限(万股)"}, {"column": "ShareFloor", "desc": "股票规模下限(万股)"}, {"column": "FundCelling", "desc": "资金总额上限(万元)"}, {"column": "FundFloor", "desc": "资金总额下限(万元)"}, {"column": "Duration", "desc": "麦考利久期"}, {"column": "LockDuration", "desc": "锁定期(月)"}, {"column": "ReleaseDuration", "desc": "释放期(月)"}, {"column": "FundSource", "desc": "资金来源"}, {"column": "Participant", "desc": "参与单位及人员"}, {"column": "Management", "desc": "管理模式"}, {"column": "ManageInsitute", "desc": "管理机构"}, {"column": "PlanName", "desc": "资产管理计划全称"}, {"column": "PeriodSituation", "desc": "分期情况"}, {"column": "PlanRatio", "desc": "资产管理计划杠杆比例"}, {"column": "StockPrice", "desc": "购买股票价格"}, {"column": "PartiAmount", "desc": "参与人数"}, {"column": "ManagementPartiAmount", "desc": "高管参与人数"}, {"column": "ManagementShares", "desc": "高管认购的份额"}, {"column": "ManagementRatio", "desc": "高管认购的比例"}, {"column": "EmployeePartiAmount", "desc": "员工参与人数"}, {"column": "EmployeeShares", "desc": "员工认购的份额"}, {"column": "EmployeeRatio", "desc": "员工认购的比例"}, {"column": "ImpleEndDate", "desc": "持股的完成日"}, {"column": "LockStartDate", "desc": "锁定的起始日"}, {"column": "Statement", "desc": "计划情况说明"}]}]

请选择column，务必遵循输出的格式要求。

>>>>> Agent【Check_db_structure.columns_selector】 Said:
【分析】
用户提问涉及东山精密最近一期员工持股计划的参与总人数和管理层参与人数的占比。需要找到相关的字段来获取这些信息。

【信息所在字段】
- astockshareholderdb.lc_esop.PartiAmount: 这个字段可能包含员工持股计划的参与总人数信息，对应用户提问中的“参与总人数”。
- astockshareholderdb.lc_esop.ManagementPartiAmount: 这个字段可能包含管理层参与人数信息，对应用户提问中的“管理层参与人数”。

【筛选条件所在字段】
- astockshareholderdb.lc_esop.CompanyCode: 这个字段可能包含公司代码信息，用于筛选东山精密的相关记录，对应用户提问中的“东山精密”。
- astockshareholderdb.lc_esop.IniInfoPublDate: 这个字段可能包含首次信息发布日期，用于确定“最近一期”员工持股计划。

【选中的字段的清单】
```json
{"astockshareholderdb.lc_esop": ["PartiAmount", "ManagementPartiAmount", "CompanyCode", "IniInfoPublDate"]}
```


>>>>> 【user】 Said:
请问东山精密最近一期员工持股计划的参与总人数是多少？此外，请计算并说明其中管理层参与人数的占比（四舍五入精确到小数点后两位，并以百分比形式表示）。

>>>>> Agent【Sql_query.master】 Said:
【已知信息】
- 东山精密的关联信息有：所在数据表是constantdb.secumain; InnerCode(证券内部编码)是9995; CompanyCode(公司代码)是78398; ChiName(中文名称)是苏州东山精密制造股份有限公司; EngName(英文名称)是Suzhou Dongshan Precision Manufacturing Co.,Ltd; SecuCode(证券代码)是002384;

【当前阶段要获取的信息】
- 东山精密最近一期员工持股计划的参与总人数
- 管理层参与人数的占比

【信息所在字段】
- 参与总人数：astockshareholderdb.lc_esop.PartiAmount
- 管理层参与人数：astockshareholderdb.lc_esop.ManagementPartiAmount

【筛选条件所在字段】
- InnerCode：astockshareholderdb.lc_esop.InnerCode

【SQL语句的思路】
1. 从astockshareholderdb.lc_esop表中查询东山精密（InnerCode=9995）的最近一期员工持股计划的参与总人数（PartiAmount）和管理层参与人数（ManagementPartiAmount）。
2. 计算管理层参与人数的占比，公式为：管理层参与人数 / 参与总人数 * 100，结果四舍五入到小数点后两位。

【执行SQL语句】
```exec_sql
SELECT 
    PartiAmount, 
    ManagementPartiAmount, 
    ROUND((ManagementPartiAmount / PartiAmount) * 100, 2) AS ManagementRatio
FROM 
    astockshareholderdb.lc_esop
WHERE 
    InnerCode = 9995
ORDER BY 
    IniInfoPublDate DESC
LIMIT 1;
```

【上述SQL语句的含义】
- 从astockshareholderdb.lc_esop表中筛选出东山精密（InnerCode=9995）的记录。
- 按照首次信息发布日期（IniInfoPublDate）降序排列，取最近一期的记录。
- 选择参与总人数（PartiAmount）和管理层参与人数（ManagementPartiAmount）。
- 计算管理层参与人数的占比，并四舍五入到小数点后两位，以百分比形式表示。

>>>>> 查询sql:
SELECT 
    PartiAmount, 
    ManagementPartiAmount, 
    ROUND((ManagementPartiAmount / PartiAmount) * 100, 2) AS ManagementRatio
FROM 
    astockshareholderdb.lc_esop
WHERE 
    InnerCode = 9995
ORDER BY 
    IniInfoPublDate DESC
LIMIT 1;
查询结果:
[{"PartiAmount": 200, "ManagementPartiAmount": 6, "ManagementRatio": 3.0}]


>>>>> 【user】 Said:
查询SQL:
SELECT 
    PartiAmount, 
    ManagementPartiAmount, 
    ROUND((ManagementPartiAmount / PartiAmount) * 100, 2) AS ManagementRatio
FROM 
    astockshareholderdb.lc_esop
WHERE 
    InnerCode = 9995
ORDER BY 
    IniInfoPublDate DESC
LIMIT 1;
查询结果:
[{"PartiAmount": 200, "ManagementPartiAmount": 6, "ManagementRatio": 3.0}]

请理解查询结果

>>>>> Agent【Sql_query.understand_query_result】 Said:
查询结果表明: 对于内部编码为9995的股票，最新的首次信息发布日期对应的员工持股计划中，总参与人数为200人，其中高管参与人数为6人，高管参与比例约为3.00%。


>>>>> 【user】 Said:
查询SQL:
SELECT 
    PartiAmount, 
    ManagementPartiAmount, 
    ROUND((ManagementPartiAmount / PartiAmount) * 100, 2) AS ManagementRatio
FROM 
    astockshareholderdb.lc_esop
WHERE 
    InnerCode = 9995
ORDER BY 
    IniInfoPublDate DESC
LIMIT 1;
查询结果:
[{"PartiAmount": 200, "ManagementPartiAmount": 6, "ManagementRatio": 3.0}]

查询结果表明: 对于内部编码为9995的股票，最新的首次信息发布日期对应的员工持股计划中，总参与人数为200人，其中高管参与人数为6人，高管参与比例约为3.00%。

当前掌握的信息是否能够回答"请问东山精密最近一期员工持股计划的参与总人数是多少？此外，请计算并说明其中管理层参与人数的占比（四舍五入精确到小数点后两位，并以百分比形式表示）。"？还是要继续执行下一阶段SQL查询？

>>>>> Agent【Sql_query.master】 Said:
【已知信息】
- 东山精密的关联信息有：所在数据表是constantdb.secumain; InnerCode(证券内部编码)是9995; CompanyCode(公司代码)是78398; ChiName(中文名称)是苏州东山精密制造股份有限公司; EngName(英文名称)是Suzhou Dongshan Precision Manufacturing Co.,Ltd; SecuCode(证券代码)是002384;
- 查询结果：对于内部编码为9995的股票，最新的首次信息发布日期对应的员工持股计划中，总参与人数为200人，其中高管参与人数为6人，高管参与比例约为3.00%。

【当前阶段要获取的信息】
无

【信息所在字段】
无

【筛选条件所在字段】
无

【SQL语句的思路】
无

【执行SQL语句】
无

【上述SQL语句的含义】
无

当前掌握的信息已经能够回答“请问东山精密最近一期员工持股计划的参与总人数是多少？此外，请计算并说明其中管理层参与人数的占比（四舍五入精确到小数点后两位，并以百分比形式表示）。”的问题。

**回答：**
东山精密最近一期员工持股计划的参与总人数为200人，其中管理层参与人数为6人，管理层参与人数的占比为3.00%。


>>>>> 【user】 Said:
请回答问题:"请问东山精密最近一期员工持股计划的参与总人数是多少？此外，请计算并说明其中管理层参与人数的占比（四舍五入精确到小数点后两位，并以百分比形式表示）。"

>>>>> Agent【Sql_query.summary】 Said:
参与总人数: 200, 管理层参与占比: 3.00%
