
>>>>> Original Question: 最近一次非公开增发的数量是多少？


>>>>> Agent【extract_company】 Said:
No Entities.


>>>>> Agent【rewrite_question】 Said:
湘电股份（CompanyCode: 1387, InnerCode: 1551）最近一次非公开增发的数量是多少？

>>>>> 已知事实:
湘电股份的关联信息有:[InnerCode(证券内部编码)是1551;CompanyCode(公司代码)是1387;ChiName(中文名称)是湘潭电机股份有限公司;EngName(英文名称)是Xiangtan Electric Manufacturing Co., Ltd.;SecuCode(证券代码)是600416;]

>>>>> Agent【Check_db_structure.db_selector】 Said:
【分析】
用户询问的是湘电股份（CompanyCode: 1387, InnerCode: 1551）最近一次非公开增发的数量。这涉及到上市公司的融资活动信息，特别是增发相关的数据。根据知识库，"astockfinancedb"（上市公司财务指标/财务报表/融资与分红）数据库记录了上市公司在不同财务方面的详细数据，包括A股增发等信息。因此，这个数据库最有可能包含所需的信息。

【选中的数据库】
- astockfinancedb: 这个数据库记录了上市公司的融资活动，包括A股增发等详细信息。

【选中的数据库的清单】
```json
["astockfinancedb"]
```


>>>>> Agent【Check_db_structure.table_selector】 Said:
【分析】
用户询问的是湘电股份（CompanyCode: 1387, InnerCode: 1551）最近一次非公开增发的数量。非公开增发属于证券发行的一种形式，因此我们需要查找记录证券发行相关信息的表。

【选中的数据表】
- astockfinancedb.lc_ashareseasonednewissue: 该数据表主要记录证券发行及相关信息，包括发行量信息如发行量上下限、超额配售权、网上网下发行股数等。

【选中的数据库表的清单】
```json
["astockfinancedb.lc_ashareseasonednewissue"]
```


>>>>> Agent【Check_db_structure.columns_selector】 Said:
【分析】
用户询问的是湘电股份（CompanyCode: 1387, InnerCode: 1551）最近一次非公开增发的数量。我们需要找到与湘电股份相关的非公开增发记录，并确定其发行数量。

【信息所在字段】
- astockfinancedb.lc_ashareseasonednewissue.InnerCode: 这个字段可能包含证券内部编码信息，对应用户提问中的InnerCode
- astockfinancedb.lc_ashareseasonednewissue.CompanyCode: 这个字段可能包含公司代码信息，对应用户提问中的CompanyCode
- astockfinancedb.lc_ashareseasonednewissue.IssueVol: 这个字段可能包含发行量信息，对应用户提问中的非公开增发数量
- astockfinancedb.lc_ashareseasonednewissue.IssueType: 这个字段可能包含增发类别信息，用于筛选非公开增发

【筛选条件所在字段】
- astockfinancedb.lc_ashareseasonednewissue.InnerCode: 用于筛选特定证券的内部编码
- astockfinancedb.lc_ashareseasonednewissue.CompanyCode: 用于筛选特定公司的代码
- astockfinancedb.lc_ashareseasonednewissue.IssueType: 用于筛选非公开增发类别

【选中的字段的清单】
```json
{
  "astockfinancedb.lc_ashareseasonednewissue": ["InnerCode", "CompanyCode", "IssueVol", "IssueType"]
}
```


>>>>> Agent【Sql_query.master】 Said:
【已知信息】
- 湘电股份的关联信息：InnerCode(证券内部编码)是1551, CompanyCode(公司代码)是1387
- 湘电股份的信息披露网址是：http://www.sse.com.cn
- 湘电股份在过去进行了1次非公开增发

【当前阶段要获取的信息】
- 湘电股份最近一次非公开增发的数量

【信息所在字段】
- `IssueVol` (发行量)

【筛选条件所在字段】
- `InnerCode` (证券内部编码)
- `IssueType` (增发类别)

【SQL语句的思路】
- 从`astockfinancedb.lc_ashareseasonednewissue`表中查询
- 筛选条件为`InnerCode = 1551`且`IssueType = 21`（非公开增发）
- 由于已知只有1次非公开增发，使用`LIMIT 1`确保只获取一条记录

【执行SQL语句】
```exec_sql
SELECT IssueVol 
FROM astockfinancedb.lc_ashareseasonednewissue 
WHERE InnerCode = 1551 AND IssueType = 21 
LIMIT 1
```

【上述SQL语句的含义】
- 从`astockfinancedb.lc_ashareseasonednewissue`表中选择`IssueVol`字段
- 筛选条件为`InnerCode`等于1551且`IssueType`等于21（表示非公开增发）
- 使用`LIMIT 1`确保只返回一条记录，即最近一次非公开增发的数量

>>>>> 查询sql:
SELECT IssueVol 
FROM astockfinancedb.lc_ashareseasonednewissue 
WHERE InnerCode = 1551 AND IssueType = 21 
LIMIT 1;
查询结果:
[{"IssueVol": 209117575.0}]


>>>>> Agent【Sql_query.understand_query_result】 Said:
查询结果表明: 该查询从`astockfinancedb.lc_ashareseasonednewissue`表中选取了证券内部编码为1551且增发类别为非公开增发（IssueType = 21）的记录，并返回了该记录的发行量（IssueVol），结果显示该次非公开增发的发行量为209,117,575股。


>>>>> Agent【Sql_query.master】 Said:
【已知信息】
- 湘电股份的关联信息：InnerCode(证券内部编码)是1551, CompanyCode(公司代码)是1387
- 湘电股份的信息披露网址是：http://www.sse.com.cn
- 湘电股份在过去进行了1次非公开增发
- 该次非公开增发的发行量为209,117,575股

【当前阶段要获取的信息】
- 无

【信息所在字段】
- 无

【筛选条件所在字段】
- 无

【SQL语句的思路】
- 无

【执行SQL语句】
- 无

【上述SQL语句的含义】
- 无

当前掌握的信息已经能够回答"湘电股份（CompanyCode: 1387, InnerCode: 1551）最近一次非公开增发的数量是多少？"的问题。根据查询结果，湘电股份最近一次非公开增发的数量为209,117,575股。因此，无需继续执行下一阶段的SQL查询。


>>>>> Agent【Sql_query.summary】 Said:
湘电股份（CompanyCode: 1387, InnerCode: 1551）最近一次非公开增发的数量是209117575股。
