
>>>>> Original Question: 该股票所属的一级概念是什么？


>>>>> 【user】 Said:
提取下面这段文字中的实体（如公司名、股票代码、拼音缩写等），如果识别结果是空，那么就回复No Entities."该股票所属的一级概念是什么？"

>>>>> Agent【extract_company】 Said:
No Entities.


>>>>> 【user】 Said:
下面是顺序的历史问答:
'''
Question: 大悦城2021年8月4日当天的最高价与最低价分别是多少
Answer: 最高价: 3.29元, 最低价: 3.22元
Question: 该股票的概念板块当年多少次涨停？
Answer: 大悦城股票在2021年其所属的概念板块中，当年共有1079次涨停。
'''
现在用户继续提问，请根据已知信息，理解当前这个问题的完整含义，并重写这个问题使得单独拿出来看仍然能够正确理解：该股票所属的一级概念是什么？

>>>>> Agent【rewrite_question】 Said:
大悦城股票在2021年所属的一级概念是什么？

>>>>> 已知事实:
大悦城的关联信息有:[所在数据表是constantdb.secumain;InnerCode(证券内部编码)是74;CompanyCode(公司代码)是54;ChiName(中文名称)是大悦城控股集团股份有限公司;EngName(英文名称)是Grandjoy Holdings Group Co.,Ltd.;SecuCode(证券代码)是000031;ChiNameAbbr(中文名称缩写)是大悦城控股;EngNameAbbr(英文名称缩写)是GRANDJOY;SecuAbbr(证券简称)是大悦城;ChiSpelling(拼音证券简称)是DYC;]

>>>>> 【user】 Said:
请选择db，务必遵循输出的格式要求。

>>>>> Agent【Check_db_structure.db_selector】 Said:
【分析】
用户询问的是大悦城股票在2021年所属的一级概念。要回答这个问题，需要找到大悦城股票在2021年的相关信息，并确定其所属的一级概念。一级概念通常指的是行业或板块的分类。

1. **astockbasicinfodb**：这个数据库包含上市公司的基本资料，可能包含公司所属的行业信息。
2. **astockindustrydb**：这个数据库专门记录了上市公司的行业板块信息，包括行业划分和概念板块等信息。

考虑到我们需要的是行业或概念板块的信息，**astockindustrydb** 更直接相关，因为它专门记录了行业和概念板块的数据。

【选中的数据库】
- astockindustrydb: 这个数据库记录了上市公司的行业板块信息，包括行业划分和概念板块等，可以直接找到大悦城股票在2021年所属的一级概念。

【选中的数据库的清单】
```json
["astockindustrydb"]
```


>>>>> 【user】 Said:
数据库表信息如下:
[{"表名": "astockindustrydb.lc_exgindustry", "说明": "该数据表包含与公司及行业相关的信息，主要字段包括公司标识信息如公司代码，信息动态如发布日期和来源，行业分类信息如行业划分标准、所属行业及是否执行，并提供多层级行业分类数据，包括一级至四级行业的代码和名称，以及取消日期等补充信息。"}, {"表名": "astockindustrydb.lc_exgindchange", "说明": "该数据表主要用于记录公司相关的行业信息和执行状态，字段包括公司基础信息如公司代码，公司动态信息如信息发布日期和信息来源，行业分类信息如行业划分标准、所属行业，以及多级行业信息包括一级到四级的行业代码和名称。此外，还包含执行状态相关字段如是否执行和取消日期。"}, {"表名": "astockindustrydb.lc_industryvaluation", "说明": "该数据表主要用于记录行业相关的统计信息和财务指标，包含以下字段：基础信息如行业内部编码、行业名称、行业代码、行业分类标准等；时间信息如交易日；统计维度如统计类型和统计板块；行业市值信息如总市值、A股流通市值、A股自由流通市值等；估值指标如滚动市盈率、静态市盈率、市净率、滚动股息率、滚动市现率、静态市现率、滚动市销率、静态市销率等；其他信息如上市证券数量和分类等，全面反映行业的市场表现和财务状况。"}, {"表名": "astockindustrydb.lc_indfinindicators", "说明": "该数据表主要用于描述行业相关的统计和财务信息，字段涵盖多个方面：基础信息如行业内部编码、名称、级别、代码及划分标准等；时间信息包括信息发布日期和截止日期；统计指标如统计类型和板块；财务数据包括行业营业收入、营业成本、营业利润、净利润及归属母公司净利润等，均提供TTM（滚动12个月）和累计值；资产与股本信息如总资产、净资产、总股本等；盈利能力指标包括每股收益、净资产收益率（平均、摊薄、TTM及扣除值）、总资产净利率、销售毛利率、销售净利率等；费用相关指标如财务费用率、销售费用率、期间费用率及营业总成本占比；运营效率指标包括存货周转率及天数、应收账款周转率及天数、总资产周转率等；现金流与偿债能力指标如经营现金流利息保障倍数、流动比率、速动比率、利息保障倍数等；增长性指标如归属母公司净利润同比增长、毛利润同比增长等；其他指标如资产负债率、有形资产净值占比、对外投资占比、预收账款占营业收入比、应收账款占营业收入比等，全面反映行业的财务状况、盈利能力、运营效率及偿债能力。"}, {"表名": "astockindustrydb.lc_coconcept", "说明": "该数据表主要用于记录证券相关概念及状态信息，包括证券内部编码和概念代码等基础标识信息，调入日期与调出日期等时间维度信息，所属状态及备注等描述性信息，以及信息发布日期等数据更新信息。"}, {"表名": "astockindustrydb.lc_conceptlist", "说明": "该数据表包含与概念分类相关的信息，包括一级和二级概念的代码和名称，以及概念板块的编码和名称。此外，还包括概念的时间信息如起始日期、结束日期和信息发布日期，状态信息如所属状态，以及补充信息如备注和概念英文名称。"}]

请选择table，务必遵循输出的格式要求。

>>>>> Agent【Check_db_structure.table_selector】 Said:
【分析】
要确定大悦城股票在2021年所属的一级概念，需要找到与公司行业分类相关的数据表。根据已知信息，大悦城的相关信息在`constantdb.secumain`表中，但具体到行业分类，需要使用`astockindustrydb`数据库中的相关表。`astockindustrydb.lc_exgindustry`和`astockindustrydb.lc_exgindchange`表包含公司行业分类信息，而`astockindustrydb.lc_conceptlist`表包含概念分类信息。

【选中的数据表】
- astockindustrydb.lc_exgindustry: 这个数据表包含公司及行业相关的信息，包括多层级行业分类数据。
- astockindustrydb.lc_conceptlist: 这个数据表包含与概念分类相关的信息，包括一级和二级概念的代码和名称。

【选中的数据库表的清单】
```json
["astockindustrydb.lc_exgindustry", "astockindustrydb.lc_conceptlist"]
```


>>>>> 【user】 Said:
已取得可用的数据表的字段信息如下:
[{"表名": "astockindustrydb.lc_exgindustry", "表字段": [{"column": "CompanyCode", "desc": "公司代码；公司代码（CompanyCode）：与“证券主表（SecuMain）”中的“公司代码（CompanyCode）”关联，得到上市公司的交易代码、简称等。"}, {"column": "InfoPublDate", "desc": "信息发布日期"}, {"column": "InfoSource", "desc": "信息来源"}, {"column": "Standard", "desc": "行业划分标准；行业划分标准（Standard）：与“系统常量表”中的“代码（DM）”关联，令“LB=1081”，得到行业划分的具体标准：1-CSRC行业分类2001版(不更新)，3-中信行业分类2010版(不更新)，5-上交所行业分类(不更新)，6-聚源行业分类(旧)(不更新)，7-SSE-GICS行业分类(不更新)，8-聚源行业分类(不更新)，9-申万行业分类2011版(不更新)，11-中银(BOCI)行业分类(不更新)，12-中证指数行业分类2007版(不更新)，13-中信标普GICS行业分类(不更新)，18-证监会行业分类(中证)(不更新)，19-银华自定义行业分类(不更新)，20-国证行业分类，21-新聚源行业分类(不更新)，22-证监会行业分类2012版，23-证监会行业分类2012版(中证披露)，24-申万行业分类2014版(不更新)，28-中证指数行业分类2016版(不更新)，30-聚源行业分类2016版，32-国民经济行业分类(2017)，37-中信行业2019分类，38-申万行业分类(新)，40-中证指数行业分类(2021版)，42-AMAC行业分类，44-中国上市公司协会行业分类。"}, {"column": "Industry", "desc": "所属行业；所属行业（Industry）：当Standard=1、8、18时，与“行业表”中的“行业编码（IndustryNum）”关联；当Standard=3、5时，与“系统常量表”的“代码（DM）”关联，“LB=1082”；当Standard=6、13时，与“系统常量表”的“代码（DM）”关联，“LB=1460”；当Standard=7时，与“系统常量表”的“代码（DM）”关联，“LB=1294”；当Standard=9时，与“系统常量表”的“代码（DM）”关联，“LB=1465”；当Standard=24时，与“系统常量表”的“代码（DM）”关联，“LB=1804”；当Standard=19、20、30、32、37、38、40、42、44时，与“行业类别表”的“行业内部编码（IndustryNum）”关联；当Standard=11时，与“系统常量表”的“代码（DM）”关联，“LB=1477”；当Standard=12时，与“系统常量表”的“代码（DM）”关联，“LB=1478”；当Standard=21时，与“系统常量表”的“代码（DM）”关联，“LB=1753”；当Standard=22时，与“系统常量表”的“代码（DM）”关联，“LB=1755”；当Standard=23时，与“系统常量表”的“代码（DM）”关联，“LB=1755”；当Standard=28时，与“系统常量表”的“代码（DM）”关联，“LB=1984”。"}, {"column": "IfPerformed", "desc": "是否执行；是否执行（IfPerformed），该字段固定以下常量：1-是；2-否"}, {"column": "CancelDate", "desc": "取消日期"}, {"column": "FirstIndustryCode", "desc": "对应一级行业代码"}, {"column": "FirstIndustryName", "desc": "对应一级行业名称"}, {"column": "SecondIndustryCode", "desc": "对应二级行业代码"}, {"column": "SecondIndustryName", "desc": "对应二级行业名称"}, {"column": "ThirdIndustryCode", "desc": "对应三级行业代码"}, {"column": "ThirdIndustryName", "desc": "对应三级行业名称"}, {"column": "FourthIndustryCode", "desc": "四级行业代码"}, {"column": "FourthIndustryName", "desc": "四级行业名称"}]}, {"表名": "astockindustrydb.lc_conceptlist", "表字段": [{"column": "ClassCode", "desc": "所属1级概念代码"}, {"column": "ClassName", "desc": "所属1级概念名称"}, {"column": "SubclassCode", "desc": "所属2级概念代码"}, {"column": "SubclassName", "desc": "所属2级概念名称"}, {"column": "ConceptCode", "desc": "所属概念板块编码"}, {"column": "ConceptName", "desc": "概念名称"}, {"column": "BeginDate", "desc": "起始日期"}, {"column": "EndDate", "desc": "日期"}, {"column": "ConceptState", "desc": "所属状态；所属状态(ConceptState)，该字段固定以下常量：1-正常，0-终止。"}, {"column": "Remark", "desc": "备注"}, {"column": "InfoPublDate", "desc": "信息发布日期"}, {"column": "ConceptEngName", "desc": "概念英文名称"}]}]

请选择column，务必遵循输出的格式要求。

>>>>> Agent【Check_db_structure.columns_selector】 Said:
【分析】
用户询问大悦城股票在2021年所属的一级概念，需要从相关数据表中找出大悦城股票在2021年所属的一级概念名称。

【当前的表之间相互关联的字段】
- astockindustrydb.lc_exgindustry 和 constantdb.secumain 之间: CompanyCode
- astockindustrydb.lc_conceptlist 和 constantdb.secumain 之间: CompanyCode

【信息所在字段】
- astockindustrydb.lc_conceptlist.ClassName: 这个字段可能包含一级概念名称信息，对应用户提问中的“一级概念”。

【筛选条件所在字段】
- constantdb.secumain.CompanyCode: 这个字段可能包含公司代码信息，用于筛选大悦城股票。
- astockindustrydb.lc_conceptlist.InfoPublDate: 这个字段可能包含信息发布日期，用于筛选2021年的数据。

【选中的字段的清单】
```json
{
  "astockindustrydb.lc_conceptlist": ["ClassCode", "ClassName", "InfoPublDate"],
  "constantdb.secumain": ["CompanyCode"]
}
```


>>>>> 【user】 Said:
之前已查询到信息如下:
查询结果表明: 在交易日为2021年8月4日的情况下，证券内部编码为74的证券的最高价为3.29元，最低价为3.22元。
---
查询结果表明: 该查询从表astockindustrydb.lc_coconcept中筛选出InnerCode等于74的记录，并返回这些记录的ConceptCode字段值。结果显示，InnerCode为74的证券关联了多个概念代码，包括15031283、13181319、15030008、15031027、15030011和15030013，其中15031283和15030008各出现了两次。这些概念代码可以进一步与概念板块表(LC_ConceptList)中的ConceptCode关联，以获取具体的所属概念信息。
---
查询结果表明: 在2021年1月1日至2021年12月31日期间，属于概念代码为15031283、13181319、15030008、15031027、15030011、15030013的证券中，共有1079个交易日的收盘价相较于前一交易日收盘价上涨了10%或以上。

请问:大悦城股票在2021年所属的一级概念是什么？

>>>>> Agent【Sql_query.master】 Said:
【已知信息】
- 大悦城的关联信息：InnerCode(证券内部编码)是74。
- 大悦城股票关联的概念代码包括：15031283、13181319、15030008、15031027、15030011、15030013。
- 已知表astockindustrydb.lc_conceptlist包含概念板块信息，包括ClassCode（所属1级概念代码）和ClassName（所属1级概念名称）。

【当前阶段要获取的信息】
- 大悦城股票在2021年所属的一级概念名称。

【信息所在字段】
- ClassName（所属1级概念名称）

【筛选条件所在字段】
- ConceptCode（所属概念板块编码）

【SQL语句的思路】
- 使用已知的概念代码，从astockindustrydb.lc_conceptlist表中查询对应的ClassName。

【执行SQL语句】
```exec_sql
SELECT DISTINCT ClassName 
FROM astockindustrydb.lc_conceptlist 
WHERE ConceptCode IN (15031283, 13181319, 15030008, 15031027, 15030011, 15030013);
```

【上述SQL语句的含义】
- 从astockindustrydb.lc_conceptlist表中筛选出ConceptCode在给定列表中的记录，并返回这些记录的唯一ClassName字段值，以获取大悦城股票在2021年所属的一级概念名称。

>>>>> 查询sql:
SELECT DISTINCT ClassName 
FROM astockindustrydb.lc_conceptlist 
WHERE ConceptCode IN (15031283, 13181319, 15030008, 15031027, 15030011, 15030013);
查询结果:
[{"ClassName": "其他"}, {"ClassName": "政策"}]


>>>>> 【user】 Said:
查询SQL:
SELECT DISTINCT ClassName 
FROM astockindustrydb.lc_conceptlist 
WHERE ConceptCode IN (15031283, 13181319, 15030008, 15031027, 15030011, 15030013);
查询结果:
[{"ClassName": "其他"}, {"ClassName": "政策"}]

请理解查询结果

>>>>> Agent【Sql_query.understand_query_result】 Said:
查询结果表明: 该查询从`astockindustrydb.lc_conceptlist`表中筛选出`ConceptCode`字段值为15031283、13181319、15030008、15031027、15030011、15030013的记录，并返回这些记录中不同的`ClassName`字段值。结果显示，这些概念板块所属的1级概念名称有两个，分别是“其他”和“政策”。


>>>>> 【user】 Said:
查询SQL:
SELECT DISTINCT ClassName 
FROM astockindustrydb.lc_conceptlist 
WHERE ConceptCode IN (15031283, 13181319, 15030008, 15031027, 15030011, 15030013);
查询结果:
[{"ClassName": "其他"}, {"ClassName": "政策"}]

查询结果表明: 该查询从`astockindustrydb.lc_conceptlist`表中筛选出`ConceptCode`字段值为15031283、13181319、15030008、15031027、15030011、15030013的记录，并返回这些记录中不同的`ClassName`字段值。结果显示，这些概念板块所属的1级概念名称有两个，分别是“其他”和“政策”。

请检查筛选条件是否存在问题，比如时间日期字段没有用DATE()或YEAR()格式化？当然，如果没问题，那么就根据结果考虑下一步；那么当前掌握的信息是否能够回答"大悦城股票在2021年所属的一级概念是什么？"？还是要继续执行下一阶段SQL查询？

>>>>> Agent【Sql_query.master】 Said:
【已知信息】
- 大悦城的关联信息：InnerCode(证券内部编码)是74。
- 大悦城股票关联的概念代码包括：15031283、13181319、15030008、15031027、15030011、15030013。
- 查询结果显示，这些概念代码对应的一级概念名称有两个，分别是“其他”和“政策”。

【当前阶段要获取的信息】
- 确认大悦城股票在2021年所属的一级概念名称。

【信息所在字段】
- ClassName（所属1级概念名称）

【筛选条件所在字段】
- ConceptCode（所属概念板块编码）

【SQL语句的思路】
- 当前查询结果已明确显示大悦城股票在2021年所属的一级概念名称为“其他”和“政策”。无需进一步执行SQL查询。

【执行SQL语句】
无

【上述SQL语句的含义】
无

### 结论
当前掌握的信息已经能够回答“大悦城股票在2021年所属的一级概念是什么？”的问题。大悦城股票在2021年所属的一级概念包括“其他”和“政策”。

### 回答
大悦城股票在2021年所属的一级概念是“其他”和“政策”。无需继续执行下一阶段SQL查询。


>>>>> 【user】 Said:
充分尊重前面给出的结论，回答问题:"大悦城股票在2021年所属的一级概念是什么？"

>>>>> Agent【Sql_query.summary】 Said:
大悦城股票在2021年所属的一级概念是“其他”和“政策”。
