
>>>>> Original Question: 000998的英文名称是什么？


>>>>> 【user】 Said:
提取下面这段文字中的实体（如公司名、股票代码、拼音缩写等），如果识别结果是空，那么就回复No Entities."000998的英文名称是什么？"

>>>>> Agent【extract_company】 Said:
```json
["000998"]
```

>>>>> 查询sql:
SELECT 'constantdb.secumain' AS TableName, InnerCode, CompanyCode,
    ChiName, EngName, SecuCode, ChiNameAbbr, EngNameAbbr, SecuAbbr, ChiSpelling
FROM constantdb.secumain 
WHERE SecuCode = '000998'
   OR ChiName LIKE '%000998%'
   OR ChiNameAbbr LIKE '%000998%'
   OR EngName LIKE '%000998%'
   OR EngNameAbbr LIKE '%000998%'
   OR SecuAbbr LIKE '%000998%'
   OR ChiSpelling LIKE '%000998%'
UNION ALL
SELECT 'constantdb.hk_secumain' AS TableName, InnerCode, CompanyCode,
ChiName, EngName, SecuCode, ChiNameAbbr, EngNameAbbr, SecuAbbr, ChiSpelling
FROM constantdb.hk_secumain 
WHERE SecuCode = '000998'
   OR ChiName LIKE '%000998%'
   OR ChiNameAbbr LIKE '%000998%'
   OR EngName LIKE '%000998%'
   OR EngNameAbbr LIKE '%000998%'
   OR SecuAbbr LIKE '%000998%'
   OR FormerName LIKE '%000998%'
   OR ChiSpelling LIKE '%000998%'
UNION ALL
SELECT 'constantdb.us_secumain' AS TableName, InnerCode, CompanyCode,
ChiName, EngName, SecuCode, null as ChiNameAbbr, null as EngNameAbbr, SecuAbbr, ChiSpelling
FROM constantdb.us_secumain 
WHERE SecuCode = '000998'
   OR ChiName LIKE '%000998%'
   OR EngName LIKE '%000998%'
   OR SecuAbbr LIKE '%000998%'
   OR ChiSpelling LIKE '%000998%';
查询结果:
[{"TableName": "constantdb.secumain", "InnerCode": 613, "CompanyCode": 549, "ChiName": "袁隆平农业高科技股份有限公司", "EngName": "Yuan Longping High-Tech Agriculture Co.,Ltd.", "SecuCode": "000998", "ChiNameAbbr": "隆平高科", "EngNameAbbr": "Long Ping High-Tech", "SecuAbbr": "隆平高科", "ChiSpelling": "LPGK"}]


>>>>> 【user】 Said:
历史问答:无。
现在用户继续提问，请根据已知信息，理解当前这个问题的完整含义，并重写这个问题使得单独拿出来看仍然能够正确理解：000998的英文名称是什么？

>>>>> Agent【rewrite_question】 Said:
请问股票代码为000998的公司的英文名称是什么？

>>>>> 已知事实:
000998的关联信息有:[所在数据表是constantdb.secumain;InnerCode(证券内部编码)是613;CompanyCode(公司代码)是549;ChiName(中文名称)是袁隆平农业高科技股份有限公司;EngName(英文名称)是Yuan Longping High-Tech Agriculture Co.,Ltd.;SecuCode(证券代码)是000998;ChiNameAbbr(中文名称缩写)是隆平高科;EngNameAbbr(英文名称缩写)是Long Ping High-Tech;SecuAbbr(证券简称)是隆平高科;ChiSpelling(拼音证券简称)是LPGK;]

>>>>> 【user】 Said:
请选择db，务必遵循输出的格式要求。

>>>>> Agent【Check_db_structure.db_selector】 Said:
【分析】
用户需要查询股票代码为000998的公司的英文名称。根据已知数据库的描述，上市公司的基本资料包括公司名称变更等信息，最可能包含公司英文名称的数据库名为“astockbasicinfodb”。

【选中的数据库】
- astockbasicinfodb: 这个数据库包含上市公司的基本资料，包括公司名称变更等信息，可以查到公司的英文名称。

【选中的数据库的清单】
```json
["astockbasicinfodb"]
```
补充选择db: ["hkstockdb", "usstockdb"]

>>>>> 【user】 Said:
数据库表信息如下:
[{"表名": "astockbasicinfodb.lc_stockarchives", "说明": "该数据表主要记录了公司的基本信息、联系方式、经营信息及证券信息等内容。其中，公司基本信息包括公司代码、国别、中文名称、法人代表、总经理、法律顾问、会计师事务所、公司成立日期、首次注册登记地点、企业法人营业执照注册号、所属区县及地区代码；联系方式涵盖联系人电话、传真、电子邮箱，公司注册地址、办公地址、联系地址及其对应的邮编，董秘及证券事务代表的电话、传真、电子邮件，以及公司邮箱和网址；经营信息涉及公司所属证监会行业、主营及兼营范围；证券信息包括A股、B股、H股及CDR证券的简称和代码，扩位简称，以及尚未盈利标识、特殊表决权标识、协议控制架构标识、红筹企业标识；此外，还包括信息披露相关内容如披露网址、披露报纸，以及公司简介等。"}, {"表名": "astockbasicinfodb.lc_namechange", "说明": "该数据表主要记录公司基本信息及相关公告，包括公司代码、中文及英文名称（全称与缩写）、信息来源和发布日期等基本信息；还涵盖重要事件如股东大会决议公告日期、是否否决决议、全称更改日期等关键时间节点，便于追踪企业动态与重要决策信息。"}, {"表名": "astockbasicinfodb.lc_business", "说明": "该数据表主要用于记录公司基本信息及相关业务情况，包括公司代码、信息发布日期和来源等基础信息；股东大会决议公告日期及是否否决的决议结果等决策信息；经营范围及主要业务、产品名称等经营信息；涉及行业的分类信息，如行业代码、行业类别及涉足行业等；此外，还包括简称变更原因等补充说明字段。"}, {"表名": "hkstockdb.hk_employeechange", "说明": "该数据表主要记录证券相关信息，包括证券内部代码、信息发布日期与来源等基本信息；股东大会公告日期及相关生效与失效日期等时间信息；是否有效的状态标识；以及变更前后员工数量的对比等数据。"}, {"表名": "hkstockdb.hk_stockarchives", "说明": "该数据表主要记录公司基本信息及相关属性，涵盖了公司标识信息如公司代码、中文名称、企业类别及描述等；成立及注册信息如公司成立日期、注册地、注册资本及其货币单位等；行业分类信息如所属行业（港交所、恒生）等；管理层信息如主席、公司秘书、合资格会计师等；办公及运营信息如注册办事处、总办事处及主要营业地点、股份过户处（香港）等；联系方式如电话、传真、邮箱、公司网址等；以及其他信息如公司业务、公司简介、审计机构等，全面反映了公司的基本情况和运营特征。"}, {"表名": "hkstockdb.cs_hkstockperformance", "说明": "该数据表主要用于记录证券交易及相关指标的详细信息，涵盖了基础信息如证券内部编码、交易日、货币代码等；价格信息包括昨收盘、今开盘、最高价、最低价、收盘价、均价、复权最高价及最低价等；成交信息如成交量、成交金额、换手率等；涨跌信息包括涨跌金额、涨跌幅、振幅等；市值信息如总市值、流通市值等；周期指标覆盖近一周、本周、近一月、本月、近三个月、近六个月、近一年及今年以来的成交、涨跌、振幅、换手率、均价、市值等详细数据，且提供各周期的日均指标；此外，还包含上市以来的复权价格及其对应日期等。"}, {"表名": "usstockdb.us_companyinfo", "说明": "该数据表主要记录公司的基本信息，包括公司标识信息如公司代码、英文名称及其缩写、中文名称；地址信息如公司地址、城市、省份、邮编、国家及国家代码；联系方式如电话、传真；公司描述信息如公司简介、英文公司简介、英文业务简介；注册地信息如注册地国家、注册地省份/州；其他信息如成立日期及其精度、公司类型、是否公司总部，以及链接地址等。"}, {"表名": "usstockdb.us_dailyquote", "说明": "该数据表记录了证券交易的详细信息，包括交易日和证券内部代码用于标识交易记录，开盘价、最高价、最低价和收盘价用于描述当天的价格波动，成交量和成交额反映市场活跃程度，每股收益TTM和证券总市值提供了盈利能力和规模的财务指标，证券总股本用于计算市场相关比率，昨收盘和日涨跌则用于分析价格变动趋势，涨跌幅百分比和均价提供了额外的市场表现信息。"}]

请选择table，务必遵循输出的格式要求。

>>>>> Agent【Check_db_structure.table_selector】 Said:
【分析】
用户询问的是股票代码为000998的公司的英文名称。根据提供的数据库表信息，我们需要找到一个包含公司代码和英文名称的表。`astockbasicinfodb.lc_namechange` 表明确记录了公司代码和中文及英文名称，因此是最合适的选择。

【选中的数据表】
- astockbasicinfodb.lc_namechange: 这个数据表包含公司代码和中文及英文名称（全称与缩写）等信息

【选中的数据库表的清单】
```json
["astockbasicinfodb.lc_namechange"]
```


>>>>> 【user】 Said:
已取得可用的数据表的字段信息如下:
[{"表名": "astockbasicinfodb.lc_namechange", "表字段": [{"column": "CompanyCode", "desc": "公司代码"}, {"column": "InfoPublDate", "desc": "信息发布日期"}, {"column": "InfoSource", "desc": "信息来源"}, {"column": "SMDeciPublDate", "desc": "股东大会决议公告日期"}, {"column": "IfPassed", "desc": "是否否决；是否否决(IfPassed)，该字段固定以下常量：1-是；0-否"}, {"column": "ChangeDate", "desc": "全称更改日期"}, {"column": "ChiName", "desc": "中文名称"}, {"column": "ChiNameAbbr", "desc": "中文名称缩写"}, {"column": "EngName", "desc": "英文名称"}, {"column": "EngNameAbbr", "desc": "英文名称缩写"}]}]

请选择column，务必遵循输出的格式要求。

>>>>> Agent【Check_db_structure.columns_selector】 Said:
【分析】
用户询问的是股票代码为000998的公司的英文名称，因此需要找到包含公司代码和英文名称的字段。

【信息所在字段】
- astockbasicinfodb.lc_namechange.CompanyCode: 这个字段可能包含公司代码信息，对应用户提问中的股票代码000998
- astockbasicinfodb.lc_namechange.EngName: 这个字段可能包含英文名称信息，对应用户提问中的公司的英文名称

【筛选条件所在字段】
- astockbasicinfodb.lc_namechange.CompanyCode: 这个字段可能包含公司代码信息，对应用户提问中的股票代码000998

【选中的字段的清单】
```json
{"astockbasicinfodb.lc_namechange": ["CompanyCode", "EngName"]}
```


>>>>> 【user】 Said:
请问股票代码为000998的公司的英文名称是什么？

>>>>> Agent【Sql_query.master】 Said:
【已知信息】
- 股票代码为000998的公司信息在`constantdb.secumain`表中
- 该公司的`InnerCode`是613
- 该公司的`CompanyCode`是549
- 该公司的中文名称是袁隆平农业高科技股份有限公司
- 该公司的英文名称是Yuan Longping High-Tech Agriculture Co.,Ltd.
- 该公司的中文名称缩写是隆平高科
- 该公司的英文名称缩写是Long Ping High-Tech
- 该公司的证券简称是隆平高科
- 该公司的拼音证券简称是LPGK

【当前阶段要获取的信息】
- 该公司的英文名称

【信息所在字段】
- `EngName`

【筛选条件所在字段】
- `SecuCode`

【SQL语句的思路】
- 从`constantdb.secumain`表中查询`EngName`字段
- 筛选条件是`SecuCode`等于'000998'

【执行SQL语句】
```exec_sql
SELECT EngName 
FROM constantdb.secumain 
WHERE SecuCode = '000998'
```

【上述SQL语句的含义】
- 从`constantdb.secumain`表中获取证券代码为'000998'的公司的英文名称。

>>>>> 查询sql:
SELECT EngName 
FROM constantdb.secumain 
WHERE SecuCode = '000998';
查询结果:
[{"EngName": "Yuan Longping High-Tech Agriculture Co.,Ltd."}]


>>>>> 【user】 Said:
查询SQL:
SELECT EngName 
FROM constantdb.secumain 
WHERE SecuCode = '000998';
查询结果:
[{"EngName": "Yuan Longping High-Tech Agriculture Co.,Ltd."}]

请理解查询结果

>>>>> Agent【Sql_query.understand_query_result】 Said:
查询结果表明: 在constantdb数据库的secumain表中，证券代码为'000998'的证券对应的英文名称为"Yuan Longping High-Tech Agriculture Co.,Ltd."。


>>>>> 【user】 Said:
查询SQL:
SELECT EngName 
FROM constantdb.secumain 
WHERE SecuCode = '000998';
查询结果:
[{"EngName": "Yuan Longping High-Tech Agriculture Co.,Ltd."}]

查询结果表明: 在constantdb数据库的secumain表中，证券代码为'000998'的证券对应的英文名称为"Yuan Longping High-Tech Agriculture Co.,Ltd."。

请检查筛选条件是否存在问题，比如时间日期字段没有用DATE()或YEAR()格式化？当然，如果没问题，那么就根据结果考虑下一步；那么当前掌握的信息是否能够回答"请问股票代码为000998的公司的英文名称是什么？"？还是要继续执行下一阶段SQL查询？

>>>>> Agent【Sql_query.master】 Said:
【已知信息】
- 股票代码为000998的公司信息在`constantdb.secumain`表中
- 该公司的`InnerCode`是613
- 该公司的`CompanyCode`是549
- 该公司的中文名称是袁隆平农业高科技股份有限公司
- 该公司的英文名称是Yuan Longping High-Tech Agriculture Co.,Ltd.
- 该公司的中文名称缩写是隆平高科
- 该公司的英文名称缩写是Long Ping High-Tech
- 该公司的证券简称是隆平高科
- 该公司的拼音证券简称是LPGK
- 查询结果确认该公司的英文名称为"Yuan Longping High-Tech Agriculture Co.,Ltd."

【当前阶段要获取的信息】
- 无

【信息所在字段】
- 无

【筛选条件所在字段】
- 无

【SQL语句的思路】
- 无

【执行SQL语句】
- 无

【上述SQL语句的含义】
- 无

当前掌握的信息已经能够回答"请问股票代码为000998的公司的英文名称是什么？"的问题。该公司的英文名称为"Yuan Longping High-Tech Agriculture Co.,Ltd."，因此无需继续执行下一阶段SQL查询。


>>>>> 【user】 Said:
充分尊重前面给出的结论，回答问题:"请问股票代码为000998的公司的英文名称是什么？"

>>>>> Agent【Sql_query.summary】 Said:
Yuan Longping High-Tech Agriculture Co.,Ltd.
