
>>>>> Original Question: 那一天上涨和下跌的证券数量分别是？


>>>>> 【user】 Said:
提取下面这段文字中的实体（如公司名、股票代码、拼音缩写等），如果识别结果是空，那么就回复No Entities."那一天上涨和下跌的证券数量分别是？"

>>>>> Agent【extract_company】 Said:
No Entities.


>>>>> 【user】 Said:
下面是顺序的历史问答:
'''
Question: 2019下半年，成交量创近一季度新高的证券数量最多的交易日是哪一天？用XXXX年XX月XX日回复我
Answer: 2019年12月17日
Question: 那一天成交量创近一季度新高的证券数量有多少？
Answer: 2019年12月17日，成交量创近一季度新高的证券数量: 62
'''
现在用户继续提问，请根据已知信息，理解当前这个问题的完整含义，并重写这个问题使得单独拿出来看仍然能够正确理解：那一天上涨和下跌的证券数量分别是？

>>>>> Agent【rewrite_question】 Said:
2019年12月17日，上涨和下跌的证券数量分别是多少？

>>>>> 已知事实:


>>>>> 【user】 Said:
请选择db，务必遵循输出的格式要求。

>>>>> Agent【Check_db_structure.db_selector】 Said:
【分析】
用户需要查询2019年12月17日上涨和下跌的证券数量。这涉及到具体的证券行情数据，包括每日的价格变动情况。根据知识库中的描述，`astockmarketquotesdb`（上市公司股票行情）数据库记录了境内股票的交易行情，包括每日行情、价格变动等信息，是最适合用于查询这一问题的数据库。

【选中的数据库】
- astockmarketquotesdb: 这个数据库包含每日证券交易行情数据，包括开盘价、收盘价、涨跌幅等信息，可以用来计算上涨和下跌的证券数量。

【选中的数据库的清单】
```json
["astockmarketquotesdb"]
```


>>>>> 【user】 Said:
数据库表信息如下:
[{"表名": "astockmarketquotesdb.cs_stockcapflowindex", "说明": "该数据表记录了证券交易相关的详细数据，涵盖交易日期、时间区间等基本信息，以及按小单、中单、大单、超大单、主力单和全单分类的交易统计数据，包括流入流出金额、流入流出量、流入流出笔数、净流入流出额与量、买入卖出率（按金额和数量计算）、净买入率及其与流通市值或流通股本的比值等。此外，还细分了主动买入卖出相关的金额、数量、笔数及其比率等指标，全面反映了不同交易规模下的资金流向和市场行为特征。"}, {"表名": "astockmarketquotesdb.cs_turnovervoltecindex", "说明": "该数据表记录了证券交易的相关数据，包含多个类别的字段信息。基本信息包括证券内部编码、聚源代码、交易日期、证券市场等；时间维度涵盖指标周期；成交额和成交量的统计指标包括简单移动平均值（如5日、10日、20日、30日、60日、120日、250日等周期的AMA和VMA）、指数平滑异同平均（如VMACD_EMA12、VMACD_EMA26、VMACD_DIFF、VMACD_DEA、VMACD_MACD）等；成交量的波动性与强弱分析指标包括量比、成交量震荡指标(VOSC)、加权指数成交量(TAPI及其均值TAPIMA)、成交量标准差(VSTD)、量变动速率(VROC)、成交量比率(VR)、量相对强弱(VRSI)等，全面反映证券交易的量价变化及趋势特征。"}, {"表名": "astockmarketquotesdb.cs_stockpatterns", "说明": "该数据表主要用于记录证券交易的多维度表现与趋势分析，涵盖基础信息如证券内部编码、交易日、聚源代码、证券市场等；高点与低点分析，包括价格、收盘价、成交量、成交金额在近一周、一个月、一季度、半年、一年及上市以来的创高或创低情况；历史新高新低统计，记录不同时间区间内创历史新高或新低的次数；趋势与形态分析，如连涨天数、连跌天数、连续放量或缩量天数，以及对5日、10日、20日、60日均线的有效突破情况；其他指标如N天M板表现和均线多空头排列的看涨看跌信号，为证券的短期与长期走势提供综合性参考。"}, {"表名": "astockmarketquotesdb.qt_dailyquote", "说明": "该数据表记录了证券交易的核心信息，包括证券的唯一标识\"证券内部编码\"，交易日期\"交易日\"，以及价格相关数据如\"昨收盘价\"、\"今开盘价\"、\"最高价\"、\"最低价\"和\"收盘价\"（单位均为元）；还包含交易活动指标，如\"成交量\"（股）、\"成交金额\"（元）和\"成交笔数\"（笔），全面反映了每日交易的市场表现。"}, {"表名": "astockmarketquotesdb.qt_stockperformance", "说明": "该数据表涵盖了证券交易的多维度信息，包括基本标识字段如证券内部编码和交易日；价格相关信息如开盘价、收盘价、最高价、最低价、均价以及涨跌幅、振幅等；成交数据如成交量、成交金额、换手率及其日均值；时间维度统计如周、月、三个月、六个月、十二个月及今年以来的价格、成交量、成交金额、涨跌幅、振幅、换手率等汇总指标；自由流通股本相关的换手率及其日均值；市场表现指标如Beta值（相对于不同基准指数）、阿尔法值、波动率、夏普比率、市场收益率等；市值信息包括总市值和流通市值；特殊价格指标如上市以来后复权的最高价、最低价及对应时间。该表全面整合了短期和长期的交易数据、市场表现以及统计汇总，为证券分析提供了丰富的基础数据支持。"}, {"表名": "astockmarketquotesdb.lc_suspendresumption", "说明": "该数据表主要记录证券停复牌相关信息，包括证券标识字段如证券内部编码，时间相关字段如信息发布日期、停牌日期、停牌时间、复牌日期、复牌时间，信息来源字段如信息来源，停复牌详情字段如停牌原因、停牌事项说明、停牌期限、停牌期限类型及复牌事项说明等，全面描述了证券停复牌的时间、原因及相关说明。"}]

请选择table，务必遵循输出的格式要求。

>>>>> Agent【Check_db_structure.table_selector】 Said:
【分析】
要确定2019年12月17日上涨和下跌的证券数量，我们需要一个包含当日所有证券价格变动信息的表。具体来说，我们需要以下信息：
1. 交易日期
2. 证券的唯一标识
3. 价格变动情况（如涨跌幅）

【选中的数据表】
- astockmarketquotesdb.qt_dailyquote: 这个数据表记录了证券交易的核心信息，包括交易日期、证券内部编码，以及价格相关数据如昨收盘价、今开盘价、最高价、最低价和收盘价，可以用来计算涨跌幅。

【选中的数据库表的清单】
```json
["astockmarketquotesdb.qt_dailyquote"]
```

补充选择table: ["hkstockdb.cs_hkstockperformance", "usstockdb.us_dailyquote"]
补充选择table: ["astockmarketquotesdb.qt_stockperformance"]
补充选择table: ["astockmarketquotesdb.cs_stockpatterns"]

>>>>> 【user】 Said:
已取得可用的数据表的字段信息如下:
[{"表名": "astockmarketquotesdb.qt_dailyquote", "表字段": [{"column": "InnerCode", "desc": "证券内部编码；，得到证券的交易代码、简称等。"}, {"column": "TradingDay", "desc": "交易日"}, {"column": "PrevClosePrice", "desc": "昨收盘(元)"}, {"column": "OpenPrice", "desc": "今开盘(元)"}, {"column": "HighPrice", "desc": "最高价(元)"}, {"column": "LowPrice", "desc": "最低价(元)"}, {"column": "ClosePrice", "desc": "收盘价(元)"}, {"column": "TurnoverVolume", "desc": "成交量(股)；当证券类别为指数时，股票指数成交量单位是股，基金指数成交量单位是份，债券指数成交量单位是元。"}, {"column": "TurnoverValue", "desc": "成交金额(元)"}, {"column": "TurnoverDeals", "desc": "成交笔数(笔)"}]}, {"表名": "hkstockdb.cs_hkstockperformance", "表字段": [{"column": "InnerCode", "desc": "证券内部编码"}, {"column": "TradingDay", "desc": "交易日"}, {"column": "PrevClosePrice", "desc": "昨收盘"}, {"column": "OpenPrice", "desc": "今开盘"}, {"column": "HighPrice", "desc": "最高价"}, {"column": "LowPrice", "desc": "最低价"}, {"column": "ClosePrice", "desc": "收盘价"}, {"column": "CurrencyUnitCode", "desc": "货币代码；，令LB=1068 AND DM IN (1000,1100,1420)，得到货币代码的具体描述：1000-美元，1100-港元，1420-人民币元。"}, {"column": "TurnoverVolume", "desc": "成交量"}, {"column": "TurnoverValue", "desc": "成交金额(元)"}, {"column": "ChangeOF", "desc": "涨跌"}, {"column": "ChangePCT", "desc": "涨跌幅(%)"}, {"column": "RangePCT", "desc": "振幅(%)"}, {"column": "TurnoverRate", "desc": "换手率(%)"}, {"column": "AvgPrice", "desc": "均价"}, {"column": "TotalMV", "desc": "总市值(元)"}, {"column": "NegotiableMV", "desc": "流通市值(不含限售股)(元)"}, {"column": "TurnoverValueRW", "desc": "近一周成交金额(元)"}, {"column": "TurnoverVolumeRW", "desc": "近一周成交量(股)"}, {"column": "ChangeOFRW", "desc": "近一周涨跌(元)"}, {"column": "ChangePCTRW", "desc": "近一周涨跌幅(%)"}, {"column": "RangePCTRW", "desc": "近一周振幅(%)"}, {"column": "TurnoverRateRW", "desc": "近一周换手率(%)"}, {"column": "AvgPriceRW", "desc": "近一周成交均价(元)"}, {"column": "HighPriceRW", "desc": "近一周最高价(元)"}, {"column": "LowPriceRW", "desc": "近一周最低价(元)"}, {"column": "HighestClosePriceRW", "desc": "近一周收盘最高价(元)"}, {"column": "LowestClosePriceRW", "desc": "近一周收盘最低价(元)"}, {"column": "TurnoverValuePerDayRW", "desc": "近一周日均成交金额(元)"}, {"column": "TurnoverRatePerDayRW", "desc": "近一周日均换手率(%)"}, {"column": "TurnVolumePerDayRW", "desc": "近一周日均成交量(股)"}, {"column": "ChangePCTPerDayRW", "desc": "近一周日均涨跌幅(%)"}, {"column": "RangePCTPerDayRW", "desc": "近一周日均振幅(%)"}, {"column": "TotalMVPerDayRW", "desc": "近一周日均总市值(元)"}, {"column": "NegotiableMVPerDayRW", "desc": "近一周日均流通市值(不含限售股)(元)"}, {"column": "TurnoverValueTW", "desc": "本周以来成交金额(元)"}, {"column": "TurnoverVolumeTW", "desc": "本周以来成交量(股)"}, {"column": "ChangeOFTW", "desc": "本周以来涨跌(元)"}, {"column": "ChangePCTTW", "desc": "本周以来涨跌幅(%)"}, {"column": "RangePCTTW", "desc": "本周以来振幅(%)"}, {"column": "TurnoverRateTW", "desc": "本周以来换手率(%)"}, {"column": "AvgPriceTW", "desc": "本周以来成交均价(元)"}, {"column": "HighPriceTW", "desc": "本周以来最高价(元)"}, {"column": "LowPriceTW", "desc": "本周以来最低价(元)"}, {"column": "HighestClosePriceTW", "desc": "本周以来收盘最高价(元)"}, {"column": "LowestClosePriceTW", "desc": "本周以来收盘最低价(元)"}, {"column": "TurnoverValuePerDayTW", "desc": "本周以来日均成交金额(元)"}, {"column": "TurnoverRatePerDayTW", "desc": "本周以来日均换手率(%)"}, {"column": "TurnVolumePerDayTW", "desc": "本周以来日均成交量(股)"}, {"column": "ChangePCTPerDayTW", "desc": "本周以来日均涨跌幅(%)"}, {"column": "RangePCTPerDayTW", "desc": "本周以来日均振幅(%)"}, {"column": "TotalMVPerDayTW", "desc": "本周以来日均总市值(元)"}, {"column": "NegotiableMVPerDayTW", "desc": "本周以来日均流通市值(不含限售股)(元)"}, {"column": "TurnoverValueRM", "desc": "近一月成交金额(元)"}, {"column": "TurnoverVolumeRM", "desc": "近一月成交量(股)"}, {"column": "ChangeOFRM", "desc": "近一月涨跌(元)"}, {"column": "ChangePCTRM", "desc": "近一月涨跌幅(%)"}, {"column": "RangePCTRM", "desc": "近一月月振幅(%)"}, {"column": "TurnoverRateRM", "desc": "近一月月换手率(%)"}, {"column": "AvgPriceRM", "desc": "近一月成交均价(元)"}, {"column": "HighPriceRM", "desc": "近一月最高价(元)"}, {"column": "LowPriceRM", "desc": "近一月最低价(元)"}, {"column": "HighestClosePriceRM", "desc": "近一月收盘最高价(元)"}, {"column": "LowestClosePriceRM", "desc": "近一月收盘最低价(元)"}, {"column": "TurnoverValuePerDayRM", "desc": "近一月日均成交金额(元)"}, {"column": "TurnoverRatePerDayRM", "desc": "近一月日均换手率(%)"}, {"column": "TurnVolumePerDayRM", "desc": "近一月日均成交量(股)"}, {"column": "ChangePCTPerDayRM", "desc": "近一月日均涨跌幅(%)"}, {"column": "RangePCTPerDayRM", "desc": "近一月日均振幅(%)"}, {"column": "TotalMVPerDayRM", "desc": "近一月日均总市值(元)"}, {"column": "NegotiableMVPerDayRM", "desc": "近一月日均流通市值(不含限售股)(元)"}, {"column": "TurnoverValueTM", "desc": "本月以来成交金额(元)"}, {"column": "TurnoverVolumeTM", "desc": "本月以来成交量(股)"}, {"column": "ChangeOFTM", "desc": "本月以来涨跌(元)"}, {"column": "ChangePCTTM", "desc": "本月以来涨跌幅(%)"}, {"column": "RangePCTTM", "desc": "本月以来振幅(%)"}, {"column": "TurnoverRateTM", "desc": "本月以来换手率(%)"}, {"column": "AvgPriceTM", "desc": "本月以来成交均价(元)"}, {"column": "HighPriceTM", "desc": "本月以来最高价(元)"}, {"column": "LowPriceTM", "desc": "本月以来最低价(元)"}, {"column": "HighestClosePriceTM", "desc": "本月以来收盘最高价(元)"}, {"column": "LowestClosePriceTM", "desc": "本月以来收盘最低价(元)"}, {"column": "TurnoverValuePerDayTM", "desc": "本月以来日均成交金额(元)"}, {"column": "TurnoverRatePerDayTM", "desc": "本月以来日均换手率(%)"}, {"column": "TurnVolumePerDayTM", "desc": "本月以来日均成交量(股)"}, {"column": "ChangePCTPerDayTM", "desc": "本月以来日均涨跌幅(%)"}, {"column": "RangePCTPerDayTM", "desc": "本月以来日均振幅(%)"}, {"column": "TotalMVPerDayTM", "desc": "本月以来日均总市值(元)"}, {"column": "NegotiableMVPerDayTM", "desc": "本月以来日均流通市值(不含限售股)(元)"}, {"column": "TurnoverValueRMThree", "desc": "近三个月成交金额(元)"}, {"column": "TurnoverVolumeRMThree", "desc": "近三个月成交量(股)"}, {"column": "ChangeOFRMThree", "desc": "近三个月涨跌(元)"}, {"column": "ChangePCTRMThree", "desc": "近三个月涨跌幅(%)"}, {"column": "RangePCTRMThree", "desc": "近三个月振幅(%)"}, {"column": "TurnoverRateRMThree", "desc": "近三个月换手率(%)"}, {"column": "AvgPriceRMThree", "desc": "近三个月成交均价(元)"}, {"column": "HighPriceRMThree", "desc": "近三个月以来最高价(元)"}, {"column": "LowPriceRMThree", "desc": "近三个月以来最低价(元)"}, {"column": "HighestClosePRMThree", "desc": "近三个月以来收盘最高价(元)"}, {"column": "LowestClosePRMThree", "desc": "近三个月以来收盘最低价(元)"}, {"column": "TurnValuePDayRMThree", "desc": "近三个月日均成交金额(元)"}, {"column": "TurnRatePDayRMThree", "desc": "近三个月日均换手率(%)"}, {"column": "TurnVolumePDayRMThree", "desc": "近三个月日均成交量(股)"}, {"column": "ChangePCTPDayRMThree", "desc": "近三个月日均涨跌幅(%)"}, {"column": "RangePCTPDayRMThree", "desc": "近三个月日均振幅(%)"}, {"column": "TotalMVPerDayRMThree", "desc": "近三个月日均总市值(元)"}, {"column": "NegotiableMVPRMThree", "desc": "近三个月日均流通市值(不含限售股)(元)"}, {"column": "TurnoverValueRMSix", "desc": "近六个月成交金额(元)"}, {"column": "TurnoverVolumeRMSix", "desc": "近六个月成交量(股)"}, {"column": "ChangeOFRMSix", "desc": "近六个月涨跌(元)"}, {"column": "ChangePCTRMSix", "desc": "近六个月涨跌幅(%)"}, {"column": "RangePCTRMSix", "desc": "近六个月振幅(%)"}, {"column": "TurnoverRateRMSix", "desc": "近六个月换手率(%)"}, {"column": "AvgPriceRMSix", "desc": "近六个月成交均价(元)"}, {"column": "HighPriceRMSix", "desc": "近六个月以来最高价(元)"}, {"column": "LowPriceRMSix", "desc": "近六个月以来最低价(元)"}, {"column": "HighestClosePRMSix", "desc": "近六个月以来收盘最高价(元)"}, {"column": "LowestClosePRMSix", "desc": "近六个月以来收盘最低价(元)"}, {"column": "TurnValuePDayRMSix", "desc": "近六个月日均成交金额(元)"}, {"column": "TurnRatePDayRMSix", "desc": "近六个月日均换手率(%)"}, {"column": "TurnVolumePDayRMSix", "desc": "近六个月日均成交量(股)"}, {"column": "ChangePCTPDayRMSix", "desc": "近六个月日均涨跌幅(%)"}, {"column": "RangePCTPDayRMSix", "desc": "近六个月日均振幅(%)"}, {"column": "TotalMVPerDayRMSix", "desc": "近六个月日均总市值(元)"}, {"column": "NegotiableMVPRMSix", "desc": "近六个月日均流通市值(不含限售股)(元)"}, {"column": "TurnoverValueRY", "desc": "近一年成交金额(元)"}, {"column": "TurnoverVolumeRY", "desc": "近一年成交量(股)"}, {"column": "ChangeOFRY", "desc": "近一年涨跌(元)"}, {"column": "ChangePCTRY", "desc": "近一年涨跌幅(%)"}, {"column": "RangePCTRY", "desc": "近一年振幅(%)"}, {"column": "TurnoverRateRY", "desc": "近一年换手率(%)"}, {"column": "AvgPriceRY", "desc": "近一年成交均价(元)"}, {"column": "HighPriceRY", "desc": "近一年最高价(元)"}, {"column": "LowPriceRY", "desc": "近一年最低价(元)"}, {"column": "HighestClosePRY", "desc": "近一年收盘价最高(元)"}, {"column": "LowestClosePRY", "desc": "近一年收盘价最低(元)"}, {"column": "TurnoverValuePDayRY", "desc": "近一年日均成交金额(元)"}, {"column": "TurnoverRatePDayRY", "desc": "近一年日均换手率(%)"}, {"column": "TurnVolumePDayRY", "desc": "近一年日均成交量(股)"}, {"column": "ChangePCTPDayRY", "desc": "近一年日均涨跌幅(%)"}, {"column": "RangePCTPDayRY", "desc": "近一年日均振幅(%)"}, {"column": "TotalMVPerDayRY", "desc": "近一年日均总市值(元)"}, {"column": "NegotiableMVPRY", "desc": "近一年日均流通市值(不含限售股)(元)"}, {"column": "TurnoverValueYTD", "desc": "今年以来成交金额(元)"}, {"column": "TurnoverVolumeYTD", "desc": "今年以来成交量(股)"}, {"column": "ChangeOFYTD", "desc": "今年以来涨跌(元)"}, {"column": "ChangePCTYTD", "desc": "今年以来涨跌幅(%)"}, {"column": "RangePCTYTD", "desc": "今年以来振幅(%)"}, {"column": "TurnoverRateYTD", "desc": "今年以来换手率(%)"}, {"column": "AvgPriceYTD", "desc": "今年以来成交均价(元)"}, {"column": "HighPriceYTD", "desc": "今年以来最高价(元)"}, {"column": "LowPriceYTD", "desc": "今年以来最低价(元)"}, {"column": "HighestClosePriceYTD", "desc": "今年以来收盘最高价(元)"}, {"column": "LowestClosePriceYTD", "desc": "今年以来收盘最低价(元)"}, {"column": "TurnoverValuePerDayYTD", "desc": "今年以来日均成交金额(元)"}, {"column": "TurnoverRatePerDayYTD", "desc": "今年以来日均换手率(%)"}, {"column": "TurnVolumePDayYTD", "desc": "今年以来日均成交量(股)"}, {"column": "ChangePCTPerDayYTD", "desc": "今年以来日均涨跌幅(%)"}, {"column": "RangePCTPerDayYTD", "desc": "今年以来日均振幅(%)"}, {"column": "TotalMVPerDayYTD", "desc": "今年以来日均总市值(元)"}, {"column": "NegotiableMVPYTD", "desc": "今年以来日均流通市值(不含限售股)(元)"}, {"column": "HighAdjustedPrice", "desc": "上市以来复权最高价(元)"}, {"column": "HighAdjustedPriceDate", "desc": "上市以来复权最高价日期"}, {"column": "LowAdjustedPrice", "desc": "上市以来复权最低价(元)"}, {"column": "LowAdjustedPriceDate", "desc": "上市以来复权最低价日期"}]}, {"表名": "usstockdb.us_dailyquote", "表字段": [{"column": "TradingDay", "desc": "交易日"}, {"column": "InnerCode", "desc": "证券内部代码；，得到相关的交易代码、简称等。"}, {"column": "Open", "desc": "开盘价"}, {"column": "High", "desc": "最高价"}, {"column": "Low", "desc": "最低价"}, {"column": "Close", "desc": "收盘价"}, {"column": "Volume", "desc": "成交量(手)"}, {"column": "EPSTTM", "desc": "每股收益TTM(元/股)"}, {"column": "MarketCap", "desc": "证券总市值"}, {"column": "ShareOST", "desc": "证券总股本"}, {"column": "PrevClosePrice", "desc": "昨收盘"}, {"column": "ChangePCT", "desc": "涨跌幅(%)"}, {"column": "AvgPrice", "desc": "均价；均价（AvgPrice）：成交额/成交量"}, {"column": "TurnoverValue", "desc": "成交额(万)"}, {"column": "ChangeOF", "desc": "日涨跌"}]}, {"表名": "astockmarketquotesdb.qt_stockperformance", "表字段": [{"column": "InnerCode", "desc": "证券内部编码；，得到证券的交易代码、简称等。"}, {"column": "TradingDay", "desc": "交易日"}, {"column": "PrevClosePrice", "desc": "昨收盘"}, {"column": "OpenPrice", "desc": "今开盘"}, {"column": "HighPrice", "desc": "最高价"}, {"column": "LowPrice", "desc": "最低价"}, {"column": "ClosePrice", "desc": "收盘价"}, {"column": "TurnoverVolume", "desc": "成交量1"}, {"column": "TurnoverValue", "desc": "成交金额(元)1"}, {"column": "ChangePCT", "desc": "涨跌幅(%)1"}, {"column": "RangePCT", "desc": "振幅(%)1"}, {"column": "TurnoverRate", "desc": "换手率(%)"}, {"column": "AvgPrice", "desc": "均价"}, {"column": "Ifsuspend", "desc": "是否停牌；1：当日停牌；0：当日非停牌"}, {"column": "TurnoverValueRW", "desc": "周成交金额(元)"}, {"column": "TurnoverVolumeRW", "desc": "周成交量(股)"}, {"column": "ChangePCTRW", "desc": "周涨跌幅(%)"}, {"column": "RangePCTRW", "desc": "周振幅(%)"}, {"column": "TurnoverRateRW", "desc": "周换手率(%)"}, {"column": "AvgPriceRW", "desc": "周成交均价(元)"}, {"column": "HighPriceRW", "desc": "周最高价(元)"}, {"column": "LowPriceRW", "desc": "周最低价(元)"}, {"column": "HighestClosePriceRW", "desc": "周收盘最高价(元)"}, {"column": "LowestClosePriceRW", "desc": "周收盘最低价(元)"}, {"column": "TurnoverValuePerDayRW", "desc": "周日均成交金额(元)"}, {"column": "TurnoverRatePerDayRW", "desc": "周日均换手率(%)"}, {"column": "TurnoverValueTW", "desc": "本周以来成交金额(元)"}, {"column": "TurnoverVolumeTW", "desc": "本周以来成交量(股)"}, {"column": "ChangePCTTW", "desc": "本周以来涨跌幅(%)"}, {"column": "RangePCTTW", "desc": "本周以来振幅(%)"}, {"column": "TurnoverRateTW", "desc": "本周以来换手率(%)"}, {"column": "AvgPriceTW", "desc": "本周以来成交均价(元)"}, {"column": "HighPriceTW", "desc": "本周以来最高价(元)"}, {"column": "LowPriceTW", "desc": "本周以来最低价(元)"}, {"column": "HighestClosePriceTW", "desc": "本周以来收盘最高价(元)"}, {"column": "LowestClosePriceTW", "desc": "本周以来收盘最低价(元)"}, {"column": "TurnoverValuePerDayTW", "desc": "本周以来日均成交金额(元)"}, {"column": "TurnoverRatePerDayTW", "desc": "本周以来日均换手率(%)"}, {"column": "TurnoverValueRM", "desc": "月成交金额(元)"}, {"column": "TurnoverVolumeRM", "desc": "月成交量(股)"}, {"column": "ChangePCTRM", "desc": "月涨跌幅(%)"}, {"column": "RangePCTRM", "desc": "月振幅(%)"}, {"column": "TurnoverRateRM", "desc": "月换手率(%)"}, {"column": "AvgPriceRM", "desc": "月成交均价(元)"}, {"column": "HighPriceRM", "desc": "月最高价(元)"}, {"column": "LowPriceRM", "desc": "月最低价(元)"}, {"column": "HighestClosePriceRM", "desc": "月收盘最高价(元)"}, {"column": "LowestClosePriceRM", "desc": "月收盘最低价(元)"}, {"column": "TurnoverValuePerDayRM", "desc": "月日均成交金额(元)"}, {"column": "TurnoverRatePerDayRM", "desc": "月日均换手率(%)"}, {"column": "TurnoverValueTM", "desc": "本月以来成交金额(元)"}, {"column": "TurnoverVolumeTM", "desc": "本月以来成交量(股)"}, {"column": "ChangePCTTM", "desc": "本月以来涨跌幅(%)"}, {"column": "RangePCTTM", "desc": "本月以来振幅(%)"}, {"column": "TurnoverRateTM", "desc": "本月以来换手率(%)"}, {"column": "AvgPriceTM", "desc": "本月以来成交均价(元)"}, {"column": "HighPriceTM", "desc": "本月以来最高价(元)"}, {"column": "LowPriceTM", "desc": "本月以来最低价(元)"}, {"column": "HighestClosePriceTM", "desc": "本月以来收盘最高价(元)"}, {"column": "LowestClosePriceTM", "desc": "本月以来收盘最低价(元)"}, {"column": "TurnoverValuePerDayTM", "desc": "本月以来日均成交金额(元)"}, {"column": "TurnoverRatePerDayTM", "desc": "本月以来日均换手率(%)"}, {"column": "TurnoverValueRMThree", "desc": "三个月成交金额(元)1"}, {"column": "TurnoverVolumeRMThree", "desc": "三个月成交量(股)1"}, {"column": "ChangePCTRMThree", "desc": "三个月涨跌幅(%)1"}, {"column": "RangePCTRMThree", "desc": "三个月振幅(%)1"}, {"column": "TurnoverRateRMThree", "desc": "三个月换手率(%)1"}, {"column": "TurnoverValueRMSix", "desc": "六个月成交金额(元)1"}, {"column": "TurnoverVolumeRMSix", "desc": "六个月成交量(股)1"}, {"column": "ChangePCTRMSix", "desc": "六个月涨跌幅(%)1"}, {"column": "RangePCTRMSix", "desc": "六个月振幅(%)1"}, {"column": "TurnoverRateRMSix", "desc": "六个月换手率(%)1"}, {"column": "TurnoverValueRY", "desc": "十二个月成交金额(元)1"}, {"column": "TurnoverVolumeRY", "desc": "十二个月成交量(股)1"}, {"column": "ChangePCTRY", "desc": "十二个月涨跌幅(%)1"}, {"column": "RangePCTRY", "desc": "十二个月振幅(%)1"}, {"column": "TurnoverRateRY", "desc": "十二个月换手率(%)1"}, {"column": "AvgPriceRY", "desc": "十二个月成交均价(元)1"}, {"column": "HighPriceRY", "desc": "十二个月最高价(元)1"}, {"column": "LowPriceRY", "desc": "十二个月最低价(元)1"}, {"column": "HighestClosePriceRY", "desc": "十二个月收盘最高价(元)1"}, {"column": "LowestClosePriceRY", "desc": "十二个月收盘最低价(元)1"}, {"column": "TurnoverValuePDayRY", "desc": "十二个月日均成交金额(元)1"}, {"column": "TurnoverRatePDayRY", "desc": "十二个月日均换手率(%)1"}, {"column": "TurnoverValueYTD", "desc": "今年以来成交金额(元)1"}, {"column": "TurnoverVolumeYTD", "desc": "今年以来成交量(股)1"}, {"column": "ChangePCTYTD", "desc": "今年以来涨跌幅(%)1"}, {"column": "RangePCTYTD", "desc": "今年以来振幅(%)1"}, {"column": "TurnoverRateYTD", "desc": "今年以来换手率(%)1"}, {"column": "AvgPriceYTD", "desc": "今年以来成交均价(元)1"}, {"column": "HighPriceYTD", "desc": "今年以来最高价(元)1"}, {"column": "LowPriceYTD", "desc": "今年以来最低价(元)1"}, {"column": "HighestClosePriceYTD", "desc": "今年以来收盘最高价(元)1"}, {"column": "LowestClosePriceYTD", "desc": "今年以来收盘最低价(元)1"}, {"column": "TurnoverValuePerDayYTD", "desc": "今年以来日均成交金额(元)1"}, {"column": "TurnoverRatePerDayYTD", "desc": "今年以来日均换手率(%)1"}, {"column": "HighAdjustedPrice", "desc": "上市以来后复权最高价(元)1"}, {"column": "HighAdjustedPriceDate", "desc": "上市以来后复权最高价时间1"}, {"column": "LowAdjustedPrice", "desc": "上市以来后复权最低价(元)1"}, {"column": "LowAdjustedPriceDate", "desc": "上市以来后复权最低价时间"}, {"column": "BetaLargeCapIndex", "desc": "Beta值(相对沪深300,一年)"}, {"column": "BetaCompositeIndex", "desc": "Beta值(相对综合指数,一年)；在上海交易所上市，则取沪综指；在深圳交易所上市，则取深综指。"}, {"column": "BetaSYWGIndustryIndex", "desc": "Beta值(相对申万行业,一年)；取该股票所属的申万行业指数"}, {"column": "BetaMidCapIndex", "desc": "Beta值(相对中证500,一年)"}, {"column": "BetaWeekly", "desc": "Beta值(两年,周步长)；Beta值（两年,周步长）（BetaWeekly）：Beta=[n∑RXiRi-(∑RXi)*(∑Ri)]／[n∑（RXi^2）-(∑RXi)^2]Ri为步长区间股票增长率Rxi为步长区间基准增长率"}, {"column": "AdjustBetaWeekly", "desc": "调整Beta值(两年,周步长)；调整Beta值（两年,周步长）（AdjustBetaWeekly）：BETA值（两年,周步长）*0.67+0.33"}, {"column": "AlphaLargeCapIndex", "desc": "阿尔法(相对沪深300,一年)"}, {"column": "AlphaCompositeIndex", "desc": "阿尔法(相对综合指数,一年)；在上海交易所上市，则取沪综指；在深圳交易所上市，则取深综指。"}, {"column": "AlphaSYWGIndustryIndex", "desc": "阿尔法(相对申万行业,一年)；取该股票所属的申万行业指数。"}, {"column": "AlphMidCapIndex", "desc": "阿尔法(相对中证500,一年)"}, {"column": "YearVolatilityByDay", "desc": "波动率(日步长)；波动率(日步长)(YearVolatilityByDay):计算中为日步长数据，时间跨度为1年"}, {"column": "YearVolatilityByWeek", "desc": "波动率(周步长)1"}, {"column": "YearSharpeRatio", "desc": "夏普比率(年化)1"}, {"column": "MarketIndexRORArithAvg", "desc": "市场收益率(算术平均)；市场收益率（算术平均）（MarketIndexRORArithAvg）：Rm=（Rm1+Rm2）/2Rm1为上证综指年收益率（算术平均）Rm2为深证综指年收益率（算术平均）指数年平均收益率Rxi=(∑（Ri）/10)*100%"}, {"column": "MarketIndexRORGeomMean", "desc": "市场收益率(几何平均)；市场收益率（几何平均）（MarketIndexRORGeomMean）：Rm=（Rm1+Rm2）/2Rm1为上证综指年收益率（几何平均）Rm2为深证综指年收益率（几何平均）"}, {"column": "TotalMV", "desc": "总市值(元)1"}, {"column": "NegotiableMV", "desc": "流通市值(不含限售股)(元)1"}, {"column": "TurnoverRateFreeFloat", "desc": "换手率_自由流通股本(%)"}, {"column": "TurnoverRateFFTRW", "desc": "周换手率_自由流通股本(%)1"}, {"column": "TurnoverRatePDFFTRW", "desc": "周日均换手率_自由流通股本(%)1"}, {"column": "TurnoverRateFFTTW", "desc": "本周以来换手率_自由流通股本(%)"}, {"column": "TurnoverRatePDFFTTW", "desc": "本周以来日均换手率_自由流通股本(%)"}, {"column": "TurnoverRateFFTRM", "desc": "月换手率_自由流通股本(%)1"}, {"column": "TurnoverRatePDFFTRM", "desc": "月日均换手率_自由流通股本(%)1"}, {"column": "TurnoverRateFFTTM", "desc": "本月以来换手率_自由流通股本(%)1"}, {"column": "TurnoverRatePDFFTTM", "desc": "本月以来日均换手率_自由流通股本(%)1"}, {"column": "TurnoverRateFFTRMThree", "desc": "三个月换手率_自由流通股本(%)1"}, {"column": "TurnoverRateFFTRMSix", "desc": "六个月换手率_自由流通股本(%)1"}, {"column": "TurnoverRateFFTRY", "desc": "十二个月换手率_自由流通股本(%)1"}, {"column": "TurnoverRatePDFFTRY", "desc": "十二个月日均换手率_自由流通股本(%)1"}, {"column": "TurnoverRateFFTYTD", "desc": "今年以来换手率_自由流通股本(%)1"}, {"column": "TurnoverRatePDFFTYTD", "desc": "今年以来日均换手率_自由流通股本(%)1"}]}, {"表名": "astockmarketquotesdb.cs_stockpatterns", "表字段": [{"column": "InnerCode", "desc": "证券内部编码；，得到股票的证券代码、简称等其他详细信息。"}, {"column": "TradingDay", "desc": "交易日"}, {"column": "GilCode", "desc": "聚源代码"}, {"column": "SecuMarket", "desc": "证券市场"}, {"column": "IfHighestHPriceRW", "desc": "是否创近一周的新高；指定日期最高价是否大于指定日期最近N天最高价，是返回1， 否返回2。 N分别为：近1周、近1月、近3月、近半年、近1年、上市以来。"}, {"column": "IfHighestHPriceRM", "desc": "是否创近一月的新高"}, {"column": "IfHighestHPriceRMThree", "desc": "是否创近一季度的新高"}, {"column": "IfHighestHPriceRMSix", "desc": "是否创近半年的新高"}, {"column": "IfHighestHPriceRY", "desc": "是否创近一年的新高"}, {"column": "IfHighestHPriceSL", "desc": "是否创上市以来的新高"}, {"column": "IfHighestCPriceRW", "desc": "是否创近一周的新高收盘价；指定日期收盘价是否大于指定日期最近N天收盘价，是返回1， 否返回2。 N分别为：近1周、近1月、近3月、近半年、近1年、上市以来。"}, {"column": "IfHighestCPriceRM", "desc": "是否创近一月的新高收盘价"}, {"column": "IfHighestCPriceRMThree", "desc": "是否创近一季度的新高收盘价"}, {"column": "IfHighestCPriceRMSix", "desc": "是否创近半年的新高收盘价"}, {"column": "IfHighestCPriceRY", "desc": "是否创近一年的新高收盘价"}, {"column": "IfHighestCPriceSL", "desc": "是否创上市以来的新高收盘价"}, {"column": "IfHighestTVolumeRW", "desc": "是否创近一周的新高成交量"}, {"column": "IfHighestTVolumeRM", "desc": "是否创近一月的新高成交量；指定日期成交量是否大于指定日期最近N天成交量，是返回1， 否返回2。 N分别为：近1周、近1月、近3月、近半年、近1年、上市以来。"}, {"column": "IfHighestTVRMThree", "desc": "是否创近一季度的新高成交量"}, {"column": "IfHighestTVolumeRMSix", "desc": "是否创近半年的新高成交量"}, {"column": "IfHighestTVolumeRY", "desc": "是否创近一年的新高成交量"}, {"column": "IfHighestTVolumeSL", "desc": "是否创上市以来的新高成交量"}, {"column": "IfHighestTValueRW", "desc": "是否创近一周的新高成交金额；指定日期成交金额是否大于指定日期最近N天成交金额，是返回1， 否返回2。N分别为：近1周、近1月、近3月、近半年、近1年、上市以来。"}, {"column": "IfHighestTValueRM", "desc": "是否创近一月的新高成交金额"}, {"column": "IfHighestTValueRMThree", "desc": "是否创近一季度的新高成交金额"}, {"column": "IfHighestTValueRMSix", "desc": "是否创近半年的新高成交金额"}, {"column": "IfHighestTValueRY", "desc": "是否创近一年的新高成交金额"}, {"column": "IfHighestTValueSL", "desc": "是否创上市以来的新高成交金额"}, {"column": "HighestHPTimesSL", "desc": "最新交易日创历史新高次数；指定日期最近N天内大于指定日期之前的历史交易日最高价的次数。 N: 最新交易日、近1周、近1月、近3月、近半年、近1年"}, {"column": "HighestHPTimesRW", "desc": "最近一周创历史新高次数"}, {"column": "HighestHPTimesRM", "desc": "最近一月创历史新高次数"}, {"column": "HighestHPTimesRMThree", "desc": "最近一季度创历史新高次数"}, {"column": "HighestHPTimesRMSix", "desc": "最近半年创历史新高次数"}, {"column": "HighestHPTimesRY", "desc": "最近一年创历史新高次数"}, {"column": "IfLowestLPriceRW", "desc": "是否创近一周的新低；指定日期最低价是否小于指定日期最近N天最低价，是返回1， 否返回2。 N分别为：近1周、近1月、近3月、近半年、近1年、上市以来。"}, {"column": "IfLowestLPriceRM", "desc": "是否创近一个月的新低"}, {"column": "IfLowestLPRMThree", "desc": "是否创近一季度的新低"}, {"column": "IfLowestLPriceRMSix", "desc": "是否创近半年的新低"}, {"column": "IfLowestLPriceRY", "desc": "是否创近一年的新低"}, {"column": "IfLowestLPriceSL", "desc": "是否创上市以来的新低"}, {"column": "IfLowestClosePriceRW", "desc": "是否创近一周的新低收盘价；指定日期收盘价是否小于指定日期最近N天收盘价，是返回1， 否返回2。 N分别为：近1周、近1月、近3月、近半年、近1年、上市以来。"}, {"column": "IfLowestClosePriceRM", "desc": "是否创近一月的新低收盘价"}, {"column": "IfLowestCPriceRMThree", "desc": "是否创近一季度的新低收盘价"}, {"column": "IfLowestCPriceRMSix", "desc": "是否创近半年的新低收盘价"}, {"column": "IfLowestClosePriceRY", "desc": "是否创近一年的新低收盘价"}, {"column": "IfLowestClosePriceSL", "desc": "是否创上市以来的新低收盘价"}, {"column": "IfLowestTVolumeRW", "desc": "是否创近一周的新低成交量；指定日期成交量是否小于指定日期最近N天成交量，是返回1， 否返回2。 N分别为：近1周、近1月、近3月、近半年、近1年、上市以来。"}, {"column": "IfLowestTVolumeRM", "desc": "是否创近一月的新低成交量"}, {"column": "IfLowestTVolumeRMThree", "desc": "是否创近一季度的新低成交量"}, {"column": "IfLowestVolumeRMSix", "desc": "是否创近半年的新低成交量"}, {"column": "IfLowestTVolumeRY", "desc": "是否创近一年的新低成交量"}, {"column": "IfLowestTVolumeSL", "desc": "是否创上市以来的新低成交量"}, {"column": "IfLowestTValueRW", "desc": "是否创近一周的新低成交金额；指定日期成交金额是否小于指定日期最近N天成交金额，是返回1， 否返回2。N分别为：近1周、近1月、近3月、近半年、近1年、上市以来。"}, {"column": "IfLowestTValueRM", "desc": "是否创近一月的新低成交金额"}, {"column": "IfLowestTValueRMThree", "desc": "是否创近一季度的新低成交金额"}, {"column": "IfLowestTValueRMSix", "desc": "是否创近半年的新低成交金额"}, {"column": "IfLowestTValueRY", "desc": "是否创近一年的新低成交金额"}, {"column": "IfLowestTValueSL", "desc": "是否创上市以来的新低成交金额"}, {"column": "LowestLowPriceTimesSL", "desc": "最新交易日创历史新低次数；指定日期最近N天内小于指定日期之前的历史交易日最低价的次数， N: 最新交易日、近1周、近1月、近3月、近半年、近1年。"}, {"column": "LowestLowPriceTimesRW", "desc": "最近一周创历史新低次数"}, {"column": "LowestLowPriceTimesRM", "desc": "最近一个月创历史新低次数"}, {"column": "LowestLPTimesRMThree", "desc": "最近一季度创历史新低次数"}, {"column": "LowestLPTimesRMSix", "desc": "最近半年创历史新低次数"}, {"column": "LowestLPTimesRY", "desc": "最近一年创历史新低次数"}, {"column": "RisingUpDays", "desc": "连涨天数；统计个股在指定交易日期往前推连续上涨的天数。"}, {"column": "FallingDownDays", "desc": "连跌天数；统计个股在指定交易日期往前推连续下跌的天数。"}, {"column": "VolumeRisingUpDays", "desc": "连续放量天数；统计个股在指定交易日期往前推成交量连续上升的天数。"}, {"column": "VolumeFallingDownDays", "desc": "连续缩量天数；统计个股在指定交易日期往前推成交量连续下降的天数。"}, {"column": "BreakingMAverageFive", "desc": "向上向下有效突破5日均线；向上有效突破： 最近N天的收盘价>n日均线，且距今N+1天的收盘价<=n日均线。 向下有效突破： 最近N天的收盘价<n日均线，且距今N+1天的收盘价>=n日均线。 1-向上有效突破, 2-向下有效突破, 0-其他。 均线计算：n日均线=n日收盘价之和/n。 向上向下有效突破字段按照N=3 计算。"}, {"column": "BreakingMAverageTen", "desc": "向上向下有效突破10日均线"}, {"column": "BreakingMAverageTwenty", "desc": "向上向下有效突破20日均线"}, {"column": "BreakingMAverageSixty", "desc": "向上向下有效突破60日均线"}, {"column": "RaisingLimitInNDays", "desc": "N天M板；N天： 指定交易日往前取到连续三个非涨停的交易日的最后一个交易日的后一个交易日且该交易日涨停作为起始日期，指定交易日作为截至日期，N天即为起始日期到截至日期区间内的天数。 M板：上述N天内的涨停数。"}, {"column": "MAverageArrangements", "desc": "均线多空头排列看涨看跌；看涨：5日均线>10日均线>20日均线>60日均线，看涨返回1。 看跌：5日均线<10日均线<20日均线<60日均线，看跌返回2。"}]}]

请选择column，务必遵循输出的格式要求。

>>>>> Agent【Check_db_structure.columns_selector】 Said:
【分析】
用户询问的是2019年12月17日上涨和下跌的证券数量。

【信息所在字段】
- astockmarketquotesdb.qt_dailyquote.TradingDay: 这个字段包含交易日期信息，对应用户提问中的"2019年12月17日"。
- astockmarketquotesdb.qt_dailyquote.ChangePCT: 这个字段包含涨跌幅信息，可以用来判断证券是上涨还是下跌。

【筛选条件所在字段】
- astockmarketquotesdb.qt_dailyquote.TradingDay: 这个字段用于筛选出2019年12月17日的交易数据。

【选中的字段的清单】
```json
{"astockmarketquotesdb.qt_dailyquote": ["TradingDay", "ChangePCT"]}
```


>>>>> 【user】 Said:
之前已查询到信息如下:
查询结果表明: 在2019年7月1日至2019年12月31日期间，2019年12月17日这一天有62只证券创下了近一季度的新高成交量（IfHighestTVRMThree字段值为1），这是该时间段内单日创近一季度新高成交量证券数量最多的一天。
---
查询结果表明: 在2019年12月17日这一天，有62只股票的成交量创下了近一季度的新高，这些股票的记录存储在表astockmarketquotesdb.cs_stockpatterns中，并且其IfHighestTVRMThree字段值为1。

请问:2019年12月17日，上涨和下跌的证券数量分别是多少？

>>>>> Agent【Sql_query.master】 Said:
【已知信息】
- 2019年12月17日有62只证券创下了近一季度的新高成交量。
- 这些证券的记录存储在表`astockmarketquotesdb.cs_stockpatterns`中，并且其`IfHighestTVRMThree`字段值为1。

【当前阶段要获取的信息】
- 2019年12月17日上涨的证券数量
- 2019年12月17日下跌的证券数量

【信息所在字段】
- 上涨和下跌的信息可能存储在`astockmarketquotesdb.qt_dailyquote`表中的`ClosePrice`和`PreClosePrice`字段。

【筛选条件所在字段】
- `TradingDay`字段用于筛选2019年12月17日。

【SQL语句的思路】
1. 从`astockmarketquotesdb.qt_dailyquote`表中筛选出2019年12月17日的所有证券。
2. 通过比较`ClosePrice`和`PreClosePrice`来确定上涨和下跌的证券。
3. 计算上涨和下跌的证券数量。

【执行SQL语句】
```exec_sql
SELECT 
    SUM(CASE WHEN ClosePrice > PreClosePrice THEN 1 ELSE 0 END) AS UpCount,
    SUM(CASE WHEN ClosePrice < PreClosePrice THEN 1 ELSE 0 END) AS DownCount
FROM 
    astockmarketquotesdb.qt_dailyquote
WHERE 
    DATE(TradingDay) = '2019-12-17';
```

【上述SQL语句的含义】
- 该SQL语句从`astockmarketquotesdb.qt_dailyquote`表中筛选出2019年12月17日的所有证券记录。
- 使用`CASE`语句来判断每条记录的收盘价(`ClosePrice`)是否高于前一日收盘价(`PreClosePrice`)，从而确定上涨的证券数量(`UpCount`)。
- 同样使用`CASE`语句来判断每条记录的收盘价是否低于前一日收盘价，从而确定下跌的证券数量(`DownCount`)。
- 最后，通过`SUM`函数统计上涨和下跌的证券数量。

>>>>> 查询sql:
SELECT 
    SUM(CASE WHEN ClosePrice > PreClosePrice THEN 1 ELSE 0 END) AS UpCount,
    SUM(CASE WHEN ClosePrice < PreClosePrice THEN 1 ELSE 0 END) AS DownCount
FROM 
    astockmarketquotesdb.qt_dailyquote
WHERE 
    DATE(TradingDay) = '2019-12-17';
查询失败: 查询执行失败: (mysql.connector.errors.ProgrammingError) 1054 (42S22): Unknown column 'PreClosePrice' in 'field list'
[SQL: SELECT 
    SUM(CASE WHEN ClosePrice > PreClosePrice THEN 1 ELSE 0 END) AS UpCount,
    SUM(CASE WHEN ClosePrice < PreClosePrice THEN 1 ELSE 0 END) AS DownCount
FROM 
    astockmarketquotesdb.qt_dailyquote
WHERE 
    DATE(TradingDay) = '2019-12-17';]
(Background on this error at: https://sqlalche.me/e/20/f405)


>>>>> 【user】 Said:
查询SQL:
SELECT 
    SUM(CASE WHEN ClosePrice > PreClosePrice THEN 1 ELSE 0 END) AS UpCount,
    SUM(CASE WHEN ClosePrice < PreClosePrice THEN 1 ELSE 0 END) AS DownCount
FROM 
    astockmarketquotesdb.qt_dailyquote
WHERE 
    DATE(TradingDay) = '2019-12-17';
查询发生异常：查询执行失败: (mysql.connector.errors.ProgrammingError) 1054 (42S22): Unknown column 'PreClosePrice' in 'field list'
[SQL: SELECT 
    SUM(CASE WHEN ClosePrice > PreClosePrice THEN 1 ELSE 0 END) AS UpCount,
    SUM(CASE WHEN ClosePrice < PreClosePrice THEN 1 ELSE 0 END) AS DownCount
FROM 
    astockmarketquotesdb.qt_dailyquote
WHERE 
    DATE(TradingDay) = '2019-12-17';]
(Background on this error at: https://sqlalche.me/e/20/f405)

请修正

>>>>> Agent【Sql_query.master】 Said:
【已知信息】
- 2019年12月17日有62只证券创下了近一季度的新高成交量。
- 这些证券的记录存储在表`astockmarketquotesdb.cs_stockpatterns`中，并且其`IfHighestTVRMThree`字段值为1。
- `astockmarketquotesdb.qt_dailyquote`表中不存在`PreClosePrice`字段。

【当前阶段要获取的信息】
- 2019年12月17日上涨的证券数量
- 2019年12月17日下跌的证券数量

【信息所在字段】
- 上涨和下跌的信息可能存储在`astockmarketquotesdb.qt_dailyquote`表中的`ClosePrice`和`PreClosePrice`字段，但`PreClosePrice`字段不存在。

【筛选条件所在字段】
- `TradingDay`字段用于筛选2019年12月17日。

【SQL语句的思路】
1. 确认`astockmarketquotesdb.qt_dailyquote`表中是否存在`PreClosePrice`字段。
2. 如果不存在，可能需要从其他表获取前一日收盘价信息，或者使用其他字段来判断涨跌。

【执行SQL语句】
首先，我们需要确认`astockmarketquotesdb.qt_dailyquote`表中的所有字段，以便找到替代`PreClosePrice`的字段。

```exec_sql
SELECT * 
FROM astockmarketquotesdb.qt_dailyquote 
LIMIT 1;
```

【上述SQL语句的含义】
- 该SQL语句用于查看`astockmarketquotesdb.qt_dailyquote`表中的所有字段，以便找到可以替代`PreClosePrice`的字段。这将帮助我们了解表结构，从而修正查询。

>>>>> 查询sql:
SELECT * 
FROM astockmarketquotesdb.qt_dailyquote 
LIMIT 1;
查询结果:
[{"ID": 599757489947, "InnerCode": 28, "TradingDay": "2019-01-02 12:00:00.000", "PrevClosePrice": 4.31, "OpenPrice": 4.35, "HighPrice": 4.41, "LowPrice": 4.26, "ClosePrice": 4.3, "TurnoverVolume": 10189201.0, "TurnoverValue": 43979784.24, "TurnoverDeals": 5451, "XGRQ": "2019-01-02 03:18:09.923", "JSID": 599757489948}]


>>>>> 【user】 Said:
查询SQL:
SELECT * 
FROM astockmarketquotesdb.qt_dailyquote 
LIMIT 1;
查询结果:
[{"ID": 599757489947, "InnerCode": 28, "TradingDay": "2019-01-02 12:00:00.000", "PrevClosePrice": 4.31, "OpenPrice": 4.35, "HighPrice": 4.41, "LowPrice": 4.26, "ClosePrice": 4.3, "TurnoverVolume": 10189201.0, "TurnoverValue": 43979784.24, "TurnoverDeals": 5451, "XGRQ": "2019-01-02 03:18:09.923", "JSID": 599757489948}]

请理解查询结果

>>>>> Agent【Sql_query.understand_query_result】 Said:
查询结果表明:
该查询从`astockmarketquotesdb.qt_dailyquote`表中返回了第一条记录。记录显示，证券内部编码为28的证券在交易日2019-01-02的行情数据如下：前一日收盘价为4.31元，当日开盘价为4.35元，最高价为4.41元，最低价为4.26元，收盘价为4.3元，成交量为10189201股，成交金额为43979784.24元，成交笔数为5451笔。记录的更新时间为2019-01-02 03:18:09.923，记录ID为599757489947，关联ID为599757489948。


>>>>> 【user】 Said:
查询SQL:
SELECT * 
FROM astockmarketquotesdb.qt_dailyquote 
LIMIT 1;
查询结果:
[{"ID": 599757489947, "InnerCode": 28, "TradingDay": "2019-01-02 12:00:00.000", "PrevClosePrice": 4.31, "OpenPrice": 4.35, "HighPrice": 4.41, "LowPrice": 4.26, "ClosePrice": 4.3, "TurnoverVolume": 10189201.0, "TurnoverValue": 43979784.24, "TurnoverDeals": 5451, "XGRQ": "2019-01-02 03:18:09.923", "JSID": 599757489948}]

查询结果表明:
该查询从`astockmarketquotesdb.qt_dailyquote`表中返回了第一条记录。记录显示，证券内部编码为28的证券在交易日2019-01-02的行情数据如下：前一日收盘价为4.31元，当日开盘价为4.35元，最高价为4.41元，最低价为4.26元，收盘价为4.3元，成交量为10189201股，成交金额为43979784.24元，成交笔数为5451笔。记录的更新时间为2019-01-02 03:18:09.923，记录ID为599757489947，关联ID为599757489948。

当前掌握的信息是否能够回答"2019年12月17日，上涨和下跌的证券数量分别是多少？"？还是要继续执行下一阶段SQL查询？

>>>>> Agent【Sql_query.master】 Said:
【已知信息】
- `astockmarketquotesdb.qt_dailyquote`表中存在`PrevClosePrice`字段，用于表示前一日收盘价。
- 该表还包含`ClosePrice`字段，用于表示当日收盘价。

【当前阶段要获取的信息】
- 2019年12月17日上涨的证券数量
- 2019年12月17日下跌的证券数量

【信息所在字段】
- `PrevClosePrice`字段用于前一日收盘价。
- `ClosePrice`字段用于当日收盘价。

【筛选条件所在字段】
- `TradingDay`字段用于筛选2019年12月17日。

【SQL语句的思路】
1. 使用`PrevClosePrice`和`ClosePrice`字段来判断每只证券在2019年12月17日是上涨还是下跌。
2. 计算上涨和下跌的证券数量。

【执行SQL语句】
```exec_sql
SELECT 
    SUM(CASE WHEN ClosePrice > PrevClosePrice THEN 1 ELSE 0 END) AS UpCount,
    SUM(CASE WHEN ClosePrice < PrevClosePrice THEN 1 ELSE 0 END) AS DownCount
FROM 
    astockmarketquotesdb.qt_dailyquote
WHERE 
    DATE(TradingDay) = '2019-12-17';
```

【上述SQL语句的含义】
- 该SQL语句从`astockmarketquotesdb.qt_dailyquote`表中筛选出2019年12月17日的所有证券记录。
- 使用`CASE`语句来判断每条记录的收盘价(`ClosePrice`)是否高于前一日收盘价(`PrevClosePrice`)，从而确定上涨的证券数量(`UpCount`)。
- 同样使用`CASE`语句来判断每条记录的收盘价是否低于前一日收盘价，从而确定下跌的证券数量(`DownCount`)。
- 最后，通过`SUM`函数统计上涨和下跌的证券数量。

>>>>> 查询sql:
SELECT 
    SUM(CASE WHEN ClosePrice > PrevClosePrice THEN 1 ELSE 0 END) AS UpCount,
    SUM(CASE WHEN ClosePrice < PrevClosePrice THEN 1 ELSE 0 END) AS DownCount
FROM 
    astockmarketquotesdb.qt_dailyquote
WHERE 
    DATE(TradingDay) = '2019-12-17';
查询结果:
[{"UpCount": 338, "DownCount": 70}]


>>>>> 【user】 Said:
查询SQL:
SELECT 
    SUM(CASE WHEN ClosePrice > PrevClosePrice THEN 1 ELSE 0 END) AS UpCount,
    SUM(CASE WHEN ClosePrice < PrevClosePrice THEN 1 ELSE 0 END) AS DownCount
FROM 
    astockmarketquotesdb.qt_dailyquote
WHERE 
    DATE(TradingDay) = '2019-12-17';
查询结果:
[{"UpCount": 338, "DownCount": 70}]

请理解查询结果

>>>>> Agent【Sql_query.understand_query_result】 Said:
查询结果表明: 在2019年12月17日的交易日中，共有338只证券的收盘价高于前一交易日的收盘价（UpCount），而有70只证券的收盘价低于前一交易日的收盘价（DownCount）。


>>>>> 【user】 Said:
查询SQL:
SELECT 
    SUM(CASE WHEN ClosePrice > PrevClosePrice THEN 1 ELSE 0 END) AS UpCount,
    SUM(CASE WHEN ClosePrice < PrevClosePrice THEN 1 ELSE 0 END) AS DownCount
FROM 
    astockmarketquotesdb.qt_dailyquote
WHERE 
    DATE(TradingDay) = '2019-12-17';
查询结果:
[{"UpCount": 338, "DownCount": 70}]

查询结果表明: 在2019年12月17日的交易日中，共有338只证券的收盘价高于前一交易日的收盘价（UpCount），而有70只证券的收盘价低于前一交易日的收盘价（DownCount）。

当前掌握的信息是否能够回答"2019年12月17日，上涨和下跌的证券数量分别是多少？"？还是要继续执行下一阶段SQL查询？

>>>>> Agent【Sql_query.master】 Said:
【已知信息】
- 在2019年12月17日的交易日中，共有338只证券的收盘价高于前一交易日的收盘价（UpCount）。
- 同一天，有70只证券的收盘价低于前一交易日的收盘价（DownCount）。

【当前阶段要获取的信息】
- 2019年12月17日上涨的证券数量
- 2019年12月17日下跌的证券数量

【信息所在字段】
- `UpCount`字段表示上涨的证券数量。
- `DownCount`字段表示下跌的证券数量。

【筛选条件所在字段】
- 无需进一步筛选。

【SQL语句的思路】
- 当前查询结果已直接提供了所需信息，无需进一步执行SQL查询。

【执行SQL语句】
- 无需进一步执行SQL查询。

【上述SQL语句的含义】
- 无需进一步执行SQL查询，因为当前查询结果已直接回答了问题。

【回答】
2019年12月17日，上涨的证券数量为338只，下跌的证券数量为70只。当前掌握的信息已能够完全回答问题，无需继续执行下一阶段SQL查询。


>>>>> 【user】 Said:
充分尊重前面给出的结论，回答问题:"2019年12月17日，上涨和下跌的证券数量分别是多少？"

>>>>> Agent【Sql_query.summary】 Said:
2019年12月17日，上涨的证券数量: 338, 下跌的证券数量: 70
