
>>>>> Original Question: 这支基金的管理人法人是谁？


>>>>> Agent【extract_company】 Said:
No Entities.


>>>>> Agent【rewrite_question】 Said:
赵国英在其职业生涯中管理的基金中，规模最大的基金的管理人法人是谁？

>>>>> 已知事实:


>>>>> Agent【Check_db_structure.db_selector】 Said:
【分析】
要找到赵国英在其职业生涯中管理的规模最大的基金的管理人法人，我们需要以下信息：
1. 赵国英管理的所有基金的信息。
2. 这些基金的规模数据。
3. 基金管理人的法人信息。

根据知识库，以下数据库可能包含所需信息：
- `publicfunddb`：记录了公募基金的基本信息、产品名称、管理人概况及分红数据，可能包含赵国英管理的基金及其规模信息。
- `institutiondb`：记录了市场上重要机构的基本资料，可能包含基金管理人的法人信息。

【选中的数据库】
- `publicfunddb`：这个数据库包含公募基金的基本信息、管理人概况，可以找到赵国英管理的基金及其规模。
- `institutiondb`：这个数据库包含机构的基本资料，可以找到基金管理人的法人信息。

【选中的数据库的清单】
```json
["publicfunddb", "institutiondb"]
```


>>>>> Agent【Check_db_structure.table_selector】 Said:
【分析】
要找出赵国英在其职业生涯中管理的规模最大的基金的管理人法人，我们需要以下信息：
1. 赵国英管理的基金列表。
2. 这些基金的规模信息。
3. 基金管理人的信息。
4. 管理人的法人信息。

【选中的数据表】
- publicfunddb.mf_fundarchives: 这个数据表包含基金的基本信息、运作特性及相关规则，包括基金经理、管理人等信息。
- publicfunddb.mf_investadvisoroutline: 这个数据表记录了基金管理公司相关信息，包括法人代表等信息。

【选中的数据库表的清单】
```json
["publicfunddb.mf_fundarchives", "publicfunddb.mf_investadvisoroutline"]
```


>>>>> Agent【Check_db_structure.columns_selector】 Said:
【分析】
用户提问要求找出赵国英在其职业生涯中管理的基金中，规模最大的基金的管理人法人是谁。这个问题涉及以下几个关键点：
1. 赵国英管理的基金
2. 基金的规模
3. 基金的管理人
4. 管理人的法人

【信息所在字段】
- publicfunddb.mf_fundarchives.Manager: 这个字段可能包含基金经理信息，对应用户提问中的赵国英
- publicfunddb.mf_fundarchives.FoundedSize: 这个字段可能包含基金设立规模信息，对应用户提问中的规模最大的基金
- publicfunddb.mf_fundarchives.InvestAdvisorCode: 这个字段可能包含基金管理人代码信息，对应用户提问中的基金的管理人
- publicfunddb.mf_investadvisoroutline.LegalRepr: 这个字段可能包含基金管理人法人代表信息，对应用户提问中的管理人法人

【筛选条件所在字段】
- publicfunddb.mf_fundarchives.Manager: 用于筛选赵国英管理的基金
- publicfunddb.mf_fundarchives.FoundedSize: 用于筛选规模最大的基金
- publicfunddb.mf_fundarchives.InvestAdvisorCode: 用于关联基金管理人的信息

【选中的字段的清单】
```json
{
  "publicfunddb.mf_fundarchives": ["Manager", "FoundedSize", "InvestAdvisorCode"],
  "publicfunddb.mf_investadvisoroutline": ["LegalRepr"]
}
```


>>>>> Agent【Sql_query.master】 Said:
【已知信息】
- 在表`publicfunddb.mf_fundarchives`中，字段`Manager`为'赵国英'的记录数为0。
- 赵国英在其职业生涯中管理的基金中，规模最大的基金的管理人法人是谁？

【当前阶段要获取的信息】
- 无（因为赵国英管理的基金记录数为0，无法进一步查询）

【信息所在字段】
- 无

【筛选条件所在字段】
- 无

【SQL语句的思路】
- 无（因为赵国英管理的基金记录数为0，无法进一步查询）

【执行SQL语句】
```exec_sql
无
```

【上述SQL语句的含义】
- 无（因为赵国英管理的基金记录数为0，无法进一步查询）

由于赵国英在其职业生涯中管理的基金记录数为0，因此无法进一步查询其管理的基金中规模最大的基金的管理人法人。请确认是否需要其他查询或提供更多信息。


>>>>> Agent【Sql_query.summary】 Said:
无法确定。因为赵国英在其职业生涯中管理的基金记录数为0，无法查询到相关信息。
