
>>>>> Original Question: 中粮资本已连跌几天？


>>>>> Agent【extract_company】 Said:
```json
["中粮资本"]
```

>>>>> 查询sql:
SELECT 'constantdb.secumain' AS TableName, InnerCode, CompanyCode, ChiName, EngName, SecuCode
FROM constantdb.secumain 
WHERE SecuCode = '中粮资本'
   OR ChiName LIKE '%中粮资本%'
   OR ChiNameAbbr LIKE '%中粮资本%'
   OR EngName LIKE '%中粮资本%'
   OR EngNameAbbr LIKE '%中粮资本%'
   OR SecuAbbr LIKE '%中粮资本%'
UNION ALL
SELECT 'constantdb.hk_secumain' AS TableName, InnerCode, CompanyCode, ChiName, EngName, SecuCode
FROM constantdb.hk_secumain 
WHERE SecuCode = '%中粮资本%'
   OR ChiName LIKE '%中粮资本%'
   OR ChiNameAbbr LIKE '%中粮资本%'
   OR EngName LIKE '%中粮资本%'
   OR EngNameAbbr LIKE '%中粮资本%'
   OR SecuAbbr LIKE '%中粮资本%'
   OR FormerName LIKE '%中粮资本%'
UNION ALL
SELECT 'constantdb.us_secumain' AS TableName, InnerCode, CompanyCode, ChiName, EngName, SecuCode
FROM constantdb.us_secumain 
WHERE SecuCode = '中粮资本'
   OR ChiName LIKE '%中粮资本%'
   OR EngName LIKE '%中粮资本%'
   OR SecuAbbr LIKE '%中粮资本%';
查询结果:
[{"TableName": "constantdb.secumain", "InnerCode": 10458, "CompanyCode": 78989, "ChiName": "中粮资本控股股份有限公司", "EngName": "Cofco Capital Holdings Co.,Ltd.", "SecuCode": "002423"}]


>>>>> Agent【rewrite_question】 Said:
中粮资本控股股份有限公司（CompanyCode: 78989, InnerCode: 10458）已连续下跌几天？

>>>>> 已知事实:
中粮资本的关联信息有:[InnerCode(证券内部编码)是10458;CompanyCode(公司代码)是78989;ChiName(中文名称)是中粮资本控股股份有限公司;EngName(英文名称)是Cofco Capital Holdings Co.,Ltd.;SecuCode(证券代码)是002423;]
---
中粮资本的关联信息有:[InnerCode(证券内部编码)是10458;CompanyCode(公司代码)是78989;ChiName(中文名称)是中粮资本控股股份有限公司;EngName(英文名称)是Cofco Capital Holdings Co.,Ltd.;SecuCode(证券代码)是002423;]
---
中粮资本的关联信息有:[InnerCode(证券内部编码)是10458;CompanyCode(公司代码)是78989;ChiName(中文名称)是中粮资本控股股份有限公司;EngName(英文名称)是Cofco Capital Holdings Co.,Ltd.;SecuCode(证券代码)是002423;]

>>>>> Agent【Check_db_structure.db_selector】 Said:
【分析】
用户询问的是中粮资本控股股份有限公司（CompanyCode: 78989, InnerCode: 10458）的连续下跌天数。这需要查询该公司的股票行情数据，特别是每日的收盘价，以判断其连续下跌的天数。

【选中的数据库】
- astockmarketquotesdb: 这个数据库记录了境内股票的交易行情数据，包括每日行情、价格等信息，可以用来分析股票的连续下跌情况。

【选中的数据库的清单】
```json
["astockmarketquotesdb"]
```


>>>>> Agent【Check_db_structure.table_selector】 Said:
【分析】
用户需要查询中粮资本控股股份有限公司（CompanyCode: 78989, InnerCode: 10458）已连续下跌的天数。这需要我们找到记录该公司每日股价变动情况的表，并从中提取连续下跌的天数信息。

【选中的数据表】
- astockmarketquotesdb.cs_stockpatterns: 这个数据表包含趋势与形态分析，如连跌天数，可以直接用于查询中粮资本控股股份有限公司的连续下跌天数。

【选中的数据库表的清单】
```json
["astockmarketquotesdb.cs_stockpatterns"]
```


>>>>> Agent【Check_db_structure.columns_selector】 Said:
【分析】
用户提问中粮资本控股股份有限公司（CompanyCode: 78989, InnerCode: 10458）已连续下跌几天，需要找到与该公司及其股票连续下跌天数相关的字段。

【信息所在字段】
- astockmarketquotesdb.cs_stockpatterns.FallingDownDays: 这个字段可能包含连续下跌天数信息，对应用户提问中的“已连续下跌几天”。

【筛选条件所在字段】
- constantdb.secumain.CompanyCode: 这个字段可能包含公司代码信息，对应用户提问中的“CompanyCode: 78989”。
- constantdb.secumain.InnerCode: 这个字段可能包含证券内部编码信息，对应用户提问中的“InnerCode: 10458”。

【选中的字段的清单】
```json
{
  "astockmarketquotesdb.cs_stockpatterns": ["FallingDownDays"],
  "constantdb.secumain": ["CompanyCode", "InnerCode"]
}
```


>>>>> Agent【Sql_query.master】 Said:
【已知信息】
- 中粮资本控股股份有限公司的CompanyCode为78989，InnerCode为10458。
- 已查询到2021年7月27日中粮资本的VRSI量相对强弱指标值为58.0039。

【当前阶段要获取的信息】
中粮资本控股股份有限公司（CompanyCode: 78989, InnerCode: 10458）已连续下跌几天？

【信息所在字段】
- `FallingDownDays`（连跌天数）

【筛选条件所在字段】
- `InnerCode`（证券内部编码）

【SQL语句的思路】
- 从`astockmarketquotesdb.cs_stockpatterns`表中查询`FallingDownDays`字段。
- 使用`InnerCode`字段进行筛选，确保查询的是中粮资本的记录。

【执行SQL语句】
```exec_sql
SELECT FallingDownDays 
FROM astockmarketquotesdb.cs_stockpatterns 
WHERE InnerCode = 10458
LIMIT 1
```

【上述SQL语句的含义】
- 从`astockmarketquotesdb.cs_stockpatterns`表中选取`FallingDownDays`字段。
- 通过`InnerCode = 10458`条件筛选出中粮资本的记录。
- 使用`LIMIT 1`确保只返回一条记录。

>>>>> 查询sql:
SELECT FallingDownDays 
FROM astockmarketquotesdb.cs_stockpatterns 
WHERE InnerCode = 10458
LIMIT 1;
查询结果:
[{"FallingDownDays": 0}]


>>>>> Agent【Sql_query.understand_query_result】 Said:
查询结果表明: 该查询从`astockmarketquotesdb.cs_stockpatterns`表中获取了证券内部编码为10458的记录，并返回了其`FallingDownDays`字段的值。结果显示该证券在指定交易日期往前推的连续下跌天数为0天。


>>>>> Agent【Sql_query.master】 Said:
【已知信息】
- 中粮资本控股股份有限公司的CompanyCode为78989，InnerCode为10458。
- 已查询到2021年7月27日中粮资本的VRSI量相对强弱指标值为58.0039。
- 从`astockmarketquotesdb.cs_stockpatterns`表中查询到证券内部编码为10458的记录，其`FallingDownDays`字段的值为0。

【当前阶段要获取的信息】
无

【信息所在字段】
无

【筛选条件所在字段】
无

【SQL语句的思路】
无

【执行SQL语句】
无

【上述SQL语句的含义】
无

**结论**：
当前掌握的信息已经能够回答"中粮资本控股股份有限公司（CompanyCode: 78989, InnerCode: 10458）已连续下跌几天？"的问题。结果显示该证券在指定交易日期往前推的连续下跌天数为0天。因此，无需继续执行下一阶段的SQL查询。


>>>>> Agent【Sql_query.summary】 Said:
连续下跌天数: 0天
