
>>>>> Original Question: 广电运通在2021年12月24日的交易数据如何?具体包括收盘价、成交量、换手率。


>>>>> 【user】 Said:
已知事实:无。
历史问答:无。
现在用户继续提问，请根据已知信息，理解当前这个问题的完整含义，并重写这个问题使得单独拿出来看仍然能够正确理解：广电运通在2021年12月24日的交易数据如何?具体包括收盘价、成交量、换手率。

>>>>> Agent【rewrite_question】 Said:
请问广电运通在2021年12月24日的交易数据具体是怎样的？包括当天的收盘价、成交量和换手率。


>>>>> 【user】 Said:
提取下面这段文字里的实体，如公司名、股票代码等，如果识别结果是空，那么就回复No Entities."请问广电运通在2021年12月24日的交易数据具体是怎样的？包括当天的收盘价、成交量和换手率。"

>>>>> Agent【extract_company】 Said:
```json
["广电运通"]
```

>>>>> 查询sql:
SELECT 'constantdb.secumain' AS TableName, InnerCode, CompanyCode, ChiName, EngName, SecuCode
FROM constantdb.secumain 
WHERE SecuCode = '广电运通'
   OR ChiName LIKE '%广电运通%'
   OR ChiNameAbbr LIKE '%广电运通%'
   OR EngName LIKE '%广电运通%'
   OR EngNameAbbr LIKE '%广电运通%'
   OR SecuAbbr LIKE '%广电运通%'
UNION ALL
SELECT 'constantdb.hk_secumain' AS TableName, InnerCode, CompanyCode, ChiName, EngName, SecuCode
FROM constantdb.hk_secumain 
WHERE SecuCode = '%广电运通%'
   OR ChiName LIKE '%广电运通%'
   OR ChiNameAbbr LIKE '%广电运通%'
   OR EngName LIKE '%广电运通%'
   OR EngNameAbbr LIKE '%广电运通%'
   OR SecuAbbr LIKE '%广电运通%'
   OR FormerName LIKE '%广电运通%'
UNION ALL
SELECT 'constantdb.us_secumain' AS TableName, InnerCode, CompanyCode, ChiName, EngName, SecuCode
FROM constantdb.us_secumain 
WHERE SecuCode = '广电运通'
   OR ChiName LIKE '%广电运通%'
   OR EngName LIKE '%广电运通%'
   OR SecuAbbr LIKE '%广电运通%';
查询结果:
[{"TableName": "constantdb.secumain", "InnerCode": 5708, "CompanyCode": 50006, "ChiName": "广电运通集团股份有限公司", "EngName": "GRG Banking Equipment Co.,Ltd.", "SecuCode": "002152"}]

>>>>> 已知事实:
广电运通的关联信息有:[所在数据表是constantdb.secumain;InnerCode(证券内部编码)是5708;CompanyCode(公司代码)是50006;ChiName(中文名称)是广电运通集团股份有限公司;EngName(英文名称)是GRG Banking Equipment Co.,Ltd.;SecuCode(证券代码)是002152;]

>>>>> 【user】 Said:
请选择db，务必遵循输出的格式要求。

>>>>> Agent【Check_db_structure.db_selector】 Said:
【分析】
用户询问的是广电运通在2021年12月24日的交易数据，具体包括收盘价、成交量和换手率。这些信息属于股票的日常交易数据，通常记录在股票行情数据库中。

【选中的数据库】
- astockmarketquotesdb: 这个数据库记录了境内股票的交易行情，包括每日行情、成交量、技术指标等，能够提供用户所需的收盘价、成交量和换手率等信息。

【选中的数据库的清单】
```json
["astockmarketquotesdb"]
```


>>>>> 【user】 Said:
数据库表信息如下:
[{"表名": "astockmarketquotesdb.cs_stockcapflowindex", "说明": "该数据表记录了证券交易相关的详细数据，涵盖交易日期、时间区间等基本信息，以及按小单、中单、大单、超大单、主力单和全单分类的交易统计数据，包括流入流出金额、流入流出量、流入流出笔数、净流入流出额与量、买入卖出率（按金额和数量计算）、净买入率及其与流通市值或流通股本的比值等。此外，还细分了主动买入卖出相关的金额、数量、笔数及其比率等指标，全面反映了不同交易规模下的资金流向和市场行为特征。"}, {"表名": "astockmarketquotesdb.cs_turnovervoltecindex", "说明": "该数据表记录了证券交易的相关数据，包含多个类别的字段信息。基本信息包括证券内部编码、聚源代码、交易日期、证券市场等；时间维度涵盖指标周期；成交额和成交量的统计指标包括简单移动平均值（如5日、10日、20日、30日、60日、120日、250日等周期的AMA和VMA）、指数平滑异同平均（如VMACD_EMA12、VMACD_EMA26、VMACD_DIFF、VMACD_DEA、VMACD_MACD）等；成交量的波动性与强弱分析指标包括量比、成交量震荡指标(VOSC)、加权指数成交量(TAPI及其均值TAPIMA)、成交量标准差(VSTD)、量变动速率(VROC)、成交量比率(VR)、量相对强弱(VRSI)等，全面反映证券交易的量价变化及趋势特征。"}, {"表名": "astockmarketquotesdb.cs_stockpatterns", "说明": "该数据表主要用于记录证券交易的多维度表现与趋势分析，涵盖基础信息如证券内部编码、交易日、聚源代码、证券市场等；高点与低点分析，包括价格、收盘价、成交量、成交金额在近一周、一个月、一季度、半年、一年及上市以来的创高或创低情况；历史新高新低统计，记录不同时间区间内创历史新高或新低的次数；趋势与形态分析，如连涨天数、连跌天数、连续放量或缩量天数，以及对5日、10日、20日、60日均线的有效突破情况；其他指标如N天M板表现和均线多空头排列的看涨看跌信号，为证券的短期与长期走势提供综合性参考。"}, {"表名": "astockmarketquotesdb.qt_dailyquote", "说明": "该数据表记录了证券交易的核心信息，包括证券的唯一标识\"证券内部编码\"，交易日期\"交易日\"，以及价格相关数据如\"昨收盘价\"、\"今开盘价\"、\"最高价\"、\"最低价\"和\"收盘价\"（单位均为元）；还包含交易活动指标，如\"成交量\"（股）、\"成交金额\"（元）和\"成交笔数\"（笔），全面反映了每日交易的市场表现。"}, {"表名": "astockmarketquotesdb.qt_stockperformance", "说明": "该数据表涵盖了证券交易的多维度信息，包括基本标识字段如证券内部编码和交易日；价格相关信息如开盘价、收盘价、最高价、最低价、均价以及涨跌幅、振幅等；成交数据如成交量、成交金额、换手率及其日均值；时间维度统计如周、月、三个月、六个月、十二个月及今年以来的价格、成交量、成交金额、涨跌幅、振幅、换手率等汇总指标；自由流通股本相关的换手率及其日均值；市场表现指标如Beta值（相对于不同基准指数）、阿尔法值、波动率、夏普比率、市场收益率等；市值信息包括总市值和流通市值；特殊价格指标如上市以来后复权的最高价、最低价及对应时间。该表全面整合了短期和长期的交易数据、市场表现以及统计汇总，为证券分析提供了丰富的基础数据支持。"}, {"表名": "astockmarketquotesdb.lc_suspendresumption", "说明": "该数据表主要记录证券停复牌相关信息，包括证券标识字段如证券内部编码，时间相关字段如信息发布日期、停牌日期、停牌时间、复牌日期、复牌时间，信息来源字段如信息来源，停复牌详情字段如停牌原因、停牌事项说明、停牌期限、停牌期限类型及复牌事项说明等，全面描述了证券停复牌的时间、原因及相关说明。"}]

请选择table，务必遵循输出的格式要求。

>>>>> Agent【Check_db_structure.table_selector】 Said:
【分析】
用户询问的是广电运通在2021年12月24日的交易数据，具体包括收盘价、成交量和换手率。这些数据通常会在记录每日交易核心信息的表中找到。

【选中的数据表】
- astockmarketquotesdb.qt_dailyquote: 这个数据表记录了证券交易的核心信息，包括交易日期、收盘价、成交量等。
- astockmarketquotesdb.qt_stockperformance: 这个数据表涵盖了证券交易的多维度信息，包括换手率等。

【选中的数据库表的清单】
```json
["astockmarketquotesdb.qt_dailyquote", "astockmarketquotesdb.qt_stockperformance"]
```
补充选择table: ["usstockdb.us_dailyquote", "hkstockdb.cs_hkstockperformance"]

>>>>> 【user】 Said:
已取得可用的数据表的字段信息如下:
[{"表名": "astockmarketquotesdb.qt_dailyquote", "表字段": [{"column": "InnerCode", "desc": "证券内部编码；，得到证券的交易代码、简称等。"}, {"column": "TradingDay", "desc": "交易日"}, {"column": "PrevClosePrice", "desc": "昨收盘(元)"}, {"column": "OpenPrice", "desc": "今开盘(元)"}, {"column": "HighPrice", "desc": "最高价(元)"}, {"column": "LowPrice", "desc": "最低价(元)"}, {"column": "ClosePrice", "desc": "收盘价(元)"}, {"column": "TurnoverVolume", "desc": "成交量(股)；当证券类别为指数时，股票指数成交量单位是股，基金指数成交量单位是份，债券指数成交量单位是元。"}, {"column": "TurnoverValue", "desc": "成交金额(元)"}, {"column": "TurnoverDeals", "desc": "成交笔数(笔)"}]}, {"表名": "astockmarketquotesdb.qt_stockperformance", "表字段": [{"column": "InnerCode", "desc": "证券内部编码；，得到证券的交易代码、简称等。"}, {"column": "TradingDay", "desc": "交易日"}, {"column": "PrevClosePrice", "desc": "昨收盘"}, {"column": "OpenPrice", "desc": "今开盘"}, {"column": "HighPrice", "desc": "最高价"}, {"column": "LowPrice", "desc": "最低价"}, {"column": "ClosePrice", "desc": "收盘价"}, {"column": "TurnoverVolume", "desc": "成交量1"}, {"column": "TurnoverValue", "desc": "成交金额(元)1"}, {"column": "ChangePCT", "desc": "涨跌幅(%)1"}, {"column": "RangePCT", "desc": "振幅(%)1"}, {"column": "TurnoverRate", "desc": "换手率(%)"}, {"column": "AvgPrice", "desc": "均价"}, {"column": "Ifsuspend", "desc": "是否停牌；1：当日停牌；0：当日非停牌"}, {"column": "TurnoverValueRW", "desc": "周成交金额(元)"}, {"column": "TurnoverVolumeRW", "desc": "周成交量(股)"}, {"column": "ChangePCTRW", "desc": "周涨跌幅(%)"}, {"column": "RangePCTRW", "desc": "周振幅(%)"}, {"column": "TurnoverRateRW", "desc": "周换手率(%)"}, {"column": "AvgPriceRW", "desc": "周成交均价(元)"}, {"column": "HighPriceRW", "desc": "周最高价(元)"}, {"column": "LowPriceRW", "desc": "周最低价(元)"}, {"column": "HighestClosePriceRW", "desc": "周收盘最高价(元)"}, {"column": "LowestClosePriceRW", "desc": "周收盘最低价(元)"}, {"column": "TurnoverValuePerDayRW", "desc": "周日均成交金额(元)"}, {"column": "TurnoverRatePerDayRW", "desc": "周日均换手率(%)"}, {"column": "TurnoverValueTW", "desc": "本周以来成交金额(元)"}, {"column": "TurnoverVolumeTW", "desc": "本周以来成交量(股)"}, {"column": "ChangePCTTW", "desc": "本周以来涨跌幅(%)"}, {"column": "RangePCTTW", "desc": "本周以来振幅(%)"}, {"column": "TurnoverRateTW", "desc": "本周以来换手率(%)"}, {"column": "AvgPriceTW", "desc": "本周以来成交均价(元)"}, {"column": "HighPriceTW", "desc": "本周以来最高价(元)"}, {"column": "LowPriceTW", "desc": "本周以来最低价(元)"}, {"column": "HighestClosePriceTW", "desc": "本周以来收盘最高价(元)"}, {"column": "LowestClosePriceTW", "desc": "本周以来收盘最低价(元)"}, {"column": "TurnoverValuePerDayTW", "desc": "本周以来日均成交金额(元)"}, {"column": "TurnoverRatePerDayTW", "desc": "本周以来日均换手率(%)"}, {"column": "TurnoverValueRM", "desc": "月成交金额(元)"}, {"column": "TurnoverVolumeRM", "desc": "月成交量(股)"}, {"column": "ChangePCTRM", "desc": "月涨跌幅(%)"}, {"column": "RangePCTRM", "desc": "月振幅(%)"}, {"column": "TurnoverRateRM", "desc": "月换手率(%)"}, {"column": "AvgPriceRM", "desc": "月成交均价(元)"}, {"column": "HighPriceRM", "desc": "月最高价(元)"}, {"column": "LowPriceRM", "desc": "月最低价(元)"}, {"column": "HighestClosePriceRM", "desc": "月收盘最高价(元)"}, {"column": "LowestClosePriceRM", "desc": "月收盘最低价(元)"}, {"column": "TurnoverValuePerDayRM", "desc": "月日均成交金额(元)"}, {"column": "TurnoverRatePerDayRM", "desc": "月日均换手率(%)"}, {"column": "TurnoverValueTM", "desc": "本月以来成交金额(元)"}, {"column": "TurnoverVolumeTM", "desc": "本月以来成交量(股)"}, {"column": "ChangePCTTM", "desc": "本月以来涨跌幅(%)"}, {"column": "RangePCTTM", "desc": "本月以来振幅(%)"}, {"column": "TurnoverRateTM", "desc": "本月以来换手率(%)"}, {"column": "AvgPriceTM", "desc": "本月以来成交均价(元)"}, {"column": "HighPriceTM", "desc": "本月以来最高价(元)"}, {"column": "LowPriceTM", "desc": "本月以来最低价(元)"}, {"column": "HighestClosePriceTM", "desc": "本月以来收盘最高价(元)"}, {"column": "LowestClosePriceTM", "desc": "本月以来收盘最低价(元)"}, {"column": "TurnoverValuePerDayTM", "desc": "本月以来日均成交金额(元)"}, {"column": "TurnoverRatePerDayTM", "desc": "本月以来日均换手率(%)"}, {"column": "TurnoverValueRMThree", "desc": "三个月成交金额(元)1"}, {"column": "TurnoverVolumeRMThree", "desc": "三个月成交量(股)1"}, {"column": "ChangePCTRMThree", "desc": "三个月涨跌幅(%)1"}, {"column": "RangePCTRMThree", "desc": "三个月振幅(%)1"}, {"column": "TurnoverRateRMThree", "desc": "三个月换手率(%)1"}, {"column": "TurnoverValueRMSix", "desc": "六个月成交金额(元)1"}, {"column": "TurnoverVolumeRMSix", "desc": "六个月成交量(股)1"}, {"column": "ChangePCTRMSix", "desc": "六个月涨跌幅(%)1"}, {"column": "RangePCTRMSix", "desc": "六个月振幅(%)1"}, {"column": "TurnoverRateRMSix", "desc": "六个月换手率(%)1"}, {"column": "TurnoverValueRY", "desc": "十二个月成交金额(元)1"}, {"column": "TurnoverVolumeRY", "desc": "十二个月成交量(股)1"}, {"column": "ChangePCTRY", "desc": "十二个月涨跌幅(%)1"}, {"column": "RangePCTRY", "desc": "十二个月振幅(%)1"}, {"column": "TurnoverRateRY", "desc": "十二个月换手率(%)1"}, {"column": "AvgPriceRY", "desc": "十二个月成交均价(元)1"}, {"column": "HighPriceRY", "desc": "十二个月最高价(元)1"}, {"column": "LowPriceRY", "desc": "十二个月最低价(元)1"}, {"column": "HighestClosePriceRY", "desc": "十二个月收盘最高价(元)1"}, {"column": "LowestClosePriceRY", "desc": "十二个月收盘最低价(元)1"}, {"column": "TurnoverValuePDayRY", "desc": "十二个月日均成交金额(元)1"}, {"column": "TurnoverRatePDayRY", "desc": "十二个月日均换手率(%)1"}, {"column": "TurnoverValueYTD", "desc": "今年以来成交金额(元)1"}, {"column": "TurnoverVolumeYTD", "desc": "今年以来成交量(股)1"}, {"column": "ChangePCTYTD", "desc": "今年以来涨跌幅(%)1"}, {"column": "RangePCTYTD", "desc": "今年以来振幅(%)1"}, {"column": "TurnoverRateYTD", "desc": "今年以来换手率(%)1"}, {"column": "AvgPriceYTD", "desc": "今年以来成交均价(元)1"}, {"column": "HighPriceYTD", "desc": "今年以来最高价(元)1"}, {"column": "LowPriceYTD", "desc": "今年以来最低价(元)1"}, {"column": "HighestClosePriceYTD", "desc": "今年以来收盘最高价(元)1"}, {"column": "LowestClosePriceYTD", "desc": "今年以来收盘最低价(元)1"}, {"column": "TurnoverValuePerDayYTD", "desc": "今年以来日均成交金额(元)1"}, {"column": "TurnoverRatePerDayYTD", "desc": "今年以来日均换手率(%)1"}, {"column": "HighAdjustedPrice", "desc": "上市以来后复权最高价(元)1"}, {"column": "HighAdjustedPriceDate", "desc": "上市以来后复权最高价时间1"}, {"column": "LowAdjustedPrice", "desc": "上市以来后复权最低价(元)1"}, {"column": "LowAdjustedPriceDate", "desc": "上市以来后复权最低价时间"}, {"column": "BetaLargeCapIndex", "desc": "Beta值(相对沪深300,一年)"}, {"column": "BetaCompositeIndex", "desc": "Beta值(相对综合指数,一年)；在上海交易所上市，则取沪综指；在深圳交易所上市，则取深综指。"}, {"column": "BetaSYWGIndustryIndex", "desc": "Beta值(相对申万行业,一年)；取该股票所属的申万行业指数"}, {"column": "BetaMidCapIndex", "desc": "Beta值(相对中证500,一年)"}, {"column": "BetaWeekly", "desc": "Beta值(两年,周步长)；Beta值（两年,周步长）（BetaWeekly）：Beta=[n∑RXiRi-(∑RXi)*(∑Ri)]／[n∑（RXi^2）-(∑RXi)^2]Ri为步长区间股票增长率Rxi为步长区间基准增长率"}, {"column": "AdjustBetaWeekly", "desc": "调整Beta值(两年,周步长)；调整Beta值（两年,周步长）（AdjustBetaWeekly）：BETA值（两年,周步长）*0.67+0.33"}, {"column": "AlphaLargeCapIndex", "desc": "阿尔法(相对沪深300,一年)"}, {"column": "AlphaCompositeIndex", "desc": "阿尔法(相对综合指数,一年)；在上海交易所上市，则取沪综指；在深圳交易所上市，则取深综指。"}, {"column": "AlphaSYWGIndustryIndex", "desc": "阿尔法(相对申万行业,一年)；取该股票所属的申万行业指数。"}, {"column": "AlphMidCapIndex", "desc": "阿尔法(相对中证500,一年)"}, {"column": "YearVolatilityByDay", "desc": "波动率(日步长)；波动率(日步长)(YearVolatilityByDay):计算中为日步长数据，时间跨度为1年"}, {"column": "YearVolatilityByWeek", "desc": "波动率(周步长)1"}, {"column": "YearSharpeRatio", "desc": "夏普比率(年化)1"}, {"column": "MarketIndexRORArithAvg", "desc": "市场收益率(算术平均)；市场收益率（算术平均）（MarketIndexRORArithAvg）：Rm=（Rm1+Rm2）/2Rm1为上证综指年收益率（算术平均）Rm2为深证综指年收益率（算术平均）指数年平均收益率Rxi=(∑（Ri）/10)*100%"}, {"column": "MarketIndexRORGeomMean", "desc": "市场收益率(几何平均)；市场收益率（几何平均）（MarketIndexRORGeomMean）：Rm=（Rm1+Rm2）/2Rm1为上证综指年收益率（几何平均）Rm2为深证综指年收益率（几何平均）"}, {"column": "TotalMV", "desc": "总市值(元)1"}, {"column": "NegotiableMV", "desc": "流通市值(不含限售股)(元)1"}, {"column": "TurnoverRateFreeFloat", "desc": "换手率_自由流通股本(%)"}, {"column": "TurnoverRateFFTRW", "desc": "周换手率_自由流通股本(%)1"}, {"column": "TurnoverRatePDFFTRW", "desc": "周日均换手率_自由流通股本(%)1"}, {"column": "TurnoverRateFFTTW", "desc": "本周以来换手率_自由流通股本(%)"}, {"column": "TurnoverRatePDFFTTW", "desc": "本周以来日均换手率_自由流通股本(%)"}, {"column": "TurnoverRateFFTRM", "desc": "月换手率_自由流通股本(%)1"}, {"column": "TurnoverRatePDFFTRM", "desc": "月日均换手率_自由流通股本(%)1"}, {"column": "TurnoverRateFFTTM", "desc": "本月以来换手率_自由流通股本(%)1"}, {"column": "TurnoverRatePDFFTTM", "desc": "本月以来日均换手率_自由流通股本(%)1"}, {"column": "TurnoverRateFFTRMThree", "desc": "三个月换手率_自由流通股本(%)1"}, {"column": "TurnoverRateFFTRMSix", "desc": "六个月换手率_自由流通股本(%)1"}, {"column": "TurnoverRateFFTRY", "desc": "十二个月换手率_自由流通股本(%)1"}, {"column": "TurnoverRatePDFFTRY", "desc": "十二个月日均换手率_自由流通股本(%)1"}, {"column": "TurnoverRateFFTYTD", "desc": "今年以来换手率_自由流通股本(%)1"}, {"column": "TurnoverRatePDFFTYTD", "desc": "今年以来日均换手率_自由流通股本(%)1"}]}, {"表名": "usstockdb.us_dailyquote", "表字段": [{"column": "TradingDay", "desc": "交易日"}, {"column": "InnerCode", "desc": "证券内部代码；，得到相关的交易代码、简称等。"}, {"column": "Open", "desc": "开盘价"}, {"column": "High", "desc": "最高价"}, {"column": "Low", "desc": "最低价"}, {"column": "Close", "desc": "收盘价"}, {"column": "Volume", "desc": "成交量(手)"}, {"column": "EPSTTM", "desc": "每股收益TTM(元/股)"}, {"column": "MarketCap", "desc": "证券总市值"}, {"column": "ShareOST", "desc": "证券总股本"}, {"column": "PrevClosePrice", "desc": "昨收盘"}, {"column": "ChangePCT", "desc": "涨跌幅(%)"}, {"column": "AvgPrice", "desc": "均价；均价（AvgPrice）：成交额/成交量"}, {"column": "TurnoverValue", "desc": "成交额(万)"}, {"column": "ChangeOF", "desc": "日涨跌"}]}, {"表名": "hkstockdb.cs_hkstockperformance", "表字段": [{"column": "InnerCode", "desc": "证券内部编码"}, {"column": "TradingDay", "desc": "交易日"}, {"column": "PrevClosePrice", "desc": "昨收盘"}, {"column": "OpenPrice", "desc": "今开盘"}, {"column": "HighPrice", "desc": "最高价"}, {"column": "LowPrice", "desc": "最低价"}, {"column": "ClosePrice", "desc": "收盘价"}, {"column": "CurrencyUnitCode", "desc": "货币代码；，令LB=1068 AND DM IN (1000,1100,1420)，得到货币代码的具体描述：1000-美元，1100-港元，1420-人民币元。"}, {"column": "TurnoverVolume", "desc": "成交量"}, {"column": "TurnoverValue", "desc": "成交金额(元)"}, {"column": "ChangeOF", "desc": "涨跌"}, {"column": "ChangePCT", "desc": "涨跌幅(%)"}, {"column": "RangePCT", "desc": "振幅(%)"}, {"column": "TurnoverRate", "desc": "换手率(%)"}, {"column": "AvgPrice", "desc": "均价"}, {"column": "TotalMV", "desc": "总市值(元)"}, {"column": "NegotiableMV", "desc": "流通市值(不含限售股)(元)"}, {"column": "TurnoverValueRW", "desc": "近一周成交金额(元)"}, {"column": "TurnoverVolumeRW", "desc": "近一周成交量(股)"}, {"column": "ChangeOFRW", "desc": "近一周涨跌(元)"}, {"column": "ChangePCTRW", "desc": "近一周涨跌幅(%)"}, {"column": "RangePCTRW", "desc": "近一周振幅(%)"}, {"column": "TurnoverRateRW", "desc": "近一周换手率(%)"}, {"column": "AvgPriceRW", "desc": "近一周成交均价(元)"}, {"column": "HighPriceRW", "desc": "近一周最高价(元)"}, {"column": "LowPriceRW", "desc": "近一周最低价(元)"}, {"column": "HighestClosePriceRW", "desc": "近一周收盘最高价(元)"}, {"column": "LowestClosePriceRW", "desc": "近一周收盘最低价(元)"}, {"column": "TurnoverValuePerDayRW", "desc": "近一周日均成交金额(元)"}, {"column": "TurnoverRatePerDayRW", "desc": "近一周日均换手率(%)"}, {"column": "TurnVolumePerDayRW", "desc": "近一周日均成交量(股)"}, {"column": "ChangePCTPerDayRW", "desc": "近一周日均涨跌幅(%)"}, {"column": "RangePCTPerDayRW", "desc": "近一周日均振幅(%)"}, {"column": "TotalMVPerDayRW", "desc": "近一周日均总市值(元)"}, {"column": "NegotiableMVPerDayRW", "desc": "近一周日均流通市值(不含限售股)(元)"}, {"column": "TurnoverValueTW", "desc": "本周以来成交金额(元)"}, {"column": "TurnoverVolumeTW", "desc": "本周以来成交量(股)"}, {"column": "ChangeOFTW", "desc": "本周以来涨跌(元)"}, {"column": "ChangePCTTW", "desc": "本周以来涨跌幅(%)"}, {"column": "RangePCTTW", "desc": "本周以来振幅(%)"}, {"column": "TurnoverRateTW", "desc": "本周以来换手率(%)"}, {"column": "AvgPriceTW", "desc": "本周以来成交均价(元)"}, {"column": "HighPriceTW", "desc": "本周以来最高价(元)"}, {"column": "LowPriceTW", "desc": "本周以来最低价(元)"}, {"column": "HighestClosePriceTW", "desc": "本周以来收盘最高价(元)"}, {"column": "LowestClosePriceTW", "desc": "本周以来收盘最低价(元)"}, {"column": "TurnoverValuePerDayTW", "desc": "本周以来日均成交金额(元)"}, {"column": "TurnoverRatePerDayTW", "desc": "本周以来日均换手率(%)"}, {"column": "TurnVolumePerDayTW", "desc": "本周以来日均成交量(股)"}, {"column": "ChangePCTPerDayTW", "desc": "本周以来日均涨跌幅(%)"}, {"column": "RangePCTPerDayTW", "desc": "本周以来日均振幅(%)"}, {"column": "TotalMVPerDayTW", "desc": "本周以来日均总市值(元)"}, {"column": "NegotiableMVPerDayTW", "desc": "本周以来日均流通市值(不含限售股)(元)"}, {"column": "TurnoverValueRM", "desc": "近一月成交金额(元)"}, {"column": "TurnoverVolumeRM", "desc": "近一月成交量(股)"}, {"column": "ChangeOFRM", "desc": "近一月涨跌(元)"}, {"column": "ChangePCTRM", "desc": "近一月涨跌幅(%)"}, {"column": "RangePCTRM", "desc": "近一月月振幅(%)"}, {"column": "TurnoverRateRM", "desc": "近一月月换手率(%)"}, {"column": "AvgPriceRM", "desc": "近一月成交均价(元)"}, {"column": "HighPriceRM", "desc": "近一月最高价(元)"}, {"column": "LowPriceRM", "desc": "近一月最低价(元)"}, {"column": "HighestClosePriceRM", "desc": "近一月收盘最高价(元)"}, {"column": "LowestClosePriceRM", "desc": "近一月收盘最低价(元)"}, {"column": "TurnoverValuePerDayRM", "desc": "近一月日均成交金额(元)"}, {"column": "TurnoverRatePerDayRM", "desc": "近一月日均换手率(%)"}, {"column": "TurnVolumePerDayRM", "desc": "近一月日均成交量(股)"}, {"column": "ChangePCTPerDayRM", "desc": "近一月日均涨跌幅(%)"}, {"column": "RangePCTPerDayRM", "desc": "近一月日均振幅(%)"}, {"column": "TotalMVPerDayRM", "desc": "近一月日均总市值(元)"}, {"column": "NegotiableMVPerDayRM", "desc": "近一月日均流通市值(不含限售股)(元)"}, {"column": "TurnoverValueTM", "desc": "本月以来成交金额(元)"}, {"column": "TurnoverVolumeTM", "desc": "本月以来成交量(股)"}, {"column": "ChangeOFTM", "desc": "本月以来涨跌(元)"}, {"column": "ChangePCTTM", "desc": "本月以来涨跌幅(%)"}, {"column": "RangePCTTM", "desc": "本月以来振幅(%)"}, {"column": "TurnoverRateTM", "desc": "本月以来换手率(%)"}, {"column": "AvgPriceTM", "desc": "本月以来成交均价(元)"}, {"column": "HighPriceTM", "desc": "本月以来最高价(元)"}, {"column": "LowPriceTM", "desc": "本月以来最低价(元)"}, {"column": "HighestClosePriceTM", "desc": "本月以来收盘最高价(元)"}, {"column": "LowestClosePriceTM", "desc": "本月以来收盘最低价(元)"}, {"column": "TurnoverValuePerDayTM", "desc": "本月以来日均成交金额(元)"}, {"column": "TurnoverRatePerDayTM", "desc": "本月以来日均换手率(%)"}, {"column": "TurnVolumePerDayTM", "desc": "本月以来日均成交量(股)"}, {"column": "ChangePCTPerDayTM", "desc": "本月以来日均涨跌幅(%)"}, {"column": "RangePCTPerDayTM", "desc": "本月以来日均振幅(%)"}, {"column": "TotalMVPerDayTM", "desc": "本月以来日均总市值(元)"}, {"column": "NegotiableMVPerDayTM", "desc": "本月以来日均流通市值(不含限售股)(元)"}, {"column": "TurnoverValueRMThree", "desc": "近三个月成交金额(元)"}, {"column": "TurnoverVolumeRMThree", "desc": "近三个月成交量(股)"}, {"column": "ChangeOFRMThree", "desc": "近三个月涨跌(元)"}, {"column": "ChangePCTRMThree", "desc": "近三个月涨跌幅(%)"}, {"column": "RangePCTRMThree", "desc": "近三个月振幅(%)"}, {"column": "TurnoverRateRMThree", "desc": "近三个月换手率(%)"}, {"column": "AvgPriceRMThree", "desc": "近三个月成交均价(元)"}, {"column": "HighPriceRMThree", "desc": "近三个月以来最高价(元)"}, {"column": "LowPriceRMThree", "desc": "近三个月以来最低价(元)"}, {"column": "HighestClosePRMThree", "desc": "近三个月以来收盘最高价(元)"}, {"column": "LowestClosePRMThree", "desc": "近三个月以来收盘最低价(元)"}, {"column": "TurnValuePDayRMThree", "desc": "近三个月日均成交金额(元)"}, {"column": "TurnRatePDayRMThree", "desc": "近三个月日均换手率(%)"}, {"column": "TurnVolumePDayRMThree", "desc": "近三个月日均成交量(股)"}, {"column": "ChangePCTPDayRMThree", "desc": "近三个月日均涨跌幅(%)"}, {"column": "RangePCTPDayRMThree", "desc": "近三个月日均振幅(%)"}, {"column": "TotalMVPerDayRMThree", "desc": "近三个月日均总市值(元)"}, {"column": "NegotiableMVPRMThree", "desc": "近三个月日均流通市值(不含限售股)(元)"}, {"column": "TurnoverValueRMSix", "desc": "近六个月成交金额(元)"}, {"column": "TurnoverVolumeRMSix", "desc": "近六个月成交量(股)"}, {"column": "ChangeOFRMSix", "desc": "近六个月涨跌(元)"}, {"column": "ChangePCTRMSix", "desc": "近六个月涨跌幅(%)"}, {"column": "RangePCTRMSix", "desc": "近六个月振幅(%)"}, {"column": "TurnoverRateRMSix", "desc": "近六个月换手率(%)"}, {"column": "AvgPriceRMSix", "desc": "近六个月成交均价(元)"}, {"column": "HighPriceRMSix", "desc": "近六个月以来最高价(元)"}, {"column": "LowPriceRMSix", "desc": "近六个月以来最低价(元)"}, {"column": "HighestClosePRMSix", "desc": "近六个月以来收盘最高价(元)"}, {"column": "LowestClosePRMSix", "desc": "近六个月以来收盘最低价(元)"}, {"column": "TurnValuePDayRMSix", "desc": "近六个月日均成交金额(元)"}, {"column": "TurnRatePDayRMSix", "desc": "近六个月日均换手率(%)"}, {"column": "TurnVolumePDayRMSix", "desc": "近六个月日均成交量(股)"}, {"column": "ChangePCTPDayRMSix", "desc": "近六个月日均涨跌幅(%)"}, {"column": "RangePCTPDayRMSix", "desc": "近六个月日均振幅(%)"}, {"column": "TotalMVPerDayRMSix", "desc": "近六个月日均总市值(元)"}, {"column": "NegotiableMVPRMSix", "desc": "近六个月日均流通市值(不含限售股)(元)"}, {"column": "TurnoverValueRY", "desc": "近一年成交金额(元)"}, {"column": "TurnoverVolumeRY", "desc": "近一年成交量(股)"}, {"column": "ChangeOFRY", "desc": "近一年涨跌(元)"}, {"column": "ChangePCTRY", "desc": "近一年涨跌幅(%)"}, {"column": "RangePCTRY", "desc": "近一年振幅(%)"}, {"column": "TurnoverRateRY", "desc": "近一年换手率(%)"}, {"column": "AvgPriceRY", "desc": "近一年成交均价(元)"}, {"column": "HighPriceRY", "desc": "近一年最高价(元)"}, {"column": "LowPriceRY", "desc": "近一年最低价(元)"}, {"column": "HighestClosePRY", "desc": "近一年收盘价最高(元)"}, {"column": "LowestClosePRY", "desc": "近一年收盘价最低(元)"}, {"column": "TurnoverValuePDayRY", "desc": "近一年日均成交金额(元)"}, {"column": "TurnoverRatePDayRY", "desc": "近一年日均换手率(%)"}, {"column": "TurnVolumePDayRY", "desc": "近一年日均成交量(股)"}, {"column": "ChangePCTPDayRY", "desc": "近一年日均涨跌幅(%)"}, {"column": "RangePCTPDayRY", "desc": "近一年日均振幅(%)"}, {"column": "TotalMVPerDayRY", "desc": "近一年日均总市值(元)"}, {"column": "NegotiableMVPRY", "desc": "近一年日均流通市值(不含限售股)(元)"}, {"column": "TurnoverValueYTD", "desc": "今年以来成交金额(元)"}, {"column": "TurnoverVolumeYTD", "desc": "今年以来成交量(股)"}, {"column": "ChangeOFYTD", "desc": "今年以来涨跌(元)"}, {"column": "ChangePCTYTD", "desc": "今年以来涨跌幅(%)"}, {"column": "RangePCTYTD", "desc": "今年以来振幅(%)"}, {"column": "TurnoverRateYTD", "desc": "今年以来换手率(%)"}, {"column": "AvgPriceYTD", "desc": "今年以来成交均价(元)"}, {"column": "HighPriceYTD", "desc": "今年以来最高价(元)"}, {"column": "LowPriceYTD", "desc": "今年以来最低价(元)"}, {"column": "HighestClosePriceYTD", "desc": "今年以来收盘最高价(元)"}, {"column": "LowestClosePriceYTD", "desc": "今年以来收盘最低价(元)"}, {"column": "TurnoverValuePerDayYTD", "desc": "今年以来日均成交金额(元)"}, {"column": "TurnoverRatePerDayYTD", "desc": "今年以来日均换手率(%)"}, {"column": "TurnVolumePDayYTD", "desc": "今年以来日均成交量(股)"}, {"column": "ChangePCTPerDayYTD", "desc": "今年以来日均涨跌幅(%)"}, {"column": "RangePCTPerDayYTD", "desc": "今年以来日均振幅(%)"}, {"column": "TotalMVPerDayYTD", "desc": "今年以来日均总市值(元)"}, {"column": "NegotiableMVPYTD", "desc": "今年以来日均流通市值(不含限售股)(元)"}, {"column": "HighAdjustedPrice", "desc": "上市以来复权最高价(元)"}, {"column": "HighAdjustedPriceDate", "desc": "上市以来复权最高价日期"}, {"column": "LowAdjustedPrice", "desc": "上市以来复权最低价(元)"}, {"column": "LowAdjustedPriceDate", "desc": "上市以来复权最低价日期"}]}]

请选择column，务必遵循输出的格式要求。

>>>>> Agent【Check_db_structure.columns_selector】 Said:
【分析】
用户询问的是广电运通在2021年12月24日的交易数据，具体包括当天的收盘价、成交量和换手率。

【信息所在字段】
- astockmarketquotesdb.qt_dailyquote.InnerCode: 这个字段包含证券内部编码，用于识别广电运通的交易数据。
- astockmarketquotesdb.qt_dailyquote.TradingDay: 这个字段包含交易日信息，用于筛选出2021年12月24日的交易数据。
- astockmarketquotesdb.qt_dailyquote.ClosePrice: 这个字段包含收盘价信息，对应用户提问中的收盘价。
- astockmarketquotesdb.qt_dailyquote.TurnoverVolume: 这个字段包含成交量信息，对应用户提问中的成交量。
- astockmarketquotesdb.qt_stockperformance.TurnoverRate: 这个字段包含换手率信息，对应用户提问中的换手率。

【筛选条件所在字段】
- astockmarketquotesdb.qt_dailyquote.InnerCode: 这个字段包含证券内部编码，用于识别广电运通的交易数据。
- astockmarketquotesdb.qt_dailyquote.TradingDay: 这个字段包含交易日信息，用于筛选出2021年12月24日的交易数据。

【选中的字段的清单】
```json
{
  "astockmarketquotesdb.qt_dailyquote": ["InnerCode", "TradingDay", "ClosePrice", "TurnoverVolume"],
  "astockmarketquotesdb.qt_stockperformance": ["TurnoverRate"]
}
```


>>>>> 【user】 Said:
请问广电运通在2021年12月24日的交易数据具体是怎样的？包括当天的收盘价、成交量和换手率。

>>>>> Agent【Sql_query.master】 Said:
【已知信息】
- 广电运通的关联信息：
  - 所在数据表：constantdb.secumain
  - InnerCode(证券内部编码)：5708
  - CompanyCode(公司代码)：50006
  - ChiName(中文名称)：广电运通集团股份有限公司
  - EngName(英文名称)：GRG Banking Equipment Co.,Ltd.
  - SecuCode(证券代码)：002152

【当前阶段要获取的信息】
- 2021年12月24日的交易数据，包括收盘价、成交量和换手率

【信息所在字段】
- 收盘价：astockmarketquotesdb.qt_dailyquote.ClosePrice
- 成交量：astockmarketquotesdb.qt_dailyquote.TurnoverVolume
- 换手率：astockmarketquotesdb.qt_stockperformance.TurnoverRate

【筛选条件所在字段】
- 日期：astockmarketquotesdb.qt_dailyquote.TradingDay
- 证券内部编码：astockmarketquotesdb.qt_dailyquote.InnerCode 和 astockmarketquotesdb.qt_stockperformance.InnerCode

【SQL语句的思路】
1. 从astockmarketquotesdb.qt_dailyquote表获取2021年12月24日的收盘价和成交量
2. 从astockmarketquotesdb.qt_stockperformance表获取2021年12月24日的换手率
3. 使用InnerCode进行关联查询

【执行SQL语句】
```exec_sql
SELECT 
    d.ClosePrice AS 收盘价,
    d.TurnoverVolume AS 成交量,
    p.TurnoverRate AS 换手率
FROM 
    astockmarketquotesdb.qt_dailyquote d
LEFT JOIN 
    astockmarketquotesdb.qt_stockperformance p
ON 
    d.InnerCode = p.InnerCode AND DATE(d.TradingDay) = DATE(p.TradingDay)
WHERE 
    d.InnerCode = 5708 AND DATE(d.TradingDay) = '2021-12-24'
LIMIT 1;
```

【上述SQL语句的含义】
- 从`astockmarketquotesdb.qt_dailyquote`表和`astockmarketquotesdb.qt_stockperformance`表联合查询广电运通（InnerCode为5708）在2021年12月24日的交易数据，包括收盘价、成交量和换手率。
- 使用`LEFT JOIN`确保即使某个表没有数据也能返回其他表的数据。
- 使用`DATE()`函数对日期字段进行格式化，确保日期匹配准确。
- `LIMIT 1`确保只返回一条记录，避免重复数据。

>>>>> 查询sql:
SELECT 
    d.ClosePrice AS 收盘价,
    d.TurnoverVolume AS 成交量,
    p.TurnoverRate AS 换手率
FROM 
    astockmarketquotesdb.qt_dailyquote d
LEFT JOIN 
    astockmarketquotesdb.qt_stockperformance p
ON 
    d.InnerCode = p.InnerCode AND DATE(d.TradingDay) = DATE(p.TradingDay)
WHERE 
    d.InnerCode = 5708 AND DATE(d.TradingDay) = '2021-12-24'
LIMIT 1;
查询结果:
[{"收盘价": 11.2, "成交量": 30372335.0, "换手率": 1.2614}]


>>>>> 【user】 Said:
查询SQL:
SELECT 
    d.ClosePrice AS 收盘价,
    d.TurnoverVolume AS 成交量,
    p.TurnoverRate AS 换手率
FROM 
    astockmarketquotesdb.qt_dailyquote d
LEFT JOIN 
    astockmarketquotesdb.qt_stockperformance p
ON 
    d.InnerCode = p.InnerCode AND DATE(d.TradingDay) = DATE(p.TradingDay)
WHERE 
    d.InnerCode = 5708 AND DATE(d.TradingDay) = '2021-12-24'
LIMIT 1;
查询结果:
[{"收盘价": 11.2, "成交量": 30372335.0, "换手率": 1.2614}]

请理解查询结果

>>>>> Agent【Sql_query.understand_query_result】 Said:
查询结果表明: 对于证券内部编码为5708的证券，在2021年12月24日的交易数据中，收盘价为11.2元，成交量为30372335股，换手率为1.2614%。这些数据分别来自qt_dailyquote表的ClosePrice和TurnoverVolume字段，以及qt_stockperformance表的TurnoverRate字段。通过LEFT JOIN确保了即使某一方数据缺失也能展示另一方的数据，但此处结果显示所有字段均有有效数据。


>>>>> 【user】 Said:
查询SQL:
SELECT 
    d.ClosePrice AS 收盘价,
    d.TurnoverVolume AS 成交量,
    p.TurnoverRate AS 换手率
FROM 
    astockmarketquotesdb.qt_dailyquote d
LEFT JOIN 
    astockmarketquotesdb.qt_stockperformance p
ON 
    d.InnerCode = p.InnerCode AND DATE(d.TradingDay) = DATE(p.TradingDay)
WHERE 
    d.InnerCode = 5708 AND DATE(d.TradingDay) = '2021-12-24'
LIMIT 1;
查询结果:
[{"收盘价": 11.2, "成交量": 30372335.0, "换手率": 1.2614}]

查询结果表明: 对于证券内部编码为5708的证券，在2021年12月24日的交易数据中，收盘价为11.2元，成交量为30372335股，换手率为1.2614%。这些数据分别来自qt_dailyquote表的ClosePrice和TurnoverVolume字段，以及qt_stockperformance表的TurnoverRate字段。通过LEFT JOIN确保了即使某一方数据缺失也能展示另一方的数据，但此处结果显示所有字段均有有效数据。

当前掌握的信息是否能够回答"请问广电运通在2021年12月24日的交易数据具体是怎样的？包括当天的收盘价、成交量和换手率。"？还是要继续执行下一阶段SQL查询？

>>>>> Agent【Sql_query.master】 Said:
【已知信息】
- 广电运通在2021年12月24日的交易数据：
  - 收盘价：11.2元
  - 成交量：30372335股
  - 换手率：1.2614%

【当前阶段要获取的信息】
- 无

【信息所在字段】
- 无

【筛选条件所在字段】
- 无

【SQL语句的思路】
- 无

【执行SQL语句】
```exec_sql
无
```

【上述SQL语句的含义】
- 无

当前掌握的信息已经能够完全回答“请问广电运通在2021年12月24日的交易数据具体是怎样的？包括当天的收盘价、成交量和换手率。”这个问题。具体数据如下：
- 收盘价：11.2元
- 成交量：30372335股
- 换手率：1.2614%

因此，无需继续执行下一阶段的SQL查询。


>>>>> 【user】 Said:
请回答问题:"请问广电运通在2021年12月24日的交易数据具体是怎样的？包括当天的收盘价、成交量和换手率。"

>>>>> Agent【Sql_query.summary】 Said:
收盘价: 11.2元, 成交量: 30372335股, 换手率: 1.2614%
