
>>>>> Original Question: 坚朗五金的证券代码和ISIN代码是什么？


>>>>> Agent【extract_company】 Said:
```json
["坚朗五金"]
```

>>>>> 查询sql:
SELECT 'constantdb.secumain' AS TableName, InnerCode, CompanyCode, ChiName, EngName, SecuCode
FROM constantdb.secumain 
WHERE SecuCode = '坚朗五金'
   OR ChiName LIKE '%坚朗五金%'
   OR ChiNameAbbr LIKE '%坚朗五金%'
   OR EngName LIKE '%坚朗五金%'
   OR EngNameAbbr LIKE '%坚朗五金%'
   OR SecuAbbr LIKE '%坚朗五金%'
UNION ALL
SELECT 'constantdb.hk_secumain' AS TableName, InnerCode, CompanyCode, ChiName, EngName, SecuCode
FROM constantdb.hk_secumain 
WHERE SecuCode = '%坚朗五金%'
   OR ChiName LIKE '%坚朗五金%'
   OR ChiNameAbbr LIKE '%坚朗五金%'
   OR EngName LIKE '%坚朗五金%'
   OR EngNameAbbr LIKE '%坚朗五金%'
   OR SecuAbbr LIKE '%坚朗五金%'
   OR FormerName LIKE '%坚朗五金%'
UNION ALL
SELECT 'constantdb.us_secumain' AS TableName, InnerCode, CompanyCode, ChiName, EngName, SecuCode
FROM constantdb.us_secumain 
WHERE SecuCode = '坚朗五金'
   OR ChiName LIKE '%坚朗五金%'
   OR EngName LIKE '%坚朗五金%'
   OR SecuAbbr LIKE '%坚朗五金%';
查询结果:
[{"TableName": "constantdb.secumain", "InnerCode": 34685, "CompanyCode": 171902, "ChiName": "广东坚朗五金制品股份有限公司", "EngName": "Guangdong KinLong Hardware Products Co.,Ltd.", "SecuCode": "002791"}]


>>>>> Agent【rewrite_question】 Said:
广东坚朗五金制品股份有限公司（CompanyCode: 171902, InnerCode: 34685）的证券代码和ISIN代码分别是什么？

>>>>> 已知事实:
坚朗五金的关联信息有:[InnerCode(证券内部编码)是34685;CompanyCode(公司代码)是171902;ChiName(中文名称)是广东坚朗五金制品股份有限公司;EngName(英文名称)是Guangdong KinLong Hardware Products Co.,Ltd.;SecuCode(证券代码)是002791;]

>>>>> Agent【Check_db_structure.db_selector】 Said:
【分析】
用户需要查询广东坚朗五金制品股份有限公司的证券代码和ISIN代码。这些信息属于证券的基础属性，通常会在记录证券基础信息的数据库中找到。

【选中的数据库】
- constantdb: 这个数据库包含证券的基础属性与交易信息，如证券代码、名称、上市日期、市场类别、ISIN代码等核心属性。

【选中的数据库的清单】
```json
["constantdb"]
```


>>>>> Agent【Check_db_structure.table_selector】 Said:
【分析】
用户需要查询广东坚朗五金制品股份有限公司的证券代码和ISIN代码。根据提供的数据表信息，`constantdb.secumain` 表包含了证券的基本信息，包括证券代码和ISIN代码。该表可以通过公司代码（CompanyCode）或内部编码（InnerCode）来查询相关证券信息。

【选中的数据表】
- constantdb.secumain: 这个数据表包含证券的基本信息，包括证券代码和ISIN代码，可以通过公司代码或内部编码进行查询。

【选中的数据库表的清单】
```json
["constantdb.secumain"]
```


>>>>> Agent【Check_db_structure.columns_selector】 Said:
【分析】
用户询问的是广东坚朗五金制品股份有限公司的证券代码和ISIN代码。根据提供的信息，我们需要找到包含公司代码（CompanyCode）和内部编码（InnerCode）的字段，以及包含证券代码（SecuCode）和ISIN代码（ISIN）的字段。

【信息所在字段】
- constantdb.secumain.SecuCode: 这个字段可能包含证券代码信息，对应用户提问中的证券代码
- constantdb.secumain.ISIN: 这个字段可能包含ISIN代码信息，对应用户提问中的ISIN代码

【筛选条件所在字段】
- constantdb.secumain.CompanyCode: 这个字段可能包含公司代码信息，对应用户提问中的CompanyCode
- constantdb.secumain.InnerCode: 这个字段可能包含证券内部编码信息，对应用户提问中的InnerCode

【选中的字段的清单】
```json
{"constantdb.secumain": ["SecuCode", "ISIN", "CompanyCode", "InnerCode"]}
```


>>>>> Agent【Sql_query.master】 Said:
【已知信息】
- 公司名称：广东坚朗五金制品股份有限公司
- CompanyCode：171902
- InnerCode：34685

【当前阶段要获取的信息】
- 证券代码（SecuCode）
- ISIN代码（ISIN）

【信息所在字段】
- 证券代码：SecuCode
- ISIN代码：ISIN

【筛选条件所在字段】
- CompanyCode：171902
- InnerCode：34685

【SQL语句的思路】
- 使用CompanyCode或InnerCode作为筛选条件，查询SecuCode和ISIN字段

【执行SQL语句】
```exec_sql
SELECT SecuCode, ISIN 
FROM constantdb.secumain 
WHERE CompanyCode = '171902' OR InnerCode = '34685'
LIMIT 1
```

【上述SQL语句的含义】
- 从`constantdb.secumain`表中查询`SecuCode`和`ISIN`字段
- 筛选条件是`CompanyCode`等于`171902`或`InnerCode`等于`34685`
- 限制返回结果为1行，以确保数据的唯一性

>>>>> 查询sql:
SELECT SecuCode, ISIN 
FROM constantdb.secumain 
WHERE CompanyCode = '171902' OR InnerCode = '34685'
LIMIT 1;
查询结果:
[{"SecuCode": "002791", "ISIN": "CNE100002649"}]


>>>>> Agent【Sql_query.understand_query_result】 Said:
查询结果表明: 查询从constantdb数据库的secumain表中返回了满足条件CompanyCode为'171902'或InnerCode为'34685'的第一条记录。该记录的SecuCode字段值为'002791'，ISIN字段值为'CNE100002649'。


>>>>> Agent【Sql_query.master】 Said:
【已知信息】
- 公司名称：广东坚朗五金制品股份有限公司
- CompanyCode：171902
- InnerCode：34685
- 证券代码（SecuCode）：002791
- ISIN代码（ISIN）：CNE100002649

【当前阶段要获取的信息】
无

【信息所在字段】
无

【筛选条件所在字段】
无

【SQL语句的思路】
无

【执行SQL语句】
无

【上述SQL语句的含义】
无

当前掌握的信息已经能够回答"广东坚朗五金制品股份有限公司（CompanyCode: 171902, InnerCode: 34685）的证券代码和ISIN代码分别是什么？"的问题。具体答案如下：
- 证券代码（SecuCode）：002791
- ISIN代码（ISIN）：CNE100002649

无需继续执行下一阶段SQL查询。


>>>>> Agent【Sql_query.summary】 Said:
证券代码: 002791, ISIN代码: CNE100002649
