
>>>>> Original Question: 中国宝安集团在2020-2021年间实施了几次分红方案？每次分红的合计派现金额（四舍五入保留两位小数，单位元）和实施公告日期（xxxx-xx-xx的格式）分别是多少？


>>>>> 【user】 Said:
提取下面这段文字里的实体，如公司名、股票代码等，如果识别结果是空，那么就回复No Entities."中国宝安集团在2020-2021年间实施了几次分红方案？每次分红的合计派现金额（四舍五入保留两位小数，单位元）和实施公告日期（xxxx-xx-xx的格式）分别是多少？"

>>>>> Agent【extract_company】 Said:
```json
["中国宝安集团"]
```

>>>>> 查询sql:
SELECT 'constantdb.secumain' AS TableName, InnerCode, CompanyCode, ChiName, EngName, SecuCode
FROM constantdb.secumain 
WHERE SecuCode = '中国宝安集团'
   OR ChiName LIKE '%中国宝安集团%'
   OR ChiNameAbbr LIKE '%中国宝安集团%'
   OR EngName LIKE '%中国宝安集团%'
   OR EngNameAbbr LIKE '%中国宝安集团%'
   OR SecuAbbr LIKE '%中国宝安集团%'
UNION ALL
SELECT 'constantdb.hk_secumain' AS TableName, InnerCode, CompanyCode, ChiName, EngName, SecuCode
FROM constantdb.hk_secumain 
WHERE SecuCode = '%中国宝安集团%'
   OR ChiName LIKE '%中国宝安集团%'
   OR ChiNameAbbr LIKE '%中国宝安集团%'
   OR EngName LIKE '%中国宝安集团%'
   OR EngNameAbbr LIKE '%中国宝安集团%'
   OR SecuAbbr LIKE '%中国宝安集团%'
   OR FormerName LIKE '%中国宝安集团%'
UNION ALL
SELECT 'constantdb.us_secumain' AS TableName, InnerCode, CompanyCode, ChiName, EngName, SecuCode
FROM constantdb.us_secumain 
WHERE SecuCode = '中国宝安集团'
   OR ChiName LIKE '%中国宝安集团%'
   OR EngName LIKE '%中国宝安集团%'
   OR SecuAbbr LIKE '%中国宝安集团%';
查询结果:
[{"TableName": "constantdb.secumain", "InnerCode": 28, "CompanyCode": 25, "ChiName": "中国宝安集团股份有限公司", "EngName": "China Baoan Group Co.,Ltd.", "SecuCode": "000009"}]


>>>>> 【user】 Said:
下面是已知的事实:
'''
中国宝安集团的关联信息有:[InnerCode(证券内部编码)是28;CompanyCode(公司代码)是25;ChiName(中文名称)是中国宝安集团股份有限公司;EngName(英文名称)是China Baoan Group Co.,Ltd.;SecuCode(证券代码)是000009;]
'''
现在用户继续提问，请根据已知信息，理解当前这个问题的完整含义，并重写这个问题使得单独拿出来看仍然能够正确理解：中国宝安集团在2020-2021年间实施了几次分红方案？每次分红的合计派现金额（四舍五入保留两位小数，单位元）和实施公告日期（xxxx-xx-xx的格式）分别是多少？

>>>>> Agent【rewrite_question】 Said:
中国宝安集团股份有限公司（CompanyCode: 25, InnerCode: 28）在2020-2021年间实施了几次分红方案？每次分红的合计派现金额（四舍五入保留两位小数，单位元）和实施公告日期（xxxx-xx-xx的格式）分别是多少？

>>>>> 已知事实:
中国宝安集团的关联信息有:[InnerCode(证券内部编码)是28;CompanyCode(公司代码)是25;ChiName(中文名称)是中国宝安集团股份有限公司;EngName(英文名称)是China Baoan Group Co.,Ltd.;SecuCode(证券代码)是000009;]

>>>>> 【user】 Said:
请选择db，务必遵循输出的格式要求。

>>>>> Agent【Check_db_structure.db_selector】 Said:
【分析】
用户需要查询中国宝安集团股份有限公司在2020-2021年间实施的分红方案次数、每次分红的合计派现金额及实施公告日期。这些信息涉及公司的财务活动和公告信息，因此需要选择包含公司财务数据和公告信息的数据库。

【选中的数据库】
- astockfinancedb: 这个数据库记录了上市公司的财务指标、财务报表、融资与分红等信息，涵盖了公司分红的具体数据。
- astockeventsdb: 这个数据库记录了上市公司的公告资讯和重大事项，包括分红方案的实施公告日期。

【选中的数据库的清单】
```json
["astockfinancedb", "astockeventsdb"]
```


>>>>> 【user】 Said:
数据库表信息如下:
[{"表名": "astockfinancedb.lc_ashareseasonednewissue", "说明": "该数据表主要记录证券发行及相关信息，涵盖以下几大类内容：**基本信息**包括证券内部编码、发行股票类型、发行目的等；**时间信息**如首次信息发布日期、预案发布日期、股东大会决议公告日期、发行日期上下限、承销期上下限、募集资金到帐时间等；**价格信息**包括发行价区间（上限、下限）、实际发行价、承销商指导价格、市盈率（加权平均、全面摊薄等）、价格调整相关字段等；**发行量信息**如发行量上下限、超额配售权、网上网下发行股数、原股东优先配售股数、法人网下配售股数等；**申购及配售信息**包括网上申购代码、申购简称、申购单位、有效申购总量与户数、中签率、配售比例等；**费用信息**如发行费用总额、承销费用、律师费用、资产评估费用、每股发行费用等；**资金信息**如募集资金总额、净额、到帐金额及相关分项（货币、非货币、资产、债权等）；**股东及控股股东信息**如优先配售比例、认购方式、认购数量与比例等；**预测与变动**包括盈利预测、方案变动说明、变动原因、预案价格与基准价格比例等；**公告及审批信息**如证监会批准公告日、方案变动公告日、最新预案公布日期等；**其他信息**如面值、零股处理方法、认购邀请书发送日、是否简易程序等。该表全面涵盖了证券发行的各个环节及相关信息。"}, {"表名": "astockfinancedb.lc_ashareplacement", "说明": "该数据表涉及证券配股的各个方面，涵盖了从初始信息发布到配股完成的整个过程。字段包括基本信息如证券内部编码、首次信息发布日期、配股年度和发行股票类型；时间节点信息如预案发布日期、股东大会决议公告日期、决案公布日、配股说明书刊登日期、配股上市日及相关公告日期；定价和比例信息如定价方式、配股价格确定方式说明、计划和实际配股比例及数量、配股价格上下限和每股配股价格；费用和资金信息如发行费用、承销费用、各类中介机构费用、实际募集资金、募集资金净额及到帐金额；股东和配股对象信息如配股对象、配股对象类别、大股东认配说明及持股5%以上大股东的持股和认配情况；其他重要信息如转配比、转配股、零股处理方法、方案变动说明、承销方式、余股包销数量、公众股东认配情况、计划和实际募集资金总额、配股基准日及配股完成后的每股净资产和收益。该表还记录了各类审批通过日期及事件进程等信息。"}, {"表名": "astockfinancedb.lc_dividend", "说明": "该数据表主要记录证券分红相关信息，涵盖了基本标识信息如证券内部编码和日期；分红方案的详细内容，包括是否分红、每股收益、送股比例、转增股比例、派现金额（含税和税后，人民币和外币）、分红股本基数及送转后总股本等；分红实施的关键时间节点，如预案发布日期、股东大会决议公告日期、股权登记日、除权除息日、红利到账日、分红发放起止日等；分红的对象和金额分布，包括A股和B股的派现金额（人民币和外币），以及公司合计派现金额；方案变更相关信息，如变更前后的分红方案、变更原因及说明；分红执行的其他信息，如利润分配次数、主要分配形式、上下限金额、事件进程及描述等；计算除权价用的调整比例和金额；以及其他辅助信息如方案类型、分红意向公布日、议案编号、最新信息发布日期和备注说明等，全面反映了证券分红的各个方面。"}, {"表名": "astockfinancedb.lc_capitalinvest", "说明": "该数据表包含多方面的信息，涉及公司基础信息如公司代码，以及与募资相关的详细内容，包括募资方式、募资投向项目名称、项目内容、计划和实际投入金额以及截至日期。它还涵盖了项目进展和收益的说明，投向行业和领域等信息。表中记录了改投相关的内容，如是否改投、改投项目及金额。此外，关于收购兼并的细节也被详细描述，包括收购类型、资产的账面价值、评估价值、价格、权益比例，以及项目出让方的相关信息如与出让方的关系、相关股票、企业性质等。收购标的的名称和企业性质也在其中列出。信息的来源和发布时间则通过首次信息发布日期和信息发布日期进行记录。"}, {"表名": "astockfinancedb.lc_balancesheetall", "说明": "该数据表主要涵盖了企业财务及业务信息，分为多个类别：基础信息如信息发布日期、信息来源、公告类别等；时间与调整信息如日期、是否调整、是否合并等；会计与企业属性信息如会计准则、工业企业类型等；资产类信息包括流动资产（如货币资金、应收账款、存货等）、非流动资产（如固定资产、无形资产、长期投资等），以及特殊项目和调整项目；负债类信息包含流动负债（如短期借款、应付账款、预收款项等）、非流动负债（如长期借款、递延所得税负债等），以及负债特殊项目和调整项目；权益类信息包括股东权益（如实收资本、资本公积、盈余公积等）、少数股东权益，以及所有者权益特殊项目和调整项目；金融及投资信息如交易性金融资产、债权投资、权益工具投资等；其他信息包括合同资产与负债、保险合同准备金、租赁资产与负债等；综合类信息如总资产、总负债及股东权益合计等。此外，还包含一些字段的特殊说明、分类汇总及调整字段。"}, {"表名": "astockfinancedb.lc_incomestatementall", "说明": "该数据表涵盖了全面的企业财务和经营信息，主要分为以下几类：基本信息如信息发布日期、信息来源、公司代码等；会计和企业分类信息如会计准则、工业企业类型等；收入和成本信息，包括营业收入、营业总成本、营业利润、非经营性净收益等具体细分项，如利息收入、手续费收入、保费收入、营业税金、管理费用等；利润相关信息，如净利润、归属于母公司和少数股东的净利润、综合收益总额等；资产和负债信息，如资产减值损失、信用减值损失、保险责任准备金等；股东权益类信息，如每股收益、其他综合收益等；特殊项目调整信息，用于反映各类收入、成本、利润和综合收益的特殊或调整项；其他专项收入与支出，如基金管理业务收入、担保业务收入、勘探费用等；此外，还包含一些未分类字段和特殊说明字段，全面支持企业财务分析和信息披露需求。"}, {"表名": "astockfinancedb.lc_cashflowstatementall", "说明": "该数据表主要记录企业财务及运营相关信息，涵盖多个维度的字段。基础信息包括信息发布日期、信息来源、公告类别等；企业属性如公司代码、会计准则、工业企业类型等。财务数据方面，详细记录了现金流相关信息，包括经营活动、投资活动、筹资活动的现金流入、流出及净额，以及特殊项目和调整项目；还包括现金及现金等价物的期初、期末余额及变动情况。收入与支出部分，涉及销售商品、提供劳务、税费返还、利息收入与支出、投资收益、资产处置收益等；成本费用方面，记录了税费支付、职工薪酬、资产折旧与摊销、财务费用等。投资与融资活动中，涵盖了投资支付、借款、债券发行、股利分配等数据。其他补充信息包括净利润及其归属、资产减值准备、递延所得税、存货变化、应收应付款变化、信用减值损失等。此外，还有与金融资产、金融负债、代理业务、回购业务等相关的明细字段，以及一些特殊项目和调整项目，用于对现金流和财务数据进行补充说明，反映企业的全面财务状况。"}, {"表名": "astockfinancedb.lc_intassetsdetail", "说明": "该数据表包含多个字段，涵盖基础信息、研发投入、人员构成及核心技术相关数据。基础信息包括内部编码、公司代码、信息发布日期、信息来源编码及截止日期；状态标识类字段包括是否合并及是否调整；研发投入相关字段包括费用化研发投入、资本化研发投入、研发投入合计及其占营业收入比例，同时还包括资本化研发投入占比；人员构成方面有研发人员数量及占比、核心技术人员数量及占比；核心技术相关数据则包括核心技术营业收入及其占比。这些字段全面记录了企业在研发投入及核心技术方面的资源配置和产出情况。"}, {"表名": "astockfinancedb.lc_mainoperincome", "说明": "该数据表主要用于记录和分析公司在特定日期的经营项目财务信息。字段包括公司标识信息如公司代码；时间信息如日期、日期类型、信息发布日期；数据来源信息如信息来源、信息来源编码；合并与调整状态如合并标志、是否调整；分类与显示信息如分类方式、显示序号、所属层级、上级科目名称；经营项目相关信息如经营项目名称、所属行业、地区与业务性质；财务数据包括主营业务收入、主营业务成本、主营业务利润及其同比变化、毛利率及其同比变化和上年同期数据；其他信息如货币单位。通过这些字段，用户可以分析公司的主营业务表现及其变化趋势。"}, {"表名": "astockfinancedb.lc_operatingstatus", "说明": "该数据表记录了与企业经营相关的关键信息，包含公司代码、日期等基础信息，用于标识企业和时间节点；信息来源与信息发布日期字段记录了数据的出处及发布时间，以确保信息的可靠性和时效性；经营述评字段则提供了对企业经营情况的详细描述，为分析和决策提供支持。"}, {"表名": "astockfinancedb.lc_auditopinion", "说明": "该数据表主要记录与公司审计相关的信息，包含公司标识如公司代码、所属机构等，时间信息如日期、信息发布日期，审计相关内容如会计师事务所、注册会计师、审计意见类型及其全文、审计报告类型，以及信息来源等字段。"}, {"表名": "astockeventsdb.lc_warrant", "说明": "该数据表涵盖了与公司事件披露相关的多维度信息，包括基础信息如公司代码、事件编码等；时间信息如首次信息发布日期、信息发布日期、协议签署日期、借贷及担保的起止日期等；信息来源和披露方式等描述性字段；事件相关信息如事件内容、行为描述、最新进展状态、事件主体及其名称、企业编号、关联关系等；交易对象和担保相关信息，包括交易对象名称、担保金额（首次及最新）、担保资产、提供担保企业及其关联关系、接受担保企业及其关联关系、反担保企业及资产等；借贷信息如借款银行、借款期限、续借期限、借贷起止日期、担保期限及续保期限等；以及其他补充信息如担保是否违规、借贷是否逾期、担保解除日期及方式、附注等，全面记录了公司事件的关键要素和关联信息。"}, {"表名": "astockeventsdb.lc_credit", "说明": "该数据表主要记录公司与上市公司之间的贷款及担保相关信息。字段信息包括公司标识及关联关系，如公司代码、事件主体名称及编号、交易对象名称及编号、借入方及借出方、担保方及其关联关系等。时间信息涵盖首次信息发布日期、信息发布日期、协议签署日期、借贷起始日及截止日、担保起始日及截止日、最近还款日期等。贷款与担保的详细信息涉及到货币单位、首次及最新借贷金额、最近及累计还款金额、借贷条件、年利率及其说明、借贷及担保期限、续借及续保期限、抵押置押资产等。事件相关信息包括信息来源、公告类型、披露方式、事件内容及主体、行为描述及方式、最新进展状态、是否终止等。此外，还包括附注信息用于补充说明。"}, {"表名": "astockeventsdb.lc_suitarbitration", "说明": "该数据表主要用于记录与公司相关的事件、诉讼仲裁及其进展信息。表中包含了基础标识信息如ID和公司代码(CompanyCode)；时间信息如首次信息发布日期(InitialInfoPublDate)和信息发布日期(InfoPublDate)；信息来源和披露方式(InfoSource, DisclosureMethod)；事件相关信息如事件内容(EventContent)、行为描述(ActionDesc)、事件主体名称及编号(SubjectName, SubjectCode)、事件进程(EventProcedure)、行为方式(ActionWays)、事件主体在诉讼中的角色(EventSubjectRole)等；涉及的交易或诉讼对象信息如交易对象名称及编号(ObjectName, ObjectCode)、诉讼仲裁原告和被告(Plaintiff, Defendant)及其关联关系；诉讼仲裁详细信息如案由描述(SubjectMatterStat)、案由(SubjectMatter)、诉讼仲裁金额(FirstSuitSum, LatestSuitSum)、审理机构(InquisitionInstitute)、仲裁状态及各审级状态(CaseStatus, FirstInstanceStatus, SecondInstanceStatus, SPPStatus)；财产执行信息如被执行财产(PropertyEnforced)、归属(PropertyBelonged)、执行状态(AdjudgementStatus)；以及协议签署日期(AgreementDate)、备注(Note)、是否终止(IfEnded)等辅助字段。字段内容涵盖了事件描述、诉讼仲裁进展、主体与关联方信息等多方面内容，便于综合分析和管理。"}, {"表名": "astockeventsdb.lc_entrustinv", "说明": "该数据表主要记录公司相关事件的详细信息，包括公司标识字段如公司代码、事件主体名称及其企业编号、交易对象名称及其企业编号等；事件基本信息字段如首次信息发布日期、信息发布日期、信息来源、公告类型、披露方式、事件内容、行为描述、行为方式及事件进程等；状态与进展字段如最新进展状态描述、是否终止、协议签署日期等；财务相关字段如涉及金额、货币单位、委托期限、委托起始日与截止日、约定收益说明及实际收益等；以及其他补充信息字段如与上市公司的关联关系、备注等，全面涵盖了事件的时间、主体、财务及进展等核心要素。"}, {"表名": "astockeventsdb.lc_regroup", "说明": "该数据表主要用于记录公司事件相关的信息。包括公司基础信息如公司代码、事件主体名称及其编号、事件主体与上市公司的关联关系等；事件相关的时间信息如首次信息发布日期、信息发布日期、协议签署日期等；事件的详细描述如事件内容、行为描述、最新进展状态、事件进程、行为方式等；信息来源和披露方式等公告信息；涉及的财务数据如资产帐面价值、资产评估价值、资产出售金额、资产转让收益、债务重组金额等；事件的类别和编码信息如公告类型、事项类型、事项编码、序号等；此外，还包括事件是否终止、交易对象企业编号及其与上市公司的关联关系等补充信息。"}, {"表名": "astockeventsdb.lc_majorcontract", "说明": "该数据表记录了与公司相关的事件及合同信息，包含公司基本信息如公司代码、事件主体名称及编号、交易对象名称及编号，以及主体与上市公司间的关联关系等；事件相关信息如首次信息发布日期、最新信息发布日期、信息来源、公告类型、事件内容、行为描述、行为方式、最新进展状态描述、事件主体、事件进程等；合同相关信息如协议签署日期、合同标的、合同获得方式、中标日期、涉及金额、合同起始日、合同截止日、合同期限及合同对公司的影响等；此外，还包括货币单位及备注等辅助信息。"}, {"表名": "astockeventsdb.lc_investorra", "说明": "该数据表记录了与证券相关的接待活动信息，包含信息发布日期、标题及链接等基本信息；证券内部编码、编号和序号等标识信息；接待日期、时间及截止日等时间信息；活动类别、地点、参与单位及人员、上市公司接待人员等活动相关信息；主要内容、附件及其格式等内容信息。"}, {"表名": "astockeventsdb.lc_investordetail", "说明": "该数据表主要用于记录投资者关系活动的详细信息，包括活动的唯一标识（投资者关系活动ID）、参与的调研机构及其编码（调研机构、调研机构编码）、参与的调研人员及其编码（调研人员、调研人员编码）、调研人员的职位名称，以及活动的排序序号等基本信息。"}]

请选择table，务必遵循输出的格式要求。

>>>>> Agent【Check_db_structure.table_selector】 Said:
【分析】
用户询问的是中国宝安集团股份有限公司（CompanyCode: 25, InnerCode: 28）在2020-2021年间实施的分红方案次数、每次分红的合计派现金额和实施公告日期。这些信息主要涉及公司的分红情况，因此需要选择记录证券分红相关信息的表。

【选中的数据表】
- astockfinancedb.lc_dividend: 这个数据表主要记录证券分红相关信息，涵盖了基本标识信息如证券内部编码和日期；分红方案的详细内容，包括是否分红、每股收益、送股比例、转增股比例、派现金额（含税和税后，人民币和外币）、分红股本基数及送转后总股本等；分红实施的关键时间节点，如预案发布日期、股东大会决议公告日期、股权登记日、除权除息日、红利到账日、分红发放起止日等；分红的对象和金额分布，包括A股和B股的派现金额（人民币和外币），以及公司合计派现金额；方案变更相关信息，如变更前后的分红方案、变更原因及说明；分红执行的其他信息，如利润分配次数、主要分配形式、上下限金额、事件进程及描述等；计算除权价用的调整比例和金额；以及其他辅助信息如方案类型、分红意向公布日、议案编号、最新信息发布日期和备注说明等，全面反映了证券分红的各个方面。

【选中的数据库表的清单】
```json
["astockfinancedb.lc_dividend"]
```


>>>>> 【user】 Said:
已取得可用的数据表的字段信息如下:
[{"表名": "astockfinancedb.lc_dividend", "表字段": [{"column": "InnerCode", "desc": "证券内部编码；证券内部编码（InnerCode）：与“证券主表（SecuMain）”中的“证券内部编码（InnerCode）”关联，得到证券的交易代码、简称等。"}, {"column": "EndDate", "desc": "日期"}, {"column": "IfDividend", "desc": "是否分红；是否分红(IfDividend)固定以下常量：0-否，1-是，8-对价，24-重整计划，25-特殊分红，26-面值拆分，99-其他分红。"}, {"column": "AdvanceDate", "desc": "预案发布日期"}, {"column": "SMDeciPublDate", "desc": "股东大会决议公告日期"}, {"column": "EPS", "desc": "每股收益(摊薄)(元/股)"}, {"column": "BonusShareRatio", "desc": "送股比例(10送X)"}, {"column": "TranAddShareRaio", "desc": "转增股比例(10转增X)"}, {"column": "PriceUnit", "desc": "期货单位；派现外币单位（PriceUnit）：与“系统常量表（CT_SystemConst）”中的“常量代码（DM）”关联，令“LB=1068”，得到派现外币单位的具体描述。1000-美元，1100-港元。该字段主要记录B股分红涉及的外币单位，A股分红因通常单位都是人民币，故派现外币单位为NULL。"}, {"column": "CashDiviRMB", "desc": "派现(含税/人民币元)"}, {"column": "ActualCashDiviRMB", "desc": "实派(税后/人民币元)"}, {"column": "CashDiviFC", "desc": "派现(含税/外币)"}, {"column": "ActualCashDiviFC", "desc": "实派(税后/外币)"}, {"column": "RightRegDate", "desc": "股权登记日"}, {"column": "ExDiviDate", "desc": "除权除息日"}, {"column": "BonusShareListDate", "desc": "送转股上市日"}, {"column": "ToAccountDate", "desc": "红利到账日"}, {"column": "FinalTradingDay", "desc": "最后交易日"}, {"column": "DiviBase", "desc": "分红股本基数(股)"}, {"column": "SharesAfterDivi", "desc": "送转后总股本(股)"}, {"column": "DiviObject", "desc": "分红对象；分红对象(DiviObject)与(CT_SystemConst)表中的DM字段关联，令LB = 1197 AND DM IN (1,2,3)，得到分红对象的具体描述：1-全体股东，2-发行前股东，3-部分股东。"}, {"column": "TotalCashDiviComRMB", "desc": "公司合计派现金额(人民币元)"}, {"column": "TotalCashDiviComFC", "desc": "公司合计派现金额(外币元)"}, {"column": "CashDiviAShare", "desc": "其中:A股派现金额(元)"}, {"column": "CashDiviBShareRMB", "desc": "B股派现金额(人民币元)"}, {"column": "CashDiviBShareFC", "desc": "B股派现金额(外币元)"}, {"column": "DiviStartDate", "desc": "红利发放起始日"}, {"column": "IFSchemeChange", "desc": "方案是否变更；方案是否变更（IFSchemeChange），该字段固定以下常量：1-是；0-否"}, {"column": "ChangeStatement", "desc": "方案变动说明"}, {"column": "ChangeType", "desc": "变动原因；方案变更类型(ChangeType)与(CT_SystemConst)表中的DM字段关联，令LB = 1013，得到方案变更类型的具体描述：1-总量变更，2-总量不变，3-基数变更，4-基数不变，5-其他。"}, {"column": "IfDiviBeforeChange", "desc": "变更前是否分红"}, {"column": "BonusShareRatioBeforeChange", "desc": "变更前送股比例(10送X)"}, {"column": "TranAddShareRatioBeforeChange", "desc": "变更前转增股比例(10转增X)"}, {"column": "CashDiviBeforeChangeRMB", "desc": "变更前派现(含税/人民币元)"}, {"column": "CashDiviBeforeChangeFC", "desc": "变更前派现(含税/外币)"}, {"column": "DiviBaseBeforeChange", "desc": "变更前分红股本基数(股)"}, {"column": "Notes", "desc": "备注说明"}, {"column": "UndistributeStatement", "desc": "利润不分配说明"}, {"column": "DistributeTimes", "desc": "利润分配次数"}, {"column": "CeilingNext", "desc": "下限"}, {"column": "FloorNext", "desc": "上限"}, {"column": "Ceiling", "desc": "下限"}, {"column": "Floor", "desc": "上限"}, {"column": "MainForm", "desc": "主要分配形式"}, {"column": "CashDiviCeiling", "desc": "下限"}, {"column": "CashDiviFloor", "desc": "上限"}, {"column": "DiviEndDate", "desc": "红利发放截止日"}, {"column": "DividendImplementDate", "desc": "分红实施公告日"}, {"column": "EventProcedure", "desc": "事件进程；事件进程(EventProcedure)与(CT_SystemConst)表中的DM字段关联，令LB = 1059 AND DM IN (1000,1001,1004,3120,3125,3131,3305)，得到事件进程的具体描述：1000-意向，1001-预案，1004-决案，3120-董事会否决，3125-股东大会否决，3131-方案实施，3305-放弃。"}, {"column": "EventProcedureDesc", "desc": "事件进程描述"}, {"column": "BonusSHRatioAdjusted", "desc": "送股比例(10送X)(计算除权价用)"}, {"column": "TranAddRatioAdjusted", "desc": "转增比例(10转增X)(计算除权价用)"}, {"column": "CashDiviRMBAdjusted", "desc": "派现(含税10派X元)(计算除权价用)"}, {"column": "DiviObjectNew", "desc": "分红对象(新)"}, {"column": "BonusShareArrivalDate", "desc": "送转股到账日"}, {"column": "SchemeType", "desc": "方案类型；方案类型(SchemeType)与(CT_SystemConst)表中的DM字段关联，令LB = 1739，得到方案类型的具体描述：10-公司提出方案，20-股东提出方案，99-其它。"}, {"column": "ExDiviRefPrice", "desc": "除权除息参考价(元)"}, {"column": "DiviIntentPublDate", "desc": "分红意向公布日"}, {"column": "DividendBaseDate", "desc": "分红派息股本基准日"}, {"column": "ProposalSN", "desc": "议案编号"}, {"column": "LatestInfoPublDate", "desc": "最新信息发布日期"}, {"column": "SchemeStatement", "desc": "No description available"}]}, {"表名": "constantdb.secumain", "表字段": [{"column": "InnerCode", "desc": "证券内部编码"}, {"column": "CompanyCode", "desc": "公司代码；公司代码(CompanyCode)：当本表SecuCategory IN (8,13)即基金相关时，对应的基金管理人代码可通过本表InnerCode关联MF_FundArchives.InnerCode，取MF_FundArchives.InvestAdvisorCode"}, {"column": "SecuCode", "desc": "证券代码"}, {"column": "ChiName", "desc": "中文名称"}, {"column": "ChiNameAbbr", "desc": "中文名称缩写"}, {"column": "EngName", "desc": "英文名称"}, {"column": "EngNameAbbr", "desc": "英文名称缩写"}, {"column": "SecuAbbr", "desc": "证券简称"}]}, {"表名": "constantdb.hk_secumain", "表字段": [{"column": "InnerCode", "desc": "证券内部编码"}, {"column": "CompanyCode", "desc": "公司代码"}, {"column": "SecuCode", "desc": "证券代码"}, {"column": "ChiName", "desc": "中文名称"}, {"column": "ChiNameAbbr", "desc": "中文名称缩写"}, {"column": "EngName", "desc": "英文名称"}, {"column": "EngNameAbbr", "desc": "英文名称缩写"}, {"column": "SecuAbbr", "desc": "证券简称"}, {"column": "FormerName", "desc": "曾用名"}, {"column": "InnerCode", "desc": "证券内部编码"}, {"column": "CompanyCode", "desc": "公司代码"}, {"column": "SecuCode", "desc": "证券代码"}, {"column": "ChiName", "desc": "中文名称"}, {"column": "ChiNameAbbr", "desc": "中文名称缩写"}, {"column": "EngName", "desc": "英文名称"}, {"column": "EngNameAbbr", "desc": "英文名称缩写"}, {"column": "SecuAbbr", "desc": "证券简称"}, {"column": "FormerName", "desc": "曾用名"}]}, {"表名": "constantdb.us_secumain", "表字段": [{"column": "InnerCode", "desc": "证券内部编码"}, {"column": "SecuCode", "desc": "证券代码"}, {"column": "SecuAbbr", "desc": "证券简称"}, {"column": "CompanyCode", "desc": "公司代码"}, {"column": "EngName", "desc": "英文名称"}, {"column": "ChiName", "desc": "中文名称"}]}, {"表名": "constantdb.ct_systemconst", "表字段": [{"column": "LB", "desc": "常量分类编码"}, {"column": "LBMC", "desc": "常量分类名称"}, {"column": "MS", "desc": "常量描述"}, {"column": "DM", "desc": "常量代码"}, {"column": "LB", "desc": "常量分类编码"}, {"column": "LBMC", "desc": "常量分类名称"}, {"column": "MS", "desc": "常量描述"}, {"column": "DM", "desc": "常量代码"}]}, {"表名": "astockindustrydb.lc_conceptlist", "表字段": [{"column": "ClassCode", "desc": "所属1级概念代码"}, {"column": "ClassName", "desc": "所属1级概念名称"}, {"column": "SubclassCode", "desc": "所属2级概念代码"}, {"column": "SubclassName", "desc": "所属2级概念名称"}, {"column": "ConceptCode", "desc": "所属概念板块编码"}, {"column": "ConceptName", "desc": "概念名称"}, {"column": "ConceptEngName", "desc": "概念英文名称"}]}]

请选择column，务必遵循输出的格式要求。

>>>>> Agent【Check_db_structure.columns_selector】 Said:
【分析】
用户提问涉及以下几个关键信息点：
1. 公司识别信息：中国宝安集团股份有限公司（CompanyCode: 25, InnerCode: 28）
2. 时间范围：2020-2021年间
3. 分红方案次数
4. 每次分红的合计派现金额（四舍五入保留两位小数，单位元）
5. 实施公告日期（xxxx-xx-xx的格式）

【信息所在字段】
- astockfinancedb.lc_dividend.InnerCode: 这个字段可能包含证券内部编码信息，对应用户提问中的InnerCode
- astockfinancedb.lc_dividend.DividendImplementDate: 这个字段可能包含分红实施公告日期信息，对应用户提问中的实施公告日期
- astockfinancedb.lc_dividend.TotalCashDiviComRMB: 这个字段可能包含公司合计派现金额信息，对应用户提问中的合计派现金额
- constantdb.secumain.CompanyCode: 这个字段可能包含公司代码信息，对应用户提问中的CompanyCode

【筛选条件所在字段】
- astockfinancedb.lc_dividend.InnerCode: 这个字段用于关联证券内部编码，对应用户提问中的InnerCode
- constantdb.secumain.InnerCode: 这个字段用于关联证券内部编码，对应用户提问中的InnerCode
- constantdb.secumain.CompanyCode: 这个字段用于关联公司代码，对应用户提问中的CompanyCode

【选中的字段的清单】
```json
{
  "astockfinancedb.lc_dividend": ["InnerCode", "DividendImplementDate", "TotalCashDiviComRMB"],
  "constantdb.secumain": ["CompanyCode", "InnerCode"]
}
```


>>>>> 【user】 Said:
中国宝安集团股份有限公司（CompanyCode: 25, InnerCode: 28）在2020-2021年间实施了几次分红方案？每次分红的合计派现金额（四舍五入保留两位小数，单位元）和实施公告日期（xxxx-xx-xx的格式）分别是多少？

>>>>> Agent【Sql_query.master】 Said:
【已知信息】
- 中国宝安集团股份有限公司的CompanyCode是25，InnerCode是28
- 需要查询2020-2021年间的分红方案
- 需要获取每次分红的合计派现金额和实施公告日期

【当前阶段要获取的信息】
- 2020-2021年间中国宝安集团股份有限公司实施的分红次数
- 每次分红的合计派现金额和实施公告日期

【信息所在字段】
- 分红次数：通过计数查询得到
- 合计派现金额：`TotalCashDiviComRMB`
- 实施公告日期：`DividendImplementDate`

【筛选条件所在字段】
- `InnerCode` 用于关联中国宝安集团股份有限公司
- `DividendImplementDate` 用于筛选2020-2021年间

【SQL语句的思路】
1. 使用`InnerCode`字段关联中国宝安集团股份有限公司
2. 使用`DividendImplementDate`字段筛选2020-2021年间的记录
3. 计算分红次数
4. 获取每次分红的合计派现金额和实施公告日期

【执行SQL语句】
```exec_sql
SELECT 
    COUNT(*) AS DividendCount,
    ROUND(TotalCashDiviComRMB, 2) AS TotalCashDiviComRMB,
    DATE_FORMAT(DividendImplementDate, '%Y-%m-%d') AS DividendImplementDate
FROM 
    astockfinancedb.lc_dividend
WHERE 
    InnerCode = 28
    AND YEAR(DividendImplementDate) BETWEEN 2020 AND 2021
GROUP BY 
    DividendImplementDate, TotalCashDiviComRMB
```

【上述SQL语句的含义】
- 从`astockfinancedb.lc_dividend`表中查询中国宝安集团股份有限公司（`InnerCode = 28`）在2020-2021年间（`YEAR(DividendImplementDate) BETWEEN 2020 AND 2021`）的分红记录
- 计算总的分红次数
- 获取每次分红的合计派现金额（四舍五入保留两位小数）
- 获取每次分红的实施公告日期（格式为`xxxx-xx-xx`）
- 按照实施公告日期和合计派现金额进行分组，以确保每次分红的记录独立显示

>>>>> 查询sql:
SELECT 
    COUNT(*) AS DividendCount,
    ROUND(TotalCashDiviComRMB, 2) AS TotalCashDiviComRMB,
    DATE_FORMAT(DividendImplementDate, '%Y-%m-%d') AS DividendImplementDate
FROM 
    astockfinancedb.lc_dividend
WHERE 
    InnerCode = 28
    AND YEAR(DividendImplementDate) BETWEEN 2020 AND 2021
GROUP BY 
    DividendImplementDate, TotalCashDiviComRMB;
查询结果:
[{"DividendCount": 1, "TotalCashDiviComRMB": 77376418.95, "DividendImplementDate": "2021-08-20"}, {"DividendCount": 1, "TotalCashDiviComRMB": 51584279.3, "DividendImplementDate": "2020-08-07"}]


>>>>> 【user】 Said:
查询SQL:
SELECT 
    COUNT(*) AS DividendCount,
    ROUND(TotalCashDiviComRMB, 2) AS TotalCashDiviComRMB,
    DATE_FORMAT(DividendImplementDate, '%Y-%m-%d') AS DividendImplementDate
FROM 
    astockfinancedb.lc_dividend
WHERE 
    InnerCode = 28
    AND YEAR(DividendImplementDate) BETWEEN 2020 AND 2021
GROUP BY 
    DividendImplementDate, TotalCashDiviComRMB;
查询结果:
[{"DividendCount": 1, "TotalCashDiviComRMB": 77376418.95, "DividendImplementDate": "2021-08-20"}, {"DividendCount": 1, "TotalCashDiviComRMB": 51584279.3, "DividendImplementDate": "2020-08-07"}]
请理解查询结果

>>>>> Agent【Sql_query.understand_query_result】 Said:
查询结果表明: 在证券内部编码为28的记录中，2020年至2021年期间共有两次分红实施。第一次分红实施公告日为2020年8月7日，公司合计派现金额为51584279.30元人民币；第二次分红实施公告日为2021年8月20日，公司合计派现金额为77376418.95元人民币。每次分红的记录数量均为1条。


>>>>> 【user】 Said:
查询SQL:
SELECT 
    COUNT(*) AS DividendCount,
    ROUND(TotalCashDiviComRMB, 2) AS TotalCashDiviComRMB,
    DATE_FORMAT(DividendImplementDate, '%Y-%m-%d') AS DividendImplementDate
FROM 
    astockfinancedb.lc_dividend
WHERE 
    InnerCode = 28
    AND YEAR(DividendImplementDate) BETWEEN 2020 AND 2021
GROUP BY 
    DividendImplementDate, TotalCashDiviComRMB;
查询结果:
[{"DividendCount": 1, "TotalCashDiviComRMB": 77376418.95, "DividendImplementDate": "2021-08-20"}, {"DividendCount": 1, "TotalCashDiviComRMB": 51584279.3, "DividendImplementDate": "2020-08-07"}]
查询结果表明: 在证券内部编码为28的记录中，2020年至2021年期间共有两次分红实施。第一次分红实施公告日为2020年8月7日，公司合计派现金额为51584279.30元人民币；第二次分红实施公告日为2021年8月20日，公司合计派现金额为77376418.95元人民币。每次分红的记录数量均为1条。

当前掌握的信息是否能够回答"中国宝安集团股份有限公司（CompanyCode: 25, InnerCode: 28）在2020-2021年间实施了几次分红方案？每次分红的合计派现金额（四舍五入保留两位小数，单位元）和实施公告日期（xxxx-xx-xx的格式）分别是多少？"？还是要继续执行下一阶段SQL查询？

>>>>> Agent【Sql_query.master】 Said:
【已知信息】
- 中国宝安集团股份有限公司的CompanyCode是25，InnerCode是28
- 2020-2021年间中国宝安集团股份有限公司实施了两次分红方案
- 第一次分红实施公告日为2020年8月7日，公司合计派现金额为51584279.30元人民币
- 第二次分红实施公告日为2021年8月20日，公司合计派现金额为77376418.95元人民币

【当前阶段要获取的信息】
无

【信息所在字段】
无

【筛选条件所在字段】
无

【SQL语句的思路】
无

【执行SQL语句】
无

【上述SQL语句的含义】
无

当前掌握的信息已经能够完全回答“中国宝安集团股份有限公司（CompanyCode: 25, InnerCode: 28）在2020-2021年间实施了几次分红方案？每次分红的合计派现金额（四舍五入保留两位小数，单位元）和实施公告日期（xxxx-xx-xx的格式）分别是多少？”的问题。无需继续执行下一阶段的SQL查询。

总结回答：
中国宝安集团股份有限公司（CompanyCode: 25, InnerCode: 28）在2020-2021年间实施了两次分红方案：
1. 第一次分红实施公告日为2020年8月7日，公司合计派现金额为51584279.30元人民币。
2. 第二次分红实施公告日为2021年8月20日，公司合计派现金额为77376418.95元人民币。


>>>>> 【user】 Said:
请回答问题:"中国宝安集团股份有限公司（CompanyCode: 25, InnerCode: 28）在2020-2021年间实施了几次分红方案？每次分红的合计派现金额（四舍五入保留两位小数，单位元）和实施公告日期（xxxx-xx-xx的格式）分别是多少？"

>>>>> Agent【Sql_query.summary】 Said:
中国宝安集团股份有限公司（CompanyCode: 25, InnerCode: 28）在2020-2021年间实施了2次分红方案：
1. 第一次分红实施公告日期: 2020-08-07, 合计派现金额: 51584279.30元
2. 第二次分红实施公告日期: 2021-08-20, 合计派现金额: 77376418.95元
