
>>>>> Original Question: 当日哪家公司收盘价最高，最高价是多少？


>>>>> Agent【extract_company】 Said:
No Entities.


>>>>> Agent【rewrite_question】 Said:
2020年2月7日，瑞芯微电子股份有限公司（CompanyCode: 232006, InnerCode: 85470）停牌当天，哪家公司的收盘价最高，最高价是多少？

>>>>> 已知事实:
瑞芯微的关联信息有:[InnerCode(证券内部编码)是85470;CompanyCode(公司代码)是232006;ChiName(中文名称)是瑞芯微电子股份有限公司;EngName(英文名称)是Rockchip Electronics Co., Ltd.;SecuCode(证券代码)是603893;]

>>>>> Agent【Check_db_structure.db_selector】 Said:
【分析】
用户需要查询的是2020年2月7日瑞芯微电子股份有限公司停牌当天，哪家公司的收盘价最高，以及最高价是多少。这涉及到两个主要信息：
1. 瑞芯微电子股份有限公司在2020年2月7日的停牌信息。
2. 同一天所有公司的收盘价信息。

【选中的数据库】
- `astockmarketquotesdb`: 这个数据库记录了上市公司股票行情，包括停复牌信息和每日行情数据，可以获取瑞芯微电子股份有限公司的停牌信息和其他公司的收盘价。

【选中的数据库的清单】
```json
["astockmarketquotesdb"]
```


>>>>> Agent【Check_db_structure.table_selector】 Said:
【分析】
用户需要查询2020年2月7日瑞芯微电子股份有限公司停牌当天，哪家公司的收盘价最高，以及最高价是多少。这需要以下信息：
1. 确认瑞芯微电子股份有限公司在2020年2月7日停牌。
2. 查询2020年2月7日所有公司的收盘价，找出最高的收盘价及其对应的公司。

【选中的数据表】
- astockmarketquotesdb.lc_suspendresumption: 这个数据表包含证券停复牌相关信息，可以确认瑞芯微电子股份有限公司在2020年2月7日是否停牌。
- astockmarketquotesdb.qt_dailyquote: 这个数据表记录了每日证券交易的核心信息，包括收盘价，可以用于找出2020年2月7日收盘价最高的公司。

【选中的数据库表的清单】
```json
["astockmarketquotesdb.lc_suspendresumption", "astockmarketquotesdb.qt_dailyquote"]
```


>>>>> Agent【Check_db_structure.columns_selector】 Said:
【分析】
用户提问需要找到2020年2月7日瑞芯微电子股份有限公司停牌当天，哪家公司的收盘价最高，以及最高价是多少。这涉及到以下几个关键信息：
1. 瑞芯微电子股份有限公司的标识（CompanyCode: 232006, InnerCode: 85470）
2. 停牌日期（2020年2月7日）
3. 当天所有公司的收盘价
4. 最高收盘价及其对应的公司

【信息所在字段】
- constantdb.secumain.CompanyCode: 这个字段可能包含公司代码信息，对应用户提问中的瑞芯微电子股份有限公司的CompanyCode
- constantdb.secumain.InnerCode: 这个字段可能包含证券内部编码信息，对应用户提问中的瑞芯微电子股份有限公司的InnerCode
- astockmarketquotesdb.lc_suspendresumption.SuspendDate: 这个字段可能包含停牌日期信息，对应用户提问中的2020年2月7日
- astockmarketquotesdb.qt_dailyquote.ClosePrice: 这个字段可能包含收盘价信息，对应用户提问中的最高收盘价
- astockmarketquotesdb.qt_dailyquote.TradingDay: 这个字段可能包含交易日信息，对应用户提问中的2020年2月7日
- constantdb.secumain.ChiName: 这个字段可能包含公司名称信息，对应用户提问中的哪家公司

【筛选条件所在字段】
- constantdb.secumain.CompanyCode: 这个字段用于筛选瑞芯微电子股份有限公司
- constantdb.secumain.InnerCode: 这个字段用于筛选瑞芯微电子股份有限公司
- astockmarketquotesdb.lc_suspendresumption.SuspendDate: 这个字段用于筛选停牌日期
- astockmarketquotesdb.qt_dailyquote.TradingDay: 这个字段用于筛选交易日
- astockmarketquotesdb.qt_dailyquote.InnerCode: 这个字段用于关联证券内部编码

【选中的字段的清单】
```json
{
  "constantdb.secumain": ["CompanyCode", "InnerCode", "ChiName"],
  "astockmarketquotesdb.lc_suspendresumption": ["SuspendDate", "InnerCode"],
  "astockmarketquotesdb.qt_dailyquote": ["ClosePrice", "TradingDay", "InnerCode"]
}
```


>>>>> Agent【Sql_query.master】 Said:
【已知信息】
- 瑞芯微电子股份有限公司的关联信息：InnerCode(证券内部编码)是85470, CompanyCode(公司代码)是232006, ChiName(中文名称)是瑞芯微电子股份有限公司, EngName(英文名称)是Rockchip Electronics Co., Ltd., SecuCode(证券代码)是603893。
- 瑞芯微最近一次停牌日期为2020年2月7日。

【当前阶段要获取的信息】
- 2020年2月7日，瑞芯微停牌当天，哪家公司的收盘价最高，最高价是多少。

【信息所在字段】
- 收盘价：`ClosePrice`
- 交易日：`TradingDay`
- 公司名称：`ChiName`

【筛选条件所在字段】
- 交易日：`TradingDay`

【SQL语句的思路】
1. 从`astockmarketquotesdb.qt_dailyquote`表中查询2020年2月7日的所有交易记录。
2. 结合`constantdb.secumain`表获取公司名称。
3. 找出当天收盘价最高的公司及其收盘价。

【执行SQL语句】
```exec_sql
SELECT 
    sm.ChiName AS CompanyName, 
    dq.ClosePrice 
FROM 
    astockmarketquotesdb.qt_dailyquote dq 
JOIN 
    constantdb.secumain sm 
ON 
    dq.InnerCode = sm.InnerCode 
WHERE 
    DATE(dq.TradingDay) = '2020-02-07' 
ORDER BY 
    dq.ClosePrice DESC 
LIMIT 1;
```

【上述SQL语句的含义】
- 该SQL语句首先从`astockmarketquotesdb.qt_dailyquote`表中筛选出2020年2月7日的所有交易记录。
- 然后通过`InnerCode`字段与`constantdb.secumain`表进行关联，获取对应的公司名称。
- 最后按照收盘价`ClosePrice`从高到低排序，并取最高的一条记录，即当天收盘价最高的公司及其收盘价。

>>>>> 查询sql:
SELECT 
    sm.ChiName AS CompanyName, 
    dq.ClosePrice 
FROM 
    astockmarketquotesdb.qt_dailyquote dq 
JOIN 
    constantdb.secumain sm 
ON 
    dq.InnerCode = sm.InnerCode 
WHERE 
    DATE(dq.TradingDay) = '2020-02-07' 
ORDER BY 
    dq.ClosePrice DESC 
LIMIT 1;
查询结果:
[{"CompanyName": "厦门吉比特网络技术股份有限公司", "ClosePrice": 413.84}]


>>>>> Agent【Sql_query.understand_query_result】 Said:
查询结果表明: 在2020年2月7日的交易日中，收盘价最高的公司是厦门吉比特网络技术股份有限公司，其收盘价为413.84元。


>>>>> Agent【Sql_query.master】 Said:
【已知信息】
- 瑞芯微电子股份有限公司的关联信息：InnerCode(证券内部编码)是85470, CompanyCode(公司代码)是232006, ChiName(中文名称)是瑞芯微电子股份有限公司, EngName(英文名称)是Rockchip Electronics Co., Ltd., SecuCode(证券代码)是603893。
- 瑞芯微最近一次停牌日期为2020年2月7日。
- 在2020年2月7日的交易日中，收盘价最高的公司是厦门吉比特网络技术股份有限公司，其收盘价为413.84元。

【当前阶段要获取的信息】
无

【信息所在字段】
无

【筛选条件所在字段】
无

【SQL语句的思路】
无

【执行SQL语句】
无

【上述SQL语句的含义】
无

**结论：**
当前掌握的信息已经能够回答"2020年2月7日，瑞芯微电子股份有限公司（CompanyCode: 232006, InnerCode: 85470）停牌当天，哪家公司的收盘价最高，最高价是多少？"这个问题。具体答案如下：

- 收盘价最高的公司是：厦门吉比特网络技术股份有限公司
- 最高收盘价为：413.84元

因此，无需继续执行下一阶段的SQL查询。


>>>>> Agent【Sql_query.summary】 Said:
收盘价最高的公司: 厦门吉比特网络技术股份有限公司, 最高价: 413.84元
