
>>>>> Original Question: 瑞芯微最近一次停牌是什么时候？（时间回答XXXX-XX-XX）


>>>>> Agent【extract_company】 Said:
```json
["瑞芯微"]
```

>>>>> 查询sql:
SELECT 'constantdb.secumain' AS TableName, InnerCode, CompanyCode, ChiName, EngName, SecuCode
FROM constantdb.secumain 
WHERE SecuCode = '瑞芯微'
   OR ChiName LIKE '%瑞芯微%'
   OR ChiNameAbbr LIKE '%瑞芯微%'
   OR EngName LIKE '%瑞芯微%'
   OR EngNameAbbr LIKE '%瑞芯微%'
   OR SecuAbbr LIKE '%瑞芯微%'
UNION ALL
SELECT 'constantdb.hk_secumain' AS TableName, InnerCode, CompanyCode, ChiName, EngName, SecuCode
FROM constantdb.hk_secumain 
WHERE SecuCode = '%瑞芯微%'
   OR ChiName LIKE '%瑞芯微%'
   OR ChiNameAbbr LIKE '%瑞芯微%'
   OR EngName LIKE '%瑞芯微%'
   OR EngNameAbbr LIKE '%瑞芯微%'
   OR SecuAbbr LIKE '%瑞芯微%'
   OR FormerName LIKE '%瑞芯微%'
UNION ALL
SELECT 'constantdb.us_secumain' AS TableName, InnerCode, CompanyCode, ChiName, EngName, SecuCode
FROM constantdb.us_secumain 
WHERE SecuCode = '瑞芯微'
   OR ChiName LIKE '%瑞芯微%'
   OR EngName LIKE '%瑞芯微%'
   OR SecuAbbr LIKE '%瑞芯微%';
查询结果:
[{"TableName": "constantdb.secumain", "InnerCode": 85470, "CompanyCode": 232006, "ChiName": "瑞芯微电子股份有限公司", "EngName": "Rockchip Electronics Co., Ltd.", "SecuCode": "603893"}]


>>>>> Agent【rewrite_question】 Said:
瑞芯微电子股份有限公司（CompanyCode: 232006, InnerCode: 85470）最近一次停牌是什么时候？（时间回答XXXX-XX-XX）

>>>>> 已知事实:
瑞芯微的关联信息有:[InnerCode(证券内部编码)是85470;CompanyCode(公司代码)是232006;ChiName(中文名称)是瑞芯微电子股份有限公司;EngName(英文名称)是Rockchip Electronics Co., Ltd.;SecuCode(证券代码)是603893;]

>>>>> Agent【Check_db_structure.db_selector】 Said:
【分析】
用户询问的是瑞芯微电子股份有限公司（CompanyCode: 232006, InnerCode: 85470）最近一次停牌的时间。停牌信息属于股票行情的一部分，通常包括在股票交易数据中。因此，我们需要查找记录股票交易行情和停复牌信息的数据库。

【选中的数据库】
- astockmarketquotesdb: 这个数据库记录了境内股票的交易行情、技术指标、资金流向、技术形态、停复牌信息等全面数据，涵盖了停复牌记录等多个维度，可以找到瑞芯微电子股份有限公司的停牌信息。

【选中的数据库的清单】
```json
["astockmarketquotesdb"]
```


>>>>> Agent【Check_db_structure.table_selector】 Said:
【分析】
用户询问的是瑞芯微电子股份有限公司（CompanyCode: 232006, InnerCode: 85470）最近一次停牌的时间。要获取停牌时间，需要查找记录证券停复牌相关信息的表。

【选中的数据表】
- astockmarketquotesdb.lc_suspendresumption: 这个数据表主要记录证券停复牌相关信息，包括证券标识字段如证券内部编码，时间相关字段如信息发布日期、停牌日期、停牌时间、复牌日期、复牌时间等。

【选中的数据库表的清单】
```json
["astockmarketquotesdb.lc_suspendresumption"]
```


>>>>> Agent【Check_db_structure.columns_selector】 Said:
【分析】
用户询问瑞芯微电子股份有限公司（CompanyCode: 232006, InnerCode: 85470）最近一次停牌的时间。我们需要找到与该公司相关的停牌记录，并确定最近一次停牌的日期。

【信息所在字段】
- constantdb.secumain.CompanyCode: 这个字段可能包含公司代码信息，对应用户提问中的CompanyCode: 232006
- constantdb.secumain.InnerCode: 这个字段可能包含证券内部编码信息，对应用户提问中的InnerCode: 85470
- astockmarketquotesdb.lc_suspendresumption.InnerCode: 这个字段可能包含证券内部编码信息，用于关联停牌记录
- astockmarketquotesdb.lc_suspendresumption.SuspendDate: 这个字段可能包含停牌日期信息，用于确定最近一次停牌的时间

【筛选条件所在字段】
- constantdb.secumain.CompanyCode: 这个字段用于筛选特定公司的记录
- constantdb.secumain.InnerCode: 这个字段用于筛选特定证券的记录
- astockmarketquotesdb.lc_suspendresumption.InnerCode: 这个字段用于关联停牌记录

【选中的字段的清单】
```json
{
  "constantdb.secumain": ["CompanyCode", "InnerCode"],
  "astockmarketquotesdb.lc_suspendresumption": ["InnerCode", "SuspendDate"]
}
```


>>>>> Agent【Sql_query.master】 Said:
【已知信息】
- 公司名称：瑞芯微电子股份有限公司
- CompanyCode：232006
- InnerCode：85470

【当前阶段要获取的信息】
- 瑞芯微电子股份有限公司最近一次停牌的日期

【信息所在字段】
- `SuspendDate`（停牌日期）

【筛选条件所在字段】
- `InnerCode`（证券内部编码）

【SQL语句的思路】
1. 从`astockmarketquotesdb.lc_suspendresumption`表中查询`SuspendDate`字段
2. 使用`InnerCode`字段进行筛选，值为85470
3. 按照停牌日期降序排列，取最近一次的记录

【执行SQL语句】
```exec_sql
SELECT SuspendDate 
FROM astockmarketquotesdb.lc_suspendresumption 
WHERE InnerCode = 85470 
ORDER BY SuspendDate DESC 
LIMIT 1
```

【上述SQL语句的含义】
- 从`astockmarketquotesdb.lc_suspendresumption`表中筛选出`InnerCode`为85470的记录
- 按照停牌日期从新到旧排序
- 取最近一次的停牌日期记录

>>>>> 查询sql:
SELECT SuspendDate 
FROM astockmarketquotesdb.lc_suspendresumption 
WHERE InnerCode = 85470 
ORDER BY SuspendDate DESC 
LIMIT 1;
查询结果:
[{"SuspendDate": "2020-02-07 12:00:00.000"}]


>>>>> Agent【Sql_query.understand_query_result】 Said:
查询结果表明: 证券内部编码为85470的证券最近一次停牌日期为2020年2月7日12:00:00。


>>>>> Agent【Sql_query.master】 Said:
【已知信息】
- 公司名称：瑞芯微电子股份有限公司
- CompanyCode：232006
- InnerCode：85470
- 最近一次停牌日期：2020年2月7日12:00:00

【当前阶段要获取的信息】
- 无

【信息所在字段】
- 无

【筛选条件所在字段】
- 无

【SQL语句的思路】
- 无

【执行SQL语句】
- 无

【上述SQL语句的含义】
- 无

当前掌握的信息已经能够回答"瑞芯微电子股份有限公司（CompanyCode: 232006, InnerCode: 85470）最近一次停牌是什么时候？（时间回答XXXX-XX-XX）"的问题。瑞芯微电子股份有限公司最近一次停牌的日期是2020年2月7日。无需继续执行下一阶段SQL查询。


>>>>> Agent【Sql_query.summary】 Said:
2020-02-07
