
>>>>> Original Question: 中炬高新技术实业(集团)股份有限公司的法人代表是谁？


>>>>> Agent【extract_company】 Said:
```json
["中炬高新技术实业(集团)股份有限公司"]
```

>>>>> 查询sql:
SELECT 'constantdb.secumain' AS TableName, InnerCode, CompanyCode, ChiName, EngName, SecuCode
FROM constantdb.secumain 
WHERE SecuCode = '中炬高新技术实业(集团)股份有限公司'
   OR ChiName LIKE '%中炬高新技术实业(集团)股份有限公司%'
   OR ChiNameAbbr LIKE '%中炬高新技术实业(集团)股份有限公司%'
   OR EngName LIKE '%中炬高新技术实业(集团)股份有限公司%'
   OR EngNameAbbr LIKE '%中炬高新技术实业(集团)股份有限公司%'
   OR SecuAbbr LIKE '%中炬高新技术实业(集团)股份有限公司%'
UNION ALL
SELECT 'constantdb.hk_secumain' AS TableName, InnerCode, CompanyCode, ChiName, EngName, SecuCode
FROM constantdb.hk_secumain 
WHERE SecuCode = '%中炬高新技术实业(集团)股份有限公司%'
   OR ChiName LIKE '%中炬高新技术实业(集团)股份有限公司%'
   OR ChiNameAbbr LIKE '%中炬高新技术实业(集团)股份有限公司%'
   OR EngName LIKE '%中炬高新技术实业(集团)股份有限公司%'
   OR EngNameAbbr LIKE '%中炬高新技术实业(集团)股份有限公司%'
   OR SecuAbbr LIKE '%中炬高新技术实业(集团)股份有限公司%'
   OR FormerName LIKE '%中炬高新技术实业(集团)股份有限公司%'
UNION ALL
SELECT 'constantdb.us_secumain' AS TableName, InnerCode, CompanyCode, ChiName, EngName, SecuCode
FROM constantdb.us_secumain 
WHERE SecuCode = '中炬高新技术实业(集团)股份有限公司'
   OR ChiName LIKE '%中炬高新技术实业(集团)股份有限公司%'
   OR EngName LIKE '%中炬高新技术实业(集团)股份有限公司%'
   OR SecuAbbr LIKE '%中炬高新技术实业(集团)股份有限公司%';
查询结果:
[{"TableName": "constantdb.secumain", "InnerCode": 2120, "CompanyCode": 1805, "ChiName": "中炬高新技术实业(集团)股份有限公司", "EngName": "Jonjee Hi-Tech Industrial And Commercial Holding Co.,Ltd", "SecuCode": "600872"}]


>>>>> Agent【rewrite_question】 Said:
中炬高新技术实业(集团)股份有限公司(CompanyCode:1805, InnerCode:2120)的法人代表是谁？

>>>>> 已知事实:
中炬高新技术实业(集团)股份有限公司的关联信息有:[InnerCode(证券内部编码)是2120;CompanyCode(公司代码)是1805;ChiName(中文名称)是中炬高新技术实业(集团)股份有限公司;EngName(英文名称)是Jonjee Hi-Tech Industrial And Commercial Holding Co.,Ltd;SecuCode(证券代码)是600872;]

>>>>> Agent【Check_db_structure.db_selector】 Said:
【分析】
用户需要查询中炬高新技术实业(集团)股份有限公司的法人代表信息。根据知识库，上市公司的基本资料，包括法人代表信息，通常记录在“上市公司基本资料”数据库中。

【选中的数据库】
- astockbasicinfodb: 这个数据库包含上市公司的基本资料，如法人代表信息。

【选中的数据库的清单】
```json
["astockbasicinfodb"]
```


>>>>> Agent【Check_db_structure.table_selector】 Said:
【分析】
用户需要查询中炬高新技术实业(集团)股份有限公司的法人代表信息。根据提供的数据库表信息，`astockbasicinfodb.lc_stockarchives` 表中包含了公司基本信息，其中包括法人代表的信息。因此，选择该表即可满足用户的需求。

【选中的数据表】
- astockbasicinfodb.lc_stockarchives: 这个数据表包含公司的基本信息，包括公司代码、法人代表等信息。

【选中的数据库表的清单】
```json
["astockbasicinfodb.lc_stockarchives"]
```


>>>>> Agent【Check_db_structure.columns_selector】 Said:
【分析】
用户提问要求找出中炬高新技术实业(集团)股份有限公司的法人代表。根据提供的信息，我们需要找到包含公司代码和法人代表信息的字段。

【信息所在字段】
- astockbasicinfodb.lc_stockarchives.LegalRepr: 这个字段可能包含法人代表信息，对应用户提问中的“法人代表”
- astockbasicinfodb.lc_stockarchives.CompanyCode: 这个字段可能包含公司代码信息，对应用户提问中的“CompanyCode:1805”

【筛选条件所在字段】
- astockbasicinfodb.lc_stockarchives.CompanyCode: 这个字段可能包含公司代码信息，对应用户提问中的“CompanyCode:1805”

【选中的字段的清单】
```json
{"astockbasicinfodb.lc_stockarchives": ["LegalRepr", "CompanyCode"]}
```


>>>>> Agent【Sql_query.master】 Said:
【已知信息】
- 公司名称：中炬高新技术实业(集团)股份有限公司
- CompanyCode：1805
- InnerCode：2120

【当前阶段要获取的信息】
- 法人代表

【信息所在字段】
- `LegalRepr`

【筛选条件所在字段】
- `CompanyCode`

【SQL语句的思路】
- 从`astockbasicinfodb.lc_stockarchives`表中查询`LegalRepr`字段
- 使用`CompanyCode`字段进行筛选，值为1805

【执行SQL语句】
```exec_sql
SELECT LegalRepr 
FROM astockbasicinfodb.lc_stockarchives 
WHERE CompanyCode = '1805'
LIMIT 1
```

【上述SQL语句的含义】
- 从`astockbasicinfodb.lc_stockarchives`表中选择`LegalRepr`字段
- 筛选条件是`CompanyCode`等于1805
- 限制返回结果为1条记录

>>>>> 查询sql:
SELECT LegalRepr 
FROM astockbasicinfodb.lc_stockarchives 
WHERE CompanyCode = '1805'
LIMIT 1;
查询结果:
[{"LegalRepr": "余健华"}]


>>>>> Agent【Sql_query.understand_query_result】 Said:
查询结果表明: 根据公司代码（CompanyCode）为'1805'的查询条件，从股票档案表（lc_stockarchives）中获取到的法人代表（LegalRepr）是余健华。


>>>>> Agent【Sql_query.master】 Said:
【已知信息】
- 公司名称：中炬高新技术实业(集团)股份有限公司
- CompanyCode：1805
- InnerCode：2120
- 法人代表：余健华

【当前阶段要获取的信息】
- 无

【信息所在字段】
- 无

【筛选条件所在字段】
- 无

【SQL语句的思路】
- 无

【执行SQL语句】
```exec_sql
无
```

【上述SQL语句的含义】
- 无

当前掌握的信息已经能够回答"中炬高新技术实业(集团)股份有限公司(CompanyCode:1805, InnerCode:2120)的法人代表是谁？"的问题。法人代表是余健华，无需继续执行下一阶段SQL查询。


>>>>> Agent【Sql_query.summary】 Said:
余健华
