
>>>>> Original Question: 2022年成立的CN公司有多少家？


>>>>> 【user】 Said:
提取下面这段文字里的实体，如公司名、股票代码等，如果识别结果是空，那么就回复No Entities."2022年成立的CN公司有多少家？"

>>>>> Agent【extract_company】 Said:
No Entities


>>>>> 【user】 Said:
已知事实:无。
历史问答:无。
现在用户继续提问，请根据已知信息，理解当前这个问题的完整含义，并重写这个问题使得单独拿出来看仍然能够正确理解：2022年成立的CN公司有多少家？

>>>>> Agent【rewrite_question】 Said:
在2022年成立的、注册地为中国的公司共有多少家？

>>>>> 已知事实:


>>>>> 【user】 Said:
请选择db，务必遵循输出的格式要求。

>>>>> Agent【Check_db_structure.db_selector】 Said:
【分析】
用户需要查询的是在2022年成立的、注册地为中国的公司数量。这涉及到公司的成立时间和注册地信息。根据知识库，`astockbasicinfodb`数据库记录了上市公司的基本资料，包括注册信息和公司概况，因此可以从这个数据库中获取所需信息。

【选中的数据库】
- astockbasicinfodb: 这个数据库包含上市公司的基本资料，包括成立时间和注册地信息。

【选中的数据库的清单】
```json
["astockbasicinfodb"]
```


>>>>> 【user】 Said:
数据库表信息如下:
[{"表名": "astockbasicinfodb.lc_stockarchives", "说明": "该数据表主要记录了公司的基本信息、联系方式、经营信息及证券信息等内容。其中，公司基本信息包括公司代码、国别、中文名称、法人代表、总经理、法律顾问、会计师事务所、公司成立日期、首次注册登记地点、企业法人营业执照注册号、所属区县及地区代码；联系方式涵盖联系人电话、传真、电子邮箱，公司注册地址、办公地址、联系地址及其对应的邮编，董秘及证券事务代表的电话、传真、电子邮件，以及公司邮箱和网址；经营信息涉及公司所属证监会行业、主营及兼营范围；证券信息包括A股、B股、H股及CDR证券的简称和代码，扩位简称，以及尚未盈利标识、特殊表决权标识、协议控制架构标识、红筹企业标识；此外，还包括信息披露相关内容如披露网址、披露报纸，以及公司简介等。"}, {"表名": "astockbasicinfodb.lc_namechange", "说明": "该数据表主要记录公司基本信息及相关公告，包括公司代码、中文及英文名称（全称与缩写）、信息来源和发布日期等基本信息；还涵盖重要事件如股东大会决议公告日期、是否否决决议、全称更改日期等关键时间节点，便于追踪企业动态与重要决策信息。"}, {"表名": "astockbasicinfodb.lc_business", "说明": "该数据表主要用于记录公司基本信息及相关业务情况，包括公司代码、信息发布日期和来源等基础信息；股东大会决议公告日期及是否否决的决议结果等决策信息；经营范围及主要业务、产品名称等经营信息；涉及行业的分类信息，如行业代码、行业类别及涉足行业等；此外，还包括简称变更原因等补充说明字段。"}]

请选择table，务必遵循输出的格式要求。

>>>>> Agent【Check_db_structure.table_selector】 Said:
【分析】
要找出在2022年成立的、注册地为中国的公司数量，我们需要一个包含公司成立日期和注册地信息的表。根据提供的表信息，`astockbasicinfodb.lc_stockarchives` 表中包含了公司成立日期（公司成立日期）和注册地（首次注册登记地点）的信息，这正好符合我们的需求。

【选中的数据表】
- astockbasicinfodb.lc_stockarchives: 这个数据表包含公司基本信息，包括公司成立日期和首次注册登记地点等信息。

【选中的数据库表的清单】
```json
["astockbasicinfodb.lc_stockarchives"]
```


>>>>> 【user】 Said:
已取得可用的数据表的字段信息如下:
[{"表名": "astockbasicinfodb.lc_stockarchives", "表字段": [{"column": "CompanyCode", "desc": "公司代码；公司代码（CompanyCode）：与“证券主表（SecuMain）”中的“公司代码（CompanyCode）”关联，得到上市公司的交易代码、简称等。"}, {"column": "State", "desc": "国别；省份（State）：与“国家城市代码表（LC_AreaCode）”中的“地区内部编码（AreaInnerCode）”关联，得到省份具体信息。"}, {"column": "SecretaryBD", "desc": "董事会秘书"}, {"column": "SecuAffairsRepr", "desc": "证券/股证事务代表"}, {"column": "AuthReprSBD", "desc": "董秘授权代表"}, {"column": "ContactTel", "desc": "联系人电话"}, {"column": "ContactFax", "desc": "联系人传真"}, {"column": "ContactEmail", "desc": "联系人电子邮箱"}, {"column": "RegAddr", "desc": "公司注册地址"}, {"column": "RegZipCode", "desc": "公司注册地址邮编"}, {"column": "OfficeAddr", "desc": "公司办公地址"}, {"column": "OfficeZipCode", "desc": "公司办公地址邮编"}, {"column": "ContactAddr", "desc": "公司联系地址"}, {"column": "ConatactZipCode", "desc": "公司联系地址邮编"}, {"column": "Email", "desc": "邮箱"}, {"column": "Website", "desc": "公司网址"}, {"column": "DisclosureWebsites", "desc": "信息披露网址"}, {"column": "DisclosurePapers", "desc": "信息披露报纸"}, {"column": "EstablishmentDate", "desc": "公司成立日期"}, {"column": "IRegPlace", "desc": "首次注册登记地点"}, {"column": "LegalRepr", "desc": "法人代表"}, {"column": "GeneralManager", "desc": "总经理"}, {"column": "LegalConsultant", "desc": "法律顾问"}, {"column": "AccountingFirm", "desc": "会计师事务所"}, {"column": "InduCSRC", "desc": "公司所属证监会行业(聚源)；与(CT_IndustryType)表中的\"行业内部编码(IndustryNum)\"字段关联,当Standard=1时,LB=1；当Standard=22时,LB=22；当Standard=25时,LB=25；当Standard=26时,LB=26。"}, {"column": "BusinessMajor", "desc": "经营范围-主营"}, {"column": "BusinessMinor", "desc": "经营范围-兼营"}, {"column": "AShareAbbr", "desc": "A股证券简称"}, {"column": "AStockCode", "desc": "A股证券代码"}, {"column": "BShareAbbr", "desc": "B股证券简称"}, {"column": "BStockCode", "desc": "B股证券代码"}, {"column": "HShareAbbr", "desc": "H股证券简称"}, {"column": "HStockCode", "desc": "H股证券代码"}, {"column": "BriefIntroText", "desc": "公司简介"}, {"column": "ChiName", "desc": "中文名称"}, {"column": "BusinessRegNumber", "desc": "企业法人营业执照注册号"}, {"column": "SecretaryBDTel", "desc": "董秘电话"}, {"column": "SecretaryBDFax", "desc": "董秘传真"}, {"column": "SecretaryBDEmail", "desc": "董秘电子邮件"}, {"column": "SecuAffairsReprTel", "desc": "证券事务代表电话"}, {"column": "SecuAffairsReprFax", "desc": "证券事务代表传真"}, {"column": "SecuAffairsReprEmail", "desc": "证券事务代表电子邮件"}, {"column": "CityCode", "desc": "地区代码；地区代码(CityCode)：与“国家城市代码表（LC_AreaCode）”中的“地区内部编码（AreaInnerCode）”关联，得到城市具体信息。"}, {"column": "CDRShareAbbr", "desc": "CDR证券简称"}, {"column": "CDRStockCode", "desc": "CDR证券代码"}, {"column": "ExtendedAbbr", "desc": "扩位简称"}, {"column": "UnprofitableMark", "desc": "尚未盈利标识；尚未盈利标识（UnprofitableMark）：在上市时发行人尚未盈利的，其股票或存托凭证的特别标识为“U”；发行人首次实现盈利的，该特别标识取消，数据值为空。"}, {"column": "SpecialVoteMark", "desc": "特殊表决权标识；特殊表决权标识（SpecialVoteMark）：在上市时发行人具有表决权差异安排的，其股票或存托凭证的特别标识为“W”；上市后不再具有表决权差异安排的，该特别标识取消，数据值为空。"}, {"column": "VIEMark", "desc": "协议控制架构标识；协议控制架构标识（VIEMark）：在上市时发行人具有协议控制架构或者类似特殊安排的，其股票或存托凭证的特别标识为“V”；上市后不再具有相关安排的，该特别标识取消，数据值为空。"}, {"column": "RedChipMark", "desc": "红筹企业标识；红筹企业标识（RedChipMark）：发行人属于红筹企业，则数据值=”是“；空值则指无此标识。"}, {"column": "RegArea", "desc": "所属区县；所属区县（RegArea）：与“国家城市代码表（LC_AreaCode）”中的“地区内部编码（AreaInnerCode）”关联，得到所属区县具体信息。"}]}, {"表名": "constantdb.secumain", "表字段": [{"column": "InnerCode", "desc": "证券内部编码"}, {"column": "CompanyCode", "desc": "公司代码；公司代码(CompanyCode)：当本表SecuCategory IN (8,13)即基金相关时，对应的基金管理人代码可通过本表InnerCode关联MF_FundArchives.InnerCode，取MF_FundArchives.InvestAdvisorCode"}, {"column": "SecuCode", "desc": "证券代码"}, {"column": "ChiName", "desc": "中文名称"}, {"column": "ChiNameAbbr", "desc": "中文名称缩写"}, {"column": "EngName", "desc": "英文名称"}, {"column": "EngNameAbbr", "desc": "英文名称缩写"}, {"column": "SecuAbbr", "desc": "证券简称"}]}, {"表名": "constantdb.hk_secumain", "表字段": [{"column": "InnerCode", "desc": "证券内部编码"}, {"column": "CompanyCode", "desc": "公司代码"}, {"column": "SecuCode", "desc": "证券代码"}, {"column": "ChiName", "desc": "中文名称"}, {"column": "ChiNameAbbr", "desc": "中文名称缩写"}, {"column": "EngName", "desc": "英文名称"}, {"column": "EngNameAbbr", "desc": "英文名称缩写"}, {"column": "SecuAbbr", "desc": "证券简称"}, {"column": "FormerName", "desc": "曾用名"}, {"column": "InnerCode", "desc": "证券内部编码"}, {"column": "CompanyCode", "desc": "公司代码"}, {"column": "SecuCode", "desc": "证券代码"}, {"column": "ChiName", "desc": "中文名称"}, {"column": "ChiNameAbbr", "desc": "中文名称缩写"}, {"column": "EngName", "desc": "英文名称"}, {"column": "EngNameAbbr", "desc": "英文名称缩写"}, {"column": "SecuAbbr", "desc": "证券简称"}, {"column": "FormerName", "desc": "曾用名"}]}, {"表名": "constantdb.us_secumain", "表字段": [{"column": "InnerCode", "desc": "证券内部编码"}, {"column": "SecuCode", "desc": "证券代码"}, {"column": "SecuAbbr", "desc": "证券简称"}, {"column": "CompanyCode", "desc": "公司代码"}, {"column": "EngName", "desc": "英文名称"}, {"column": "ChiName", "desc": "中文名称"}]}, {"表名": "constantdb.ct_systemconst", "表字段": [{"column": "LB", "desc": "常量分类编码"}, {"column": "LBMC", "desc": "常量分类名称"}, {"column": "MS", "desc": "常量描述"}, {"column": "DM", "desc": "常量代码"}, {"column": "LB", "desc": "常量分类编码"}, {"column": "LBMC", "desc": "常量分类名称"}, {"column": "MS", "desc": "常量描述"}, {"column": "DM", "desc": "常量代码"}]}, {"表名": "constantdb.lc_areacode", "表字段": [{"column": "AreaInnerCode", "desc": "地区内部编码；地区内部编码（AreaInnerCode）：聚源内部设置的地区代码，共9位数。"}, {"column": "FirstLevelCode", "desc": "一级区划代码；一级区划代码(FirstLevelCode)：与(CT_SystemConst)表中的DM字段关联，令LB = 1961 and DM LIKE '%000'，得到一级区划代码的具体描述：1000-中国省级行政区划，2000-中国地级行政区划，3000-中国县级行政区划，4000-其他，5000-中国乡镇级行政区划，9000-国家，10000-大洲与海洋，11000-美国州级行政区划，12000-海外国家城市，100000000-国家级经济区域，200000000-中国海关，300000000-海关经济区划。"}, {"column": "SecondLevelCode", "desc": "二级区划代码；二级区划代码(SecondLevelCode)：与(CT_SystemConst)表中的DM字段关联，令LB = 1961，得到二级区划代码的具体描述：1000-中国省级行政区划，1001-直辖市，1002-省，1003-自治区，1004-特别行政区，2000-中国地级行政区划，2001-省会，2002-地级市，2003-盟，2004-自治州，2005-地区，2006-直辖市市辖区，2007-直辖市市辖县，3000-中国县级行政区划，3001-市辖区，3002-县，3003-县级市，3004-自治县，3005-旗，3006-自治旗，3007-林区，3008-特区，3009-县级乡镇，3010-县级街道，3011-县级经济开发区，3012-县级其他，4000-其他，4001-中国地理划分(按自然地理)，4002-中国地理划分(按经济区域)，4010-中国国家级城市群，4011-中国经济合作城市群，4100-欧洲地理划分(按自然地理)，4150-非洲地理划分(按自然地理)，4800-非标准地区，4900-其他地区划分(按自然地理)，4950-政治类联合体、联盟或组织，4951-经济类联合体、联盟或组织，4999-其他划分，5000-中国乡镇级行政区划，5001-乡镇，5002-街道，5003-乡镇级经济开发区，5004-乡镇其他，9000-国家，10000-大洲与海洋，10001-大洲，10002-海洋，11000-美国州级行政区划，11001-特区，11002-州，12000-海外国家城市，100000000-国家级经济区域，100000001-国家级经济特区，100000002-国家级新区，100000003-国家综合配套改革试验区，100000004-高新技术产业开发区，100000005-经济技术开发区，100000006-海关特殊监管区域，100000007-边境/跨境经济合作区，100000008-其他类型开发区，200000000-中国海关，200000001-海关总署，200000002-直属海关，200000003-隶属海关，300000000-海关经济区划，300000001-保税港区/综合保税区，300000002-保税区，300000003-保税物流园区，300000004-保税物流中心，300000005-出口加工区/珠澳跨境工业园区，300000006-高新技术产业开发区，300000007-国际边境合作中心，300000008-经济技术开发区，300000009-经济特区，300000010-一般经济区域，300000011-综合实验区，300000099-其他经济区划。"}, {"column": "AreaChiName", "desc": "地区中文名称"}, {"column": "AreaEngName", "desc": "地区英文名称"}, {"column": "AreaEngNameAbbr", "desc": "地区英文名称缩写"}, {"column": "ParentNode", "desc": "父节点代码"}, {"column": "ParentName", "desc": "父节点名称"}, {"column": "IfEffected", "desc": "是否有效；是否有效（IfEffected）：该字段固定以下常量：1-是 2-否。"}]}, {"表名": "astockindustrydb.lc_conceptlist", "表字段": [{"column": "ClassCode", "desc": "所属1级概念代码"}, {"column": "ClassName", "desc": "所属1级概念名称"}, {"column": "SubclassCode", "desc": "所属2级概念代码"}, {"column": "SubclassName", "desc": "所属2级概念名称"}, {"column": "ConceptCode", "desc": "所属概念板块编码"}, {"column": "ConceptName", "desc": "概念名称"}, {"column": "ConceptEngName", "desc": "概念英文名称"}]}]

请选择column，务必遵循输出的格式要求。

>>>>> Agent【Check_db_structure.columns_selector】 Said:
【分析】
用户提问要求找出在2022年成立的、注册地为中国的公司数量。我们需要关注公司的成立日期和注册地信息。

【信息所在字段】
- astockbasicinfodb.lc_stockarchives.EstablishmentDate: 这个字段可能包含公司成立日期信息，对应用户提问中的“2022年成立”
- astockbasicinfodb.lc_stockarchives.State: 这个字段可能包含公司注册地信息，对应用户提问中的“注册地为中国”

【筛选条件所在字段】
- astockbasicinfodb.lc_stockarchives.EstablishmentDate: 这个字段用于筛选2022年成立的公司
- astockbasicinfodb.lc_stockarchives.State: 这个字段用于筛选注册地为中国的公司
- constantdb.lc_areacode.AreaInnerCode: 这个字段与lc_stockarchives中的State字段关联，用于确认注册地是否为中国

【选中的字段的清单】
```json
{
  "astockbasicinfodb.lc_stockarchives": ["EstablishmentDate", "State"],
  "constantdb.lc_areacode": ["AreaInnerCode"]
}
```


>>>>> 【user】 Said:
在2022年成立的、注册地为中国的公司共有多少家？

>>>>> Agent【Sql_query.master】 Said:
【已知信息】
- 需要查询2022年成立的、注册地为中国的公司数量。
- 相关表：`astockbasicinfodb.lc_stockarchives`
- 相关字段：`EstablishmentDate`（公司成立日期），`State`（国别；省份）
- 时间过滤条件：`YEAR(EstablishmentDate) = 2022`
- 注册地过滤条件：`State` 需要与 `constantdb.lc_areacode` 中的 `AreaInnerCode` 关联，且 `ParentName` 为 '中国'

【当前阶段要获取的信息】
- 注册地为中国的公司数量

【信息所在字段】
- `astockbasicinfodb.lc_stockarchives.EstablishmentDate`
- `astockbasicinfodb.lc_stockarchives.State`
- `constantdb.lc_areacode.AreaInnerCode`
- `constantdb.lc_areacode.ParentName`

【筛选条件所在字段】
- `astockbasicinfodb.lc_stockarchives.EstablishmentDate`
- `constantdb.lc_areacode.ParentName`

【SQL语句的思路】
1. 从 `constantdb.lc_areacode` 中筛选出 `ParentName` 为 '中国' 的 `AreaInnerCode`。
2. 将这些 `AreaInnerCode` 与 `astockbasicinfodb.lc_stockarchives` 中的 `State` 字段进行关联。
3. 在关联结果中筛选出 `YEAR(EstablishmentDate) = 2022` 的记录。
4. 计算满足条件的公司数量。

【执行SQL语句】
```exec_sql
SELECT COUNT(*) 
FROM astockbasicinfodb.lc_stockarchives 
JOIN constantdb.lc_areacode ON astockbasicinfodb.lc_stockarchives.State = constantdb.lc_areacode.AreaInnerCode 
WHERE YEAR(astockbasicinfodb.lc_stockarchives.EstablishmentDate) = 2022 
AND constantdb.lc_areacode.ParentName = '中国'
```

【上述SQL语句的含义】
- 通过联接 `astockbasicinfodb.lc_stockarchives` 和 `constantdb.lc_areacode` 表，筛选出注册地为中国的公司。
- 在这些公司中，进一步筛选出2022年成立的记录。
- 最后统计满足条件的公司数量。

>>>>> 查询sql:
SELECT COUNT(*) 
FROM astockbasicinfodb.lc_stockarchives 
JOIN constantdb.lc_areacode ON astockbasicinfodb.lc_stockarchives.State = constantdb.lc_areacode.AreaInnerCode 
WHERE YEAR(astockbasicinfodb.lc_stockarchives.EstablishmentDate) = 2022 
AND constantdb.lc_areacode.ParentName = '中国';
查询结果:
[{"COUNT(*)": 0}]


>>>>> 【user】 Said:
查询SQL:
SELECT COUNT(*) 
FROM astockbasicinfodb.lc_stockarchives 
JOIN constantdb.lc_areacode ON astockbasicinfodb.lc_stockarchives.State = constantdb.lc_areacode.AreaInnerCode 
WHERE YEAR(astockbasicinfodb.lc_stockarchives.EstablishmentDate) = 2022 
AND constantdb.lc_areacode.ParentName = '中国';
查询结果:
[{"COUNT(*)": 0}]
请理解查询结果

>>>>> Agent【Sql_query.understand_query_result】 Said:
查询结果表明: 在2022年成立的公司中，没有任何一家公司的国别或省份信息与“中国”相关联。具体来说，从`astockbasicinfodb.lc_stockarchives`表和`constantdb.lc_areacode`表的关联查询中，满足条件`YEAR(EstablishmentDate) = 2022`且`ParentName = '中国'`的记录数为0。


>>>>> 【user】 Said:
查询SQL:
SELECT COUNT(*) 
FROM astockbasicinfodb.lc_stockarchives 
JOIN constantdb.lc_areacode ON astockbasicinfodb.lc_stockarchives.State = constantdb.lc_areacode.AreaInnerCode 
WHERE YEAR(astockbasicinfodb.lc_stockarchives.EstablishmentDate) = 2022 
AND constantdb.lc_areacode.ParentName = '中国';
查询结果:
[{"COUNT(*)": 0}]
查询结果表明: 在2022年成立的公司中，没有任何一家公司的国别或省份信息与“中国”相关联。具体来说，从`astockbasicinfodb.lc_stockarchives`表和`constantdb.lc_areacode`表的关联查询中，满足条件`YEAR(EstablishmentDate) = 2022`且`ParentName = '中国'`的记录数为0。

当前掌握的信息是否能够回答"在2022年成立的、注册地为中国的公司共有多少家？"？还是要继续执行下一阶段SQL查询？

>>>>> Agent【Sql_query.master】 Said:
【已知信息】
- 查询结果显示，在2022年成立的公司中，没有任何一家公司的国别或省份信息与“中国”相关联。
- 已执行的SQL语句确认了 `astockbasicinfodb.lc_stockarchives` 表和 `constantdb.lc_areacode` 表的关联查询结果为0。

【当前阶段要获取的信息】
- 无需继续执行SQL，当前结果已能回答问题。

【信息所在字段】
- 无

【筛选条件所在字段】
- 无

【SQL语句的思路】
- 无

【执行SQL语句】
- 无

【上述SQL语句的含义】
- 无

**结论**：
当前掌握的信息已经能够回答“在2022年成立的、注册地为中国的公司共有多少家？”的问题。根据查询结果，2022年成立的、注册地为中国的公司共有0家。无需继续执行下一阶段SQL查询。


>>>>> 【user】 Said:
请回答问题:"在2022年成立的、注册地为中国的公司共有多少家？"

>>>>> Agent【Sql_query.summary】 Said:
0家
