
>>>>> Original Question: 20年首次信息发布中单笔回购资金总额上限最高的是多少？


>>>>> Agent【extract_company】 Said:
No Entities.


>>>>> Agent【rewrite_question】 Said:
在2020年首次信息发布中，九州通医药集团股份有限公司（CompanyCode: 80536, InnerCode: 11515）单笔回购资金总额上限最高的是多少？

>>>>> 已知事实:
Jointown Pharmaceutical Group Co., Ltd.的关联信息有:[InnerCode(证券内部编码)是11515;CompanyCode(公司代码)是80536;ChiName(中文名称)是九州通医药集团股份有限公司;EngName(英文名称)是Jointown Pharmaceutical Group Co., Ltd.;SecuCode(证券代码)是600998;]

>>>>> Agent【Check_db_structure.db_selector】 Said:
【分析】
用户询问的是九州通医药集团股份有限公司在2020年首次信息发布中的单笔回购资金总额上限。这涉及到公司的回购信息，通常这类信息会记录在涉及股东、股本变动的数据库中。

【选中的数据库】
- `astockshareholderdb`: 这个数据库记录了上市公司股东、股本及公司治理相关的详细信息，包括股份回购等信息。

【选中的数据库的清单】
```json
["astockshareholderdb"]
```


>>>>> Agent【Check_db_structure.table_selector】 Said:
【分析】
用户的提问是关于九州通医药集团股份有限公司（CompanyCode: 80536, InnerCode: 11515）在2020年首次信息发布中单笔回购资金总额上限最高的情况。因此，需要找到记录公司股份回购详细信息的表，并且能够筛选出2020年首次信息发布的相关记录。

【选中的数据表】
- astockshareholderdb.lc_buyback: 该数据表记录了公司股份回购的详细信息，包括公司基本信息如公司代码，以及重要日期信息如首次信息发布日期、回购资金总额上下限等。

【选中的数据库表的清单】
```json
["astockshareholderdb.lc_buyback"]
```


>>>>> Agent【Check_db_structure.columns_selector】 Said:
【分析】
用户提问要求找出九州通医药集团股份有限公司在2020年首次信息发布中，单笔回购资金总额上限最高的金额。需要关注的信息包括公司代码、首次信息发布日期、回购资金总额上限等。

【信息所在字段】
- astockshareholderdb.lc_buyback.CompanyCode: 这个字段可能包含公司代码信息，对应用户提问中的CompanyCode: 80536
- astockshareholderdb.lc_buyback.FirstPublDate: 这个字段可能包含首次信息发布日期信息，对应用户提问中的2020年
- astockshareholderdb.lc_buyback.ValueCeiling: 这个字段可能包含拟回购资金总额上限信息，对应用户提问中的单笔回购资金总额上限最高

【筛选条件所在字段】
- astockshareholderdb.lc_buyback.CompanyCode: 这个字段用于筛选特定公司的回购信息
- astockshareholderdb.lc_buyback.FirstPublDate: 这个字段用于筛选2020年的首次信息发布记录

【选中的字段的清单】
```json
{
  "astockshareholderdb.lc_buyback": ["CompanyCode", "FirstPublDate", "ValueCeiling"]
}
```


>>>>> Agent【Sql_query.master】 Said:
【已知信息】
- 公司名称：九州通医药集团股份有限公司
- 英文名称：Jointown Pharmaceutical Group Co., Ltd.
- 公司代码（CompanyCode）：80536
- 证券内部编码（InnerCode）：11515
- 董事会秘书：刘志峰

【当前阶段要获取的信息】
2020年首次信息发布中，九州通医药集团股份有限公司单笔回购资金总额上限最高值

【信息所在字段】
- 首次信息发布日期：FirstPublDate
- 拟回购资金总额上限：ValueCeiling

【筛选条件所在字段】
- 公司代码：CompanyCode
- 首次信息发布日期：FirstPublDate

【SQL语句的思路】
1. 从`astockshareholderdb.lc_buyback`表中筛选出公司代码为80536的记录
2. 进一步筛选出首次信息发布日期在2020年的记录
3. 从这些记录中找出单笔回购资金总额上限最高的值

【执行SQL语句】
```exec_sql
SELECT MAX(ValueCeiling) AS MaxValueCeiling
FROM astockshareholderdb.lc_buyback
WHERE CompanyCode = 80536
AND YEAR(FirstPublDate) = 2020
LIMIT 1
```

【上述SQL语句的含义】
该SQL语句从`astockshareholderdb.lc_buyback`表中选择公司代码为80536且首次信息发布日期在2020年的记录，并计算这些记录中拟回购资金总额上限的最大值，返回该最大值。

>>>>> 查询sql:
SELECT MAX(ValueCeiling) AS MaxValueCeiling
FROM astockshareholderdb.lc_buyback
WHERE CompanyCode = 80536
AND YEAR(FirstPublDate) = 2020
LIMIT 1;
查询结果:
[{"MaxValueCeiling": 600000000.0}]


>>>>> Agent【Sql_query.understand_query_result】 Said:
查询结果表明: 在公司代码为80536的上市公司中，2020年首次信息发布日期的回购计划中，拟回购资金总额上限的最大值为600,000,000元（MaxValueCeiling）。


>>>>> Agent【Sql_query.master】 Said:
【已知信息】
- 公司名称：九州通医药集团股份有限公司
- 公司代码（CompanyCode）：80536
- 2020年首次信息发布中，拟回购资金总额上限的最大值：600,000,000元

【当前阶段要获取的信息】
无

【信息所在字段】
无

【筛选条件所在字段】
无

【SQL语句的思路】
无

【执行SQL语句】
无

【上述SQL语句的含义】
无

当前掌握的信息已经能够回答“在2020年首次信息发布中，九州通医药集团股份有限公司（CompanyCode: 80536, InnerCode: 11515）单笔回购资金总额上限最高的是多少？”这一问题。根据查询结果，2020年首次信息发布中，九州通医药集团股份有限公司单笔回购资金总额上限最高的是600,000,000元。因此，无需继续执行下一阶段SQL查询。


>>>>> Agent【Sql_query.summary】 Said:
600000000元
