
>>>>> Original Question: 按2021年末新版申万行业分类，现在中油工程属于什么申万二级行业？


>>>>> 【user】 Said:
提取下面这段文字中的实体（如公司名、股票代码、拼音缩写等），如果识别结果是空，那么就回复No Entities."按2021年末新版申万行业分类，现在中油工程属于什么申万二级行业？"

>>>>> Agent【extract_company】 Said:
```json
["中油工程"]
```

>>>>> 查询sql:
SELECT 'constantdb.secumain' AS TableName, InnerCode, CompanyCode,
    ChiName, EngName, SecuCode, ChiNameAbbr, EngNameAbbr, SecuAbbr, ChiSpelling
FROM constantdb.secumain 
WHERE SecuCode = '中油工程'
   OR ChiName LIKE '%中油工程%'
   OR ChiNameAbbr LIKE '%中油工程%'
   OR EngName LIKE '%中油工程%'
   OR EngNameAbbr LIKE '%中油工程%'
   OR SecuAbbr LIKE '%中油工程%'
   OR ChiSpelling LIKE '%中油工程%'
UNION ALL
SELECT 'constantdb.hk_secumain' AS TableName, InnerCode, CompanyCode,
ChiName, EngName, SecuCode, ChiNameAbbr, EngNameAbbr, SecuAbbr, ChiSpelling
FROM constantdb.hk_secumain 
WHERE SecuCode = '中油工程'
   OR ChiName LIKE '%中油工程%'
   OR ChiNameAbbr LIKE '%中油工程%'
   OR EngName LIKE '%中油工程%'
   OR EngNameAbbr LIKE '%中油工程%'
   OR SecuAbbr LIKE '%中油工程%'
   OR FormerName LIKE '%中油工程%'
   OR ChiSpelling LIKE '%中油工程%'
UNION ALL
SELECT 'constantdb.us_secumain' AS TableName, InnerCode, CompanyCode,
ChiName, EngName, SecuCode, null as ChiNameAbbr, null as EngNameAbbr, SecuAbbr, ChiSpelling
FROM constantdb.us_secumain 
WHERE SecuCode = '中油工程'
   OR ChiName LIKE '%中油工程%'
   OR EngName LIKE '%中油工程%'
   OR SecuAbbr LIKE '%中油工程%'
   OR ChiSpelling LIKE '%中油工程%';
查询结果:
[{"TableName": "constantdb.secumain", "InnerCode": 1464, "CompanyCode": 1325, "ChiName": "中国石油集团工程股份有限公司", "EngName": "China Petroleum Engineering Co., Ltd.", "SecuCode": "600339", "ChiNameAbbr": "中油工程", "EngNameAbbr": "CPEC", "SecuAbbr": "中油工程", "ChiSpelling": "ZYGC"}]


>>>>> 【user】 Said:
历史问答:无。
现在用户继续提问，请根据已知信息，理解当前这个问题的完整含义，并重写这个问题使得单独拿出来看仍然能够正确理解：按2021年末新版申万行业分类，现在中油工程属于什么申万二级行业？

>>>>> Agent【rewrite_question】 Said:
按2021年末新版申万行业分类，中油工程目前属于哪个申万二级行业？

>>>>> 已知事实:
中油工程的关联信息有:[所在数据表是constantdb.secumain;InnerCode(证券内部编码)是1464;CompanyCode(公司代码)是1325;ChiName(中文名称)是中国石油集团工程股份有限公司;EngName(英文名称)是China Petroleum Engineering Co., Ltd.;SecuCode(证券代码)是600339;ChiNameAbbr(中文名称缩写)是中油工程;EngNameAbbr(英文名称缩写)是CPEC;SecuAbbr(证券简称)是中油工程;ChiSpelling(拼音证券简称)是ZYGC;]

>>>>> 【user】 Said:
请选择db，务必遵循输出的格式要求。

>>>>> Agent【Check_db_structure.db_selector】 Said:
【分析】
用户询问的是中油工程在2021年末新版申万行业分类中的二级行业归属。这需要查询公司的行业分类信息，且特定于2021年末的时间点。根据知识库，涉及行业分类信息的数据库有“astockbasicinfodb”和“astockindustrydb”。

- “astockbasicinfodb”记录了上市公司的基本资料，包括行业信息。
- “astockindustrydb”专门记录了上市公司的行业板块信息，包括行业分类和变更历史。

考虑到“astockindustrydb”更专注于行业分类信息，且可能包含历史变更数据，更适合用于查询特定时间点的行业分类。

【选中的数据库】
- astockindustrydb: 这个数据库记录了上市公司的行业分类、行业变更等信息，适合查询特定时间点的行业分类。

【选中的数据库的清单】
```json
["astockindustrydb"]
```


>>>>> 【user】 Said:
数据库表信息如下:
[{"表名": "astockindustrydb.lc_exgindustry", "说明": "该数据表包含与公司及行业相关的信息，主要字段包括公司标识信息如公司代码，信息动态如发布日期和来源，行业分类信息如行业划分标准、所属行业及是否执行，并提供多层级行业分类数据，包括一级至四级行业的代码和名称，以及取消日期等补充信息。"}, {"表名": "astockindustrydb.lc_exgindchange", "说明": "该数据表主要用于记录公司相关的行业信息和执行状态，字段包括公司基础信息如公司代码，公司动态信息如信息发布日期和信息来源，行业分类信息如行业划分标准、所属行业，以及多级行业信息包括一级到四级的行业代码和名称。此外，还包含执行状态相关字段如是否执行和取消日期。"}, {"表名": "astockindustrydb.lc_industryvaluation", "说明": "该数据表主要用于记录行业相关的统计信息和财务指标，包含以下字段：基础信息如行业内部编码、行业名称、行业代码、行业分类标准等；时间信息如交易日；统计维度如统计类型和统计板块；行业市值信息如总市值、A股流通市值、A股自由流通市值等；估值指标如滚动市盈率、静态市盈率、市净率、滚动股息率、滚动市现率、静态市现率、滚动市销率、静态市销率等；其他信息如上市证券数量和分类等，全面反映行业的市场表现和财务状况。"}, {"表名": "astockindustrydb.lc_indfinindicators", "说明": "该数据表主要用于描述行业相关的统计和财务信息，字段涵盖多个方面：基础信息如行业内部编码、名称、级别、代码及划分标准等；时间信息包括信息发布日期和截止日期；统计指标如统计类型和板块；财务数据包括行业营业收入、营业成本、营业利润、净利润及归属母公司净利润等，均提供TTM（滚动12个月）和累计值；资产与股本信息如总资产、净资产、总股本等；盈利能力指标包括每股收益、净资产收益率（平均、摊薄、TTM及扣除值）、总资产净利率、销售毛利率、销售净利率等；费用相关指标如财务费用率、销售费用率、期间费用率及营业总成本占比；运营效率指标包括存货周转率及天数、应收账款周转率及天数、总资产周转率等；现金流与偿债能力指标如经营现金流利息保障倍数、流动比率、速动比率、利息保障倍数等；增长性指标如归属母公司净利润同比增长、毛利润同比增长等；其他指标如资产负债率、有形资产净值占比、对外投资占比、预收账款占营业收入比、应收账款占营业收入比等，全面反映行业的财务状况、盈利能力、运营效率及偿债能力。"}, {"表名": "astockindustrydb.lc_coconcept", "说明": "该数据表主要用于记录证券相关概念及状态信息，包括证券内部编码和概念代码等基础标识信息，调入日期与调出日期等时间维度信息，所属状态及备注等描述性信息，以及信息发布日期等数据更新信息。"}, {"表名": "astockindustrydb.lc_conceptlist", "说明": "该数据表包含与概念分类相关的信息，包括一级和二级概念的代码和名称，以及概念板块的编码和名称。此外，还包括概念的时间信息如起始日期、结束日期和信息发布日期，状态信息如所属状态，以及补充信息如备注和概念英文名称。"}]

请选择table，务必遵循输出的格式要求。

>>>>> Agent【Check_db_structure.table_selector】 Said:
【分析】
要确定中油工程在2021年末新版申万行业分类中的二级行业，需要查询与公司行业分类相关的数据表。这些表应包含公司代码、行业分类标准、行业级别以及具体的行业名称等信息。根据提供的表信息，`astockindustrydb.lc_exgindustry` 和 `astockindustrydb.lc_exgindchange` 这两个表最符合需求，因为它们包含公司行业分类的详细信息。

【选中的数据表】
- astockindustrydb.lc_exgindustry: 这个数据表包含公司标识信息、行业分类信息以及多层级行业分类数据，适用于查询中油工程的行业分类。
- astockindustrydb.lc_exgindchange: 这个数据表记录公司相关的行业信息和执行状态，适用于确认中油工程的行业分类变动情况。

【选中的数据库表的清单】
```json
["astockindustrydb.lc_exgindustry", "astockindustrydb.lc_exgindchange"]
```


>>>>> 【user】 Said:
已取得可用的数据表的字段信息如下:
[{"表名": "astockindustrydb.lc_exgindustry", "表字段": [{"column": "CompanyCode", "desc": "公司代码；公司代码（CompanyCode）：与“证券主表（SecuMain）”中的“公司代码（CompanyCode）”关联，得到上市公司的交易代码、简称等。"}, {"column": "InfoPublDate", "desc": "信息发布日期"}, {"column": "InfoSource", "desc": "信息来源"}, {"column": "Standard", "desc": "行业划分标准；行业划分标准（Standard）：与“系统常量表”中的“代码（DM）”关联，令“LB=1081”，得到行业划分的具体标准：1-CSRC行业分类2001版(不更新)，3-中信行业分类2010版(不更新)，5-上交所行业分类(不更新)，6-聚源行业分类(旧)(不更新)，7-SSE-GICS行业分类(不更新)，8-聚源行业分类(不更新)，9-申万行业分类2011版(不更新)，11-中银(BOCI)行业分类(不更新)，12-中证指数行业分类2007版(不更新)，13-中信标普GICS行业分类(不更新)，18-证监会行业分类(中证)(不更新)，19-银华自定义行业分类(不更新)，20-国证行业分类，21-新聚源行业分类(不更新)，22-证监会行业分类2012版，23-证监会行业分类2012版(中证披露)，24-申万行业分类2014版(不更新)，28-中证指数行业分类2016版(不更新)，30-聚源行业分类2016版，32-国民经济行业分类(2017)，37-中信行业2019分类，38-申万行业分类(新)，40-中证指数行业分类(2021版)，42-AMAC行业分类，44-中国上市公司协会行业分类。"}, {"column": "Industry", "desc": "所属行业；所属行业（Industry）：当Standard=1、8、18时，与“行业表”中的“行业编码（IndustryNum）”关联；当Standard=3、5时，与“系统常量表”的“代码（DM）”关联，“LB=1082”；当Standard=6、13时，与“系统常量表”的“代码（DM）”关联，“LB=1460”；当Standard=7时，与“系统常量表”的“代码（DM）”关联，“LB=1294”；当Standard=9时，与“系统常量表”的“代码（DM）”关联，“LB=1465”；当Standard=24时，与“系统常量表”的“代码（DM）”关联，“LB=1804”；当Standard=19、20、30、32、37、38、40、42、44时，与“行业类别表”的“行业内部编码（IndustryNum）”关联；当Standard=11时，与“系统常量表”的“代码（DM）”关联，“LB=1477”；当Standard=12时，与“系统常量表”的“代码（DM）”关联，“LB=1478”；当Standard=21时，与“系统常量表”的“代码（DM）”关联，“LB=1753”；当Standard=22时，与“系统常量表”的“代码（DM）”关联，“LB=1755”；当Standard=23时，与“系统常量表”的“代码（DM）”关联，“LB=1755”；当Standard=28时，与“系统常量表”的“代码（DM）”关联，“LB=1984”。"}, {"column": "IfPerformed", "desc": "是否执行；是否执行（IfPerformed），该字段固定以下常量：1-是；2-否"}, {"column": "CancelDate", "desc": "取消日期"}, {"column": "FirstIndustryCode", "desc": "对应一级行业代码"}, {"column": "FirstIndustryName", "desc": "对应一级行业名称"}, {"column": "SecondIndustryCode", "desc": "对应二级行业代码"}, {"column": "SecondIndustryName", "desc": "对应二级行业名称"}, {"column": "ThirdIndustryCode", "desc": "对应三级行业代码"}, {"column": "ThirdIndustryName", "desc": "对应三级行业名称"}, {"column": "FourthIndustryCode", "desc": "四级行业代码"}, {"column": "FourthIndustryName", "desc": "四级行业名称"}]}, {"表名": "astockindustrydb.lc_exgindchange", "表字段": [{"column": "CompanyCode", "desc": "公司代码"}, {"column": "InfoPublDate", "desc": "信息发布日期"}, {"column": "InfoSource", "desc": "信息来源"}, {"column": "Standard", "desc": "行业划分标准"}, {"column": "Industry", "desc": "所属行业"}, {"column": "IfExecuted", "desc": "是否执行"}, {"column": "CancelDate", "desc": "取消日期"}, {"column": "FirstIndustryCode", "desc": "一级行业代码"}, {"column": "FirstIndustryName", "desc": "一级行业名称"}, {"column": "SecondIndustryCode", "desc": "二级行业代码"}, {"column": "SecondIndustryName", "desc": "二级行业名称"}, {"column": "ThirdIndustryCode", "desc": "三级行业代码"}, {"column": "ThirdIndustryName", "desc": "三级行业名称"}, {"column": "FourthIndustryCode", "desc": "四级行业代码"}, {"column": "FourthIndustryName", "desc": "四级行业名称"}]}]

请选择column，务必遵循输出的格式要求。

>>>>> Agent【Check_db_structure.columns_selector】 Said:
【分析】
用户提问要求查询中油工程在2021年末新版申万行业分类中的二级行业。我们需要找到与中油工程相关的公司代码，并确定其在2021年末的行业分类信息。

【当前的表之间相互关联的字段】
- astockindustrydb.lc_exgindustry 和 astockindustrydb.lc_exgindchange 之间: CompanyCode

【信息所在字段】
- astockindustrydb.lc_exgindustry.SecondIndustryName: 这个字段可能包含中油工程的二级行业名称，对应用户提问中的“申万二级行业”
- astockindustrydb.lc_exgindustry.InfoPublDate: 这个字段可能包含信息发布日期，用于确认2021年末的行业分类信息

【筛选条件所在字段】
- astockindustrydb.lc_exgindustry.CompanyCode: 这个字段可能包含中油工程的公司代码，用于筛选中油工程的数据
- astockindustrydb.lc_exgindustry.Standard: 这个字段可能包含行业划分标准，用于筛选申万行业分类(新)的数据
- astockindustrydb.lc_exgindustry.IfPerformed: 这个字段可能包含是否执行的信息，用于确认行业分类是否有效

【选中的字段的清单】
```json
{
  "astockindustrydb.lc_exgindustry": [
    "CompanyCode",
    "InfoPublDate",
    "Standard",
    "IfPerformed",
    "SecondIndustryName"
  ]
}
```


>>>>> 【user】 Said:
原问题:按2021年末新版申万行业分类，现在中油工程属于什么申万二级行业？; 重写后的问题:按2021年末新版申万行业分类，中油工程目前属于哪个申万二级行业？

>>>>> Agent【Sql_query.master】 Said:
【已知信息】
- 中油工程的关联信息：
  - 所在数据表：constantdb.secumain
  - InnerCode(证券内部编码)：1464
  - CompanyCode(公司代码)：1325
  - ChiName(中文名称)：中国石油集团工程股份有限公司
  - EngName(英文名称)：China Petroleum Engineering Co., Ltd.
  - SecuCode(证券代码)：600339
  - ChiNameAbbr(中文名称缩写)：中油工程
  - EngNameAbbr(英文名称缩写)：CPEC
  - SecuAbbr(证券简称)：中油工程
  - ChiSpelling(拼音证券简称)：ZYGC

【当前阶段要获取的信息】
- 中油工程按2021年末新版申万行业分类所属的申万二级行业名称

【信息所在字段】
- 申万二级行业名称：SecondIndustryName

【筛选条件所在字段】
- 公司代码：CompanyCode
- 行业划分标准：Standard

【SQL语句的思路】
1. 从`astockindustrydb.lc_exgindustry`表中查询中油工程的申万二级行业名称。
2. 使用`CompanyCode`字段筛选中油工程。
3. 使用`Standard`字段筛选2021年末新版申万行业分类（Standard = 38）。

【执行SQL语句】
```exec_sql
SELECT SecondIndustryName 
FROM astockindustrydb.lc_exgindustry 
WHERE CompanyCode = 1325 AND Standard = 38;
```

【上述SQL语句的含义】
- 从`astockindustrydb.lc_exgindustry`表中筛选出公司代码为1325（中油工程）且行业划分标准为38（2021年末新版申万行业分类）的记录，并返回其申万二级行业名称。

>>>>> 查询sql:
SELECT SecondIndustryName 
FROM astockindustrydb.lc_exgindustry 
WHERE CompanyCode = 1325 AND Standard = 38;
查询结果:
[{"SecondIndustryName": "石油化工"}, {"SecondIndustryName": "化工新材料"}, {"SecondIndustryName": "化学制品"}, {"SecondIndustryName": "采掘服务"}, {"SecondIndustryName": "油服工程"}]


>>>>> 【user】 Said:
查询SQL:
SELECT SecondIndustryName 
FROM astockindustrydb.lc_exgindustry 
WHERE CompanyCode = 1325 AND Standard = 38;
查询结果:
[{"SecondIndustryName": "石油化工"}, {"SecondIndustryName": "化工新材料"}, {"SecondIndustryName": "化学制品"}, {"SecondIndustryName": "采掘服务"}, {"SecondIndustryName": "油服工程"}]

请理解查询结果

>>>>> Agent【Sql_query.understand_query_result】 Said:
查询结果表明: 根据公司代码为1325且行业划分标准为38（申万行业分类(新)）的筛选条件，查询到的二级行业名称包括“石油化工”、“化工新材料”、“化学制品”、“采掘服务”和“油服工程”。这些结果展示了该公司在申万行业分类(新)标准下的多个二级行业归属。


>>>>> 【user】 Said:
查询SQL:
SELECT SecondIndustryName 
FROM astockindustrydb.lc_exgindustry 
WHERE CompanyCode = 1325 AND Standard = 38;
查询结果:
[{"SecondIndustryName": "石油化工"}, {"SecondIndustryName": "化工新材料"}, {"SecondIndustryName": "化学制品"}, {"SecondIndustryName": "采掘服务"}, {"SecondIndustryName": "油服工程"}]

查询结果表明: 根据公司代码为1325且行业划分标准为38（申万行业分类(新)）的筛选条件，查询到的二级行业名称包括“石油化工”、“化工新材料”、“化学制品”、“采掘服务”和“油服工程”。这些结果展示了该公司在申万行业分类(新)标准下的多个二级行业归属。

请检查筛选条件是否存在问题，比如时间日期字段没有用DATE()或YEAR()格式化？当然，如果没问题，那么就根据结果考虑下一步；那么当前掌握的信息是否能够回答"原问题:按2021年末新版申万行业分类，现在中油工程属于什么申万二级行业？; 重写后的问题:按2021年末新版申万行业分类，中油工程目前属于哪个申万二级行业？"？还是要继续执行下一阶段SQL查询？

>>>>> Agent【Sql_query.master】 Said:
【已知信息】
- 中油工程的关联信息：
  - 所在数据表：constantdb.secumain
  - InnerCode(证券内部编码)：1464
  - CompanyCode(公司代码)：1325
  - ChiName(中文名称)：中国石油集团工程股份有限公司
  - EngName(英文名称)：China Petroleum Engineering Co., Ltd.
  - SecuCode(证券代码)：600339
  - ChiNameAbbr(中文名称缩写)：中油工程
  - EngNameAbbr(英文名称缩写)：CPEC
  - SecuAbbr(证券简称)：中油工程
  - ChiSpelling(拼音证券简称)：ZYGC
- 查询结果：
  - SecondIndustryName包括“石油化工”、“化工新材料”、“化学制品”、“采掘服务”和“油服工程”

【当前阶段要获取的信息】
- 确认中油工程按2021年末新版申万行业分类所属的申万二级行业名称

【信息所在字段】
- 申万二级行业名称：SecondIndustryName

【筛选条件所在字段】
- 公司代码：CompanyCode
- 行业划分标准：Standard

【SQL语句的思路】
- 当前查询结果已显示中油工程在申万行业分类(新)标准下的多个二级行业归属，无需进一步执行SQL查询。

【执行SQL语句】
无

【上述SQL语句的含义】
无

【结论】
根据查询结果，中油工程在2021年末新版申万行业分类下属于以下申万二级行业：
- 石油化工
- 化工新材料
- 化学制品
- 采掘服务
- 油服工程

这些结果已经能够回答“按2021年末新版申万行业分类，中油工程目前属于哪个申万二级行业？”的问题。中油工程属于多个申万二级行业，具体包括上述列出的五个行业。无需继续执行下一阶段SQL查询。


>>>>> 【user】 Said:
充分尊重前面给出的结论，回答问题:"原问题:按2021年末新版申万行业分类，现在中油工程属于什么申万二级行业？; 重写后的问题:按2021年末新版申万行业分类，中油工程目前属于哪个申万二级行业？"

>>>>> Agent【Sql_query.summary】 Said:
中油工程目前属于以下申万二级行业：
- 石油化工
- 化工新材料
- 化学制品
- 采掘服务
- 油服工程
