
>>>>> Original Question: 当日该指标超过该公司的一共有多少家？


>>>>> 【user】 Said:
提取下面这段文字中的实体（如公司名、股票代码、拼音缩写等），如果识别结果是空，那么就回复No Entities."当日该指标超过该公司的一共有多少家？"

>>>>> Agent【extract_company】 Said:
No Entities.


>>>>> 【user】 Said:
下面是顺序的历史问答:
'''
Question: 2020-10-13哪家公司主力净流入最多？
Answer: 2020年10月13日，主力净流入金额最多的公司是风华高科。
Question: 这家公司5日内平均成交额是多少？
Answer: 风华高科在2020年10月13日之后的5日内平均成交额: 814073021.995元
'''
现在用户继续提问，请根据已知信息，理解当前这个问题的完整含义，并重写这个问题使得单独拿出来看仍然能够正确理解：当日该指标超过该公司的一共有多少家？

>>>>> Agent【rewrite_question】 Said:
2020年10月13日，主力净流入金额超过风华高科的公司共有多少家？

>>>>> 已知事实:


>>>>> 【user】 Said:
请选择db，务必遵循输出的格式要求。

>>>>> Agent【Check_db_structure.db_selector】 Said:
【分析】
用户需要查询的是2020年10月13日主力净流入金额超过风华高科的公司数量。这涉及到具体的股票交易数据和资金流向信息。根据知识库中的描述，`astockmarketquotesdb`数据库记录了境内股票的交易行情和资金流向等全面数据，包括每日行情和资金流向统计，适合用于查询特定日期的主力净流入金额。

【选中的数据库】
- astockmarketquotesdb: 这个数据库包含股票交易行情和资金流向数据，可以用来查询特定日期的主力净流入金额。

【选中的数据库的清单】
```json
["astockmarketquotesdb"]
```


>>>>> 【user】 Said:
数据库表信息如下:
[{"表名": "astockmarketquotesdb.cs_stockcapflowindex", "说明": "该数据表记录了证券交易相关的详细数据，涵盖交易日期、时间区间等基本信息，以及按小单、中单、大单、超大单、主力单和全单分类的交易统计数据，包括流入流出金额、流入流出量、流入流出笔数、净流入流出额与量、买入卖出率（按金额和数量计算）、净买入率及其与流通市值或流通股本的比值等。此外，还细分了主动买入卖出相关的金额、数量、笔数及其比率等指标，全面反映了不同交易规模下的资金流向和市场行为特征。"}, {"表名": "astockmarketquotesdb.cs_turnovervoltecindex", "说明": "该数据表记录了证券交易的相关数据，包含多个类别的字段信息。基本信息包括证券内部编码、聚源代码、交易日期、证券市场等；时间维度涵盖指标周期；成交额和成交量的统计指标包括简单移动平均值（如5日、10日、20日、30日、60日、120日、250日等周期的AMA和VMA）、指数平滑异同平均（如VMACD_EMA12、VMACD_EMA26、VMACD_DIFF、VMACD_DEA、VMACD_MACD）等；成交量的波动性与强弱分析指标包括量比、成交量震荡指标(VOSC)、加权指数成交量(TAPI及其均值TAPIMA)、成交量标准差(VSTD)、量变动速率(VROC)、成交量比率(VR)、量相对强弱(VRSI)等，全面反映证券交易的量价变化及趋势特征。"}, {"表名": "astockmarketquotesdb.cs_stockpatterns", "说明": "该数据表主要用于记录证券交易的多维度表现与趋势分析，涵盖基础信息如证券内部编码、交易日、聚源代码、证券市场等；高点与低点分析，包括价格、收盘价、成交量、成交金额在近一周、一个月、一季度、半年、一年及上市以来的创高或创低情况；历史新高新低统计，记录不同时间区间内创历史新高或新低的次数；趋势与形态分析，如连涨天数、连跌天数、连续放量或缩量天数，以及对5日、10日、20日、60日均线的有效突破情况；其他指标如N天M板表现和均线多空头排列的看涨看跌信号，为证券的短期与长期走势提供综合性参考。"}, {"表名": "astockmarketquotesdb.qt_dailyquote", "说明": "该数据表记录了证券交易的核心信息，包括证券的唯一标识\"证券内部编码\"，交易日期\"交易日\"，以及价格相关数据如\"昨收盘价\"、\"今开盘价\"、\"最高价\"、\"最低价\"和\"收盘价\"（单位均为元）；还包含交易活动指标，如\"成交量\"（股）、\"成交金额\"（元）和\"成交笔数\"（笔），全面反映了每日交易的市场表现。"}, {"表名": "astockmarketquotesdb.qt_stockperformance", "说明": "该数据表涵盖了证券交易的多维度信息，包括基本标识字段如证券内部编码和交易日；价格相关信息如开盘价、收盘价、最高价、最低价、均价以及涨跌幅、振幅等；成交数据如成交量、成交金额、换手率及其日均值；时间维度统计如周、月、三个月、六个月、十二个月及今年以来的价格、成交量、成交金额、涨跌幅、振幅、换手率等汇总指标；自由流通股本相关的换手率及其日均值；市场表现指标如Beta值（相对于不同基准指数）、阿尔法值、波动率、夏普比率、市场收益率等；市值信息包括总市值和流通市值；特殊价格指标如上市以来后复权的最高价、最低价及对应时间。该表全面整合了短期和长期的交易数据、市场表现以及统计汇总，为证券分析提供了丰富的基础数据支持。"}, {"表名": "astockmarketquotesdb.lc_suspendresumption", "说明": "该数据表主要记录证券停复牌相关信息，包括证券标识字段如证券内部编码，时间相关字段如信息发布日期、停牌日期、停牌时间、复牌日期、复牌时间，信息来源字段如信息来源，停复牌详情字段如停牌原因、停牌事项说明、停牌期限、停牌期限类型及复牌事项说明等，全面描述了证券停复牌的时间、原因及相关说明。"}]

请选择table，务必遵循输出的格式要求。

>>>>> Agent【Check_db_structure.table_selector】 Said:
【分析】
要找出2020年10月13日主力净流入金额超过风华高科的公司数量，需要以下信息：
1. 交易日期为2020年10月13日的数据。
2. 主力净流入金额的统计数据。
3. 风华高科在当天的主力净流入金额作为比较基准。

【选中的数据表】
- astockmarketquotesdb.cs_stockcapflowindex: 这个数据表记录了证券交易相关的详细数据，包括交易日期和按主力单分类的交易统计数据，如主力净流入金额。

【选中的数据库表的清单】
```json
["astockmarketquotesdb.cs_stockcapflowindex"]
```


>>>>> 【user】 Said:
已取得可用的数据表的字段信息如下:
[{"表名": "astockmarketquotesdb.cs_stockcapflowindex", "表字段": [{"column": "InnerCode", "desc": "证券内部编码；，得到股票的证券代码、简称等其他详细信息。"}, {"column": "TradingDay", "desc": "交易日期"}, {"column": "TimeRange", "desc": "成交时间区间；成交时间区间(TimeRange)，该字段固定以下常量：1-全盘，2-开盘，3-尾盘"}, {"column": "SmallBuyValue", "desc": "小单流入额(元)；小单：单笔成交量区间为[0，2w)或成交金额区间为[0，4w)"}, {"column": "SmallSellValue", "desc": "小单流出额(元)"}, {"column": "SmallBuyVolume", "desc": "小单流入量(股)"}, {"column": "SmallSellVolume", "desc": "小单流出量(股)"}, {"column": "SmallBuyNum", "desc": "小单流入笔数"}, {"column": "SmallSellNum", "desc": "小单流出笔数"}, {"column": "SmallNetBuyValue", "desc": "小单净流入额(元)"}, {"column": "SmallNetBuyVolume", "desc": "小单净流入量(股)"}, {"column": "SmallBValueRatio", "desc": "小单买入率(额)"}, {"column": "SmallSValueRatio", "desc": "小单卖出率(额)"}, {"column": "SmallBVolumeRatio", "desc": "小单买入率(量)"}, {"column": "SmallSVolumeRatio", "desc": "小单卖出率(量)"}, {"column": "SmallNBValueRatio", "desc": "小单净买入率(额)"}, {"column": "SmallNBVFloatMVRatio", "desc": "小单净买入额流通市值比"}, {"column": "SmallNBVolumeRatio", "desc": "小单净买入率(量)"}, {"column": "SmallNBVFloatSRatio", "desc": "小单净买入量流通股本比"}, {"column": "SmallActBuyValue", "desc": "小单主动流入额(元)"}, {"column": "SmallActSellValue", "desc": "小单主动流出额(元)"}, {"column": "SmallActBuyVolume", "desc": "小单主动流入量(股)"}, {"column": "SmallActSellVolume", "desc": "小单主动流出量(股)"}, {"column": "SmallActBuyNum", "desc": "小单主动流入笔数"}, {"column": "SmallActSellNum", "desc": "小单主动流出笔数"}, {"column": "SmallNetActBuyValue", "desc": "小单净主动流入额(元)"}, {"column": "SmallNetActBuyVolume", "desc": "小单净主动流入量(股)"}, {"column": "SmallABValueRatio", "desc": "小单主动买入率(额)"}, {"column": "SmallASValueRatio", "desc": "小单主动卖出率(额)"}, {"column": "SmallABVolumeRatio", "desc": "小单主动买入率(量)"}, {"column": "SmallASVolumeRatio", "desc": "小单主动卖出率(量)"}, {"column": "SmallNABValueRatio", "desc": "小单净主动买入率(额)"}, {"column": "SmallNABVFloatMVRatio", "desc": "小单净主动买入额流通市值比"}, {"column": "SmallNABVolumeRatio", "desc": "小单净主动买入率(量)"}, {"column": "SmallNABVFloatSRatio", "desc": "小单净主动买入量流通股本比"}, {"column": "MediumBuyValue", "desc": "中单流入额(元)；中单：单笔成交量区间为[2w，10w)或成交金额区间为[4w，20w)"}, {"column": "MediumSellValue", "desc": "中单流出额(元)"}, {"column": "MediumBuyVolume", "desc": "中单流入量(股)"}, {"column": "MediumSellVolume", "desc": "中单流出量(股)"}, {"column": "MediumBuyNum", "desc": "中单流入笔数"}, {"column": "MediumSellNum", "desc": "中单流出笔数"}, {"column": "MediumNetBuyValue", "desc": "中单净流入额(元)"}, {"column": "MediumNetBuyVolume", "desc": "中单净流入量(股)"}, {"column": "MediumBValueRatio", "desc": "中单买入率(额)"}, {"column": "MediumSValueRatio", "desc": "中单卖出率(额)"}, {"column": "MediumBVolumeRatio", "desc": "中单买入率(量)"}, {"column": "MediumSVolumeRatio", "desc": "中单卖出率(量)"}, {"column": "MediumNBValueRatio", "desc": "中单净买入率(额)"}, {"column": "MediumNBVFloatMVRatio", "desc": "中单净买入额流通市值比"}, {"column": "MediumNBVolumeRatio", "desc": "中单净买入率(量)"}, {"column": "MediumNBVFloatSRatio", "desc": "中单净买入量流通股本比"}, {"column": "MediumActBuyValue", "desc": "中单主动流入额(元)"}, {"column": "MediumActSellValue", "desc": "中单主动流出额(元)"}, {"column": "MediumActBuyVolume", "desc": "中单主动流入量(股)"}, {"column": "MediumActSellVolume", "desc": "中单主动流出量(股)"}, {"column": "MediumActBuyNum", "desc": "中单主动流入笔数"}, {"column": "MediumActSellNum", "desc": "中单主动流出笔数"}, {"column": "MediumNetActBuyValue", "desc": "中单净主动流入额(元)"}, {"column": "MediumNetActBuyVolume", "desc": "中单净主动流入量(股)"}, {"column": "MediumABValueRatio", "desc": "中单主动买入率(额)"}, {"column": "MediumASValueRatio", "desc": "中单主动卖出率(额)"}, {"column": "MediumABVolumeRatio", "desc": "中单主动买入率(量)"}, {"column": "MediumASVolumeRatio", "desc": "中单主动卖出率(量)"}, {"column": "MediumNABValueRatio", "desc": "中单净主动买入率(额)"}, {"column": "MediumNABVFloatMVRatio", "desc": "中单净主动买入额流通市值比"}, {"column": "MediumNABVolumeRatio", "desc": "中单净主动买入率(量)"}, {"column": "MediumNABVFloatSRatio", "desc": "中单净主动买入量流通股本比"}, {"column": "LargeBuyValue", "desc": "大单流入额(元)；大单：单笔成交量区间为[10w，50w)或成交金额区间为[20w，100w)"}, {"column": "LargeSellValue", "desc": "大单流出额(元)"}, {"column": "LargeBuyVolume", "desc": "大单流入量(股)"}, {"column": "LargeSellVolume", "desc": "大单流出量(股)"}, {"column": "LargeBuyNum", "desc": "大单流入笔数"}, {"column": "LargeSellNum", "desc": "大单流出笔数"}, {"column": "LargeNetBuyValue", "desc": "大单净流入额(元)"}, {"column": "LargeNetBuyVolume", "desc": "大单净流入量(股)"}, {"column": "LargeBValueRatio", "desc": "大单买入率(额)"}, {"column": "LargeSValueRatio", "desc": "大单卖出率(额)"}, {"column": "LargeBVolumeRatio", "desc": "大单买入率(量)"}, {"column": "LargeSVolumeRatio", "desc": "大单卖出率(量)"}, {"column": "LargeNBValueRatio", "desc": "大单净买入率(额)"}, {"column": "LargeNBVFloatMVRatio", "desc": "大单净买入额流通市值比"}, {"column": "LargeNBVolumeRatio", "desc": "大单净买入率(量)"}, {"column": "LargeNBVFloatSRatio", "desc": "大单净买入量流通股本比"}, {"column": "LargeActBuyValue", "desc": "大单主动流入额(元)"}, {"column": "LargeActSellValue", "desc": "大单主动流出额(元)"}, {"column": "LargeActBuyVolume", "desc": "大单主动流入量(股)"}, {"column": "LargeActSellVolume", "desc": "大单主动流出量(股)"}, {"column": "LargeActBuyNum", "desc": "大单主动流入笔数"}, {"column": "LargeActSellNum", "desc": "大单主动流出笔数"}, {"column": "LargeNetActBuyValue", "desc": "大单净主动流入额(元)"}, {"column": "LargeNetActBuyVolume", "desc": "大单净主动流入量(股)"}, {"column": "LargeABValueRatio", "desc": "大单主动买入率(额)"}, {"column": "LargeASValueRatio", "desc": "大单主动卖出率(额)"}, {"column": "LargeABVolumeRatio", "desc": "大单主动买入率(量)"}, {"column": "LargeASVolumeRatio", "desc": "大单主动卖出率(量)"}, {"column": "LargeNABValueRatio", "desc": "大单净主动买入率(额)"}, {"column": "LargeNABVFloatMVRatio", "desc": "大单净主动买入额流通市值比"}, {"column": "LargeNABVolumeRatio", "desc": "大单净主动买入率(量)"}, {"column": "LargeNABVFloatSRatio", "desc": "大单净主动买入量流通股本比"}, {"column": "HugeBuyValue", "desc": "超大单流入额(元)；超大单：单笔成交量区间为[50w，+∞)或成交金额区间为[100w，+∞)"}, {"column": "HugeSellValue", "desc": "超大单流出额(元)"}, {"column": "HugeBuyVolume", "desc": "超大单流入量(股)"}, {"column": "HugeSellVolume", "desc": "超大单流出量(股)"}, {"column": "HugeBuyNum", "desc": "超大单流入笔数"}, {"column": "HugeSellNum", "desc": "超大单流出笔数"}, {"column": "HugeNetBuyValue", "desc": "超大单净流入额(元)"}, {"column": "HugeNetBuyVolume", "desc": "超大单净流入量(股)"}, {"column": "HugeBValueRatio", "desc": "超大单买入率(额)"}, {"column": "HugeSValueRatio", "desc": "超大单卖出率(额)"}, {"column": "HugeBVolumeRatio", "desc": "超大单买入率(量)"}, {"column": "HugeSVolumeRatio", "desc": "超大单卖出率(量)"}, {"column": "HugeNBValueRatio", "desc": "超大单净买入率(额)"}, {"column": "HugeNBVFloatMVRatio", "desc": "超大单净买入额流通市值比"}, {"column": "HugeNBVolumeRatio", "desc": "超大单净买入率(量)"}, {"column": "HugeNBVFloatSRatio", "desc": "超大单净买入量流通股本比"}, {"column": "HugeActBuyValue", "desc": "超大单主动流入额(元)"}, {"column": "HugeActSellValue", "desc": "超大单主动流出额(元)"}, {"column": "HugeActBuyVolume", "desc": "超大单主动流入量(股)"}, {"column": "HugeActSellVolume", "desc": "超大单主动流出量(股)"}, {"column": "HugeActBuyNum", "desc": "超大单主动流入笔数"}, {"column": "HugeActSellNum", "desc": "超大单主动流出笔数"}, {"column": "HugeNetActBuyValue", "desc": "超大单净主动流入额(元)"}, {"column": "HugeNetActBuyVolume", "desc": "超大单净主动流入量(股)"}, {"column": "HugeABValueRatio", "desc": "超大单主动买入率(额)"}, {"column": "HugeASValueRatio", "desc": "超大单主动卖出率(额)"}, {"column": "HugeABVolumeRatio", "desc": "超大单主动买入率(量)"}, {"column": "HugeASVolumeRatio", "desc": "超大单主动卖出率(量)"}, {"column": "HugeNABValueRatio", "desc": "超大单净主动买入率(额)"}, {"column": "HugeNABVFloatMVRatio", "desc": "超大单净主动买入额流通市值比"}, {"column": "HugeNABVolumeRatio", "desc": "超大单净主动买入率(量)"}, {"column": "HugeNABVFloatSRatio", "desc": "超大单净主动买入量流通股本比"}, {"column": "MainBuyValue", "desc": "主力流入额(元)；主力=大单+超大单"}, {"column": "MainSellValue", "desc": "主力流出额(元)"}, {"column": "MainBuyVolume", "desc": "主力流入量(股)"}, {"column": "MainSellVolume", "desc": "主力流出量(股)"}, {"column": "MainBuyNum", "desc": "主力流入笔数"}, {"column": "MainSellNum", "desc": "主力流出笔数"}, {"column": "MainNetBuyValue", "desc": "主力净流入额(元)1"}, {"column": "MainNetBuyVolume", "desc": "主力净流入量(股)1"}, {"column": "MainBValueRatio", "desc": "主力买入率(额)"}, {"column": "MainSValueRatio", "desc": "主力卖出率(额)"}, {"column": "MainBVolumeRatio", "desc": "主力买入率(量)"}, {"column": "MainSVolumeRatio", "desc": "主力卖出率(量)"}, {"column": "MainNBValueRatio", "desc": "主力净买入率(额)"}, {"column": "MainNBVFloatMVRatio", "desc": "主力净买入额流通市值比"}, {"column": "MainNBVolumeRatio", "desc": "主力净买入率(量)"}, {"column": "MainNBVFloatSRatio", "desc": "主力净买入量流通股本比"}, {"column": "MainActBuyValue", "desc": "主力主动流入额(元)"}, {"column": "MainActSellValue", "desc": "主力主动流出额(元)"}, {"column": "MainActBuyVolume", "desc": "主力主动流入量(股)"}, {"column": "MainActSellVolume", "desc": "主力主动流出量(股)"}, {"column": "MainActBuyNum", "desc": "主力主动流入笔数"}, {"column": "MainActSellNum", "desc": "主力主动流出笔数"}, {"column": "MainNetActBuyValue", "desc": "主力净主动流入额(元)"}, {"column": "MainNetActBuyVolume", "desc": "主力净主动流入量(股)"}, {"column": "MainABValueRatio", "desc": "主力主动买入率(额)"}, {"column": "MainASValueRatio", "desc": "主力主动卖出率(额)"}, {"column": "MainABVolumeRatio", "desc": "主力主动买入率(量)"}, {"column": "MainASVolumeRatio", "desc": "主力主动卖出率(量)"}, {"column": "MainNABValueRatio", "desc": "主力净主动买入率(额)"}, {"column": "MainNABVFloatMVRatio", "desc": "主力净主动买入额流通市值比"}, {"column": "MainNABVolumeRatio", "desc": "主力净主动买入率(量)"}, {"column": "MainNABVFloatSRatio", "desc": "主力净主动买入量流通股本比"}, {"column": "TotalBuyValue", "desc": "全单流入额(元)；全单=小单+中单+大单+超大单"}, {"column": "TotalSellValue", "desc": "全单流出额(元)"}, {"column": "TotalBuyVolume", "desc": "全单流入量(股)"}, {"column": "TotalSellVolume", "desc": "全单流出量(股)"}, {"column": "TotalBuyNum", "desc": "全单流入笔数"}, {"column": "TotalSellNum", "desc": "全单流出笔数"}, {"column": "TotalNetBuyValue", "desc": "全单净流入额(元)"}, {"column": "TotalNetBuyVolume", "desc": "全单净流入量(股)"}, {"column": "TotalBValueRatio", "desc": "全单买入率(额)"}, {"column": "TotalSValueRatio", "desc": "全单卖出率(额)"}, {"column": "TotalBVolumeRatio", "desc": "全单买入率(量)"}, {"column": "TotalSVolumeRatio", "desc": "全单卖出率(量)"}, {"column": "TotalNBValueRatio", "desc": "全单净买入率(额)"}, {"column": "TotalNBVFloatMVRatio", "desc": "全单净买入额流通市值比"}, {"column": "TotalNBVolumeRatio", "desc": "全单净买入率(量)"}, {"column": "TotalNBVFloatSRatio", "desc": "全单净买入量流通股本比"}, {"column": "TotalActBuyValue", "desc": "全单主动流入额(元)"}, {"column": "TotalActSellValue", "desc": "全单主动流出额(元)"}, {"column": "TotalActBuyVolume", "desc": "全单主动流入量(股)"}, {"column": "TotalActSellVolume", "desc": "全单主动流出量(股)"}, {"column": "TotalActBuyNum", "desc": "全单主动流入笔数"}, {"column": "TotalActSellNum", "desc": "全单主动流出笔数"}, {"column": "TotalNetActBuyValue", "desc": "全单净主动流入额(元)"}, {"column": "TotalNetActBuyVolume", "desc": "全单净主动流入量(股)"}, {"column": "TotalABValueRatio", "desc": "全单主动买入率(额)"}, {"column": "TotalASValueRatio", "desc": "全单主动卖出率(额)"}, {"column": "TotalABVolumeRatio", "desc": "全单主动买入率(量)"}, {"column": "TotalASVolumeRatio", "desc": "全单主动卖出率(量)"}, {"column": "TotalNABValueRatio", "desc": "全单净主动买入率(额)"}, {"column": "TotalNABVFloatMVRatio", "desc": "全单净主动买入额流通市值比"}, {"column": "TotalNABVolumeRatio", "desc": "全单净主动买入率(量)"}, {"column": "TotalNABVFloatSRatio", "desc": "全单净主动买入量流通股本比"}]}]

请选择column，务必遵循输出的格式要求。

>>>>> Agent【Check_db_structure.columns_selector】 Said:
【分析】
用户询问的是在2020年10月13日，主力净流入金额超过风华高科的公司数量。因此，需要找到风华高科在当天的主力净流入金额，然后统计超过这个金额的公司数量。

【信息所在字段】
- astockmarketquotesdb.cs_stockcapflowindex.MainNetBuyValue: 这个字段可能包含主力净流入金额信息，对应用户提问中的主力净流入金额。

【筛选条件所在字段】
- astockmarketquotesdb.cs_stockcapflowindex.TradingDay: 这个字段可能包含交易日期信息，对应用户提问中的2020年10月13日。
- astockmarketquotesdb.cs_stockcapflowindex.InnerCode: 这个字段可能包含证券内部编码信息，用于关联风华高科的具体数据。

【选中的字段的清单】
```json
{
  "astockmarketquotesdb.cs_stockcapflowindex": [
    "MainNetBuyValue",
    "TradingDay",
    "InnerCode"
  ]
}
```


>>>>> 【user】 Said:
之前已查询到信息如下:
查询结果表明: 在交易日期为2020年10月13日的记录中，主力净流入额最高的证券内部编码为324。该查询通过对astockmarketquotesdb.cs_stockcapflowindex表中的TradingDay字段进行日期筛选，并按照MainNetBuyValue字段降序排列，最终取出了主力净流入额最高的那条记录的InnerCode字段值。
---
查询结果表明: 查询到的证券内部编码为324的证券在constantdb.secumain表中的中文名称缩写为“风华高科”。
---
查询结果表明: 对于证券内部编码为324的证券，在2020年10月13日之后的5个交易日（包括10月13日）内，其平均成交金额（TurnoverValue）为814,073,021.995元。

请问:2020年10月13日，主力净流入金额超过风华高科的公司共有多少家？

>>>>> Agent【Sql_query.master】 Said:
【已知信息】
- 2020年10月13日，风华高科的主力净流入金额最高，其证券内部编码为324。
- 风华高科在2020年10月13日的主力净流入金额具体数值未明确，但可以通过其证券内部编码查询。

【当前阶段要获取的信息】
- 2020年10月13日，主力净流入金额超过风华高科的公司数量。

【信息所在字段】
- `MainNetBuyValue`：主力净流入额（元）
- `InnerCode`：证券内部编码

【筛选条件所在字段】
- `TradingDay`：交易日期

【SQL语句的思路】
1. 首先，查询风华高科在2020年10月13日的主力净流入金额。
2. 然后，查询2020年10月13日所有公司的主力净流入金额，并统计超过风华高科金额的公司数量。

【执行SQL语句】
```exec_sql
-- 第一步：查询风华高科在2020年10月13日的主力净流入金额
SELECT MainNetBuyValue
FROM astockmarketquotesdb.cs_stockcapflowindex
WHERE InnerCode = 324 AND DATE(TradingDay) = '2020-10-13';
```

【上述SQL语句的含义】
- 从`astockmarketquotesdb.cs_stockcapflowindex`表中查询证券内部编码为324（风华高科）在2020年10月13日的主力净流入金额。

下一步将根据查询结果，继续执行统计超过该金额的公司数量的SQL语句。

>>>>> 查询sql:
SELECT MainNetBuyValue
FROM astockmarketquotesdb.cs_stockcapflowindex
WHERE InnerCode = 324 AND DATE(TradingDay) = '2020-10-13';
查询结果:
[{"MainNetBuyValue": 226234645.0}]


>>>>> 【user】 Said:
查询SQL:
SELECT MainNetBuyValue
FROM astockmarketquotesdb.cs_stockcapflowindex
WHERE InnerCode = 324 AND DATE(TradingDay) = '2020-10-13';
查询结果:
[{"MainNetBuyValue": 226234645.0}]

请理解查询结果

>>>>> Agent【Sql_query.understand_query_result】 Said:
查询结果表明: 在交易日期为2020年10月13日时，证券内部编码为324的股票的主力净流入额为226,234,645元。


>>>>> 【user】 Said:
查询SQL:
SELECT MainNetBuyValue
FROM astockmarketquotesdb.cs_stockcapflowindex
WHERE InnerCode = 324 AND DATE(TradingDay) = '2020-10-13';
查询结果:
[{"MainNetBuyValue": 226234645.0}]

查询结果表明: 在交易日期为2020年10月13日时，证券内部编码为324的股票的主力净流入额为226,234,645元。

请检查筛选条件是否存在问题，比如时间日期字段没有用DATE()或YEAR()格式化？当然，如果没问题，那么就根据结果考虑下一步；那么当前掌握的信息是否能够回答"2020年10月13日，主力净流入金额超过风华高科的公司共有多少家？"？还是要继续执行下一阶段SQL查询？

>>>>> Agent【Sql_query.master】 Said:
【已知信息】
- 2020年10月13日，风华高科（证券内部编码为324）的主力净流入金额为226,234,645元。

【当前阶段要获取的信息】
- 2020年10月13日，主力净流入金额超过风华高科的公司数量。

【信息所在字段】
- `MainNetBuyValue`：主力净流入额（元）
- `InnerCode`：证券内部编码

【筛选条件所在字段】
- `TradingDay`：交易日期

【SQL语句的思路】
- 查询2020年10月13日所有公司的主力净流入金额，并统计超过226,234,645元的公司数量。

【执行SQL语句】
```exec_sql
-- 第二步：查询2020年10月13日主力净流入金额超过风华高科的公司数量
SELECT COUNT(*)
FROM astockmarketquotesdb.cs_stockcapflowindex
WHERE DATE(TradingDay) = '2020-10-13' AND MainNetBuyValue > 226234645;
```

【上述SQL语句的含义】
- 从`astockmarketquotesdb.cs_stockcapflowindex`表中统计2020年10月13日主力净流入金额超过226,234,645元的记录数量，即超过风华高科的公司数量。

该查询将直接给出所需的公司数量。

>>>>> 查询sql:
SELECT COUNT(*)
FROM astockmarketquotesdb.cs_stockcapflowindex
WHERE DATE(TradingDay) = '2020-10-13' AND MainNetBuyValue > 226234645;
查询结果:
[{"COUNT(*)": 0}]


>>>>> 【user】 Said:
查询SQL:
SELECT COUNT(*)
FROM astockmarketquotesdb.cs_stockcapflowindex
WHERE DATE(TradingDay) = '2020-10-13' AND MainNetBuyValue > 226234645;
查询结果:
[{"COUNT(*)": 0}]

请理解查询结果

>>>>> Agent【Sql_query.understand_query_result】 Said:
查询结果表明: 在交易日期为2020年10月13日的情况下，没有任何记录的主力净流入额(MainNetBuyValue)大于226234645元。


>>>>> 【user】 Said:
查询SQL:
SELECT COUNT(*)
FROM astockmarketquotesdb.cs_stockcapflowindex
WHERE DATE(TradingDay) = '2020-10-13' AND MainNetBuyValue > 226234645;
查询结果:
[{"COUNT(*)": 0}]

查询结果表明: 在交易日期为2020年10月13日的情况下，没有任何记录的主力净流入额(MainNetBuyValue)大于226234645元。

请检查筛选条件是否存在问题，比如时间日期字段没有用DATE()或YEAR()格式化？当然，如果没问题，那么就根据结果考虑下一步；那么当前掌握的信息是否能够回答"2020年10月13日，主力净流入金额超过风华高科的公司共有多少家？"？还是要继续执行下一阶段SQL查询？

>>>>> Agent【Sql_query.master】 Said:
【已知信息】
- 2020年10月13日，风华高科（证券内部编码为324）的主力净流入金额为226,234,645元。
- 在同一日期，没有任何公司的主力净流入金额超过226,234,645元。

【当前阶段要获取的信息】
- 无需继续执行SQL查询，当前信息已足够回答问题。

【信息所在字段】
- 无需继续执行SQL查询。

【筛选条件所在字段】
- 无需继续执行SQL查询。

【SQL语句的思路】
- 无需继续执行SQL查询。

【执行SQL语句】
```exec_sql
无
```

【上述SQL语句的含义】
- 无需继续执行SQL查询。

根据已掌握的信息，可以明确回答：
**2020年10月13日，主力净流入金额超过风华高科的公司共有0家。**

当前信息已足够回答用户的问题，无需继续执行下一阶段SQL查询。


>>>>> 【user】 Said:
充分尊重前面给出的结论，回答问题:"2020年10月13日，主力净流入金额超过风华高科的公司共有多少家？"

>>>>> Agent【Sql_query.summary】 Said:
0家
