
>>>>> Original Question: 在这些创出新高的公司中，哪些公司的股东中包含企业资本？请列出公司名（中文名称缩写即可）和企业资本股东名称


>>>>> 【user】 Said:
下面是顺序的历史问答:
'''
Question: 在2021-12-21这一天，A股市场中创出月度新高的公司有哪些（中文名称缩写即可）？他们的证券代码是多少？
Answer: 斯达半导, 603290
'''
现在用户继续提问，请根据已知信息，理解当前这个问题的完整含义，并重写这个问题使得单独拿出来看仍然能够正确理解：在这些创出新高的公司中，哪些公司的股东中包含企业资本？请列出公司名（中文名称缩写即可）和企业资本股东名称

>>>>> Agent【rewrite_question】 Said:
在2021年12月21日这一天，A股市场中创出月度新高的公司中，哪些公司的股东中包含企业资本？请列出公司名（中文名称缩写即可）和企业资本股东名称。已知创出新高的公司包括斯达半导（证券代码：603290）。


>>>>> 【user】 Said:
提取下面这段文字里的实体，如公司名、股票代码等，如果识别结果是空，那么就回复No Entities."在2021年12月21日这一天，A股市场中创出月度新高的公司中，哪些公司的股东中包含企业资本？请列出公司名（中文名称缩写即可）和企业资本股东名称。已知创出新高的公司包括斯达半导（证券代码：603290）。"

>>>>> Agent【extract_company】 Said:
```json
["斯达半导", "603290"]
```

>>>>> 查询sql:
SELECT 'constantdb.secumain' AS TableName, InnerCode, CompanyCode, ChiName, EngName, SecuCode
FROM constantdb.secumain 
WHERE SecuCode = '斯达半导'
   OR ChiName LIKE '%斯达半导%'
   OR ChiNameAbbr LIKE '%斯达半导%'
   OR EngName LIKE '%斯达半导%'
   OR EngNameAbbr LIKE '%斯达半导%'
   OR SecuAbbr LIKE '%斯达半导%'
UNION ALL
SELECT 'constantdb.hk_secumain' AS TableName, InnerCode, CompanyCode, ChiName, EngName, SecuCode
FROM constantdb.hk_secumain 
WHERE SecuCode = '%斯达半导%'
   OR ChiName LIKE '%斯达半导%'
   OR ChiNameAbbr LIKE '%斯达半导%'
   OR EngName LIKE '%斯达半导%'
   OR EngNameAbbr LIKE '%斯达半导%'
   OR SecuAbbr LIKE '%斯达半导%'
   OR FormerName LIKE '%斯达半导%'
UNION ALL
SELECT 'constantdb.us_secumain' AS TableName, InnerCode, CompanyCode, ChiName, EngName, SecuCode
FROM constantdb.us_secumain 
WHERE SecuCode = '斯达半导'
   OR ChiName LIKE '%斯达半导%'
   OR EngName LIKE '%斯达半导%'
   OR SecuAbbr LIKE '%斯达半导%';
查询结果:
[{"TableName": "constantdb.secumain", "InnerCode": 196107, "CompanyCode": 171522, "ChiName": "斯达半导体股份有限公司", "EngName": "StarPower Semiconductor Ltd.", "SecuCode": "603290"}]

>>>>> 查询sql:
SELECT 'constantdb.secumain' AS TableName, InnerCode, CompanyCode, ChiName, EngName, SecuCode
FROM constantdb.secumain 
WHERE SecuCode = '603290'
   OR ChiName LIKE '%603290%'
   OR ChiNameAbbr LIKE '%603290%'
   OR EngName LIKE '%603290%'
   OR EngNameAbbr LIKE '%603290%'
   OR SecuAbbr LIKE '%603290%'
UNION ALL
SELECT 'constantdb.hk_secumain' AS TableName, InnerCode, CompanyCode, ChiName, EngName, SecuCode
FROM constantdb.hk_secumain 
WHERE SecuCode = '%603290%'
   OR ChiName LIKE '%603290%'
   OR ChiNameAbbr LIKE '%603290%'
   OR EngName LIKE '%603290%'
   OR EngNameAbbr LIKE '%603290%'
   OR SecuAbbr LIKE '%603290%'
   OR FormerName LIKE '%603290%'
UNION ALL
SELECT 'constantdb.us_secumain' AS TableName, InnerCode, CompanyCode, ChiName, EngName, SecuCode
FROM constantdb.us_secumain 
WHERE SecuCode = '603290'
   OR ChiName LIKE '%603290%'
   OR EngName LIKE '%603290%'
   OR SecuAbbr LIKE '%603290%';
查询结果:
[{"TableName": "constantdb.secumain", "InnerCode": 196107, "CompanyCode": 171522, "ChiName": "斯达半导体股份有限公司", "EngName": "StarPower Semiconductor Ltd.", "SecuCode": "603290"}]

>>>>> 已知事实:
斯达半导的关联信息有:[所在数据表是constantdb.secumain;InnerCode(证券内部编码)是196107;CompanyCode(公司代码)是171522;ChiName(中文名称)是斯达半导体股份有限公司;EngName(英文名称)是StarPower Semiconductor Ltd.;SecuCode(证券代码)是603290;]
603290的关联信息有:[所在数据表是constantdb.secumain;InnerCode(证券内部编码)是196107;CompanyCode(公司代码)是171522;ChiName(中文名称)是斯达半导体股份有限公司;EngName(英文名称)是StarPower Semiconductor Ltd.;SecuCode(证券代码)是603290;]

>>>>> 【user】 Said:
请选择db，务必遵循输出的格式要求。

>>>>> Agent【Check_db_structure.db_selector】 Said:
【分析】
用户需要查询在2021年12月21日这一天，A股市场中创出月度新高的公司中，哪些公司的股东中包含企业资本，并列出公司名（中文名称缩写）和企业资本股东名称。已知创出新高的公司包括斯达半导（证券代码：603290）。

为了获取这些信息，我们需要：
1. 确定在2021年12月21日创出月度新高的公司。
2. 查询这些公司的股东信息，筛选出包含企业资本股东的公司。

所需信息涉及：
- 股票行情数据（用于确定创出新高的公司）
- 股东信息（用于查询企业资本股东）

【选中的数据库】
- `astockmarketquotesdb`: 这个数据库包含股票行情数据，可以用来确定在2021年12月21日创出月度新高的公司。
- `astockshareholderdb`: 这个数据库包含股东信息，可以用来查询企业资本股东。

【选中的数据库的清单】
```json
["astockmarketquotesdb", "astockshareholderdb"]
```


>>>>> 【user】 Said:
数据库表信息如下:
[{"表名": "astockmarketquotesdb.cs_stockcapflowindex", "说明": "该数据表记录了证券交易相关的详细数据，涵盖交易日期、时间区间等基本信息，以及按小单、中单、大单、超大单、主力单和全单分类的交易统计数据，包括流入流出金额、流入流出量、流入流出笔数、净流入流出额与量、买入卖出率（按金额和数量计算）、净买入率及其与流通市值或流通股本的比值等。此外，还细分了主动买入卖出相关的金额、数量、笔数及其比率等指标，全面反映了不同交易规模下的资金流向和市场行为特征。"}, {"表名": "astockmarketquotesdb.cs_turnovervoltecindex", "说明": "该数据表记录了证券交易的相关数据，包含多个类别的字段信息。基本信息包括证券内部编码、聚源代码、交易日期、证券市场等；时间维度涵盖指标周期；成交额和成交量的统计指标包括简单移动平均值（如5日、10日、20日、30日、60日、120日、250日等周期的AMA和VMA）、指数平滑异同平均（如VMACD_EMA12、VMACD_EMA26、VMACD_DIFF、VMACD_DEA、VMACD_MACD）等；成交量的波动性与强弱分析指标包括量比、成交量震荡指标(VOSC)、加权指数成交量(TAPI及其均值TAPIMA)、成交量标准差(VSTD)、量变动速率(VROC)、成交量比率(VR)、量相对强弱(VRSI)等，全面反映证券交易的量价变化及趋势特征。"}, {"表名": "astockmarketquotesdb.cs_stockpatterns", "说明": "该数据表主要用于记录证券交易的多维度表现与趋势分析，涵盖基础信息如证券内部编码、交易日、聚源代码、证券市场等；高点与低点分析，包括价格、收盘价、成交量、成交金额在近一周、一个月、一季度、半年、一年及上市以来的创高或创低情况；历史新高新低统计，记录不同时间区间内创历史新高或新低的次数；趋势与形态分析，如连涨天数、连跌天数、连续放量或缩量天数，以及对5日、10日、20日、60日均线的有效突破情况；其他指标如N天M板表现和均线多空头排列的看涨看跌信号，为证券的短期与长期走势提供综合性参考。"}, {"表名": "astockmarketquotesdb.qt_dailyquote", "说明": "该数据表记录了证券交易的核心信息，包括证券的唯一标识\"证券内部编码\"，交易日期\"交易日\"，以及价格相关数据如\"昨收盘价\"、\"今开盘价\"、\"最高价\"、\"最低价\"和\"收盘价\"（单位均为元）；还包含交易活动指标，如\"成交量\"（股）、\"成交金额\"（元）和\"成交笔数\"（笔），全面反映了每日交易的市场表现。"}, {"表名": "astockmarketquotesdb.qt_stockperformance", "说明": "该数据表涵盖了证券交易的多维度信息，包括基本标识字段如证券内部编码和交易日；价格相关信息如开盘价、收盘价、最高价、最低价、均价以及涨跌幅、振幅等；成交数据如成交量、成交金额、换手率及其日均值；时间维度统计如周、月、三个月、六个月、十二个月及今年以来的价格、成交量、成交金额、涨跌幅、振幅、换手率等汇总指标；自由流通股本相关的换手率及其日均值；市场表现指标如Beta值（相对于不同基准指数）、阿尔法值、波动率、夏普比率、市场收益率等；市值信息包括总市值和流通市值；特殊价格指标如上市以来后复权的最高价、最低价及对应时间。该表全面整合了短期和长期的交易数据、市场表现以及统计汇总，为证券分析提供了丰富的基础数据支持。"}, {"表名": "astockmarketquotesdb.lc_suspendresumption", "说明": "该数据表主要记录证券停复牌相关信息，包括证券标识字段如证券内部编码，时间相关字段如信息发布日期、停牌日期、停牌时间、复牌日期、复牌时间，信息来源字段如信息来源，停复牌详情字段如停牌原因、停牌事项说明、停牌期限、停牌期限类型及复牌事项说明等，全面描述了证券停复牌的时间、原因及相关说明。"}, {"表名": "astockshareholderdb.lc_shtypeclassifi", "说明": "该数据表主要用于记录股东及其分类信息，包含股东的唯一标识信息如股东代码和股东编码，股东名称及其所属性质等基本信息，同时提供多级分类结构，涵盖分类标准及一级至四级分类代码，便于对股东进行分层管理和分析。"}, {"表名": "astockshareholderdb.lc_mainshlistnew", "说明": "该数据表主要记录了股东及其持股情况的详细信息，包括公司代码、日期、信息发布日期和来源等基本信息。股东相关信息涵盖股东排名、序号、名称、性质、类别及其编码等。持股信息详细列出了持股总数、持股比例、持股增减情况，以及持有不同类型股票（如A股、B股、H股、普通股及其他类别）的数量和比例。此外，还包括股东性质描述、股权质押和冻结情况及其说明，股东之间的关联关系和一致行动人说明等。证券相关信息有证券代码、简称、所属券商编号及归属机构名称等。备注说明和其他字段提供了进一步的补充信息。"}, {"表名": "astockshareholderdb.lc_shnumber", "说明": "该数据表主要涵盖了公司股东信息的各类数据，包括公司代码、信息发布日期和信息来源等基本信息。股东数据详细记录了股东总户数及各类股东（如A股、B股、H股、CDR股东）的户数和户均持股数，提供了户均持股比例及其相对变化，季度和半年增长率等动态指标。此外，表中还细分了无限售条件股东的数据，包括无限售A股和CDR的户均持股数及比例变化等。通过这些数据，能够分析不同类型股东的持股分布及其变化趋势。"}, {"表名": "astockshareholderdb.lc_mshareholder", "说明": "该数据表主要用于记录公司股东相关信息及公司基本情况，包含以下几类字段信息：公司基本信息如公司代码、信息发布日期、信息来源等；股东相关信息如股东名称、股东地位、持股比例、股东性质、股东ID、国籍描述、永久境外居留权等；公司运营及财务信息如法人代表、注册资本、主要业务、经济性质、背景介绍等；其他信息如股权获取方式、实际控制人结构图、公告类别、报告原文文件格式、日期以及货币单位等，并提供是否存在的标识字段以便于数据筛选和分析。"}, {"表名": "astockshareholderdb.lc_actualcontroller", "说明": "该数据表主要用于记录公司实际控制人的相关信息，包括公司代码、信息发布日期和日期等基本信息；实际控制人的详细信息如代码、姓名、经济性质、国籍代码及描述、永久境外居留权状态，以及实际控制人所属性质等。"}, {"表名": "astockshareholderdb.lc_sharestru", "说明": "该数据表主要记录了公司股本结构及相关信息，包含以下几类字段：公司基本信息如公司代码(CompanyCode)、信息来源(InfoSource)、信息发布日期(InfoPublDate)；时间相关字段如日期(EndDate)；股本总量及变动情况如总股本(股)(TotalShares)、股本变动原因类别(ChangeType)、简称变更原因(ChangeReason)；股权分类及持股情况包括未流通股(NonListedShares)、流通股本(FloatShare)、有限售条件流通股(RestrictedShares)、无限售条件流通股(NonRestrictedShares)、A股(Ashares)、B股(Bshares)、H股(Hshares)、GDR代表基础股票(GDRshares)、外资持股(ForeignHolding)等，进一步细分为发起人股(PromoterShares)、国家股(StateShares)、法人股(DLegalPersonShares、FLegalPersonShares)、自然人股(NaturalPersonHoldLPShares)、职工股(StaffShares)、战略投资者配售持股(StategicInvestorShares)、基金配售持股(MutualFundShares)等；股本流通状态如已上市流通股(AFloatListed)、未上市增发股(AdditionIssueUnlisted)、配股未上市(RightsIssueUnlisted)等；其他股本信息如优先股(PreferredShares)、有限售H股(RestrictedHShares)、无限售H股(NonRestrictedHShares)、其他未流通股(OUnListedShares)；股本面值及货币单位如每股面值(PerValue)、每股面值货币单位(ParValueCurrencyUnit)。通过这些字段，能够全面反映公司股本的构成、流通及变动情况。"}, {"表名": "astockshareholderdb.lc_stockholdingst", "说明": "该数据表主要用于记录各类机构及股东对A股的持股情况及相关统计信息，包含以下几类字段：基础信息如证券内部编码、公司代码、统计日期等；持股数量信息，包括机构、公募基金、券商、私募基金、银行、外资等不同主体持有的无限售流通A股、总A股及其他类型A股的数量；持股比例信息，涵盖上述主体对不同类型A股的持股比例；持股户数信息，记录各类机构及股东的持股户数，包括流通A股户数、无限售流通A股户数等；前十大股东信息，如前十大股东持股数量及比例、无限售股东持股数据等；信息来源及日期字段，用于标注数据出处和时间。"}, {"表名": "astockshareholderdb.lc_sharetransfer", "说明": "该数据表主要记录股权转让的详细信息，涵盖了公司基本信息如公司代码、信息发布日期、信息来源等；股权转让的关键时间点如协议签署日、批准日期、正式变动日期等；转让方和受让方的相关信息，包括名称、经济性质、属性、编码等；股权转让前后的持股情况，如持股数量、持股比例、有限售股数、无限售股数等；交易相关信息如转让方式、涉及股数、交易价格、交易金额等；其他补充信息如生效条件、事项描述与进展、是否终止实施及公告日期等；以及序号、证券内部编码等标识信息。"}, {"表名": "astockshareholderdb.lc_sharefp", "说明": "该数据表记录了公司股权冻结质押的详细信息，包含公司代码、信息发布日期和来源等基本信息，以及涉及的股东和接受方的详细信息，如股东名称和ID、接受方名称和ID、股东和接受方的属性等。表中还包括冻结质押的具体细节，如涉及股数、占持股比例、占总股本比例、起始和结束日期、原因及事项编码和日期。此外，表格记录了无限售股数、有限售股数，以及初始信息发布日期、初始质押股数和预计解除日期等信息。"}, {"表名": "astockshareholderdb.lc_sharefpsta", "说明": "该数据表主要用于记录股权冻结质押的相关信息，包含以下字段：标识信息如冻结质押编号(FPCode)、公司代码(CompanyCode)和股东ID(SHID)；时间信息如截止日期(EndDate)；信息来源(InfoSource)；类别选择(Category)；股东信息如股权被冻结质押股东名称(FPSHName)及其属性(SHAttribute)；冻结质押相关统计数据如累计冻结质押股数(AccuFPShares)、累计占冻结质押方持股数比例(AccuPCTOfPled)、累计占总股本比例(AccuProportion)及其计算值(AccuProportionCalc)；其他辅助字段如AccuFPSharesCalc。"}, {"表名": "astockshareholderdb.lc_buyback", "说明": "该数据表记录了公司股份回购的详细信息，包括公司基本信息如公司代码，以及重要日期信息如首次信息发布日期、预案发布日期、股东大会通过日期、回购协议签署日、回购并注销股份公告书发布日、起始日期、结束日期、全称更改日期、回购资金划出日、工商变更登记日等。股份回购的具体情况涵盖股份类别、股份被回购方、回购股数及占总股本比例、回购定价方式说明、回购价格及回购总金额、回购数量及价格上下限、拟回购资金总额上下限等。支付方式、资金来源及用途说明、回购目的、事件进程及描述、回购方式代码及描述等信息也被详细记录。此外，还包括待偿期限指数、未描述的字段如回购目的、货币单位及被否决日期等。"}, {"表名": "astockshareholderdb.lc_buybackattach", "说明": "该数据表记录了有关股份回购的信息，包含回购的唯一标识（股份回购ID）及其相关的日期信息，如信息发布日期和生效日期。涉及财务数据的字段包括货币单位、最高价、最低价、本次回购资金及累计回购资金总额。此外，表中还记录了与回购数量相关的数据，如回购股数、累计回购数量及其占总股本的比例。通过这些字段，能够全面了解某次股份回购的基本信息和财务影响。"}, {"表名": "astockshareholderdb.lc_legaldistribution", "说明": "该数据表记录了证券配售的详细信息，涵盖了多方面的内容：基础信息如证券内部编码、证券代码、信息发布日期及首次发布日期等；配售相关信息包括配售总股数、配售原因、配售性质、获配股数（有锁定期和无锁定期分别记录）、获配金额、实际发行价、有效申购股数、退款金额、补款金额等；投资者信息包括投资者名称（标准化和原始）、投资者编号、投资者类型、投资者分类等，以及获配企业的名称、性质和所属券商的编号及名称；战略配售的详细记录如高管、员工、保荐机构及其他参与战略配售的股份数量、金额和占比等；此外，还包括流通日期、持股时间等时间维度信息，以及备注说明和配售对象代码等辅助字段。整体涵盖了证券配售的全流程信息，便于分析和统计。"}, {"表名": "astockshareholderdb.lc_nationalstockholdst", "说明": "该数据表主要用于记录股东持股相关信息，包含以下字段类别：基础信息如内部编码、公司代码、股东ID、股东名称；时间信息如截止日期；持股数据如持有A股总数、有限售A股数、无限售A股数；比例数据如占总股本比例、占流通A股比例；变动信息如持有A股数量增减及其增减幅度。"}, {"表名": "astockshareholderdb.cs_foreignholdingst", "说明": "该数据表记录了证券相关的交易信息，包括证券内部编码用于标识证券，交易日期表示具体的交易时间，外资持股总数（单位为万股）和外资持股比例（百分比）则反映了外资在该证券中的持股情况。"}, {"表名": "astockshareholderdb.lc_esop", "说明": "该数据表主要用于记录资产管理计划相关信息，涵盖了基础标识信息如“内部编码、公司代码”等，公告日期信息如“首次信息发布日期、董事会公告日期、股东大会公告日期”等，计划进程与实施信息如“事件进程、是否分期实施、数据统计区间、首次实施公告日”等，股票与资金规模信息如“股票来源方式、股票规模上限与下限、资金总额上限与下限”等，计划细节信息如“麦考利久期、锁定期、释放期、资金来源、参与单位及人员、管理模式、管理机构、资产管理计划全称、分期情况、杠杆比例”等，价格与参与情况信息如“购买股票价格、参与人数、高管及员工的参与人数、认购份额与比例”等，时间节点信息如“持股的完成日、锁定的起始日”等，以及其他补充说明如“计划情况说明”等，全面涵盖计划的各个维度。"}, {"表名": "astockshareholderdb.lc_esopsummary", "说明": "该数据表主要用于记录证券相关事件的信息，包括证券内部编码和公司代码等基础标识信息；首次信息发布日期、董事会公告日期、股东大会公告日期等时间信息；事件进程和序号等事件状态信息；是否分期实施及分期情况等分期相关信息；股票规模和资金总额的上下限等规模和资金范围信息；以及备注说明等补充描述信息。"}, {"表名": "astockshareholderdb.lc_transferplan", "说明": "该数据表主要记录了公司股东承诺及增减持计划的相关信息，涵盖多个方面的字段：公司基本信息如“公司代码”；信息披露相关字段如“首次信息发布日期”“信息发布日期”“信息来源”；承诺主体与事项类型信息如“承诺主体类型”“承诺事项类型”；承诺时间范围及内容描述如“承诺起始日期”“承诺截止日期”“承诺说明”；股东信息如“股东序号”“股东名称”；增持计划相关字段包括“增持时间描述”“增持实施期限”“增持价格描述”“增持股票触发价格上下限”“增持股份数量上下限”“增持比例上下限”“增持投入资金上下限”等；减持计划相关字段包括“减持时间描述”“减持实施期限”“减持价格描述”“减持股票触发价格上下限”“减持股份数量上下限”“减持比例上下限”等；承诺有效性及不减持承诺期限如“承诺是否有效”“不减持承诺期限”；交易方式及相关描述如“交易方式”“交易方式描述”；事件进程信息如“事件进程”。这些字段全面记录了公司股东承诺及增减持行为的各类细节。"}, {"表名": "astockshareholderdb.lc_smattendinfo", "说明": "该数据表记录了公司股东大会相关的综合信息，涵盖多个维度。包括公司基本信息如公司代码；股东大会的时间安排，如首次信息发布日期、最新信息发布日期、公告日期、股东大会召开日及时间、股权登记日、会议登记起止日期、网络投票起止日期等；股东大会的地点和形式信息，如召开地址、会议类别、投票表决方式、网络投票通道及代码等；股东大会的参与情况统计，包括出席总体股东及代表人数、各类股东人数（如A股、H股、中小股东、优先股股东等）、出席股东代表股份及其占比（按不同股东类别区分）；股东大会的主持及法律见证信息，包括大会主持人及其职务、见证律师事务所及其编号、经办律师等；其他相关信息如议案内容、是否有效、股东大会取消日期、年度及届次等。通过这些字段，全面反映了股东大会的组织、参与及法律合规情况。"}]

请选择table，务必遵循输出的格式要求。

>>>>> Agent【Check_db_structure.table_selector】 Said:
【分析】
要找出在2021年12月21日这一天创出月度新高的公司，并确定这些公司的股东中包含企业资本，需要以下步骤：
1. 确定哪些公司在2021年12月21日创出月度新高。
2. 查找这些公司的股东信息，筛选出包含企业资本的股东。

【选中的数据表】
- astockmarketquotesdb.cs_stockpatterns: 该表记录了证券交易的多维度表现与趋势分析，包括创高或创低情况，可以用来确定哪些公司在2021年12月21日创出月度新高。
- astockshareholderdb.lc_mainshlistnew: 该表记录了股东及其持股情况的详细信息，可以用来查找公司股东中包含企业资本的信息。

【选中的数据库表的清单】
```json
["astockmarketquotesdb.cs_stockpatterns", "astockshareholderdb.lc_mainshlistnew"]
```


>>>>> 【user】 Said:
已取得可用的数据表的字段信息如下:
[{"表名": "astockmarketquotesdb.cs_stockpatterns", "表字段": [{"column": "InnerCode", "desc": "证券内部编码；，得到股票的证券代码、简称等其他详细信息。"}, {"column": "TradingDay", "desc": "交易日"}, {"column": "GilCode", "desc": "聚源代码"}, {"column": "SecuMarket", "desc": "证券市场"}, {"column": "IfHighestHPriceRW", "desc": "是否创近一周的新高；指定日期最高价是否大于指定日期最近N天最高价，是返回1， 否返回2。 N分别为：近1周、近1月、近3月、近半年、近1年、上市以来。"}, {"column": "IfHighestHPriceRM", "desc": "是否创近一月的新高"}, {"column": "IfHighestHPriceRMThree", "desc": "是否创近一季度的新高"}, {"column": "IfHighestHPriceRMSix", "desc": "是否创近半年的新高"}, {"column": "IfHighestHPriceRY", "desc": "是否创近一年的新高"}, {"column": "IfHighestHPriceSL", "desc": "是否创上市以来的新高"}, {"column": "IfHighestCPriceRW", "desc": "是否创近一周的新高收盘价；指定日期收盘价是否大于指定日期最近N天收盘价，是返回1， 否返回2。 N分别为：近1周、近1月、近3月、近半年、近1年、上市以来。"}, {"column": "IfHighestCPriceRM", "desc": "是否创近一月的新高收盘价"}, {"column": "IfHighestCPriceRMThree", "desc": "是否创近一季度的新高收盘价"}, {"column": "IfHighestCPriceRMSix", "desc": "是否创近半年的新高收盘价"}, {"column": "IfHighestCPriceRY", "desc": "是否创近一年的新高收盘价"}, {"column": "IfHighestCPriceSL", "desc": "是否创上市以来的新高收盘价"}, {"column": "IfHighestTVolumeRW", "desc": "是否创近一周的新高成交量"}, {"column": "IfHighestTVolumeRM", "desc": "是否创近一月的新高成交量；指定日期成交量是否大于指定日期最近N天成交量，是返回1， 否返回2。 N分别为：近1周、近1月、近3月、近半年、近1年、上市以来。"}, {"column": "IfHighestTVRMThree", "desc": "是否创近一季度的新高成交量"}, {"column": "IfHighestTVolumeRMSix", "desc": "是否创近半年的新高成交量"}, {"column": "IfHighestTVolumeRY", "desc": "是否创近一年的新高成交量"}, {"column": "IfHighestTVolumeSL", "desc": "是否创上市以来的新高成交量"}, {"column": "IfHighestTValueRW", "desc": "是否创近一周的新高成交金额；指定日期成交金额是否大于指定日期最近N天成交金额，是返回1， 否返回2。N分别为：近1周、近1月、近3月、近半年、近1年、上市以来。"}, {"column": "IfHighestTValueRM", "desc": "是否创近一月的新高成交金额"}, {"column": "IfHighestTValueRMThree", "desc": "是否创近一季度的新高成交金额"}, {"column": "IfHighestTValueRMSix", "desc": "是否创近半年的新高成交金额"}, {"column": "IfHighestTValueRY", "desc": "是否创近一年的新高成交金额"}, {"column": "IfHighestTValueSL", "desc": "是否创上市以来的新高成交金额"}, {"column": "HighestHPTimesSL", "desc": "最新交易日创历史新高次数；指定日期最近N天内大于指定日期之前的历史交易日最高价的次数。 N: 最新交易日、近1周、近1月、近3月、近半年、近1年"}, {"column": "HighestHPTimesRW", "desc": "最近一周创历史新高次数"}, {"column": "HighestHPTimesRM", "desc": "最近一月创历史新高次数"}, {"column": "HighestHPTimesRMThree", "desc": "最近一季度创历史新高次数"}, {"column": "HighestHPTimesRMSix", "desc": "最近半年创历史新高次数"}, {"column": "HighestHPTimesRY", "desc": "最近一年创历史新高次数"}, {"column": "IfLowestLPriceRW", "desc": "是否创近一周的新低；指定日期最低价是否小于指定日期最近N天最低价，是返回1， 否返回2。 N分别为：近1周、近1月、近3月、近半年、近1年、上市以来。"}, {"column": "IfLowestLPriceRM", "desc": "是否创近一个月的新低"}, {"column": "IfLowestLPRMThree", "desc": "是否创近一季度的新低"}, {"column": "IfLowestLPriceRMSix", "desc": "是否创近半年的新低"}, {"column": "IfLowestLPriceRY", "desc": "是否创近一年的新低"}, {"column": "IfLowestLPriceSL", "desc": "是否创上市以来的新低"}, {"column": "IfLowestClosePriceRW", "desc": "是否创近一周的新低收盘价；指定日期收盘价是否小于指定日期最近N天收盘价，是返回1， 否返回2。 N分别为：近1周、近1月、近3月、近半年、近1年、上市以来。"}, {"column": "IfLowestClosePriceRM", "desc": "是否创近一月的新低收盘价"}, {"column": "IfLowestCPriceRMThree", "desc": "是否创近一季度的新低收盘价"}, {"column": "IfLowestCPriceRMSix", "desc": "是否创近半年的新低收盘价"}, {"column": "IfLowestClosePriceRY", "desc": "是否创近一年的新低收盘价"}, {"column": "IfLowestClosePriceSL", "desc": "是否创上市以来的新低收盘价"}, {"column": "IfLowestTVolumeRW", "desc": "是否创近一周的新低成交量；指定日期成交量是否小于指定日期最近N天成交量，是返回1， 否返回2。 N分别为：近1周、近1月、近3月、近半年、近1年、上市以来。"}, {"column": "IfLowestTVolumeRM", "desc": "是否创近一月的新低成交量"}, {"column": "IfLowestTVolumeRMThree", "desc": "是否创近一季度的新低成交量"}, {"column": "IfLowestVolumeRMSix", "desc": "是否创近半年的新低成交量"}, {"column": "IfLowestTVolumeRY", "desc": "是否创近一年的新低成交量"}, {"column": "IfLowestTVolumeSL", "desc": "是否创上市以来的新低成交量"}, {"column": "IfLowestTValueRW", "desc": "是否创近一周的新低成交金额；指定日期成交金额是否小于指定日期最近N天成交金额，是返回1， 否返回2。N分别为：近1周、近1月、近3月、近半年、近1年、上市以来。"}, {"column": "IfLowestTValueRM", "desc": "是否创近一月的新低成交金额"}, {"column": "IfLowestTValueRMThree", "desc": "是否创近一季度的新低成交金额"}, {"column": "IfLowestTValueRMSix", "desc": "是否创近半年的新低成交金额"}, {"column": "IfLowestTValueRY", "desc": "是否创近一年的新低成交金额"}, {"column": "IfLowestTValueSL", "desc": "是否创上市以来的新低成交金额"}, {"column": "LowestLowPriceTimesSL", "desc": "最新交易日创历史新低次数；指定日期最近N天内小于指定日期之前的历史交易日最低价的次数， N: 最新交易日、近1周、近1月、近3月、近半年、近1年。"}, {"column": "LowestLowPriceTimesRW", "desc": "最近一周创历史新低次数"}, {"column": "LowestLowPriceTimesRM", "desc": "最近一个月创历史新低次数"}, {"column": "LowestLPTimesRMThree", "desc": "最近一季度创历史新低次数"}, {"column": "LowestLPTimesRMSix", "desc": "最近半年创历史新低次数"}, {"column": "LowestLPTimesRY", "desc": "最近一年创历史新低次数"}, {"column": "RisingUpDays", "desc": "连涨天数；统计个股在指定交易日期往前推连续上涨的天数。"}, {"column": "FallingDownDays", "desc": "连跌天数；统计个股在指定交易日期往前推连续下跌的天数。"}, {"column": "VolumeRisingUpDays", "desc": "连续放量天数；统计个股在指定交易日期往前推成交量连续上升的天数。"}, {"column": "VolumeFallingDownDays", "desc": "连续缩量天数；统计个股在指定交易日期往前推成交量连续下降的天数。"}, {"column": "BreakingMAverageFive", "desc": "向上向下有效突破5日均线；向上有效突破： 最近N天的收盘价>n日均线，且距今N+1天的收盘价<=n日均线。 向下有效突破： 最近N天的收盘价<n日均线，且距今N+1天的收盘价>=n日均线。 1-向上有效突破, 2-向下有效突破, 0-其他。 均线计算：n日均线=n日收盘价之和/n。 向上向下有效突破字段按照N=3 计算。"}, {"column": "BreakingMAverageTen", "desc": "向上向下有效突破10日均线"}, {"column": "BreakingMAverageTwenty", "desc": "向上向下有效突破20日均线"}, {"column": "BreakingMAverageSixty", "desc": "向上向下有效突破60日均线"}, {"column": "RaisingLimitInNDays", "desc": "N天M板；N天： 指定交易日往前取到连续三个非涨停的交易日的最后一个交易日的后一个交易日且该交易日涨停作为起始日期，指定交易日作为截至日期，N天即为起始日期到截至日期区间内的天数。 M板：上述N天内的涨停数。"}, {"column": "MAverageArrangements", "desc": "均线多空头排列看涨看跌；看涨：5日均线>10日均线>20日均线>60日均线，看涨返回1。 看跌：5日均线<10日均线<20日均线<60日均线，看跌返回2。"}]}, {"表名": "astockshareholderdb.lc_mainshlistnew", "表字段": [{"column": "CompanyCode", "desc": "公司代码；，得到上市公司的交易代码、简称等。"}, {"column": "EndDate", "desc": "日期"}, {"column": "InfoPublDate", "desc": "信息发布日期"}, {"column": "InfoSource", "desc": "信息来源"}, {"column": "InfoTypeCode", "desc": "信息类别编码；，令LB = 1025 AND DM IN (1,2,4,5,6)，得到信息类别编码的具体描述：1-前十大股东，2-前十流通股东，4-十大有限售条件股东，5-发行前股东，6-前十大表决权数量股东。"}, {"column": "SHNo", "desc": "股东排名；股东排名（SHNo）：当“信息类别代码（InfoTypeCode）”=1时，“股东排名（SHNo）”表示股东排名；当“信息类别代码（InfoTypeCode）”=2时，“股东排名（SHNo）”表示流通股东排名。"}, {"column": "SHSerial", "desc": "股东序号"}, {"column": "SHList", "desc": "股东名称；股东名称（SHList）：此字段为股东名称公告原始披露值；，具体关联方式详见注4"}, {"column": "SHKind", "desc": "股东性质"}, {"column": "SHTypeCode", "desc": "股东类别编码"}, {"column": "SHType", "desc": "股东类别"}, {"column": "SecuCoBelongedCode", "desc": "所属券商编号"}, {"column": "SecuCoBelongedName", "desc": "归属机构名称"}, {"column": "SecuCode", "desc": "证券代码"}, {"column": "SecuAbbr", "desc": "证券简称"}, {"column": "HoldSum", "desc": "持股数(股)"}, {"column": "PCTOfTotalShares", "desc": "占总股本比例；占总股本比例（%）（PCTOfTotalShares）：当“信息类别代码（InfoTypeCode）”=1时，持股数(股)/总股本*100当“信息类别代码（InfoTypeCode）”=2时，无限售股数(股)/总股本*100"}, {"column": "RestrainedTShare", "desc": "其中：有限售股数(股)"}, {"column": "UnstintedTShare", "desc": "其中：无限售股数(股)"}, {"column": "HoldSumChange", "desc": "持股数量增减(股)"}, {"column": "HoldSumChangeRate", "desc": "持股数量增减幅度(%)"}, {"column": "HoldAShareSum", "desc": "持有A股数量(股)"}, {"column": "PCTOfFloatShares", "desc": "占流通A股比例(%)"}, {"column": "HoldBShareSum", "desc": "持有B股数量(股)"}, {"column": "HoldHShareSum", "desc": "持有H股数量(股)"}, {"column": "HoldOthterShareSum", "desc": "持有其他股数量(股)"}, {"column": "ShareCharacterStatement", "desc": "股本性质描述"}, {"column": "PledgeInvolvedSum", "desc": "股权质押涉及股数(股)"}, {"column": "FreezeInvolvedSum", "desc": "股权冻结涉及股数(股)"}, {"column": "PFStatement", "desc": "股权质押冻结情况说明"}, {"column": "ConnectionRelation", "desc": "股东关联关系"}, {"column": "ConnectionStatement", "desc": "与其他股东关联关系说明"}, {"column": "ActInConcertStatement", "desc": "与其他股东同属一致行动人说明"}, {"column": "Notes", "desc": "备注说明"}, {"column": "SecuInnerCode", "desc": "证券代码"}, {"column": "SHKindCode", "desc": "股东性质编码"}, {"column": "GDID", "desc": "股东ID"}, {"column": "SHAttribute", "desc": "股东属性"}, {"column": "RestrainedAShare", "desc": "其中:有限售A股数(股)"}, {"column": "UnstintedAShare", "desc": "其中:无限售A股数(股)"}, {"column": "HoldShareASum", "desc": "持有A类普通股数量(股)"}, {"column": "RestrainedShareA", "desc": "其中:有限售A类普通股数量(股)"}, {"column": "UnstintedShareA", "desc": "其中:无限售A类普通股数量(股)"}, {"column": "HoldShareBSum", "desc": "持有B类普通股数量(股)"}, {"column": "RestrainedShareB", "desc": "其中:有限售B类普通股数量(股)"}, {"column": "UnstintedShareB", "desc": "其中:无限售B类普通股数量(股)"}, {"column": "HoldShareCSum", "desc": "持有C类普通股数量(股)"}, {"column": "HoldShareDSum", "desc": "持有D类普通股数量(股)"}, {"column": "HoldOtherComShareSum", "desc": "持有其他类普通股数量(股)1"}, {"column": "HoldChangeType", "desc": "持股变动类型"}, {"column": "PrefShareWithVotRight", "desc": "有投票权的优先股数量(股)"}, {"column": "VotingRightsVol", "desc": "表决权总数(票)"}, {"column": "VotingRightsRatio", "desc": "表决权比例(%)"}, {"column": "SpecialVotingRightsVol", "desc": "特别表决权数量(票)"}, {"column": "PCTOfNRShares", "desc": "占无限售股份比例(%)"}, {"column": "RefinanceLoanShare", "desc": "No description available"}]}]

请选择column，务必遵循输出的格式要求。

>>>>> Agent【Check_db_structure.columns_selector】 Said:
【分析】
用户提问要求找出在2021年12月21日这一天，A股市场中创出月度新高的公司，并进一步筛选出这些公司中股东包含企业资本的公司名和股东名称。已知斯达半导（证券代码：603290）是其中一家创出新高的公司。

【信息所在字段】
- astockmarketquotesdb.cs_stockpatterns.TradingDay: 这个字段可能包含交易日期信息，对应用户提问中的2021年12月21日
- astockmarketquotesdb.cs_stockpatterns.IfHighestHPriceRM: 这个字段可能包含是否创近一月的新高信息，对应用户提问中的月度新高
- astockmarketquotesdb.cs_stockpatterns.InnerCode: 这个字段可能包含证券内部编码信息，用于关联公司详细信息
- constantdb.secumain.ChiName: 这个字段可能包含公司中文名称信息，对应用户提问中的公司名
- astockshareholderdb.lc_mainshlistnew.SHList: 这个字段可能包含股东名称信息，对应用户提问中的企业资本股东名称
- astockshareholderdb.lc_mainshlistnew.SHKind: 这个字段可能包含股东性质信息，用于筛选企业资本股东

【筛选条件所在字段】
- astockmarketquotesdb.cs_stockpatterns.TradingDay: 用于筛选2021年12月21日的数据
- astockmarketquotesdb.cs_stockpatterns.IfHighestHPriceRM: 用于筛选创月度新高的公司
- astockshareholderdb.lc_mainshlistnew.SHKind: 用于筛选企业资本股东

【选中的字段的清单】
```json
{
  "astockmarketquotesdb.cs_stockpatterns": ["TradingDay", "IfHighestHPriceRM", "InnerCode"],
  "constantdb.secumain": ["ChiName"],
  "astockshareholderdb.lc_mainshlistnew": ["SHList", "SHKind"]
}
```


>>>>> 【user】 Said:
之前已查询到信息如下:
查询结果表明: 在2021年12月21日这一交易日，证券内部编码为196107的证券在其前一个月（即2021年11月21日至2021年12月21日）的时间范围内，达到了该时间段内的最高月最高价(HighPriceRM)。
---
查询结果表明: 根据证券内部编码(InnerCode)为196107的查询条件，从constantdb数据库的secumain表中获取到对应的证券代码(SecuCode)为603290，公司代码(CompanyCode)为171522。
---
查询结果表明: 表`lc_stockarchives`是存储公司概况信息的表，包含多个字段，如`ID`（ID）、`CompanyCode`（公司代码）、`State`（国别）、`SecretaryBD`（董事会秘书）、`SecuAffairsRepr`（证券/股证事务代表）、`AuthReprSBD`（董秘授权代表）、`ContactTel`（联系人电话）、`ContactFax`（联系人传真）、`ContactEmail`（联系人电子邮箱）、`RegAddr`（公司注册地址）、`RegZipCode`（公司注册地址邮编）、`OfficeAddr`（公司办公地址）、`OfficeZipCode`（公司办公地址邮编）、`ContactAddr`（公司联系地址）、`ConatactZipCode`（公司联系地址邮编）、`Email`（邮箱）、`Website`（公司网址）、`DisclosureWebsites`（信息披露网址）、`DisclosurePapers`（信息披露报纸）、`EstablishmentDate`（公司成立日期）、`IRegPlace`（首次注册登记地点）、`LegalRepr`（法人代表）、`GeneralManager`（总经理）、`LegalConsultant`（法律顾问）、`AccountingFirm`（会计师事务所）、`InduCSRC`（公司所属证监会行业(聚源)）、`BusinessMajor`（经营范围-主营）、`BusinessMinor`（经营范围-兼营）、`AShareAbbr`（A股证券简称）、`AStockCode`（A股证券代码）、`BShareAbbr`（B股证券简称）、`BStockCode`（B股证券代码）、`HShareAbbr`（H股证券简称）、`HStockCode`（H股证券代码）、`BriefIntroText`（公司简介）、`XGRQ`（修改日期）、`JSID`（JSID）、`ChiName`（中文名称）、`BusinessRegNumber`（企业法人营业执照注册号）、`SecretaryBDTel`（董秘电话）、`SecretaryBDFax`（董秘传真）、`SecretaryBDEmail`（董秘电子邮件）、`SecuAffairsReprTel`（证券事务代表电话）、`SecuAffairsReprFax`（证券事务代表传真）、`SecuAffairsReprEmail`（证券事务代表电子邮件）、`CityCode`（地区代码）、`CDRShareAbbr`（CDR证券简称）、`CDRStockCode`（CDR证券代码）、`ExtendedAbbr`（扩位简称）、`UnprofitableMark`（尚未盈利标识）、`SpecialVoteMark`（特殊表决权标识）、`VIEMark`（协议控制架构标识）、`RedChipMark`（红筹企业标识）、`RegArea`（所属区县）。该表使用InnoDB引擎，默认字符集为utf8mb4，校对规则为utf8mb4_unicode_ci。
---
查询结果表明: 根据公司代码(CompanyCode)为171522的查询条件，从astockbasicinfodb.lc_stockarchives表中获取到的A股简称(AShareAbbr)为“斯达半导”。

请问:在2021年12月21日这一天，A股市场中创出月度新高的公司中，哪些公司的股东中包含企业资本？请列出公司名（中文名称缩写即可）和企业资本股东名称。已知创出新高的公司包括斯达半导（证券代码：603290）。

>>>>> Agent【Sql_query.master】 Said:
【已知信息】
1. 在2021年12月21日，斯达半导（证券代码：603290）创出月度新高。
2. 斯达半导的公司代码(CompanyCode)为171522。
3. 相关表信息：
   - `astockmarketquotesdb.cs_stockpatterns`：包含证券内部编码、交易日、是否创近一月新高等信息。
   - `astockshareholderdb.lc_mainshlistnew`：包含公司代码、股东名称、股东性质等信息。
   - `constantdb.secumain`：包含证券内部编码、公司代码、证券代码等信息。
   - `astockbasicinfodb.lc_stockarchives`：包含公司代码、A股简称等信息。

【当前阶段要获取的信息】
1. 创出月度新高的公司中，股东中包含企业资本的公司名和股东名称。

【信息所在字段】
1. 公司名（中文名称缩写）：`astockbasicinfodb.lc_stockarchives.AShareAbbr`
2. 股东名称：`astockshareholderdb.lc_mainshlistnew.SHList`
3. 股东性质：`astockshareholderdb.lc_mainshlistnew.SHKind`

【筛选条件所在字段】
1. 交易日：`astockmarketquotesdb.cs_stockpatterns.TradingDay`
2. 是否创近一月新高：`astockmarketquotesdb.cs_stockpatterns.IfHighestHPriceRM`
3. 公司代码：`astockshareholderdb.lc_mainshlistnew.CompanyCode`
4. 股东性质（企业资本）：`astockshareholderdb.lc_mainshlistnew.SHKind`

【SQL语句的思路】
1. 从`astockmarketquotesdb.cs_stockpatterns`表中筛选出2021年12月21日创出月度新高的公司。
2. 通过`constantdb.secumain`表将证券内部编码转换为公司代码。
3. 在`astockshareholderdb.lc_mainshlistnew`表中查找这些公司代码对应的股东信息，筛选出股东性质为“企业资本”的记录。
4. 通过`astockbasicinfodb.lc_stockarchives`表获取公司名（中文名称缩写）。

【执行SQL语句】
```exec_sql
SELECT 
    a.AShareAbbr AS 公司名称,
    b.SHList AS 股东名称
FROM 
    astockbasicinfodb.lc_stockarchives a
JOIN 
    (SELECT 
        s.CompanyCode, 
        sh.SHList
    FROM 
        astockmarketquotesdb.cs_stockpatterns sp
    JOIN 
        constantdb.secumain s ON sp.InnerCode = s.InnerCode
    JOIN 
        astockshareholderdb.lc_mainshlistnew sh ON s.CompanyCode = sh.CompanyCode
    WHERE 
        DATE(sp.TradingDay) = '2021-12-21' 
        AND sp.IfHighestHPriceRM = 1 
        AND sh.SHKind = '企业资本') b ON a.CompanyCode = b.CompanyCode
WHERE 
    a.CompanyCode = 171522;
```

【上述SQL语句的含义】
1. 从`astockmarketquotesdb.cs_stockpatterns`表中筛选出2021年12月21日创出月度新高的记录。
2. 通过`constantdb.secumain`表将证券内部编码转换为公司代码。
3. 在`astockshareholderdb.lc_mainshlistnew`表中查找这些公司代码对应的股东信息，筛选出股东性质为“企业资本”的记录。
4. 通过`astockbasicinfodb.lc_stockarchives`表获取公司名（中文名称缩写）。
5. 最终输出包含公司名和股东名称的结果。

>>>>> 查询sql:
SELECT 
    a.AShareAbbr AS 公司名称,
    b.SHList AS 股东名称
FROM 
    astockbasicinfodb.lc_stockarchives a
JOIN 
    (SELECT 
        s.CompanyCode, 
        sh.SHList
    FROM 
        astockmarketquotesdb.cs_stockpatterns sp
    JOIN 
        constantdb.secumain s ON sp.InnerCode = s.InnerCode
    JOIN 
        astockshareholderdb.lc_mainshlistnew sh ON s.CompanyCode = sh.CompanyCode
    WHERE 
        DATE(sp.TradingDay) = '2021-12-21' 
        AND sp.IfHighestHPriceRM = 1 
        AND sh.SHKind = '企业资本') b ON a.CompanyCode = b.CompanyCode
WHERE 
    a.CompanyCode = 171522;
查询结果:
[]


>>>>> 【user】 Said:
查询SQL:
SELECT 
    a.AShareAbbr AS 公司名称,
    b.SHList AS 股东名称
FROM 
    astockbasicinfodb.lc_stockarchives a
JOIN 
    (SELECT 
        s.CompanyCode, 
        sh.SHList
    FROM 
        astockmarketquotesdb.cs_stockpatterns sp
    JOIN 
        constantdb.secumain s ON sp.InnerCode = s.InnerCode
    JOIN 
        astockshareholderdb.lc_mainshlistnew sh ON s.CompanyCode = sh.CompanyCode
    WHERE 
        DATE(sp.TradingDay) = '2021-12-21' 
        AND sp.IfHighestHPriceRM = 1 
        AND sh.SHKind = '企业资本') b ON a.CompanyCode = b.CompanyCode
WHERE 
    a.CompanyCode = 171522;
查询结果:
[]

请检查筛选条件是否存在问题，比如时间日期字段没有用DATE()或YEAR()格式化？

>>>>> Agent【Sql_query.master】 Said:
【已知信息】
1. 在2021年12月21日，斯达半导（证券代码：603290）创出月度新高。
2. 斯达半导的公司代码(CompanyCode)为171522。
3. 相关表信息：
   - `astockmarketquotesdb.cs_stockpatterns`：包含证券内部编码、交易日、是否创近一月新高等信息。
   - `astockshareholderdb.lc_mainshlistnew`：包含公司代码、股东名称、股东性质等信息。
   - `constantdb.secumain`：包含证券内部编码、公司代码、证券代码等信息。
   - `astockbasicinfodb.lc_stockarchives`：包含公司代码、A股简称等信息。
4. 上次查询结果为空。

【当前阶段要获取的信息】
1. 创出月度新高的公司中，股东中包含企业资本的公司名和股东名称。

【信息所在字段】
1. 公司名（中文名称缩写）：`astockbasicinfodb.lc_stockarchives.AShareAbbr`
2. 股东名称：`astockshareholderdb.lc_mainshlistnew.SHList`
3. 股东性质：`astockshareholderdb.lc_mainshlistnew.SHKind`

【筛选条件所在字段】
1. 交易日：`astockmarketquotesdb.cs_stockpatterns.TradingDay`
2. 是否创近一月新高：`astockmarketquotesdb.cs_stockpatterns.IfHighestHPriceRM`
3. 公司代码：`astockshareholderdb.lc_mainshlistnew.CompanyCode`
4. 股东性质（企业资本）：`astockshareholderdb.lc_mainshlistnew.SHKind`

【SQL语句的思路】
1. 确认时间日期字段已正确使用`DATE()`格式化。
2. 确认股东性质的筛选条件是否正确。
3. 检查联表查询的逻辑是否正确。

【执行SQL语句】
```exec_sql
SELECT 
    a.AShareAbbr AS 公司名称,
    b.SHList AS 股东名称
FROM 
    astockbasicinfodb.lc_stockarchives a
JOIN 
    (SELECT 
        s.CompanyCode, 
        sh.SHList
    FROM 
        astockmarketquotesdb.cs_stockpatterns sp
    JOIN 
        constantdb.secumain s ON sp.InnerCode = s.InnerCode
    JOIN 
        astockshareholderdb.lc_mainshlistnew sh ON s.CompanyCode = sh.CompanyCode
    WHERE 
        DATE(sp.TradingDay) = '2021-12-21' 
        AND sp.IfHighestHPriceRM = 1 
        AND sh.SHKind = '企业资本') b ON a.CompanyCode = b.CompanyCode
WHERE 
    a.CompanyCode = 171522;
```

【上述SQL语句的含义】
1. 从`astockmarketquotesdb.cs_stockpatterns`表中筛选出2021年12月21日创出月度新高的记录。
2. 通过`constantdb.secumain`表将证券内部编码转换为公司代码。
3. 在`astockshareholderdb.lc_mainshlistnew`表中查找这些公司代码对应的股东信息，筛选出股东性质为“企业资本”的记录。
4. 通过`astockbasicinfodb.lc_stockarchives`表获取公司名（中文名称缩写）。
5. 最终输出包含公司名和股东名称的结果。

【检查点】
1. 时间日期字段已使用`DATE()`格式化，符合要求。
2. 股东性质的筛选条件为`sh.SHKind = '企业资本'`，需确认该字段值是否正确。
3. 联表查询逻辑正确。

由于上次查询结果为空，可能的原因包括：
- 斯达半导在2021年12月21日没有企业资本类型的股东。
- 股东性质的字段值可能不匹配，需要确认`SHKind`字段的具体值。

为了进一步确认，可以查询斯达半导在2021年12月21日的所有股东信息，检查`SHKind`字段的具体值。

【执行SQL语句】
```exec_sql
SELECT 
    sh.SHList AS 股东名称,
    sh.SHKind AS 股东性质
FROM 
    astockshareholderdb.lc_mainshlistnew sh
WHERE 
    sh.CompanyCode = 171522;
```

【上述SQL语句的含义】
查询斯达半导（公司代码171522）的所有股东信息，包括股东名称和股东性质，以便确认`SHKind`字段的具体值。

>>>>> 查询sql:
SELECT 
    sh.SHList AS 股东名称,
    sh.SHKind AS 股东性质
FROM 
    astockshareholderdb.lc_mainshlistnew sh
WHERE 
    sh.CompanyCode = 171522;
查询结果:
[{"股东名称": "浙江兴得利纺织有限公司", "股东性质": "一般企业"}, {"股东名称": "嘉兴富瑞德投资合伙企业(有限合伙)", "股东性质": "投资、咨询公司"}, {"股东名称": "嘉兴兴泽投资合伙企业(有限合伙)", "股东性质": "风险投资公司"}, {"股东名称": "宁波展兴投资有限公司", "股东性质": "投资、咨询公司"}, {"股东名称": "深圳市鑫亮五金制品有限公司", "股东性质": "投资、咨询公司"}, {"股东名称": "天津环拓科技发展中心(有限合伙)", "股东性质": "一般企业"}, {"股东名称": "上海春速投资管理中心(有限合伙)", "股东性质": "投资、咨询公司"}, {"股东名称": "戴志展", "股东性质": "自然人"}, {"股东名称": "汤艺", "股东性质": "自然人"}, {"股东名称": "香港斯达控股有限公司", "股东性质": "一般企业"}, {"股东名称": "浙江兴得利纺织有限公司", "股东性质": "一般企业"}, {"股东名称": "嘉兴富瑞德投资合伙企业(有限合伙)", "股东性质": "投资、咨询公司"}, {"股东名称": "嘉兴兴泽投资合伙企业(有限合伙)", "股东性质": "风险投资公司"}, {"股东名称": "宁波展兴投资有限公司", "股东性质": "投资、咨询公司"}, {"股东名称": "深圳市鑫亮五金制品有限公司", "股东性质": "投资、咨询公司"}, {"股东名称": "天津环拓科技发展中心(有限合伙)", "股东性质": "一般企业"}, {"股东名称": "上海春速投资管理中心(有限合伙)", "股东性质": "投资、咨询公司"}, {"股东名称": "戴志展", "股东性质": "自然人"}, {"股东名称": "汤艺", "股东性质": "自然人"}, {"股东名称": "浙江领创投资管理有限公司", "股东性质": "投资、咨询公司"}, {"股东名称": "香港斯达控股有限公司", "股东性质": "一般企业"}, {"股东名称": "香港斯达控股有限公司", "股东性质": "一般企业"}, {"股东名称": "浙江兴得利纺织有限公司", "股东性质": "一般企业"}, {"股东名称": "嘉兴富瑞德投资合伙企业(有限合伙)", "股东性质": "投资、咨询公司"}, {"股东名称": "嘉兴兴泽投资合伙企业(有限合伙)", "股东性质": "风险投资公司"}, {"股东名称": "宁波展兴投资有限公司", "股东性质": "投资、咨询公司"}, {"股东名称": "深圳市鑫亮五金制品有限公司", "股东性质": "投资、咨询公司"}, {"股东名称": "天津环拓科技发展中心(有限合伙)", "股东性质": "一般企业"}, {"股东名称": "上海春速投资管理中心(有限合伙)", "股东性质": "投资、咨询公司"}, {"股东名称": "戴志展", "股东性质": "自然人"}, {"股东名称": "TANG YI", "股东性质": "自然人"}, {"股东名称": "香港斯达控股有限公司", "股东性质": "一般企业"}, {"股东名称": "浙江兴得利纺织有限公司", "股东性质": "一般企业"}, {"股东名称": "嘉兴富瑞德投资合伙企业(有限合伙)", "股东性质": "投资、咨询公司"}, {"股东名称": "嘉兴兴泽投资合伙企业(有限合伙)", "股东性质": "风险投资公司"}, {"股东名称": "宁波展兴投资有限公司", "股东性质": "投资、咨询公司"}, {"股东名称": "深圳市鑫亮五金制品有限公司", "股东性质": "投资、咨询公司"}, {"股东名称": "天津环拓科技发展中心(有限合伙)", "股东性质": "一般企业"}, {"股东名称": "上海春速投资管理中心(有限合伙)", "股东性质": "投资、咨询公司"}, {"股东名称": "戴志展", "股东性质": "自然人"}, {"股东名称": "汤艺", "股东性质": "自然人"}, {"股东名称": "香港斯达控股有限公司", "股东性质": "一般企业"}, {"股东名称": "浙江兴得利纺织有限公司", "股东性质": "一般企业"}, {"股东名称": "嘉兴富瑞德投资合伙企业(有限合伙)", "股东性质": "投资、咨询公司"}, {"股东名称": "嘉兴兴泽投资合伙企业(有限合伙)", "股东性质": "风险投资公司"}, {"股东名称": "方士雄", "股东性质": "自然人"}, {"股东名称": "MORGAN STANLEY & CO. INTERNATIONAL PLC.", "股东性质": "一般企业"}, {"股东名称": "宁波展兴投资有限公司", "股东性质": "投资、咨询公司"}, {"股东名称": "全国社保基金四一四组合", "股东性质": "社保基金、社保机构"}, {"股东名称": "深圳市鑫亮五金制品有限公司", "股东性质": "投资、咨询公司"}, {"股东名称": "王君", "股东性质": "自然人"}, {"股东名称": "方士雄", "股东性质": "自然人"}, {"股东名称": "MORGAN STANLEY & CO. INTERNATIONAL PLC.", "股东性质": "一般企业"}, {"股东名称": "全国社保基金四一四组合", "股东性质": "社保基金、社保机构"}, {"股东名称": "王君", "股东性质": "自然人"}, {"股东名称": "中国建设银行股份有限公司-交银施罗德经济新动力混合型证券投资基金", "股东性质": "开放式投资基金"}, {"股东名称": "陈晓红", "股东性质": "自然人"}, {"股东名称": "钱密林", "股东性质": "自然人"}, {"股东名称": "罗青", "股东性质": "自然人"}, {"股东名称": "上海乘安资产管理有限公司-乘安99传承1号私募证券投资基金", "股东性质": "其他金融产品"}, {"股东名称": "招商银行股份有限公司-交银施罗德创新领航混合型证券投资基金", "股东性质": "开放式投资基金"}, {"股东名称": "中国国际金融股份有限公司客户信用交易担保证券账户", "股东性质": "其他金融产品"}, {"股东名称": "中信证券-中信银行-中信证券红利价值一年持有混合型集合资产管理计划", "股东性质": "开放式投资基金"}, {"股东名称": "戴志展", "股东性质": "自然人"}, {"股东名称": "香港斯达控股有限公司", "股东性质": "一般企业"}, {"股东名称": "中国农业银行股份有限公司-长城久嘉创新成长灵活配置混合型证券投资基金", "股东性质": "开放式投资基金"}, {"股东名称": "中国工商银行股份有限公司-融通中国风1号灵活配置混合型证券投资基金", "股东性质": "开放式投资基金"}, {"股东名称": "嘉兴兴泽投资合伙企业(有限合伙)", "股东性质": "风险投资公司"}, {"股东名称": "中国工商银行股份有限公司-易方达科翔股票型证券投资基金", "股东性质": "开放式投资基金"}, {"股东名称": "嘉兴兴泽投资合伙企业(有限合伙)", "股东性质": "风险投资公司"}, {"股东名称": "深圳市鑫亮五金制品有限公司", "股东性质": "投资、咨询公司"}, {"股东名称": "宁波展兴投资有限公司", "股东性质": "投资、咨询公司"}, {"股东名称": "深圳市鑫亮五金制品有限公司", "股东性质": "投资、咨询公司"}, {"股东名称": "浙江兴得利纺织有限公司", "股东性质": "一般企业"}, {"股东名称": "宁波展兴投资有限公司", "股东性质": "投资、咨询公司"}, {"股东名称": "MORGAN STANLEY & CO. INTERNATIONAL PLC.", "股东性质": "一般企业"}, {"股东名称": "汤艺", "股东性质": "自然人"}, {"股东名称": "中国建设银行股份有限公司-易方达信息产业混合型证券投资基金", "股东性质": "开放式投资基金"}, {"股东名称": "MORGAN STANLEY & CO. INTERNATIONAL PLC.", "股东性质": "一般企业"}, {"股东名称": "兴业银行股份有限公司-兴全精选混合型证券投资基金", "股东性质": "开放式投资基金"}, {"股东名称": "中国建设银行股份有限公司-易方达信息产业混合型证券投资基金", "股东性质": "开放式投资基金"}, {"股东名称": "香港斯达控股有限公司", "股东性质": "一般企业"}, {"股东名称": "上海春速投资管理中心(有限合伙)", "股东性质": "投资、咨询公司"}, {"股东名称": "中国工商银行股份有限公司-融通中国风1号灵活配置混合型证券投资基金", "股东性质": "开放式投资基金"}, {"股东名称": "方士雄", "股东性质": "自然人"}, {"股东名称": "中国国际金融股份有限公司客户信用交易担保证券账户", "股东性质": "其他金融产品"}, {"股东名称": "天津环拓科技发展中心(有限合伙)", "股东性质": "一般企业"}, {"股东名称": "交通银行股份有限公司-汇丰晋信低碳先锋股票型证券投资基金", "股东性质": "开放式投资基金"}, {"股东名称": "嘉兴富瑞德投资合伙企业(有限合伙)", "股东性质": "投资、咨询公司"}, {"股东名称": "嘉兴富瑞德投资合伙企业(有限合伙)", "股东性质": "投资、咨询公司"}, {"股东名称": "浙江兴得利纺织有限公司", "股东性质": "一般企业"}, {"股东名称": "香港斯达控股有限公司", "股东性质": "一般企业"}, {"股东名称": "浙江兴得利纺织有限公司", "股东性质": "一般企业"}, {"股东名称": "嘉兴富瑞德投资合伙企业(有限合伙)", "股东性质": "投资、咨询公司"}, {"股东名称": "嘉兴兴泽投资合伙企业(有限合伙)", "股东性质": "风险投资公司"}, {"股东名称": "中国工商银行股份有限公司-融通中国风1号灵活配置混合型证券投资基金", "股东性质": "开放式投资基金"}, {"股东名称": "宁波展兴投资有限公司", "股东性质": "投资、咨询公司"}, {"股东名称": "招商银行股份有限公司-银河创新成长混合型证券投资基金", "股东性质": "开放式投资基金"}, {"股东名称": "深圳市鑫亮五金制品有限公司", "股东性质": "投资、咨询公司"}, {"股东名称": "MORGAN STANLEY & CO. INTERNATIONAL PLC.", "股东性质": "一般企业"}]


>>>>> 【user】 Said:
查询SQL:
SELECT 
    sh.SHList AS 股东名称,
    sh.SHKind AS 股东性质
FROM 
    astockshareholderdb.lc_mainshlistnew sh
WHERE 
    sh.CompanyCode = 171522;
查询结果:
[{"股东名称": "浙江兴得利纺织有限公司", "股东性质": "一般企业"}, {"股东名称": "嘉兴富瑞德投资合伙企业(有限合伙)", "股东性质": "投资、咨询公司"}, {"股东名称": "嘉兴兴泽投资合伙企业(有限合伙)", "股东性质": "风险投资公司"}, {"股东名称": "宁波展兴投资有限公司", "股东性质": "投资、咨询公司"}, {"股东名称": "深圳市鑫亮五金制品有限公司", "股东性质": "投资、咨询公司"}, {"股东名称": "天津环拓科技发展中心(有限合伙)", "股东性质": "一般企业"}, {"股东名称": "上海春速投资管理中心(有限合伙)", "股东性质": "投资、咨询公司"}, {"股东名称": "戴志展", "股东性质": "自然人"}, {"股东名称": "汤艺", "股东性质": "自然人"}, {"股东名称": "香港斯达控股有限公司", "股东性质": "一般企业"}, {"股东名称": "浙江兴得利纺织有限公司", "股东性质": "一般企业"}, {"股东名称": "嘉兴富瑞德投资合伙企业(有限合伙)", "股东性质": "投资、咨询公司"}, {"股东名称": "嘉兴兴泽投资合伙企业(有限合伙)", "股东性质": "风险投资公司"}, {"股东名称": "宁波展兴投资有限公司", "股东性质": "投资、咨询公司"}, {"股东名称": "深圳市鑫亮五金制品有限公司", "股东性质": "投资、咨询公司"}, {"股东名称": "天津环拓科技发展中心(有限合伙)", "股东性质": "一般企业"}, {"股东名称": "上海春速投资管理中心(有限合伙)", "股东性质": "投资、咨询公司"}, {"股东名称": "戴志展", "股东性质": "自然人"}, {"股东名称": "汤艺", "股东性质": "自然人"}, {"股东名称": "浙江领创投资管理有限公司", "股东性质": "投资、咨询公司"}, {"股东名称": "香港斯达控股有限公司", "股东性质": "一般企业"}, {"股东名称": "香港斯达控股有限公司", "股东性质": "一般企业"}, {"股东名称": "浙江兴得利纺织有限公司", "股东性质": "一般企业"}, {"股东名称": "嘉兴富瑞德投资合伙企业(有限合伙)", "股东性质": "投资、咨询公司"}, {"股东名称": "嘉兴兴泽投资合伙企业(有限合伙)", "股东性质": "风险投资公司"}, {"股东名称": "宁波展兴投资有限公司", "股东性质": "投资、咨询公司"}, {"股东名称": "深圳市鑫亮五金制品有限公司", "股东性质": "投资、咨询公司"}, {"股东名称": "天津环拓科技发展中心(有限合伙)", "股东性质": "一般企业"}, {"股东名称": "上海春速投资管理中心(有限合伙)", "股东性质": "投资、咨询公司"}, {"股东名称": "戴志展", "股东性质": "自然人"}, {"股东名称": "TANG YI", "股东性质": "自然人"}, {"股东名称": "香港斯达控股有限公司", "股东性质": "一般企业"}, {"股东名称": "浙江兴得利纺织有限公司", "股东性质": "一般企业"}, {"股东名称": "嘉兴富瑞德投资合伙企业(有限合伙)", "股东性质": "投资、咨询公司"}, {"股东名称": "嘉兴兴泽投资合伙企业(有限合伙)", "股东性质": "风险投资公司"}, {"股东名称": "宁波展兴投资有限公司", "股东性质": "投资、咨询公司"}, {"股东名称": "深圳市鑫亮五金制品有限公司", "股东性质": "投资、咨询公司"}, {"股东名称": "天津环拓科技发展中心(有限合伙)", "股东性质": "一般企业"}, {"股东名称": "上海春速投资管理中心(有限合伙)", "股东性质": "投资、咨询公司"}, {"股东名称": "戴志展", "股东性质": "自然人"}, {"股东名称": "汤艺", "股东性质": "自然人"}, {"股东名称": "香港斯达控股有限公司", "股东性质": "一般企业"}, {"股东名称": "浙江兴得利纺织有限公司", "股东性质": "一般企业"}, {"股东名称": "嘉兴富瑞德投资合伙企业(有限合伙)", "股东性质": "投资、咨询公司"}, {"股东名称": "嘉兴兴泽投资合伙企业(有限合伙)", "股东性质": "风险投资公司"}, {"股东名称": "方士雄", "股东性质": "自然人"}, {"股东名称": "MORGAN STANLEY & CO. INTERNATIONAL PLC.", "股东性质": "一般企业"}, {"股东名称": "宁波展兴投资有限公司", "股东性质": "投资、咨询公司"}, {"股东名称": "全国社保基金四一四组合", "股东性质": "社保基金、社保机构"}, {"股东名称": "深圳市鑫亮五金制品有限公司", "股东性质": "投资、咨询公司"}, {"股东名称": "王君", "股东性质": "自然人"}, {"股东名称": "方士雄", "股东性质": "自然人"}, {"股东名称": "MORGAN STANLEY & CO. INTERNATIONAL PLC.", "股东性质": "一般企业"}, {"股东名称": "全国社保基金四一四组合", "股东性质": "社保基金、社保机构"}, {"股东名称": "王君", "股东性质": "自然人"}, {"股东名称": "中国建设银行股份有限公司-交银施罗德经济新动力混合型证券投资基金", "股东性质": "开放式投资基金"}, {"股东名称": "陈晓红", "股东性质": "自然人"}, {"股东名称": "钱密林", "股东性质": "自然人"}, {"股东名称": "罗青", "股东性质": "自然人"}, {"股东名称": "上海乘安资产管理有限公司-乘安99传承1号私募证券投资基金", "股东性质": "其他金融产品"}, {"股东名称": "招商银行股份有限公司-交银施罗德创新领航混合型证券投资基金", "股东性质": "开放式投资基金"}, {"股东名称": "中国国际金融股份有限公司客户信用交易担保证券账户", "股东性质": "其他金融产品"}, {"股东名称": "中信证券-中信银行-中信证券红利价值一年持有混合型集合资产管理计划", "股东性质": "开放式投资基金"}, {"股东名称": "戴志展", "股东性质": "自然人"}, {"股东名称": "香港斯达控股有限公司", "股东性质": "一般企业"}, {"股东名称": "中国农业银行股份有限公司-长城久嘉创新成长灵活配置混合型证券投资基金", "股东性质": "开放式投资基金"}, {"股东名称": "中国工商银行股份有限公司-融通中国风1号灵活配置混合型证券投资基金", "股东性质": "开放式投资基金"}, {"股东名称": "嘉兴兴泽投资合伙企业(有限合伙)", "股东性质": "风险投资公司"}, {"股东名称": "中国工商银行股份有限公司-易方达科翔股票型证券投资基金", "股东性质": "开放式投资基金"}, {"股东名称": "嘉兴兴泽投资合伙企业(有限合伙)", "股东性质": "风险投资公司"}, {"股东名称": "深圳市鑫亮五金制品有限公司", "股东性质": "投资、咨询公司"}, {"股东名称": "宁波展兴投资有限公司", "股东性质": "投资、咨询公司"}, {"股东名称": "深圳市鑫亮五金制品有限公司", "股东性质": "投资、咨询公司"}, {"股东名称": "浙江兴得利纺织有限公司", "股东性质": "一般企业"}, {"股东名称": "宁波展兴投资有限公司", "股东性质": "投资、咨询公司"}, {"股东名称": "MORGAN STANLEY & CO. INTERNATIONAL PLC.", "股东性质": "一般企业"}, {"股东名称": "汤艺", "股东性质": "自然人"}, {"股东名称": "中国建设银行股份有限公司-易方达信息产业混合型证券投资基金", "股东性质": "开放式投资基金"}, {"股东名称": "MORGAN STANLEY & CO. INTERNATIONAL PLC.", "股东性质": "一般企业"}, {"股东名称": "兴业银行股份有限公司-兴全精选混合型证券投资基金", "股东性质": "开放式投资基金"}, {"股东名称": "中国建设银行股份有限公司-易方达信息产业混合型证券投资基金", "股东性质": "开放式投资基金"}, {"股东名称": "香港斯达控股有限公司", "股东性质": "一般企业"}, {"股东名称": "上海春速投资管理中心(有限合伙)", "股东性质": "投资、咨询公司"}, {"股东名称": "中国工商银行股份有限公司-融通中国风1号灵活配置混合型证券投资基金", "股东性质": "开放式投资基金"}, {"股东名称": "方士雄", "股东性质": "自然人"}, {"股东名称": "中国国际金融股份有限公司客户信用交易担保证券账户", "股东性质": "其他金融产品"}, {"股东名称": "天津环拓科技发展中心(有限合伙)", "股东性质": "一般企业"}, {"股东名称": "交通银行股份有限公司-汇丰晋信低碳先锋股票型证券投资基金", "股东性质": "开放式投资基金"}, {"股东名称": "嘉兴富瑞德投资合伙企业(有限合伙)", "股东性质": "投资、咨询公司"}, {"股东名称": "嘉兴富瑞德投资合伙企业(有限合伙)", "股东性质": "投资、咨询公司"}, {"股东名称": "浙江兴得利纺织有限公司", "股东性质": "一般企业"}, {"股东名称": "香港斯达控股有限公司", "股东性质": "一般企业"}, {"股东名称": "浙江兴得利纺织有限公司", "股东性质": "一般企业"}, {"股东名称": "嘉兴富瑞德投资合伙企业(有限合伙)", "股东性质": "投资、咨询公司"}, {"股东名称": "嘉兴兴泽投资合伙企业(有限合伙)", "股东性质": "风险投资公司"}, {"股东名称": "中国工商银行股份有限公司-融通中国风1号灵活配置混合型证券投资基金", "股东性质": "开放式投资基金"}, {"股东名称": "宁波展兴投资有限公司", "股东性质": "投资、咨询公司"}, {"股东名称": "招商银行股份有限公司-银河创新成长混合型证券投资基金", "股东性质": "开放式投资基金"}, {"股东名称": "深圳市鑫亮五金制品有限公司", "股东性质": "投资、咨询公司"}, {"股东名称": "MORGAN STANLEY & CO. INTERNATIONAL PLC.", "股东性质": "一般企业"}]

请理解查询结果

>>>>> Agent【Sql_query.understand_query_result】 Said:
查询结果表明: 公司代码为171522的上市公司拥有众多股东，包括浙江兴得利纺织有限公司、嘉兴富瑞德投资合伙企业(有限合伙)、嘉兴兴泽投资合伙企业(有限合伙)、宁波展兴投资有限公司、深圳市鑫亮五金制品有限公司、天津环拓科技发展中心(有限合伙)、上海春速投资管理中心(有限合伙)、戴志展、汤艺、香港斯达控股有限公司等。股东性质涵盖了一般企业、投资、咨询公司、风险投资公司、自然人、社保基金、社保机构、开放式投资基金、其他金融产品等多种类型。其中，部分股东如浙江兴得利纺织有限公司、嘉兴富瑞德投资合伙企业(有限合伙)等多次出现，表明他们可能持有不同类别的股份或在不同报告期内均有持股。


>>>>> 【user】 Said:
查询SQL:
SELECT 
    sh.SHList AS 股东名称,
    sh.SHKind AS 股东性质
FROM 
    astockshareholderdb.lc_mainshlistnew sh
WHERE 
    sh.CompanyCode = 171522;
查询结果:
[{"股东名称": "浙江兴得利纺织有限公司", "股东性质": "一般企业"}, {"股东名称": "嘉兴富瑞德投资合伙企业(有限合伙)", "股东性质": "投资、咨询公司"}, {"股东名称": "嘉兴兴泽投资合伙企业(有限合伙)", "股东性质": "风险投资公司"}, {"股东名称": "宁波展兴投资有限公司", "股东性质": "投资、咨询公司"}, {"股东名称": "深圳市鑫亮五金制品有限公司", "股东性质": "投资、咨询公司"}, {"股东名称": "天津环拓科技发展中心(有限合伙)", "股东性质": "一般企业"}, {"股东名称": "上海春速投资管理中心(有限合伙)", "股东性质": "投资、咨询公司"}, {"股东名称": "戴志展", "股东性质": "自然人"}, {"股东名称": "汤艺", "股东性质": "自然人"}, {"股东名称": "香港斯达控股有限公司", "股东性质": "一般企业"}, {"股东名称": "浙江兴得利纺织有限公司", "股东性质": "一般企业"}, {"股东名称": "嘉兴富瑞德投资合伙企业(有限合伙)", "股东性质": "投资、咨询公司"}, {"股东名称": "嘉兴兴泽投资合伙企业(有限合伙)", "股东性质": "风险投资公司"}, {"股东名称": "宁波展兴投资有限公司", "股东性质": "投资、咨询公司"}, {"股东名称": "深圳市鑫亮五金制品有限公司", "股东性质": "投资、咨询公司"}, {"股东名称": "天津环拓科技发展中心(有限合伙)", "股东性质": "一般企业"}, {"股东名称": "上海春速投资管理中心(有限合伙)", "股东性质": "投资、咨询公司"}, {"股东名称": "戴志展", "股东性质": "自然人"}, {"股东名称": "汤艺", "股东性质": "自然人"}, {"股东名称": "浙江领创投资管理有限公司", "股东性质": "投资、咨询公司"}, {"股东名称": "香港斯达控股有限公司", "股东性质": "一般企业"}, {"股东名称": "香港斯达控股有限公司", "股东性质": "一般企业"}, {"股东名称": "浙江兴得利纺织有限公司", "股东性质": "一般企业"}, {"股东名称": "嘉兴富瑞德投资合伙企业(有限合伙)", "股东性质": "投资、咨询公司"}, {"股东名称": "嘉兴兴泽投资合伙企业(有限合伙)", "股东性质": "风险投资公司"}, {"股东名称": "宁波展兴投资有限公司", "股东性质": "投资、咨询公司"}, {"股东名称": "深圳市鑫亮五金制品有限公司", "股东性质": "投资、咨询公司"}, {"股东名称": "天津环拓科技发展中心(有限合伙)", "股东性质": "一般企业"}, {"股东名称": "上海春速投资管理中心(有限合伙)", "股东性质": "投资、咨询公司"}, {"股东名称": "戴志展", "股东性质": "自然人"}, {"股东名称": "TANG YI", "股东性质": "自然人"}, {"股东名称": "香港斯达控股有限公司", "股东性质": "一般企业"}, {"股东名称": "浙江兴得利纺织有限公司", "股东性质": "一般企业"}, {"股东名称": "嘉兴富瑞德投资合伙企业(有限合伙)", "股东性质": "投资、咨询公司"}, {"股东名称": "嘉兴兴泽投资合伙企业(有限合伙)", "股东性质": "风险投资公司"}, {"股东名称": "宁波展兴投资有限公司", "股东性质": "投资、咨询公司"}, {"股东名称": "深圳市鑫亮五金制品有限公司", "股东性质": "投资、咨询公司"}, {"股东名称": "天津环拓科技发展中心(有限合伙)", "股东性质": "一般企业"}, {"股东名称": "上海春速投资管理中心(有限合伙)", "股东性质": "投资、咨询公司"}, {"股东名称": "戴志展", "股东性质": "自然人"}, {"股东名称": "汤艺", "股东性质": "自然人"}, {"股东名称": "香港斯达控股有限公司", "股东性质": "一般企业"}, {"股东名称": "浙江兴得利纺织有限公司", "股东性质": "一般企业"}, {"股东名称": "嘉兴富瑞德投资合伙企业(有限合伙)", "股东性质": "投资、咨询公司"}, {"股东名称": "嘉兴兴泽投资合伙企业(有限合伙)", "股东性质": "风险投资公司"}, {"股东名称": "方士雄", "股东性质": "自然人"}, {"股东名称": "MORGAN STANLEY & CO. INTERNATIONAL PLC.", "股东性质": "一般企业"}, {"股东名称": "宁波展兴投资有限公司", "股东性质": "投资、咨询公司"}, {"股东名称": "全国社保基金四一四组合", "股东性质": "社保基金、社保机构"}, {"股东名称": "深圳市鑫亮五金制品有限公司", "股东性质": "投资、咨询公司"}, {"股东名称": "王君", "股东性质": "自然人"}, {"股东名称": "方士雄", "股东性质": "自然人"}, {"股东名称": "MORGAN STANLEY & CO. INTERNATIONAL PLC.", "股东性质": "一般企业"}, {"股东名称": "全国社保基金四一四组合", "股东性质": "社保基金、社保机构"}, {"股东名称": "王君", "股东性质": "自然人"}, {"股东名称": "中国建设银行股份有限公司-交银施罗德经济新动力混合型证券投资基金", "股东性质": "开放式投资基金"}, {"股东名称": "陈晓红", "股东性质": "自然人"}, {"股东名称": "钱密林", "股东性质": "自然人"}, {"股东名称": "罗青", "股东性质": "自然人"}, {"股东名称": "上海乘安资产管理有限公司-乘安99传承1号私募证券投资基金", "股东性质": "其他金融产品"}, {"股东名称": "招商银行股份有限公司-交银施罗德创新领航混合型证券投资基金", "股东性质": "开放式投资基金"}, {"股东名称": "中国国际金融股份有限公司客户信用交易担保证券账户", "股东性质": "其他金融产品"}, {"股东名称": "中信证券-中信银行-中信证券红利价值一年持有混合型集合资产管理计划", "股东性质": "开放式投资基金"}, {"股东名称": "戴志展", "股东性质": "自然人"}, {"股东名称": "香港斯达控股有限公司", "股东性质": "一般企业"}, {"股东名称": "中国农业银行股份有限公司-长城久嘉创新成长灵活配置混合型证券投资基金", "股东性质": "开放式投资基金"}, {"股东名称": "中国工商银行股份有限公司-融通中国风1号灵活配置混合型证券投资基金", "股东性质": "开放式投资基金"}, {"股东名称": "嘉兴兴泽投资合伙企业(有限合伙)", "股东性质": "风险投资公司"}, {"股东名称": "中国工商银行股份有限公司-易方达科翔股票型证券投资基金", "股东性质": "开放式投资基金"}, {"股东名称": "嘉兴兴泽投资合伙企业(有限合伙)", "股东性质": "风险投资公司"}, {"股东名称": "深圳市鑫亮五金制品有限公司", "股东性质": "投资、咨询公司"}, {"股东名称": "宁波展兴投资有限公司", "股东性质": "投资、咨询公司"}, {"股东名称": "深圳市鑫亮五金制品有限公司", "股东性质": "投资、咨询公司"}, {"股东名称": "浙江兴得利纺织有限公司", "股东性质": "一般企业"}, {"股东名称": "宁波展兴投资有限公司", "股东性质": "投资、咨询公司"}, {"股东名称": "MORGAN STANLEY & CO. INTERNATIONAL PLC.", "股东性质": "一般企业"}, {"股东名称": "汤艺", "股东性质": "自然人"}, {"股东名称": "中国建设银行股份有限公司-易方达信息产业混合型证券投资基金", "股东性质": "开放式投资基金"}, {"股东名称": "MORGAN STANLEY & CO. INTERNATIONAL PLC.", "股东性质": "一般企业"}, {"股东名称": "兴业银行股份有限公司-兴全精选混合型证券投资基金", "股东性质": "开放式投资基金"}, {"股东名称": "中国建设银行股份有限公司-易方达信息产业混合型证券投资基金", "股东性质": "开放式投资基金"}, {"股东名称": "香港斯达控股有限公司", "股东性质": "一般企业"}, {"股东名称": "上海春速投资管理中心(有限合伙)", "股东性质": "投资、咨询公司"}, {"股东名称": "中国工商银行股份有限公司-融通中国风1号灵活配置混合型证券投资基金", "股东性质": "开放式投资基金"}, {"股东名称": "方士雄", "股东性质": "自然人"}, {"股东名称": "中国国际金融股份有限公司客户信用交易担保证券账户", "股东性质": "其他金融产品"}, {"股东名称": "天津环拓科技发展中心(有限合伙)", "股东性质": "一般企业"}, {"股东名称": "交通银行股份有限公司-汇丰晋信低碳先锋股票型证券投资基金", "股东性质": "开放式投资基金"}, {"股东名称": "嘉兴富瑞德投资合伙企业(有限合伙)", "股东性质": "投资、咨询公司"}, {"股东名称": "嘉兴富瑞德投资合伙企业(有限合伙)", "股东性质": "投资、咨询公司"}, {"股东名称": "浙江兴得利纺织有限公司", "股东性质": "一般企业"}, {"股东名称": "香港斯达控股有限公司", "股东性质": "一般企业"}, {"股东名称": "浙江兴得利纺织有限公司", "股东性质": "一般企业"}, {"股东名称": "嘉兴富瑞德投资合伙企业(有限合伙)", "股东性质": "投资、咨询公司"}, {"股东名称": "嘉兴兴泽投资合伙企业(有限合伙)", "股东性质": "风险投资公司"}, {"股东名称": "中国工商银行股份有限公司-融通中国风1号灵活配置混合型证券投资基金", "股东性质": "开放式投资基金"}, {"股东名称": "宁波展兴投资有限公司", "股东性质": "投资、咨询公司"}, {"股东名称": "招商银行股份有限公司-银河创新成长混合型证券投资基金", "股东性质": "开放式投资基金"}, {"股东名称": "深圳市鑫亮五金制品有限公司", "股东性质": "投资、咨询公司"}, {"股东名称": "MORGAN STANLEY & CO. INTERNATIONAL PLC.", "股东性质": "一般企业"}]

查询结果表明: 公司代码为171522的上市公司拥有众多股东，包括浙江兴得利纺织有限公司、嘉兴富瑞德投资合伙企业(有限合伙)、嘉兴兴泽投资合伙企业(有限合伙)、宁波展兴投资有限公司、深圳市鑫亮五金制品有限公司、天津环拓科技发展中心(有限合伙)、上海春速投资管理中心(有限合伙)、戴志展、汤艺、香港斯达控股有限公司等。股东性质涵盖了一般企业、投资、咨询公司、风险投资公司、自然人、社保基金、社保机构、开放式投资基金、其他金融产品等多种类型。其中，部分股东如浙江兴得利纺织有限公司、嘉兴富瑞德投资合伙企业(有限合伙)等多次出现，表明他们可能持有不同类别的股份或在不同报告期内均有持股。

当前掌握的信息是否能够回答"在2021年12月21日这一天，A股市场中创出月度新高的公司中，哪些公司的股东中包含企业资本？请列出公司名（中文名称缩写即可）和企业资本股东名称。已知创出新高的公司包括斯达半导（证券代码：603290）。"？还是要继续执行下一阶段SQL查询？

>>>>> Agent【Sql_query.master】 Said:
根据查询结果，斯达半导（证券代码：603290）的股东中包含企业资本的公司名称和股东名称如下：

- 公司名称：斯达半导
- 企业资本股东名称：浙江兴得利纺织有限公司、嘉兴富瑞德投资合伙企业(有限合伙)、嘉兴兴泽投资合伙企业(有限合伙)、宁波展兴投资有限公司、深圳市鑫亮五金制品有限公司、天津环拓科技发展中心(有限合伙)、上海春速投资管理中心(有限合伙)、香港斯达控股有限公司等。

这些信息已经能够回答问题：“在2021年12月21日这一天，A股市场中创出月度新高的公司中，哪些公司的股东中包含企业资本？请列出公司名（中文名称缩写即可）和企业资本股东名称。已知创出新高的公司包括斯达半导（证券代码：603290）。”

因此，无需继续执行下一阶段SQL查询。


>>>>> 【user】 Said:
充分尊重前面给出的结论，回答问题:"在2021年12月21日这一天，A股市场中创出月度新高的公司中，哪些公司的股东中包含企业资本？请列出公司名（中文名称缩写即可）和企业资本股东名称。已知创出新高的公司包括斯达半导（证券代码：603290）。"

>>>>> Agent【Sql_query.summary】 Said:
公司名: 斯达半导
企业资本股东名称: 浙江兴得利纺织有限公司、嘉兴富瑞德投资合伙企业(有限合伙)、嘉兴兴泽投资合伙企业(有限合伙)、宁波展兴投资有限公司、深圳市鑫亮五金制品有限公司、天津环拓科技发展中心(有限合伙)、上海春速投资管理中心(有限合伙)、香港斯达控股有限公司
