
>>>>> Original Question: 其中A股流通市值是多少（元）？


>>>>> 【user】 Said:
下面是顺序的历史问答:
'''
Question: 2021-12-27光学光电子行业的总市值是多少(元)？
Answer: 116196527032.90元
'''
现在用户继续提问，请根据已知信息，理解当前这个问题的完整含义，并重写这个问题使得单独拿出来看仍然能够正确理解：其中A股流通市值是多少（元）？

>>>>> Agent【rewrite_question】 Said:
2021年12月27日，光学光电子行业的A股流通市值是多少（元）？


>>>>> 【user】 Said:
提取下面这段文字里的实体，如公司名、股票代码等，如果识别结果是空，那么就回复No Entities."2021年12月27日，光学光电子行业的A股流通市值是多少（元）？"

>>>>> Agent【extract_company】 Said:
No Entities

>>>>> 已知事实:


>>>>> 【user】 Said:
请选择db，务必遵循输出的格式要求。

>>>>> Agent【Check_db_structure.db_selector】 Said:
【分析】
用户询问的是2021年12月27日光学光电子行业的A股流通市值。要获取这一信息，需要两个关键数据：
1. 光学光电子行业的公司列表。
2. 这些公司在2021年12月27日的流通市值数据。

首先，从“astockindustrydb”数据库中可以获取光学光电子行业的公司列表及其行业分类信息。然后，从“astockmarketquotesdb”数据库中可以获取这些公司在特定日期的流通市值数据。

【选中的数据库】
- astockindustrydb: 这个数据库包含公司所属行业的多层级划分信息，可以找到光学光电子行业的公司列表。
- astockmarketquotesdb: 这个数据库包含每日行情数据，可以获取公司在特定日期的流通市值。

【选中的数据库的清单】
```json
["astockindustrydb", "astockmarketquotesdb"]
```


>>>>> 【user】 Said:
数据库表信息如下:
[{"表名": "astockindustrydb.lc_exgindustry", "说明": "该数据表包含与公司及行业相关的信息，主要字段包括公司标识信息如公司代码，信息动态如发布日期和来源，行业分类信息如行业划分标准、所属行业及是否执行，并提供多层级行业分类数据，包括一级至四级行业的代码和名称，以及取消日期等补充信息。"}, {"表名": "astockindustrydb.lc_exgindchange", "说明": "该数据表主要用于记录公司相关的行业信息和执行状态，字段包括公司基础信息如公司代码，公司动态信息如信息发布日期和信息来源，行业分类信息如行业划分标准、所属行业，以及多级行业信息包括一级到四级的行业代码和名称。此外，还包含执行状态相关字段如是否执行和取消日期。"}, {"表名": "astockindustrydb.lc_industryvaluation", "说明": "该数据表主要用于记录行业相关的统计信息和财务指标，包含以下字段：基础信息如行业内部编码、行业名称、行业代码、行业分类标准等；时间信息如交易日；统计维度如统计类型和统计板块；行业市值信息如总市值、A股流通市值、A股自由流通市值等；估值指标如滚动市盈率、静态市盈率、市净率、滚动股息率、滚动市现率、静态市现率、滚动市销率、静态市销率等；其他信息如上市证券数量和分类等，全面反映行业的市场表现和财务状况。"}, {"表名": "astockindustrydb.lc_indfinindicators", "说明": "该数据表主要用于描述行业相关的统计和财务信息，字段涵盖多个方面：基础信息如行业内部编码、名称、级别、代码及划分标准等；时间信息包括信息发布日期和截止日期；统计指标如统计类型和板块；财务数据包括行业营业收入、营业成本、营业利润、净利润及归属母公司净利润等，均提供TTM（滚动12个月）和累计值；资产与股本信息如总资产、净资产、总股本等；盈利能力指标包括每股收益、净资产收益率（平均、摊薄、TTM及扣除值）、总资产净利率、销售毛利率、销售净利率等；费用相关指标如财务费用率、销售费用率、期间费用率及营业总成本占比；运营效率指标包括存货周转率及天数、应收账款周转率及天数、总资产周转率等；现金流与偿债能力指标如经营现金流利息保障倍数、流动比率、速动比率、利息保障倍数等；增长性指标如归属母公司净利润同比增长、毛利润同比增长等；其他指标如资产负债率、有形资产净值占比、对外投资占比、预收账款占营业收入比、应收账款占营业收入比等，全面反映行业的财务状况、盈利能力、运营效率及偿债能力。"}, {"表名": "astockindustrydb.lc_coconcept", "说明": "该数据表主要用于记录证券相关概念及状态信息，包括证券内部编码和概念代码等基础标识信息，调入日期与调出日期等时间维度信息，所属状态及备注等描述性信息，以及信息发布日期等数据更新信息。"}, {"表名": "astockindustrydb.lc_conceptlist", "说明": "该数据表包含与概念分类相关的信息，包括一级和二级概念的代码和名称，以及概念板块的编码和名称。此外，还包括概念的时间信息如起始日期、结束日期和信息发布日期，状态信息如所属状态，以及补充信息如备注和概念英文名称。"}, {"表名": "astockmarketquotesdb.cs_stockcapflowindex", "说明": "该数据表记录了证券交易相关的详细数据，涵盖交易日期、时间区间等基本信息，以及按小单、中单、大单、超大单、主力单和全单分类的交易统计数据，包括流入流出金额、流入流出量、流入流出笔数、净流入流出额与量、买入卖出率（按金额和数量计算）、净买入率及其与流通市值或流通股本的比值等。此外，还细分了主动买入卖出相关的金额、数量、笔数及其比率等指标，全面反映了不同交易规模下的资金流向和市场行为特征。"}, {"表名": "astockmarketquotesdb.cs_turnovervoltecindex", "说明": "该数据表记录了证券交易的相关数据，包含多个类别的字段信息。基本信息包括证券内部编码、聚源代码、交易日期、证券市场等；时间维度涵盖指标周期；成交额和成交量的统计指标包括简单移动平均值（如5日、10日、20日、30日、60日、120日、250日等周期的AMA和VMA）、指数平滑异同平均（如VMACD_EMA12、VMACD_EMA26、VMACD_DIFF、VMACD_DEA、VMACD_MACD）等；成交量的波动性与强弱分析指标包括量比、成交量震荡指标(VOSC)、加权指数成交量(TAPI及其均值TAPIMA)、成交量标准差(VSTD)、量变动速率(VROC)、成交量比率(VR)、量相对强弱(VRSI)等，全面反映证券交易的量价变化及趋势特征。"}, {"表名": "astockmarketquotesdb.cs_stockpatterns", "说明": "该数据表主要用于记录证券交易的多维度表现与趋势分析，涵盖基础信息如证券内部编码、交易日、聚源代码、证券市场等；高点与低点分析，包括价格、收盘价、成交量、成交金额在近一周、一个月、一季度、半年、一年及上市以来的创高或创低情况；历史新高新低统计，记录不同时间区间内创历史新高或新低的次数；趋势与形态分析，如连涨天数、连跌天数、连续放量或缩量天数，以及对5日、10日、20日、60日均线的有效突破情况；其他指标如N天M板表现和均线多空头排列的看涨看跌信号，为证券的短期与长期走势提供综合性参考。"}, {"表名": "astockmarketquotesdb.qt_dailyquote", "说明": "该数据表记录了证券交易的核心信息，包括证券的唯一标识\"证券内部编码\"，交易日期\"交易日\"，以及价格相关数据如\"昨收盘价\"、\"今开盘价\"、\"最高价\"、\"最低价\"和\"收盘价\"（单位均为元）；还包含交易活动指标，如\"成交量\"（股）、\"成交金额\"（元）和\"成交笔数\"（笔），全面反映了每日交易的市场表现。"}, {"表名": "astockmarketquotesdb.qt_stockperformance", "说明": "该数据表涵盖了证券交易的多维度信息，包括基本标识字段如证券内部编码和交易日；价格相关信息如开盘价、收盘价、最高价、最低价、均价以及涨跌幅、振幅等；成交数据如成交量、成交金额、换手率及其日均值；时间维度统计如周、月、三个月、六个月、十二个月及今年以来的价格、成交量、成交金额、涨跌幅、振幅、换手率等汇总指标；自由流通股本相关的换手率及其日均值；市场表现指标如Beta值（相对于不同基准指数）、阿尔法值、波动率、夏普比率、市场收益率等；市值信息包括总市值和流通市值；特殊价格指标如上市以来后复权的最高价、最低价及对应时间。该表全面整合了短期和长期的交易数据、市场表现以及统计汇总，为证券分析提供了丰富的基础数据支持。"}, {"表名": "astockmarketquotesdb.lc_suspendresumption", "说明": "该数据表主要记录证券停复牌相关信息，包括证券标识字段如证券内部编码，时间相关字段如信息发布日期、停牌日期、停牌时间、复牌日期、复牌时间，信息来源字段如信息来源，停复牌详情字段如停牌原因、停牌事项说明、停牌期限、停牌期限类型及复牌事项说明等，全面描述了证券停复牌的时间、原因及相关说明。"}]

请选择table，务必遵循输出的格式要求。

>>>>> Agent【Check_db_structure.table_selector】 Said:
【分析】
要计算2021年12月27日光学光电子行业的A股流通市值，需要找到包含行业分类信息和市值数据的表。首先，需要确定哪些公司属于光学光电子行业，然后找到这些公司在2021年12月27日的A股流通市值。

【选中的数据表】
- `astockindustrydb.lc_exgindustry`: 这个数据表包含公司及行业相关的信息，可以用来确定哪些公司属于光学光电子行业。
- `astockindustrydb.lc_industryvaluation`: 这个数据表包含行业相关的统计信息和财务指标，包括A股流通市值，可以用来计算特定日期的行业流通市值。

【选中的数据库表的清单】
```json
["astockindustrydb.lc_exgindustry", "astockindustrydb.lc_industryvaluation"]
```


>>>>> 【user】 Said:
已取得可用的数据表的字段信息如下:
[{"表名": "astockindustrydb.lc_exgindustry", "表字段": [{"column": "CompanyCode", "desc": "公司代码；，得到上市公司的交易代码、简称等。"}, {"column": "InfoPublDate", "desc": "信息发布日期"}, {"column": "InfoSource", "desc": "信息来源"}, {"column": "Standard", "desc": "行业划分标准；，令“LB=1081”，得到行业划分的具体标准：1-CSRC行业分类2001版(不更新)，3-中信行业分类2010版(不更新)，5-上交所行业分类(不更新)，6-聚源行业分类(旧)(不更新)，7-SSE-GICS行业分类(不更新)，8-聚源行业分类(不更新)，9-申万行业分类2011版(不更新)，11-中银(BOCI)行业分类(不更新)，12-中证指数行业分类2007版(不更新)，13-中信标普GICS行业分类(不更新)，18-证监会行业分类(中证)(不更新)，19-银华自定义行业分类(不更新)，20-国证行业分类，21-新聚源行业分类(不更新)，22-证监会行业分类2012版，23-证监会行业分类2012版(中证披露)，24-申万行业分类2014版(不更新)，28-中证指数行业分类2016版(不更新)，30-聚源行业分类2016版，32-国民经济行业分类(2017)，37-中信行业2019分类，38-申万行业分类(新)，40-中证指数行业分类(2021版)，42-AMAC行业分类，44-中国上市公司协会行业分类。"}, {"column": "Industry", "desc": "所属行业；；，“LB=1082”；，“LB=1460”；，“LB=1294”；，“LB=1465”；，“LB=1804”；；，“LB=1477”；，“LB=1478”；，“LB=1753”；，“LB=1755”；，“LB=1755”；，“LB=1984”。"}, {"column": "IfPerformed", "desc": "是否执行；是否执行（IfPerformed），该字段固定以下常量：1-是；2-否"}, {"column": "CancelDate", "desc": "取消日期"}, {"column": "FirstIndustryCode", "desc": "对应一级行业代码"}, {"column": "FirstIndustryName", "desc": "对应一级行业名称"}, {"column": "SecondIndustryCode", "desc": "对应二级行业代码"}, {"column": "SecondIndustryName", "desc": "对应二级行业名称"}, {"column": "ThirdIndustryCode", "desc": "对应三级行业代码"}, {"column": "ThirdIndustryName", "desc": "对应三级行业名称"}, {"column": "FourthIndustryCode", "desc": "四级行业代码"}, {"column": "FourthIndustryName", "desc": "四级行业名称"}]}, {"表名": "astockindustrydb.lc_industryvaluation", "表字段": [{"column": "IndustryNum", "desc": "行业内部编码"}, {"column": "TradingDay", "desc": "交易日"}, {"column": "StatType", "desc": "统计类型；统计类型(StatType)，该字段固定以下常量：2-整体法不剔除负值"}, {"column": "SectorCode", "desc": "统计板块；统计板块(SectorCode)，该字段固定以下常量：5-沪、深及北交所市场"}, {"column": "Standard", "desc": "行业分类标准；，令LB = 1081 AND DM IN (24,41)，得到行业分类标准的具体描述：24-申万行业分类2014版，41-申万行业分类2021版。"}, {"column": "IndustryCode", "desc": "行业代码；，“LB=1804”，得到行业名称；，“Standard=41”，得到行业名称"}, {"column": "TotalMV", "desc": "总市值(元)"}, {"column": "NegotiableMV", "desc": "A股流通市值(元)"}, {"column": "FreeFloatMV", "desc": "A股自由流通市值(元)"}, {"column": "PE_TTM", "desc": "滚动市盈率1"}, {"column": "PE_LYR", "desc": "静态市盈率(LYR)"}, {"column": "PB_LF", "desc": "市净率(LF)"}, {"column": "DividendRatio", "desc": "滚动股息率(%)"}, {"column": "PCF_TTM", "desc": "滚动市现率"}, {"column": "PCF_LYR", "desc": "静态市现率(LYR)"}, {"column": "PS_TTM", "desc": "滚动市销率1"}, {"column": "PS_LYR", "desc": "静态市销率(LYR)"}, {"column": "IndustryName", "desc": "No description available"}, {"column": "Classification", "desc": "No description available"}, {"column": "ListedSecuNum", "desc": "No description available"}]}]

请选择column，务必遵循输出的格式要求。

>>>>> Agent【Check_db_structure.columns_selector】 Said:
【分析】
用户提问要求查询2021年12月27日光学光电子行业的A股流通市值。我们需要找到与行业分类和市值相关的字段，并且确保时间条件能够被满足。

【信息所在字段】
- astockindustrydb.lc_industryvaluation.NegotiableMV: 这个字段可能包含A股流通市值信息，对应用户提问中的“A股流通市值”。
- astockindustrydb.lc_industryvaluation.TradingDay: 这个字段可能包含交易日期信息，对应用户提问中的“2021年12月27日”。
- astockindustrydb.lc_industryvaluation.IndustryCode: 这个字段可能包含行业代码信息，对应用户提问中的“光学光电子行业”。

【筛选条件所在字段】
- astockindustrydb.lc_industryvaluation.TradingDay: 这个字段用于筛选特定日期的数据，对应用户提问中的“2021年12月27日”。
- astockindustrydb.lc_industryvaluation.IndustryCode: 这个字段用于筛选特定行业的数据，对应用户提问中的“光学光电子行业”。

【选中的字段的清单】
```json
{
  "astockindustrydb.lc_industryvaluation": ["NegotiableMV", "TradingDay", "IndustryCode"]
}
```


>>>>> 【user】 Said:
之前已查询到信息如下:
查询结果表明: 该查询从`astockindustrydb.lc_exgindustry`表中筛选出所有`SecondIndustryName`字段值为'光学光电子'的公司代码（CompanyCode）。结果显示共有多个公司属于光学光电子行业，具体公司代码包括43、1081、1202、1205、1254、1335、1359、2361等，共计多个不同的公司代码。这些公司代码代表了在数据库中注册的、属于光学光电子行业的各个公司。
---
查询结果表明: 在2021年12月27日这一交易日，指定的公司代码（包括43, 1081, 1202等共计多个公司代码）所对应的证券的总市值之和为116196527032.90元。这个结果是通过将astockmarketquotesdb.qt_stockperformance表中的TotalMV字段进行求和得到的，并且通过constantdb.secumain表关联了证券内部编码和公司代码。

请问:2021年12月27日，光学光电子行业的A股流通市值是多少（元）？

>>>>> Agent【Sql_query.master】 Said:
【已知信息】
- 光学光电子行业的公司代码包括43、1081、1202、1205、1254、1335、1359、2361等。
- 2021年12月27日，这些公司代码对应的证券总市值为116196527032.90元。

【当前阶段要获取的信息】
- 2021年12月27日，光学光电子行业的A股流通市值。

【信息所在字段】
- `NegotiableMV`（A股流通市值）字段在`astockindustrydb.lc_industryvaluation`表中。

【筛选条件所在字段】
- `TradingDay`（交易日）字段在`astockindustrydb.lc_industryvaluation`表中。
- `IndustryCode`（行业代码）字段在`astockindustrydb.lc_industryvaluation`表中。

【SQL语句的思路】
1. 从`astockindustrydb.lc_industryvaluation`表中筛选出2021年12月27日的数据。
2. 确定光学光电子行业的`IndustryCode`。
3. 对筛选出的数据求`NegotiableMV`字段的和，得到A股流通市值。

【执行SQL语句】
```exec_sql
SELECT SUM(NegotiableMV) AS TotalNegotiableMV
FROM astockindustrydb.lc_industryvaluation
WHERE DATE(TradingDay) = '2021-12-27'
AND IndustryCode IN (
    SELECT IndustryCode
    FROM astockindustrydb.lc_exgindustry
    WHERE SecondIndustryName = '光学光电子'
)
```

【上述SQL语句的含义】
- 首先，从`astockindustrydb.lc_exgindustry`表中筛选出`SecondIndustryName`为'光学光电子'的`IndustryCode`。
- 然后，在`astockindustrydb.lc_industryvaluation`表中筛选出2021年12月27日的数据，并且`IndustryCode`在上一步得到的范围内。
- 最后，对这些数据的`NegotiableMV`字段求和，得到光学光电子行业在2021年12月27日的A股流通市值。

>>>>> 查询sql:
SELECT SUM(NegotiableMV) AS TotalNegotiableMV
FROM astockindustrydb.lc_industryvaluation
WHERE DATE(TradingDay) = '2021-12-27'
AND IndustryCode IN (
    SELECT IndustryCode
    FROM astockindustrydb.lc_exgindustry
    WHERE SecondIndustryName = '光学光电子'
);
查询结果:
[{"TotalNegotiableMV": 222520038025625.7}]


>>>>> 【user】 Said:
查询SQL:
SELECT SUM(NegotiableMV) AS TotalNegotiableMV
FROM astockindustrydb.lc_industryvaluation
WHERE DATE(TradingDay) = '2021-12-27'
AND IndustryCode IN (
    SELECT IndustryCode
    FROM astockindustrydb.lc_exgindustry
    WHERE SecondIndustryName = '光学光电子'
);
查询结果:
[{"TotalNegotiableMV": 222520038025625.7}]

请理解查询结果

>>>>> Agent【Sql_query.understand_query_result】 Said:
查询结果表明: 在2021年12月27日，属于“光学光电子”二级行业的所有A股的流通市值总和为222520038025625.7元。这个结果是通过先从astockindustrydb.lc_exgindustry表中筛选出“光学光电子”二级行业对应的IndustryCode，然后根据这些IndustryCode在astockindustrydb.lc_industryvaluation表中找到对应交易日的A股流通市值，并对其进行求和得到的。


>>>>> 【user】 Said:
查询SQL:
SELECT SUM(NegotiableMV) AS TotalNegotiableMV
FROM astockindustrydb.lc_industryvaluation
WHERE DATE(TradingDay) = '2021-12-27'
AND IndustryCode IN (
    SELECT IndustryCode
    FROM astockindustrydb.lc_exgindustry
    WHERE SecondIndustryName = '光学光电子'
);
查询结果:
[{"TotalNegotiableMV": 222520038025625.7}]

查询结果表明: 在2021年12月27日，属于“光学光电子”二级行业的所有A股的流通市值总和为222520038025625.7元。这个结果是通过先从astockindustrydb.lc_exgindustry表中筛选出“光学光电子”二级行业对应的IndustryCode，然后根据这些IndustryCode在astockindustrydb.lc_industryvaluation表中找到对应交易日的A股流通市值，并对其进行求和得到的。

当前掌握的信息是否能够回答"2021年12月27日，光学光电子行业的A股流通市值是多少（元）？"？还是要继续执行下一阶段SQL查询？

>>>>> Agent【Sql_query.master】 Said:
【已知信息】
- 在2021年12月27日，属于“光学光电子”二级行业的所有A股的流通市值总和为222520038025625.7元。

【当前阶段要获取的信息】
- 无需继续执行SQL查询，当前掌握的信息已经能够回答"2021年12月27日，光学光电子行业的A股流通市值是多少（元）？"。

【信息所在字段】
- 无需继续执行SQL查询。

【筛选条件所在字段】
- 无需继续执行SQL查询。

【SQL语句的思路】
- 无需继续执行SQL查询。

【执行SQL语句】
- 无

【上述SQL语句的含义】
- 无需继续执行SQL查询。

**结论**：
当前掌握的信息已经能够回答"2021年12月27日，光学光电子行业的A股流通市值是多少（元）？"，无需继续执行下一阶段SQL查询。

**回答**：
2021年12月27日，光学光电子行业的A股流通市值为222520038025625.7元。


>>>>> 【user】 Said:
充分尊重前面给出的结论，回答问题:"2021年12月27日，光学光电子行业的A股流通市值是多少（元）？"

>>>>> Agent【Sql_query.summary】 Said:
2021年12月27日，光学光电子行业的A股流通市值为222520038025625.7元。
