
>>>>> Original Question: 该公司2019年母公司一季报中预付款项是多少？


>>>>> 【user】 Said:
提取下面这段文字里的实体，如公司名、股票代码等，如果识别结果是空，那么就回复No Entities."该公司2019年母公司一季报中预付款项是多少？"

>>>>> Agent【extract_company】 Said:
```json
["该公司"]
```

>>>>> 查询sql:
SELECT 'constantdb.secumain' AS TableName, InnerCode, CompanyCode, ChiName, EngName, SecuCode
FROM constantdb.secumain 
WHERE SecuCode = '该'
   OR ChiName LIKE '%该%'
   OR ChiNameAbbr LIKE '%该%'
   OR EngName LIKE '%该%'
   OR EngNameAbbr LIKE '%该%'
   OR SecuAbbr LIKE '%该%'
UNION ALL
SELECT 'constantdb.hk_secumain' AS TableName, InnerCode, CompanyCode, ChiName, EngName, SecuCode
FROM constantdb.hk_secumain 
WHERE SecuCode = '%该%'
   OR ChiName LIKE '%该%'
   OR ChiNameAbbr LIKE '%该%'
   OR EngName LIKE '%该%'
   OR EngNameAbbr LIKE '%该%'
   OR SecuAbbr LIKE '%该%'
   OR FormerName LIKE '%该%'
UNION ALL
SELECT 'constantdb.us_secumain' AS TableName, InnerCode, CompanyCode, ChiName, EngName, SecuCode
FROM constantdb.us_secumain 
WHERE SecuCode = '该'
   OR ChiName LIKE '%该%'
   OR EngName LIKE '%该%'
   OR SecuAbbr LIKE '%该%';
查询结果:
[]


>>>>> 【user】 Said:
下面是顺序的历史问答:
'''
Question: 四川长虹电器股份有限公司的证券代码是多少？
Answer: 四川长虹电器股份有限公司在证券交易所的证券代码是600839。
'''
现在用户继续提问，请根据已知信息，理解当前这个问题的完整含义，并重写这个问题使得单独拿出来看仍然能够正确理解：该公司2019年母公司一季报中预付款项是多少？

>>>>> Agent【rewrite_question】 Said:
四川长虹电器股份有限公司（证券代码600839）在2019年母公司一季报中预付款项的金额是多少？

>>>>> 已知事实:
四川长虹电器股份有限公司的关联信息有:[所在数据表是constantdb.secumain;InnerCode(证券内部编码)是2079;CompanyCode(公司代码)是1772;ChiName(中文名称)是四川长虹电器股份有限公司;EngName(英文名称)是Sichuan Changhong Electric Co.,Ltd.;SecuCode(证券代码)是600839;]

>>>>> 【user】 Said:
请选择db，务必遵循输出的格式要求。

>>>>> Agent【Check_db_structure.db_selector】 Said:
【分析】
用户询问的是四川长虹电器股份有限公司（证券代码600839）在2019年母公司一季报中的预付款项金额。这涉及到上市公司的财务报表数据，具体是母公司的季度财务报表中的预付款项信息。

【选中的数据库】
- astockfinancedb: 这个数据库记录了上市公司的财务指标、财务报表等详细数据，包括母公司的季度财务报表，能够提供预付款项的具体金额。

【选中的数据库的清单】
```json
["astockfinancedb"]
```


>>>>> 【user】 Said:
数据库表信息如下:
[{"表名": "astockfinancedb.lc_ashareseasonednewissue", "说明": "该数据表主要记录证券发行及相关信息，涵盖以下几大类内容：**基本信息**包括证券内部编码、发行股票类型、发行目的等；**时间信息**如首次信息发布日期、预案发布日期、股东大会决议公告日期、发行日期上下限、承销期上下限、募集资金到帐时间等；**价格信息**包括发行价区间（上限、下限）、实际发行价、承销商指导价格、市盈率（加权平均、全面摊薄等）、价格调整相关字段等；**发行量信息**如发行量上下限、超额配售权、网上网下发行股数、原股东优先配售股数、法人网下配售股数等；**申购及配售信息**包括网上申购代码、申购简称、申购单位、有效申购总量与户数、中签率、配售比例等；**费用信息**如发行费用总额、承销费用、律师费用、资产评估费用、每股发行费用等；**资金信息**如募集资金总额、净额、到帐金额及相关分项（货币、非货币、资产、债权等）；**股东及控股股东信息**如优先配售比例、认购方式、认购数量与比例等；**预测与变动**包括盈利预测、方案变动说明、变动原因、预案价格与基准价格比例等；**公告及审批信息**如证监会批准公告日、方案变动公告日、最新预案公布日期等；**其他信息**如面值、零股处理方法、认购邀请书发送日、是否简易程序等。该表全面涵盖了证券发行的各个环节及相关信息。"}, {"表名": "astockfinancedb.lc_ashareplacement", "说明": "该数据表涉及证券配股的各个方面，涵盖了从初始信息发布到配股完成的整个过程。字段包括基本信息如证券内部编码、首次信息发布日期、配股年度和发行股票类型；时间节点信息如预案发布日期、股东大会决议公告日期、决案公布日、配股说明书刊登日期、配股上市日及相关公告日期；定价和比例信息如定价方式、配股价格确定方式说明、计划和实际配股比例及数量、配股价格上下限和每股配股价格；费用和资金信息如发行费用、承销费用、各类中介机构费用、实际募集资金、募集资金净额及到帐金额；股东和配股对象信息如配股对象、配股对象类别、大股东认配说明及持股5%以上大股东的持股和认配情况；其他重要信息如转配比、转配股、零股处理方法、方案变动说明、承销方式、余股包销数量、公众股东认配情况、计划和实际募集资金总额、配股基准日及配股完成后的每股净资产和收益。该表还记录了各类审批通过日期及事件进程等信息。"}, {"表名": "astockfinancedb.lc_dividend", "说明": "该数据表主要记录证券分红相关信息，涵盖了基本标识信息如证券内部编码和日期；分红方案的详细内容，包括是否分红、每股收益、送股比例、转增股比例、派现金额（含税和税后，人民币和外币）、分红股本基数及送转后总股本等；分红实施的关键时间节点，如预案发布日期、股东大会决议公告日期、股权登记日、除权除息日、红利到账日、分红发放起止日等；分红的对象和金额分布，包括A股和B股的派现金额（人民币和外币），以及公司合计派现金额；方案变更相关信息，如变更前后的分红方案、变更原因及说明；分红执行的其他信息，如利润分配次数、主要分配形式、上下限金额、事件进程及描述等；计算除权价用的调整比例和金额；以及其他辅助信息如方案类型、分红意向公布日、议案编号、最新信息发布日期和备注说明等，全面反映了证券分红的各个方面。"}, {"表名": "astockfinancedb.lc_capitalinvest", "说明": "该数据表包含多方面的信息，涉及公司基础信息如公司代码，以及与募资相关的详细内容，包括募资方式、募资投向项目名称、项目内容、计划和实际投入金额以及截至日期。它还涵盖了项目进展和收益的说明，投向行业和领域等信息。表中记录了改投相关的内容，如是否改投、改投项目及金额。此外，关于收购兼并的细节也被详细描述，包括收购类型、资产的账面价值、评估价值、价格、权益比例，以及项目出让方的相关信息如与出让方的关系、相关股票、企业性质等。收购标的的名称和企业性质也在其中列出。信息的来源和发布时间则通过首次信息发布日期和信息发布日期进行记录。"}, {"表名": "astockfinancedb.lc_balancesheetall", "说明": "该数据表主要涵盖了企业财务及业务信息，分为多个类别：基础信息如信息发布日期、信息来源、公告类别等；时间与调整信息如日期、是否调整、是否合并等；会计与企业属性信息如会计准则、工业企业类型等；资产类信息包括流动资产（如货币资金、应收账款、存货等）、非流动资产（如固定资产、无形资产、长期投资等），以及特殊项目和调整项目；负债类信息包含流动负债（如短期借款、应付账款、预收款项等）、非流动负债（如长期借款、递延所得税负债等），以及负债特殊项目和调整项目；权益类信息包括股东权益（如实收资本、资本公积、盈余公积等）、少数股东权益，以及所有者权益特殊项目和调整项目；金融及投资信息如交易性金融资产、债权投资、权益工具投资等；其他信息包括合同资产与负债、保险合同准备金、租赁资产与负债等；综合类信息如总资产、总负债及股东权益合计等。此外，还包含一些字段的特殊说明、分类汇总及调整字段。"}, {"表名": "astockfinancedb.lc_incomestatementall", "说明": "该数据表涵盖了全面的企业财务和经营信息，主要分为以下几类：基本信息如信息发布日期、信息来源、公司代码等；会计和企业分类信息如会计准则、工业企业类型等；收入和成本信息，包括营业收入、营业总成本、营业利润、非经营性净收益等具体细分项，如利息收入、手续费收入、保费收入、营业税金、管理费用等；利润相关信息，如净利润、归属于母公司和少数股东的净利润、综合收益总额等；资产和负债信息，如资产减值损失、信用减值损失、保险责任准备金等；股东权益类信息，如每股收益、其他综合收益等；特殊项目调整信息，用于反映各类收入、成本、利润和综合收益的特殊或调整项；其他专项收入与支出，如基金管理业务收入、担保业务收入、勘探费用等；此外，还包含一些未分类字段和特殊说明字段，全面支持企业财务分析和信息披露需求。"}, {"表名": "astockfinancedb.lc_cashflowstatementall", "说明": "该数据表主要记录企业财务及运营相关信息，涵盖多个维度的字段。基础信息包括信息发布日期、信息来源、公告类别等；企业属性如公司代码、会计准则、工业企业类型等。财务数据方面，详细记录了现金流相关信息，包括经营活动、投资活动、筹资活动的现金流入、流出及净额，以及特殊项目和调整项目；还包括现金及现金等价物的期初、期末余额及变动情况。收入与支出部分，涉及销售商品、提供劳务、税费返还、利息收入与支出、投资收益、资产处置收益等；成本费用方面，记录了税费支付、职工薪酬、资产折旧与摊销、财务费用等。投资与融资活动中，涵盖了投资支付、借款、债券发行、股利分配等数据。其他补充信息包括净利润及其归属、资产减值准备、递延所得税、存货变化、应收应付款变化、信用减值损失等。此外，还有与金融资产、金融负债、代理业务、回购业务等相关的明细字段，以及一些特殊项目和调整项目，用于对现金流和财务数据进行补充说明，反映企业的全面财务状况。"}, {"表名": "astockfinancedb.lc_intassetsdetail", "说明": "该数据表包含多个字段，涵盖基础信息、研发投入、人员构成及核心技术相关数据。基础信息包括内部编码、公司代码、信息发布日期、信息来源编码及截止日期；状态标识类字段包括是否合并及是否调整；研发投入相关字段包括费用化研发投入、资本化研发投入、研发投入合计及其占营业收入比例，同时还包括资本化研发投入占比；人员构成方面有研发人员数量及占比、核心技术人员数量及占比；核心技术相关数据则包括核心技术营业收入及其占比。这些字段全面记录了企业在研发投入及核心技术方面的资源配置和产出情况。"}, {"表名": "astockfinancedb.lc_mainoperincome", "说明": "该数据表主要用于记录和分析公司在特定日期的经营项目财务信息。字段包括公司标识信息如公司代码；时间信息如日期、日期类型、信息发布日期；数据来源信息如信息来源、信息来源编码；合并与调整状态如合并标志、是否调整；分类与显示信息如分类方式、显示序号、所属层级、上级科目名称；经营项目相关信息如经营项目名称、所属行业、地区与业务性质；财务数据包括主营业务收入、主营业务成本、主营业务利润及其同比变化、毛利率及其同比变化和上年同期数据；其他信息如货币单位。通过这些字段，用户可以分析公司的主营业务表现及其变化趋势。"}, {"表名": "astockfinancedb.lc_operatingstatus", "说明": "该数据表记录了与企业经营相关的关键信息，包含公司代码、日期等基础信息，用于标识企业和时间节点；信息来源与信息发布日期字段记录了数据的出处及发布时间，以确保信息的可靠性和时效性；经营述评字段则提供了对企业经营情况的详细描述，为分析和决策提供支持。"}, {"表名": "astockfinancedb.lc_auditopinion", "说明": "该数据表主要记录与公司审计相关的信息，包含公司标识如公司代码、所属机构等，时间信息如日期、信息发布日期，审计相关内容如会计师事务所、注册会计师、审计意见类型及其全文、审计报告类型，以及信息来源等字段。"}]

请选择table，务必遵循输出的格式要求。

>>>>> Agent【Check_db_structure.table_selector】 Said:
【分析】
要查询四川长虹电器股份有限公司（证券代码600839）在2019年母公司一季报中预付款项的金额，需要找到包含该公司财务报表数据的表，并且该表需要包含预付款项的信息以及时间标识来确认是2019年一季报的数据。

【选中的数据表】
- astockfinancedb.lc_balancesheetall: 这个数据表包含企业的资产负债表信息，其中包括预付款项的金额，并且有信息发布日期字段可以用来确认2019年一季报的时间。

【选中的数据库表的清单】
```json
["astockfinancedb.lc_balancesheetall"]
```


>>>>> 【user】 Said:
已取得可用的数据表的字段信息如下:
[{"表名": "astockfinancedb.lc_balancesheetall", "表字段": [{"column": "InfoPublDate", "desc": "信息发布日期"}, {"column": "InfoSource", "desc": "信息来源；，令LB = 2181，得到信息来源编码的具体描述：110101-定期报告:年度报告，110102-定期报告:半年度报告，110103-定期报告:第一季报，110104-定期报告:第三季报，110105-定期报告:审计报告，110106-定期报告:第二季报，110107-定期报告:第四季报，110108-定期报告:第五季报，110109-定期报告:第二季报（更正后），110110-定期报告:第四季报（更正后），110111-定期报告:第五季报（更正后），110201-定期报告:年度报告(关联方)，110202-定期报告:半年度报告(关联方)，110203-定期报告:第一季报(关联方)，110204-定期报告:第三季报(关联方)，110205-定期报告:审计报告(关联方)，120101-临时公告:审计报告(更正后)，120102-临时公告:年度报告(更正后)，120103-临时公告:半年度报告(更正后)，120104-临时公告:第一季报(更正后)，120105-临时公告:第三季报(更正后)，120106-临时公告:公开转让说明书(更正后)，120107-临时公告:业绩快报，120108-临时公告:业绩快报(更正后)，120109-临时公告:第二季报(更正后)，120110-临时公告:第四季报(更正后)，120201-临时公告:跟踪评级报告，120202-临时公告:同业存单发行计划，120203-临时公告:比较式财务报表，120204-临时公告:关联方，120205-临时公告:其他，120206-临时公告:前期差错更正，120207-临时公告:第一季度报告，120208-临时公告:第二季度报告，120209-临时公告:第三季度报告，120210-临时公告:第四季度报告，120211-临时公告：年度报告，120212-临时公告：半年度报告，120213-临时公告:受托管理人事务报告，120214-临时公告:资产评估报告，120215-临时公告:资产管理报告，120216-临时公告：经营数据公告，120217-临时公告：经营数据公告(更正后），120218-临时公告：主要经营业绩，130101-发行上市书:募集说明书，130102-发行上市书:招股说明书(申报稿)，130103-发行上市书:招股意向书，130104-发行上市书:上市公告书，130105-发行上市书:审阅报告，130106-发行上市书:招股说明书，130107-发行上市书:公开转让说明书，130108-发行上市书:发行公告，130109-发行上市书:审计报告，130110-发行上市书:关联方，130111-发行上市书:其他，130112-发行上市书:招股说明书(上会稿)，130113-发行上市书:招股说明书(注册稿)，140101-发行披露文件:第一季报，140102-发行披露文件:半年度报告，140103-发行披露文件:第三季报，140104-发行披露文件:审计报告，140105-发行披露文件:募集说明书，140106-发行披露文件:跟踪评级报告，140107-发行披露文件:年度报告，140108-发行披露文件:关联方，140109-发行披露文件:预案公告，140110-发行披露文件:转让服务公告书，140111-发行披露文件:备案登记表，140112-发行披露文件:初始信息披露，150101-发债定期报告:第一季报，150102-发债定期报告:半年度报告，150103-发债定期报告:第三季报，150104-发债定期报告:年度报告，150105-发债:其他报告。"}, {"column": "BulletinType", "desc": "公告类别；，令LB = 1311 and DM IN (10,20,30,70)，得到公告类别的具体描述：10-发行上市书，20-定期报告，30-业绩快报，70-临时公告。"}, {"column": "CompanyCode", "desc": "公司代码；，得到上市公司的交易代码、简称等。"}, {"column": "EndDate", "desc": "日期"}, {"column": "IfAdjusted", "desc": "是否调整；，令LB = 1188 AND DM IN (1,2,6,7,8)，得到是否调整的具体描述：1-是，2-否，6-一季末调整，7-二季末调整，8-三季末调整。"}, {"column": "IfMerged", "desc": "是否合并；，令LB = 1189 AND DM IN (1,2)，得到是否合并的具体描述：1-合并，2-母公司。"}, {"column": "AccountingStandards", "desc": "会计准则；，令LB = 1455，得到会计准则的具体描述：1-新会计准则(2007)，9-旧会计准则。"}, {"column": "EnterpriseType", "desc": "工业企业类型；报表格式类型(EnterpriseType)：关联系统常量表，LB=1414，DM IN (13-商业银行，31-证券公司，33-信托公司，35-保险公司，39-其他非银行金融机构，99-一般企业)。 本表报表格式类型(EnterpriseType)字段是参照公告原文财务报表披露形式判断得出，并不准确代表企业的实际性质，如需获取企业性质，可通过公司代码（CompanyCode）关联“机构基本资料（LC_InstiArchive）”的公司代码（CompanyCode）获取对应的企业性质(CompanyType)。"}, {"column": "CashEquivalents", "desc": "货币资金/现金及存放中央银行款项(元)"}, {"column": "ClientDeposit", "desc": "其中:客户资金存款(元)；其中:货币资金:客户资金存款（ClientDeposit）：一般为金融类:证券公司披露科目"}, {"column": "TradingAssets", "desc": "交易性金融资产(元)"}, {"column": "BillReceivable", "desc": "应收票据(元)"}, {"column": "DividendReceivable", "desc": "应收股利(元)"}, {"column": "InterestReceivable", "desc": "应收利息(元)"}, {"column": "AccountReceivable", "desc": "应收账款(元)"}, {"column": "OtherReceivable", "desc": "其他应收款(元)"}, {"column": "AdvancePayment", "desc": "预付款项(元)"}, {"column": "Inventories", "desc": "存货(元)"}, {"column": "BearerBiologicalAssets", "desc": "其中:消耗性生物资产"}, {"column": "DeferredExpense", "desc": "待摊费用(元)"}, {"column": "NonCurrentAssetIn1Year", "desc": "一年内到期的非流动资产"}, {"column": "OtherCurrentAssets", "desc": "其他流动资产"}, {"column": "CAExceptionalItems", "desc": "##流动资产特殊项目"}, {"column": "CAAdjustmentItems", "desc": "##流动资产调整项目"}, {"column": "TotalCurrentAssets", "desc": "流动资产合计"}, {"column": "HoldForSaleAssets", "desc": "可供出售金融资产"}, {"column": "HoldToMaturityInvestments", "desc": "持有至到期投资"}, {"column": "InvestmentProperty", "desc": "投资性房地产"}, {"column": "LongtermEquityInvest", "desc": "长期股权投资(元)"}, {"column": "LongtermReceivableAccount", "desc": "长期应收款"}, {"column": "FixedAssets", "desc": "固定资产(元)"}, {"column": "ConstructionMaterials", "desc": "工程物资(元)"}, {"column": "ConstruInProcess", "desc": "在建工程(元)"}, {"column": "FixedAssetsLiquidation", "desc": "固定资产清理(元)"}, {"column": "BiologicalAssets", "desc": "生产性生物资产"}, {"column": "OilGasAssets", "desc": "油气资产(元)"}, {"column": "IntangibleAssets", "desc": "无形资产(元)"}, {"column": "SeatCosts", "desc": "其中:交易席位费(元)"}, {"column": "DevelopmentExpenditure", "desc": "开发支出"}, {"column": "GoodWill", "desc": "商誉(元)"}, {"column": "LongDeferredExpense", "desc": "长期待摊费用(元)"}, {"column": "DeferredTaxAssets", "desc": "递延所得税资产"}, {"column": "OtherNonCurrentAssets", "desc": "其他非流动资产"}, {"column": "NCAExceptionalItems", "desc": "##非流动资产特殊项目"}, {"column": "NCAAdjustmentItems", "desc": "##非流动资产调整项目"}, {"column": "TotalNonCurrentAssets", "desc": "非流动资产合计"}, {"column": "LoanAndAccountReceivables", "desc": "投资-贷款及应收款项(应收款项类投资)"}, {"column": "SettlementProvi", "desc": "结算备付金(元)；结算备付金（SettlementProvi）：一般为金融类企业披露科目"}, {"column": "ClientProvi", "desc": "其中:客户备付金(元)；其中:客户备付金（ClientProvi）：一般为金融类:证券公司披露科目"}, {"column": "DepositInInterbank", "desc": "存放同业(元)；存放同业款项（DepositInInterbank）：一般为金融类:银行企业披露科目"}, {"column": "RMetal", "desc": "贵金属(元)；贵金属（RMetal）：一般为金融类企业披露科目"}, {"column": "LendCapital", "desc": "拆出资金(元)；拆出资金（LendCapital）：一般为金融类企业披露科目"}, {"column": "DerivativeAssets", "desc": "衍生金融资产"}, {"column": "BoughtSellbackAssets", "desc": "买入返售金融资产"}, {"column": "LoanAndAdvance", "desc": "发放贷款和垫款(元)"}, {"column": "InsuranceReceivables", "desc": "应收保费；应收保费（InsuranceReceivables）：一般为金融类:保险公司披露科目"}, {"column": "ReceivableSubrogationFee", "desc": "应收代位追偿款；应收代位追偿款（ReceivableSubrogationFee）：一般为金融类:保险公司披露科目"}, {"column": "ReinsuranceReceivables", "desc": "应收分保账款；应收分保账款（ReinsuranceReceivables）：一般为金融类:保险公司披露科目"}, {"column": "ReceivableUnearnedR", "desc": "应收分保未到期责任准备金；其中:应收分保未到期责任准备金（ReceivableUnearnedR）：一般为金融类:保险公司披露科目"}, {"column": "ReceivableClaimsR", "desc": "应收分保未决赔款准备金；其中:应收分保未决赔款准备金（ReceivableClaimsR）：一般为金融类:保险公司披露科目"}, {"column": "ReceivableLifeR", "desc": "应收分保寿险责任准备金(元)；其中:应收分保寿险责任准备金（ReceivableLifeR）：一般为金融类:保险公司披露科目"}, {"column": "ReceivableLTHealthR", "desc": "应收分保长期健康险责任准备金；其中:应收分保长期健康险责任准备金（ReceivableLTHealthR）：一般为金融类:保险公司披露科目"}, {"column": "InsurerImpawnLoan", "desc": "保户质押贷款；保户质押贷款（InsurerImpawnLoan）：一般为金融类:保险公司披露科目"}, {"column": "FixedDeposit", "desc": "定期存款(元)"}, {"column": "RefundableDeposit", "desc": "存出保证金"}, {"column": "RefundableCapitalDeposit", "desc": "存出资本保证金；存出资本保证金（RefundableCapitalDeposit）：一般为金融类:保险公司披露科目"}, {"column": "IndependenceAccountAssets", "desc": "独立账户资产；独立账户资产（IndependenceAccountAssets）：一般为金融类:保险公司披露科目"}, {"column": "OtherAssets", "desc": "其他资产(元)；其他资产（OtherAssets）：一般为金融类企业披露科目"}, {"column": "AExceptionalItems", "desc": "##资产特殊项目"}, {"column": "AAdjustmentItems", "desc": "##资产调整项目"}, {"column": "TotalAssets", "desc": "资产总计(元)"}, {"column": "ShortTermLoan", "desc": "短期借款(元)"}, {"column": "ImpawnedLoan", "desc": "其中:质押借款(元)"}, {"column": "TradingLiability", "desc": "交易性金融负债"}, {"column": "NotesPayable", "desc": "应付票据(元)"}, {"column": "AccountsPayable", "desc": "应付账款(元)"}, {"column": "STBondsPayable", "desc": "应付短期债券(元)；应付短期债券（STBondsPayable）：一般为金融类企业披露科目"}, {"column": "AdvanceReceipts", "desc": "预收款项(元)"}, {"column": "SalariesPayable", "desc": "应付职工薪酬(元)"}, {"column": "DividendPayable", "desc": "应付股利(元)"}, {"column": "TaxsPayable", "desc": "应交税费(元)"}, {"column": "InterestPayable", "desc": "应付利息(元)"}, {"column": "OtherPayable", "desc": "其他应付款(元)"}, {"column": "AccruedExpense", "desc": "预提费用(元)"}, {"column": "DeferredProceeds", "desc": "递延收益"}, {"column": "NonCurrentLiabilityIn1Year", "desc": "一年内到期的非流动负债"}, {"column": "OtherCurrentLiability", "desc": "其他流动负债(元)"}, {"column": "CLExceptionalItems", "desc": "##流动负债特殊项目"}, {"column": "CLAdjustmentItems", "desc": "##流动负债调整项目"}, {"column": "TotalCurrentLiability", "desc": "流动负债合计(元)"}, {"column": "LongtermLoan", "desc": "长期借款(元)"}, {"column": "BondsPayable", "desc": "应付债券(元)"}, {"column": "LongtermAccountPayable", "desc": "长期应付款(元)"}, {"column": "SpecificAccountPayable", "desc": "专项应付款(元)"}, {"column": "EstimateLiability", "desc": "预计负债(元)"}, {"column": "DeferredTaxLiability", "desc": "递延所得税负债"}, {"column": "OtherNonCurrentLiability", "desc": "其他非流动负债"}, {"column": "NCLExceptionalItems", "desc": "##非流动负债特殊项目"}, {"column": "NCLAdjustmentItems", "desc": "##非流动负债调整项目"}, {"column": "TotalNonCurrentLiability", "desc": "非流动负债合计"}, {"column": "BorrowingFromCentralBank", "desc": "向中央银行借款；向中央银行借款（BorrowingFromCentralBank）：一般为金融类:银行企业披露科目"}, {"column": "DepositOfInterbank", "desc": "同业及其他金融机构存放款项；其中:同业及其他金融机构存放款项（DepositOfInterbank）：一般为金融类企业披露科目"}, {"column": "BorrowingCapital", "desc": "拆入资金(元)；拆入资金（BorrowingCapital）：一般为金融类企业披露科目"}, {"column": "DerivativeLiability", "desc": "衍生金融负债"}, {"column": "SoldBuybackSecuProceeds", "desc": "卖出回购证券款(元)；卖出回购金融资产款（SoldBuybackSecuProceeds）：一般为金融类企业披露科目"}, {"column": "Deposit", "desc": "吸收存款(元)；其中:吸收存款（Deposit）：一般为金融类:银行企业披露科目"}, {"column": "ProxySecuProceeds", "desc": "代理买卖证券款；代理买卖证券款（ProxySecuProceeds）：一般为金融类:证券公司披露科目"}, {"column": "SubIssueSecuProceeds", "desc": "代发行证券款(元)；代理承销证券款（SubIssueSecuProceeds）：一般为金融类:证券公司披露科目"}, {"column": "DepositsReceived", "desc": "存入保证金；存入保证金（DepositsReceived）：一般为金融类:担保企业披露科目"}, {"column": "AdvanceInsurance", "desc": "预收保费；预收保费（AdvanceInsurance）：一般为金融类:保险公司披露科目"}, {"column": "CommissionPayable", "desc": "应付手续费及佣金；应付手续费及佣金（CommissionPayable）：一般为金融类:保险公司披露科目"}, {"column": "ReinsurancePayables", "desc": "应付分保账款；应付分保账款（ReinsurancePayables）：一般为金融类:保险公司披露科目"}, {"column": "CompensationPayable", "desc": "应付赔付款；应付赔付款（CompensationPayable）：一般为金融类:保险公司披露科目"}, {"column": "PolicyDividendPayable", "desc": "应付保单红利；应付保单红利（PolicyDividendPayable）：一般为金融类:保险公司披露科目"}, {"column": "InsurerDepositInvestment", "desc": "保户储金及投资款；保户储金及投资款（InsurerDepositInvestment）：一般为金融类:保险公司披露科目"}, {"column": "UnearnedPremiumReserve", "desc": "未到期责任准备金"}, {"column": "OutstandingClaimReserve", "desc": "未决赔款准备金"}, {"column": "LifeInsuranceReserve", "desc": "寿险责任准备金；其中:寿险责任准备金（LifeInsuranceReserve）：一般为金融类:保险公司披露科目"}, {"column": "LTHealthInsuranceLR", "desc": "长期健康险责任准备金；其中:长期健康险责任准备金（LTHealthInsuranceLR）：一般为金融类:保险公司披露科目"}, {"column": "IndependenceLiability", "desc": "独立账户负债；独立账户负债（IndependenceLiability）：一般为金融类:保险公司披露科目"}, {"column": "OtherLiability", "desc": "其他负债(元)；其他负债（OtherLiability）：一般为金融类企业披露科目"}, {"column": "LExceptionalItems", "desc": "##负债特殊项目"}, {"column": "LAdjustmentItems", "desc": "##负债调整项目"}, {"column": "TotalLiability", "desc": "负债合计(元)"}, {"column": "PaidInCapital", "desc": "实收资本(或股本)(元)"}, {"column": "CapitalReserveFund", "desc": "资本公积(元)"}, {"column": "SurplusReserveFund", "desc": "盈余公积(元)"}, {"column": "RetainedProfit", "desc": "未分配利润(元)"}, {"column": "TreasuryStock", "desc": "减:库存股(元)"}, {"column": "OrdinaryRiskReserveFund", "desc": "一般风险准备/信托赔偿准备金(元)；一般风险准备（OrdinaryRiskReserveFund）：一般为金融类企业披露科目"}, {"column": "ForeignCurrencyReportConvDiff", "desc": "外币报表折算差额/资本汇差调整(元)"}, {"column": "UncertainedInvestmentLoss", "desc": "未确认投资损失"}, {"column": "OtherReserves", "desc": "其他储备(公允价值变动储备)(元)"}, {"column": "SpecificReserves", "desc": "专项储备"}, {"column": "SEExceptionalItems", "desc": "##所有者权益特殊项目"}, {"column": "SEAdjustmentItems", "desc": "##所有者权益调整项目"}, {"column": "SEWithoutMI", "desc": "归属于母公司所有者权益合计(元)"}, {"column": "MinorityInterests", "desc": "少数股东权益(元)"}, {"column": "OtherItemsEffectingSE", "desc": "影响所有者权益的其他科目"}, {"column": "TotalShareholderEquity", "desc": "股东权益合计(元)"}, {"column": "LEExceptionalItems", "desc": "##负债和权益特殊项目"}, {"column": "LEAdjustmentItems", "desc": "##负债和权益调整项目"}, {"column": "TotalLiabilityAndEquity", "desc": "负债及股东权益总计(元)"}, {"column": "SpecialFieldRemark", "desc": "特殊字段说明"}, {"column": "IfComplete", "desc": "完整标志"}, {"column": "LPreferStock", "desc": "其中:优先股(应付债券)(元)"}, {"column": "LPerpetualDebt", "desc": "其中:永续债(应付债券)(元)"}, {"column": "OtherEquityinstruments", "desc": "其他权益工具"}, {"column": "EPreferStock", "desc": "其中:优先股(其他权益工具)(元)"}, {"column": "EPerpetualDebt", "desc": "其中:永续债(其他权益工具)(元)"}, {"column": "OtherCompositeIncome", "desc": "其他综合收益"}, {"column": "HoldAndFSAssets", "desc": "划分为持有待售的资产(元)"}, {"column": "HoldAndFSLi", "desc": "划分为持有待售的负债(元)"}, {"column": "LongSalariesPay", "desc": "长期应付职工薪酬(元)"}, {"column": "LongDeferIncome", "desc": "长期递延收益(元)"}, {"column": "BillAccReceivable", "desc": "应收票据及应收账款"}, {"column": "ContractualAssets", "desc": "合同资产"}, {"column": "DebtInvestment", "desc": "债权投资"}, {"column": "OthDebtInvestment", "desc": "其他债权投资"}, {"column": "OthEquityInstrument", "desc": "其他权益工具投资"}, {"column": "OthNonCurFinAssets", "desc": "其他非流动金融资产"}, {"column": "NotAccountsPayable", "desc": "应付票据及应付账款"}, {"column": "ContractLiability", "desc": "合同负债"}, {"column": "TradeRiskRSRVFd", "desc": "交易风险准备"}, {"column": "OtherReceivableED", "desc": "其他应收款(含利息和股利)；其他应收款(含利息和股利)（OtherReceivableED）：根据财政部2019.1.22发布的《关于修订印发2018年度合并财务报表格式的通知》，将'应收利息'及 '应收股利'的金额并入'其他应收款'进行披露。为同财政部新报表格式保持一致，2019.1.22起，若原文仅披露'其他应收款'，则处理进'其他应收款（含利息和股利）'，若原文同时披露'其他应收款'、'应收利息'与'应收股利'，则处理进对应的字段，'其他应收款（含利息和股利）'通过计算逻辑赋值。历史报告期的'其他应收款'、'应收利息'与'应收股利'维持原规则，按照原文披露展示，其他应收款（含利息和股利）=其他应收款+应收利息+应收股利。"}, {"column": "OtherPayableED", "desc": "其他应付款(含利息和股利)；其他应付款(含利息和股利)（OtherPayableED）：根据财政部2019.1.22发布的《关于修订印发2018年度合并财务报表格式的通知》，将'应付利息'及 '应付股利'的金额并入'其他应付款'进行披露。为同财政部新报表格式保持一致，2019.1.22起，若原文仅披露'其他应付款'，则处理进'其他应付款（含利息和股利）'，若原文同时披露'其他应付款'、'应付利息'与'应付股利'，则处理进对应的字段，'其他应付款（含利息和股利）'通过计算逻辑赋值。历史报告期的'其他应付款'、'应付利息'与'应付股利'维持原规则，按照原文披露展示，其他应付款（含利息和股利）=其他应付款+应付利息+应付股利。"}, {"column": "ReceivablesFin", "desc": "应收款项融资"}, {"column": "Financing", "desc": "融出资金；融出资金（Financing）：一般为金融类:证券公司披露科目"}, {"column": "FinLeaseReceivable", "desc": "应收融资租赁款；应收融资租赁款（FinLeaseReceivable）：一般为金融类企业披露科目"}, {"column": "ResReiReceContracts", "desc": "应收分保合同准备金；应收分保合同准备金（ResReiReceContracts）：一般为金融类:保险公司披露科目"}, {"column": "UsufructAssets", "desc": "使用权资产"}, {"column": "AbsInterDeposits", "desc": "吸收存款及同业存款；吸收存款及同业存款（AbsInterDeposits）：一般为金融类企业披露科目"}, {"column": "InsContractReserve", "desc": "保险合同准备金；保险合同准备金（InsContractReserve）：一般为金融类:保险公司披露科目"}, {"column": "LeaseLiabilities", "desc": "租赁负债"}, {"column": "FinLeasesPayable", "desc": "应付融资租赁款"}, {"column": "TotalFixedAsset", "desc": "固定资产合计1；固定资产合计（TotalFixedAsset）：根据财政部2019.1.22发布的《关于修订印发2018年度合并财务报表格式的通知》，将‘固定资产清理’的金额并入‘固定资产’进行披露。为同财政部新报表格式保持一致，2019.1.22起，若原文仅披露‘固定资产’，则处理进‘固定资产合计’，若原文同时披露‘固定资产’和‘固定资产清理’，则处理进对应的字段，‘固定资产合计’通过计算逻辑赋值。历史报告期的‘固定资产’与‘固定资产清理’维持原规则，按照原文披露展示，固定资产合计=固定资产+固定资产清理。"}, {"column": "TConstruInProcess", "desc": "在建工程合计；在建工程合计（TConstruInProcess）：根据财政部2019.1.22发布的《关于修订印发2018年度合并财务报表格式的通知》，将‘工程物资’的金额并入‘在建工程’进行披露。为同财政部新报表格式保持一致，2019.1.22起，若原文仅披露‘在建工程’，则处理进‘在建工程合计’，若原文同时披露‘在建工程’和‘工程物资’，则处理进对应的字段，‘在建工程合计’通过计算逻辑赋值。历史报告期的‘在建工程’与‘工程物资’维持原规则，按照原文披露展示，在建工程合计=在建工程+工程物资。"}, {"column": "DepositInAssociate", "desc": "存放联行款项"}, {"column": "DebtAssets", "desc": "抵债资产"}, {"column": "DebitofAssociate", "desc": "联行存放款项"}, {"column": "InfoSourceCode", "desc": "信息来源编码"}, {"column": "Cash", "desc": "其中:货币资金"}, {"column": "DepositInCentralBank", "desc": "其中:现金及存放中央银行款项；其中:现金及存放中央银行款项（DepositInCentralBank）：：一般为金融类:银行企业披露科目"}, {"column": "AmongTradingAssets", "desc": "其中:交易性金融资产"}, {"column": "AmongFinAetAtFValTPL", "desc": "其中:以公允价值计量且其变动计入当期损益的金融资产"}, {"column": "Receivables", "desc": "应收款项；应收款项（Receivables）：一般为金融类企业披露科目"}, {"column": "CashDepositReceive", "desc": "应收货币保证金"}, {"column": "PledgDepositReceive", "desc": "应收质押保证金"}, {"column": "SettlementReceive", "desc": "应收结算担保金"}, {"column": "RiskOfLossReceive", "desc": "应收风险损失款"}, {"column": "FeeCommissionReceive", "desc": "应收手续费及佣金"}, {"column": "AmongDebtInvestment", "desc": "其中:债权投资"}, {"column": "AmongFinAetAtAmorCost", "desc": "其中:以摊余成本计量的金融资产"}, {"column": "AmongOthDebtInvest", "desc": "其中:其他债权投资"}, {"column": "AmongFinAetAtFValTOCI", "desc": "其中:以公允价值计量且其变动计入其他综合收益的金融投资"}, {"column": "AmongOthEquInstrument", "desc": "其中:其他权益工具投资"}, {"column": "AmongEquInsAtFValTOCI", "desc": "其中:以公允价值计量且其变动计入其他综合收益的非交易性权益工具投资"}, {"column": "FutureMemberInvestment", "desc": "期货会员资格投资；期货会员资格投资（FutureMemberInvestment）：一般为金融类:证券公司披露科目"}, {"column": "FinancialInvestment", "desc": "金融投资；金融投资（FinancialInvestment）：一般为金融类企业披露科目"}, {"column": "ShortTermBondPay", "desc": "应付短期融资款；应付短期融资款（ShortTermBondPay）：一般为金融类:证券公司披露科目"}, {"column": "AmongTradingLiability", "desc": "其中:交易性金融负债"}, {"column": "AmongFinLiaAtFValTPL", "desc": "其中:以公允价值计量且其变动计入当期损益的金融负债"}, {"column": "Payables", "desc": "应付款项；应付款项（Payables）：金融类企业专用"}, {"column": "CashDepositPay", "desc": "应付货币保证金"}, {"column": "PledgDepositPay", "desc": "应付质押保证金"}, {"column": "FutureProtectFundPay", "desc": "应付期货投资者保障基金；应付期货投资者保障基金（FutureProtectFundPay）：一般为金融类:证券公司披露科目"}, {"column": "GuarantCompensateRSRV", "desc": "担保赔偿准备金"}, {"column": "GuaranteeReserve", "desc": "担保业务准备金；担保业务准备金（GuaranteeReserve）：一般为金融类:担保企业披露科目"}, {"column": "FutureRiskReserve", "desc": "期货风险准备金；期货风险准备金（FutureRiskReserve）：一般为金融类:证券公司披露科目"}, {"column": "LTInsContractReserve", "desc": "长期保险合同准备金；长期保险合同准备金（LTInsContractReserve）：一般为金融类:保险公司披露科目"}, {"column": "LTAccountPayableTotal", "desc": "长期应付款合计"}, {"column": "AgencyBusAssets", "desc": "代理业务资产"}, {"column": "FinAssetsAtFValTOCI", "desc": "以公允价值计量且其变动计入其他综合收益的金融资产"}, {"column": "SubLoan", "desc": "委托贷款"}, {"column": "PubWBiologicalAssets", "desc": "公益性生物资产"}, {"column": "AgencyBusLiability", "desc": "代理业务负债"}, {"column": "SECParentCompanyOwners", "desc": "其中:归属于母公司普通股股东权益"}, {"column": "TSEExceptionalItems", "desc": "##所有者权益(或股东权益)特殊项目"}]}]

请选择column，务必遵循输出的格式要求。

>>>>> Agent【Check_db_structure.columns_selector】 Said:
【分析】
用户询问的是四川长虹电器股份有限公司（证券代码600839）在2019年母公司一季报中预付款项的金额。

【信息所在字段】
- astockfinancedb.lc_balancesheetall.AdvancePayment: 这个字段包含预付款项的金额信息，对应用户提问中的预付款项金额。

【筛选条件所在字段】
- astockfinancedb.lc_balancesheetall.CompanyCode: 这个字段用于筛选四川长虹电器股份有限公司的财务报表，对应用户提问中的公司。
- astockfinancedb.lc_balancesheetall.InfoPublDate: 这个字段用于筛选2019年一季度的财务报表，对应用户提问中的时间条件。
- astockfinancedb.lc_balancesheetall.IfMerged: 这个字段用于筛选母公司的财务报表，对应用户提问中的母公司报表。

【选中的字段的清单】
```json
{"astockfinancedb.lc_balancesheetall": ["AdvancePayment", "CompanyCode", "InfoPublDate", "IfMerged"]}
```


>>>>> 【user】 Said:
之前已查询到信息如下:
查询结果表明: 查询到的四川长虹电器股份有限公司的证券代码为600839。

请问:四川长虹电器股份有限公司（证券代码600839）在2019年母公司一季报中预付款项的金额是多少？

>>>>> Agent【Sql_query.master】 Said:
【已知信息】
- 四川长虹电器股份有限公司的证券代码为600839。
- 需要查询2019年母公司一季报中的预付款项金额。

【当前阶段要获取的信息】
- 2019年母公司一季报中的预付款项金额。

【信息所在字段】
- `AdvancePayment`（预付款项(元)）在 `astockfinancedb.lc_balancesheetall` 表中。

【筛选条件所在字段】
- `CompanyCode`（公司代码）在 `astockfinancedb.lc_balancesheetall` 表中。
- `IfMerged`（是否合并）在 `astockfinancedb.lc_balancesheetall` 表中。
- `InfoPublDate`（信息发布日期）在 `astockfinancedb.lc_balancesheetall` 表中。

【SQL语句的思路】
1. 使用 `CompanyCode` 筛选四川长虹电器股份有限公司的记录。
2. 使用 `IfMerged` 筛选母公司报表（值为2）。
3. 使用 `InfoPublDate` 筛选2019年第一季度的报表（2019年4月到6月发布的报表）。
4. 选择 `AdvancePayment` 字段获取预付款项金额。

【执行SQL语句】
```exec_sql
SELECT AdvancePayment 
FROM astockfinancedb.lc_balancesheetall 
WHERE CompanyCode = 1772 
  AND IfMerged = 2 
  AND DATE(InfoPublDate) BETWEEN '2019-04-01' AND '2019-06-30'
LIMIT 1;
```

【上述SQL语句的含义】
- 从 `astockfinancedb.lc_balancesheetall` 表中查询 `AdvancePayment`（预付款项）。
- 筛选条件为 `CompanyCode` 等于1772（四川长虹电器股份有限公司的公司代码）。
- `IfMerged` 等于2，表示母公司报表。
- `InfoPublDate` 在2019年4月1日至2019年6月30日之间，表示2019年第一季度发布的报表。
- `LIMIT 1` 确保只返回一条记录。

>>>>> 查询sql:
SELECT AdvancePayment 
FROM astockfinancedb.lc_balancesheetall 
WHERE CompanyCode = 1772 
  AND IfMerged = 2 
  AND DATE(InfoPublDate) BETWEEN '2019-04-01' AND '2019-06-30'
LIMIT 1;
查询结果:
[{"AdvancePayment": 1581049933.89}]


>>>>> 【user】 Said:
查询SQL:
SELECT AdvancePayment 
FROM astockfinancedb.lc_balancesheetall 
WHERE CompanyCode = 1772 
  AND IfMerged = 2 
  AND DATE(InfoPublDate) BETWEEN '2019-04-01' AND '2019-06-30'
LIMIT 1;
查询结果:
[{"AdvancePayment": 1581049933.89}]

请理解查询结果

>>>>> Agent【Sql_query.understand_query_result】 Said:
查询结果表明: 该查询从`astockfinancedb.lc_balancesheetall`表中获取了公司代码为1772的母公司（IfMerged = 2）在2019年4月1日至2019年6月30日期间发布的财务报表中的预付款项（AdvancePayment）字段值，结果显示该期间内该公司的预付款项为1581049933.89元。由于使用了LIMIT 1，只返回了该时间段内的第一条记录。


>>>>> 【user】 Said:
查询SQL:
SELECT AdvancePayment 
FROM astockfinancedb.lc_balancesheetall 
WHERE CompanyCode = 1772 
  AND IfMerged = 2 
  AND DATE(InfoPublDate) BETWEEN '2019-04-01' AND '2019-06-30'
LIMIT 1;
查询结果:
[{"AdvancePayment": 1581049933.89}]

查询结果表明: 该查询从`astockfinancedb.lc_balancesheetall`表中获取了公司代码为1772的母公司（IfMerged = 2）在2019年4月1日至2019年6月30日期间发布的财务报表中的预付款项（AdvancePayment）字段值，结果显示该期间内该公司的预付款项为1581049933.89元。由于使用了LIMIT 1，只返回了该时间段内的第一条记录。

当前掌握的信息是否能够回答"四川长虹电器股份有限公司（证券代码600839）在2019年母公司一季报中预付款项的金额是多少？"？还是要继续执行下一阶段SQL查询？

>>>>> Agent【Sql_query.master】 Said:
【已知信息】
- 四川长虹电器股份有限公司的证券代码为600839。
- 查询到的2019年母公司一季报中的预付款项金额为1581049933.89元。

【当前阶段要获取的信息】
- 无需继续执行SQL查询，当前掌握的信息已能回答问题。

【信息所在字段】
- 无需继续执行SQL查询。

【筛选条件所在字段】
- 无需继续执行SQL查询。

【SQL语句的思路】
- 无需继续执行SQL查询。

【执行SQL语句】
- 无

【上述SQL语句的含义】
- 无需继续执行SQL查询。

**结论**：
当前掌握的信息已能够回答“四川长虹电器股份有限公司（证券代码600839）在2019年母公司一季报中预付款项的金额是多少？”这一问题。预付款项金额为1581049933.89元。无需继续执行下一阶段SQL查询。


>>>>> 【user】 Said:
充分尊重前面给出的结论，回答问题:"四川长虹电器股份有限公司（证券代码600839）在2019年母公司一季报中预付款项的金额是多少？"

>>>>> Agent【Sql_query.summary】 Said:
四川长虹电器股份有限公司（证券代码600839）在2019年母公司一季报中预付款项的金额是1581049933.89元。
