
>>>>> Original Question: 基于上述资金流向数据，大单对比小单的净买入率(额)差值是多少个百分点？这种资金流向组合反映了什么现象？ (保留两位小数)


>>>>> 【user】 Said:
提取下面这段文字里的实体，如公司名、股票代码等，如果识别结果是空，那么就回复No Entities."基于上述资金流向数据，大单对比小单的净买入率(额)差值是多少个百分点？这种资金流向组合反映了什么现象？ (保留两位小数)"

>>>>> Agent【extract_company】 Said:
No Entities


>>>>> 【user】 Said:
下面是顺序的历史问答:
'''
Question: 中兵红箭在2021-12-24这天，小单、中单和大单的净流入情况如何？净流入额分别是多少？(单位：元)
Answer: 小单净流入: -151394202元, 中单净流入: -4566078元, 大单净流入: 175788663元
'''
现在用户继续提问，请根据已知信息，理解当前这个问题的完整含义，并重写这个问题使得单独拿出来看仍然能够正确理解：基于上述资金流向数据，大单对比小单的净买入率(额)差值是多少个百分点？这种资金流向组合反映了什么现象？ (保留两位小数)

>>>>> Agent【rewrite_question】 Said:
基于2021年12月24日中兵红箭的资金流向数据，大单对比小单的净买入率（额）差值是多少个百分点？这种资金流向组合反映了什么现象？(保留两位小数)

>>>>> 已知事实:
中兵红箭的关联信息有:[所在数据表是constantdb.secumain;InnerCode(证券内部编码)是201;CompanyCode(公司代码)是165;ChiName(中文名称)是中兵红箭股份有限公司;EngName(英文名称)是North Industries Group Red Arrow Co.,Ltd.;SecuCode(证券代码)是000519;]

>>>>> 【user】 Said:
请选择db，务必遵循输出的格式要求。

>>>>> Agent【Check_db_structure.db_selector】 Said:
【分析】
用户需要获取2021年12月24日中兵红箭的资金流向数据，特别是大单和小单的净买入率（额）差值。这涉及到具体的股票交易数据和资金流向分析。根据知识库，`astockmarketquotesdb`数据库记录了境内股票的交易行情和资金流向数据，是最适合获取此类信息的数据库。

【选中的数据库】
- astockmarketquotesdb: 这个数据库包含股票的交易行情和资金流向数据，可以提供大单和小单的净买入率（额）信息。

【选中的数据库的清单】
```json
["astockmarketquotesdb"]
```


>>>>> 【user】 Said:
数据库表信息如下:
[{"表名": "astockmarketquotesdb.cs_stockcapflowindex", "说明": "该数据表记录了证券交易相关的详细数据，涵盖交易日期、时间区间等基本信息，以及按小单、中单、大单、超大单、主力单和全单分类的交易统计数据，包括流入流出金额、流入流出量、流入流出笔数、净流入流出额与量、买入卖出率（按金额和数量计算）、净买入率及其与流通市值或流通股本的比值等。此外，还细分了主动买入卖出相关的金额、数量、笔数及其比率等指标，全面反映了不同交易规模下的资金流向和市场行为特征。"}, {"表名": "astockmarketquotesdb.cs_turnovervoltecindex", "说明": "该数据表记录了证券交易的相关数据，包含多个类别的字段信息。基本信息包括证券内部编码、聚源代码、交易日期、证券市场等；时间维度涵盖指标周期；成交额和成交量的统计指标包括简单移动平均值（如5日、10日、20日、30日、60日、120日、250日等周期的AMA和VMA）、指数平滑异同平均（如VMACD_EMA12、VMACD_EMA26、VMACD_DIFF、VMACD_DEA、VMACD_MACD）等；成交量的波动性与强弱分析指标包括量比、成交量震荡指标(VOSC)、加权指数成交量(TAPI及其均值TAPIMA)、成交量标准差(VSTD)、量变动速率(VROC)、成交量比率(VR)、量相对强弱(VRSI)等，全面反映证券交易的量价变化及趋势特征。"}, {"表名": "astockmarketquotesdb.cs_stockpatterns", "说明": "该数据表主要用于记录证券交易的多维度表现与趋势分析，涵盖基础信息如证券内部编码、交易日、聚源代码、证券市场等；高点与低点分析，包括价格、收盘价、成交量、成交金额在近一周、一个月、一季度、半年、一年及上市以来的创高或创低情况；历史新高新低统计，记录不同时间区间内创历史新高或新低的次数；趋势与形态分析，如连涨天数、连跌天数、连续放量或缩量天数，以及对5日、10日、20日、60日均线的有效突破情况；其他指标如N天M板表现和均线多空头排列的看涨看跌信号，为证券的短期与长期走势提供综合性参考。"}, {"表名": "astockmarketquotesdb.qt_dailyquote", "说明": "该数据表记录了证券交易的核心信息，包括证券的唯一标识\"证券内部编码\"，交易日期\"交易日\"，以及价格相关数据如\"昨收盘价\"、\"今开盘价\"、\"最高价\"、\"最低价\"和\"收盘价\"（单位均为元）；还包含交易活动指标，如\"成交量\"（股）、\"成交金额\"（元）和\"成交笔数\"（笔），全面反映了每日交易的市场表现。"}, {"表名": "astockmarketquotesdb.qt_stockperformance", "说明": "该数据表涵盖了证券交易的多维度信息，包括基本标识字段如证券内部编码和交易日；价格相关信息如开盘价、收盘价、最高价、最低价、均价以及涨跌幅、振幅等；成交数据如成交量、成交金额、换手率及其日均值；时间维度统计如周、月、三个月、六个月、十二个月及今年以来的价格、成交量、成交金额、涨跌幅、振幅、换手率等汇总指标；自由流通股本相关的换手率及其日均值；市场表现指标如Beta值（相对于不同基准指数）、阿尔法值、波动率、夏普比率、市场收益率等；市值信息包括总市值和流通市值；特殊价格指标如上市以来后复权的最高价、最低价及对应时间。该表全面整合了短期和长期的交易数据、市场表现以及统计汇总，为证券分析提供了丰富的基础数据支持。"}, {"表名": "astockmarketquotesdb.lc_suspendresumption", "说明": "该数据表主要记录证券停复牌相关信息，包括证券标识字段如证券内部编码，时间相关字段如信息发布日期、停牌日期、停牌时间、复牌日期、复牌时间，信息来源字段如信息来源，停复牌详情字段如停牌原因、停牌事项说明、停牌期限、停牌期限类型及复牌事项说明等，全面描述了证券停复牌的时间、原因及相关说明。"}]

请选择table，务必遵循输出的格式要求。

>>>>> Agent【Check_db_structure.table_selector】 Said:
【分析】
要计算中兵红箭在2021年12月24日的大单与小单的净买入率差值，需要用到记录证券交易相关详细数据，特别是涵盖不同交易规模（如大单、小单）的资金流向数据的表。根据已知信息，`astockmarketquotesdb.cs_stockcapflowindex` 表包含了按小单、大单等分类的交易统计数据，包括净买入率等信息，因此是最合适的选择。

【选中的数据表】
- astockmarketquotesdb.cs_stockcapflowindex: 这个数据表记录了证券交易相关的详细数据，涵盖交易日期、时间区间等基本信息，以及按小单、大单等分类的交易统计数据，包括净买入率等。

【选中的数据库表的清单】
```json
["astockmarketquotesdb.cs_stockcapflowindex"]
```


>>>>> 【user】 Said:
已取得可用的数据表的字段信息如下:
[{"表名": "astockmarketquotesdb.cs_stockcapflowindex", "表字段": [{"column": "InnerCode", "desc": "证券内部编码；，得到股票的证券代码、简称等其他详细信息。"}, {"column": "TradingDay", "desc": "交易日期"}, {"column": "TimeRange", "desc": "成交时间区间；成交时间区间(TimeRange)，该字段固定以下常量：1-全盘，2-开盘，3-尾盘"}, {"column": "SmallBuyValue", "desc": "小单流入额(元)；小单：单笔成交量区间为[0，2w)或成交金额区间为[0，4w)"}, {"column": "SmallSellValue", "desc": "小单流出额(元)"}, {"column": "SmallBuyVolume", "desc": "小单流入量(股)"}, {"column": "SmallSellVolume", "desc": "小单流出量(股)"}, {"column": "SmallBuyNum", "desc": "小单流入笔数"}, {"column": "SmallSellNum", "desc": "小单流出笔数"}, {"column": "SmallNetBuyValue", "desc": "小单净流入额(元)"}, {"column": "SmallNetBuyVolume", "desc": "小单净流入量(股)"}, {"column": "SmallBValueRatio", "desc": "小单买入率(额)"}, {"column": "SmallSValueRatio", "desc": "小单卖出率(额)"}, {"column": "SmallBVolumeRatio", "desc": "小单买入率(量)"}, {"column": "SmallSVolumeRatio", "desc": "小单卖出率(量)"}, {"column": "SmallNBValueRatio", "desc": "小单净买入率(额)"}, {"column": "SmallNBVFloatMVRatio", "desc": "小单净买入额流通市值比"}, {"column": "SmallNBVolumeRatio", "desc": "小单净买入率(量)"}, {"column": "SmallNBVFloatSRatio", "desc": "小单净买入量流通股本比"}, {"column": "SmallActBuyValue", "desc": "小单主动流入额(元)"}, {"column": "SmallActSellValue", "desc": "小单主动流出额(元)"}, {"column": "SmallActBuyVolume", "desc": "小单主动流入量(股)"}, {"column": "SmallActSellVolume", "desc": "小单主动流出量(股)"}, {"column": "SmallActBuyNum", "desc": "小单主动流入笔数"}, {"column": "SmallActSellNum", "desc": "小单主动流出笔数"}, {"column": "SmallNetActBuyValue", "desc": "小单净主动流入额(元)"}, {"column": "SmallNetActBuyVolume", "desc": "小单净主动流入量(股)"}, {"column": "SmallABValueRatio", "desc": "小单主动买入率(额)"}, {"column": "SmallASValueRatio", "desc": "小单主动卖出率(额)"}, {"column": "SmallABVolumeRatio", "desc": "小单主动买入率(量)"}, {"column": "SmallASVolumeRatio", "desc": "小单主动卖出率(量)"}, {"column": "SmallNABValueRatio", "desc": "小单净主动买入率(额)"}, {"column": "SmallNABVFloatMVRatio", "desc": "小单净主动买入额流通市值比"}, {"column": "SmallNABVolumeRatio", "desc": "小单净主动买入率(量)"}, {"column": "SmallNABVFloatSRatio", "desc": "小单净主动买入量流通股本比"}, {"column": "MediumBuyValue", "desc": "中单流入额(元)；中单：单笔成交量区间为[2w，10w)或成交金额区间为[4w，20w)"}, {"column": "MediumSellValue", "desc": "中单流出额(元)"}, {"column": "MediumBuyVolume", "desc": "中单流入量(股)"}, {"column": "MediumSellVolume", "desc": "中单流出量(股)"}, {"column": "MediumBuyNum", "desc": "中单流入笔数"}, {"column": "MediumSellNum", "desc": "中单流出笔数"}, {"column": "MediumNetBuyValue", "desc": "中单净流入额(元)"}, {"column": "MediumNetBuyVolume", "desc": "中单净流入量(股)"}, {"column": "MediumBValueRatio", "desc": "中单买入率(额)"}, {"column": "MediumSValueRatio", "desc": "中单卖出率(额)"}, {"column": "MediumBVolumeRatio", "desc": "中单买入率(量)"}, {"column": "MediumSVolumeRatio", "desc": "中单卖出率(量)"}, {"column": "MediumNBValueRatio", "desc": "中单净买入率(额)"}, {"column": "MediumNBVFloatMVRatio", "desc": "中单净买入额流通市值比"}, {"column": "MediumNBVolumeRatio", "desc": "中单净买入率(量)"}, {"column": "MediumNBVFloatSRatio", "desc": "中单净买入量流通股本比"}, {"column": "MediumActBuyValue", "desc": "中单主动流入额(元)"}, {"column": "MediumActSellValue", "desc": "中单主动流出额(元)"}, {"column": "MediumActBuyVolume", "desc": "中单主动流入量(股)"}, {"column": "MediumActSellVolume", "desc": "中单主动流出量(股)"}, {"column": "MediumActBuyNum", "desc": "中单主动流入笔数"}, {"column": "MediumActSellNum", "desc": "中单主动流出笔数"}, {"column": "MediumNetActBuyValue", "desc": "中单净主动流入额(元)"}, {"column": "MediumNetActBuyVolume", "desc": "中单净主动流入量(股)"}, {"column": "MediumABValueRatio", "desc": "中单主动买入率(额)"}, {"column": "MediumASValueRatio", "desc": "中单主动卖出率(额)"}, {"column": "MediumABVolumeRatio", "desc": "中单主动买入率(量)"}, {"column": "MediumASVolumeRatio", "desc": "中单主动卖出率(量)"}, {"column": "MediumNABValueRatio", "desc": "中单净主动买入率(额)"}, {"column": "MediumNABVFloatMVRatio", "desc": "中单净主动买入额流通市值比"}, {"column": "MediumNABVolumeRatio", "desc": "中单净主动买入率(量)"}, {"column": "MediumNABVFloatSRatio", "desc": "中单净主动买入量流通股本比"}, {"column": "LargeBuyValue", "desc": "大单流入额(元)；大单：单笔成交量区间为[10w，50w)或成交金额区间为[20w，100w)"}, {"column": "LargeSellValue", "desc": "大单流出额(元)"}, {"column": "LargeBuyVolume", "desc": "大单流入量(股)"}, {"column": "LargeSellVolume", "desc": "大单流出量(股)"}, {"column": "LargeBuyNum", "desc": "大单流入笔数"}, {"column": "LargeSellNum", "desc": "大单流出笔数"}, {"column": "LargeNetBuyValue", "desc": "大单净流入额(元)"}, {"column": "LargeNetBuyVolume", "desc": "大单净流入量(股)"}, {"column": "LargeBValueRatio", "desc": "大单买入率(额)"}, {"column": "LargeSValueRatio", "desc": "大单卖出率(额)"}, {"column": "LargeBVolumeRatio", "desc": "大单买入率(量)"}, {"column": "LargeSVolumeRatio", "desc": "大单卖出率(量)"}, {"column": "LargeNBValueRatio", "desc": "大单净买入率(额)"}, {"column": "LargeNBVFloatMVRatio", "desc": "大单净买入额流通市值比"}, {"column": "LargeNBVolumeRatio", "desc": "大单净买入率(量)"}, {"column": "LargeNBVFloatSRatio", "desc": "大单净买入量流通股本比"}, {"column": "LargeActBuyValue", "desc": "大单主动流入额(元)"}, {"column": "LargeActSellValue", "desc": "大单主动流出额(元)"}, {"column": "LargeActBuyVolume", "desc": "大单主动流入量(股)"}, {"column": "LargeActSellVolume", "desc": "大单主动流出量(股)"}, {"column": "LargeActBuyNum", "desc": "大单主动流入笔数"}, {"column": "LargeActSellNum", "desc": "大单主动流出笔数"}, {"column": "LargeNetActBuyValue", "desc": "大单净主动流入额(元)"}, {"column": "LargeNetActBuyVolume", "desc": "大单净主动流入量(股)"}, {"column": "LargeABValueRatio", "desc": "大单主动买入率(额)"}, {"column": "LargeASValueRatio", "desc": "大单主动卖出率(额)"}, {"column": "LargeABVolumeRatio", "desc": "大单主动买入率(量)"}, {"column": "LargeASVolumeRatio", "desc": "大单主动卖出率(量)"}, {"column": "LargeNABValueRatio", "desc": "大单净主动买入率(额)"}, {"column": "LargeNABVFloatMVRatio", "desc": "大单净主动买入额流通市值比"}, {"column": "LargeNABVolumeRatio", "desc": "大单净主动买入率(量)"}, {"column": "LargeNABVFloatSRatio", "desc": "大单净主动买入量流通股本比"}, {"column": "HugeBuyValue", "desc": "超大单流入额(元)；超大单：单笔成交量区间为[50w，+∞)或成交金额区间为[100w，+∞)"}, {"column": "HugeSellValue", "desc": "超大单流出额(元)"}, {"column": "HugeBuyVolume", "desc": "超大单流入量(股)"}, {"column": "HugeSellVolume", "desc": "超大单流出量(股)"}, {"column": "HugeBuyNum", "desc": "超大单流入笔数"}, {"column": "HugeSellNum", "desc": "超大单流出笔数"}, {"column": "HugeNetBuyValue", "desc": "超大单净流入额(元)"}, {"column": "HugeNetBuyVolume", "desc": "超大单净流入量(股)"}, {"column": "HugeBValueRatio", "desc": "超大单买入率(额)"}, {"column": "HugeSValueRatio", "desc": "超大单卖出率(额)"}, {"column": "HugeBVolumeRatio", "desc": "超大单买入率(量)"}, {"column": "HugeSVolumeRatio", "desc": "超大单卖出率(量)"}, {"column": "HugeNBValueRatio", "desc": "超大单净买入率(额)"}, {"column": "HugeNBVFloatMVRatio", "desc": "超大单净买入额流通市值比"}, {"column": "HugeNBVolumeRatio", "desc": "超大单净买入率(量)"}, {"column": "HugeNBVFloatSRatio", "desc": "超大单净买入量流通股本比"}, {"column": "HugeActBuyValue", "desc": "超大单主动流入额(元)"}, {"column": "HugeActSellValue", "desc": "超大单主动流出额(元)"}, {"column": "HugeActBuyVolume", "desc": "超大单主动流入量(股)"}, {"column": "HugeActSellVolume", "desc": "超大单主动流出量(股)"}, {"column": "HugeActBuyNum", "desc": "超大单主动流入笔数"}, {"column": "HugeActSellNum", "desc": "超大单主动流出笔数"}, {"column": "HugeNetActBuyValue", "desc": "超大单净主动流入额(元)"}, {"column": "HugeNetActBuyVolume", "desc": "超大单净主动流入量(股)"}, {"column": "HugeABValueRatio", "desc": "超大单主动买入率(额)"}, {"column": "HugeASValueRatio", "desc": "超大单主动卖出率(额)"}, {"column": "HugeABVolumeRatio", "desc": "超大单主动买入率(量)"}, {"column": "HugeASVolumeRatio", "desc": "超大单主动卖出率(量)"}, {"column": "HugeNABValueRatio", "desc": "超大单净主动买入率(额)"}, {"column": "HugeNABVFloatMVRatio", "desc": "超大单净主动买入额流通市值比"}, {"column": "HugeNABVolumeRatio", "desc": "超大单净主动买入率(量)"}, {"column": "HugeNABVFloatSRatio", "desc": "超大单净主动买入量流通股本比"}, {"column": "MainBuyValue", "desc": "主力流入额(元)；主力=大单+超大单"}, {"column": "MainSellValue", "desc": "主力流出额(元)"}, {"column": "MainBuyVolume", "desc": "主力流入量(股)"}, {"column": "MainSellVolume", "desc": "主力流出量(股)"}, {"column": "MainBuyNum", "desc": "主力流入笔数"}, {"column": "MainSellNum", "desc": "主力流出笔数"}, {"column": "MainNetBuyValue", "desc": "主力净流入额(元)1"}, {"column": "MainNetBuyVolume", "desc": "主力净流入量(股)1"}, {"column": "MainBValueRatio", "desc": "主力买入率(额)"}, {"column": "MainSValueRatio", "desc": "主力卖出率(额)"}, {"column": "MainBVolumeRatio", "desc": "主力买入率(量)"}, {"column": "MainSVolumeRatio", "desc": "主力卖出率(量)"}, {"column": "MainNBValueRatio", "desc": "主力净买入率(额)"}, {"column": "MainNBVFloatMVRatio", "desc": "主力净买入额流通市值比"}, {"column": "MainNBVolumeRatio", "desc": "主力净买入率(量)"}, {"column": "MainNBVFloatSRatio", "desc": "主力净买入量流通股本比"}, {"column": "MainActBuyValue", "desc": "主力主动流入额(元)"}, {"column": "MainActSellValue", "desc": "主力主动流出额(元)"}, {"column": "MainActBuyVolume", "desc": "主力主动流入量(股)"}, {"column": "MainActSellVolume", "desc": "主力主动流出量(股)"}, {"column": "MainActBuyNum", "desc": "主力主动流入笔数"}, {"column": "MainActSellNum", "desc": "主力主动流出笔数"}, {"column": "MainNetActBuyValue", "desc": "主力净主动流入额(元)"}, {"column": "MainNetActBuyVolume", "desc": "主力净主动流入量(股)"}, {"column": "MainABValueRatio", "desc": "主力主动买入率(额)"}, {"column": "MainASValueRatio", "desc": "主力主动卖出率(额)"}, {"column": "MainABVolumeRatio", "desc": "主力主动买入率(量)"}, {"column": "MainASVolumeRatio", "desc": "主力主动卖出率(量)"}, {"column": "MainNABValueRatio", "desc": "主力净主动买入率(额)"}, {"column": "MainNABVFloatMVRatio", "desc": "主力净主动买入额流通市值比"}, {"column": "MainNABVolumeRatio", "desc": "主力净主动买入率(量)"}, {"column": "MainNABVFloatSRatio", "desc": "主力净主动买入量流通股本比"}, {"column": "TotalBuyValue", "desc": "全单流入额(元)；全单=小单+中单+大单+超大单"}, {"column": "TotalSellValue", "desc": "全单流出额(元)"}, {"column": "TotalBuyVolume", "desc": "全单流入量(股)"}, {"column": "TotalSellVolume", "desc": "全单流出量(股)"}, {"column": "TotalBuyNum", "desc": "全单流入笔数"}, {"column": "TotalSellNum", "desc": "全单流出笔数"}, {"column": "TotalNetBuyValue", "desc": "全单净流入额(元)"}, {"column": "TotalNetBuyVolume", "desc": "全单净流入量(股)"}, {"column": "TotalBValueRatio", "desc": "全单买入率(额)"}, {"column": "TotalSValueRatio", "desc": "全单卖出率(额)"}, {"column": "TotalBVolumeRatio", "desc": "全单买入率(量)"}, {"column": "TotalSVolumeRatio", "desc": "全单卖出率(量)"}, {"column": "TotalNBValueRatio", "desc": "全单净买入率(额)"}, {"column": "TotalNBVFloatMVRatio", "desc": "全单净买入额流通市值比"}, {"column": "TotalNBVolumeRatio", "desc": "全单净买入率(量)"}, {"column": "TotalNBVFloatSRatio", "desc": "全单净买入量流通股本比"}, {"column": "TotalActBuyValue", "desc": "全单主动流入额(元)"}, {"column": "TotalActSellValue", "desc": "全单主动流出额(元)"}, {"column": "TotalActBuyVolume", "desc": "全单主动流入量(股)"}, {"column": "TotalActSellVolume", "desc": "全单主动流出量(股)"}, {"column": "TotalActBuyNum", "desc": "全单主动流入笔数"}, {"column": "TotalActSellNum", "desc": "全单主动流出笔数"}, {"column": "TotalNetActBuyValue", "desc": "全单净主动流入额(元)"}, {"column": "TotalNetActBuyVolume", "desc": "全单净主动流入量(股)"}, {"column": "TotalABValueRatio", "desc": "全单主动买入率(额)"}, {"column": "TotalASValueRatio", "desc": "全单主动卖出率(额)"}, {"column": "TotalABVolumeRatio", "desc": "全单主动买入率(量)"}, {"column": "TotalASVolumeRatio", "desc": "全单主动卖出率(量)"}, {"column": "TotalNABValueRatio", "desc": "全单净主动买入率(额)"}, {"column": "TotalNABVFloatMVRatio", "desc": "全单净主动买入额流通市值比"}, {"column": "TotalNABVolumeRatio", "desc": "全单净主动买入率(量)"}, {"column": "TotalNABVFloatSRatio", "desc": "全单净主动买入量流通股本比"}]}]

请选择column，务必遵循输出的格式要求。

>>>>> Agent【Check_db_structure.columns_selector】 Said:
【分析】
用户提问要求基于2021年12月24日中兵红箭的资金流向数据，计算大单对比小单的净买入率（额）差值，并分析这种现象。净买入率（额）是指买入额减去卖出额后的净额与总成交额的比率。大单和小单的界定依据单笔成交量和成交金额的不同区间。

【信息所在字段】
- astockmarketquotesdb.cs_stockcapflowindex.InnerCode: 证券内部编码，用于确定中兵红箭的资金流向数据
- astockmarketquotesdb.cs_stockcapflowindex.TradingDay: 交易日期，用于筛选2021年12月24日的数据
- astockmarketquotesdb.cs_stockcapflowindex.LargeNBValueRatio: 大单净买入率(额)，用于计算大单的净买入率
- astockmarketquotesdb.cs_stockcapflowindex.SmallNBValueRatio: 小单净买入率(额)，用于计算小单的净买入率

【筛选条件所在字段】
- astockmarketquotesdb.cs_stockcapflowindex.InnerCode: 证券内部编码，用于筛选中兵红箭的数据
- astockmarketquotesdb.cs_stockcapflowindex.TradingDay: 交易日期，用于筛选2021年12月24日的数据

【选中的字段的清单】
```json
{
  "astockmarketquotesdb.cs_stockcapflowindex": [
    "InnerCode",
    "TradingDay",
    "LargeNBValueRatio",
    "SmallNBValueRatio"
  ]
}
```


>>>>> 【user】 Said:
之前已查询到信息如下:
查询结果表明: 在交易日期为2021年12月24日的情况下，证券内部编码为201的股票，小单净流入额为-151394202元（即净流出151394202元），中单净流入额为-4566078元（即净流出4566078元），大单净流入额为175788663元（即净流入175788663元）。

请问:基于2021年12月24日中兵红箭的资金流向数据，大单对比小单的净买入率（额）差值是多少个百分点？这种资金流向组合反映了什么现象？(保留两位小数)

>>>>> Agent【Sql_query.master】 Said:
【已知信息】
- 交易日期：2021年12月24日
- 证券内部编码：201
- 小单净流入额：-151394202元
- 中单净流入额：-4566078元
- 大单净流入额：175788663元

【当前阶段要获取的信息】
- 大单对比小单的净买入率（额）差值（保留两位小数）

【信息所在字段】
- 小单净买入率（额）：SmallNBValueRatio
- 大单净买入率（额）：LargeNBValueRatio

【筛选条件所在字段】
- 交易日期：TradingDay
- 证券内部编码：InnerCode

【SQL语句的思路】
1. 从`astockmarketquotesdb.cs_stockcapflowindex`表中查询2021年12月24日，证券内部编码为201的记录。
2. 获取该记录的小单净买入率（SmallNBValueRatio）和大单净买入率（LargeNBValueRatio）。
3. 计算大单净买入率与小单净买入率的差值，并保留两位小数。

【执行SQL语句】
```exec_sql
SELECT 
    LargeNBValueRatio - SmallNBValueRatio AS NetBuyRateDifference
FROM 
    astockmarketquotesdb.cs_stockcapflowindex
WHERE 
    TradingDay = '2021-12-24' 
    AND InnerCode = 201
```

【上述SQL语句的含义】
- 从`astockmarketquotesdb.cs_stockcapflowindex`表中筛选出2021年12月24日，证券内部编码为201的记录。
- 计算大单净买入率（LargeNBValueRatio）与小单净买入率（SmallNBValueRatio）的差值，并将其命名为NetBuyRateDifference。

关于资金流向组合反映的现象，将在获取差值后进行分析。

>>>>> 查询sql:
SELECT 
    LargeNBValueRatio - SmallNBValueRatio AS NetBuyRateDifference
FROM 
    astockmarketquotesdb.cs_stockcapflowindex
WHERE 
    TradingDay = '2021-12-24' 
    AND InnerCode = 201;
查询结果:
[]


>>>>> 【user】 Said:
查询SQL:
SELECT 
    LargeNBValueRatio - SmallNBValueRatio AS NetBuyRateDifference
FROM 
    astockmarketquotesdb.cs_stockcapflowindex
WHERE 
    TradingDay = '2021-12-24' 
    AND InnerCode = 201;
查询结果:
[]

请检查筛选条件是否存在问题，比如时间日期字段没有用DATE()或YEAR()格式化？

>>>>> Agent【Sql_query.master】 Said:
【已知信息】
- 交易日期：2021年12月24日
- 证券内部编码：201
- 小单净流入额：-151394202元
- 中单净流入额：-4566078元
- 大单净流入额：175788663元

【当前阶段要获取的信息】
- 大单对比小单的净买入率（额）差值（保留两位小数）

【信息所在字段】
- 小单净买入率（额）：SmallNBValueRatio
- 大单净买入率（额）：LargeNBValueRatio

【筛选条件所在字段】
- 交易日期：TradingDay
- 证券内部编码：InnerCode

【SQL语句的思路】
1. 检查时间日期字段是否需要使用`DATE()`进行格式化。
2. 重新执行查询，确保时间日期字段格式正确。

【执行SQL语句】
```exec_sql
SELECT 
    LargeNBValueRatio - SmallNBValueRatio AS NetBuyRateDifference
FROM 
    astockmarketquotesdb.cs_stockcapflowindex
WHERE 
    DATE(TradingDay) = '2021-12-24' 
    AND InnerCode = 201
```

【上述SQL语句的含义】
- 从`astockmarketquotesdb.cs_stockcapflowindex`表中筛选出日期为2021年12月24日（使用`DATE()`函数格式化），证券内部编码为201的记录。
- 计算大单净买入率（LargeNBValueRatio）与小单净买入率（SmallNBValueRatio）的差值，并将其命名为NetBuyRateDifference。

如果此次查询结果仍为空，将进一步检查其他可能的筛选条件问题。

>>>>> 查询sql:
SELECT 
    LargeNBValueRatio - SmallNBValueRatio AS NetBuyRateDifference
FROM 
    astockmarketquotesdb.cs_stockcapflowindex
WHERE 
    DATE(TradingDay) = '2021-12-24' 
    AND InnerCode = 201;
查询结果:
[{"NetBuyRateDifference": 14.397}]


>>>>> 【user】 Said:
查询SQL:
SELECT 
    LargeNBValueRatio - SmallNBValueRatio AS NetBuyRateDifference
FROM 
    astockmarketquotesdb.cs_stockcapflowindex
WHERE 
    DATE(TradingDay) = '2021-12-24' 
    AND InnerCode = 201;
查询结果:
[{"NetBuyRateDifference": 14.397}]

请理解查询结果

>>>>> Agent【Sql_query.understand_query_result】 Said:
查询结果表明: 在2021年12月24日的交易中，证券内部编码为201的股票，其大单净买入率（LargeNBValueRatio）与小单净买入率（SmallNBValueRatio）之差为14.397。这个差值反映了该股票在当天大单和小单交易中的净买入率差异。


>>>>> 【user】 Said:
查询SQL:
SELECT 
    LargeNBValueRatio - SmallNBValueRatio AS NetBuyRateDifference
FROM 
    astockmarketquotesdb.cs_stockcapflowindex
WHERE 
    DATE(TradingDay) = '2021-12-24' 
    AND InnerCode = 201;
查询结果:
[{"NetBuyRateDifference": 14.397}]

查询结果表明: 在2021年12月24日的交易中，证券内部编码为201的股票，其大单净买入率（LargeNBValueRatio）与小单净买入率（SmallNBValueRatio）之差为14.397。这个差值反映了该股票在当天大单和小单交易中的净买入率差异。

当前掌握的信息是否能够回答"基于2021年12月24日中兵红箭的资金流向数据，大单对比小单的净买入率（额）差值是多少个百分点？这种资金流向组合反映了什么现象？(保留两位小数)"？还是要继续执行下一阶段SQL查询？

>>>>> Agent【Sql_query.master】 Said:
【已知信息】
- 交易日期：2021年12月24日
- 证券内部编码：201
- 小单净流入额：-151394202元
- 中单净流入额：-4566078元
- 大单净流入额：175788663元
- 大单净买入率与小单净买入率的差值：14.397

【当前阶段要获取的信息】
- 大单对比小单的净买入率（额）差值（保留两位小数）
- 这种资金流向组合反映的现象

【信息所在字段】
- 小单净买入率（额）：SmallNBValueRatio
- 大单净买入率（额）：LargeNBValueRatio

【筛选条件所在字段】
- 交易日期：TradingDay
- 证券内部编码：InnerCode

【SQL语句的思路】
- 已获取大单净买入率与小单净买入率的差值，无需进一步执行SQL查询。

【执行SQL语句】
无

【上述SQL语句的含义】
无

### 分析结果
1. **大单对比小单的净买入率（额）差值**：
   - 查询结果显示，差值为14.397个百分点。

2. **资金流向组合反映的现象**：
   - **大单净流入，小单净流出**：大单净买入率显著高于小单净买入率，表明大资金（机构或大户）在积极买入该股票，而小资金（散户）则在卖出。
   - **市场信心差异**：大资金的积极买入可能反映了机构对该股票未来走势的乐观预期，而小资金的卖出可能表明散户对该股票的短期走势持谨慎态度。
   - **潜在的价格支撑**：大单的持续买入可能会对股价形成支撑，短期内股价可能会有较好的表现。

综上所述，基于2021年12月24日中兵红箭的资金流向数据，大单对比小单的净买入率（额）差值为14.397个百分点。这种资金流向组合反映了大资金对该股票的积极看好，而小资金则相对谨慎，可能预示着短期内股价有上涨潜力。


>>>>> 【user】 Said:
充分尊重前面给出的结论，回答问题:"基于2021年12月24日中兵红箭的资金流向数据，大单对比小单的净买入率（额）差值是多少个百分点？这种资金流向组合反映了什么现象？(保留两位小数)"

>>>>> Agent【Sql_query.summary】 Said:
差值: 14.40个百分点
现象: 大资金积极买入，小资金卖出，反映机构看好，散户谨慎，股价可能有上涨潜力。
