
>>>>> Original Question: 在线教育属于科技概念的什么分支？这个概念的英文名称是什么？


>>>>> 【user】 Said:
已知事实:无。
历史问答:无。
现在用户继续提问，请根据已知信息，理解当前这个问题的完整含义，并重写这个问题使得单独拿出来看仍然能够正确理解：在线教育属于科技概念的什么分支？这个概念的英文名称是什么？

>>>>> Agent【rewrite_question】 Said:
在线教育属于科技概念的哪个具体分支？这个科技概念的英文名称是什么？


>>>>> 【user】 Said:
提取下面这段文字里的实体，如公司名、股票代码等，如果识别结果是空，那么就回复No Entities."在线教育属于科技概念的哪个具体分支？这个科技概念的英文名称是什么？"

>>>>> Agent【extract_company】 Said:
No Entities.

>>>>> 已知事实:


>>>>> 【user】 Said:
请选择db，务必遵循输出的格式要求。

>>>>> Agent【Check_db_structure.db_selector】 Said:
【分析】
用户提问关于在线教育属于科技概念的具体分支及其英文名称。根据已知数据库，没有直接记录在线教育及其具体分支的数据库。需要进一步分析与教育、科技行业相关的数据库，以便找到相关信息。

【选中的数据库】
- astockindustrydb: 该数据库记录了上市公司在行业划分、行业变更等方面的信息，可能包含在线教育行业的相关数据。

【选中的数据库的清单】
```json
["astockindustrydb"]
```


>>>>> 【user】 Said:
数据库表信息如下:
[{"表名": "astockindustrydb.lc_exgindustry", "说明": "该数据表包含与公司及行业相关的信息，主要字段包括公司标识信息如公司代码，信息动态如发布日期和来源，行业分类信息如行业划分标准、所属行业及是否执行，并提供多层级行业分类数据，包括一级至四级行业的代码和名称，以及取消日期等补充信息。"}, {"表名": "astockindustrydb.lc_exgindchange", "说明": "该数据表主要用于记录公司相关的行业信息和执行状态，字段包括公司基础信息如公司代码，公司动态信息如信息发布日期和信息来源，行业分类信息如行业划分标准、所属行业，以及多级行业信息包括一级到四级的行业代码和名称。此外，还包含执行状态相关字段如是否执行和取消日期。"}, {"表名": "astockindustrydb.lc_industryvaluation", "说明": "该数据表主要用于记录行业相关的统计信息和财务指标，包含以下字段：基础信息如行业内部编码、行业名称、行业代码、行业分类标准等；时间信息如交易日；统计维度如统计类型和统计板块；行业市值信息如总市值、A股流通市值、A股自由流通市值等；估值指标如滚动市盈率、静态市盈率、市净率、滚动股息率、滚动市现率、静态市现率、滚动市销率、静态市销率等；其他信息如上市证券数量和分类等，全面反映行业的市场表现和财务状况。"}, {"表名": "astockindustrydb.lc_indfinindicators", "说明": "该数据表主要用于描述行业相关的统计和财务信息，字段涵盖多个方面：基础信息如行业内部编码、名称、级别、代码及划分标准等；时间信息包括信息发布日期和截止日期；统计指标如统计类型和板块；财务数据包括行业营业收入、营业成本、营业利润、净利润及归属母公司净利润等，均提供TTM（滚动12个月）和累计值；资产与股本信息如总资产、净资产、总股本等；盈利能力指标包括每股收益、净资产收益率（平均、摊薄、TTM及扣除值）、总资产净利率、销售毛利率、销售净利率等；费用相关指标如财务费用率、销售费用率、期间费用率及营业总成本占比；运营效率指标包括存货周转率及天数、应收账款周转率及天数、总资产周转率等；现金流与偿债能力指标如经营现金流利息保障倍数、流动比率、速动比率、利息保障倍数等；增长性指标如归属母公司净利润同比增长、毛利润同比增长等；其他指标如资产负债率、有形资产净值占比、对外投资占比、预收账款占营业收入比、应收账款占营业收入比等，全面反映行业的财务状况、盈利能力、运营效率及偿债能力。"}, {"表名": "astockindustrydb.lc_coconcept", "说明": "该数据表主要用于记录证券相关概念及状态信息，包括证券内部编码和概念代码等基础标识信息，调入日期与调出日期等时间维度信息，所属状态及备注等描述性信息，以及信息发布日期等数据更新信息。"}, {"表名": "astockindustrydb.lc_conceptlist", "说明": "该数据表包含与概念分类相关的信息，包括一级和二级概念的代码和名称，以及概念板块的编码和名称。此外，还包括概念的时间信息如起始日期、结束日期和信息发布日期，状态信息如所属状态，以及补充信息如备注和概念英文名称。"}]

请选择table，务必遵循输出的格式要求。

>>>>> Agent【Check_db_structure.table_selector】 Said:
【分析】
在线教育属于科技概念的具体分支，可能会记录在相关的概念分类表中，以便获取其英文名称和分类信息。

【选中的数据表】
- astockindustrydb.lc_conceptlist: 该数据表包含与概念分类相关的信息，包括一级和二级概念的代码和名称，以及概念的英文名称。

【选中的数据库表的清单】
```json
["astockindustrydb.lc_conceptlist"]
```


>>>>> 【user】 Said:
已取得可用的数据表的字段信息如下:
[{"表名": "astockindustrydb.lc_conceptlist", "表字段": [{"column": "ClassCode", "desc": "所属1级概念代码"}, {"column": "ClassName", "desc": "所属1级概念名称"}, {"column": "SubclassCode", "desc": "所属2级概念代码"}, {"column": "SubclassName", "desc": "所属2级概念名称"}, {"column": "ConceptCode", "desc": "所属概念板块编码"}, {"column": "ConceptName", "desc": "概念名称"}, {"column": "BeginDate", "desc": "起始日期"}, {"column": "EndDate", "desc": "日期"}, {"column": "ConceptState", "desc": "所属状态；所属状态(ConceptState)，该字段固定以下常量：1-正常，0-终止。"}, {"column": "Remark", "desc": "备注"}, {"column": "InfoPublDate", "desc": "信息发布日期"}, {"column": "ConceptEngName", "desc": "概念英文名称"}]}]

请选择column，务必遵循输出的格式要求。

>>>>> Agent【Check_db_structure.columns_selector】 Said:
【分析】
用户询问在线教育属于科技概念的具体分支以及该科技概念的英文名称。我们需要查找与“科技概念”相关的字段，包括其分支和英文名称。

【信息所在字段】
- astockindustrydb.lc_conceptlist.SubclassName: 这个字段可能包含在线教育的具体分支信息
- astockindustrydb.lc_conceptlist.ConceptEngName: 这个字段可能包含科技概念的英文名称

【筛选条件所在字段】
- astockindustrydb.lc_conceptlist.ClassName: 这个字段可能包含“科技”概念的名称，用于筛选相关的分支

【选中的字段的清单】
```json
{"astockindustrydb.lc_conceptlist": ["ClassName", "SubclassName", "ConceptEngName"]}
```


>>>>> 【user】 Said:
在线教育属于科技概念的哪个具体分支？这个科技概念的英文名称是什么？

>>>>> Agent【Sql_query.master】 Said:
【已知信息】
- "在线教育"是一个概念。
- "科技"是一个1级概念。

【当前阶段要获取的信息】
获取"在线教育"在科技概念下的具体分支及其英文名称。

【信息所在字段】
- SubclassName（具体分支名称）
- ConceptEngName（概念英文名称）

【筛选条件所在字段】
- ClassName（所属1级概念名称，需为"科技"）
- ConceptName（需为"在线教育"）

【SQL语句的思路】
查询astockindustrydb.lc_conceptlist表，筛选出ClassName为"科技"且ConceptName为"在线教育"的相关字段。

【执行SQL语句】
```exec_sql
SELECT SubclassName, ConceptEngName 
FROM astockindustrydb.lc_conceptlist 
WHERE ClassName = '科技' AND ConceptName LIKE '%在线教育%'
LIMIT 1
```
【上述SQL语句的含义】
从概念列表中获取"在线教育"在科技概念下的具体分支名称和英文名称。

>>>>> 查询sql:
SELECT SubclassName, ConceptEngName 
FROM astockindustrydb.lc_conceptlist 
WHERE ClassName = '科技' AND ConceptName LIKE '%在线教育%'
LIMIT 1;
查询结果:
[{"SubclassName": "互联网", "ConceptEngName": "K-12"}]


>>>>> 【user】 Said:
查询SQL:
SELECT SubclassName, ConceptEngName 
FROM astockindustrydb.lc_conceptlist 
WHERE ClassName = '科技' AND ConceptName LIKE '%在线教育%'
LIMIT 1;
查询结果:
[{"SubclassName": "互联网", "ConceptEngName": "K-12"}]

请理解查询结果

>>>>> Agent【Sql_query.understand_query_result】 Said:
查询结果表明: 在所属1级概念名称为"科技"且概念名称中包含"在线教育"的条件下，查询得到的结果显示所属2级概念名称为"互联网"，对应的概念英文名称为"K-12"。


>>>>> 【user】 Said:
查询SQL:
SELECT SubclassName, ConceptEngName 
FROM astockindustrydb.lc_conceptlist 
WHERE ClassName = '科技' AND ConceptName LIKE '%在线教育%'
LIMIT 1;
查询结果:
[{"SubclassName": "互联网", "ConceptEngName": "K-12"}]

查询结果表明: 在所属1级概念名称为"科技"且概念名称中包含"在线教育"的条件下，查询得到的结果显示所属2级概念名称为"互联网"，对应的概念英文名称为"K-12"。

当前掌握的信息是否能够回答"在线教育属于科技概念的哪个具体分支？这个科技概念的英文名称是什么？"？还是要继续执行下一阶段SQL查询？

>>>>> Agent【Sql_query.master】 Said:
【已知信息】
- 在线教育属于科技概念的具体分支是"互联网"。
- 对应的科技概念英文名称是"K-12"。

【当前阶段要获取的信息】
无

【信息所在字段】
无

【筛选条件所在字段】
无

【SQL语句的思路】
无

【执行SQL语句】
无

【上述SQL语句的含义】
无

根据查询结果，已能回答"在线教育属于科技概念的哪个具体分支？这个科技概念的英文名称是什么？"。


>>>>> 【user】 Said:
请回答问题:"在线教育属于科技概念的哪个具体分支？这个科技概念的英文名称是什么？"

>>>>> Agent【Sql_query.summary】 Said:
在线教育属于科技概念的具体分支是"互联网"，这个科技概念的英文名称是"K-12"。
