
>>>>> Original Question: 九州通在2019年报酬总额和领取报酬的管理层人数是多少？


>>>>> Agent【extract_company】 Said:
```json
["九州通"]
```

>>>>> 查询sql:
SELECT 'constantdb.secumain' AS TableName, InnerCode, CompanyCode, ChiName, EngName, SecuCode
FROM constantdb.secumain 
WHERE SecuCode = '九州通'
   OR ChiName LIKE '%九州通%'
   OR ChiNameAbbr LIKE '%九州通%'
   OR EngName LIKE '%九州通%'
   OR EngNameAbbr LIKE '%九州通%'
   OR SecuAbbr LIKE '%九州通%'
UNION ALL
SELECT 'constantdb.hk_secumain' AS TableName, InnerCode, CompanyCode, ChiName, EngName, SecuCode
FROM constantdb.hk_secumain 
WHERE SecuCode = '%九州通%'
   OR ChiName LIKE '%九州通%'
   OR ChiNameAbbr LIKE '%九州通%'
   OR EngName LIKE '%九州通%'
   OR EngNameAbbr LIKE '%九州通%'
   OR SecuAbbr LIKE '%九州通%'
   OR FormerName LIKE '%九州通%'
UNION ALL
SELECT 'constantdb.us_secumain' AS TableName, InnerCode, CompanyCode, ChiName, EngName, SecuCode
FROM constantdb.us_secumain 
WHERE SecuCode = '九州通'
   OR ChiName LIKE '%九州通%'
   OR EngName LIKE '%九州通%'
   OR SecuAbbr LIKE '%九州通%';
查询结果:
[{"TableName": "constantdb.secumain", "InnerCode": 11515, "CompanyCode": 80536, "ChiName": "九州通医药集团股份有限公司", "EngName": "Jointown Pharmaceutical Group Co., Ltd.", "SecuCode": "600998"}]


>>>>> Agent【rewrite_question】 Said:
九州通医药集团股份有限公司（CompanyCode: 80536, InnerCode: 11515）在2019年的报酬总额以及领取报酬的管理层人数是多少？

>>>>> 已知事实:
九州通的关联信息有:[InnerCode(证券内部编码)是11515;CompanyCode(公司代码)是80536;ChiName(中文名称)是九州通医药集团股份有限公司;EngName(英文名称)是Jointown Pharmaceutical Group Co., Ltd.;SecuCode(证券代码)是600998;]

>>>>> Agent【Check_db_structure.db_selector】 Said:
【分析】
用户需要查询九州通医药集团股份有限公司在2019年的报酬总额以及领取报酬的管理层人数。这涉及到公司的管理层报酬统计数据，通常这类信息会记录在与管理层薪酬相关的数据库中。

根据已知数据库的描述，`astockoperationsdb`（上市公司产品供销/人力资源）数据库中包含了与管理层报酬统计相关的信息，具体在`lc_rewardstat`表中记录了管理层报酬总额、前三名董事及高管的报酬、独立董事津贴等信息。

【选中的数据库】
- `astockoperationsdb`: 这个数据库包含上市公司管理层报酬统计的详细信息，可以用来查询2019年九州通医药集团股份有限公司的报酬总额及领取报酬的管理层人数。

【选中的数据库的清单】
```json
["astockoperationsdb"]
```


>>>>> Agent【Check_db_structure.table_selector】 Said:
【分析】
用户需要查询九州通医药集团股份有限公司在2019年的报酬总额以及领取报酬的管理层人数。根据提供的表信息，`lc_rewardstat` 表包含了公司管理层及董事津贴与报酬的相关信息，包括管理层报酬总额和领取报酬的管理层人数。

【选中的数据表】
- astockoperationsdb.lc_rewardstat: 这个数据表包含公司标识信息（如公司代码）、日期信息（如截止日期）、报酬信息（如管理层报酬总额、领取报酬的管理层人数）等。

【选中的数据库表的清单】
```json
["astockoperationsdb.lc_rewardstat"]
```


>>>>> Agent【Check_db_structure.columns_selector】 Said:
【分析】
用户提问需要查询九州通医药集团股份有限公司在2019年的报酬总额以及领取报酬的管理层人数。关键信息包括公司代码、年份、报酬总额和管理层人数。

【信息所在字段】
- astockoperationsdb.lc_rewardstat.TotalYearPay: 这个字段可能包含报酬总额信息，对应用户提问中的报酬总额
- astockoperationsdb.lc_rewardstat.NumPayManagers: 这个字段可能包含领取报酬的管理层人数信息，对应用户提问中的领取报酬的管理层人数
- astockoperationsdb.lc_rewardstat.EndDate: 这个字段可能包含日期信息，用于筛选2019年的数据，对应用户提问中的2019年

【筛选条件所在字段】
- astockoperationsdb.lc_rewardstat.CompanyCode: 这个字段可能包含公司代码信息，用于筛选九州通医药集团股份有限公司，对应用户提问中的CompanyCode: 80536
- constantdb.secumain.CompanyCode: 这个字段可能包含公司代码信息，用于关联九州通医药集团股份有限公司的内部编码，对应用户提问中的InnerCode: 11515
- constantdb.secumain.InnerCode: 这个字段可能包含证券内部编码信息，用于关联九州通医药集团股份有限公司，对应用户提问中的InnerCode: 11515

【选中的字段的清单】
```json
{
  "astockoperationsdb.lc_rewardstat": ["TotalYearPay", "NumPayManagers", "EndDate", "CompanyCode"],
  "constantdb.secumain": ["CompanyCode", "InnerCode"]
}
```


>>>>> Agent【Sql_query.master】 Said:
【已知信息】
- 公司名称：九州通医药集团股份有限公司
- CompanyCode：80536
- InnerCode：11515
- 查询年份：2019年

【当前阶段要获取的信息】
- 2019年的报酬总额
- 2019年领取报酬的管理层人数

【信息所在字段】
- 报酬总额：TotalYearPay
- 领取报酬的管理层人数：NumPayManagers

【筛选条件所在字段】
- 公司代码：CompanyCode
- 日期：EndDate

【SQL语句的思路】
1. 从`astockoperationsdb.lc_rewardstat`表中查询
2. 使用`CompanyCode`字段筛选九州通医药集团股份有限公司
3. 使用`EndDate`字段筛选2019年的数据
4. 选择`TotalYearPay`和`NumPayManagers`字段

【执行SQL语句】
```exec_sql
SELECT TotalYearPay, NumPayManagers
FROM astockoperationsdb.lc_rewardstat
WHERE CompanyCode = '80536' AND YEAR(EndDate) = 2019
LIMIT 1
```

【上述SQL语句的含义】
从`astockoperationsdb.lc_rewardstat`表中筛选出公司代码为80536且日期在2019年的记录，并获取该记录的报酬总额和领取报酬的管理层人数。由于每个公司每年应该只有一条这样的记录，所以使用`LIMIT 1`来限制结果数量。

>>>>> 查询sql:
SELECT TotalYearPay, NumPayManagers
FROM astockoperationsdb.lc_rewardstat
WHERE CompanyCode = '80536' AND YEAR(EndDate) = 2019
LIMIT 1;
查询结果:
[{"TotalYearPay": 10747000.0, "NumPayManagers": 20}]


>>>>> Agent【Sql_query.understand_query_result】 Said:
查询结果表明: 对于公司代码为80536的公司，在2019年度的报酬总额为10747000元，领取报酬的管理层人数为20人。


>>>>> Agent【Sql_query.master】 Said:
【已知信息】
- 公司名称：九州通医药集团股份有限公司
- CompanyCode：80536
- InnerCode：11515
- 查询年份：2019年
- 2019年的报酬总额：10747000元
- 2019年领取报酬的管理层人数：20人

【当前阶段要获取的信息】
无

【信息所在字段】
无

【筛选条件所在字段】
无

【SQL语句的思路】
无

【执行SQL语句】
无

【上述SQL语句的含义】
无

当前掌握的信息已经能够回答“九州通医药集团股份有限公司（CompanyCode: 80536, InnerCode: 11515）在2019年的报酬总额以及领取报酬的管理层人数是多少？”的问题。具体答案如下：
- 2019年的报酬总额为10747000元
- 2019年领取报酬的管理层人数为20人

因此，无需继续执行下一阶段的SQL查询。


>>>>> Agent【Sql_query.summary】 Said:
2019年报酬总额: 10747000元, 领取报酬的管理层人数: 20人
