
>>>>> Original Question: 物产中大在2019年发生了哪些舆情事件？请列出事件发生时间(YYYY-MM-DD)、事件名称和情感方向。


>>>>> 【user】 Said:
提取下面这段文字中的实体（如公司名、股票代码、拼音缩写等），如果识别结果是空，那么就回复No Entities."物产中大在2019年发生了哪些舆情事件？请列出事件发生时间(YYYY-MM-DD)、事件名称和情感方向。"

>>>>> Agent【extract_company】 Said:
```json
["物产中大"]
```

>>>>> 查询sql:
SELECT 'constantdb.secumain' AS TableName, InnerCode, CompanyCode,
    ChiName, EngName, SecuCode, ChiNameAbbr, EngNameAbbr, SecuAbbr, ChiSpelling
FROM constantdb.secumain 
WHERE SecuCode = '物产中大'
   OR ChiName LIKE '%物产中大%'
   OR ChiNameAbbr LIKE '%物产中大%'
   OR EngName LIKE '%物产中大%'
   OR EngNameAbbr LIKE '%物产中大%'
   OR SecuAbbr LIKE '%物产中大%'
   OR ChiSpelling LIKE '%物产中大%'
UNION ALL
SELECT 'constantdb.hk_secumain' AS TableName, InnerCode, CompanyCode,
ChiName, EngName, SecuCode, ChiNameAbbr, EngNameAbbr, SecuAbbr, ChiSpelling
FROM constantdb.hk_secumain 
WHERE SecuCode = '物产中大'
   OR ChiName LIKE '%物产中大%'
   OR ChiNameAbbr LIKE '%物产中大%'
   OR EngName LIKE '%物产中大%'
   OR EngNameAbbr LIKE '%物产中大%'
   OR SecuAbbr LIKE '%物产中大%'
   OR FormerName LIKE '%物产中大%'
   OR ChiSpelling LIKE '%物产中大%'
UNION ALL
SELECT 'constantdb.us_secumain' AS TableName, InnerCode, CompanyCode,
ChiName, EngName, SecuCode, null as ChiNameAbbr, null as EngNameAbbr, SecuAbbr, ChiSpelling
FROM constantdb.us_secumain 
WHERE SecuCode = '物产中大'
   OR ChiName LIKE '%物产中大%'
   OR EngName LIKE '%物产中大%'
   OR SecuAbbr LIKE '%物产中大%'
   OR ChiSpelling LIKE '%物产中大%';
查询结果:
[{"TableName": "constantdb.secumain", "InnerCode": 1929, "CompanyCode": 1637, "ChiName": "物产中大集团股份有限公司", "EngName": "Wuchan Zhongda Group Co., Ltd.", "SecuCode": "600704", "ChiNameAbbr": "物产中大", "EngNameAbbr": "WZ Group", "SecuAbbr": "物产中大", "ChiSpelling": "WCZD"}]


>>>>> 【user】 Said:
历史问答:无。
现在用户继续提问，请根据已知信息，理解当前这个问题的完整含义，并重写这个问题使得单独拿出来看仍然能够正确理解：物产中大在2019年发生了哪些舆情事件？请列出事件发生时间(YYYY-MM-DD)、事件名称和情感方向。

>>>>> Agent【rewrite_question】 Said:
物产中大在2019年发生了哪些舆情事件？请列出每个事件的发生时间（格式为YYYY-MM-DD）、事件名称以及对应的情感方向。

>>>>> 已知事实:
物产中大的关联信息有:[所在数据表是constantdb.secumain;InnerCode(证券内部编码)是1929;CompanyCode(公司代码)是1637;ChiName(中文名称)是物产中大集团股份有限公司;EngName(英文名称)是Wuchan Zhongda Group Co., Ltd.;SecuCode(证券代码)是600704;ChiNameAbbr(中文名称缩写)是物产中大;EngNameAbbr(英文名称缩写)是WZ Group;SecuAbbr(证券简称)是物产中大;ChiSpelling(拼音证券简称)是WCZD;]

>>>>> 【user】 Said:
请选择db，务必遵循输出的格式要求。

>>>>> Agent【Check_db_structure.db_selector】 Said:
【分析】
用户需要了解物产中大在2019年发生的舆情事件，包括事件的发生时间、事件名称以及对应的情感方向。这些信息通常与公司的新闻、公告或市场反应相关，可能涉及公司的重大事项、市场表现、管理层变动等。

根据已知数据库的描述，以下数据库可能包含所需信息：
- `astockeventsdb`：记录了上市公司公告中披露的各种重大事项，可能包含舆情事件的线索。
- `institutiondb`：记录了市场上重要机构的基本资料、事件分类体系及证券舆情信息，可能包含具体的舆情事件及其情感分析。

【选中的数据库】
- `astockeventsdb`：这个数据库记录了上市公司的重大事项，可能包含2019年物产中大的相关舆情事件。
- `institutiondb`：这个数据库包含证券舆情信息，可能提供具体的舆情事件及其情感方向。

【选中的数据库的清单】
```json
["astockeventsdb", "institutiondb"]
```


>>>>> 【user】 Said:
数据库表信息如下:
[{"表名": "astockeventsdb.lc_warrant", "说明": "该数据表涵盖了与公司事件披露相关的多维度信息，包括基础信息如公司代码、事件编码等；时间信息如首次信息发布日期、信息发布日期、协议签署日期、借贷及担保的起止日期等；信息来源和披露方式等描述性字段；事件相关信息如事件内容、行为描述、最新进展状态、事件主体及其名称、企业编号、关联关系等；交易对象和担保相关信息，包括交易对象名称、担保金额（首次及最新）、担保资产、提供担保企业及其关联关系、接受担保企业及其关联关系、反担保企业及资产等；借贷信息如借款银行、借款期限、续借期限、借贷起止日期、担保期限及续保期限等；以及其他补充信息如担保是否违规、借贷是否逾期、担保解除日期及方式、附注等，全面记录了公司事件的关键要素和关联信息。"}, {"表名": "astockeventsdb.lc_credit", "说明": "该数据表主要记录公司与上市公司之间的贷款及担保相关信息。字段信息包括公司标识及关联关系，如公司代码、事件主体名称及编号、交易对象名称及编号、借入方及借出方、担保方及其关联关系等。时间信息涵盖首次信息发布日期、信息发布日期、协议签署日期、借贷起始日及截止日、担保起始日及截止日、最近还款日期等。贷款与担保的详细信息涉及到货币单位、首次及最新借贷金额、最近及累计还款金额、借贷条件、年利率及其说明、借贷及担保期限、续借及续保期限、抵押置押资产等。事件相关信息包括信息来源、公告类型、披露方式、事件内容及主体、行为描述及方式、最新进展状态、是否终止等。此外，还包括附注信息用于补充说明。"}, {"表名": "astockeventsdb.lc_suitarbitration", "说明": "该数据表主要用于记录与公司相关的事件、诉讼仲裁及其进展信息。表中包含了基础标识信息如ID和公司代码(CompanyCode)；时间信息如首次信息发布日期(InitialInfoPublDate)和信息发布日期(InfoPublDate)；信息来源和披露方式(InfoSource, DisclosureMethod)；事件相关信息如事件内容(EventContent)、行为描述(ActionDesc)、事件主体名称及编号(SubjectName, SubjectCode)、事件进程(EventProcedure)、行为方式(ActionWays)、事件主体在诉讼中的角色(EventSubjectRole)等；涉及的交易或诉讼对象信息如交易对象名称及编号(ObjectName, ObjectCode)、诉讼仲裁原告和被告(Plaintiff, Defendant)及其关联关系；诉讼仲裁详细信息如案由描述(SubjectMatterStat)、案由(SubjectMatter)、诉讼仲裁金额(FirstSuitSum, LatestSuitSum)、审理机构(InquisitionInstitute)、仲裁状态及各审级状态(CaseStatus, FirstInstanceStatus, SecondInstanceStatus, SPPStatus)；财产执行信息如被执行财产(PropertyEnforced)、归属(PropertyBelonged)、执行状态(AdjudgementStatus)；以及协议签署日期(AgreementDate)、备注(Note)、是否终止(IfEnded)等辅助字段。字段内容涵盖了事件描述、诉讼仲裁进展、主体与关联方信息等多方面内容，便于综合分析和管理。"}, {"表名": "astockeventsdb.lc_entrustinv", "说明": "该数据表主要记录公司相关事件的详细信息，包括公司标识字段如公司代码、事件主体名称及其企业编号、交易对象名称及其企业编号等；事件基本信息字段如首次信息发布日期、信息发布日期、信息来源、公告类型、披露方式、事件内容、行为描述、行为方式及事件进程等；状态与进展字段如最新进展状态描述、是否终止、协议签署日期等；财务相关字段如涉及金额、货币单位、委托期限、委托起始日与截止日、约定收益说明及实际收益等；以及其他补充信息字段如与上市公司的关联关系、备注等，全面涵盖了事件的时间、主体、财务及进展等核心要素。"}, {"表名": "astockeventsdb.lc_regroup", "说明": "该数据表主要用于记录公司事件相关的信息。包括公司基础信息如公司代码、事件主体名称及其编号、事件主体与上市公司的关联关系等；事件相关的时间信息如首次信息发布日期、信息发布日期、协议签署日期等；事件的详细描述如事件内容、行为描述、最新进展状态、事件进程、行为方式等；信息来源和披露方式等公告信息；涉及的财务数据如资产帐面价值、资产评估价值、资产出售金额、资产转让收益、债务重组金额等；事件的类别和编码信息如公告类型、事项类型、事项编码、序号等；此外，还包括事件是否终止、交易对象企业编号及其与上市公司的关联关系等补充信息。"}, {"表名": "astockeventsdb.lc_majorcontract", "说明": "该数据表记录了与公司相关的事件及合同信息，包含公司基本信息如公司代码、事件主体名称及编号、交易对象名称及编号，以及主体与上市公司间的关联关系等；事件相关信息如首次信息发布日期、最新信息发布日期、信息来源、公告类型、事件内容、行为描述、行为方式、最新进展状态描述、事件主体、事件进程等；合同相关信息如协议签署日期、合同标的、合同获得方式、中标日期、涉及金额、合同起始日、合同截止日、合同期限及合同对公司的影响等；此外，还包括货币单位及备注等辅助信息。"}, {"表名": "astockeventsdb.lc_investorra", "说明": "该数据表记录了与证券相关的接待活动信息，包含信息发布日期、标题及链接等基本信息；证券内部编码、编号和序号等标识信息；接待日期、时间及截止日等时间信息；活动类别、地点、参与单位及人员、上市公司接待人员等活动相关信息；主要内容、附件及其格式等内容信息。"}, {"表名": "astockeventsdb.lc_investordetail", "说明": "该数据表主要用于记录投资者关系活动的详细信息，包括活动的唯一标识（投资者关系活动ID）、参与的调研机构及其编码（调研机构、调研机构编码）、参与的调研人员及其编码（调研人员、调研人员编码）、调研人员的职位名称，以及活动的排序序号等基本信息。"}, {"表名": "institutiondb.lc_instiarchive", "说明": "该数据表涵盖了公司基本信息、联系方式、管理信息、注册信息、经营信息以及存续状态等多方面内容。具体包括公司标识信息如公司代码、所属公司、上市公司代码等；名称信息如中文名称、中文简称、中文拼音简称、英文名称、英文简称等；注册信息如注册资本、货币单位、公司成立日期、注册地地址及邮编、注册地城市、登记机构和状态等；联系方式如办公地址、联系地址及邮编、联系所在城市、邮箱、公司网址、联系人、电话、传真等；管理层信息如法人代表、总经理、其它负责人等；经营信息如公司简介、经营范围-主营、所属行业等；存续信息如起始日期、存续截止日及原因、是否存在等；此外还有经济性质、企业性质、企业类别、评级机构代码、公司属性、统一社会信用代码等字段，全面记录了公司的各类重要信息。"}, {"表名": "institutiondb.ps_eventstru", "说明": "该数据表用于记录和管理事件信息，包含事件的基本属性如名称和代码（事件名称、事件代码），层级关系（父级事件代码、事件级别），以及状态标识（是否有效）。"}, {"表名": "institutiondb.ps_newssecurity", "说明": "该数据表主要用于记录与证券相关的事件信息，包括唯一标识字段如RID和证券内部编码(InnerCode)；公司相关信息如公司代码(CompanyCode)；事件详情如事件类别(EventType)、事件名称(EventName)及事件发生时间(EventDate)；以及情感分析数据如情感方向(EmotionDirection)和情感重要度(EmotionImportance)。"}]

请选择table，务必遵循输出的格式要求。

>>>>> Agent【Check_db_structure.table_selector】 Said:
【分析】
要查找物产中大在2019年发生的舆情事件，需要关注事件的时间、名称以及情感方向。根据已知信息，物产中大的公司代码是1637。最适合的表应该是记录与证券相关的事件信息，并且包含事件时间、名称和情感方向的表。

【选中的数据表】
- institutiondb.ps_newssecurity: 这个数据表包含与证券相关的事件信息，包括事件发生时间(EventDate)、事件名称(EventName)以及情感方向(EmotionDirection)。

【选中的数据库表的清单】
```json
["institutiondb.ps_newssecurity"]
```


>>>>> 【user】 Said:
已取得可用的数据表的字段信息如下:
[{"表名": "institutiondb.ps_newssecurity", "表字段": [{"column": "RID", "desc": "RID；。"}, {"column": "InnerCode", "desc": "证券内部编码；，获得涉及证券的详细信息。"}, {"column": "CompanyCode", "desc": "公司代码；，得到涉及公司的具体说明。"}, {"column": "EventType", "desc": "事件类别；事件类别（EventType）：根据事件体系指引表（PS_EventStru）中的事件代码（EventCode）关联，获取涉及事件类别的详细信息。"}, {"column": "EventName", "desc": "事件名称"}, {"column": "EventDate", "desc": "事件时间"}, {"column": "EmotionDirection", "desc": "情感方向；情感方向（EmotionDirection）：该字段固定以下常量：FCC0000002QA — 负面、FCC0000002QF — 中性、FCC0000002Q9 — 正面。"}, {"column": "EmotionImportance", "desc": "情感重要度；情感重要度（EmotionImportance）：该字段固定以下常量：FCC0000002QB — 零星、FCC0000002QC— 一星、FCC0000002QD — 二星、FCC0000002QE — 三星。"}]}]

请选择column，务必遵循输出的格式要求。

>>>>> Agent【Check_db_structure.columns_selector】 Said:
【分析】
用户询问的是物产中大在2019年发生的舆情事件，需要的信息包括事件的发生时间、事件名称以及对应的情感方向。因此，我们需要找到包含这些信息的字段。

【信息所在字段】
- institutiondb.ps_newssecurity.EventDate: 这个字段可能包含事件发生时间信息，对应用户提问中的“发生时间”。
- institutiondb.ps_newssecurity.EventName: 这个字段可能包含事件名称信息，对应用户提问中的“事件名称”。
- institutiondb.ps_newssecurity.EmotionDirection: 这个字段可能包含情感方向信息，对应用户提问中的“情感方向”。

【筛选条件所在字段】
- institutiondb.ps_newssecurity.CompanyCode: 这个字段可能包含公司代码信息，用于筛选物产中大的事件，对应用户提问中的“物产中大”。
- institutiondb.ps_newssecurity.EventDate: 这个字段可能包含事件发生时间信息，用于筛选2019年的事件，对应用户提问中的“2019年”。

【选中的字段的清单】
```json
{"institutiondb.ps_newssecurity": ["EventDate", "EventName", "EmotionDirection", "CompanyCode"]}
```


>>>>> 【user】 Said:
物产中大在2019年发生了哪些舆情事件？请列出每个事件的发生时间（格式为YYYY-MM-DD）、事件名称以及对应的情感方向。

>>>>> Agent【Sql_query.master】 Said:
【已知信息】
- 物产中大的关联信息：
  - 所在数据表：constantdb.secumain
  - InnerCode(证券内部编码)：1929
  - CompanyCode(公司代码)：1637
  - ChiName(中文名称)：物产中大集团股份有限公司
  - SecuCode(证券代码)：600704

【当前阶段要获取的信息】
- 2019年物产中大发生的舆情事件
- 每个事件的发生时间（格式为YYYY-MM-DD）
- 事件名称
- 对应的情感方向

【信息所在字段】
- 事件发生时间：EventDate
- 事件名称：EventName
- 情感方向：EmotionDirection

【筛选条件所在字段】
- 证券内部编码：InnerCode
- 事件时间：EventDate

【SQL语句的思路】
1. 从institutiondb.ps_newssecurity表中查询物产中大的舆情事件。
2. 使用InnerCode字段筛选物产中大的记录。
3. 使用EventDate字段筛选2019年的记录。
4. 选择EventDate, EventName, EmotionDirection字段。

【执行SQL语句】
```exec_sql
SELECT 
    DATE(EventDate) AS EventDate, 
    EventName, 
    EmotionDirection 
FROM 
    institutiondb.ps_newssecurity 
WHERE 
    InnerCode = 1929 
    AND YEAR(EventDate) = '2019'
```

【上述SQL语句的含义】
- 从institutiondb.ps_newssecurity表中选择事件发生时间、事件名称和情感方向。
- 通过InnerCode字段筛选出物产中大的记录。
- 通过YEAR(EventDate) = '2019'筛选出2019年的记录。
- 使用DATE(EventDate)将事件时间格式化为YYYY-MM-DD格式。

>>>>> 查询sql:
SELECT 
    DATE(EventDate) AS EventDate, 
    EventName, 
    EmotionDirection 
FROM 
    institutiondb.ps_newssecurity 
WHERE 
    InnerCode = 1929 
    AND YEAR(EventDate) = '2019';
查询结果:
[{"EventDate": "2019-02-01", "EventName": "聘任换届", "EmotionDirection": "FCC0000002QF"}, {"EventDate": "2019-07-06", "EventName": "对外投资", "EmotionDirection": "FCC0000002QA"}, {"EventDate": "2019-05-13", "EventName": "IPO", "EmotionDirection": "FCC0000002QF"}, {"EventDate": "2019-05-13", "EventName": "IPO", "EmotionDirection": "FCC0000002QF"}]


>>>>> 【user】 Said:
查询SQL:
SELECT 
    DATE(EventDate) AS EventDate, 
    EventName, 
    EmotionDirection 
FROM 
    institutiondb.ps_newssecurity 
WHERE 
    InnerCode = 1929 
    AND YEAR(EventDate) = '2019';
查询结果:
[{"EventDate": "2019-02-01", "EventName": "聘任换届", "EmotionDirection": "FCC0000002QF"}, {"EventDate": "2019-07-06", "EventName": "对外投资", "EmotionDirection": "FCC0000002QA"}, {"EventDate": "2019-05-13", "EventName": "IPO", "EmotionDirection": "FCC0000002QF"}, {"EventDate": "2019-05-13", "EventName": "IPO", "EmotionDirection": "FCC0000002QF"}]

请理解查询结果

>>>>> Agent【Sql_query.understand_query_result】 Said:
查询结果表明: 在2019年，证券内部编码为1929的证券发生了以下事件：2月1日发生了“聘任换届”事件，情感方向为中性（FCC0000002QF）；7月6日发生了“对外投资”事件，情感方向为负面（FCC0000002QA）；5月13日发生了两次“IPO”事件，情感方向均为中性（FCC0000002QF）。


>>>>> 【user】 Said:
查询SQL:
SELECT 
    DATE(EventDate) AS EventDate, 
    EventName, 
    EmotionDirection 
FROM 
    institutiondb.ps_newssecurity 
WHERE 
    InnerCode = 1929 
    AND YEAR(EventDate) = '2019';
查询结果:
[{"EventDate": "2019-02-01", "EventName": "聘任换届", "EmotionDirection": "FCC0000002QF"}, {"EventDate": "2019-07-06", "EventName": "对外投资", "EmotionDirection": "FCC0000002QA"}, {"EventDate": "2019-05-13", "EventName": "IPO", "EmotionDirection": "FCC0000002QF"}, {"EventDate": "2019-05-13", "EventName": "IPO", "EmotionDirection": "FCC0000002QF"}]

查询结果表明: 在2019年，证券内部编码为1929的证券发生了以下事件：2月1日发生了“聘任换届”事件，情感方向为中性（FCC0000002QF）；7月6日发生了“对外投资”事件，情感方向为负面（FCC0000002QA）；5月13日发生了两次“IPO”事件，情感方向均为中性（FCC0000002QF）。

请检查筛选条件是否存在问题，比如时间日期字段没有用DATE()或YEAR()格式化？当然，如果没问题，那么就根据结果考虑下一步；那么当前掌握的信息是否能够回答"物产中大在2019年发生了哪些舆情事件？请列出每个事件的发生时间（格式为YYYY-MM-DD）、事件名称以及对应的情感方向。"？还是要继续执行下一阶段SQL查询？

>>>>> Agent【Sql_query.master】 Said:
【已知信息】
- 查询结果已显示物产中大在2019年的舆情事件及其详细信息。
- 事件发生时间、事件名称和情感方向均已获取。

【当前阶段要获取的信息】
- 无需继续执行SQL查询，当前信息已足够回答用户问题。

【信息所在字段】
- 无需继续执行SQL查询。

【筛选条件所在字段】
- 无需继续执行SQL查询。

【SQL语句的思路】
- 无需继续执行SQL查询。

【执行SQL语句】
```exec_sql
无
```

【上述SQL语句的含义】
- 无需继续执行SQL查询。

### 结论
当前掌握的信息已经能够完全回答“物产中大在2019年发生了哪些舆情事件？请列出每个事件的发生时间（格式为YYYY-MM-DD）、事件名称以及对应的情感方向。”的问题。具体结果如下：

1. 2019年2月1日，发生了“聘任换届”事件，情感方向为中性（FCC0000002QF）。
2. 2019年7月6日，发生了“对外投资”事件，情感方向为负面（FCC0000002QA）。
3. 2019年5月13日，发生了两次“IPO”事件，情感方向均为中性（FCC0000002QF）。

因此，无需继续执行下一阶段的SQL查询。


>>>>> 【user】 Said:
充分尊重前面给出的结论，回答问题:"物产中大在2019年发生了哪些舆情事件？请列出每个事件的发生时间（格式为YYYY-MM-DD）、事件名称以及对应的情感方向。"

>>>>> Agent【Sql_query.summary】 Said:
2019年2月1日, 聘任换届, FCC0000002QF
2019年7月6日, 对外投资, FCC0000002QA
2019年5月13日, IPO, FCC0000002QF
2019年5月13日, IPO, FCC0000002QF
