
>>>>> Original Question: 他的员工人数哪年变动最大，前后差距是多少人？


>>>>> 【user】 Said:
下面是顺序的历史问答:
'''
Question: 中兴通讯在港股的股票代码是什么？
Answer: 00763
Question: 他的注册资本是多少？
Answer: 中兴通讯（港股代码：00763）的注册资本为478325.1652元
'''
现在用户继续提问，请根据已知信息，理解当前这个问题的完整含义，并重写这个问题使得单独拿出来看仍然能够正确理解：他的员工人数哪年变动最大，前后差距是多少人？

>>>>> Agent【rewrite_question】 Said:
中兴通讯（港股代码：00763）在哪个年份的员工人数变动最大，以及该年份前后员工人数的具体差距是多少人？


>>>>> 【user】 Said:
提取下面这段文字里的实体，如公司名、股票代码等，如果识别结果是空，那么就回复No Entities."中兴通讯（港股代码：00763）在哪个年份的员工人数变动最大，以及该年份前后员工人数的具体差距是多少人？"

>>>>> Agent【extract_company】 Said:
```json
["中兴通讯", "00763"]
```

>>>>> 查询sql:
SELECT 'constantdb.secumain' AS TableName, InnerCode, CompanyCode, ChiName, EngName, SecuCode
FROM constantdb.secumain 
WHERE SecuCode = '中兴通讯'
   OR ChiName LIKE '%中兴通讯%'
   OR ChiNameAbbr LIKE '%中兴通讯%'
   OR EngName LIKE '%中兴通讯%'
   OR EngNameAbbr LIKE '%中兴通讯%'
   OR SecuAbbr LIKE '%中兴通讯%'
UNION ALL
SELECT 'constantdb.hk_secumain' AS TableName, InnerCode, CompanyCode, ChiName, EngName, SecuCode
FROM constantdb.hk_secumain 
WHERE SecuCode = '%中兴通讯%'
   OR ChiName LIKE '%中兴通讯%'
   OR ChiNameAbbr LIKE '%中兴通讯%'
   OR EngName LIKE '%中兴通讯%'
   OR EngNameAbbr LIKE '%中兴通讯%'
   OR SecuAbbr LIKE '%中兴通讯%'
   OR FormerName LIKE '%中兴通讯%'
UNION ALL
SELECT 'constantdb.us_secumain' AS TableName, InnerCode, CompanyCode, ChiName, EngName, SecuCode
FROM constantdb.us_secumain 
WHERE SecuCode = '中兴通讯'
   OR ChiName LIKE '%中兴通讯%'
   OR EngName LIKE '%中兴通讯%'
   OR SecuAbbr LIKE '%中兴通讯%';
查询结果:
[{"TableName": "constantdb.hk_secumain", "InnerCode": 1000594, "CompanyCode": 79, "ChiName": "中兴通讯股份有限公司", "EngName": "ZTE Corporation", "SecuCode": "00763"}, {"TableName": "constantdb.us_secumain", "InnerCode": 7096406, "CompanyCode": 79, "ChiName": "中兴通讯", "EngName": "ZTE Corporation Class H", "SecuCode": "ZTCOF"}, {"TableName": "constantdb.us_secumain", "InnerCode": 7039860, "CompanyCode": 79, "ChiName": "中兴通讯", "EngName": "ZTE Corporation Unsponsored ADR Class H", "SecuCode": "ZTCOY"}]

>>>>> 查询sql:
SELECT 'constantdb.secumain' AS TableName, InnerCode, CompanyCode, ChiName, EngName, SecuCode
FROM constantdb.secumain 
WHERE SecuCode = '00763'
   OR ChiName LIKE '%00763%'
   OR ChiNameAbbr LIKE '%00763%'
   OR EngName LIKE '%00763%'
   OR EngNameAbbr LIKE '%00763%'
   OR SecuAbbr LIKE '%00763%'
UNION ALL
SELECT 'constantdb.hk_secumain' AS TableName, InnerCode, CompanyCode, ChiName, EngName, SecuCode
FROM constantdb.hk_secumain 
WHERE SecuCode = '%00763%'
   OR ChiName LIKE '%00763%'
   OR ChiNameAbbr LIKE '%00763%'
   OR EngName LIKE '%00763%'
   OR EngNameAbbr LIKE '%00763%'
   OR SecuAbbr LIKE '%00763%'
   OR FormerName LIKE '%00763%'
UNION ALL
SELECT 'constantdb.us_secumain' AS TableName, InnerCode, CompanyCode, ChiName, EngName, SecuCode
FROM constantdb.us_secumain 
WHERE SecuCode = '00763'
   OR ChiName LIKE '%00763%'
   OR EngName LIKE '%00763%'
   OR SecuAbbr LIKE '%00763%';
查询结果:
[]

>>>>> 已知事实:
中兴通讯关联信息有多组:[所在数据表是constantdb.hk_secumain;InnerCode(证券内部编码)是1000594;CompanyCode(公司代码)是79;ChiName(中文名称)是中兴通讯股份有限公司;EngName(英文名称)是ZTE Corporation;SecuCode(证券代码)是00763;],所在数据表是constantdb.us_secumain;InnerCode(证券内部编码)是7096406;CompanyCode(公司代码)是79;ChiName(中文名称)是中兴通讯;EngName(英文名称)是ZTE Corporation Class H;SecuCode(证券代码)是ZTCOF;],所在数据表是constantdb.us_secumain;InnerCode(证券内部编码)是7039860;CompanyCode(公司代码)是79;ChiName(中文名称)是中兴通讯;EngName(英文名称)是ZTE Corporation Unsponsored ADR Class H;SecuCode(证券代码)是ZTCOY;]
港股关联信息有多组:[所在数据表是constantdb.secumain;InnerCode(证券内部编码)是11882;CompanyCode(公司代码)是76587;ChiName(中文名称)是辽宁港口股份有限公司;EngName(英文名称)是Liaoning Port Co., Ltd.;SecuCode(证券代码)是601880;],所在数据表是constantdb.secumain;InnerCode(证券内部编码)是42379;CompanyCode(公司代码)是176271;ChiName(中文名称)是广州港股份有限公司;EngName(英文名称)是Guangzhou Port Company Limited;SecuCode(证券代码)是601228;],所在数据表是constantdb.secumain;InnerCode(证券内部编码)是202914;CompanyCode(公司代码)是10021976;ChiName(中文名称)是嘉实恒生港股通新经济指数证券投资基金(LOF)A类;EngName(英文名称)是Harvest Hang Seng HK Equities New Economy Index Fund(LOF)-A;SecuCode(证券代码)是501311;],所在数据表是constantdb.secumain;InnerCode(证券内部编码)是308688;CompanyCode(公司代码)是640865;ChiName(中文名称)是广发港股通成长精选股票型证券投资基金A类;EngName(英文名称)是GF HK Equities Growth Selected Equity Fund-A;SecuCode(证券代码)是9896;],所在数据表是constantdb.secumain;InnerCode(证券内部编码)是340960;CompanyCode(公司代码)是642070;ChiName(中文名称)是嘉实港股优势混合型证券投资基金A类;EngName(英文名称)是Harvest HK Advantage Hybrid Fund-A;SecuCode(证券代码)是10041;],所在数据表是constantdb.secumain;InnerCode(证券内部编码)是342433;CompanyCode(公司代码)是642192;ChiName(中文名称)是博时港股通领先趋势混合型证券投资基金A类;EngName(英文名称)是Bosera Hong Kong Stock Exchange Leading Mixed Fund A;SecuCode(证券代码)是11162;],所在数据表是constantdb.secumain;InnerCode(证券内部编码)是356900;CompanyCode(公司代码)是642866;ChiName(中文名称)是博时恒生港股通高股息率交易型开放式指数证券投资基金;EngName(英文名称)是Bosera Hang Seng SCHK High Dividend Yield ETF;SecuCode(证券代码)是513690;],所在数据表是constantdb.secumain;InnerCode(证券内部编码)是377541;CompanyCode(公司代码)是643671;ChiName(中文名称)是南方港股通优势企业混合型证券投资基金A类;EngName(英文名称)是China Southern HK Equities Advantage Enterprise Hybrid Fund-A;SecuCode(证券代码)是12588;],所在数据表是constantdb.secumain;InnerCode(证券内部编码)是392409;CompanyCode(公司代码)是644512;ChiName(中文名称)是富国中证港股通互联网交易型开放式指数证券投资基金;EngName(英文名称)是Fullgoal CSI HK Equities Internet ETF;SecuCode(证券代码)是159792;]
---
中兴通讯关联信息有多组:[所在数据表是constantdb.hk_secumain;InnerCode(证券内部编码)是1000594;CompanyCode(公司代码)是79;ChiName(中文名称)是中兴通讯股份有限公司;EngName(英文名称)是ZTE Corporation;SecuCode(证券代码)是00763;],所在数据表是constantdb.us_secumain;InnerCode(证券内部编码)是7096406;CompanyCode(公司代码)是79;ChiName(中文名称)是中兴通讯;EngName(英文名称)是ZTE Corporation Class H;SecuCode(证券代码)是ZTCOF;],所在数据表是constantdb.us_secumain;InnerCode(证券内部编码)是7039860;CompanyCode(公司代码)是79;ChiName(中文名称)是中兴通讯;EngName(英文名称)是ZTE Corporation Unsponsored ADR Class H;SecuCode(证券代码)是ZTCOY;]

>>>>> 【user】 Said:
请选择db，务必遵循输出的格式要求。

>>>>> Agent【Check_db_structure.db_selector】 Said:
【分析】
用户需要了解中兴通讯（港股代码：00763）在哪个年份的员工人数变动最大，以及该年份前后员工人数的具体差距。这需要查询中兴通讯的员工数量变动历史数据。

【选中的数据库】
- hkstockdb: 这个数据库包含港股公司员工数量变动历史的信息，具体包括变更前后数量、生效日期等。

【选中的数据库的清单】
```json
["hkstockdb"]
```
补充选择db: ["usstockdb", "astockbasicinfodb"]

>>>>> 【user】 Said:
数据库表信息如下:
[{"表名": "hkstockdb.hk_employeechange", "说明": "该数据表主要记录证券相关信息，包括证券内部代码、信息发布日期与来源等基本信息；股东大会公告日期及相关生效与失效日期等时间信息；是否有效的状态标识；以及变更前后员工数量的对比等数据。"}, {"表名": "hkstockdb.hk_stockarchives", "说明": "该数据表主要记录公司基本信息及相关属性，涵盖了公司标识信息如公司代码、中文名称、企业类别及描述等；成立及注册信息如公司成立日期、注册地、注册资本及其货币单位等；行业分类信息如所属行业（港交所、恒生）等；管理层信息如主席、公司秘书、合资格会计师等；办公及运营信息如注册办事处、总办事处及主要营业地点、股份过户处（香港）等；联系方式如电话、传真、邮箱、公司网址等；以及其他信息如公司业务、公司简介、审计机构等，全面反映了公司的基本情况和运营特征。"}, {"表名": "hkstockdb.cs_hkstockperformance", "说明": "该数据表主要用于记录证券交易及相关指标的详细信息，涵盖了基础信息如证券内部编码、交易日、货币代码等；价格信息包括昨收盘、今开盘、最高价、最低价、收盘价、均价、复权最高价及最低价等；成交信息如成交量、成交金额、换手率等；涨跌信息包括涨跌金额、涨跌幅、振幅等；市值信息如总市值、流通市值等；周期指标覆盖近一周、本周、近一月、本月、近三个月、近六个月、近一年及今年以来的成交、涨跌、振幅、换手率、均价、市值等详细数据，且提供各周期的日均指标；此外，还包含上市以来的复权价格及其对应日期等。"}, {"表名": "usstockdb.us_companyinfo", "说明": "该数据表主要记录公司的基本信息，包括公司标识信息如公司代码、英文名称及其缩写、中文名称；地址信息如公司地址、城市、省份、邮编、国家及国家代码；联系方式如电话、传真；公司描述信息如公司简介、英文公司简介、英文业务简介；注册地信息如注册地国家、注册地省份/州；其他信息如成立日期及其精度、公司类型、是否公司总部，以及链接地址等。"}, {"表名": "usstockdb.us_dailyquote", "说明": "该数据表记录了证券交易的详细信息，包括交易日和证券内部代码用于标识交易记录，开盘价、最高价、最低价和收盘价用于描述当天的价格波动，成交量和成交额反映市场活跃程度，每股收益TTM和证券总市值提供了盈利能力和规模的财务指标，证券总股本用于计算市场相关比率，昨收盘和日涨跌则用于分析价格变动趋势，涨跌幅百分比和均价提供了额外的市场表现信息。"}, {"表名": "astockbasicinfodb.lc_stockarchives", "说明": "该数据表主要记录了公司的基本信息、联系方式、经营信息及证券信息等内容。其中，公司基本信息包括公司代码、国别、中文名称、法人代表、总经理、法律顾问、会计师事务所、公司成立日期、首次注册登记地点、企业法人营业执照注册号、所属区县及地区代码；联系方式涵盖联系人电话、传真、电子邮箱，公司注册地址、办公地址、联系地址及其对应的邮编，董秘及证券事务代表的电话、传真、电子邮件，以及公司邮箱和网址；经营信息涉及公司所属证监会行业、主营及兼营范围；证券信息包括A股、B股、H股及CDR证券的简称和代码，扩位简称，以及尚未盈利标识、特殊表决权标识、协议控制架构标识、红筹企业标识；此外，还包括信息披露相关内容如披露网址、披露报纸，以及公司简介等。"}, {"表名": "astockbasicinfodb.lc_namechange", "说明": "该数据表主要记录公司基本信息及相关公告，包括公司代码、中文及英文名称（全称与缩写）、信息来源和发布日期等基本信息；还涵盖重要事件如股东大会决议公告日期、是否否决决议、全称更改日期等关键时间节点，便于追踪企业动态与重要决策信息。"}, {"表名": "astockbasicinfodb.lc_business", "说明": "该数据表主要用于记录公司基本信息及相关业务情况，包括公司代码、信息发布日期和来源等基础信息；股东大会决议公告日期及是否否决的决议结果等决策信息；经营范围及主要业务、产品名称等经营信息；涉及行业的分类信息，如行业代码、行业类别及涉足行业等；此外，还包括简称变更原因等补充说明字段。"}]

请选择table，务必遵循输出的格式要求。

>>>>> Agent【Check_db_structure.table_selector】 Said:
【分析】
要找出中兴通讯（港股代码：00763）在哪个年份的员工人数变动最大，以及该年份前后员工人数的具体差距，我们需要以下信息：
1. 中兴通讯的证券内部编码（InnerCode）。
2. 各年份的员工人数变动数据。

根据已知信息，中兴通讯的港股关联信息存储在`constantdb.hk_secumain`表中，我们可以从中获取其证券内部编码。员工人数变动数据存储在`hkstockdb.hk_employeechange`表中。

【选中的数据表】
- constantdb.hk_secumain: 这个数据表包含中兴通讯的证券内部编码（InnerCode）。
- hkstockdb.hk_employeechange: 这个数据表包含各年份的员工人数变动数据。

【选中的数据库表的清单】
```json
["constantdb.hk_secumain", "hkstockdb.hk_employeechange"]
```


>>>>> 【user】 Said:
已取得可用的数据表的字段信息如下:
[{"表名": "constantdb.hk_secumain", "表字段": [{"column": "InnerCode", "desc": "证券内部编码"}, {"column": "CompanyCode", "desc": "公司代码"}, {"column": "SecuCode", "desc": "证券代码"}, {"column": "ChiName", "desc": "中文名称"}, {"column": "ChiNameAbbr", "desc": "中文名称缩写"}, {"column": "EngName", "desc": "英文名称"}, {"column": "EngNameAbbr", "desc": "英文名称缩写"}, {"column": "SecuAbbr", "desc": "证券简称"}, {"column": "ChiSpelling", "desc": "拼音证券简称"}, {"column": "SecuMarket", "desc": "证券市场；，令LB = 201 AND DM IN (72)，得到证券市场的具体描述：72-香港联交所。"}, {"column": "SecuCategory", "desc": "证券类别；，令LB = 1177 and DM in (3,4,10,20,21,25,51,52,53,55,60,61,62,63,64,65,68,69,71,72,78,81,82)，得到证券类别的具体描述：3-H股，4-大盘，10-其他，20-衍生权证，21-股本权证，25-牛熊证，51-港股，52-合订证券，53-红筹股，55-优先股，60-基金，61-信托基金，62-ETF基金，63-参与证书，64-杠杆及反向产品，65-债务证券，68-界内证，69-美国证券(交易试验计划)，71-普通预托证券，72-优先预托证券，78-临时证券(Temporary)，81-SPAC股份，82-SPAC权证。"}, {"column": "ListedDate", "desc": "上市日期"}, {"column": "ListedSector", "desc": "上市板块；，令LB = 207 AND DM IN (1,4,6)，得到上市板块的具体描述：1-主板，4-其他，6-创业板。"}, {"column": "ListedState", "desc": "上市状态；，令LB = 1176 AND DM IN (1,5,9)，得到上市状态的具体描述：1-上市，5-终止，9-其他。"}, {"column": "FormerName", "desc": "曾用名"}, {"column": "DelistingDate", "desc": "退市日期"}, {"column": "TradingUnit", "desc": "买卖单位(股/手)"}, {"column": "TraCurrUnit", "desc": "交易货币类别；，令LB=“1068”，得到“交易货币”描述：1000-美元，1100-港元，1160-日本元，1320-新加坡元，1420-人民币元，3000-欧元，3030-英镑，5010-加拿大元，6010-澳大利亚元。"}, {"column": "ISIN", "desc": "ISIN代码"}]}, {"表名": "hkstockdb.hk_employeechange", "表字段": [{"column": "InnerCode", "desc": "证券内部代码；，得到港股的交易代码、简称等。"}, {"column": "InfoPublDate", "desc": "信息发布日期"}, {"column": "InfoSource", "desc": "信息来源；，令LB = 1926，得到信息来源的具体描述：1-审计报告，2-第一季报，3-中期报告，4-第三季报，5-年度报告，6-第二季报，7-第四季报，8-第五季报，9-定期报告，10-申请版本，11-聆讯后资料集，12-招股章程，13-临时公告，14-审计报告(申报稿)，15-公开转让说明书，16-发行情况报告书，17-审计报告（更正后），18-第一季报（更正后），19-中期报告（更正后），20-第三季报（更正后），21-年度报告（更正后），22-公开转让说明书（更正后），23-招股说明书（申报稿），24-招股说明书，25-招股意向书，26-A股上市公告书，27-配发结果，28-修改已刊发的财务报表及报告，29-修正重大错误而做出的前期调整，30-修订已刊发初步业绩的资料，31-初步业绩公告，32-内幕消息-年度报告，33-内幕消息-第一季报，34-内幕消息-第二季报，35-内幕消息-第三季报，36-内幕消息-第四季报，37-内幕消息-中期报告，38-内幕消息-申请版本，39-内幕消息-招股章程，40-内幕消息-聆讯后资料集，41-内幕消息-其他，42-审阅报告，43-审阅报告(更正），99-其他。收起"}, {"column": "SMAnnounceDate", "desc": "股东大会公告日期"}, {"column": "IfEffected", "desc": "是否有效；，令LB = 999 and DM in (1,2)，得到是否有效的具体描述：1-是，2-否。"}, {"column": "EffectiveDate", "desc": "生效日期"}, {"column": "QuaBeforeChange", "desc": "变更前员工数量"}, {"column": "QuaAfterChange", "desc": "变更后员工数量"}, {"column": "ExpiryDate", "desc": "失效日期"}]}]

请选择column，务必遵循输出的格式要求。

>>>>> Agent【Check_db_structure.columns_selector】 Said:
【分析】
用户询问的是中兴通讯（港股代码：00763）在哪个年份的员工人数变动最大，以及该年份前后员工人数的具体差距。这需要我们找到中兴通讯的员工人数变动记录，并计算每年的变动量，最后找出变动量最大的年份及其具体差距。

【信息所在字段】
- constantdb.hk_secumain.SecuCode: 这个字段包含证券代码信息，对应用户提问中的“港股代码：00763”
- hkstockdb.hk_employeechange.InnerCode: 这个字段与证券内部编码关联，用于联表查询
- hkstockdb.hk_employeechange.InfoPublDate: 这个字段包含信息发布日期，用于确定年份
- hkstockdb.hk_employeechange.QuaBeforeChange: 这个字段包含变更前员工数量，用于计算员工人数变动
- hkstockdb.hk_employeechange.QuaAfterChange: 这个字段包含变更后员工数量，用于计算员工人数变动

【筛选条件所在字段】
- constantdb.hk_secumain.InnerCode: 这个字段包含证券内部编码，用于与hkstockdb.hk_employeechange表联接
- constantdb.hk_secumain.SecuCode: 这个字段包含证券代码，用于筛选中兴通讯

【选中的字段的清单】
```json
{
  "constantdb.hk_secumain": ["InnerCode", "SecuCode"],
  "hkstockdb.hk_employeechange": ["InnerCode", "InfoPublDate", "QuaBeforeChange", "QuaAfterChange"]
}
```


>>>>> 【user】 Said:
之前已查询到信息如下:
查询结果表明: 在constantdb.hk_secumain表中，筛选出中文名称包含“中兴通讯”的证券，并返回其证券代码SecuCode，查询结果为00763，这是第一个符合条件的记录。
---
查询结果表明: 查询到的公司代码为'00763'的证券在hkstockdb.hk_stockarchives表中的注册资本(RegCapital)为478325.1652元。

请问:中兴通讯（港股代码：00763）在哪个年份的员工人数变动最大，以及该年份前后员工人数的具体差距是多少人？

>>>>> Agent【Sql_query.master】 Said:
【已知信息】
- 中兴通讯港股代码为00763
- 已知相关表结构：constantdb.hk_secumain, hkstockdb.hk_employeechange

【当前阶段要获取的信息】
- 中兴通讯在哪个年份的员工人数变动最大
- 该年份前后员工人数的具体差距

【信息所在字段】
- 年份：通过`YEAR(InfoPublDate)`获取
- 员工人数变动：`QuaAfterChange - QuaBeforeChange`

【筛选条件所在字段】
- `InnerCode` 用于关联中兴通讯

【SQL语句的思路】
1. 从constantdb.hk_secumain表中获取中兴通讯的InnerCode
2. 使用该InnerCode在hkstockdb.hk_employeechange表中查询员工人数变动
3. 按年份分组，计算每年员工人数变动的绝对值
4. 找出变动最大的年份
5. 获取该年份前后员工人数的具体差距

【执行SQL语句】
```exec_sql
SELECT 
    YEAR(InfoPublDate) AS Year,
    ABS(QuaAfterChange - QuaBeforeChange) AS EmployeeChange
FROM 
    hkstockdb.hk_employeechange
WHERE 
    InnerCode = (SELECT InnerCode FROM constantdb.hk_secumain WHERE SecuCode = '00763')
GROUP BY 
    YEAR(InfoPublDate)
ORDER BY 
    EmployeeChange DESC
LIMIT 1;
```

【上述SQL语句的含义】
- 首先通过子查询从constantdb.hk_secumain表中获取中兴通讯的InnerCode
- 然后在hkstockdb.hk_employeechange表中根据该InnerCode筛选出中兴通讯的员工变动记录
- 按年份分组，并计算每年员工人数变动的绝对值
- 按变动大小降序排列，取变动最大的年份及其变动值

下一步将根据获取的年份，进一步查询该年份前后员工人数的具体差距。

>>>>> 查询sql:
SELECT 
    YEAR(InfoPublDate) AS Year,
    ABS(QuaAfterChange - QuaBeforeChange) AS EmployeeChange
FROM 
    hkstockdb.hk_employeechange
WHERE 
    InnerCode = (SELECT InnerCode FROM constantdb.hk_secumain WHERE SecuCode = '00763')
GROUP BY 
    YEAR(InfoPublDate)
ORDER BY 
    EmployeeChange DESC
LIMIT 1;
查询失败: 查询执行失败: (mysql.connector.errors.ProgrammingError) 1055 (42000): Expression #2 of SELECT list is not in GROUP BY clause and contains nonaggregated column 'hkstockdb.hk_employeechange.QuaAfterChange' which is not functionally dependent on columns in GROUP BY clause; this is incompatible with sql_mode=only_full_group_by
[SQL: SELECT 
    YEAR(InfoPublDate) AS Year,
    ABS(QuaAfterChange - QuaBeforeChange) AS EmployeeChange
FROM 
    hkstockdb.hk_employeechange
WHERE 
    InnerCode = (SELECT InnerCode FROM constantdb.hk_secumain WHERE SecuCode = '00763')
GROUP BY 
    YEAR(InfoPublDate)
ORDER BY 
    EmployeeChange DESC
LIMIT 1;]
(Background on this error at: https://sqlalche.me/e/20/f405)


>>>>> 【user】 Said:
查询SQL:
SELECT 
    YEAR(InfoPublDate) AS Year,
    ABS(QuaAfterChange - QuaBeforeChange) AS EmployeeChange
FROM 
    hkstockdb.hk_employeechange
WHERE 
    InnerCode = (SELECT InnerCode FROM constantdb.hk_secumain WHERE SecuCode = '00763')
GROUP BY 
    YEAR(InfoPublDate)
ORDER BY 
    EmployeeChange DESC
LIMIT 1;
查询发生异常：查询执行失败: (mysql.connector.errors.ProgrammingError) 1055 (42000): Expression #2 of SELECT list is not in GROUP BY clause and contains nonaggregated column 'hkstockdb.hk_employeechange.QuaAfterChange' which is not functionally dependent on columns in GROUP BY clause; this is incompatible with sql_mode=only_full_group_by
[SQL: SELECT 
    YEAR(InfoPublDate) AS Year,
    ABS(QuaAfterChange - QuaBeforeChange) AS EmployeeChange
FROM 
    hkstockdb.hk_employeechange
WHERE 
    InnerCode = (SELECT InnerCode FROM constantdb.hk_secumain WHERE SecuCode = '00763')
GROUP BY 
    YEAR(InfoPublDate)
ORDER BY 
    EmployeeChange DESC
LIMIT 1;]
(Background on this error at: https://sqlalche.me/e/20/f405)

请修正

>>>>> Agent【Sql_query.master】 Said:
【已知信息】
- 中兴通讯港股代码为00763
- 已知相关表结构：constantdb.hk_secumain, hkstockdb.hk_employeechange
- 上次查询因SQL语法错误（GROUP BY子句问题）导致失败

【当前阶段要获取的信息】
- 中兴通讯在哪个年份的员工人数变动最大
- 该年份前后员工人数的具体差距

【信息所在字段】
- 年份：通过`YEAR(InfoPublDate)`获取
- 员工人数变动：`QuaAfterChange - QuaBeforeChange`

【筛选条件所在字段】
- `InnerCode` 用于关联中兴通讯

【SQL语句的思路】
1. 从constantdb.hk_secumain表中获取中兴通讯的InnerCode
2. 使用该InnerCode在hkstockdb.hk_employeechange表中查询员工人数变动
3. 按年份分组，计算每年员工人数变动的绝对值
4. 找出变动最大的年份
5. 获取该年份前后员工人数的具体差距

【执行SQL语句】
```exec_sql
SELECT 
    YEAR(InfoPublDate) AS Year,
    SUM(ABS(QuaAfterChange - QuaBeforeChange)) AS TotalEmployeeChange
FROM 
    hkstockdb.hk_employeechange
WHERE 
    InnerCode = (SELECT InnerCode FROM constantdb.hk_secumain WHERE SecuCode = '00763')
GROUP BY 
    YEAR(InfoPublDate)
ORDER BY 
    TotalEmployeeChange DESC
LIMIT 1;
```

【上述SQL语句的含义】
- 首先通过子查询从constantdb.hk_secumain表中获取中兴通讯的InnerCode
- 然后在hkstockdb.hk_employeechange表中根据该InnerCode筛选出中兴通讯的员工变动记录
- 按年份分组，并计算每年员工人数变动的绝对值的总和
- 按变动总和大小降序排列，取变动最大的年份及其变动总和

下一步将根据获取的年份，进一步查询该年份前后员工人数的具体差距。

>>>>> 查询sql:
SELECT 
    YEAR(InfoPublDate) AS Year,
    SUM(ABS(QuaAfterChange - QuaBeforeChange)) AS TotalEmployeeChange
FROM 
    hkstockdb.hk_employeechange
WHERE 
    InnerCode = (SELECT InnerCode FROM constantdb.hk_secumain WHERE SecuCode = '00763')
GROUP BY 
    YEAR(InfoPublDate)
ORDER BY 
    TotalEmployeeChange DESC
LIMIT 1;
查询结果:
[{"Year": 2019, "TotalEmployeeChange": 6533.0}]


>>>>> 【user】 Said:
查询SQL:
SELECT 
    YEAR(InfoPublDate) AS Year,
    SUM(ABS(QuaAfterChange - QuaBeforeChange)) AS TotalEmployeeChange
FROM 
    hkstockdb.hk_employeechange
WHERE 
    InnerCode = (SELECT InnerCode FROM constantdb.hk_secumain WHERE SecuCode = '00763')
GROUP BY 
    YEAR(InfoPublDate)
ORDER BY 
    TotalEmployeeChange DESC
LIMIT 1;
查询结果:
[{"Year": 2019, "TotalEmployeeChange": 6533.0}]

请理解查询结果

>>>>> Agent【Sql_query.understand_query_result】 Said:
查询结果表明: 在2019年，证券代码为'00763'的公司经历了最大的员工数量变动，总变动量为6533人。这是通过对`hkstockdb.hk_employeechange`表中的`InfoPublDate`字段按年份分组，并计算每年`QuaAfterChange`和`QuaBeforeChange`字段差值的绝对值之和得出的结果，最终按变动量降序排列并取变动量最大的年份。


>>>>> 【user】 Said:
查询SQL:
SELECT 
    YEAR(InfoPublDate) AS Year,
    SUM(ABS(QuaAfterChange - QuaBeforeChange)) AS TotalEmployeeChange
FROM 
    hkstockdb.hk_employeechange
WHERE 
    InnerCode = (SELECT InnerCode FROM constantdb.hk_secumain WHERE SecuCode = '00763')
GROUP BY 
    YEAR(InfoPublDate)
ORDER BY 
    TotalEmployeeChange DESC
LIMIT 1;
查询结果:
[{"Year": 2019, "TotalEmployeeChange": 6533.0}]

查询结果表明: 在2019年，证券代码为'00763'的公司经历了最大的员工数量变动，总变动量为6533人。这是通过对`hkstockdb.hk_employeechange`表中的`InfoPublDate`字段按年份分组，并计算每年`QuaAfterChange`和`QuaBeforeChange`字段差值的绝对值之和得出的结果，最终按变动量降序排列并取变动量最大的年份。

当前掌握的信息是否能够回答"中兴通讯（港股代码：00763）在哪个年份的员工人数变动最大，以及该年份前后员工人数的具体差距是多少人？"？还是要继续执行下一阶段SQL查询？

>>>>> Agent【Sql_query.master】 Said:
【已知信息】
- 中兴通讯港股代码为00763
- 在2019年，中兴通讯经历了最大的员工数量变动，总变动量为6533人

【当前阶段要获取的信息】
- 2019年前后员工人数的具体差距

【信息所在字段】
- 变更前员工数量：`QuaBeforeChange`
- 变更后员工数量：`QuaAfterChange`

【筛选条件所在字段】
- `InnerCode` 用于关联中兴通讯
- `YEAR(InfoPublDate)` 用于筛选2019年的记录

【SQL语句的思路】
1. 从constantdb.hk_secumain表中获取中兴通讯的InnerCode
2. 使用该InnerCode在hkstockdb.hk_employeechange表中查询2019年的员工人数变动记录
3. 计算该年份前后员工人数的具体差距

【执行SQL语句】
```exec_sql
SELECT 
    QuaBeforeChange,
    QuaAfterChange,
    QuaAfterChange - QuaBeforeChange AS EmployeeChange
FROM 
    hkstockdb.hk_employeechange
WHERE 
    InnerCode = (SELECT InnerCode FROM constantdb.hk_secumain WHERE SecuCode = '00763')
    AND YEAR(InfoPublDate) = 2019
ORDER BY 
    ABS(QuaAfterChange - QuaBeforeChange) DESC
LIMIT 1;
```

【上述SQL语句的含义】
- 首先通过子查询从constantdb.hk_secumain表中获取中兴通讯的InnerCode
- 然后在hkstockdb.hk_employeechange表中根据该InnerCode和年份2019筛选出中兴通讯的员工变动记录
- 计算每条记录的员工人数变动，并按变动大小降序排列，取变动最大的记录
- 返回该记录的变更前员工数量、变更后员工数量以及具体变动量

通过此查询，可以获取2019年前后员工人数的具体差距。

>>>>> 查询sql:
SELECT 
    QuaBeforeChange,
    QuaAfterChange,
    QuaAfterChange - QuaBeforeChange AS EmployeeChange
FROM 
    hkstockdb.hk_employeechange
WHERE 
    InnerCode = (SELECT InnerCode FROM constantdb.hk_secumain WHERE SecuCode = '00763')
    AND YEAR(InfoPublDate) = 2019
ORDER BY 
    ABS(QuaAfterChange - QuaBeforeChange) DESC
LIMIT 1;
查询结果:
[{"QuaBeforeChange": 74773.0, "QuaAfterChange": 68240.0, "EmployeeChange": -6533.0}]


>>>>> 【user】 Said:
查询SQL:
SELECT 
    QuaBeforeChange,
    QuaAfterChange,
    QuaAfterChange - QuaBeforeChange AS EmployeeChange
FROM 
    hkstockdb.hk_employeechange
WHERE 
    InnerCode = (SELECT InnerCode FROM constantdb.hk_secumain WHERE SecuCode = '00763')
    AND YEAR(InfoPublDate) = 2019
ORDER BY 
    ABS(QuaAfterChange - QuaBeforeChange) DESC
LIMIT 1;
查询结果:
[{"QuaBeforeChange": 74773.0, "QuaAfterChange": 68240.0, "EmployeeChange": -6533.0}]

请理解查询结果

>>>>> Agent【Sql_query.understand_query_result】 Said:
查询结果表明: 在2019年，证券代码为'00763'的公司发生了一次员工数量变更，变更前员工数量为74773人，变更后员工数量为68240人，员工数量减少了6533人，这是该年度变动幅度最大的一次员工数量变更。


>>>>> 【user】 Said:
查询SQL:
SELECT 
    QuaBeforeChange,
    QuaAfterChange,
    QuaAfterChange - QuaBeforeChange AS EmployeeChange
FROM 
    hkstockdb.hk_employeechange
WHERE 
    InnerCode = (SELECT InnerCode FROM constantdb.hk_secumain WHERE SecuCode = '00763')
    AND YEAR(InfoPublDate) = 2019
ORDER BY 
    ABS(QuaAfterChange - QuaBeforeChange) DESC
LIMIT 1;
查询结果:
[{"QuaBeforeChange": 74773.0, "QuaAfterChange": 68240.0, "EmployeeChange": -6533.0}]

查询结果表明: 在2019年，证券代码为'00763'的公司发生了一次员工数量变更，变更前员工数量为74773人，变更后员工数量为68240人，员工数量减少了6533人，这是该年度变动幅度最大的一次员工数量变更。

当前掌握的信息是否能够回答"中兴通讯（港股代码：00763）在哪个年份的员工人数变动最大，以及该年份前后员工人数的具体差距是多少人？"？还是要继续执行下一阶段SQL查询？

>>>>> Agent【Sql_query.master】 Said:
【已知信息】
- 中兴通讯港股代码为00763
- 在2019年，中兴通讯经历了最大的员工数量变动，总变动量为6533人
- 2019年具体变动情况：变更前员工数量为74773人，变更后员工数量为68240人，减少了6533人

【当前阶段要获取的信息】
- 无需继续执行SQL查询

【信息所在字段】
- 无需继续执行SQL查询

【筛选条件所在字段】
- 无需继续执行SQL查询

【SQL语句的思路】
- 无需继续执行SQL查询

【执行SQL语句】
```exec_sql
无
```

【上述SQL语句的含义】
- 无需继续执行SQL查询

【回答】
当前掌握的信息已经能够完全回答"中兴通讯（港股代码：00763）在哪个年份的员工人数变动最大，以及该年份前后员工人数的具体差距是多少人？"的问题。

**回答如下：**
- 中兴通讯（港股代码：00763）在2019年的员工人数变动最大。
- 该年份前后员工人数的具体差距为6533人，其中变更前员工数量为74773人，变更后员工数量为68240人，减少了6533人。

无需继续执行下一阶段SQL查询。


>>>>> 【user】 Said:
充分尊重前面给出的结论，回答问题:"中兴通讯（港股代码：00763）在哪个年份的员工人数变动最大，以及该年份前后员工人数的具体差距是多少人？"

>>>>> Agent【Sql_query.summary】 Said:
年份: 2019, 具体差距: -6533人
