
>>>>> Original Question: 该公司上市时一共配售了多少张股？


>>>>> 【user】 Said:
提取下面这段文字中的实体（如公司名、股票代码、拼音缩写等），如果识别结果是空，那么就回复No Entities."该公司上市时一共配售了多少张股？"

>>>>> Agent【extract_company】 Said:
No Entities.


>>>>> 【user】 Said:
下面是顺序的历史问答:
'''
Question: GLYY中文全称是什么？
Answer: 甘李药业股份有限公司
'''
现在用户继续提问，请根据已知信息，理解当前这个问题的完整含义，并重写这个问题使得单独拿出来看仍然能够正确理解：该公司上市时一共配售了多少张股？

>>>>> Agent【rewrite_question】 Said:
甘李药业股份有限公司上市时一共配售了多少张股票？

>>>>> 已知事实:
GLYY的关联信息有:[所在数据表是constantdb.secumain;InnerCode(证券内部编码)是82548;CompanyCode(公司代码)是231147;ChiName(中文名称)是甘李药业股份有限公司;EngName(英文名称)是Gan & Lee Pharmaceuticals.;SecuCode(证券代码)是603087;]

>>>>> 【user】 Said:
请选择db，务必遵循输出的格式要求。

>>>>> Agent【Check_db_structure.db_selector】 Said:
【分析】
用户询问的是甘李药业股份有限公司上市时配售的股票数量。这涉及到公司上市时的股本信息，通常会在公司的基本资料或财务报表中记录。我们需要查找包含公司上市时股本结构的数据库名。

【选中的数据库】
- astockbasicinfodb: 这个数据库记录了上市公司在经营、名称变更及行业信息等方面的详细资料，可能包含公司上市时的股本信息。
- astockshareholderdb: 这个数据库记录了上市公司股东、股本及公司治理相关的详细信息，也可能包含公司上市时的股本结构变动数据。

【选中的数据库的清单】
```json
["astockbasicinfodb", "astockshareholderdb"]
```
补充选择db: ["hkstockdb", "usstockdb"]

>>>>> 【user】 Said:
数据库表信息如下:
[{"表名": "astockbasicinfodb.lc_stockarchives", "说明": "该数据表主要记录了公司的基本信息、联系方式、经营信息及证券信息等内容。其中，公司基本信息包括公司代码、国别、中文名称、法人代表、总经理、法律顾问、会计师事务所、公司成立日期、首次注册登记地点、企业法人营业执照注册号、所属区县及地区代码；联系方式涵盖联系人电话、传真、电子邮箱，公司注册地址、办公地址、联系地址及其对应的邮编，董秘及证券事务代表的电话、传真、电子邮件，以及公司邮箱和网址；经营信息涉及公司所属证监会行业、主营及兼营范围；证券信息包括A股、B股、H股及CDR证券的简称和代码，扩位简称，以及尚未盈利标识、特殊表决权标识、协议控制架构标识、红筹企业标识；此外，还包括信息披露相关内容如披露网址、披露报纸，以及公司简介等。"}, {"表名": "astockbasicinfodb.lc_namechange", "说明": "该数据表主要记录公司基本信息及相关公告，包括公司代码、中文及英文名称（全称与缩写）、信息来源和发布日期等基本信息；还涵盖重要事件如股东大会决议公告日期、是否否决决议、全称更改日期等关键时间节点，便于追踪企业动态与重要决策信息。"}, {"表名": "astockbasicinfodb.lc_business", "说明": "该数据表主要用于记录公司基本信息及相关业务情况，包括公司代码、信息发布日期和来源等基础信息；股东大会决议公告日期及是否否决的决议结果等决策信息；经营范围及主要业务、产品名称等经营信息；涉及行业的分类信息，如行业代码、行业类别及涉足行业等；此外，还包括简称变更原因等补充说明字段。"}, {"表名": "astockshareholderdb.lc_shtypeclassifi", "说明": "该数据表主要用于记录股东及其分类信息，包含股东的唯一标识信息如股东代码和股东编码，股东名称及其所属性质等基本信息，同时提供多级分类结构，涵盖分类标准及一级至四级分类代码，便于对股东进行分层管理和分析。"}, {"表名": "astockshareholderdb.lc_mainshlistnew", "说明": "该数据表主要记录了股东及其持股情况的详细信息，包括公司代码、日期、信息发布日期和来源等基本信息。股东相关信息涵盖股东排名、序号、名称、性质、类别及其编码等。持股信息详细列出了持股总数、持股比例、持股增减情况，以及持有不同类型股票（如A股、B股、H股、普通股及其他类别）的数量和比例。此外，还包括股东性质描述、股权质押和冻结情况及其说明，股东之间的关联关系和一致行动人说明等。证券相关信息有证券代码、简称、所属券商编号及归属机构名称等。备注说明和其他字段提供了进一步的补充信息。"}, {"表名": "astockshareholderdb.lc_shnumber", "说明": "该数据表主要涵盖了公司股东信息的各类数据，包括公司代码、信息发布日期和信息来源等基本信息。股东数据详细记录了股东总户数及各类股东（如A股、B股、H股、CDR股东）的户数和户均持股数，提供了户均持股比例及其相对变化，季度和半年增长率等动态指标。此外，表中还细分了无限售条件股东的数据，包括无限售A股和CDR的户均持股数及比例变化等。通过这些数据，能够分析不同类型股东的持股分布及其变化趋势。"}, {"表名": "astockshareholderdb.lc_mshareholder", "说明": "该数据表主要用于记录公司股东相关信息及公司基本情况，包含以下几类字段信息：公司基本信息如公司代码、信息发布日期、信息来源等；股东相关信息如股东名称、股东地位、持股比例、股东性质、股东ID、国籍描述、永久境外居留权等；公司运营及财务信息如法人代表、注册资本、主要业务、经济性质、背景介绍等；其他信息如股权获取方式、实际控制人结构图、公告类别、报告原文文件格式、日期以及货币单位等，并提供是否存在的标识字段以便于数据筛选和分析。"}, {"表名": "astockshareholderdb.lc_actualcontroller", "说明": "该数据表主要用于记录公司实际控制人的相关信息，包括公司代码、信息发布日期和日期等基本信息；实际控制人的详细信息如代码、姓名、经济性质、国籍代码及描述、永久境外居留权状态，以及实际控制人所属性质等。"}, {"表名": "astockshareholderdb.lc_sharestru", "说明": "该数据表主要记录了公司股本结构及相关信息，包含以下几类字段：公司基本信息如公司代码(CompanyCode)、信息来源(InfoSource)、信息发布日期(InfoPublDate)；时间相关字段如日期(EndDate)；股本总量及变动情况如总股本(股)(TotalShares)、股本变动原因类别(ChangeType)、简称变更原因(ChangeReason)；股权分类及持股情况包括未流通股(NonListedShares)、流通股本(FloatShare)、有限售条件流通股(RestrictedShares)、无限售条件流通股(NonRestrictedShares)、A股(Ashares)、B股(Bshares)、H股(Hshares)、GDR代表基础股票(GDRshares)、外资持股(ForeignHolding)等，进一步细分为发起人股(PromoterShares)、国家股(StateShares)、法人股(DLegalPersonShares、FLegalPersonShares)、自然人股(NaturalPersonHoldLPShares)、职工股(StaffShares)、战略投资者配售持股(StategicInvestorShares)、基金配售持股(MutualFundShares)等；股本流通状态如已上市流通股(AFloatListed)、未上市增发股(AdditionIssueUnlisted)、配股未上市(RightsIssueUnlisted)等；其他股本信息如优先股(PreferredShares)、有限售H股(RestrictedHShares)、无限售H股(NonRestrictedHShares)、其他未流通股(OUnListedShares)；股本面值及货币单位如每股面值(PerValue)、每股面值货币单位(ParValueCurrencyUnit)。通过这些字段，能够全面反映公司股本的构成、流通及变动情况。"}, {"表名": "astockshareholderdb.lc_stockholdingst", "说明": "该数据表主要用于记录各类机构及股东对A股的持股情况及相关统计信息，包含以下几类字段：基础信息如证券内部编码、公司代码、统计日期等；持股数量信息，包括机构、公募基金、券商、私募基金、银行、外资等不同主体持有的无限售流通A股、总A股及其他类型A股的数量；持股比例信息，涵盖上述主体对不同类型A股的持股比例；持股户数信息，记录各类机构及股东的持股户数，包括流通A股户数、无限售流通A股户数等；前十大股东信息，如前十大股东持股数量及比例、无限售股东持股数据等；信息来源及日期字段，用于标注数据出处和时间。"}, {"表名": "astockshareholderdb.lc_sharetransfer", "说明": "该数据表主要记录股权转让的详细信息，涵盖了公司基本信息如公司代码、信息发布日期、信息来源等；股权转让的关键时间点如协议签署日、批准日期、正式变动日期等；转让方和受让方的相关信息，包括名称、经济性质、属性、编码等；股权转让前后的持股情况，如持股数量、持股比例、有限售股数、无限售股数等；交易相关信息如转让方式、涉及股数、交易价格、交易金额等；其他补充信息如生效条件、事项描述与进展、是否终止实施及公告日期等；以及序号、证券内部编码等标识信息。"}, {"表名": "astockshareholderdb.lc_sharefp", "说明": "该数据表记录了公司股权冻结质押的详细信息，包含公司代码、信息发布日期和来源等基本信息，以及涉及的股东和接受方的详细信息，如股东名称和ID、接受方名称和ID、股东和接受方的属性等。表中还包括冻结质押的具体细节，如涉及股数、占持股比例、占总股本比例、起始和结束日期、原因及事项编码和日期。此外，表格记录了无限售股数、有限售股数，以及初始信息发布日期、初始质押股数和预计解除日期等信息。"}, {"表名": "astockshareholderdb.lc_sharefpsta", "说明": "该数据表主要用于记录股权冻结质押的相关信息，包含以下字段：标识信息如冻结质押编号(FPCode)、公司代码(CompanyCode)和股东ID(SHID)；时间信息如截止日期(EndDate)；信息来源(InfoSource)；类别选择(Category)；股东信息如股权被冻结质押股东名称(FPSHName)及其属性(SHAttribute)；冻结质押相关统计数据如累计冻结质押股数(AccuFPShares)、累计占冻结质押方持股数比例(AccuPCTOfPled)、累计占总股本比例(AccuProportion)及其计算值(AccuProportionCalc)；其他辅助字段如AccuFPSharesCalc。"}, {"表名": "astockshareholderdb.lc_buyback", "说明": "该数据表记录了公司股份回购的详细信息，包括公司基本信息如公司代码，以及重要日期信息如首次信息发布日期、预案发布日期、股东大会通过日期、回购协议签署日、回购并注销股份公告书发布日、起始日期、结束日期、全称更改日期、回购资金划出日、工商变更登记日等。股份回购的具体情况涵盖股份类别、股份被回购方、回购股数及占总股本比例、回购定价方式说明、回购价格及回购总金额、回购数量及价格上下限、拟回购资金总额上下限等。支付方式、资金来源及用途说明、回购目的、事件进程及描述、回购方式代码及描述等信息也被详细记录。此外，还包括待偿期限指数、未描述的字段如回购目的、货币单位及被否决日期等。"}, {"表名": "astockshareholderdb.lc_buybackattach", "说明": "该数据表记录了有关股份回购的信息，包含回购的唯一标识（股份回购ID）及其相关的日期信息，如信息发布日期和生效日期。涉及财务数据的字段包括货币单位、最高价、最低价、本次回购资金及累计回购资金总额。此外，表中还记录了与回购数量相关的数据，如回购股数、累计回购数量及其占总股本的比例。通过这些字段，能够全面了解某次股份回购的基本信息和财务影响。"}, {"表名": "astockshareholderdb.lc_legaldistribution", "说明": "该数据表记录了证券配售的详细信息，涵盖了多方面的内容：基础信息如证券内部编码、证券代码、信息发布日期及首次发布日期等；配售相关信息包括配售总股数、配售原因、配售性质、获配股数（有锁定期和无锁定期分别记录）、获配金额、实际发行价、有效申购股数、退款金额、补款金额等；投资者信息包括投资者名称（标准化和原始）、投资者编号、投资者类型、投资者分类等，以及获配企业的名称、性质和所属券商的编号及名称；战略配售的详细记录如高管、员工、保荐机构及其他参与战略配售的股份数量、金额和占比等；此外，还包括流通日期、持股时间等时间维度信息，以及备注说明和配售对象代码等辅助字段。整体涵盖了证券配售的全流程信息，便于分析和统计。"}, {"表名": "astockshareholderdb.lc_nationalstockholdst", "说明": "该数据表主要用于记录股东持股相关信息，包含以下字段类别：基础信息如内部编码、公司代码、股东ID、股东名称；时间信息如截止日期；持股数据如持有A股总数、有限售A股数、无限售A股数；比例数据如占总股本比例、占流通A股比例；变动信息如持有A股数量增减及其增减幅度。"}, {"表名": "astockshareholderdb.cs_foreignholdingst", "说明": "该数据表记录了证券相关的交易信息，包括证券内部编码用于标识证券，交易日期表示具体的交易时间，外资持股总数（单位为万股）和外资持股比例（百分比）则反映了外资在该证券中的持股情况。"}, {"表名": "astockshareholderdb.lc_esop", "说明": "该数据表主要用于记录资产管理计划相关信息，涵盖了基础标识信息如“内部编码、公司代码”等，公告日期信息如“首次信息发布日期、董事会公告日期、股东大会公告日期”等，计划进程与实施信息如“事件进程、是否分期实施、数据统计区间、首次实施公告日”等，股票与资金规模信息如“股票来源方式、股票规模上限与下限、资金总额上限与下限”等，计划细节信息如“麦考利久期、锁定期、释放期、资金来源、参与单位及人员、管理模式、管理机构、资产管理计划全称、分期情况、杠杆比例”等，价格与参与情况信息如“购买股票价格、参与人数、高管及员工的参与人数、认购份额与比例”等，时间节点信息如“持股的完成日、锁定的起始日”等，以及其他补充说明如“计划情况说明”等，全面涵盖计划的各个维度。"}, {"表名": "astockshareholderdb.lc_esopsummary", "说明": "该数据表主要用于记录证券相关事件的信息，包括证券内部编码和公司代码等基础标识信息；首次信息发布日期、董事会公告日期、股东大会公告日期等时间信息；事件进程和序号等事件状态信息；是否分期实施及分期情况等分期相关信息；股票规模和资金总额的上下限等规模和资金范围信息；以及备注说明等补充描述信息。"}, {"表名": "astockshareholderdb.lc_transferplan", "说明": "该数据表主要记录了公司股东承诺及增减持计划的相关信息，涵盖多个方面的字段：公司基本信息如“公司代码”；信息披露相关字段如“首次信息发布日期”“信息发布日期”“信息来源”；承诺主体与事项类型信息如“承诺主体类型”“承诺事项类型”；承诺时间范围及内容描述如“承诺起始日期”“承诺截止日期”“承诺说明”；股东信息如“股东序号”“股东名称”；增持计划相关字段包括“增持时间描述”“增持实施期限”“增持价格描述”“增持股票触发价格上下限”“增持股份数量上下限”“增持比例上下限”“增持投入资金上下限”等；减持计划相关字段包括“减持时间描述”“减持实施期限”“减持价格描述”“减持股票触发价格上下限”“减持股份数量上下限”“减持比例上下限”等；承诺有效性及不减持承诺期限如“承诺是否有效”“不减持承诺期限”；交易方式及相关描述如“交易方式”“交易方式描述”；事件进程信息如“事件进程”。这些字段全面记录了公司股东承诺及增减持行为的各类细节。"}, {"表名": "astockshareholderdb.lc_smattendinfo", "说明": "该数据表记录了公司股东大会相关的综合信息，涵盖多个维度。包括公司基本信息如公司代码；股东大会的时间安排，如首次信息发布日期、最新信息发布日期、公告日期、股东大会召开日及时间、股权登记日、会议登记起止日期、网络投票起止日期等；股东大会的地点和形式信息，如召开地址、会议类别、投票表决方式、网络投票通道及代码等；股东大会的参与情况统计，包括出席总体股东及代表人数、各类股东人数（如A股、H股、中小股东、优先股股东等）、出席股东代表股份及其占比（按不同股东类别区分）；股东大会的主持及法律见证信息，包括大会主持人及其职务、见证律师事务所及其编号、经办律师等；其他相关信息如议案内容、是否有效、股东大会取消日期、年度及届次等。通过这些字段，全面反映了股东大会的组织、参与及法律合规情况。"}, {"表名": "hkstockdb.hk_employeechange", "说明": "该数据表主要记录证券相关信息，包括证券内部代码、信息发布日期与来源等基本信息；股东大会公告日期及相关生效与失效日期等时间信息；是否有效的状态标识；以及变更前后员工数量的对比等数据。"}, {"表名": "hkstockdb.hk_stockarchives", "说明": "该数据表主要记录公司基本信息及相关属性，涵盖了公司标识信息如公司代码、中文名称、企业类别及描述等；成立及注册信息如公司成立日期、注册地、注册资本及其货币单位等；行业分类信息如所属行业（港交所、恒生）等；管理层信息如主席、公司秘书、合资格会计师等；办公及运营信息如注册办事处、总办事处及主要营业地点、股份过户处（香港）等；联系方式如电话、传真、邮箱、公司网址等；以及其他信息如公司业务、公司简介、审计机构等，全面反映了公司的基本情况和运营特征。"}, {"表名": "hkstockdb.cs_hkstockperformance", "说明": "该数据表主要用于记录证券交易及相关指标的详细信息，涵盖了基础信息如证券内部编码、交易日、货币代码等；价格信息包括昨收盘、今开盘、最高价、最低价、收盘价、均价、复权最高价及最低价等；成交信息如成交量、成交金额、换手率等；涨跌信息包括涨跌金额、涨跌幅、振幅等；市值信息如总市值、流通市值等；周期指标覆盖近一周、本周、近一月、本月、近三个月、近六个月、近一年及今年以来的成交、涨跌、振幅、换手率、均价、市值等详细数据，且提供各周期的日均指标；此外，还包含上市以来的复权价格及其对应日期等。"}, {"表名": "usstockdb.us_companyinfo", "说明": "该数据表主要记录公司的基本信息，包括公司标识信息如公司代码、英文名称及其缩写、中文名称；地址信息如公司地址、城市、省份、邮编、国家及国家代码；联系方式如电话、传真；公司描述信息如公司简介、英文公司简介、英文业务简介；注册地信息如注册地国家、注册地省份/州；其他信息如成立日期及其精度、公司类型、是否公司总部，以及链接地址等。"}, {"表名": "usstockdb.us_dailyquote", "说明": "该数据表记录了证券交易的详细信息，包括交易日和证券内部代码用于标识交易记录，开盘价、最高价、最低价和收盘价用于描述当天的价格波动，成交量和成交额反映市场活跃程度，每股收益TTM和证券总市值提供了盈利能力和规模的财务指标，证券总股本用于计算市场相关比率，昨收盘和日涨跌则用于分析价格变动趋势，涨跌幅百分比和均价提供了额外的市场表现信息。"}]

请选择table，务必遵循输出的格式要求。

>>>>> Agent【Check_db_structure.table_selector】 Said:
【分析】
要确定甘李药业股份有限公司上市时配售的股票数量，需要查找与公司上市相关的配售信息。配售信息通常包括配售的总股数、配售原因、配售性质等。根据已知事实，甘李药业的关联信息在`constantdb.secumain`表中，但配售信息更可能记录在涉及股东和股本结构的表中。

【选中的数据表】
- astockshareholderdb.lc_legaldistribution: 该数据表记录了证券配售的详细信息，包括配售总股数、配售原因、配售性质等，能够提供甘李药业上市时配售的股票数量。

【选中的数据库表的清单】
```json
["astockshareholderdb.lc_legaldistribution"]
```


>>>>> 【user】 Said:
已取得可用的数据表的字段信息如下:
[{"表名": "astockshareholderdb.lc_legaldistribution", "表字段": [{"column": "InnerCode", "desc": "证券内部编码；，得到证券的交易代码、简称等。"}, {"column": "InfoPublDate", "desc": "信息发布日期"}, {"column": "InfoSource", "desc": "信息来源"}, {"column": "DistributionSum", "desc": "配售总股数(股/份/张)"}, {"column": "DistributionReason", "desc": "配售原因；，令LB = 1016，得到配售原因的具体描述：1-配股，2-发行新股，3-增发新股，4-可转换债券，5-吸收合并，6-基金发行，7-基金扩募，8-企业债券，9-基金营销，10-金融债券，11-股权分置，12-资产支持证券，13-权证发行，14-信用风险，15-港交所基金发行，16-可交换公司债券，17-优先股发行，18-CDR首发，19-CDR增发，20-CDR配股，21-非公开增发，22-公开增发，23-非公开增发配套融资，99-其他证券发行。"}, {"column": "SerialNum", "desc": "序号"}, {"column": "AquirerName", "desc": "获配企业名称"}, {"column": "AquirerCharacter", "desc": "获配企业性质"}, {"column": "SecuCoBelongedCode", "desc": "所属券商编号；,得到事件主体企业的基本信息; 当获配对象类型(AquirerType)=3时,与“证券码表总表(SecuMainAll)”中的“证券内部编码(InnerCode)”关联,得到事件主体证券品种的基本信息。"}, {"column": "SecuCoBelonged", "desc": "所属券商名称；所属券商名称(SecuCoBelonged)：历史字段，日增数据参考本表“InvestorName[投资者名称(披露)]”"}, {"column": "SecuCode", "desc": "证券代码；获配企业证券代码(SecuCode)和证券主表(SecuMain)中的InnerCode关联"}, {"column": "AquiredSum", "desc": "配售股数(股/份/张)"}, {"column": "OwnedPeriod", "desc": "持股时间(月)"}, {"column": "DistributeNature", "desc": "配售性质；，令LB = 1220 AND DM IN (1,2,3,4,5,6)，得到配售性质的具体描述：1-一般法人，2-战略投资者，3-基金配售，4-原股东优先配售，5-高管及员工战略配售，6-保荐机构及相关子公司战略配售。"}, {"column": "FloatDate", "desc": "流通日期"}, {"column": "Notes", "desc": "备注说明"}, {"column": "IssuePrice", "desc": "实际发行价(元)"}, {"column": "ValidApplyVol", "desc": "有效申购股数(股)"}, {"column": "RefundAmount", "desc": "退款金额(元)"}, {"column": "InitialInfoPublDate", "desc": "首次信息发布日期"}, {"column": "SecuAccountNumber", "desc": "证券账户号码"}, {"column": "SupplementAmount", "desc": "补款金额"}, {"column": "RestrictedSum", "desc": "有锁定期配售股数(股)"}, {"column": "NonRestrictedSum", "desc": "无锁定期配售股数(股)"}, {"column": "InvestorName", "desc": "投资者名称"}, {"column": "InvestorType", "desc": "投资者类型；，令LB = 1783 and DM in (1,2,3)，得到投资者类型的具体描述：1-自然人，2-企业，3-证券品种。"}, {"column": "InvestorCode", "desc": "投资者编号；,得到事件主体企业的基本信息; 当投资者类型(InvestorType)=3时,与“证券码表总表(SecuMainAll)”中的“证券内部编码(InnerCode)”关联,得到事件主体证券品种的基本信息。"}, {"column": "CoreStaffsStraSHVal", "desc": "其中:高管、员工参与战略配售股份金额(万元)"}, {"column": "SponsorStraSharesHVal", "desc": "其中:保荐机构及相关子公司参与战略配售股份金额(万元)"}, {"column": "OtherStraSHVol", "desc": "其中:其他参与战略配售计划数量(万股)"}, {"column": "OtherStraSHVal", "desc": "其中:其他参与战略配售计划金额(万元)"}, {"column": "OtherStraSHRat", "desc": "其中:其他计划参与战略配售占比(%)"}, {"column": "BidderCode", "desc": "配售对象代码"}, {"column": "AquirerAmount", "desc": "获配金额(元)"}, {"column": "StandardInvestorName", "desc": "投资者名称(标准)"}, {"column": "StandardAquirerName", "desc": "获配对象名称(标准)"}, {"column": "AquirerType", "desc": "获配对象类型；，令LB = 1783，得到获配对象类型的具体描述：1-自然人，2-企业，3-证券品种，99-其他。"}, {"column": "ClassofInvestor", "desc": "投资者分类；，令LB=2465，得到投资者分类的具体描述：1-A类，2-B类，3-C类。"}]}]

请选择column，务必遵循输出的格式要求。

>>>>> Agent【Check_db_structure.columns_selector】 Said:
【分析】
用户询问甘李药业股份有限公司上市时配售的股票数量。这涉及到公司上市时的配售信息，需要查找与甘李药业股份有限公司相关的配售总股数。

【信息所在字段】
- astockshareholderdb.lc_legaldistribution.DistributionSum: 这个字段可能包含配售总股数信息，对应用户提问中的“配售了多少张股票”。

【筛选条件所在字段】
- astockshareholderdb.lc_legaldistribution.InnerCode: 这个字段用于关联证券内部编码，确保查询的是甘李药业股份有限公司的信息。
- astockshareholderdb.lc_legaldistribution.DistributionReason: 这个字段用于筛选配售原因，确保是上市时的配售信息。

【选中的字段的清单】
```json
{"astockshareholderdb.lc_legaldistribution": ["DistributionSum", "InnerCode", "DistributionReason"]}
```


>>>>> 【user】 Said:
之前已查询到信息如下:
查询结果表明: 根据证券代码SecuCode为'603087'的查询条件，从constantdb数据库的secumain表中检索到的证券中文名称ChiName为“甘李药业股份有限公司”。

请问:甘李药业股份有限公司上市时一共配售了多少张股票？

>>>>> Agent【Sql_query.master】 Said:
【已知信息】
- 甘李药业股份有限公司的证券代码SecuCode为'603087'
- 甘李药业股份有限公司的证券内部编码InnerCode为82548
- 相关信息存储在constantdb.secumain表中

【当前阶段要获取的信息】
甘李药业股份有限公司上市时配售的总股数

【信息所在字段】
- 配售总股数字段为`DistributionSum`，位于`astockshareholderdb.lc_legaldistribution`表

【筛选条件所在字段】
- 证券内部编码字段为`InnerCode`，位于`astockshareholderdb.lc_legaldistribution`表

【SQL语句的思路】
1. 使用`InnerCode`字段在`astockshareholderdb.lc_legaldistribution`表中查找甘李药业股份有限公司的配售记录
2. 筛选配售原因`DistributionReason`为1（配股）
3. 汇总配售总股数`DistributionSum`

【执行SQL语句】
```exec_sql
SELECT SUM(DistributionSum) AS TotalDistribution
FROM astockshareholderdb.lc_legaldistribution
WHERE InnerCode = 82548
AND DistributionReason = 1;
```

【上述SQL语句的含义】
- 从`astockshareholderdb.lc_legaldistribution`表中选择甘李药业股份有限公司（`InnerCode`为82548）的配售记录
- 筛选配售原因`DistributionReason`为1，即配股
- 计算并返回配售总股数`DistributionSum`的总和，命名为`TotalDistribution`

>>>>> 查询sql:
SELECT SUM(DistributionSum) AS TotalDistribution
FROM astockshareholderdb.lc_legaldistribution
WHERE InnerCode = 82548
AND DistributionReason = 1;
查询结果:
[{"TotalDistribution": null}]


>>>>> 【user】 Said:
查询SQL:
SELECT SUM(DistributionSum) AS TotalDistribution
FROM astockshareholderdb.lc_legaldistribution
WHERE InnerCode = 82548
AND DistributionReason = 1;
查询结果:
[{"TotalDistribution": null}]

请理解查询结果

>>>>> Agent【Sql_query.understand_query_result】 Said:
查询结果表明: 对于证券内部编码为82548的证券，在配售原因为配股（DistributionReason = 1）的情况下，配售总股数（DistributionSum）的累计值为null，即没有找到符合条件的配售记录。


>>>>> 【user】 Said:
查询SQL:
SELECT SUM(DistributionSum) AS TotalDistribution
FROM astockshareholderdb.lc_legaldistribution
WHERE InnerCode = 82548
AND DistributionReason = 1;
查询结果:
[{"TotalDistribution": null}]

查询结果表明: 对于证券内部编码为82548的证券，在配售原因为配股（DistributionReason = 1）的情况下，配售总股数（DistributionSum）的累计值为null，即没有找到符合条件的配售记录。

当前掌握的信息是否能够回答"甘李药业股份有限公司上市时一共配售了多少张股票？"？还是要继续执行下一阶段SQL查询？

>>>>> Agent【Sql_query.master】 Said:
【已知信息】
- 甘李药业股份有限公司的证券内部编码InnerCode为82548
- 在`astockshareholderdb.lc_legaldistribution`表中，配售原因为配股（DistributionReason = 1）的情况下，配售总股数（DistributionSum）的累计值为null，即没有找到符合条件的配售记录

【当前阶段要获取的信息】
无

【信息所在字段】
无

【筛选条件所在字段】
无

【SQL语句的思路】
无

【执行SQL语句】
无

【上述SQL语句的含义】
无

根据当前掌握的信息，无法找到甘李药业股份有限公司上市时配售的股票数量记录。由于配售总股数的累计值为null，说明在配售原因为配股的情况下，没有找到符合条件的配售记录。

因此，当前信息不足以回答“甘李药业股份有限公司上市时一共配售了多少张股票？”的问题。如果需要进一步的信息，可能需要考虑其他查询条件或表，但基于现有信息，无法继续执行有效的SQL查询。建议确认是否需要调整查询条件或查找其他相关数据表。


>>>>> 【user】 Said:
充分尊重前面给出的结论，回答问题:"甘李药业股份有限公司上市时一共配售了多少张股票？"

>>>>> Agent【Sql_query.summary】 Said:
甘李药业股份有限公司上市时配售的股票数量: 无记录
