
>>>>> Original Question: 该公司在2020-2021年期间的回购总金额在A股上市公司中排名如何？


>>>>> 【user】 Said:
提取下面这段文字中的实体（如公司名、股票代码、拼音缩写等），如果识别结果是空，那么就回复No Entities."该公司在2020-2021年期间的回购总金额在A股上市公司中排名如何？"

>>>>> Agent【extract_company】 Said:
No Entities.


>>>>> 【user】 Said:
下面是顺序的历史问答:
'''
Question: 北京昭衍新药研究中心股份有限公司在2020-2021年期间进行了几次股份回购？每次回购的金额(单位：万元，保留两位小数)和股数分别是多少？
Answer: 北京昭衍新药研究中心股份有限公司在2020-2021年期间共进行了6次股份回购，具体回购情况如下：
1. 2020年4月13日：回购金额21.25万元，回购股数15092股。
2. 2020年8月31日：回购金额30.83万元，回购股数18200股。
3. 2021年3月30日：回购金额25.03万元，回购股数25518股。
4. 2021年8月30日：回购金额29.88万元，回购股数25214股。
5. 2021年8月31日：回购金额24.15万元，回购股数35725股。
6. 2021年9月22日：回购金额799.77万元，回购股数101714股。
Question: 最近一次回购的主要目的是什么？是否涉及股权激励计划？
Answer: 主要目的: 基于对公司未来发展前景的信心及对公司价值的高度认可，为维护投资者利益、增强投资者信心、完善长效激励机制、调动管理人员和核心骨干积极性、提高团队凝聚力和竞争力、推动公司长远发展。
是否涉及股权激励计划: 是
'''
现在用户继续提问，请根据已知信息，理解当前这个问题的完整含义，并重写这个问题使得单独拿出来看仍然能够正确理解：该公司在2020-2021年期间的回购总金额在A股上市公司中排名如何？

>>>>> Agent【rewrite_question】 Said:
北京昭衍新药研究中心股份有限公司在2020-2021年期间的股份回购总金额在A股上市公司中的排名如何？

>>>>> 已知事实:
北京昭衍新药研究中心股份有限公司的关联信息有:[所在数据表是constantdb.secumain;InnerCode(证券内部编码)是50479;CompanyCode(公司代码)是207274;ChiName(中文名称)是北京昭衍新药研究中心股份有限公司;EngName(英文名称)是Joinn Laboratories (China) Co., Ltd.;SecuCode(证券代码)是603127;ChiNameAbbr(中文名称缩写)是昭衍新药;EngNameAbbr(英文名称缩写)是JOINN;SecuAbbr(证券简称)是昭衍新药;ChiSpelling(拼音证券简称)是ZYXY;]

>>>>> 【user】 Said:
请选择db，务必遵循输出的格式要求。

>>>>> Agent【Check_db_structure.db_selector】 Said:
【分析】
用户想要了解北京昭衍新药研究中心股份有限公司在2020-2021年期间的股份回购总金额以及其在A股上市公司中的排名。为了获取这些信息，最相关的数据库是“astockshareholderdb”，因为它专门记录了上市公司股东、股本及公司治理相关的详细信息，包括股份回购的相关数据。

【选中的数据库】
- astockshareholderdb: 这个数据库包含了上市公司股东、股本及公司治理相关的详细信息，包括股份回购金额及相关数据，能够帮助用户了解该公司在特定时间段内的股份回购情况并进行排名分析。

【选中的数据库的清单】
```json
["astockshareholderdb"]
```


>>>>> 【user】 Said:
数据库表信息如下:
[{"表名": "astockshareholderdb.lc_shtypeclassifi", "说明": "该数据表主要用于记录股东及其分类信息，包含股东的唯一标识信息如股东代码和股东编码，股东名称及其所属性质等基本信息，同时提供多级分类结构，涵盖分类标准及一级至四级分类代码，便于对股东进行分层管理和分析。"}, {"表名": "astockshareholderdb.lc_mainshlistnew", "说明": "该数据表主要记录了股东及其持股情况的详细信息，包括公司代码、日期、信息发布日期和来源等基本信息。股东相关信息涵盖股东排名、序号、名称、性质、类别及其编码等。持股信息详细列出了持股总数、持股比例、持股增减情况，以及持有不同类型股票（如A股、B股、H股、普通股及其他类别）的数量和比例。此外，还包括股东性质描述、股权质押和冻结情况及其说明，股东之间的关联关系和一致行动人说明等。证券相关信息有证券代码、简称、所属券商编号及归属机构名称等。备注说明和其他字段提供了进一步的补充信息。"}, {"表名": "astockshareholderdb.lc_shnumber", "说明": "该数据表主要涵盖了公司股东信息的各类数据，包括公司代码、信息发布日期和信息来源等基本信息。股东数据详细记录了股东总户数及各类股东（如A股、B股、H股、CDR股东）的户数和户均持股数，提供了户均持股比例及其相对变化，季度和半年增长率等动态指标。此外，表中还细分了无限售条件股东的数据，包括无限售A股和CDR的户均持股数及比例变化等。通过这些数据，能够分析不同类型股东的持股分布及其变化趋势。"}, {"表名": "astockshareholderdb.lc_mshareholder", "说明": "该数据表主要用于记录公司股东相关信息及公司基本情况，包含以下几类字段信息：公司基本信息如公司代码、信息发布日期、信息来源等；股东相关信息如股东名称、股东地位、持股比例、股东性质、股东ID、国籍描述、永久境外居留权等；公司运营及财务信息如法人代表、注册资本、主要业务、经济性质、背景介绍等；其他信息如股权获取方式、实际控制人结构图、公告类别、报告原文文件格式、日期以及货币单位等，并提供是否存在的标识字段以便于数据筛选和分析。"}, {"表名": "astockshareholderdb.lc_actualcontroller", "说明": "该数据表主要用于记录公司实际控制人的相关信息，包括公司代码、信息发布日期和日期等基本信息；实际控制人的详细信息如代码、姓名、经济性质、国籍代码及描述、永久境外居留权状态，以及实际控制人所属性质等。"}, {"表名": "astockshareholderdb.lc_sharestru", "说明": "该数据表主要记录了公司股本结构及相关信息，包含以下几类字段：公司基本信息如公司代码(CompanyCode)、信息来源(InfoSource)、信息发布日期(InfoPublDate)；时间相关字段如日期(EndDate)；股本总量及变动情况如总股本(股)(TotalShares)、股本变动原因类别(ChangeType)、简称变更原因(ChangeReason)；股权分类及持股情况包括未流通股(NonListedShares)、流通股本(FloatShare)、有限售条件流通股(RestrictedShares)、无限售条件流通股(NonRestrictedShares)、A股(Ashares)、B股(Bshares)、H股(Hshares)、GDR代表基础股票(GDRshares)、外资持股(ForeignHolding)等，进一步细分为发起人股(PromoterShares)、国家股(StateShares)、法人股(DLegalPersonShares、FLegalPersonShares)、自然人股(NaturalPersonHoldLPShares)、职工股(StaffShares)、战略投资者配售持股(StategicInvestorShares)、基金配售持股(MutualFundShares)等；股本流通状态如已上市流通股(AFloatListed)、未上市增发股(AdditionIssueUnlisted)、配股未上市(RightsIssueUnlisted)等；其他股本信息如优先股(PreferredShares)、有限售H股(RestrictedHShares)、无限售H股(NonRestrictedHShares)、其他未流通股(OUnListedShares)；股本面值及货币单位如每股面值(PerValue)、每股面值货币单位(ParValueCurrencyUnit)。通过这些字段，能够全面反映公司股本的构成、流通及变动情况。"}, {"表名": "astockshareholderdb.lc_stockholdingst", "说明": "该数据表主要用于记录各类机构及股东对A股的持股情况及相关统计信息，包含以下几类字段：基础信息如证券内部编码、公司代码、统计日期等；持股数量信息，包括机构、公募基金、券商、私募基金、银行、外资等不同主体持有的无限售流通A股、总A股及其他类型A股的数量；持股比例信息，涵盖上述主体对不同类型A股的持股比例；持股户数信息，记录各类机构及股东的持股户数，包括流通A股户数、无限售流通A股户数等；前十大股东信息，如前十大股东持股数量及比例、无限售股东持股数据等；信息来源及日期字段，用于标注数据出处和时间。"}, {"表名": "astockshareholderdb.lc_sharetransfer", "说明": "该数据表主要记录股权转让的详细信息，涵盖了公司基本信息如公司代码、信息发布日期、信息来源等；股权转让的关键时间点如协议签署日、批准日期、正式变动日期等；转让方和受让方的相关信息，包括名称、经济性质、属性、编码等；股权转让前后的持股情况，如持股数量、持股比例、有限售股数、无限售股数等；交易相关信息如转让方式、涉及股数、交易价格、交易金额等；其他补充信息如生效条件、事项描述与进展、是否终止实施及公告日期等；以及序号、证券内部编码等标识信息。"}, {"表名": "astockshareholderdb.lc_sharefp", "说明": "该数据表记录了公司股权冻结质押的详细信息，包含公司代码、信息发布日期和来源等基本信息，以及涉及的股东和接受方的详细信息，如股东名称和ID、接受方名称和ID、股东和接受方的属性等。表中还包括冻结质押的具体细节，如涉及股数、占持股比例、占总股本比例、起始和结束日期、原因及事项编码和日期。此外，表格记录了无限售股数、有限售股数，以及初始信息发布日期、初始质押股数和预计解除日期等信息。"}, {"表名": "astockshareholderdb.lc_sharefpsta", "说明": "该数据表主要用于记录股权冻结质押的相关信息，包含以下字段：标识信息如冻结质押编号(FPCode)、公司代码(CompanyCode)和股东ID(SHID)；时间信息如截止日期(EndDate)；信息来源(InfoSource)；类别选择(Category)；股东信息如股权被冻结质押股东名称(FPSHName)及其属性(SHAttribute)；冻结质押相关统计数据如累计冻结质押股数(AccuFPShares)、累计占冻结质押方持股数比例(AccuPCTOfPled)、累计占总股本比例(AccuProportion)及其计算值(AccuProportionCalc)；其他辅助字段如AccuFPSharesCalc。"}, {"表名": "astockshareholderdb.lc_buyback", "说明": "该数据表记录了公司股份回购的详细信息，包括公司基本信息如公司代码，以及重要日期信息如首次信息发布日期、预案发布日期、股东大会通过日期、回购协议签署日、回购并注销股份公告书发布日、起始日期、结束日期、全称更改日期、回购资金划出日、工商变更登记日等。股份回购的具体情况涵盖股份类别、股份被回购方、回购股数及占总股本比例、回购定价方式说明、回购价格及回购总金额、回购数量及价格上下限、拟回购资金总额上下限等。支付方式、资金来源及用途说明、回购目的、事件进程及描述、回购方式代码及描述等信息也被详细记录。此外，还包括待偿期限指数、未描述的字段如回购目的、货币单位及被否决日期等。"}, {"表名": "astockshareholderdb.lc_buybackattach", "说明": "该数据表记录了有关股份回购的信息，包含回购的唯一标识（股份回购ID）及其相关的日期信息，如信息发布日期和生效日期。涉及财务数据的字段包括货币单位、最高价、最低价、本次回购资金及累计回购资金总额。此外，表中还记录了与回购数量相关的数据，如回购股数、累计回购数量及其占总股本的比例。通过这些字段，能够全面了解某次股份回购的基本信息和财务影响。"}, {"表名": "astockshareholderdb.lc_legaldistribution", "说明": "该数据表记录了证券配售的详细信息，涵盖了多方面的内容：基础信息如证券内部编码、证券代码、信息发布日期及首次发布日期等；配售相关信息包括配售总股数、配售原因、配售性质、获配股数（有锁定期和无锁定期分别记录）、获配金额、实际发行价、有效申购股数、退款金额、补款金额等；投资者信息包括投资者名称（标准化和原始）、投资者编号、投资者类型、投资者分类等，以及获配企业的名称、性质和所属券商的编号及名称；战略配售的详细记录如高管、员工、保荐机构及其他参与战略配售的股份数量、金额和占比等；此外，还包括流通日期、持股时间等时间维度信息，以及备注说明和配售对象代码等辅助字段。整体涵盖了证券配售的全流程信息，便于分析和统计。"}, {"表名": "astockshareholderdb.lc_nationalstockholdst", "说明": "该数据表主要用于记录股东持股相关信息，包含以下字段类别：基础信息如内部编码、公司代码、股东ID、股东名称；时间信息如截止日期；持股数据如持有A股总数、有限售A股数、无限售A股数；比例数据如占总股本比例、占流通A股比例；变动信息如持有A股数量增减及其增减幅度。"}, {"表名": "astockshareholderdb.cs_foreignholdingst", "说明": "该数据表记录了证券相关的交易信息，包括证券内部编码用于标识证券，交易日期表示具体的交易时间，外资持股总数（单位为万股）和外资持股比例（百分比）则反映了外资在该证券中的持股情况。"}, {"表名": "astockshareholderdb.lc_esop", "说明": "该数据表主要用于记录资产管理计划相关信息，涵盖了基础标识信息如“内部编码、公司代码”等，公告日期信息如“首次信息发布日期、董事会公告日期、股东大会公告日期”等，计划进程与实施信息如“事件进程、是否分期实施、数据统计区间、首次实施公告日”等，股票与资金规模信息如“股票来源方式、股票规模上限与下限、资金总额上限与下限”等，计划细节信息如“麦考利久期、锁定期、释放期、资金来源、参与单位及人员、管理模式、管理机构、资产管理计划全称、分期情况、杠杆比例”等，价格与参与情况信息如“购买股票价格、参与人数、高管及员工的参与人数、认购份额与比例”等，时间节点信息如“持股的完成日、锁定的起始日”等，以及其他补充说明如“计划情况说明”等，全面涵盖计划的各个维度。"}, {"表名": "astockshareholderdb.lc_esopsummary", "说明": "该数据表主要用于记录证券相关事件的信息，包括证券内部编码和公司代码等基础标识信息；首次信息发布日期、董事会公告日期、股东大会公告日期等时间信息；事件进程和序号等事件状态信息；是否分期实施及分期情况等分期相关信息；股票规模和资金总额的上下限等规模和资金范围信息；以及备注说明等补充描述信息。"}, {"表名": "astockshareholderdb.lc_transferplan", "说明": "该数据表主要记录了公司股东承诺及增减持计划的相关信息，涵盖多个方面的字段：公司基本信息如“公司代码”；信息披露相关字段如“首次信息发布日期”“信息发布日期”“信息来源”；承诺主体与事项类型信息如“承诺主体类型”“承诺事项类型”；承诺时间范围及内容描述如“承诺起始日期”“承诺截止日期”“承诺说明”；股东信息如“股东序号”“股东名称”；增持计划相关字段包括“增持时间描述”“增持实施期限”“增持价格描述”“增持股票触发价格上下限”“增持股份数量上下限”“增持比例上下限”“增持投入资金上下限”等；减持计划相关字段包括“减持时间描述”“减持实施期限”“减持价格描述”“减持股票触发价格上下限”“减持股份数量上下限”“减持比例上下限”等；承诺有效性及不减持承诺期限如“承诺是否有效”“不减持承诺期限”；交易方式及相关描述如“交易方式”“交易方式描述”；事件进程信息如“事件进程”。这些字段全面记录了公司股东承诺及增减持行为的各类细节。"}, {"表名": "astockshareholderdb.lc_smattendinfo", "说明": "该数据表记录了公司股东大会相关的综合信息，涵盖多个维度。包括公司基本信息如公司代码；股东大会的时间安排，如首次信息发布日期、最新信息发布日期、公告日期、股东大会召开日及时间、股权登记日、会议登记起止日期、网络投票起止日期等；股东大会的地点和形式信息，如召开地址、会议类别、投票表决方式、网络投票通道及代码等；股东大会的参与情况统计，包括出席总体股东及代表人数、各类股东人数（如A股、H股、中小股东、优先股股东等）、出席股东代表股份及其占比（按不同股东类别区分）；股东大会的主持及法律见证信息，包括大会主持人及其职务、见证律师事务所及其编号、经办律师等；其他相关信息如议案内容、是否有效、股东大会取消日期、年度及届次等。通过这些字段，全面反映了股东大会的组织、参与及法律合规情况。"}]

请选择table，务必遵循输出的格式要求。

>>>>> Agent【Check_db_structure.table_selector】 Said:
【分析】
为了评估北京昭衍新药研究中心股份有限公司在2020-2021年期间的股份回购总金额在A股上市公司中的排名，需要查询其回购的详细信息，包括回购金额和相关公司信息。因此，主要需要使用记录股份回购信息的表。

【选中的数据表】
- astockshareholderdb.lc_buyback: 该数据表记录了公司股份回购的详细信息，包括回购金额、回购股数及其他相关信息。

【选中的数据库表的清单】
```json
["astockshareholderdb.lc_buyback"]
```


>>>>> 【user】 Said:
已取得可用的数据表的字段信息如下:
[{"表名": "astockshareholderdb.lc_buyback", "表字段": [{"column": "CompanyCode", "desc": "公司代码；，得到上市公司的交易代码、简称等。"}, {"column": "FirstPublDate", "desc": "首次信息发布日期"}, {"column": "InfoSource", "desc": "信息来源"}, {"column": "ShareType", "desc": "股份类别；，令LB = 1040，得到股份类别的具体描述：1-国家股，2-国有法人股，3-外资法人股，4-其他法人股，5-流通A股，6-B股，7-H股，8-转配股，9-专项资产管理计划转让，10-资产支持证券转让，11-中小企业私募债转让，12-中国存托凭证，13-可转换公司债券。"}, {"column": "AdvanceDate", "desc": "预案发布日期"}, {"column": "MeetPassDate", "desc": "股东大会通过日期"}, {"column": "WriteOffPublDate", "desc": "回购并注销股份公告书发布日"}, {"column": "ContractDate", "desc": "回购协议签署日"}, {"column": "Seller", "desc": "股份被回购方"}, {"column": "BuybackSum", "desc": "回购股数(股)"}, {"column": "Percentage", "desc": "占总股本比例"}, {"column": "PricingStatement", "desc": "回购定价方式说明"}, {"column": "BuybackPrice", "desc": "回购价格(元/股)"}, {"column": "BuybackMoney", "desc": "回购总金额(元)"}, {"column": "StartDate", "desc": "起始日期"}, {"column": "EndDate", "desc": "日期"}, {"column": "PayMode", "desc": "回购支付方式"}, {"column": "ChangeDate", "desc": "全称更改日期"}, {"column": "PayDate", "desc": "回购资金划出日"}, {"column": "ChangeRegDate", "desc": "工商变更登记日"}, {"column": "VolumeFloor", "desc": "回购数量下限(股)"}, {"column": "VolumeCeiling", "desc": "回购数量上限(股)"}, {"column": "PriceFloor", "desc": "回购价格下限(元)"}, {"column": "PriceCeiling", "desc": "回购价格上限(元)"}, {"column": "ValueFloor", "desc": "拟回购资金总额下限(元)"}, {"column": "ValueCeiling", "desc": "拟回购资金总额上限(元)"}, {"column": "MaturityDesc", "desc": "待偿期限_指数"}, {"column": "EventProcedure", "desc": "事件进程；，令LB = 1059，得到事件进程代码的具体描述：1000-意向，1001-预案，1004-决案，1007-否决，1010-申请，1013-批准，1016-未实施终止，1019-实施中，1022-实施完成，1025-解除，1028-到期，1041-续签，1043-部分续签，1051-涉诉，1053-可能涉诉，1055-预估，1303-收到，1305-部分收到，2001-逾期，2003-还款，2005-延期，2007-展期，2501-诉前，2504-诉中，2507-诉后，3001-提前回收，3002-提前部分回收，3003-到期后协议延期，3004-到期回收，3005-到期待回收，3006-到期部分待回收，3007-到期无法回收，3008-到期部分无法回收，3101-改革意向，3103-股改动议取消，3105-董事会改革方案，3108-沟通确认方案，3111-上级部门批准，3115-上级部门驳回，3120-董事会否决，3121-股东大会通过，3125-股东大会否决，3126-有效期内未实施，3131-方案实施，3201-证监会审核通过，3202-证监会审核否决，3203-证监会核准，3204-证监会未核准，3212-方案部分实施，3301-已注册未发行，3302-已发行有额度，3303-已发行无额度，3304-提前终止，3305-放弃，3399-其他。"}, {"column": "EventProceDesc", "desc": "事件进程描述"}, {"column": "BuybackModeCode", "desc": "股份回购方式代码；，令LB = 1523，得到股份回购方式代码的具体描述：10-集中竞价，20-协议回购，30-其他，40-要约回购。"}, {"column": "BuybackModeDesc", "desc": "股份回购方式描述"}, {"column": "FundsSourceDesc", "desc": "资金总额及来源说明"}, {"column": "PurposeDesc", "desc": "回购目的说明"}, {"column": "BuybackPurpose", "desc": "No description available；，令LB=2560，得到回购目的的具体描述：1-实施股权激励，2-实施员工持股计划，3-实施股权激励或员工持股计划，4-发行可转债，5-未达激励计划条件，6-市值管理，7-资产重组，8-吸收合并，9-业绩补偿，10-大股东资金占用，11-对价购买。"}, {"column": "CurrencyUnit", "desc": "No description available"}, {"column": "OverruledDate", "desc": "No description available"}]}]

请选择column，务必遵循输出的格式要求。

>>>>> Agent【Check_db_structure.columns_selector】 Said:
【分析】
用户想要了解北京昭衍新药研究中心股份有限公司在2020-2021年期间的股份回购总金额在A股上市公司中的排名，因此需要获取回购总金额及相关的公司代码等信息。

【信息所在字段】
- astockshareholderdb.lc_buyback.CompanyCode: 这个字段包含公司的交易代码，能够帮助识别北京昭衍新药研究中心股份有限公司。
- astockshareholderdb.lc_buyback.BuybackMoney: 这个字段包含回购总金额信息，用于计算排名。

【筛选条件所在字段】
- astockshareholderdb.lc_buyback.FirstPublDate: 这个字段包含首次信息发布日期，可以用于筛选出2020-2021年期间的回购信息。
- astockshareholderdb.lc_buyback.StartDate: 这个字段包含回购的起始日期，可以用于进一步确认回购的时间范围。
- astockshareholderdb.lc_buyback.EndDate: 这个字段包含回购的结束日期，也可以用于确认回购的时间范围。

【选中的字段的清单】
```json
{"astockshareholderdb.lc_buyback": ["CompanyCode", "BuybackMoney", "FirstPublDate", "StartDate", "EndDate"]}
```


>>>>> 【user】 Said:
之前已查询到信息如下:
查询结果表明: 在公司代码为207274的上市公司中，从2020年1月1日至2021年12月31日期间，共有6次股票回购记录。具体日期及回购情况如下：2020年4月13日回购1次，总金额为21.25万元，回购股数为15092股；2020年8月31日回购1次，总金额为30.83万元，回购股数为18200股；2021年3月30日回购1次，总金额为25.03万元，回购股数为25518股；2021年8月30日回购1次，总金额为29.88万元，回购股数为25214股；2021年8月31日回购1次，总金额为24.15万元，回购股数为35725股；2021年9月22日回购1次，总金额为799.77万元，回购股数为101714股。每次回购的金额和股数均有所不同，且回购次数按日期分布不均。
---
查询结果表明:
该查询返回了公司代码为207274且首次信息发布日期为2021年9月22日的回购记录。回购目的说明（PurposeDesc）详细描述了公司基于对发展前景的信心和对公司价值的认可，为维护投资者利益、增强投资者信心、完善长效激励机制、调动管理人员和核心骨干积极性、提高团队凝聚力和竞争力、推动公司长远发展，拟使用自有资金以集中竞价方式回购公司股份，用于员工持股计划。此外，还提到了2022年8月16日的公告内容，包括回购报告书的规定、资本公积金转增股本、现金分红等事项，并对回购价格进行了相应调整。回购目的（BuybackPurpose）的具体编码为2，表示实施员工持股计划。

请问:北京昭衍新药研究中心股份有限公司在2020-2021年期间的股份回购总金额在A股上市公司中的排名如何？

>>>>> Agent【Sql_query.master】 Said:
【已知信息】
- 北京昭衍新药研究中心股份有限公司（公司代码207274）在2020-2021年期间共进行了6次股份回购，回购总金额为21.25万元 + 30.83万元 + 25.03万元 + 29.88万元 + 24.15万元 + 799.77万元 = 930.91万元。
- 需要获取A股上市公司在2020-2021年期间的股份回购总金额并进行排名。

【当前阶段要获取的信息】
北京昭衍新药研究中心股份有限公司在2020-2021年期间的股份回购总金额在A股上市公司中的排名。

【信息所在字段】
- 回购总金额字段：BuybackMoney（单位：元）

【筛选条件所在字段】
- 公司代码字段：CompanyCode
- 日期范围：StartDate和EndDate

【SQL语句的思路】
1. 先计算所有A股上市公司在2020-2021年期间的股份回购总金额。
2. 然后通过比较得出北京昭衍新药研究中心股份有限公司的回购总金额在所有公司中的排名。

接下来，我将执行第一步，获取所有A股上市公司在2020-2021年期间的股份回购总金额。

```exec_sql
SELECT CompanyCode, SUM(BuybackMoney) AS TotalBuybackMoney 
FROM astockshareholderdb.lc_buyback 
WHERE DATE(StartDate) BETWEEN '2020-01-01' AND '2021-12-31' 
GROUP BY CompanyCode;
``` 
【上述SQL语句的含义】
该SQL语句用于获取所有A股上市公司在2020-2021年期间的股份回购总金额，按公司代码分组。

>>>>> 查询sql:
SELECT CompanyCode, SUM(BuybackMoney) AS TotalBuybackMoney 
FROM astockshareholderdb.lc_buyback 
WHERE DATE(StartDate) BETWEEN '2020-01-01' AND '2021-12-31' 
GROUP BY CompanyCode;
查询结果:
[{"CompanyCode": 79346, "TotalBuybackMoney": 165101600.0}, {"CompanyCode": 75205, "TotalBuybackMoney": 100973450.64}, {"CompanyCode": 81456, "TotalBuybackMoney": 199998944.06}, {"CompanyCode": 1588, "TotalBuybackMoney": 273400028.78999996}, {"CompanyCode": 1334, "TotalBuybackMoney": 501687966.99}, {"CompanyCode": 2500, "TotalBuybackMoney": 319958380.34}, {"CompanyCode": 171771, "TotalBuybackMoney": 150462300.0}, {"CompanyCode": 1360, "TotalBuybackMoney": 1553519442.7}, {"CompanyCode": 1511, "TotalBuybackMoney": 203595758.38}, {"CompanyCode": 159, "TotalBuybackMoney": 250061413.16}, {"CompanyCode": 78143, "TotalBuybackMoney": 80985661.31}, {"CompanyCode": 262, "TotalBuybackMoney": 400032878.38}, {"CompanyCode": 174443, "TotalBuybackMoney": 148931302.87}, {"CompanyCode": 523, "TotalBuybackMoney": 455303777.91}, {"CompanyCode": 1474, "TotalBuybackMoney": 211989576.62}, {"CompanyCode": 223847, "TotalBuybackMoney": 818112086.62}, {"CompanyCode": 74744, "TotalBuybackMoney": null}, {"CompanyCode": 171106, "TotalBuybackMoney": 52002164.55}, {"CompanyCode": 170409, "TotalBuybackMoney": 300000008.96}, {"CompanyCode": 171205, "TotalBuybackMoney": 46849900.0}, {"CompanyCode": 307, "TotalBuybackMoney": 201970344.46}, {"CompanyCode": 327, "TotalBuybackMoney": 1133586127.14}, {"CompanyCode": 184209, "TotalBuybackMoney": 543945176.0}, {"CompanyCode": 80536, "TotalBuybackMoney": 300043400.0}, {"CompanyCode": 1177, "TotalBuybackMoney": 1439007759.81}, {"CompanyCode": 1806, "TotalBuybackMoney": 400682000.0}, {"CompanyCode": 82261, "TotalBuybackMoney": 538600411.26}, {"CompanyCode": 81786, "TotalBuybackMoney": 2699960993.3}, {"CompanyCode": 74785, "TotalBuybackMoney": 199999297.88}, {"CompanyCode": 469, "TotalBuybackMoney": 165655091.0}, {"CompanyCode": 1157, "TotalBuybackMoney": 499998976.69}, {"CompanyCode": 78289, "TotalBuybackMoney": 167501974.48}, {"CompanyCode": 193458, "TotalBuybackMoney": 107380201.91}, {"CompanyCode": 171621, "TotalBuybackMoney": 159999600.0}, {"CompanyCode": 159043, "TotalBuybackMoney": 705151597.0}, {"CompanyCode": 548, "TotalBuybackMoney": 281123000.0}, {"CompanyCode": 74975, "TotalBuybackMoney": 155026631.76}, {"CompanyCode": 1844, "TotalBuybackMoney": 663387000.0}, {"CompanyCode": 73222, "TotalBuybackMoney": 250090716.6}, {"CompanyCode": 169848, "TotalBuybackMoney": 75062996.43}, {"CompanyCode": 1800, "TotalBuybackMoney": 384511600.87}, {"CompanyCode": 385, "TotalBuybackMoney": 340630075.58}, {"CompanyCode": 1513, "TotalBuybackMoney": 190077747.8}, {"CompanyCode": 72007, "TotalBuybackMoney": 60813062.0}, {"CompanyCode": 74626, "TotalBuybackMoney": 364910020.99}, {"CompanyCode": 1570, "TotalBuybackMoney": 500000157.78}, {"CompanyCode": 41664, "TotalBuybackMoney": 350977160.28}, {"CompanyCode": 77024, "TotalBuybackMoney": 140577994.0}, {"CompanyCode": 79075, "TotalBuybackMoney": 199820869.47}, {"CompanyCode": 1805, "TotalBuybackMoney": 983525018.3199999}, {"CompanyCode": 1575, "TotalBuybackMoney": 297000000.0}, {"CompanyCode": 81211, "TotalBuybackMoney": 199991892.4}, {"CompanyCode": 1462, "TotalBuybackMoney": 200011616.55}, {"CompanyCode": 1070, "TotalBuybackMoney": 267870000.0}, {"CompanyCode": 172402, "TotalBuybackMoney": 75099820.08}, {"CompanyCode": 1428, "TotalBuybackMoney": 56460892.0}, {"CompanyCode": 177279, "TotalBuybackMoney": 48811391.89}, {"CompanyCode": 118680, "TotalBuybackMoney": 99981550.54}, {"CompanyCode": 194220, "TotalBuybackMoney": 169991178.76}, {"CompanyCode": 79318, "TotalBuybackMoney": 236625962.0}, {"CompanyCode": 79199, "TotalBuybackMoney": 149965977.73}, {"CompanyCode": 78398, "TotalBuybackMoney": 100479800.0}, {"CompanyCode": 78545, "TotalBuybackMoney": 158975884.0}, {"CompanyCode": 75160, "TotalBuybackMoney": 602014000.0}, {"CompanyCode": 76770, "TotalBuybackMoney": 100689414.71}, {"CompanyCode": 75211, "TotalBuybackMoney": 199999949.1}, {"CompanyCode": 1303, "TotalBuybackMoney": 42771306.59}, {"CompanyCode": 169956, "TotalBuybackMoney": 247714363.06}, {"CompanyCode": 170717, "TotalBuybackMoney": 499994831.0}, {"CompanyCode": 2344, "TotalBuybackMoney": 120991922.37}, {"CompanyCode": 191377, "TotalBuybackMoney": 263018442.47}, {"CompanyCode": 81847, "TotalBuybackMoney": 59977700.0}, {"CompanyCode": 4446, "TotalBuybackMoney": 199959299.42}, {"CompanyCode": 207274, "TotalBuybackMoney": 7997727.28}, {"CompanyCode": 228143, "TotalBuybackMoney": 499991560.55}, {"CompanyCode": 168759, "TotalBuybackMoney": 164823800.0}, {"CompanyCode": 22291, "TotalBuybackMoney": 252567452.0}, {"CompanyCode": 77259, "TotalBuybackMoney": 355777700.0}, {"CompanyCode": 1072, "TotalBuybackMoney": 290901734.44}]


>>>>> 【user】 Said:
查询SQL:
SELECT CompanyCode, SUM(BuybackMoney) AS TotalBuybackMoney 
FROM astockshareholderdb.lc_buyback 
WHERE DATE(StartDate) BETWEEN '2020-01-01' AND '2021-12-31' 
GROUP BY CompanyCode;
查询结果:
[{"CompanyCode": 79346, "TotalBuybackMoney": 165101600.0}, {"CompanyCode": 75205, "TotalBuybackMoney": 100973450.64}, {"CompanyCode": 81456, "TotalBuybackMoney": 199998944.06}, {"CompanyCode": 1588, "TotalBuybackMoney": 273400028.78999996}, {"CompanyCode": 1334, "TotalBuybackMoney": 501687966.99}, {"CompanyCode": 2500, "TotalBuybackMoney": 319958380.34}, {"CompanyCode": 171771, "TotalBuybackMoney": 150462300.0}, {"CompanyCode": 1360, "TotalBuybackMoney": 1553519442.7}, {"CompanyCode": 1511, "TotalBuybackMoney": 203595758.38}, {"CompanyCode": 159, "TotalBuybackMoney": 250061413.16}, {"CompanyCode": 78143, "TotalBuybackMoney": 80985661.31}, {"CompanyCode": 262, "TotalBuybackMoney": 400032878.38}, {"CompanyCode": 174443, "TotalBuybackMoney": 148931302.87}, {"CompanyCode": 523, "TotalBuybackMoney": 455303777.91}, {"CompanyCode": 1474, "TotalBuybackMoney": 211989576.62}, {"CompanyCode": 223847, "TotalBuybackMoney": 818112086.62}, {"CompanyCode": 74744, "TotalBuybackMoney": null}, {"CompanyCode": 171106, "TotalBuybackMoney": 52002164.55}, {"CompanyCode": 170409, "TotalBuybackMoney": 300000008.96}, {"CompanyCode": 171205, "TotalBuybackMoney": 46849900.0}, {"CompanyCode": 307, "TotalBuybackMoney": 201970344.46}, {"CompanyCode": 327, "TotalBuybackMoney": 1133586127.14}, {"CompanyCode": 184209, "TotalBuybackMoney": 543945176.0}, {"CompanyCode": 80536, "TotalBuybackMoney": 300043400.0}, {"CompanyCode": 1177, "TotalBuybackMoney": 1439007759.81}, {"CompanyCode": 1806, "TotalBuybackMoney": 400682000.0}, {"CompanyCode": 82261, "TotalBuybackMoney": 538600411.26}, {"CompanyCode": 81786, "TotalBuybackMoney": 2699960993.3}, {"CompanyCode": 74785, "TotalBuybackMoney": 199999297.88}, {"CompanyCode": 469, "TotalBuybackMoney": 165655091.0}, {"CompanyCode": 1157, "TotalBuybackMoney": 499998976.69}, {"CompanyCode": 78289, "TotalBuybackMoney": 167501974.48}, {"CompanyCode": 193458, "TotalBuybackMoney": 107380201.91}, {"CompanyCode": 171621, "TotalBuybackMoney": 159999600.0}, {"CompanyCode": 159043, "TotalBuybackMoney": 705151597.0}, {"CompanyCode": 548, "TotalBuybackMoney": 281123000.0}, {"CompanyCode": 74975, "TotalBuybackMoney": 155026631.76}, {"CompanyCode": 1844, "TotalBuybackMoney": 663387000.0}, {"CompanyCode": 73222, "TotalBuybackMoney": 250090716.6}, {"CompanyCode": 169848, "TotalBuybackMoney": 75062996.43}, {"CompanyCode": 1800, "TotalBuybackMoney": 384511600.87}, {"CompanyCode": 385, "TotalBuybackMoney": 340630075.58}, {"CompanyCode": 1513, "TotalBuybackMoney": 190077747.8}, {"CompanyCode": 72007, "TotalBuybackMoney": 60813062.0}, {"CompanyCode": 74626, "TotalBuybackMoney": 364910020.99}, {"CompanyCode": 1570, "TotalBuybackMoney": 500000157.78}, {"CompanyCode": 41664, "TotalBuybackMoney": 350977160.28}, {"CompanyCode": 77024, "TotalBuybackMoney": 140577994.0}, {"CompanyCode": 79075, "TotalBuybackMoney": 199820869.47}, {"CompanyCode": 1805, "TotalBuybackMoney": 983525018.3199999}, {"CompanyCode": 1575, "TotalBuybackMoney": 297000000.0}, {"CompanyCode": 81211, "TotalBuybackMoney": 199991892.4}, {"CompanyCode": 1462, "TotalBuybackMoney": 200011616.55}, {"CompanyCode": 1070, "TotalBuybackMoney": 267870000.0}, {"CompanyCode": 172402, "TotalBuybackMoney": 75099820.08}, {"CompanyCode": 1428, "TotalBuybackMoney": 56460892.0}, {"CompanyCode": 177279, "TotalBuybackMoney": 48811391.89}, {"CompanyCode": 118680, "TotalBuybackMoney": 99981550.54}, {"CompanyCode": 194220, "TotalBuybackMoney": 169991178.76}, {"CompanyCode": 79318, "TotalBuybackMoney": 236625962.0}, {"CompanyCode": 79199, "TotalBuybackMoney": 149965977.73}, {"CompanyCode": 78398, "TotalBuybackMoney": 100479800.0}, {"CompanyCode": 78545, "TotalBuybackMoney": 158975884.0}, {"CompanyCode": 75160, "TotalBuybackMoney": 602014000.0}, {"CompanyCode": 76770, "TotalBuybackMoney": 100689414.71}, {"CompanyCode": 75211, "TotalBuybackMoney": 199999949.1}, {"CompanyCode": 1303, "TotalBuybackMoney": 42771306.59}, {"CompanyCode": 169956, "TotalBuybackMoney": 247714363.06}, {"CompanyCode": 170717, "TotalBuybackMoney": 499994831.0}, {"CompanyCode": 2344, "TotalBuybackMoney": 120991922.37}, {"CompanyCode": 191377, "TotalBuybackMoney": 263018442.47}, {"CompanyCode": 81847, "TotalBuybackMoney": 59977700.0}, {"CompanyCode": 4446, "TotalBuybackMoney": 199959299.42}, {"CompanyCode": 207274, "TotalBuybackMoney": 7997727.28}, {"CompanyCode": 228143, "TotalBuybackMoney": 499991560.55}, {"CompanyCode": 168759, "TotalBuybackMoney": 164823800.0}, {"CompanyCode": 22291, "TotalBuybackMoney": 252567452.0}, {"CompanyCode": 77259, "TotalBuybackMoney": 355777700.0}, {"CompanyCode": 1072, "TotalBuybackMoney": 290901734.44}]

请理解查询结果

>>>>> Agent【Sql_query.understand_query_result】 Said:
查询结果表明: 在2020年1月1日至2021年12月31日期间，多个公司的回购总金额（TotalBuybackMoney）被汇总。最高的回购金额为2699960993.3元，来自公司代码为81786的公司，而最低的回购金额为7997727.28元，来自公司代码为207274的公司。部分公司的回购金额为null，表明这些公司在此期间没有记录回购活动。总计有多个公司参与了回购，且回购金额存在显著差异。


>>>>> 【user】 Said:
查询SQL:
SELECT CompanyCode, SUM(BuybackMoney) AS TotalBuybackMoney 
FROM astockshareholderdb.lc_buyback 
WHERE DATE(StartDate) BETWEEN '2020-01-01' AND '2021-12-31' 
GROUP BY CompanyCode;
查询结果:
[{"CompanyCode": 79346, "TotalBuybackMoney": 165101600.0}, {"CompanyCode": 75205, "TotalBuybackMoney": 100973450.64}, {"CompanyCode": 81456, "TotalBuybackMoney": 199998944.06}, {"CompanyCode": 1588, "TotalBuybackMoney": 273400028.78999996}, {"CompanyCode": 1334, "TotalBuybackMoney": 501687966.99}, {"CompanyCode": 2500, "TotalBuybackMoney": 319958380.34}, {"CompanyCode": 171771, "TotalBuybackMoney": 150462300.0}, {"CompanyCode": 1360, "TotalBuybackMoney": 1553519442.7}, {"CompanyCode": 1511, "TotalBuybackMoney": 203595758.38}, {"CompanyCode": 159, "TotalBuybackMoney": 250061413.16}, {"CompanyCode": 78143, "TotalBuybackMoney": 80985661.31}, {"CompanyCode": 262, "TotalBuybackMoney": 400032878.38}, {"CompanyCode": 174443, "TotalBuybackMoney": 148931302.87}, {"CompanyCode": 523, "TotalBuybackMoney": 455303777.91}, {"CompanyCode": 1474, "TotalBuybackMoney": 211989576.62}, {"CompanyCode": 223847, "TotalBuybackMoney": 818112086.62}, {"CompanyCode": 74744, "TotalBuybackMoney": null}, {"CompanyCode": 171106, "TotalBuybackMoney": 52002164.55}, {"CompanyCode": 170409, "TotalBuybackMoney": 300000008.96}, {"CompanyCode": 171205, "TotalBuybackMoney": 46849900.0}, {"CompanyCode": 307, "TotalBuybackMoney": 201970344.46}, {"CompanyCode": 327, "TotalBuybackMoney": 1133586127.14}, {"CompanyCode": 184209, "TotalBuybackMoney": 543945176.0}, {"CompanyCode": 80536, "TotalBuybackMoney": 300043400.0}, {"CompanyCode": 1177, "TotalBuybackMoney": 1439007759.81}, {"CompanyCode": 1806, "TotalBuybackMoney": 400682000.0}, {"CompanyCode": 82261, "TotalBuybackMoney": 538600411.26}, {"CompanyCode": 81786, "TotalBuybackMoney": 2699960993.3}, {"CompanyCode": 74785, "TotalBuybackMoney": 199999297.88}, {"CompanyCode": 469, "TotalBuybackMoney": 165655091.0}, {"CompanyCode": 1157, "TotalBuybackMoney": 499998976.69}, {"CompanyCode": 78289, "TotalBuybackMoney": 167501974.48}, {"CompanyCode": 193458, "TotalBuybackMoney": 107380201.91}, {"CompanyCode": 171621, "TotalBuybackMoney": 159999600.0}, {"CompanyCode": 159043, "TotalBuybackMoney": 705151597.0}, {"CompanyCode": 548, "TotalBuybackMoney": 281123000.0}, {"CompanyCode": 74975, "TotalBuybackMoney": 155026631.76}, {"CompanyCode": 1844, "TotalBuybackMoney": 663387000.0}, {"CompanyCode": 73222, "TotalBuybackMoney": 250090716.6}, {"CompanyCode": 169848, "TotalBuybackMoney": 75062996.43}, {"CompanyCode": 1800, "TotalBuybackMoney": 384511600.87}, {"CompanyCode": 385, "TotalBuybackMoney": 340630075.58}, {"CompanyCode": 1513, "TotalBuybackMoney": 190077747.8}, {"CompanyCode": 72007, "TotalBuybackMoney": 60813062.0}, {"CompanyCode": 74626, "TotalBuybackMoney": 364910020.99}, {"CompanyCode": 1570, "TotalBuybackMoney": 500000157.78}, {"CompanyCode": 41664, "TotalBuybackMoney": 350977160.28}, {"CompanyCode": 77024, "TotalBuybackMoney": 140577994.0}, {"CompanyCode": 79075, "TotalBuybackMoney": 199820869.47}, {"CompanyCode": 1805, "TotalBuybackMoney": 983525018.3199999}, {"CompanyCode": 1575, "TotalBuybackMoney": 297000000.0}, {"CompanyCode": 81211, "TotalBuybackMoney": 199991892.4}, {"CompanyCode": 1462, "TotalBuybackMoney": 200011616.55}, {"CompanyCode": 1070, "TotalBuybackMoney": 267870000.0}, {"CompanyCode": 172402, "TotalBuybackMoney": 75099820.08}, {"CompanyCode": 1428, "TotalBuybackMoney": 56460892.0}, {"CompanyCode": 177279, "TotalBuybackMoney": 48811391.89}, {"CompanyCode": 118680, "TotalBuybackMoney": 99981550.54}, {"CompanyCode": 194220, "TotalBuybackMoney": 169991178.76}, {"CompanyCode": 79318, "TotalBuybackMoney": 236625962.0}, {"CompanyCode": 79199, "TotalBuybackMoney": 149965977.73}, {"CompanyCode": 78398, "TotalBuybackMoney": 100479800.0}, {"CompanyCode": 78545, "TotalBuybackMoney": 158975884.0}, {"CompanyCode": 75160, "TotalBuybackMoney": 602014000.0}, {"CompanyCode": 76770, "TotalBuybackMoney": 100689414.71}, {"CompanyCode": 75211, "TotalBuybackMoney": 199999949.1}, {"CompanyCode": 1303, "TotalBuybackMoney": 42771306.59}, {"CompanyCode": 169956, "TotalBuybackMoney": 247714363.06}, {"CompanyCode": 170717, "TotalBuybackMoney": 499994831.0}, {"CompanyCode": 2344, "TotalBuybackMoney": 120991922.37}, {"CompanyCode": 191377, "TotalBuybackMoney": 263018442.47}, {"CompanyCode": 81847, "TotalBuybackMoney": 59977700.0}, {"CompanyCode": 4446, "TotalBuybackMoney": 199959299.42}, {"CompanyCode": 207274, "TotalBuybackMoney": 7997727.28}, {"CompanyCode": 228143, "TotalBuybackMoney": 499991560.55}, {"CompanyCode": 168759, "TotalBuybackMoney": 164823800.0}, {"CompanyCode": 22291, "TotalBuybackMoney": 252567452.0}, {"CompanyCode": 77259, "TotalBuybackMoney": 355777700.0}, {"CompanyCode": 1072, "TotalBuybackMoney": 290901734.44}]

查询结果表明: 在2020年1月1日至2021年12月31日期间，多个公司的回购总金额（TotalBuybackMoney）被汇总。最高的回购金额为2699960993.3元，来自公司代码为81786的公司，而最低的回购金额为7997727.28元，来自公司代码为207274的公司。部分公司的回购金额为null，表明这些公司在此期间没有记录回购活动。总计有多个公司参与了回购，且回购金额存在显著差异。

请检查筛选条件是否存在问题，比如时间日期字段没有用DATE()或YEAR()格式化？当然，如果没问题，那么就根据结果考虑下一步；那么当前掌握的信息是否能够回答"北京昭衍新药研究中心股份有限公司在2020-2021年期间的股份回购总金额在A股上市公司中的排名如何？"？还是要继续执行下一阶段SQL查询？

>>>>> Agent【Sql_query.master】 Said:
【已知信息】
- 北京昭衍新药研究中心股份有限公司的回购总金额为7997727.28元。
- 查询结果显示在2020-2021年期间，多个公司的回购总金额存在显著差异，最高为2699960993.3元，最低为7997727.28元。
- 需要确定北京昭衍新药研究中心股份有限公司的回购总金额在所有公司的排名。

【当前阶段要获取的信息】
北京昭衍新药研究中心股份有限公司在2020-2021年期间的股份回购总金额在A股上市公司中的排名。

【信息所在字段】
- 回购总金额字段：TotalBuybackMoney
- 公司代码字段：CompanyCode

【筛选条件所在字段】
- 无

【SQL语句的思路】
1. 将之前查询的结果按回购总金额进行排序，找出北京昭衍新药研究中心股份有限公司的排名。

接下来，我将执行SQL查询，获取北京昭衍新药研究中心股份有限公司的回购总金额在所有公司中的排名。

```exec_sql
SELECT COUNT(*) + 1 AS Rank 
FROM (
    SELECT SUM(BuybackMoney) AS TotalBuybackMoney 
    FROM astockshareholderdb.lc_buyback 
    WHERE DATE(StartDate) BETWEEN '2020-01-01' AND '2021-12-31' 
    GROUP BY CompanyCode 
    HAVING TotalBuybackMoney > 7997727.28
) AS Subquery;
```
【上述SQL语句的含义】
该SQL语句用于计算北京昭衍新药研究中心股份有限公司的回购总金额在A股上市公司中的排名，通过统计在其回购总金额之上公司的数量并加一。

>>>>> 查询sql:
SELECT COUNT(*) + 1 AS Rank 
FROM (
    SELECT SUM(BuybackMoney) AS TotalBuybackMoney 
    FROM astockshareholderdb.lc_buyback 
    WHERE DATE(StartDate) BETWEEN '2020-01-01' AND '2021-12-31' 
    GROUP BY CompanyCode 
    HAVING TotalBuybackMoney > 7997727.28
) AS Subquery;
查询失败: 查询执行失败: (mysql.connector.errors.ProgrammingError) 1064 (42000): You have an error in your SQL syntax; check the manual that corresponds to your MySQL server version for the right syntax to use near 'Rank 
FROM (
    SELECT SUM(BuybackMoney) AS TotalBuybackMoney 
    FROM astocks' at line 1
[SQL: SELECT COUNT(*) + 1 AS Rank 
FROM (
    SELECT SUM(BuybackMoney) AS TotalBuybackMoney 
    FROM astockshareholderdb.lc_buyback 
    WHERE DATE(StartDate) BETWEEN '2020-01-01' AND '2021-12-31' 
    GROUP BY CompanyCode 
    HAVING TotalBuybackMoney > 7997727.28
) AS Subquery;]
(Background on this error at: https://sqlalche.me/e/20/f405)


>>>>> 【user】 Said:
查询SQL:
SELECT COUNT(*) + 1 AS Rank 
FROM (
    SELECT SUM(BuybackMoney) AS TotalBuybackMoney 
    FROM astockshareholderdb.lc_buyback 
    WHERE DATE(StartDate) BETWEEN '2020-01-01' AND '2021-12-31' 
    GROUP BY CompanyCode 
    HAVING TotalBuybackMoney > 7997727.28
) AS Subquery;
查询发生异常：查询执行失败: (mysql.connector.errors.ProgrammingError) 1064 (42000): You have an error in your SQL syntax; check the manual that corresponds to your MySQL server version for the right syntax to use near 'Rank 
FROM (
    SELECT SUM(BuybackMoney) AS TotalBuybackMoney 
    FROM astocks' at line 1
[SQL: SELECT COUNT(*) + 1 AS Rank 
FROM (
    SELECT SUM(BuybackMoney) AS TotalBuybackMoney 
    FROM astockshareholderdb.lc_buyback 
    WHERE DATE(StartDate) BETWEEN '2020-01-01' AND '2021-12-31' 
    GROUP BY CompanyCode 
    HAVING TotalBuybackMoney > 7997727.28
) AS Subquery;]
(Background on this error at: https://sqlalche.me/e/20/f405)

请修正

>>>>> Agent【Sql_query.master】 Said:
【已知信息】
- 北京昭衍新药研究中心股份有限公司的回购总金额为7997727.28元。
- 之前的SQL查询执行失败，提示存在语法错误。

【当前阶段要获取的信息】
北京昭衍新药研究中心股份有限公司在2020-2021年期间的股份回购总金额在A股上市公司中的排名。

【信息所在字段】
- 回购总金额字段：TotalBuybackMoney
- 公司代码字段：CompanyCode

【筛选条件所在字段】
- 无

【SQL语句的思路】
1. 修正之前的SQL查询语法错误，确保能够正确计算排名。

接下来，我将修正SQL查询语法，获取北京昭衍新药研究中心股份有限公司的回购总金额在所有公司中的排名。

```exec_sql
SELECT COUNT(*) + 1 AS Rank 
FROM (
    SELECT SUM(BuybackMoney) AS TotalBuybackMoney 
    FROM astockshareholderdb.lc_buyback 
    WHERE DATE(StartDate) BETWEEN '2020-01-01' AND '2021-12-31' 
    GROUP BY CompanyCode 
    HAVING SUM(BuybackMoney) > 7997727.28
) AS Subquery;
``` 
【上述SQL语句的含义】
该SQL语句用于计算北京昭衍新药研究中心股份有限公司的回购总金额在A股上市公司中的排名，通过统计在其回购总金额之上公司的数量并加一。

>>>>> 查询sql:
SELECT COUNT(*) + 1 AS Rank 
FROM (
    SELECT SUM(BuybackMoney) AS TotalBuybackMoney 
    FROM astockshareholderdb.lc_buyback 
    WHERE DATE(StartDate) BETWEEN '2020-01-01' AND '2021-12-31' 
    GROUP BY CompanyCode 
    HAVING SUM(BuybackMoney) > 7997727.28
) AS Subquery;
查询失败: 查询执行失败: (mysql.connector.errors.ProgrammingError) 1064 (42000): You have an error in your SQL syntax; check the manual that corresponds to your MySQL server version for the right syntax to use near 'Rank 
FROM (
    SELECT SUM(BuybackMoney) AS TotalBuybackMoney 
    FROM astocks' at line 1
[SQL: SELECT COUNT(*) + 1 AS Rank 
FROM (
    SELECT SUM(BuybackMoney) AS TotalBuybackMoney 
    FROM astockshareholderdb.lc_buyback 
    WHERE DATE(StartDate) BETWEEN '2020-01-01' AND '2021-12-31' 
    GROUP BY CompanyCode 
    HAVING SUM(BuybackMoney) > 7997727.28
) AS Subquery;]
(Background on this error at: https://sqlalche.me/e/20/f405)


>>>>> 【user】 Said:
查询SQL:
SELECT COUNT(*) + 1 AS Rank 
FROM (
    SELECT SUM(BuybackMoney) AS TotalBuybackMoney 
    FROM astockshareholderdb.lc_buyback 
    WHERE DATE(StartDate) BETWEEN '2020-01-01' AND '2021-12-31' 
    GROUP BY CompanyCode 
    HAVING SUM(BuybackMoney) > 7997727.28
) AS Subquery;
查询发生异常：查询执行失败: (mysql.connector.errors.ProgrammingError) 1064 (42000): You have an error in your SQL syntax; check the manual that corresponds to your MySQL server version for the right syntax to use near 'Rank 
FROM (
    SELECT SUM(BuybackMoney) AS TotalBuybackMoney 
    FROM astocks' at line 1
[SQL: SELECT COUNT(*) + 1 AS Rank 
FROM (
    SELECT SUM(BuybackMoney) AS TotalBuybackMoney 
    FROM astockshareholderdb.lc_buyback 
    WHERE DATE(StartDate) BETWEEN '2020-01-01' AND '2021-12-31' 
    GROUP BY CompanyCode 
    HAVING SUM(BuybackMoney) > 7997727.28
) AS Subquery;]
(Background on this error at: https://sqlalche.me/e/20/f405)

请修正

>>>>> Agent【Sql_query.master】 Said:
【已知信息】
- 北京昭衍新药研究中心股份有限公司的回购总金额为7997727.28元。
- 之前的SQL查询再次执行失败，提示存在语法错误。

【当前阶段要获取的信息】
北京昭衍新药研究中心股份有限公司在2020-2021年期间的股份回购总金额在A股上市公司中的排名。

【信息所在字段】
- 回购总金额字段：TotalBuybackMoney
- 公司代码字段：CompanyCode

【筛选条件所在字段】
- 无

【SQL语句的思路】
1. 由于SQL语法错误，可能是因为`Rank`是一个保留字，导致查询失败。因此需要更改别名。

接下来，我将修正SQL查询，使用不同的别名来避免语法错误。

```exec_sql
SELECT COUNT(*) + 1 AS CompanyRank 
FROM (
    SELECT SUM(BuybackMoney) AS TotalBuybackMoney 
    FROM astockshareholderdb.lc_buyback 
    WHERE DATE(StartDate) BETWEEN '2020-01-01' AND '2021-12-31' 
    GROUP BY CompanyCode 
    HAVING SUM(BuybackMoney) > 7997727.28
) AS Subquery;
``` 
【上述SQL语句的含义】
该SQL语句用于计算北京昭衍新药研究中心股份有限公司的回购总金额在A股上市公司中的排名，通过统计在其回购总金额之上公司的数量并加一。

>>>>> 查询sql:
SELECT COUNT(*) + 1 AS CompanyRank 
FROM (
    SELECT SUM(BuybackMoney) AS TotalBuybackMoney 
    FROM astockshareholderdb.lc_buyback 
    WHERE DATE(StartDate) BETWEEN '2020-01-01' AND '2021-12-31' 
    GROUP BY CompanyCode 
    HAVING SUM(BuybackMoney) > 7997727.28
) AS Subquery;
查询结果:
[{"CompanyRank": 78}]


>>>>> 【user】 Said:
查询SQL:
SELECT COUNT(*) + 1 AS CompanyRank 
FROM (
    SELECT SUM(BuybackMoney) AS TotalBuybackMoney 
    FROM astockshareholderdb.lc_buyback 
    WHERE DATE(StartDate) BETWEEN '2020-01-01' AND '2021-12-31' 
    GROUP BY CompanyCode 
    HAVING SUM(BuybackMoney) > 7997727.28
) AS Subquery;
查询结果:
[{"CompanyRank": 78}]

请理解查询结果

>>>>> Agent【Sql_query.understand_query_result】 Said:
查询结果表明: 在2020年1月1日至2021年12月31日期间，回购总金额超过7997727.28元的公司数量为77家，加上1后得出的公司排名为78。这意味着在此时间段内，至少有78家公司进行了回购活动。字段名为CompanyRank。


>>>>> 【user】 Said:
查询SQL:
SELECT COUNT(*) + 1 AS CompanyRank 
FROM (
    SELECT SUM(BuybackMoney) AS TotalBuybackMoney 
    FROM astockshareholderdb.lc_buyback 
    WHERE DATE(StartDate) BETWEEN '2020-01-01' AND '2021-12-31' 
    GROUP BY CompanyCode 
    HAVING SUM(BuybackMoney) > 7997727.28
) AS Subquery;
查询结果:
[{"CompanyRank": 78}]

查询结果表明: 在2020年1月1日至2021年12月31日期间，回购总金额超过7997727.28元的公司数量为77家，加上1后得出的公司排名为78。这意味着在此时间段内，至少有78家公司进行了回购活动。字段名为CompanyRank。

请检查筛选条件是否存在问题，比如时间日期字段没有用DATE()或YEAR()格式化？当然，如果没问题，那么就根据结果考虑下一步；那么当前掌握的信息是否能够回答"北京昭衍新药研究中心股份有限公司在2020-2021年期间的股份回购总金额在A股上市公司中的排名如何？"？还是要继续执行下一阶段SQL查询？

>>>>> Agent【Sql_query.master】 Said:
【已知信息】
- 北京昭衍新药研究中心股份有限公司的回购总金额为7997727.28元。
- 在2020年1月1日至2021年12月31日期间，回购总金额超过7997727.28元的公司数量为77家，因此北京昭衍新药研究中心股份有限公司的排名为78。

【当前阶段要获取的信息】
无

【信息所在字段】
无

【筛选条件所在字段】
无

【SQL语句的思路】
无

【执行SQL语句】
无

【上述SQL语句的含义】
根据查询结果，可以得出结论：北京昭衍新药研究中心股份有限公司在2020-2021年期间的股份回购总金额在A股上市公司中的排名为78。


>>>>> 【user】 Said:
充分尊重前面给出的结论，回答问题:"北京昭衍新药研究中心股份有限公司在2020-2021年期间的股份回购总金额在A股上市公司中的排名如何？"

>>>>> Agent【Sql_query.summary】 Said:
北京昭衍新药研究中心股份有限公司在2020-2021年期间的股份回购总金额在A股上市公司中的排名为78。
