
>>>>> Original Question: 居然之家的注册地址在哪？


>>>>> 【user】 Said:
提取下面这段文字里的实体，如公司名、股票代码等，如果识别结果是空，那么就回复No Entities."居然之家的注册地址在哪？"

>>>>> Agent【extract_company】 Said:
```json
["居然之家"]
```

>>>>> 查询sql:
SELECT 'constantdb.secumain' AS TableName, InnerCode, CompanyCode, ChiName, EngName, SecuCode
FROM constantdb.secumain 
WHERE SecuCode = '居然之家'
   OR ChiName LIKE '%居然之家%'
   OR ChiNameAbbr LIKE '%居然之家%'
   OR EngName LIKE '%居然之家%'
   OR EngNameAbbr LIKE '%居然之家%'
   OR SecuAbbr LIKE '%居然之家%'
UNION ALL
SELECT 'constantdb.hk_secumain' AS TableName, InnerCode, CompanyCode, ChiName, EngName, SecuCode
FROM constantdb.hk_secumain 
WHERE SecuCode = '%居然之家%'
   OR ChiName LIKE '%居然之家%'
   OR ChiNameAbbr LIKE '%居然之家%'
   OR EngName LIKE '%居然之家%'
   OR EngNameAbbr LIKE '%居然之家%'
   OR SecuAbbr LIKE '%居然之家%'
   OR FormerName LIKE '%居然之家%'
UNION ALL
SELECT 'constantdb.us_secumain' AS TableName, InnerCode, CompanyCode, ChiName, EngName, SecuCode
FROM constantdb.us_secumain 
WHERE SecuCode = '居然之家'
   OR ChiName LIKE '%居然之家%'
   OR EngName LIKE '%居然之家%'
   OR SecuAbbr LIKE '%居然之家%';
查询结果:
[{"TableName": "constantdb.secumain", "InnerCode": 442, "CompanyCode": 385, "ChiName": "居然之家新零售集团股份有限公司", "EngName": "Easyhome New Retail Group Corporation Limited", "SecuCode": "000785"}]


>>>>> 【user】 Said:
下面是已知的事实:
'''
居然之家的关联信息有:[InnerCode(证券内部编码)是442;CompanyCode(公司代码)是385;ChiName(中文名称)是居然之家新零售集团股份有限公司;EngName(英文名称)是Easyhome New Retail Group Corporation Limited;SecuCode(证券代码)是000785;]
'''
历史问答:无。
现在用户继续提问，请根据已知信息，理解当前这个问题的完整含义，并重写这个问题使得单独拿出来看仍然能够正确理解：居然之家的注册地址在哪？

>>>>> Agent【rewrite_question】 Said:
居然之家新零售集团股份有限公司（CompanyCode: 385, InnerCode: 442）的注册地址在哪里？

>>>>> 已知事实:
居然之家的关联信息有:[InnerCode(证券内部编码)是442;CompanyCode(公司代码)是385;ChiName(中文名称)是居然之家新零售集团股份有限公司;EngName(英文名称)是Easyhome New Retail Group Corporation Limited;SecuCode(证券代码)是000785;]

>>>>> 【user】 Said:
请选择db，务必遵循输出的格式要求。

>>>>> Agent【Check_db_structure.db_selector】 Said:
【分析】
用户询问的是居然之家新零售集团股份有限公司的注册地址，这属于公司基本信息的范畴。根据知识库中的描述，"astockbasicinfodb"（上市公司基本资料）数据库记录了上市公司的详细资料，包括注册信息等。

【选中的数据库】
- astockbasicinfodb: 这个数据库包含上市公司的基本资料，如注册地址等信息。

【选中的数据库的清单】
```json
["astockbasicinfodb"]
```


>>>>> 【user】 Said:
数据库表信息如下:
[{"表名": "astockbasicinfodb.lc_stockarchives", "说明": "该数据表主要记录了公司的基本信息、联系方式、经营信息及证券信息等内容。其中，公司基本信息包括公司代码、国别、中文名称、法人代表、总经理、法律顾问、会计师事务所、公司成立日期、首次注册登记地点、企业法人营业执照注册号、所属区县及地区代码；联系方式涵盖联系人电话、传真、电子邮箱，公司注册地址、办公地址、联系地址及其对应的邮编，董秘及证券事务代表的电话、传真、电子邮件，以及公司邮箱和网址；经营信息涉及公司所属证监会行业、主营及兼营范围；证券信息包括A股、B股、H股及CDR证券的简称和代码，扩位简称，以及尚未盈利标识、特殊表决权标识、协议控制架构标识、红筹企业标识；此外，还包括信息披露相关内容如披露网址、披露报纸，以及公司简介等。"}, {"表名": "astockbasicinfodb.lc_namechange", "说明": "该数据表主要记录公司基本信息及相关公告，包括公司代码、中文及英文名称（全称与缩写）、信息来源和发布日期等基本信息；还涵盖重要事件如股东大会决议公告日期、是否否决决议、全称更改日期等关键时间节点，便于追踪企业动态与重要决策信息。"}, {"表名": "astockbasicinfodb.lc_business", "说明": "该数据表主要用于记录公司基本信息及相关业务情况，包括公司代码、信息发布日期和来源等基础信息；股东大会决议公告日期及是否否决的决议结果等决策信息；经营范围及主要业务、产品名称等经营信息；涉及行业的分类信息，如行业代码、行业类别及涉足行业等；此外，还包括简称变更原因等补充说明字段。"}]

请选择table，务必遵循输出的格式要求。

>>>>> Agent【Check_db_structure.table_selector】 Said:
【分析】
用户询问的是居然之家新零售集团股份有限公司的注册地址，这属于公司的基本信息范畴。根据提供的数据库表信息，`astockbasicinfodb.lc_stockarchives` 表中包含了公司的基本信息，其中包括公司注册地址。

【选中的数据表】
- astockbasicinfodb.lc_stockarchives: 这个数据表包含公司的基本信息，如公司代码、注册地址等。

【选中的数据库表的清单】
```json
["astockbasicinfodb.lc_stockarchives"]
```


>>>>> 【user】 Said:
已取得可用的数据表的字段信息如下:
[{"表名": "astockbasicinfodb.lc_stockarchives", "表字段": [{"column": "CompanyCode", "desc": "公司代码；公司代码（CompanyCode）：与“证券主表（SecuMain）”中的“公司代码（CompanyCode）”关联，得到上市公司的交易代码、简称等。"}, {"column": "State", "desc": "国别；省份（State）：与“国家城市代码表（LC_AreaCode）”中的“地区内部编码（AreaInnerCode）”关联，得到省份具体信息。"}, {"column": "SecretaryBD", "desc": "董事会秘书"}, {"column": "SecuAffairsRepr", "desc": "证券/股证事务代表"}, {"column": "AuthReprSBD", "desc": "董秘授权代表"}, {"column": "ContactTel", "desc": "联系人电话"}, {"column": "ContactFax", "desc": "联系人传真"}, {"column": "ContactEmail", "desc": "联系人电子邮箱"}, {"column": "RegAddr", "desc": "公司注册地址"}, {"column": "RegZipCode", "desc": "公司注册地址邮编"}, {"column": "OfficeAddr", "desc": "公司办公地址"}, {"column": "OfficeZipCode", "desc": "公司办公地址邮编"}, {"column": "ContactAddr", "desc": "公司联系地址"}, {"column": "ConatactZipCode", "desc": "公司联系地址邮编"}, {"column": "Email", "desc": "邮箱"}, {"column": "Website", "desc": "公司网址"}, {"column": "DisclosureWebsites", "desc": "信息披露网址"}, {"column": "DisclosurePapers", "desc": "信息披露报纸"}, {"column": "EstablishmentDate", "desc": "公司成立日期"}, {"column": "IRegPlace", "desc": "首次注册登记地点"}, {"column": "LegalRepr", "desc": "法人代表"}, {"column": "GeneralManager", "desc": "总经理"}, {"column": "LegalConsultant", "desc": "法律顾问"}, {"column": "AccountingFirm", "desc": "会计师事务所"}, {"column": "InduCSRC", "desc": "公司所属证监会行业(聚源)；与(CT_IndustryType)表中的\"行业内部编码(IndustryNum)\"字段关联,当Standard=1时,LB=1；当Standard=22时,LB=22；当Standard=25时,LB=25；当Standard=26时,LB=26。"}, {"column": "BusinessMajor", "desc": "经营范围-主营"}, {"column": "BusinessMinor", "desc": "经营范围-兼营"}, {"column": "AShareAbbr", "desc": "A股证券简称"}, {"column": "AStockCode", "desc": "A股证券代码"}, {"column": "BShareAbbr", "desc": "B股证券简称"}, {"column": "BStockCode", "desc": "B股证券代码"}, {"column": "HShareAbbr", "desc": "H股证券简称"}, {"column": "HStockCode", "desc": "H股证券代码"}, {"column": "BriefIntroText", "desc": "公司简介"}, {"column": "ChiName", "desc": "中文名称"}, {"column": "BusinessRegNumber", "desc": "企业法人营业执照注册号"}, {"column": "SecretaryBDTel", "desc": "董秘电话"}, {"column": "SecretaryBDFax", "desc": "董秘传真"}, {"column": "SecretaryBDEmail", "desc": "董秘电子邮件"}, {"column": "SecuAffairsReprTel", "desc": "证券事务代表电话"}, {"column": "SecuAffairsReprFax", "desc": "证券事务代表传真"}, {"column": "SecuAffairsReprEmail", "desc": "证券事务代表电子邮件"}, {"column": "CityCode", "desc": "地区代码；地区代码(CityCode)：与“国家城市代码表（LC_AreaCode）”中的“地区内部编码（AreaInnerCode）”关联，得到城市具体信息。"}, {"column": "CDRShareAbbr", "desc": "CDR证券简称"}, {"column": "CDRStockCode", "desc": "CDR证券代码"}, {"column": "ExtendedAbbr", "desc": "扩位简称"}, {"column": "UnprofitableMark", "desc": "尚未盈利标识；尚未盈利标识（UnprofitableMark）：在上市时发行人尚未盈利的，其股票或存托凭证的特别标识为“U”；发行人首次实现盈利的，该特别标识取消，数据值为空。"}, {"column": "SpecialVoteMark", "desc": "特殊表决权标识；特殊表决权标识（SpecialVoteMark）：在上市时发行人具有表决权差异安排的，其股票或存托凭证的特别标识为“W”；上市后不再具有表决权差异安排的，该特别标识取消，数据值为空。"}, {"column": "VIEMark", "desc": "协议控制架构标识；协议控制架构标识（VIEMark）：在上市时发行人具有协议控制架构或者类似特殊安排的，其股票或存托凭证的特别标识为“V”；上市后不再具有相关安排的，该特别标识取消，数据值为空。"}, {"column": "RedChipMark", "desc": "红筹企业标识；红筹企业标识（RedChipMark）：发行人属于红筹企业，则数据值=”是“；空值则指无此标识。"}, {"column": "RegArea", "desc": "所属区县；所属区县（RegArea）：与“国家城市代码表（LC_AreaCode）”中的“地区内部编码（AreaInnerCode）”关联，得到所属区县具体信息。"}]}, {"表名": "constantdb.secumain", "表字段": [{"column": "InnerCode", "desc": "证券内部编码"}, {"column": "CompanyCode", "desc": "公司代码；公司代码(CompanyCode)：当本表SecuCategory IN (8,13)即基金相关时，对应的基金管理人代码可通过本表InnerCode关联MF_FundArchives.InnerCode，取MF_FundArchives.InvestAdvisorCode"}, {"column": "SecuCode", "desc": "证券代码"}, {"column": "ChiName", "desc": "中文名称"}, {"column": "ChiNameAbbr", "desc": "中文名称缩写"}, {"column": "EngName", "desc": "英文名称"}, {"column": "EngNameAbbr", "desc": "英文名称缩写"}, {"column": "SecuAbbr", "desc": "证券简称"}]}, {"表名": "constantdb.hk_secumain", "表字段": [{"column": "InnerCode", "desc": "证券内部编码"}, {"column": "CompanyCode", "desc": "公司代码"}, {"column": "SecuCode", "desc": "证券代码"}, {"column": "ChiName", "desc": "中文名称"}, {"column": "ChiNameAbbr", "desc": "中文名称缩写"}, {"column": "EngName", "desc": "英文名称"}, {"column": "EngNameAbbr", "desc": "英文名称缩写"}, {"column": "SecuAbbr", "desc": "证券简称"}, {"column": "FormerName", "desc": "曾用名"}, {"column": "InnerCode", "desc": "证券内部编码"}, {"column": "CompanyCode", "desc": "公司代码"}, {"column": "SecuCode", "desc": "证券代码"}, {"column": "ChiName", "desc": "中文名称"}, {"column": "ChiNameAbbr", "desc": "中文名称缩写"}, {"column": "EngName", "desc": "英文名称"}, {"column": "EngNameAbbr", "desc": "英文名称缩写"}, {"column": "SecuAbbr", "desc": "证券简称"}, {"column": "FormerName", "desc": "曾用名"}]}, {"表名": "constantdb.us_secumain", "表字段": [{"column": "InnerCode", "desc": "证券内部编码"}, {"column": "SecuCode", "desc": "证券代码"}, {"column": "SecuAbbr", "desc": "证券简称"}, {"column": "CompanyCode", "desc": "公司代码"}, {"column": "EngName", "desc": "英文名称"}, {"column": "ChiName", "desc": "中文名称"}]}, {"表名": "constantdb.ct_systemconst", "表字段": [{"column": "LB", "desc": "常量分类编码"}, {"column": "LBMC", "desc": "常量分类名称"}, {"column": "MS", "desc": "常量描述"}, {"column": "DM", "desc": "常量代码"}, {"column": "LB", "desc": "常量分类编码"}, {"column": "LBMC", "desc": "常量分类名称"}, {"column": "MS", "desc": "常量描述"}, {"column": "DM", "desc": "常量代码"}]}, {"表名": "astockindustrydb.lc_conceptlist", "表字段": [{"column": "ClassCode", "desc": "所属1级概念代码"}, {"column": "ClassName", "desc": "所属1级概念名称"}, {"column": "SubclassCode", "desc": "所属2级概念代码"}, {"column": "SubclassName", "desc": "所属2级概念名称"}, {"column": "ConceptCode", "desc": "所属概念板块编码"}, {"column": "ConceptName", "desc": "概念名称"}, {"column": "ConceptEngName", "desc": "概念英文名称"}]}]

请选择column，务必遵循输出的格式要求。

>>>>> Agent【Check_db_structure.columns_selector】 Said:
【分析】
用户提问要求查询居然之家新零售集团股份有限公司的注册地址。根据提供的信息，需要找到与公司代码（CompanyCode）和注册地址（RegAddr）相关的字段。

【信息所在字段】
- astockbasicinfodb.lc_stockarchives.RegAddr: 这个字段可能包含公司注册地址信息，对应用户提问中的“注册地址”

【筛选条件所在字段】
- astockbasicinfodb.lc_stockarchives.CompanyCode: 这个字段可能包含公司代码信息，对应用户提问中的“CompanyCode: 385”
- constantdb.secumain.InnerCode: 这个字段可能包含证券内部编码信息，对应用户提问中的“InnerCode: 442”

【选中的字段的清单】
```json
{
  "astockbasicinfodb.lc_stockarchives": ["RegAddr", "CompanyCode"],
  "constantdb.secumain": ["InnerCode"]
}
```


>>>>> 【user】 Said:
居然之家新零售集团股份有限公司（CompanyCode: 385, InnerCode: 442）的注册地址在哪里？

>>>>> Agent【Sql_query.master】 Said:
【已知信息】
- CompanyCode: 385
- InnerCode: 442
- ChiName: 居然之家新零售集团股份有限公司
- EngName: Easyhome New Retail Group Corporation Limited
- SecuCode: 000785

【当前阶段要获取的信息】
- 注册地址

【信息所在字段】
- RegAddr

【筛选条件所在字段】
- CompanyCode

【SQL语句的思路】
- 使用CompanyCode在`astockbasicinfodb.lc_stockarchives`表中查找对应的注册地址

【执行SQL语句】
```exec_sql
SELECT RegAddr 
FROM astockbasicinfodb.lc_stockarchives 
WHERE CompanyCode = 385
LIMIT 1
```

【上述SQL语句的含义】
- 从`astockbasicinfodb.lc_stockarchives`表中选择`RegAddr`字段
- 筛选条件是`CompanyCode`等于385
- 限制返回结果为1条记录

>>>>> 查询sql:
SELECT RegAddr 
FROM astockbasicinfodb.lc_stockarchives 
WHERE CompanyCode = 385
LIMIT 1;
查询结果:
[{"RegAddr": "湖北省武汉市武昌区中南路9号"}]


>>>>> 【user】 Said:
查询SQL:
SELECT RegAddr 
FROM astockbasicinfodb.lc_stockarchives 
WHERE CompanyCode = 385
LIMIT 1;
查询结果:
[{"RegAddr": "湖北省武汉市武昌区中南路9号"}]
请理解查询结果

>>>>> Agent【Sql_query.understand_query_result】 Said:
查询结果表明: 该查询从表astockbasicinfodb.lc_stockarchives中获取了公司代码为385的公司的注册地址，结果显示该公司注册地址为湖北省武汉市武昌区中南路9号（RegAddr）。由于使用了LIMIT 1，只返回了第一条符合条件的记录。


>>>>> 【user】 Said:
查询SQL:
SELECT RegAddr 
FROM astockbasicinfodb.lc_stockarchives 
WHERE CompanyCode = 385
LIMIT 1;
查询结果:
[{"RegAddr": "湖北省武汉市武昌区中南路9号"}]
查询结果表明: 该查询从表astockbasicinfodb.lc_stockarchives中获取了公司代码为385的公司的注册地址，结果显示该公司注册地址为湖北省武汉市武昌区中南路9号（RegAddr）。由于使用了LIMIT 1，只返回了第一条符合条件的记录。

当前掌握的信息是否能够回答"居然之家新零售集团股份有限公司（CompanyCode: 385, InnerCode: 442）的注册地址在哪里？"？还是要继续执行下一阶段SQL查询？

>>>>> Agent【Sql_query.master】 Said:
【已知信息】
- CompanyCode: 385
- InnerCode: 442
- ChiName: 居然之家新零售集团股份有限公司
- EngName: Easyhome New Retail Group Corporation Limited
- SecuCode: 000785
- RegAddr: 湖北省武汉市武昌区中南路9号

【当前阶段要获取的信息】
- 无

【信息所在字段】
- 无

【筛选条件所在字段】
- 无

【SQL语句的思路】
- 无

【执行SQL语句】
```exec_sql
无
```

【上述SQL语句的含义】
- 无

当前掌握的信息已经能够回答"居然之家新零售集团股份有限公司（CompanyCode: 385, InnerCode: 442）的注册地址在哪里？"的问题。该公司的注册地址为湖北省武汉市武昌区中南路9号。无需继续执行下一阶段SQL查询。


>>>>> 【user】 Said:
请回答问题:"居然之家新零售集团股份有限公司（CompanyCode: 385, InnerCode: 442）的注册地址在哪里？"

>>>>> Agent【Sql_query.summary】 Said:
湖北省武汉市武昌区中南路9号
