
>>>>> Original Question: 亚钾国际在2020年发生了几次业务范围变更？请列出每次变更的具体日期（xxxx-xx-xx的格式）


>>>>> 【user】 Said:
已知事实:无。
历史问答:无。
现在用户继续提问，请根据已知信息，理解当前这个问题的完整含义，并重写这个问题使得单独拿出来看仍然能够正确理解：亚钾国际在2020年发生了几次业务范围变更？请列出每次变更的具体日期（xxxx-xx-xx的格式）

>>>>> Agent【rewrite_question】 Said:
亚钾国际在2020年发生了几次业务范围变更？请列出每次变更的具体日期（格式为xxxx-xx-xx）。


>>>>> 【user】 Said:
提取下面这段文字里的实体，如公司名、股票代码等，如果识别结果是空，那么就回复No Entities."亚钾国际在2020年发生了几次业务范围变更？请列出每次变更的具体日期（格式为xxxx-xx-xx）。"

>>>>> Agent【extract_company】 Said:
```json
["亚钾国际"]
```

>>>>> 查询sql:
SELECT 'constantdb.secumain' AS TableName, InnerCode, CompanyCode, ChiName, EngName, SecuCode
FROM constantdb.secumain 
WHERE SecuCode = '亚钾国际'
   OR ChiName LIKE '%亚钾国际%'
   OR ChiNameAbbr LIKE '%亚钾国际%'
   OR EngName LIKE '%亚钾国际%'
   OR EngNameAbbr LIKE '%亚钾国际%'
   OR SecuAbbr LIKE '%亚钾国际%'
UNION ALL
SELECT 'constantdb.hk_secumain' AS TableName, InnerCode, CompanyCode, ChiName, EngName, SecuCode
FROM constantdb.hk_secumain 
WHERE SecuCode = '%亚钾国际%'
   OR ChiName LIKE '%亚钾国际%'
   OR ChiNameAbbr LIKE '%亚钾国际%'
   OR EngName LIKE '%亚钾国际%'
   OR EngNameAbbr LIKE '%亚钾国际%'
   OR SecuAbbr LIKE '%亚钾国际%'
   OR FormerName LIKE '%亚钾国际%'
UNION ALL
SELECT 'constantdb.us_secumain' AS TableName, InnerCode, CompanyCode, ChiName, EngName, SecuCode
FROM constantdb.us_secumain 
WHERE SecuCode = '亚钾国际'
   OR ChiName LIKE '%亚钾国际%'
   OR EngName LIKE '%亚钾国际%'
   OR SecuAbbr LIKE '%亚钾国际%';
查询结果:
[{"TableName": "constantdb.secumain", "InnerCode": 521, "CompanyCode": 463, "ChiName": "亚钾国际投资(广州)股份有限公司", "EngName": "Asia-Potash International Investment (Guangzhou)Co.,Ltd.", "SecuCode": "000893"}]

>>>>> 已知事实:
亚钾国际的关联信息有:[所在数据表是constantdb.secumain;InnerCode(证券内部编码)是521;CompanyCode(公司代码)是463;ChiName(中文名称)是亚钾国际投资(广州)股份有限公司;EngName(英文名称)是Asia-Potash International Investment (Guangzhou)Co.,Ltd.;SecuCode(证券代码)是000893;]

>>>>> 【user】 Said:
请选择db，务必遵循输出的格式要求。

>>>>> Agent【Check_db_structure.db_selector】 Said:
【分析】
用户询问的是亚钾国际在2020年的业务范围变更次数及具体日期。这涉及到公司的经营范围变更信息，通常这类信息会记录在公司的基本资料或重大事项数据库中。

【选中的数据库】
- astockbasicinfodb: 这个数据库记录了上市公司在经营、名称变更及行业信息等方面的详细资料，包括公司经营范围与行业变更的具体信息。

【选中的数据库的清单】
```json
["astockbasicinfodb"]
```
补充选择db: ["hkstockdb", "usstockdb"]

>>>>> 【user】 Said:
数据库表信息如下:
[{"表名": "astockbasicinfodb.lc_stockarchives", "说明": "该数据表主要记录了公司的基本信息、联系方式、经营信息及证券信息等内容。其中，公司基本信息包括公司代码、国别、中文名称、法人代表、总经理、法律顾问、会计师事务所、公司成立日期、首次注册登记地点、企业法人营业执照注册号、所属区县及地区代码；联系方式涵盖联系人电话、传真、电子邮箱，公司注册地址、办公地址、联系地址及其对应的邮编，董秘及证券事务代表的电话、传真、电子邮件，以及公司邮箱和网址；经营信息涉及公司所属证监会行业、主营及兼营范围；证券信息包括A股、B股、H股及CDR证券的简称和代码，扩位简称，以及尚未盈利标识、特殊表决权标识、协议控制架构标识、红筹企业标识；此外，还包括信息披露相关内容如披露网址、披露报纸，以及公司简介等。"}, {"表名": "astockbasicinfodb.lc_namechange", "说明": "该数据表主要记录公司基本信息及相关公告，包括公司代码、中文及英文名称（全称与缩写）、信息来源和发布日期等基本信息；还涵盖重要事件如股东大会决议公告日期、是否否决决议、全称更改日期等关键时间节点，便于追踪企业动态与重要决策信息。"}, {"表名": "astockbasicinfodb.lc_business", "说明": "该数据表主要用于记录公司基本信息及相关业务情况，包括公司代码、信息发布日期和来源等基础信息；股东大会决议公告日期及是否否决的决议结果等决策信息；经营范围及主要业务、产品名称等经营信息；涉及行业的分类信息，如行业代码、行业类别及涉足行业等；此外，还包括简称变更原因等补充说明字段。"}, {"表名": "hkstockdb.hk_employeechange", "说明": "该数据表主要记录证券相关信息，包括证券内部代码、信息发布日期与来源等基本信息；股东大会公告日期及相关生效与失效日期等时间信息；是否有效的状态标识；以及变更前后员工数量的对比等数据。"}, {"表名": "hkstockdb.hk_stockarchives", "说明": "该数据表主要记录公司基本信息及相关属性，涵盖了公司标识信息如公司代码、中文名称、企业类别及描述等；成立及注册信息如公司成立日期、注册地、注册资本及其货币单位等；行业分类信息如所属行业（港交所、恒生）等；管理层信息如主席、公司秘书、合资格会计师等；办公及运营信息如注册办事处、总办事处及主要营业地点、股份过户处（香港）等；联系方式如电话、传真、邮箱、公司网址等；以及其他信息如公司业务、公司简介、审计机构等，全面反映了公司的基本情况和运营特征。"}, {"表名": "hkstockdb.cs_hkstockperformance", "说明": "该数据表主要用于记录证券交易及相关指标的详细信息，涵盖了基础信息如证券内部编码、交易日、货币代码等；价格信息包括昨收盘、今开盘、最高价、最低价、收盘价、均价、复权最高价及最低价等；成交信息如成交量、成交金额、换手率等；涨跌信息包括涨跌金额、涨跌幅、振幅等；市值信息如总市值、流通市值等；周期指标覆盖近一周、本周、近一月、本月、近三个月、近六个月、近一年及今年以来的成交、涨跌、振幅、换手率、均价、市值等详细数据，且提供各周期的日均指标；此外，还包含上市以来的复权价格及其对应日期等。"}, {"表名": "usstockdb.us_companyinfo", "说明": "该数据表主要记录公司的基本信息，包括公司标识信息如公司代码、英文名称及其缩写、中文名称；地址信息如公司地址、城市、省份、邮编、国家及国家代码；联系方式如电话、传真；公司描述信息如公司简介、英文公司简介、英文业务简介；注册地信息如注册地国家、注册地省份/州；其他信息如成立日期及其精度、公司类型、是否公司总部，以及链接地址等。"}, {"表名": "usstockdb.us_dailyquote", "说明": "该数据表记录了证券交易的详细信息，包括交易日和证券内部代码用于标识交易记录，开盘价、最高价、最低价和收盘价用于描述当天的价格波动，成交量和成交额反映市场活跃程度，每股收益TTM和证券总市值提供了盈利能力和规模的财务指标，证券总股本用于计算市场相关比率，昨收盘和日涨跌则用于分析价格变动趋势，涨跌幅百分比和均价提供了额外的市场表现信息。"}]

请选择table，务必遵循输出的格式要求。

>>>>> Agent【Check_db_structure.table_selector】 Said:
【分析】
要查询亚钾国际在2020年发生的业务范围变更次数及具体日期，需要关注公司业务变更相关的信息。根据提供的数据库表信息，`astockbasicinfodb.lc_business` 表记录了公司的经营范围及主要业务变更情况，包括信息发布日期等，适合用于查询业务范围变更的次数和具体日期。

【选中的数据表】
- astockbasicinfodb.lc_business: 这个数据表包含公司基本信息、信息发布日期、经营范围及主要业务变更等信息。

【选中的数据库表的清单】
```json
["astockbasicinfodb.lc_business"]
```


>>>>> 【user】 Said:
已取得可用的数据表的字段信息如下:
[{"表名": "astockbasicinfodb.lc_business", "表字段": [{"column": "CompanyCode", "desc": "公司代码；公司代码（CompanyCode）：与“证券主表（SecuMain）”中的“公司代码（CompanyCode）”关联，得到上市公司的交易代码、简称等。"}, {"column": "InfoPublDate", "desc": "信息发布日期"}, {"column": "InfoSource", "desc": "信息来源"}, {"column": "SMDeciPublDate", "desc": "股东大会决议公告日期"}, {"column": "IfPassed", "desc": "是否否决；是否否决(IfPassed)，该字段固定以下常量：0-否；1-是"}, {"column": "BusinessMajor", "desc": "经营范围-主营"}, {"column": "BusinessMinor", "desc": "经营范围-兼营"}, {"column": "MainBusiness", "desc": "主要业务"}, {"column": "MainName", "desc": "主要产品与业务名称"}, {"column": "CSRCInduCategory", "desc": "行业代码；行业代码（CSRCInduCategory）：当行业类别（IndustryType）=1时，与行业表（CT_Industry）中行业编码（IndustryNum）关联，得到CSRC行业分类标准下的行业名称；当行业类别（IndustryType）=22时，与系统常量表(CT_SystemConst)中的DM字段关联，令LB=1755，得到证监会行业分类2012版分类标准下的行业名称。"}, {"column": "InduEngaged", "desc": "涉足行业"}, {"column": "ChangeReason", "desc": "简称变更原因"}, {"column": "IndustryType", "desc": "行业类别；行业类别(IndustryType)与(CT_SystemConst)表中的DM字段关联，令LB = 1081 and DM in (1,22)，得到行业类别的具体描述：1-CSRC行业分类，22-证监会行业分类2012版。"}]}]

请选择column，务必遵循输出的格式要求。

>>>>> Agent【Check_db_structure.columns_selector】 Said:
【分析】
用户询问的是“亚钾国际”在2020年发生的业务范围变更次数及具体日期。需要找到与公司名称、业务范围变更以及日期相关的字段。

【信息所在字段】
- astockbasicinfodb.lc_business.CompanyCode: 这个字段可能包含公司代码信息，对应用户提问中的“亚钾国际”
- astockbasicinfodb.lc_business.InfoPublDate: 这个字段可能包含信息发布日期，对应用户提问中的“具体日期”
- astockbasicinfodb.lc_business.BusinessMajor: 这个字段可能包含经营范围-主营信息，对应用户提问中的“业务范围变更”
- astockbasicinfodb.lc_business.BusinessMinor: 这个字段可能包含经营范围-兼营信息，对应用户提问中的“业务范围变更”

【筛选条件所在字段】
- astockbasicinfodb.lc_business.InfoPublDate: 这个字段可能包含信息发布日期，用于筛选2020年的数据

【选中的字段的清单】
```json
{"astockbasicinfodb.lc_business": ["CompanyCode", "InfoPublDate", "BusinessMajor", "BusinessMinor"]}
```


>>>>> 【user】 Said:
亚钾国际在2020年发生了几次业务范围变更？请列出每次变更的具体日期（格式为xxxx-xx-xx）。

>>>>> Agent【Sql_query.master】 Said:
【已知信息】
- 亚钾国际的关联信息有：所在数据表是constantdb.secumain；InnerCode(证券内部编码)是521；CompanyCode(公司代码)是463；ChiName(中文名称)是亚钾国际投资(广州)股份有限公司；EngName(英文名称)是Asia-Potash International Investment (Guangzhou)Co.,Ltd.；SecuCode(证券代码)是000893。

【当前阶段要获取的信息】
- 亚钾国际在2020年发生的业务范围变更次数及每次变更的具体日期。

【信息所在字段】
- 变更次数可以通过统计变更记录的数量得到。
- 变更日期可能在`InfoPublDate`字段中。

【筛选条件所在字段】
- `CompanyCode`用于关联亚钾国际。
- `InfoPublDate`用于筛选2020年的记录。

【SQL语句的思路】
1. 从`astockbasicinfodb.lc_business`表中查询亚钾国际（CompanyCode = 463）在2020年（YEAR(InfoPublDate) = 2020）的业务范围变更记录。
2. 统计变更次数。
3. 列出每次变更的具体日期。

【执行SQL语句】
```exec_sql
SELECT InfoPublDate
FROM astockbasicinfodb.lc_business
WHERE CompanyCode = 463 AND YEAR(InfoPublDate) = 2020
ORDER BY InfoPublDate
```

【上述SQL语句的含义】
- 从`astockbasicinfodb.lc_business`表中筛选出公司代码为463（亚钾国际）且信息发布日期在2020年的记录。
- 按信息发布日期排序，以便列出每次变更的具体日期。

>>>>> 查询sql:
SELECT InfoPublDate
FROM astockbasicinfodb.lc_business
WHERE CompanyCode = 463 AND YEAR(InfoPublDate) = 2020
ORDER BY InfoPublDate;
查询结果:
[{"InfoPublDate": "2020-02-22 12:00:00.000"}, {"InfoPublDate": "2020-04-29 12:00:00.000"}, {"InfoPublDate": "2020-07-14 12:00:00.000"}]


>>>>> 【user】 Said:
查询SQL:
SELECT InfoPublDate
FROM astockbasicinfodb.lc_business
WHERE CompanyCode = 463 AND YEAR(InfoPublDate) = 2020
ORDER BY InfoPublDate;
查询结果:
[{"InfoPublDate": "2020-02-22 12:00:00.000"}, {"InfoPublDate": "2020-04-29 12:00:00.000"}, {"InfoPublDate": "2020-07-14 12:00:00.000"}]

请理解查询结果

>>>>> Agent【Sql_query.understand_query_result】 Said:
查询结果表明: 在2020年，公司代码为463的公司的信息发布日期有三个，分别是2020年2月22日、2020年4月29日和2020年7月14日。这些日期按照从小到大的顺序排列。


>>>>> 【user】 Said:
查询SQL:
SELECT InfoPublDate
FROM astockbasicinfodb.lc_business
WHERE CompanyCode = 463 AND YEAR(InfoPublDate) = 2020
ORDER BY InfoPublDate;
查询结果:
[{"InfoPublDate": "2020-02-22 12:00:00.000"}, {"InfoPublDate": "2020-04-29 12:00:00.000"}, {"InfoPublDate": "2020-07-14 12:00:00.000"}]

查询结果表明: 在2020年，公司代码为463的公司的信息发布日期有三个，分别是2020年2月22日、2020年4月29日和2020年7月14日。这些日期按照从小到大的顺序排列。

当前掌握的信息是否能够回答"亚钾国际在2020年发生了几次业务范围变更？请列出每次变更的具体日期（格式为xxxx-xx-xx）。"？还是要继续执行下一阶段SQL查询？

>>>>> Agent【Sql_query.master】 Said:
【已知信息】
- 亚钾国际的关联信息有：所在数据表是constantdb.secumain；InnerCode(证券内部编码)是521；CompanyCode(公司代码)是463；ChiName(中文名称)是亚钾国际投资(广州)股份有限公司；EngName(英文名称)是Asia-Potash International Investment (Guangzhou)Co.,Ltd.；SecuCode(证券代码)是000893。
- 查询结果显示，亚钾国际在2020年的信息发布日期有三个，分别是2020年2月22日、2020年4月29日和2020年7月14日。

【当前阶段要获取的信息】
- 无需继续执行SQL，当前信息已足够回答问题。

【信息所在字段】
- 无需继续执行SQL。

【筛选条件所在字段】
- 无需继续执行SQL。

【SQL语句的思路】
- 无需继续执行SQL。

【执行SQL语句】
- 无

【上述SQL语句的含义】
- 无

### 结论
当前掌握的信息已经能够回答“亚钾国际在2020年发生了几次业务范围变更？请列出每次变更的具体日期（格式为xxxx-xx-xx）。”的问题。

**回答：**
亚钾国际在2020年发生了3次业务范围变更，具体日期分别为：
- 2020年2月22日
- 2020年4月29日
- 2020年7月14日

无需继续执行下一阶段SQL查询。


>>>>> 【user】 Said:
请回答问题:"亚钾国际在2020年发生了几次业务范围变更？请列出每次变更的具体日期（格式为xxxx-xx-xx）。"

>>>>> Agent【Sql_query.summary】 Said:
亚钾国际在2020年发生了3次业务范围变更，具体日期分别为：
- 2020-02-22
- 2020-04-29
- 2020-07-14
