
>>>>> Original Question: 请根据双良节能在2020年Q4季度的研发人员数量和占比推算公司总人数（计算方式：总人数 = 研发人员数量 ÷ (研发人员占比 ÷ 100)，结果取整）。


>>>>> 【user】 Said:
下面是已知的事实:
'''
双良节能的关联信息有:[所在数据表是constantdb.secumain;InnerCode(证券内部编码)是1626;CompanyCode(公司代码)是1428;ChiName(中文名称)是双良节能系统股份有限公司;EngName(英文名称)是Shuangliang Eco-Energy Systems Co.,Ltd;SecuCode(证券代码)是600481;]
---
双良节能系统股份有限公司的关联信息有:[所在数据表是constantdb.secumain;InnerCode(证券内部编码)是1626;CompanyCode(公司代码)是1428;ChiName(中文名称)是双良节能系统股份有限公司;EngName(英文名称)是Shuangliang Eco-Energy Systems Co.,Ltd;SecuCode(证券代码)是600481;]
600481的关联信息有:[所在数据表是constantdb.secumain;InnerCode(证券内部编码)是1626;CompanyCode(公司代码)是1428;ChiName(中文名称)是双良节能系统股份有限公司;EngName(英文名称)是Shuangliang Eco-Energy Systems Co.,Ltd;SecuCode(证券代码)是600481;]
'''
下面是顺序的历史问答:
'''
Question: 双良节能在2020年Q4季度的研发投入总额是多少？（未调整的合并报表）
Answer: 86480258.88元
Question: 双良节能在2020年Q4季度的研发投入占营业收入比例是多少？
Answer: 研发投入占比: 0.0417
'''
现在用户继续提问，请根据已知信息，理解当前这个问题的完整含义，并重写这个问题使得单独拿出来看仍然能够正确理解：请根据双良节能在2020年Q4季度的研发人员数量和占比推算公司总人数（计算方式：总人数 = 研发人员数量 ÷ (研发人员占比 ÷ 100)，结果取整）。

>>>>> Agent【rewrite_question】 Said:
请根据双良节能系统股份有限公司（证券代码600481）在2020年第四季度的研发人员数量和研发人员占比，推算该公司的总人数（计算方式：总人数 = 研发人员数量 ÷ (研发人员占比 ÷ 100)，结果取整）。


>>>>> 【user】 Said:
提取下面这段文字里的实体，如公司名、股票代码等，如果识别结果是空，那么就回复No Entities."请根据双良节能系统股份有限公司（证券代码600481）在2020年第四季度的研发人员数量和研发人员占比，推算该公司的总人数（计算方式：总人数 = 研发人员数量 ÷ (研发人员占比 ÷ 100)，结果取整）。"

>>>>> Agent【extract_company】 Said:
```json
["双良节能系统股份有限公司", "600481"]
```

>>>>> 查询sql:
SELECT 'constantdb.secumain' AS TableName, InnerCode, CompanyCode, ChiName, EngName, SecuCode
FROM constantdb.secumain 
WHERE SecuCode = '双良节能系统股份有限公司'
   OR ChiName LIKE '%双良节能系统股份有限公司%'
   OR ChiNameAbbr LIKE '%双良节能系统股份有限公司%'
   OR EngName LIKE '%双良节能系统股份有限公司%'
   OR EngNameAbbr LIKE '%双良节能系统股份有限公司%'
   OR SecuAbbr LIKE '%双良节能系统股份有限公司%'
UNION ALL
SELECT 'constantdb.hk_secumain' AS TableName, InnerCode, CompanyCode, ChiName, EngName, SecuCode
FROM constantdb.hk_secumain 
WHERE SecuCode = '%双良节能系统股份有限公司%'
   OR ChiName LIKE '%双良节能系统股份有限公司%'
   OR ChiNameAbbr LIKE '%双良节能系统股份有限公司%'
   OR EngName LIKE '%双良节能系统股份有限公司%'
   OR EngNameAbbr LIKE '%双良节能系统股份有限公司%'
   OR SecuAbbr LIKE '%双良节能系统股份有限公司%'
   OR FormerName LIKE '%双良节能系统股份有限公司%'
UNION ALL
SELECT 'constantdb.us_secumain' AS TableName, InnerCode, CompanyCode, ChiName, EngName, SecuCode
FROM constantdb.us_secumain 
WHERE SecuCode = '双良节能系统股份有限公司'
   OR ChiName LIKE '%双良节能系统股份有限公司%'
   OR EngName LIKE '%双良节能系统股份有限公司%'
   OR SecuAbbr LIKE '%双良节能系统股份有限公司%';
查询结果:
[{"TableName": "constantdb.secumain", "InnerCode": 1626, "CompanyCode": 1428, "ChiName": "双良节能系统股份有限公司", "EngName": "Shuangliang Eco-Energy Systems Co.,Ltd", "SecuCode": "600481"}]

>>>>> 查询sql:
SELECT 'constantdb.secumain' AS TableName, InnerCode, CompanyCode, ChiName, EngName, SecuCode
FROM constantdb.secumain 
WHERE SecuCode = '600481'
   OR ChiName LIKE '%600481%'
   OR ChiNameAbbr LIKE '%600481%'
   OR EngName LIKE '%600481%'
   OR EngNameAbbr LIKE '%600481%'
   OR SecuAbbr LIKE '%600481%'
UNION ALL
SELECT 'constantdb.hk_secumain' AS TableName, InnerCode, CompanyCode, ChiName, EngName, SecuCode
FROM constantdb.hk_secumain 
WHERE SecuCode = '%600481%'
   OR ChiName LIKE '%600481%'
   OR ChiNameAbbr LIKE '%600481%'
   OR EngName LIKE '%600481%'
   OR EngNameAbbr LIKE '%600481%'
   OR SecuAbbr LIKE '%600481%'
   OR FormerName LIKE '%600481%'
UNION ALL
SELECT 'constantdb.us_secumain' AS TableName, InnerCode, CompanyCode, ChiName, EngName, SecuCode
FROM constantdb.us_secumain 
WHERE SecuCode = '600481'
   OR ChiName LIKE '%600481%'
   OR EngName LIKE '%600481%'
   OR SecuAbbr LIKE '%600481%';
查询结果:
[{"TableName": "constantdb.secumain", "InnerCode": 1626, "CompanyCode": 1428, "ChiName": "双良节能系统股份有限公司", "EngName": "Shuangliang Eco-Energy Systems Co.,Ltd", "SecuCode": "600481"}]

>>>>> 已知事实:
双良节能的关联信息有:[所在数据表是constantdb.secumain;InnerCode(证券内部编码)是1626;CompanyCode(公司代码)是1428;ChiName(中文名称)是双良节能系统股份有限公司;EngName(英文名称)是Shuangliang Eco-Energy Systems Co.,Ltd;SecuCode(证券代码)是600481;]
---
双良节能系统股份有限公司的关联信息有:[所在数据表是constantdb.secumain;InnerCode(证券内部编码)是1626;CompanyCode(公司代码)是1428;ChiName(中文名称)是双良节能系统股份有限公司;EngName(英文名称)是Shuangliang Eco-Energy Systems Co.,Ltd;SecuCode(证券代码)是600481;]
600481的关联信息有:[所在数据表是constantdb.secumain;InnerCode(证券内部编码)是1626;CompanyCode(公司代码)是1428;ChiName(中文名称)是双良节能系统股份有限公司;EngName(英文名称)是Shuangliang Eco-Energy Systems Co.,Ltd;SecuCode(证券代码)是600481;]

>>>>> 【user】 Said:
请选择db，务必遵循输出的格式要求。

>>>>> Agent【Check_db_structure.db_selector】 Said:
【分析】
用户需要获取双良节能系统股份有限公司（证券代码600481）在2020年第四季度的研发人员数量和研发人员占比，以推算该公司的总人数。这涉及到公司的人力资源数据，特别是研发人员的具体信息。

【选中的数据库】
- `astockoperationsdb`: 这个数据库记录了A股上市公司在供应商与客户关系、职工构成以及管理层报酬统计等方面的重要信息，涵盖了从2015年至今的企业关联交易数据、1999年至今的员工构成数据，以及2001年至今的管理层报酬统计数据。其中，表“公司职工构成”（lc_staff）包含公司员工的分类与统计信息，如分类方式、类别名称、员工数量、年龄范围、占比等，可以从中获取研发人员数量和占比数据。

【选中的数据库的清单】
```json
["astockoperationsdb"]
```


>>>>> 【user】 Said:
数据库表信息如下:
[{"表名": "astockoperationsdb.lc_suppcustdetail", "说明": "该数据表记录了企业关联交易的详细信息，包含信息发布的时间和来源（如信息发布日期、信息来源及其编码），企业及关联方的基本信息（如公司代码、关联企业名称、供应商/客户代码与属性等），交易相关信息（如交易标的名称与代码、交易金额及占比等），以及其他辅助信息（如截止日期、关系所属类型、序号及备注等）。"}, {"表名": "astockoperationsdb.lc_staff", "说明": "该数据表包含与公司和员工分类相关的信息，字段包括公司代码、信息来源、合并标志等基本信息，日期和信息发布日期等时间信息，分类方式、类别名称及分类代码等分类相关内容，最低年龄、最高年龄及员工数量等员工统计数据，以及占总数比例等比例信息，最后还有备注说明字段用于补充说明。"}, {"表名": "astockoperationsdb.lc_rewardstat", "说明": "该数据表主要记录公司管理层及董事津贴与报酬相关信息，包括公司标识信息如公司代码、信息发布日期和来源；日期信息如截止日期；报酬信息如管理层报酬总额、领取报酬的管理层人数、前三名董事及高管的报酬、独立董事津贴（按人及总额）；以及其他补充说明字段如备注说明等。"}]

请选择table，务必遵循输出的格式要求。

>>>>> Agent【Check_db_structure.table_selector】 Said:
【分析】
要推算双良节能系统股份有限公司（证券代码600481）在2020年第四季度的总人数，需要获取该季度研发人员数量和研发人员占比。根据提供的数据库表信息，`astockoperationsdb.lc_staff` 表包含与公司和员工分类相关的信息，包括员工数量和占总数比例等字段，适合用于获取研发人员数量和占比。

【选中的数据表】
- astockoperationsdb.lc_staff: 这个数据表包含公司代码、信息发布日期、员工数量及占总数比例等信息，可以用来获取研发人员数量和研发人员占比。

【选中的数据库表的清单】
```json
["astockoperationsdb.lc_staff"]
```


>>>>> 【user】 Said:
已取得可用的数据表的字段信息如下:
[{"表名": "astockoperationsdb.lc_staff", "表字段": [{"column": "CompanyCode", "desc": "公司代码"}, {"column": "EndDate", "desc": "日期"}, {"column": "InfoSource", "desc": "信息来源"}, {"column": "MergeMark", "desc": "合并标志；合并标志(MergeMark)与(CT_SystemConst)表中的DM字段关联，令LB = 1189 AND DM IN (1,2)，得到合并标志的具体描述：1-合并，2-母公司。"}, {"column": "ClassfiedMethod", "desc": "分类方式；分类方式(ClassfiedMethod)与(CT_SystemConst)表中的DM字段关联，令LB = 1050 AND DM IN (1000,3000,5000,7000,9000,9300,9800,9900)，得到分类方式的具体描述：1000-技术职称，3000-专业构成，5000-教育程度，7000-年龄结构，9000-职工总数，9300-离退人数，9800-其他分类，9900-未分类人员。"}, {"column": "TypeName", "desc": "类别名称"}, {"column": "YoungestAge", "desc": "最低年龄"}, {"column": "OldestAge", "desc": "最高年龄"}, {"column": "EmployeeSum", "desc": "员工数量"}, {"column": "RatioInSum", "desc": "占总数比例"}, {"column": "Statement", "desc": "备注说明"}, {"column": "TypeCode", "desc": "分类代码；项目代码(TypeCode)：与”分类方式 (ClassfiedMethod )“字段结合使用，并关联(系统常量表)，LB=1050。 当分类方式=1000-技术职称，则项目代码的具体描述：1012-高级职称及以上,1014-副高级职称及以上,1016-中级职称及以上,1018-初级职称及以上,1099-其他职称分类。当分类方式=3000-专业构成，则项目代码的具体描述：3010-行政管理人员，3013-管理人员，3015-行政人员，3030-业务人员，3031-生产人员，3032-采购人员，3033-市场人员，3034-销售人员，3035-技术人员，3036-仓储物流，3037-研发人员，3050-财务人员，3060-客服人员，3070-风控稽核，3090-综合分类人员，3099-其他岗位人员；其中（3032、3034、3036、3060与3070均为2018年新增分类，不建议与历史对比）。当分类方式=5000-教育程度，则项目代码的具体描述：5005-博士后，5010-博士，5015-硕士，5020-本科，5025-大专，5030-高中中专，5050-初中，5060-小学，5099-其他学历。当分类方式=7000-年龄结构时，则项目代码的具体描述：7099-平均年龄。"}, {"column": "InfoPublDate", "desc": "信息发布日期"}]}]

请选择column，务必遵循输出的格式要求。

>>>>> Agent【Check_db_structure.columns_selector】 Said:
【分析】
用户需要查询双良节能系统股份有限公司（证券代码600481）在2020年第四季度的研发人员数量和研发人员占比，以推算该公司的总人数。需要找到相关的字段来获取这些数据。

【信息所在字段】
- astockoperationsdb.lc_staff.CompanyCode: 这个字段可能包含公司代码信息，对应用户提问中的双良节能系统股份有限公司（证券代码600481）
- astockoperationsdb.lc_staff.EndDate: 这个字段可能包含日期信息，对应用户提问中的2020年第四季度
- astockoperationsdb.lc_staff.ClassfiedMethod: 这个字段可能包含分类方式信息，需要筛选出专业构成（3000）
- astockoperationsdb.lc_staff.TypeCode: 这个字段可能包含分类代码信息，需要筛选出研发人员（3037）
- astockoperationsdb.lc_staff.EmployeeSum: 这个字段可能包含员工数量信息，对应用户提问中的研发人员数量
- astockoperationsdb.lc_staff.RatioInSum: 这个字段可能包含占总数比例信息，对应用户提问中的研发人员占比

【筛选条件所在字段】
- astockoperationsdb.lc_staff.CompanyCode: 这个字段可能包含公司代码信息，对应用户提问中的双良节能系统股份有限公司（证券代码600481）
- astockoperationsdb.lc_staff.EndDate: 这个字段可能包含日期信息，对应用户提问中的2020年第四季度
- astockoperationsdb.lc_staff.ClassfiedMethod: 这个字段可能包含分类方式信息，需要筛选出专业构成（3000）
- astockoperationsdb.lc_staff.TypeCode: 这个字段可能包含分类代码信息，需要筛选出研发人员（3037）

【选中的字段的清单】
```json
{
  "astockoperationsdb.lc_staff": [
    "CompanyCode",
    "EndDate",
    "ClassfiedMethod",
    "TypeCode",
    "EmployeeSum",
    "RatioInSum"
  ]
}
```


>>>>> 【user】 Said:
之前已查询到信息如下:
查询结果表明: 该查询从`astockfinancedb.lc_intassetsdetail`表中获取了内部编码为1626的记录，且截止日期为2020年12月31日，数据为合并报表且未经调整的情况下，研发投入合计（TotalRDInput）为86480258.88元。
---
查询结果表明: 该查询从`astockfinancedb.lc_incomestatementall`表中获取了公司代码为1428的记录，截止日期为2020年12月31日，且该记录未经过调整（IfAdjusted = 2）且为合并报表（IfMerged = 1）的营业收入（OperatingRevenue）数据。结果显示，该公司在这一日期的营业收入为207,156,345.68元。

请问:请根据双良节能系统股份有限公司（证券代码600481）在2020年第四季度的研发人员数量和研发人员占比，推算该公司的总人数（计算方式：总人数 = 研发人员数量 ÷ (研发人员占比 ÷ 100)，结果取整）。

>>>>> Agent【Sql_query.master】 Said:
【已知信息】
- 双良节能系统股份有限公司的证券代码为600481，内部编码为1626，公司代码为1428。
- 已知2020年第四季度的研发投入总额为86480258.88元。
- 已知2020年第四季度的营业收入为207,156,345.68元。
- 需要推算总人数，计算方式为：总人数 = 研发人员数量 ÷ (研发人员占比 ÷ 100)，结果取整。

【当前阶段要获取的信息】
- 2020年第四季度的研发人员数量
- 2020年第四季度的研发人员占比

【信息所在字段】
- 研发人员数量：`EmployeeSum`
- 研发人员占比：`RatioInSum`

【筛选条件所在字段】
- 公司代码：`CompanyCode`
- 日期：`EndDate`
- 分类方式：`ClassfiedMethod`
- 项目代码：`TypeCode`

【SQL语句的思路】
1. 从`astockoperationsdb.lc_staff`表中查询2020年第四季度（即2020-12-31）的研发人员数量和占比。
2. 确保分类方式为专业构成（3000），项目代码为研发人员（3037）。

【执行SQL语句】
```exec_sql
SELECT EmployeeSum, RatioInSum
FROM astockoperationsdb.lc_staff
WHERE CompanyCode = 1428
  AND DATE(EndDate) = '2020-12-31'
  AND ClassfiedMethod = 3000
  AND TypeCode = 3037
LIMIT 1
```

【上述SQL语句的含义】
- 从`astockoperationsdb.lc_staff`表中选取研发人员数量（EmployeeSum）和研发人员占比（RatioInSum）。
- 筛选条件为公司代码为1428，截止日期为2020年12月31日，分类方式为专业构成（3000），项目代码为研发人员（3037）。
- 限制结果为1条记录，以确保获取到准确的数据。

>>>>> 查询sql:
SELECT EmployeeSum, RatioInSum
FROM astockoperationsdb.lc_staff
WHERE CompanyCode = 1428
  AND DATE(EndDate) = '2020-12-31'
  AND ClassfiedMethod = 3000
  AND TypeCode = 3037
LIMIT 1;
查询结果:
[]


>>>>> 【user】 Said:
查询SQL:
SELECT EmployeeSum, RatioInSum
FROM astockoperationsdb.lc_staff
WHERE CompanyCode = 1428
  AND DATE(EndDate) = '2020-12-31'
  AND ClassfiedMethod = 3000
  AND TypeCode = 3037
LIMIT 1;
查询结果:
[]

请理解查询结果

>>>>> Agent【Sql_query.understand_query_result】 Said:
查询结果表明: 在公司代码为1428的记录中，截至2020年12月31日，按照专业构成（ClassfiedMethod = 3000）分类，且具体岗位为研发人员（TypeCode = 3037）的情况下，没有找到对应的员工数量（EmployeeSum）和占总数比例（RatioInSum）的数据。


>>>>> 【user】 Said:
查询SQL:
SELECT EmployeeSum, RatioInSum
FROM astockoperationsdb.lc_staff
WHERE CompanyCode = 1428
  AND DATE(EndDate) = '2020-12-31'
  AND ClassfiedMethod = 3000
  AND TypeCode = 3037
LIMIT 1;
查询结果:
[]

查询结果表明: 在公司代码为1428的记录中，截至2020年12月31日，按照专业构成（ClassfiedMethod = 3000）分类，且具体岗位为研发人员（TypeCode = 3037）的情况下，没有找到对应的员工数量（EmployeeSum）和占总数比例（RatioInSum）的数据。

当前掌握的信息是否能够回答"请根据双良节能系统股份有限公司（证券代码600481）在2020年第四季度的研发人员数量和研发人员占比，推算该公司的总人数（计算方式：总人数 = 研发人员数量 ÷ (研发人员占比 ÷ 100)，结果取整）。"？还是要继续执行下一阶段SQL查询？

>>>>> Agent【Sql_query.master】 Said:
【已知信息】
- 双良节能系统股份有限公司的证券代码为600481，内部编码为1626，公司代码为1428。
- 已知2020年第四季度的研发投入总额为86480258.88元。
- 已知2020年第四季度的营业收入为207,156,345.68元。
- 查询结果显示，截至2020年12月31日，按照专业构成分类的研发人员数量和占比数据未找到。

【当前阶段要获取的信息】
- 2020年第四季度的研发人员数量
- 2020年第四季度的研发人员占比

【信息所在字段】
- 研发人员数量：`EmployeeSum`
- 研发人员占比：`RatioInSum`

【筛选条件所在字段】
- 公司代码：`CompanyCode`
- 日期：`EndDate`
- 分类方式：`ClassfiedMethod`
- 项目代码：`TypeCode`

【SQL语句的思路】
- 由于直接查询研发人员数量和占比未找到结果，考虑是否存在其他相关分类方式或项目代码可以提供类似信息。
- 或者检查是否存在其他时间段的数据，可能需要放宽时间范围进行查询。

【执行SQL语句】
为了确认是否存在其他相关数据，可以先检查该表中的其他分类方式或项目代码是否有相关记录：

```exec_sql
SELECT EmployeeSum, RatioInSum, ClassfiedMethod, TypeCode
FROM astockoperationsdb.lc_staff
WHERE CompanyCode = 1428
  AND DATE(EndDate) = '2020-12-31'
LIMIT 10
```

【上述SQL语句的含义】
- 从`astockoperationsdb.lc_staff`表中选取员工数量、占比、分类方式和项目代码。
- 筛选条件为公司代码为1428，截止日期为2020年12月31日。
- 限制结果为10条记录，以查看是否有其他相关分类方式或项目代码的记录。

通过此查询，我们可以了解是否有其他相关数据，进而决定下一步的查询策略。

>>>>> 查询sql:
SELECT EmployeeSum, RatioInSum, ClassfiedMethod, TypeCode
FROM astockoperationsdb.lc_staff
WHERE CompanyCode = 1428
  AND DATE(EndDate) = '2020-12-31'
LIMIT 10;
查询结果:
[{"EmployeeSum": 1428, "RatioInSum": null, "ClassfiedMethod": 9000, "TypeCode": null}, {"EmployeeSum": 0, "RatioInSum": null, "ClassfiedMethod": 9300, "TypeCode": null}, {"EmployeeSum": 727, "RatioInSum": null, "ClassfiedMethod": 3000, "TypeCode": 3031}, {"EmployeeSum": 207, "RatioInSum": null, "ClassfiedMethod": 3000, "TypeCode": 3034}, {"EmployeeSum": 177, "RatioInSum": null, "ClassfiedMethod": 3000, "TypeCode": 3035}, {"EmployeeSum": 13, "RatioInSum": null, "ClassfiedMethod": 3000, "TypeCode": 3050}, {"EmployeeSum": 304, "RatioInSum": null, "ClassfiedMethod": 3000, "TypeCode": 3015}, {"EmployeeSum": 24, "RatioInSum": null, "ClassfiedMethod": 5000, "TypeCode": 5015}, {"EmployeeSum": 770, "RatioInSum": null, "ClassfiedMethod": 5000, "TypeCode": 5099}, {"EmployeeSum": 634, "RatioInSum": null, "ClassfiedMethod": 5000, "TypeCode": 5020}]


>>>>> 【user】 Said:
查询SQL:
SELECT EmployeeSum, RatioInSum, ClassfiedMethod, TypeCode
FROM astockoperationsdb.lc_staff
WHERE CompanyCode = 1428
  AND DATE(EndDate) = '2020-12-31'
LIMIT 10;
查询结果:
[{"EmployeeSum": 1428, "RatioInSum": null, "ClassfiedMethod": 9000, "TypeCode": null}, {"EmployeeSum": 0, "RatioInSum": null, "ClassfiedMethod": 9300, "TypeCode": null}, {"EmployeeSum": 727, "RatioInSum": null, "ClassfiedMethod": 3000, "TypeCode": 3031}, {"EmployeeSum": 207, "RatioInSum": null, "ClassfiedMethod": 3000, "TypeCode": 3034}, {"EmployeeSum": 177, "RatioInSum": null, "ClassfiedMethod": 3000, "TypeCode": 3035}, {"EmployeeSum": 13, "RatioInSum": null, "ClassfiedMethod": 3000, "TypeCode": 3050}, {"EmployeeSum": 304, "RatioInSum": null, "ClassfiedMethod": 3000, "TypeCode": 3015}, {"EmployeeSum": 24, "RatioInSum": null, "ClassfiedMethod": 5000, "TypeCode": 5015}, {"EmployeeSum": 770, "RatioInSum": null, "ClassfiedMethod": 5000, "TypeCode": 5099}, {"EmployeeSum": 634, "RatioInSum": null, "ClassfiedMethod": 5000, "TypeCode": 5020}]

请理解查询结果

>>>>> Agent【Sql_query.understand_query_result】 Said:
查询结果表明:
在CompanyCode为1428且日期为2020-12-31的条件下，astockoperationsdb.lc_staff表的前10条记录显示，员工总数(EmployeeSum)分别为1428、0、727、207、177、13、304、24、770和634。占总数比例(RatioInSum)字段在所有记录中均为空。分类方式(ClassfiedMethod)包括9000（职工总数）、9300（离退人数）、3000（专业构成）和5000（教育程度）。具体到项目代码(TypeCode)，3000分类下的TypeCode分别为3031（生产人员）、3034（销售人员）、3035（技术人员）、3050（财务人员）和3015（行政人员）；5000分类下的TypeCode分别为5015（硕士）、5099（其他学历）和5020（本科）。


>>>>> 【user】 Said:
查询SQL:
SELECT EmployeeSum, RatioInSum, ClassfiedMethod, TypeCode
FROM astockoperationsdb.lc_staff
WHERE CompanyCode = 1428
  AND DATE(EndDate) = '2020-12-31'
LIMIT 10;
查询结果:
[{"EmployeeSum": 1428, "RatioInSum": null, "ClassfiedMethod": 9000, "TypeCode": null}, {"EmployeeSum": 0, "RatioInSum": null, "ClassfiedMethod": 9300, "TypeCode": null}, {"EmployeeSum": 727, "RatioInSum": null, "ClassfiedMethod": 3000, "TypeCode": 3031}, {"EmployeeSum": 207, "RatioInSum": null, "ClassfiedMethod": 3000, "TypeCode": 3034}, {"EmployeeSum": 177, "RatioInSum": null, "ClassfiedMethod": 3000, "TypeCode": 3035}, {"EmployeeSum": 13, "RatioInSum": null, "ClassfiedMethod": 3000, "TypeCode": 3050}, {"EmployeeSum": 304, "RatioInSum": null, "ClassfiedMethod": 3000, "TypeCode": 3015}, {"EmployeeSum": 24, "RatioInSum": null, "ClassfiedMethod": 5000, "TypeCode": 5015}, {"EmployeeSum": 770, "RatioInSum": null, "ClassfiedMethod": 5000, "TypeCode": 5099}, {"EmployeeSum": 634, "RatioInSum": null, "ClassfiedMethod": 5000, "TypeCode": 5020}]

查询结果表明:
在CompanyCode为1428且日期为2020-12-31的条件下，astockoperationsdb.lc_staff表的前10条记录显示，员工总数(EmployeeSum)分别为1428、0、727、207、177、13、304、24、770和634。占总数比例(RatioInSum)字段在所有记录中均为空。分类方式(ClassfiedMethod)包括9000（职工总数）、9300（离退人数）、3000（专业构成）和5000（教育程度）。具体到项目代码(TypeCode)，3000分类下的TypeCode分别为3031（生产人员）、3034（销售人员）、3035（技术人员）、3050（财务人员）和3015（行政人员）；5000分类下的TypeCode分别为5015（硕士）、5099（其他学历）和5020（本科）。

当前掌握的信息是否能够回答"请根据双良节能系统股份有限公司（证券代码600481）在2020年第四季度的研发人员数量和研发人员占比，推算该公司的总人数（计算方式：总人数 = 研发人员数量 ÷ (研发人员占比 ÷ 100)，结果取整）。"？还是要继续执行下一阶段SQL查询？

>>>>> Agent【Sql_query.master】 Said:
【已知信息】
- 双良节能系统股份有限公司的证券代码为600481，内部编码为1626，公司代码为1428。
- 已知2020年第四季度的研发投入总额为86480258.88元。
- 已知2020年第四季度的营业收入为207,156,345.68元。
- 查询结果显示，截至2020年12月31日，按照专业构成分类的研发人员数量和占比数据未找到。
- 查询结果中包含其他分类方式（如职工总数、离退人数、专业构成、教育程度）的员工数量数据，但占比数据均为空。

【当前阶段要获取的信息】
- 2020年第四季度的研发人员数量
- 2020年第四季度的研发人员占比

【信息所在字段】
- 研发人员数量：`EmployeeSum`
- 研发人员占比：`RatioInSum`

【筛选条件所在字段】
- 公司代码：`CompanyCode`
- 日期：`EndDate`
- 分类方式：`ClassfiedMethod`
- 项目代码：`TypeCode`

【SQL语句的思路】
- 由于直接查询研发人员数量和占比未找到结果，且其他相关记录的占比数据也为空，无法直接推算总人数。
- 考虑是否有其他方式获取研发人员数量和占比信息，或者是否可以通过其他数据间接推算。

【执行SQL语句】
由于当前数据无法直接回答问题，建议进一步确认是否有其他相关数据表或字段可以提供所需信息。可以先检查是否有其他时间段的数据，或者尝试从其他相关表中获取信息。

1. 检查其他时间段的数据：
```exec_sql
SELECT EmployeeSum, RatioInSum, ClassfiedMethod, TypeCode
FROM astockoperationsdb.lc_staff
WHERE CompanyCode = 1428
  AND DATE(EndDate) BETWEEN '2020-10-01' AND '2020-12-31'
  AND ClassfiedMethod = 3000
  AND TypeCode = 3037
LIMIT 10
```

2. 检查其他相关表（如员工变动表等）是否有相关数据。

【上述SQL语句的含义】
- 从`astockoperationsdb.lc_staff`表中选取员工数量、占比、分类方式和项目代码。
- 筛选条件为公司代码为1428，截止日期在2020年第四季度内，分类方式为专业构成（3000），项目代码为研发人员（3037）。
- 限制结果为10条记录，以查看是否有其他时间段的相关数据。

通过此查询，我们可以了解是否有其他时间段的相关数据，进而决定下一步的查询策略。如果仍然无法获取所需信息，可能需要反馈无法直接回答问题，并建议进一步的数据分析或查询其他数据源。

>>>>> 查询sql:
SELECT EmployeeSum, RatioInSum, ClassfiedMethod, TypeCode
FROM astockoperationsdb.lc_staff
WHERE CompanyCode = 1428
  AND DATE(EndDate) BETWEEN '2020-10-01' AND '2020-12-31'
  AND ClassfiedMethod = 3000
  AND TypeCode = 3037
LIMIT 10;
查询结果:
[]


>>>>> 【user】 Said:
查询SQL:
SELECT EmployeeSum, RatioInSum, ClassfiedMethod, TypeCode
FROM astockoperationsdb.lc_staff
WHERE CompanyCode = 1428
  AND DATE(EndDate) BETWEEN '2020-10-01' AND '2020-12-31'
  AND ClassfiedMethod = 3000
  AND TypeCode = 3037
LIMIT 10;
查询结果:
[]

请理解查询结果

>>>>> Agent【Sql_query.understand_query_result】 Said:
查询结果表明: 在公司代码为1428的记录中，日期范围在2020年10月1日至2020年12月31日之间，且分类方式为专业构成（ClassfiedMethod = 3000），具体项目代码为研发人员（TypeCode = 3037）的条件下，没有找到任何符合条件的员工数量（EmployeeSum）和占总数比例（RatioInSum）的记录。


>>>>> 【user】 Said:
查询SQL:
SELECT EmployeeSum, RatioInSum, ClassfiedMethod, TypeCode
FROM astockoperationsdb.lc_staff
WHERE CompanyCode = 1428
  AND DATE(EndDate) BETWEEN '2020-10-01' AND '2020-12-31'
  AND ClassfiedMethod = 3000
  AND TypeCode = 3037
LIMIT 10;
查询结果:
[]

查询结果表明: 在公司代码为1428的记录中，日期范围在2020年10月1日至2020年12月31日之间，且分类方式为专业构成（ClassfiedMethod = 3000），具体项目代码为研发人员（TypeCode = 3037）的条件下，没有找到任何符合条件的员工数量（EmployeeSum）和占总数比例（RatioInSum）的记录。

当前掌握的信息是否能够回答"请根据双良节能系统股份有限公司（证券代码600481）在2020年第四季度的研发人员数量和研发人员占比，推算该公司的总人数（计算方式：总人数 = 研发人员数量 ÷ (研发人员占比 ÷ 100)，结果取整）。"？还是要继续执行下一阶段SQL查询？

>>>>> Agent【Sql_query.master】 Said:
【已知信息】
- 双良节能系统股份有限公司的证券代码为600481，内部编码为1626，公司代码为1428。
- 已知2020年第四季度的研发投入总额为86480258.88元。
- 已知2020年第四季度的营业收入为207,156,345.68元。
- 查询结果显示，在2020年第四季度内，按照专业构成分类的研发人员数量和占比数据未找到。
- 其他相关记录的占比数据也为空，无法直接推算总人数。

【当前阶段要获取的信息】
- 2020年第四季度的研发人员数量
- 2020年第四季度的研发人员占比

【信息所在字段】
- 研发人员数量：`EmployeeSum`
- 研发人员占比：`RatioInSum`

【筛选条件所在字段】
- 公司代码：`CompanyCode`
- 日期：`EndDate`
- 分类方式：`ClassfiedMethod`
- 项目代码：`TypeCode`

【SQL语句的思路】
- 由于直接查询研发人员数量和占比未找到结果，且其他相关记录的占比数据也为空，无法直接推算总人数。
- 考虑是否有其他方式获取研发人员数量和占比信息，或者是否可以通过其他数据间接推算。

【执行SQL语句】
由于当前数据无法直接回答问题，建议进一步确认是否有其他相关数据表或字段可以提供所需信息。可以先检查是否有其他时间段的数据，或者尝试从其他相关表中获取信息。

1. 检查是否有其他相关表（如员工变动表等）可以提供研发人员数量和占比信息。

【当前阶段无法继续执行SQL查询的原因】
- 已尝试直接查询研发人员数量和占比，结果为空。
- 已尝试放宽时间范围查询，结果仍为空。
- 其他相关记录的占比数据也为空，无法间接推算。

【下一步建议】
- 反馈当前掌握的信息无法直接回答问题。
- 建议进一步的数据分析或查询其他数据源，如员工变动表、年报等，以获取研发人员数量和占比信息。

【执行SQL语句】
无

【上述SQL语句的含义】
无

由于当前数据无法直接回答问题，建议反馈无法直接回答，并建议进一步的数据分析或查询其他数据源。


>>>>> 【user】 Said:
请回答问题:"请根据双良节能系统股份有限公司（证券代码600481）在2020年第四季度的研发人员数量和研发人员占比，推算该公司的总人数（计算方式：总人数 = 研发人员数量 ÷ (研发人员占比 ÷ 100)，结果取整）。"

>>>>> Agent【Sql_query.summary】 Said:
无法推算总人数，因缺少研发人员数量和占比数据。
