
>>>>> Original Question: 该公司高管的年度薪酬总额是多少？一年后呢？变化比例是(四舍五入保留到小数点两位)？


>>>>> 【user】 Said:
提取下面这段文字中的实体（如公司名、股票代码、拼音缩写等），如果识别结果是空，那么就回复No Entities."该公司高管的年度薪酬总额是多少？一年后呢？变化比例是(四舍五入保留到小数点两位)？"

>>>>> Agent【extract_company】 Said:
No Entities.


>>>>> 【user】 Said:
下面是顺序的历史问答:
'''
Question: 横店东磁在2019年1月份进行了多少次投资者关系活动？这些活动中参与机构最多的一次活动发生在哪天(xxxx-xx-xx的格式)，有多少家机构参与？
Answer: 横店东磁在2019年1月份进行了1次投资者关系活动。参与机构数量最多的一次活动发生在2019-01-16，共有3家机构参与。
'''
现在用户继续提问，请根据已知信息，理解当前这个问题的完整含义，并重写这个问题使得单独拿出来看仍然能够正确理解：该公司高管的年度薪酬总额是多少？一年后呢？变化比例是(四舍五入保留到小数点两位)？

>>>>> Agent【rewrite_question】 Said:
横店东磁在2019年的高管年度薪酬总额是多少？在2020年的高管年度薪酬总额是多少？这两年的薪酬总额变化比例是多少（四舍五入保留到小数点两位）？

>>>>> 已知事实:
横店东磁的关联信息有:[所在数据表是constantdb.secumain;InnerCode(证券内部编码)是4427;CompanyCode(公司代码)是3710;ChiName(中文名称)是横店集团东磁股份有限公司;EngName(英文名称)是Hengdian Group DMEGC Magnetics Co.,Ltd.;SecuCode(证券代码)是002056;ChiNameAbbr(中文名称缩写)是横店东磁;EngNameAbbr(英文名称缩写)是DMEGC;SecuAbbr(证券简称)是横店东磁;ChiSpelling(拼音证券简称)是HDDC;]

>>>>> 【user】 Said:
请选择db，务必遵循输出的格式要求。

>>>>> Agent【Check_db_structure.db_selector】 Said:
【分析】
用户需要查询横店东磁在2019年和2020年的高管年度薪酬总额，并计算这两年的薪酬总额变化比例。根据知识库，涉及高管薪酬的数据存储在`astockoperationsdb`数据库中的`公司管理层报酬统计`表。

【选中的数据库】
- astockoperationsdb: 这个数据库包含公司管理层报酬统计信息，可以查到横店东磁在2019年和2020年的高管年度薪酬总额。

【选中的数据库的清单】
```json
["astockoperationsdb"]
```


>>>>> 【user】 Said:
数据库表信息如下:
[{"表名": "astockoperationsdb.lc_suppcustdetail", "说明": "该数据表记录了企业关联交易的详细信息，包含信息发布的时间和来源（如信息发布日期、信息来源及其编码），企业及关联方的基本信息（如公司代码、关联企业名称、供应商/客户代码与属性等），交易相关信息（如交易标的名称与代码、交易金额及占比等），以及其他辅助信息（如截止日期、关系所属类型、序号及备注等）。"}, {"表名": "astockoperationsdb.lc_staff", "说明": "该数据表包含与公司和员工分类相关的信息，字段包括公司代码、信息来源、合并标志等基本信息，日期和信息发布日期等时间信息，分类方式、类别名称及分类代码等分类相关内容，最低年龄、最高年龄及员工数量等员工统计数据，以及占总数比例等比例信息，最后还有备注说明字段用于补充说明。"}, {"表名": "astockoperationsdb.lc_rewardstat", "说明": "该数据表主要记录公司管理层及董事津贴与报酬相关信息，包括公司标识信息如公司代码、信息发布日期和来源；日期信息如截止日期；报酬信息如管理层报酬总额、领取报酬的管理层人数、前三名董事及高管的报酬、独立董事津贴（按人及总额）；以及其他补充说明字段如备注说明等。"}]

请选择table，务必遵循输出的格式要求。

>>>>> Agent【Check_db_structure.table_selector】 Said:
【分析】
要计算横店东磁在2019年和2020年的高管年度薪酬总额，并计算这两年的薪酬总额变化比例，我们需要找到记录公司管理层及董事津贴与报酬相关信息的表。根据已知信息，`astockoperationsdb.lc_rewardstat`表包含了管理层报酬总额等信息，适合用于此分析。

【选中的数据表】
- astockoperationsdb.lc_rewardstat: 这个数据表主要记录公司管理层及董事津贴与报酬相关信息，包括管理层报酬总额、领取报酬的管理层人数等。

【选中的数据库表的清单】
```json
["astockoperationsdb.lc_rewardstat"]
```


>>>>> 【user】 Said:
已取得可用的数据表的字段信息如下:
[{"表名": "astockoperationsdb.lc_rewardstat", "表字段": [{"column": "CompanyCode", "desc": "公司代码"}, {"column": "InfoPublDate", "desc": "信息发布日期"}, {"column": "InfoSource", "desc": "信息来源"}, {"column": "EndDate", "desc": "日期"}, {"column": "TotalYearPay", "desc": "报酬总额(元)"}, {"column": "NumPayManagers", "desc": "领取报酬的管理层人数"}, {"column": "High3Directors", "desc": "前三名董事报酬(元)"}, {"column": "High3Managers", "desc": "前三名高管报酬(元)"}, {"column": "TotalIndeSupeYearPay", "desc": "独立董事津贴(元/人)"}, {"column": "Statement", "desc": "备注说明"}, {"column": "TotalIndeSubsidy", "desc": "独立董事津贴总额(元)"}]}]

请选择column，务必遵循输出的格式要求。

>>>>> Agent【Check_db_structure.columns_selector】 Said:
【分析】
用户询问的是横店东磁在2019年和2020年的高管年度薪酬总额，以及这两年的薪酬总额变化比例。需要找到记录高管薪酬的表和字段，同时需要通过公司代码或证券内部编码来确定是横店东磁的数据。

【当前的表之间相互关联的字段】
- constantdb.secumain 和 astockoperationsdb.lc_rewardstat 之间: CompanyCode

【信息所在字段】
- astockoperationsdb.lc_rewardstat.TotalYearPay: 这个字段可能包含高管年度薪酬总额信息，对应用户提问中的高管年度薪酬总额

【筛选条件所在字段】
- constantdb.secumain.CompanyCode: 这个字段可能包含公司代码信息，对应用户提问中的横店东磁
- astockoperationsdb.lc_rewardstat.EndDate: 这个字段可能包含日期信息，对应用户提问中的2019年和2020年

【选中的字段的清单】
```json
{
  "constantdb.secumain": ["CompanyCode"],
  "astockoperationsdb.lc_rewardstat": ["TotalYearPay", "EndDate"]
}
```


>>>>> 【user】 Said:
之前已查询到信息如下:
查询结果表明: 在2019年1月1日至2019年1月31日期间，证券内部编码为4427的证券共进行了1次投资者关系活动。
---
查询结果表明: 该查询返回了astockeventsdb.lc_investorra表中的一条记录。该记录包含了投资者关系活动的详细信息，包括接待日期、接待时间、参与者、地点、列席人员、主要内容和相关文件等。具体来说，该记录显示的是多氟多公司在2019年1月2日接待投资者关系活动的信息，接待地点为多氟多科技大厦四楼董事会秘书办公室，参与者为冯自力/华创证券，列席人员为董事会秘书陈相举，主要内容包括氟化工产品的生产经营情况、电子级精细化工产品研发情况、锂电池的情况以及公司发展计划等。
---
查询结果表明: 该查询从`astockeventsdb.lc_investordetail`表中返回了第一条记录。记录包含以下字段信息：`ID`为599916268685，`RID`为599911000861，`Participant`为华创证券，`ParticipantID`为41714，`PersonalName`为冯自力，`PersonalID`为空，`PostName`为空，`InsertTime`为2019-01-04 11:25:37.483，`UpdateTime`为2024-07-25 11:05:31.333，`JSID`为775524788399，`SerialNumber`为1。这条记录详细描述了一次投资者关系活动中的参与机构和个人信息，以及相关的插入和更新时间。
---
查询结果表明: 在2019年1月1日至2019年1月31日期间，针对证券内部编码为4427的证券，接待日期为2019年1月16日的投资者关系活动中，参与调研的机构数量最多，共有3家机构参与。

请问:横店东磁在2019年的高管年度薪酬总额是多少？在2020年的高管年度薪酬总额是多少？这两年的薪酬总额变化比例是多少（四舍五入保留到小数点两位）？

>>>>> Agent【Sql_query.master】 Said:
【已知信息】
- 横店东磁的关联信息：所在数据表是constantdb.secumain；InnerCode(证券内部编码)是4427；CompanyCode(公司代码)是3710。
- 需要查询2019年和2020年的高管年度薪酬总额。

【当前阶段要获取的信息】
- 2019年高管年度薪酬总额
- 2020年高管年度薪酬总额

【信息所在字段】
- `TotalYearPay`（报酬总额(元)）字段在`astockoperationsdb.lc_rewardstat`表中。

【筛选条件所在字段】
- `CompanyCode`（公司代码）
- `EndDate`（日期）

【SQL语句的思路】
1. 分别查询2019年和2020年的高管年度薪酬总额。
2. 计算两年的薪酬总额变化比例。

【执行SQL语句】
首先查询2019年的高管年度薪酬总额。

```exec_sql
SELECT SUM(TotalYearPay) AS TotalPay2019
FROM astockoperationsdb.lc_rewardstat
WHERE CompanyCode = 3710
AND YEAR(EndDate) = 2019;
```

【上述SQL语句的含义】
- 从`astockoperationsdb.lc_rewardstat`表中查询公司代码为3710的记录。
- 筛选`EndDate`字段中年份为2019的记录。
- 计算这些记录的`TotalYearPay`字段的总和，并将其命名为`TotalPay2019`。

接下来，我们将进行2020年的查询。请确认是否继续执行。

>>>>> 查询sql:
SELECT SUM(TotalYearPay) AS TotalPay2019
FROM astockoperationsdb.lc_rewardstat
WHERE CompanyCode = 3710
AND YEAR(EndDate) = 2019;
查询结果:
[{"TotalPay2019": 6819100.0}]


>>>>> 【user】 Said:
查询SQL:
SELECT SUM(TotalYearPay) AS TotalPay2019
FROM astockoperationsdb.lc_rewardstat
WHERE CompanyCode = 3710
AND YEAR(EndDate) = 2019;
查询结果:
[{"TotalPay2019": 6819100.0}]

请理解查询结果

>>>>> Agent【Sql_query.understand_query_result】 Said:
查询结果表明: 对于公司代码为3710的公司，在2019年内的报酬总额（TotalYearPay）总和为6819100.0元。


>>>>> 【user】 Said:
查询SQL:
SELECT SUM(TotalYearPay) AS TotalPay2019
FROM astockoperationsdb.lc_rewardstat
WHERE CompanyCode = 3710
AND YEAR(EndDate) = 2019;
查询结果:
[{"TotalPay2019": 6819100.0}]

查询结果表明: 对于公司代码为3710的公司，在2019年内的报酬总额（TotalYearPay）总和为6819100.0元。

请检查筛选条件是否存在问题，比如时间日期字段没有用DATE()或YEAR()格式化？当然，如果没问题，那么就根据结果考虑下一步；那么当前掌握的信息是否能够回答"横店东磁在2019年的高管年度薪酬总额是多少？在2020年的高管年度薪酬总额是多少？这两年的薪酬总额变化比例是多少（四舍五入保留到小数点两位）？"？还是要继续执行下一阶段SQL查询？

>>>>> Agent【Sql_query.master】 Said:
【已知信息】
- 横店东磁在2019年的高管年度薪酬总额为6819100.0元。

【当前阶段要获取的信息】
- 2020年高管年度薪酬总额

【信息所在字段】
- `TotalYearPay`（报酬总额(元)）字段在`astockoperationsdb.lc_rewardstat`表中。

【筛选条件所在字段】
- `CompanyCode`（公司代码）
- `EndDate`（日期）

【SQL语句的思路】
- 查询2020年的高管年度薪酬总额。

【执行SQL语句】
查询2020年的高管年度薪酬总额。

```exec_sql
SELECT SUM(TotalYearPay) AS TotalPay2020
FROM astockoperationsdb.lc_rewardstat
WHERE CompanyCode = 3710
AND YEAR(EndDate) = 2020;
```

【上述SQL语句的含义】
- 从`astockoperationsdb.lc_rewardstat`表中查询公司代码为3710的记录。
- 筛选`EndDate`字段中年份为2020的记录。
- 计算这些记录的`TotalYearPay`字段的总和，并将其命名为`TotalPay2020`。

执行此查询后，我们将获得2020年的高管年度薪酬总额，进而可以计算两年的薪酬总额变化比例。请确认是否继续执行。

>>>>> 查询sql:
SELECT SUM(TotalYearPay) AS TotalPay2020
FROM astockoperationsdb.lc_rewardstat
WHERE CompanyCode = 3710
AND YEAR(EndDate) = 2020;
查询结果:
[{"TotalPay2020": 7043500.0}]


>>>>> 【user】 Said:
查询SQL:
SELECT SUM(TotalYearPay) AS TotalPay2020
FROM astockoperationsdb.lc_rewardstat
WHERE CompanyCode = 3710
AND YEAR(EndDate) = 2020;
查询结果:
[{"TotalPay2020": 7043500.0}]

请理解查询结果

>>>>> Agent【Sql_query.understand_query_result】 Said:
查询结果表明: 公司代码为3710的公司在2020年的报酬总额为7043500.0元。


>>>>> 【user】 Said:
查询SQL:
SELECT SUM(TotalYearPay) AS TotalPay2020
FROM astockoperationsdb.lc_rewardstat
WHERE CompanyCode = 3710
AND YEAR(EndDate) = 2020;
查询结果:
[{"TotalPay2020": 7043500.0}]

查询结果表明: 公司代码为3710的公司在2020年的报酬总额为7043500.0元。

请检查筛选条件是否存在问题，比如时间日期字段没有用DATE()或YEAR()格式化？当然，如果没问题，那么就根据结果考虑下一步；那么当前掌握的信息是否能够回答"横店东磁在2019年的高管年度薪酬总额是多少？在2020年的高管年度薪酬总额是多少？这两年的薪酬总额变化比例是多少（四舍五入保留到小数点两位）？"？还是要继续执行下一阶段SQL查询？

>>>>> Agent【Sql_query.master】 Said:
【已知信息】
- 横店东磁在2019年的高管年度薪酬总额为6819100.0元。
- 横店东磁在2020年的高管年度薪酬总额为7043500.0元。

【当前阶段要获取的信息】
- 计算这两年的薪酬总额变化比例。

【信息所在字段】
- 无需进一步查询字段，使用已知数据进行计算。

【筛选条件所在字段】
- 无需进一步筛选条件。

【SQL语句的思路】
- 使用已知数据进行计算：变化比例 = (2020年薪酬总额 - 2019年薪酬总额) / 2019年薪酬总额 * 100%。
- 结果四舍五入保留到小数点两位。

【执行SQL语句】
计算两年的薪酬总额变化比例。

```exec_sql
SELECT ROUND((7043500.0 - 6819100.0) / 6819100.0 * 100, 2) AS ChangePercentage;
```

【上述SQL语句的含义】
- 计算2020年与2019年薪酬总额的差值。
- 将差值除以2019年薪酬总额，再乘以100得到百分比。
- 使用`ROUND`函数将结果四舍五入保留到小数点两位，并将其命名为`ChangePercentage`。

执行此查询后，我们将获得两年的薪酬总额变化比例。请确认是否继续执行。

>>>>> 查询sql:
SELECT ROUND((7043500.0 - 6819100.0) / 6819100.0 * 100, 2) AS ChangePercentage;
查询结果:
[{"ChangePercentage": 3.29}]


>>>>> 【user】 Said:
查询SQL:
SELECT ROUND((7043500.0 - 6819100.0) / 6819100.0 * 100, 2) AS ChangePercentage;
查询结果:
[{"ChangePercentage": 3.29}]

请理解查询结果

>>>>> Agent【Sql_query.understand_query_result】 Said:
查询结果表明: 计算结果显示，7043500.0与6819100.0之间的变化百分比为3.29%。具体计算过程是将7043500.0减去6819100.0得到差值224400.0，然后将该差值除以6819100.0得到0.0329，最后将结果乘以100并四舍五入保留两位小数，得到变化百分比3.29%。字段名为ChangePercentage。


>>>>> 【user】 Said:
查询SQL:
SELECT ROUND((7043500.0 - 6819100.0) / 6819100.0 * 100, 2) AS ChangePercentage;
查询结果:
[{"ChangePercentage": 3.29}]

查询结果表明: 计算结果显示，7043500.0与6819100.0之间的变化百分比为3.29%。具体计算过程是将7043500.0减去6819100.0得到差值224400.0，然后将该差值除以6819100.0得到0.0329，最后将结果乘以100并四舍五入保留两位小数，得到变化百分比3.29%。字段名为ChangePercentage。

请检查筛选条件是否存在问题，比如时间日期字段没有用DATE()或YEAR()格式化？当然，如果没问题，那么就根据结果考虑下一步；那么当前掌握的信息是否能够回答"横店东磁在2019年的高管年度薪酬总额是多少？在2020年的高管年度薪酬总额是多少？这两年的薪酬总额变化比例是多少（四舍五入保留到小数点两位）？"？还是要继续执行下一阶段SQL查询？

>>>>> Agent【Sql_query.master】 Said:
【已知信息】
- 横店东磁在2019年的高管年度薪酬总额为6819100.0元。
- 横店东磁在2020年的高管年度薪酬总额为7043500.0元。
- 这两年的薪酬总额变化比例为3.29%。

【当前阶段要获取的信息】
- 无需进一步查询，当前信息已足够回答问题。

【信息所在字段】
- 无需进一步查询字段。

【筛选条件所在字段】
- 无需进一步筛选条件。

【SQL语句的思路】
- 无需进一步执行SQL查询。

【执行SQL语句】
- 无

【上述SQL语句的含义】
- 无

### 总结回答
横店东磁在2019年的高管年度薪酬总额为6819100.0元，在2020年的高管年度薪酬总额为7043500.0元。这两年的薪酬总额变化比例为3.29%（四舍五入保留到小数点两位）。

当前掌握的信息已能够完全回答问题，无需继续执行下一阶段SQL查询。


>>>>> 【user】 Said:
充分尊重前面给出的结论，回答问题:"横店东磁在2019年的高管年度薪酬总额是多少？在2020年的高管年度薪酬总额是多少？这两年的薪酬总额变化比例是多少（四舍五入保留到小数点两位）？"

>>>>> Agent【Sql_query.summary】 Said:
2019年高管年度薪酬总额: 6819100.0元
2020年高管年度薪酬总额: 7043500.0元
薪酬总额变化比例: 3.29%
