
>>>>> Original Question: 2021年末，该一级行业中有几个股票？


>>>>> 【user】 Said:
提取下面这段文字里的实体，如公司名、股票代码等，如果识别结果是空，那么就回复No Entities."2021年末，该一级行业中有几个股票？"

>>>>> Agent【extract_company】 Said:
No Entities


>>>>> 【user】 Said:
下面是顺序的历史问答:
'''
Question: 2021年末，按新版申万行业分类，现在韵达股份属于什么申万一级行业？
Answer: 轻工制造
'''
现在用户继续提问，请根据已知信息，理解当前这个问题的完整含义，并重写这个问题使得单独拿出来看仍然能够正确理解：2021年末，该一级行业中有几个股票？

>>>>> Agent【rewrite_question】 Said:
2021年末，按新版申万行业分类，韵达股份所属的轻工制造一级行业中有几个股票？

>>>>> 已知事实:
韵达股份的关联信息有:[所在数据表是constantdb.secumain;InnerCode(证券内部编码)是4990;CompanyCode(公司代码)是4090;ChiName(中文名称)是韵达控股股份有限公司;EngName(英文名称)是Yunda Holding Co.,Ltd.;SecuCode(证券代码)是002120;]

>>>>> 【user】 Said:
请选择db，务必遵循输出的格式要求。

>>>>> Agent【Check_db_structure.db_selector】 Said:
【分析】
用户需要查询2021年末按新版申万行业分类，韵达股份所属的轻工制造一级行业中的股票数量。这涉及到行业分类和股票数量的信息。

1. **行业分类信息**：需要确定韵达股份在2021年末所属的行业分类，这可以通过查询“上市公司行业板块”数据库（astockindustrydb）获取。
2. **股票数量信息**：在确定了行业分类后，需要统计该行业分类下的股票数量，这也可以通过“上市公司行业板块”数据库（astockindustrydb）获取。

【选中的数据库】
- astockindustrydb: 这个数据库记录了A股上市公司在行业划分、行业变更、估值指标、财务指标及概念板块等多个方面的信息，可以用来确定韵达股份的行业分类并统计该分类下的股票数量。

【选中的数据库的清单】
```json
["astockindustrydb"]
```


>>>>> 【user】 Said:
数据库表信息如下:
[{"表名": "astockindustrydb.lc_exgindustry", "说明": "该数据表包含与公司及行业相关的信息，主要字段包括公司标识信息如公司代码，信息动态如发布日期和来源，行业分类信息如行业划分标准、所属行业及是否执行，并提供多层级行业分类数据，包括一级至四级行业的代码和名称，以及取消日期等补充信息。"}, {"表名": "astockindustrydb.lc_exgindchange", "说明": "该数据表主要用于记录公司相关的行业信息和执行状态，字段包括公司基础信息如公司代码，公司动态信息如信息发布日期和信息来源，行业分类信息如行业划分标准、所属行业，以及多级行业信息包括一级到四级的行业代码和名称。此外，还包含执行状态相关字段如是否执行和取消日期。"}, {"表名": "astockindustrydb.lc_industryvaluation", "说明": "该数据表主要用于记录行业相关的统计信息和财务指标，包含以下字段：基础信息如行业内部编码、行业名称、行业代码、行业分类标准等；时间信息如交易日；统计维度如统计类型和统计板块；行业市值信息如总市值、A股流通市值、A股自由流通市值等；估值指标如滚动市盈率、静态市盈率、市净率、滚动股息率、滚动市现率、静态市现率、滚动市销率、静态市销率等；其他信息如上市证券数量和分类等，全面反映行业的市场表现和财务状况。"}, {"表名": "astockindustrydb.lc_indfinindicators", "说明": "该数据表主要用于描述行业相关的统计和财务信息，字段涵盖多个方面：基础信息如行业内部编码、名称、级别、代码及划分标准等；时间信息包括信息发布日期和截止日期；统计指标如统计类型和板块；财务数据包括行业营业收入、营业成本、营业利润、净利润及归属母公司净利润等，均提供TTM（滚动12个月）和累计值；资产与股本信息如总资产、净资产、总股本等；盈利能力指标包括每股收益、净资产收益率（平均、摊薄、TTM及扣除值）、总资产净利率、销售毛利率、销售净利率等；费用相关指标如财务费用率、销售费用率、期间费用率及营业总成本占比；运营效率指标包括存货周转率及天数、应收账款周转率及天数、总资产周转率等；现金流与偿债能力指标如经营现金流利息保障倍数、流动比率、速动比率、利息保障倍数等；增长性指标如归属母公司净利润同比增长、毛利润同比增长等；其他指标如资产负债率、有形资产净值占比、对外投资占比、预收账款占营业收入比、应收账款占营业收入比等，全面反映行业的财务状况、盈利能力、运营效率及偿债能力。"}, {"表名": "astockindustrydb.lc_coconcept", "说明": "该数据表主要用于记录证券相关概念及状态信息，包括证券内部编码和概念代码等基础标识信息，调入日期与调出日期等时间维度信息，所属状态及备注等描述性信息，以及信息发布日期等数据更新信息。"}, {"表名": "astockindustrydb.lc_conceptlist", "说明": "该数据表包含与概念分类相关的信息，包括一级和二级概念的代码和名称，以及概念板块的编码和名称。此外，还包括概念的时间信息如起始日期、结束日期和信息发布日期，状态信息如所属状态，以及补充信息如备注和概念英文名称。"}]

请选择table，务必遵循输出的格式要求。

>>>>> Agent【Check_db_structure.table_selector】 Said:
【分析】
要确定2021年末韵达股份所属的轻工制造一级行业中有多少个股票，我们需要以下信息：
1. 韵达股份的行业分类信息。
2. 2021年末轻工制造一级行业中的所有股票数量。

首先，我们需要从`astockindustrydb.lc_exgindustry`表中获取韵达股份的行业分类信息，特别是其所属的一级行业。然后，我们需要统计2021年末属于该一级行业的所有股票数量。

【选中的数据表】
- astockindustrydb.lc_exgindustry: 这个数据表包含公司及行业相关的信息，包括行业分类数据，可以用来确定韵达股份所属的一级行业。
- astockindustrydb.lc_industryvaluation: 这个数据表包含行业相关的统计信息，可以用来统计2021年末轻工制造一级行业中的股票数量。

【选中的数据库表的清单】
```json
["astockindustrydb.lc_exgindustry", "astockindustrydb.lc_industryvaluation"]
```


>>>>> 【user】 Said:
已取得可用的数据表的字段信息如下:
[{"表名": "astockindustrydb.lc_exgindustry", "表字段": [{"column": "CompanyCode", "desc": "公司代码；，得到上市公司的交易代码、简称等。"}, {"column": "InfoPublDate", "desc": "信息发布日期"}, {"column": "InfoSource", "desc": "信息来源"}, {"column": "Standard", "desc": "行业划分标准；，令“LB=1081”，得到行业划分的具体标准：1-CSRC行业分类2001版(不更新)，3-中信行业分类2010版(不更新)，5-上交所行业分类(不更新)，6-聚源行业分类(旧)(不更新)，7-SSE-GICS行业分类(不更新)，8-聚源行业分类(不更新)，9-申万行业分类2011版(不更新)，11-中银(BOCI)行业分类(不更新)，12-中证指数行业分类2007版(不更新)，13-中信标普GICS行业分类(不更新)，18-证监会行业分类(中证)(不更新)，19-银华自定义行业分类(不更新)，20-国证行业分类，21-新聚源行业分类(不更新)，22-证监会行业分类2012版，23-证监会行业分类2012版(中证披露)，24-申万行业分类2014版(不更新)，28-中证指数行业分类2016版(不更新)，30-聚源行业分类2016版，32-国民经济行业分类(2017)，37-中信行业2019分类，38-申万行业分类(新)，40-中证指数行业分类(2021版)，42-AMAC行业分类，44-中国上市公司协会行业分类。"}, {"column": "Industry", "desc": "所属行业；；，“LB=1082”；，“LB=1460”；，“LB=1294”；，“LB=1465”；，“LB=1804”；；，“LB=1477”；，“LB=1478”；，“LB=1753”；，“LB=1755”；，“LB=1755”；，“LB=1984”。"}, {"column": "IfPerformed", "desc": "是否执行；是否执行（IfPerformed），该字段固定以下常量：1-是；2-否"}, {"column": "CancelDate", "desc": "取消日期"}, {"column": "FirstIndustryCode", "desc": "对应一级行业代码"}, {"column": "FirstIndustryName", "desc": "对应一级行业名称"}, {"column": "SecondIndustryCode", "desc": "对应二级行业代码"}, {"column": "SecondIndustryName", "desc": "对应二级行业名称"}, {"column": "ThirdIndustryCode", "desc": "对应三级行业代码"}, {"column": "ThirdIndustryName", "desc": "对应三级行业名称"}, {"column": "FourthIndustryCode", "desc": "四级行业代码"}, {"column": "FourthIndustryName", "desc": "四级行业名称"}]}, {"表名": "astockindustrydb.lc_industryvaluation", "表字段": [{"column": "IndustryNum", "desc": "行业内部编码"}, {"column": "TradingDay", "desc": "交易日"}, {"column": "StatType", "desc": "统计类型；统计类型(StatType)，该字段固定以下常量：2-整体法不剔除负值"}, {"column": "SectorCode", "desc": "统计板块；统计板块(SectorCode)，该字段固定以下常量：5-沪、深及北交所市场"}, {"column": "Standard", "desc": "行业分类标准；，令LB = 1081 AND DM IN (24,41)，得到行业分类标准的具体描述：24-申万行业分类2014版，41-申万行业分类2021版。"}, {"column": "IndustryCode", "desc": "行业代码；，“LB=1804”，得到行业名称；，“Standard=41”，得到行业名称"}, {"column": "TotalMV", "desc": "总市值(元)"}, {"column": "NegotiableMV", "desc": "A股流通市值(元)"}, {"column": "FreeFloatMV", "desc": "A股自由流通市值(元)"}, {"column": "PE_TTM", "desc": "滚动市盈率1"}, {"column": "PE_LYR", "desc": "静态市盈率(LYR)"}, {"column": "PB_LF", "desc": "市净率(LF)"}, {"column": "DividendRatio", "desc": "滚动股息率(%)"}, {"column": "PCF_TTM", "desc": "滚动市现率"}, {"column": "PCF_LYR", "desc": "静态市现率(LYR)"}, {"column": "PS_TTM", "desc": "滚动市销率1"}, {"column": "PS_LYR", "desc": "静态市销率(LYR)"}, {"column": "IndustryName", "desc": "No description available"}, {"column": "Classification", "desc": "No description available"}, {"column": "ListedSecuNum", "desc": "No description available"}]}]

请选择column，务必遵循输出的格式要求。

>>>>> Agent【Check_db_structure.columns_selector】 Said:
【分析】
用户提问要求查询2021年末，按新版申万行业分类，韵达股份所属的轻工制造一级行业中有多少个股票。首先需要确定韵达股份在2021年末所属的行业，然后统计该行业中的股票数量。

【信息所在字段】
- astockindustrydb.lc_exgindustry.CompanyCode: 这个字段可能包含公司代码信息，对应用户提问中的韵达股份。
- astockindustrydb.lc_exgindustry.InfoPublDate: 这个字段可能包含信息发布日期，用于确定2021年末的行业分类信息。
- astockindustrydb.lc_exgindustry.Standard: 这个字段可能包含行业划分标准，用于选择新版申万行业分类。
- astockindustrydb.lc_exgindustry.FirstIndustryName: 这个字段可能包含一级行业名称，对应用户提问中的轻工制造。
- astockindustrydb.lc_industryvaluation.ListedSecuNum: 这个字段可能包含行业内的股票数量，对应用户提问中的股票数量。

【筛选条件所在字段】
- astockindustrydb.lc_exgindustry.CompanyCode: 这个字段用于筛选韵达股份。
- astockindustrydb.lc_exgindustry.InfoPublDate: 这个字段用于筛选2021年末的行业分类信息。
- astockindustrydb.lc_exgindustry.Standard: 这个字段用于筛选新版申万行业分类。
- astockindustrydb.lc_exgindustry.FirstIndustryName: 这个字段用于筛选轻工制造一级行业。

【选中的字段的清单】
```json
{
  "astockindustrydb.lc_exgindustry": ["CompanyCode", "InfoPublDate", "Standard", "FirstIndustryName"],
  "astockindustrydb.lc_industryvaluation": ["ListedSecuNum"]
}
```


>>>>> 【user】 Said:
之前已查询到信息如下:
查询结果表明: 根据astockindustrydb.lc_exgindustry表中的数据，对于公司代码为4090的上市公司，在行业划分标准为38（申万行业分类(新)）的情况下，截至2021年12月31日，其对应的一级行业名称为“轻工制造”。由于使用了LIMIT 1，结果仅返回了第一条符合条件的记录。

请问:2021年末，按新版申万行业分类，韵达股份所属的轻工制造一级行业中有几个股票？

>>>>> Agent【Sql_query.master】 Said:
【已知信息】
- 韵达股份的公司代码为4090
- 2021年末，韵达股份按新版申万行业分类属于“轻工制造”一级行业
- 新版申万行业分类对应的行业划分标准为38

【当前阶段要获取的信息】
- 2021年末，按新版申万行业分类，韵达股份所属的“轻工制造”一级行业中有多少个股票

【信息所在字段】
- `ListedSecuNum`（上市证券数量）

【筛选条件所在字段】
- `FirstIndustryName`（一级行业名称）
- `Standard`（行业划分标准）
- `InfoPublDate`（信息发布日期）

【SQL语句的思路】
1. 从`astockindustrydb.lc_exgindustry`表中筛选出行业划分标准为38的记录
2. 进一步筛选出一级行业名称为“轻工制造”的记录
3. 确保信息发布日期在2021年12月31日之前
4. 计算符合条件的记录数量

【执行SQL语句】
```exec_sql
SELECT COUNT(DISTINCT CompanyCode) AS ListedSecuNum
FROM astockindustrydb.lc_exgindustry
WHERE Standard = 38
AND FirstIndustryName = '轻工制造'
AND DATE(InfoPublDate) <= '2021-12-31';
```

【上述SQL语句的含义】
- `SELECT COUNT(DISTINCT CompanyCode) AS ListedSecuNum`：统计不同公司代码的数量，即上市证券的数量
- `FROM astockindustrydb.lc_exgindustry`：从`lc_exgindustry`表中选择数据
- `WHERE Standard = 38`：筛选行业划分标准为38的记录
- `AND FirstIndustryName = '轻工制造'`：筛选一级行业名称为“轻工制造”的记录
- `AND DATE(InfoPublDate) <= '2021-12-31'`：确保信息发布日期在2021年12月31日之前

>>>>> 查询sql:
SELECT COUNT(DISTINCT CompanyCode) AS ListedSecuNum
FROM astockindustrydb.lc_exgindustry
WHERE Standard = 38
AND FirstIndustryName = '轻工制造'
AND DATE(InfoPublDate) <= '2021-12-31';
查询结果:
[{"ListedSecuNum": 231}]


>>>>> 【user】 Said:
查询SQL:
SELECT COUNT(DISTINCT CompanyCode) AS ListedSecuNum
FROM astockindustrydb.lc_exgindustry
WHERE Standard = 38
AND FirstIndustryName = '轻工制造'
AND DATE(InfoPublDate) <= '2021-12-31';
查询结果:
[{"ListedSecuNum": 231}]

请理解查询结果

>>>>> Agent【Sql_query.understand_query_result】 Said:
查询结果表明: 在行业划分标准为申万行业分类(新)（Standard=38）的情况下，截至2021年12月31日，属于轻工制造（FirstIndustryName='轻工制造'）行业的上市公司共有231家（ListedSecuNum=231）。


>>>>> 【user】 Said:
查询SQL:
SELECT COUNT(DISTINCT CompanyCode) AS ListedSecuNum
FROM astockindustrydb.lc_exgindustry
WHERE Standard = 38
AND FirstIndustryName = '轻工制造'
AND DATE(InfoPublDate) <= '2021-12-31';
查询结果:
[{"ListedSecuNum": 231}]

查询结果表明: 在行业划分标准为申万行业分类(新)（Standard=38）的情况下，截至2021年12月31日，属于轻工制造（FirstIndustryName='轻工制造'）行业的上市公司共有231家（ListedSecuNum=231）。

当前掌握的信息是否能够回答"2021年末，按新版申万行业分类，韵达股份所属的轻工制造一级行业中有几个股票？"？还是要继续执行下一阶段SQL查询？

>>>>> Agent【Sql_query.master】 Said:
【已知信息】
- 韵达股份的公司代码为4090
- 2021年末，韵达股份按新版申万行业分类属于“轻工制造”一级行业
- 新版申万行业分类对应的行业划分标准为38
- 在行业划分标准为申万行业分类(新)（Standard=38）的情况下，截至2021年12月31日，属于轻工制造（FirstIndustryName='轻工制造'）行业的上市公司共有231家

【当前阶段要获取的信息】
- 无需继续执行SQL查询，当前掌握的信息已能够回答问题

【信息所在字段】
- 无

【筛选条件所在字段】
- 无

【SQL语句的思路】
- 无需继续执行SQL查询

【执行SQL语句】
```exec_sql
无
```

【上述SQL语句的含义】
- 无需继续执行SQL查询，当前掌握的信息已足够回答问题

**结论**：
当前掌握的信息已能够回答“2021年末，按新版申万行业分类，韵达股份所属的轻工制造一级行业中有几个股票？”的问题。根据查询结果，截至2021年12月31日，属于轻工制造行业的上市公司共有231家。因此，韵达股份所属的轻工制造一级行业中有231个股票。


>>>>> 【user】 Said:
充分尊重前面给出的结论，回答问题:"2021年末，按新版申万行业分类，韵达股份所属的轻工制造一级行业中有几个股票？"

>>>>> Agent【Sql_query.summary】 Said:
231个股票
