
>>>>> Original Question: 济川药业在2021年12月31日的股东总户数是多少？其中A股股东户均持股数是多少股？


>>>>> 【user】 Said:
已知事实:无。
历史问答:无。
现在用户继续提问，请根据已知信息，理解当前这个问题的完整含义，并重写这个问题使得单独拿出来看仍然能够正确理解：济川药业在2021年12月31日的股东总户数是多少？其中A股股东户均持股数是多少股？

>>>>> Agent【rewrite_question】 Said:
请问济川药业在2021年12月31日的股东总户数是多少？同时，请问该日期下A股股东的户均持股数是多少股？


>>>>> 【user】 Said:
提取下面这段文字里的实体，如公司名、股票代码等，如果识别结果是空，那么就回复No Entities."请问济川药业在2021年12月31日的股东总户数是多少？同时，请问该日期下A股股东的户均持股数是多少股？"

>>>>> Agent【extract_company】 Said:
```json
["济川药业"]
```

>>>>> 查询sql:
SELECT 'constantdb.secumain' AS TableName, InnerCode, CompanyCode, ChiName, EngName, SecuCode
FROM constantdb.secumain 
WHERE SecuCode = '济川药业'
   OR ChiName LIKE '%济川药业%'
   OR ChiNameAbbr LIKE '%济川药业%'
   OR EngName LIKE '%济川药业%'
   OR EngNameAbbr LIKE '%济川药业%'
   OR SecuAbbr LIKE '%济川药业%'
UNION ALL
SELECT 'constantdb.hk_secumain' AS TableName, InnerCode, CompanyCode, ChiName, EngName, SecuCode
FROM constantdb.hk_secumain 
WHERE SecuCode = '%济川药业%'
   OR ChiName LIKE '%济川药业%'
   OR ChiNameAbbr LIKE '%济川药业%'
   OR EngName LIKE '%济川药业%'
   OR EngNameAbbr LIKE '%济川药业%'
   OR SecuAbbr LIKE '%济川药业%'
   OR FormerName LIKE '%济川药业%'
UNION ALL
SELECT 'constantdb.us_secumain' AS TableName, InnerCode, CompanyCode, ChiName, EngName, SecuCode
FROM constantdb.us_secumain 
WHERE SecuCode = '济川药业'
   OR ChiName LIKE '%济川药业%'
   OR EngName LIKE '%济川药业%'
   OR SecuAbbr LIKE '%济川药业%';
查询结果:
[{"TableName": "constantdb.secumain", "InnerCode": 1747, "CompanyCode": 1500, "ChiName": "湖北济川药业股份有限公司", "EngName": "Hubei Jumpcan Pharmaceutical Co., Ltd.", "SecuCode": "600566"}]

>>>>> 已知事实:
济川药业的关联信息有:[所在数据表是constantdb.secumain;InnerCode(证券内部编码)是1747;CompanyCode(公司代码)是1500;ChiName(中文名称)是湖北济川药业股份有限公司;EngName(英文名称)是Hubei Jumpcan Pharmaceutical Co., Ltd.;SecuCode(证券代码)是600566;]

>>>>> 【user】 Said:
请选择db，务必遵循输出的格式要求。

>>>>> Agent【Check_db_structure.db_selector】 Said:
【分析】
用户需要查询济川药业在2021年12月31日的股东总户数和A股股东的户均持股数。这涉及到股东信息和持股数据，因此需要选择包含股东信息和股本结构的数据库名。

【选中的数据库】
- astockshareholderdb: 这个数据库记录了上市公司股东、股本及公司治理相关的详细信息，涵盖了股东分类、持股情况、股东大会出席信息、股本结构变动等多方面数据，可以用来查询股东总户数和户均持股数。

【选中的数据库的清单】
```json
["astockshareholderdb"]
```


>>>>> 【user】 Said:
数据库表信息如下:
[{"表名": "astockshareholderdb.lc_shtypeclassifi", "说明": "该数据表主要用于记录股东及其分类信息，包含股东的唯一标识信息如股东代码和股东编码，股东名称及其所属性质等基本信息，同时提供多级分类结构，涵盖分类标准及一级至四级分类代码，便于对股东进行分层管理和分析。"}, {"表名": "astockshareholderdb.lc_mainshlistnew", "说明": "该数据表主要记录了股东及其持股情况的详细信息，包括公司代码、日期、信息发布日期和来源等基本信息。股东相关信息涵盖股东排名、序号、名称、性质、类别及其编码等。持股信息详细列出了持股总数、持股比例、持股增减情况，以及持有不同类型股票（如A股、B股、H股、普通股及其他类别）的数量和比例。此外，还包括股东性质描述、股权质押和冻结情况及其说明，股东之间的关联关系和一致行动人说明等。证券相关信息有证券代码、简称、所属券商编号及归属机构名称等。备注说明和其他字段提供了进一步的补充信息。"}, {"表名": "astockshareholderdb.lc_shnumber", "说明": "该数据表主要涵盖了公司股东信息的各类数据，包括公司代码、信息发布日期和信息来源等基本信息。股东数据详细记录了股东总户数及各类股东（如A股、B股、H股、CDR股东）的户数和户均持股数，提供了户均持股比例及其相对变化，季度和半年增长率等动态指标。此外，表中还细分了无限售条件股东的数据，包括无限售A股和CDR的户均持股数及比例变化等。通过这些数据，能够分析不同类型股东的持股分布及其变化趋势。"}, {"表名": "astockshareholderdb.lc_mshareholder", "说明": "该数据表主要用于记录公司股东相关信息及公司基本情况，包含以下几类字段信息：公司基本信息如公司代码、信息发布日期、信息来源等；股东相关信息如股东名称、股东地位、持股比例、股东性质、股东ID、国籍描述、永久境外居留权等；公司运营及财务信息如法人代表、注册资本、主要业务、经济性质、背景介绍等；其他信息如股权获取方式、实际控制人结构图、公告类别、报告原文文件格式、日期以及货币单位等，并提供是否存在的标识字段以便于数据筛选和分析。"}, {"表名": "astockshareholderdb.lc_actualcontroller", "说明": "该数据表主要用于记录公司实际控制人的相关信息，包括公司代码、信息发布日期和日期等基本信息；实际控制人的详细信息如代码、姓名、经济性质、国籍代码及描述、永久境外居留权状态，以及实际控制人所属性质等。"}, {"表名": "astockshareholderdb.lc_sharestru", "说明": "该数据表主要记录了公司股本结构及相关信息，包含以下几类字段：公司基本信息如公司代码(CompanyCode)、信息来源(InfoSource)、信息发布日期(InfoPublDate)；时间相关字段如日期(EndDate)；股本总量及变动情况如总股本(股)(TotalShares)、股本变动原因类别(ChangeType)、简称变更原因(ChangeReason)；股权分类及持股情况包括未流通股(NonListedShares)、流通股本(FloatShare)、有限售条件流通股(RestrictedShares)、无限售条件流通股(NonRestrictedShares)、A股(Ashares)、B股(Bshares)、H股(Hshares)、GDR代表基础股票(GDRshares)、外资持股(ForeignHolding)等，进一步细分为发起人股(PromoterShares)、国家股(StateShares)、法人股(DLegalPersonShares、FLegalPersonShares)、自然人股(NaturalPersonHoldLPShares)、职工股(StaffShares)、战略投资者配售持股(StategicInvestorShares)、基金配售持股(MutualFundShares)等；股本流通状态如已上市流通股(AFloatListed)、未上市增发股(AdditionIssueUnlisted)、配股未上市(RightsIssueUnlisted)等；其他股本信息如优先股(PreferredShares)、有限售H股(RestrictedHShares)、无限售H股(NonRestrictedHShares)、其他未流通股(OUnListedShares)；股本面值及货币单位如每股面值(PerValue)、每股面值货币单位(ParValueCurrencyUnit)。通过这些字段，能够全面反映公司股本的构成、流通及变动情况。"}, {"表名": "astockshareholderdb.lc_stockholdingst", "说明": "该数据表主要用于记录各类机构及股东对A股的持股情况及相关统计信息，包含以下几类字段：基础信息如证券内部编码、公司代码、统计日期等；持股数量信息，包括机构、公募基金、券商、私募基金、银行、外资等不同主体持有的无限售流通A股、总A股及其他类型A股的数量；持股比例信息，涵盖上述主体对不同类型A股的持股比例；持股户数信息，记录各类机构及股东的持股户数，包括流通A股户数、无限售流通A股户数等；前十大股东信息，如前十大股东持股数量及比例、无限售股东持股数据等；信息来源及日期字段，用于标注数据出处和时间。"}, {"表名": "astockshareholderdb.lc_sharetransfer", "说明": "该数据表主要记录股权转让的详细信息，涵盖了公司基本信息如公司代码、信息发布日期、信息来源等；股权转让的关键时间点如协议签署日、批准日期、正式变动日期等；转让方和受让方的相关信息，包括名称、经济性质、属性、编码等；股权转让前后的持股情况，如持股数量、持股比例、有限售股数、无限售股数等；交易相关信息如转让方式、涉及股数、交易价格、交易金额等；其他补充信息如生效条件、事项描述与进展、是否终止实施及公告日期等；以及序号、证券内部编码等标识信息。"}, {"表名": "astockshareholderdb.lc_sharefp", "说明": "该数据表记录了公司股权冻结质押的详细信息，包含公司代码、信息发布日期和来源等基本信息，以及涉及的股东和接受方的详细信息，如股东名称和ID、接受方名称和ID、股东和接受方的属性等。表中还包括冻结质押的具体细节，如涉及股数、占持股比例、占总股本比例、起始和结束日期、原因及事项编码和日期。此外，表格记录了无限售股数、有限售股数，以及初始信息发布日期、初始质押股数和预计解除日期等信息。"}, {"表名": "astockshareholderdb.lc_sharefpsta", "说明": "该数据表主要用于记录股权冻结质押的相关信息，包含以下字段：标识信息如冻结质押编号(FPCode)、公司代码(CompanyCode)和股东ID(SHID)；时间信息如截止日期(EndDate)；信息来源(InfoSource)；类别选择(Category)；股东信息如股权被冻结质押股东名称(FPSHName)及其属性(SHAttribute)；冻结质押相关统计数据如累计冻结质押股数(AccuFPShares)、累计占冻结质押方持股数比例(AccuPCTOfPled)、累计占总股本比例(AccuProportion)及其计算值(AccuProportionCalc)；其他辅助字段如AccuFPSharesCalc。"}, {"表名": "astockshareholderdb.lc_buyback", "说明": "该数据表记录了公司股份回购的详细信息，包括公司基本信息如公司代码，以及重要日期信息如首次信息发布日期、预案发布日期、股东大会通过日期、回购协议签署日、回购并注销股份公告书发布日、起始日期、结束日期、全称更改日期、回购资金划出日、工商变更登记日等。股份回购的具体情况涵盖股份类别、股份被回购方、回购股数及占总股本比例、回购定价方式说明、回购价格及回购总金额、回购数量及价格上下限、拟回购资金总额上下限等。支付方式、资金来源及用途说明、回购目的、事件进程及描述、回购方式代码及描述等信息也被详细记录。此外，还包括待偿期限指数、未描述的字段如回购目的、货币单位及被否决日期等。"}, {"表名": "astockshareholderdb.lc_buybackattach", "说明": "该数据表记录了有关股份回购的信息，包含回购的唯一标识（股份回购ID）及其相关的日期信息，如信息发布日期和生效日期。涉及财务数据的字段包括货币单位、最高价、最低价、本次回购资金及累计回购资金总额。此外，表中还记录了与回购数量相关的数据，如回购股数、累计回购数量及其占总股本的比例。通过这些字段，能够全面了解某次股份回购的基本信息和财务影响。"}, {"表名": "astockshareholderdb.lc_legaldistribution", "说明": "该数据表记录了证券配售的详细信息，涵盖了多方面的内容：基础信息如证券内部编码、证券代码、信息发布日期及首次发布日期等；配售相关信息包括配售总股数、配售原因、配售性质、获配股数（有锁定期和无锁定期分别记录）、获配金额、实际发行价、有效申购股数、退款金额、补款金额等；投资者信息包括投资者名称（标准化和原始）、投资者编号、投资者类型、投资者分类等，以及获配企业的名称、性质和所属券商的编号及名称；战略配售的详细记录如高管、员工、保荐机构及其他参与战略配售的股份数量、金额和占比等；此外，还包括流通日期、持股时间等时间维度信息，以及备注说明和配售对象代码等辅助字段。整体涵盖了证券配售的全流程信息，便于分析和统计。"}, {"表名": "astockshareholderdb.lc_nationalstockholdst", "说明": "该数据表主要用于记录股东持股相关信息，包含以下字段类别：基础信息如内部编码、公司代码、股东ID、股东名称；时间信息如截止日期；持股数据如持有A股总数、有限售A股数、无限售A股数；比例数据如占总股本比例、占流通A股比例；变动信息如持有A股数量增减及其增减幅度。"}, {"表名": "astockshareholderdb.cs_foreignholdingst", "说明": "该数据表记录了证券相关的交易信息，包括证券内部编码用于标识证券，交易日期表示具体的交易时间，外资持股总数（单位为万股）和外资持股比例（百分比）则反映了外资在该证券中的持股情况。"}, {"表名": "astockshareholderdb.lc_esop", "说明": "该数据表主要用于记录资产管理计划相关信息，涵盖了基础标识信息如“内部编码、公司代码”等，公告日期信息如“首次信息发布日期、董事会公告日期、股东大会公告日期”等，计划进程与实施信息如“事件进程、是否分期实施、数据统计区间、首次实施公告日”等，股票与资金规模信息如“股票来源方式、股票规模上限与下限、资金总额上限与下限”等，计划细节信息如“麦考利久期、锁定期、释放期、资金来源、参与单位及人员、管理模式、管理机构、资产管理计划全称、分期情况、杠杆比例”等，价格与参与情况信息如“购买股票价格、参与人数、高管及员工的参与人数、认购份额与比例”等，时间节点信息如“持股的完成日、锁定的起始日”等，以及其他补充说明如“计划情况说明”等，全面涵盖计划的各个维度。"}, {"表名": "astockshareholderdb.lc_esopsummary", "说明": "该数据表主要用于记录证券相关事件的信息，包括证券内部编码和公司代码等基础标识信息；首次信息发布日期、董事会公告日期、股东大会公告日期等时间信息；事件进程和序号等事件状态信息；是否分期实施及分期情况等分期相关信息；股票规模和资金总额的上下限等规模和资金范围信息；以及备注说明等补充描述信息。"}, {"表名": "astockshareholderdb.lc_transferplan", "说明": "该数据表主要记录了公司股东承诺及增减持计划的相关信息，涵盖多个方面的字段：公司基本信息如“公司代码”；信息披露相关字段如“首次信息发布日期”“信息发布日期”“信息来源”；承诺主体与事项类型信息如“承诺主体类型”“承诺事项类型”；承诺时间范围及内容描述如“承诺起始日期”“承诺截止日期”“承诺说明”；股东信息如“股东序号”“股东名称”；增持计划相关字段包括“增持时间描述”“增持实施期限”“增持价格描述”“增持股票触发价格上下限”“增持股份数量上下限”“增持比例上下限”“增持投入资金上下限”等；减持计划相关字段包括“减持时间描述”“减持实施期限”“减持价格描述”“减持股票触发价格上下限”“减持股份数量上下限”“减持比例上下限”等；承诺有效性及不减持承诺期限如“承诺是否有效”“不减持承诺期限”；交易方式及相关描述如“交易方式”“交易方式描述”；事件进程信息如“事件进程”。这些字段全面记录了公司股东承诺及增减持行为的各类细节。"}, {"表名": "astockshareholderdb.lc_smattendinfo", "说明": "该数据表记录了公司股东大会相关的综合信息，涵盖多个维度。包括公司基本信息如公司代码；股东大会的时间安排，如首次信息发布日期、最新信息发布日期、公告日期、股东大会召开日及时间、股权登记日、会议登记起止日期、网络投票起止日期等；股东大会的地点和形式信息，如召开地址、会议类别、投票表决方式、网络投票通道及代码等；股东大会的参与情况统计，包括出席总体股东及代表人数、各类股东人数（如A股、H股、中小股东、优先股股东等）、出席股东代表股份及其占比（按不同股东类别区分）；股东大会的主持及法律见证信息，包括大会主持人及其职务、见证律师事务所及其编号、经办律师等；其他相关信息如议案内容、是否有效、股东大会取消日期、年度及届次等。通过这些字段，全面反映了股东大会的组织、参与及法律合规情况。"}]

请选择table，务必遵循输出的格式要求。

>>>>> Agent【Check_db_structure.table_selector】 Said:
【分析】
要查询济川药业在2021年12月31日的股东总户数和A股股东的户均持股数，需要找到记录股东户数和持股数的相关数据表。根据表名和说明，`astockshareholderdb.lc_shnumber` 表包含了股东总户数及各类股东的户数和户均持股数的信息，是最合适的选择。

【选中的数据表】
- astockshareholderdb.lc_shnumber: 这个数据表主要涵盖了公司股东信息的各类数据，包括公司代码、信息发布日期和信息来源等基本信息。股东数据详细记录了股东总户数及各类股东（如A股、B股、H股、CDR股东）的户数和户均持股数，提供了户均持股比例及其相对变化，季度和半年增长率等动态指标。

【选中的数据库表的清单】
```json
["astockshareholderdb.lc_shnumber"]
```


>>>>> 【user】 Said:
已取得可用的数据表的字段信息如下:
[{"表名": "astockshareholderdb.lc_shnumber", "表字段": [{"column": "CompanyCode", "desc": "公司代码；公司代码（CompanyCode）：与“证券主表（SecuMain）”中的“公司代码（CompanyCode）”关联，得到上市公司的交易代码、简称等。"}, {"column": "InfoPublDate", "desc": "信息发布日期"}, {"column": "InfoSource", "desc": "信息来源"}, {"column": "EndDate", "desc": "日期"}, {"column": "SHNum", "desc": "股东总户数(户)"}, {"column": "AverageHoldSum", "desc": "户均持股数(股/户)；户均持股数（AverageHoldSum）＝总股本/股东总户数"}, {"column": "ASHNum", "desc": "A股股东户数(户)"}, {"column": "AAverageHoldSum", "desc": "A股股东户均持股数(股/户)；A股股东户均持股数（AAverageHoldSum）＝A股股本/A股股东户数"}, {"column": "BSHNum", "desc": "B股股东户数(户)"}, {"column": "BAverageHoldSum", "desc": "B股股东户均持股数(股/户)"}, {"column": "HSHNum", "desc": "H股股东户数(户)"}, {"column": "StaffSHNum", "desc": "职工股户数(户)"}, {"column": "HoldProportionPAccount", "desc": "户均持股比例(%)"}, {"column": "ProportionChange", "desc": "相对上一期报告期户均持股比例变化(百分点)"}, {"column": "AvgHoldSumGRQuarter", "desc": "户均持股数季度增长率(%)"}, {"column": "ProportionGRQuarter", "desc": "户均持股比例季度增长率(%)"}, {"column": "AvgHoldSumGRHalfAYear", "desc": "户均持股数半年增长率(%)"}, {"column": "ProportionGRHalfAYear", "desc": "户均持股比例半年增长率(%)"}, {"column": "AHoldProportionPAccount", "desc": "A股户均持股比例(%)"}, {"column": "AProportionChange", "desc": "A股相对上一期报告期户均持股比例变化(百分点)"}, {"column": "AAvgHoldSumGRQuarter", "desc": "A股户均持股数季度增长率(%)"}, {"column": "AProportionGRQuarter", "desc": "A股户均持股比例季度增长率(%)"}, {"column": "AAvgHoldSumGRHalfAYear", "desc": "A股户均持股数半年增长率(%)"}, {"column": "AProportionGRHalfAYear", "desc": "A股户均持股比例半年增长率(%)"}, {"column": "AFAverageHoldSum", "desc": "无限售A股股东户均持股数(股/户)；无限售A股股东户均持股数（AFAverageHoldSum）＝无限售A股/A股股东户数"}, {"column": "AFHoldProportionPAccount", "desc": "无限售A股户均持股比例(%)"}, {"column": "AFProportionChange", "desc": "无限售A股相对上一期报告期户均持股比例变化(百分点"}, {"column": "AFAvgHoldSumGRQuarter", "desc": "无限售A股户均持股数季度增长率(%)"}, {"column": "AFProportionGRQuarter", "desc": "无限售A股户均持股比例季度增长率(%)"}, {"column": "AFAvgHoldSumGRHalfAYear", "desc": "无限售A股户均持股数半年增长率(%)"}, {"column": "AFProportionGRHalfAYear", "desc": "无限售A股户均持股比例半年增长率(%)"}, {"column": "BHoldProportionPAccount", "desc": "B股户均持股比例(%)"}, {"column": "BProportionChange", "desc": "B股相对上一期报告期户均持股比例变化(百分点)"}, {"column": "BAvgHoldSumGRQuarter", "desc": "B股户均持股数季度增长率(%)"}, {"column": "BProportionGRQuarter", "desc": "B股户均持股比例季度增长率(%)"}, {"column": "BAvgHoldSumGRHalfAYear", "desc": "B股户均持股数半年增长率(%)"}, {"column": "BProportionGRHalfAYear", "desc": "B股户均持股比例半年增长率(%)"}, {"column": "HHoldProportionPAccount", "desc": "H股户均持股比例(%)"}, {"column": "HProportionChange", "desc": "H股相对上一期报告期户均持股比例变化(百分点)"}, {"column": "HAvgHoldSumGRQuarter", "desc": "H股户均持股数季度增长率(%)"}, {"column": "HProportionGRQuarter", "desc": "H股户均持股比例季度增长率(%)"}, {"column": "HAvgHoldSumGRHalfAYear", "desc": "H股户均持股数半年增长率(%)"}, {"column": "HProportionGRHalfAYear", "desc": "H股户均持股比例半年增长率(%)"}, {"column": "AFHoldPropTA", "desc": "无限售A股/股东总户数 (股/户)"}, {"column": "CDRSHNum", "desc": "CDR股东户数(户)"}, {"column": "CDRAverageHoldSum", "desc": "CDR股东户均持股数(份/户)；无限售CDR股东户均持股数（份/户）（CDRFAverageHoldSum)=无限售CDR份数/CDR股东总户数"}, {"column": "CDRHoldPropPAccount", "desc": "CDR户均持股比例(%)"}, {"column": "CDRProportionChange", "desc": "CDR相对上一期报告期户均持股比例变化(%)"}, {"column": "CDRAvgHoldSumGRQtr", "desc": "CDR户均持股数季度增长率(%)"}, {"column": "CDRPropGRQuarter", "desc": "CDR户均持股比例季度增长率(%)"}, {"column": "CDRAvgHoldSumGRHalfAY", "desc": "CDR户均持股数半年增长率(%)"}, {"column": "CDRPropGRHalfAYear", "desc": "CDR股户均持股比例半年增长率(%)"}, {"column": "CDRFAverageHoldSum", "desc": "无限售CDR股东户均持股数(份/户)"}, {"column": "CDRFHoldPropPAccount", "desc": "无限售CDR户均持股比例(%)"}, {"column": "CDRFProportionChange", "desc": "无限售CDR相对上一期报告期户均持股比例变化(%)"}, {"column": "CDRFAvgHoldSumGRQtr", "desc": "无限售CDR户均持股数季度增长率(%)"}, {"column": "CDRFPropGRQuarter", "desc": "无限售CDR户均持股比例季度增长率(%)"}, {"column": "CDRFAvgHoldSumGRHalfAY", "desc": "无限售CDR户均持股数半年增长率(%)"}, {"column": "CDRFPropGRHalfAYear", "desc": "无限售CDR户均持股比例半年增长率(%)"}, {"column": "NumApproxiMark", "desc": "No description available"}]}]

请选择column，务必遵循输出的格式要求。

>>>>> Agent【Check_db_structure.columns_selector】 Said:
【分析】
用户询问的是济川药业在2021年12月31日的股东总户数和A股股东的户均持股数。需要找到包含这些信息的字段，并确保时间条件符合用户的要求。

【信息所在字段】
- astockshareholderdb.lc_shnumber.SHNum: 这个字段可能包含股东总户数信息，对应用户提问中的股东总户数
- astockshareholderdb.lc_shnumber.AAverageHoldSum: 这个字段可能包含A股股东户均持股数信息，对应用户提问中的A股股东的户均持股数

【筛选条件所在字段】
- astockshareholderdb.lc_shnumber.CompanyCode: 这个字段用于筛选特定公司的信息，对应用户提问中的济川药业
- astockshareholderdb.lc_shnumber.EndDate: 这个字段用于筛选特定日期的信息，对应用户提问中的2021年12月31日

【选中的字段的清单】
```json
{
  "astockshareholderdb.lc_shnumber": ["SHNum", "AAverageHoldSum", "CompanyCode", "EndDate"]
}
```


>>>>> 【user】 Said:
请问济川药业在2021年12月31日的股东总户数是多少？同时，请问该日期下A股股东的户均持股数是多少股？

>>>>> Agent【Sql_query.master】 Said:
【已知信息】
- 济川药业的关联信息：
  - 所在数据表：constantdb.secumain
  - InnerCode：1747
  - CompanyCode：1500
  - ChiName：湖北济川药业股份有限公司
  - EngName：Hubei Jumpcan Pharmaceutical Co., Ltd.
  - SecuCode：600566
- 目标日期：2021年12月31日
- 需要查询的信息：
  - 股东总户数
  - A股股东的户均持股数

【当前阶段要获取的信息】
- 2021年12月31日济川药业的股东总户数
- 2021年12月31日济川药业A股股东的户均持股数

【信息所在字段】
- 股东总户数：astockshareholderdb.lc_shnumber.SHNum
- A股股东户均持股数：astockshareholderdb.lc_shnumber.AAverageHoldSum

【筛选条件所在字段】
- 公司代码：astockshareholderdb.lc_shnumber.CompanyCode
- 日期：astockshareholderdb.lc_shnumber.EndDate

【SQL语句的思路】
- 从astockshareholderdb.lc_shnumber表中查询
- 筛选条件为CompanyCode等于1500且EndDate等于2021年12月31日
- 选择字段为SHNum和AAverageHoldSum

【执行SQL语句】
```exec_sql
SELECT SHNum, AAverageHoldSum
FROM astockshareholderdb.lc_shnumber
WHERE CompanyCode = 1500 AND DATE(EndDate) = '2021-12-31'
LIMIT 1;
```

【上述SQL语句的含义】
- 从`astockshareholderdb.lc_shnumber`表中获取济川药业（CompanyCode为1500）在2021年12月31日（EndDate）的股东总户数（SHNum）和A股股东户均持股数（AAverageHoldSum）。
- 使用`LIMIT 1`确保只获取一条记录，避免重复数据。

>>>>> 查询sql:
SELECT SHNum, AAverageHoldSum
FROM astockshareholderdb.lc_shnumber
WHERE CompanyCode = 1500 AND DATE(EndDate) = '2021-12-31'
LIMIT 1;
查询结果:
[{"SHNum": 55196, "AAverageHoldSum": 16093.07}]


>>>>> 【user】 Said:
查询SQL:
SELECT SHNum, AAverageHoldSum
FROM astockshareholderdb.lc_shnumber
WHERE CompanyCode = 1500 AND DATE(EndDate) = '2021-12-31'
LIMIT 1;
查询结果:
[{"SHNum": 55196, "AAverageHoldSum": 16093.07}]

请理解查询结果

>>>>> Agent【Sql_query.understand_query_result】 Said:
查询结果表明: 对于公司代码为1500的上市公司，在2021年12月31日的股东总户数为55196户，A股股东户均持股数为16093.07股/户。


>>>>> 【user】 Said:
查询SQL:
SELECT SHNum, AAverageHoldSum
FROM astockshareholderdb.lc_shnumber
WHERE CompanyCode = 1500 AND DATE(EndDate) = '2021-12-31'
LIMIT 1;
查询结果:
[{"SHNum": 55196, "AAverageHoldSum": 16093.07}]

查询结果表明: 对于公司代码为1500的上市公司，在2021年12月31日的股东总户数为55196户，A股股东户均持股数为16093.07股/户。

当前掌握的信息是否能够回答"请问济川药业在2021年12月31日的股东总户数是多少？同时，请问该日期下A股股东的户均持股数是多少股？"？还是要继续执行下一阶段SQL查询？

>>>>> Agent【Sql_query.master】 Said:
【已知信息】
- 济川药业的关联信息：
  - 所在数据表：constantdb.secumain
  - InnerCode：1747
  - CompanyCode：1500
  - ChiName：湖北济川药业股份有限公司
  - EngName：Hubei Jumpcan Pharmaceutical Co., Ltd.
  - SecuCode：600566
- 查询结果：
  - 2021年12月31日济川药业的股东总户数：55196户
  - 2021年12月31日济川药业A股股东的户均持股数：16093.07股/户

【当前阶段要获取的信息】
- 无

【信息所在字段】
- 无

【筛选条件所在字段】
- 无

【SQL语句的思路】
- 无

【执行SQL语句】
```exec_sql
无
```

【上述SQL语句的含义】
- 无

当前掌握的信息已经能够完全回答“请问济川药业在2021年12月31日的股东总户数是多少？同时，请问该日期下A股股东的户均持股数是多少股？”的问题。具体答案如下：
- 济川药业在2021年12月31日的股东总户数为55196户。
- 该日期下A股股东的户均持股数为16093.07股/户。

因此，无需继续执行下一阶段的SQL查询。


>>>>> 【user】 Said:
请回答问题:"请问济川药业在2021年12月31日的股东总户数是多少？同时，请问该日期下A股股东的户均持股数是多少股？"

>>>>> Agent【Sql_query.summary】 Said:
股东总户数: 55196户, A股户均持股数: 16093.07股
