
>>>>> Original Question: 比博时基金成立更早的基金公司(简称)有哪些？


>>>>> 【user】 Said:
已知事实:无。
下面是顺序的历史问答:
'''
Question: 博时基金公司成立于？用XXXX年XX月XX日回复我
Answer: 1998年7月13日
'''
现在用户继续提问，请根据已知信息，理解当前这个问题的完整含义，并重写这个问题使得单独拿出来看仍然能够正确理解：比博时基金成立更早的基金公司(简称)有哪些？

>>>>> Agent【rewrite_question】 Said:
比1998年7月13日成立的博时基金公司更早成立的基金公司（简称）有哪些？


>>>>> 【user】 Said:
提取下面这段文字里的实体，如公司名、股票代码等，如果识别结果是空，那么就回复No Entities."比1998年7月13日成立的博时基金公司更早成立的基金公司（简称）有哪些？"

>>>>> Agent【extract_company】 Said:
```json
["博时基金公司"]
```

>>>>> 查询sql:
SELECT 'constantdb.secumain' AS TableName, InnerCode, CompanyCode, ChiName, EngName, SecuCode
FROM constantdb.secumain 
WHERE SecuCode = '博时基金公司'
   OR ChiName LIKE '%博时基金公司%'
   OR ChiNameAbbr LIKE '%博时基金公司%'
   OR EngName LIKE '%博时基金公司%'
   OR EngNameAbbr LIKE '%博时基金公司%'
   OR SecuAbbr LIKE '%博时基金公司%'
UNION ALL
SELECT 'constantdb.hk_secumain' AS TableName, InnerCode, CompanyCode, ChiName, EngName, SecuCode
FROM constantdb.hk_secumain 
WHERE SecuCode = '%博时基金公司%'
   OR ChiName LIKE '%博时基金公司%'
   OR ChiNameAbbr LIKE '%博时基金公司%'
   OR EngName LIKE '%博时基金公司%'
   OR EngNameAbbr LIKE '%博时基金公司%'
   OR SecuAbbr LIKE '%博时基金公司%'
   OR FormerName LIKE '%博时基金公司%'
UNION ALL
SELECT 'constantdb.us_secumain' AS TableName, InnerCode, CompanyCode, ChiName, EngName, SecuCode
FROM constantdb.us_secumain 
WHERE SecuCode = '博时基金公司'
   OR ChiName LIKE '%博时基金公司%'
   OR EngName LIKE '%博时基金公司%'
   OR SecuAbbr LIKE '%博时基金公司%';
查询结果:
[]

>>>>> 已知事实:


>>>>> 【user】 Said:
请选择db，务必遵循输出的格式要求。

>>>>> Agent【Check_db_structure.db_selector】 Said:
【分析】
用户需要查询比1998年7月13日成立的博时基金公司更早成立的基金公司。这涉及到基金公司的成立日期信息。根据知识库，公募基金数据库（publicfunddb）记录了公募基金的基本信息，包括成立日期。因此，可以通过查询该数据库来获取比博时基金公司更早成立的基金公司信息。

【选中的数据库】
- publicfunddb: 这个数据库包含公募基金的基本信息，包括成立日期，可以用来查找比博时基金公司更早成立的基金公司。

【选中的数据库的清单】
```json
["publicfunddb"]
```


>>>>> 【user】 Said:
数据库表信息如下:
[{"表名": "publicfunddb.mf_fundarchives", "说明": "该数据表主要记录基金的基本信息、运作特性及相关规则。字段包括基金编码信息如基金内部编码、转型统一编码、基金代码及证券代码等；申购赎回相关信息如前后端申购代码、场内申购赎回场所及代码、最低认购申购金额及赎回份额限制等；基金特性描述如基金运作方式、性质、投资风格、类别及代码、投资方向、目标、范围等；收益与风险信息如业绩比较基准、风险收益特征、收益分配原则及场内外分配方式等；基金设立与存续信息如设立规模、设立日期、存续期起止、清算期等；货币基金特性如结转日及收益分配方式等；基金收益率表达及折算说明如A份额约定收益率表达式及备注、定期与不定期份额折算说明等；管理与托管信息如基金经理、管理人、托管人、保本担保机构及注册登记机构等；市场与类型特性如是否发起式基金、养老目标基金或FOF基金等；以及其他信息如最低持有份额及描述、巨额赎回认定比例、赎回款到账天数等。"}, {"表名": "publicfunddb.mf_fundprodname", "说明": "该数据表主要用于记录基金相关信息，包括基金的基础编码信息如基金内部编码和基金转型统一编码，信息属性如信息发布日期、信息来源、信息类别及披露名称，时间属性如生效日期和失效日期，以及状态标识如是否有效，辅助字段如拼音证券简称和备注，用于进一步描述或补充相关内容。"}, {"表名": "publicfunddb.mf_investadvisoroutline", "说明": "该数据表记录了基金管理公司相关信息，涵盖基本标识信息如基金公司代码、名称、简称等，法人信息如法人代表、总经理，以及公司成立日期、组织形式、注册资本等基本企业信息；地址信息包括注册地址、办公地址、联系地址及邮编；联系方式如电话、传真、邮箱、公司网址、客服热线等；还有联系人及其简历等人员信息；此外，还包括地域信息如所属地区，监管信息如注册登记代码、证监会标识码，以及存续截止日等内容。"}, {"表名": "publicfunddb.mf_dividend", "说明": "该数据表主要用于记录基金转型及分红相关信息，涵盖基金编码信息如基金转型统一编码和基金内部编码；日期信息如信息发布日期、分红实施公告日、截止日期、收益分配基准日、权益登记日、除息日、发放日、红利再投资日及其相关到账日和可赎回日；收益与分红信息如单位基金收益、单位基金未分配收益、派现比例（含税与税后）、派现金额合计、基准日基金可供分配利润、基准日应分配金额、本年单位累计分红、本年累计分红总额、本年累计分红次数、历史累计分红总额及次数；事件与方案信息如是否分红、方案变更说明、事件进程代码及事件进程；范围与来源信息如信息来源和发放范围，全面反映基金在分红及收益分配过程中的各类核心数据。"}]

请选择table，务必遵循输出的格式要求。

>>>>> Agent【Check_db_structure.table_selector】 Said:
【分析】
要找出比1998年7月13日成立的博时基金公司更早成立的基金公司简称，需要查询基金管理公司的成立日期，并筛选出成立日期早于1998年7月13日的公司。相关数据应包含基金公司的简称和成立日期。

【选中的数据表】
- publicfunddb.mf_investadvisoroutline: 这个数据表记录了基金管理公司的相关信息，包括公司简称和成立日期。

【选中的数据库表的清单】
```json
["publicfunddb.mf_investadvisoroutline"]
```


>>>>> 【user】 Said:
已取得可用的数据表的字段信息如下:
[{"表名": "publicfunddb.mf_investadvisoroutline", "表字段": [{"column": "InvestAdvisorCode", "desc": "基金公司代码；基金管理人编码(InvestAdvisorCode)：与机构基本资料(LC_InstiArchive)表的企业编号(CompanyCode)字段关联，可查询基金管理人中文名称、英文名称、组织机构代码等基本信息。"}, {"column": "InvestAdvisorName", "desc": "基金管理人名称"}, {"column": "InvestAdvisorAbbrName", "desc": "基金管理人简称"}, {"column": "LegalRepr", "desc": "法人代表"}, {"column": "GeneralManager", "desc": "总经理"}, {"column": "EstablishmentDate", "desc": "公司成立日期"}, {"column": "OrganizationForm", "desc": "组织形式；组织形式(OrganizationForm)与(CT_SystemConst)表中的DM字段关联，令LB = 1133 and DM in (100,150,159,160,210,310,900)，得到组织形式的具体描述：100-内资企业，150-有限责任公司，159-其他有限责任公司，160-股份有限公司，210-港澳台合资经营企业，310-中外合资经营企业，900-其他性质。"}, {"column": "RegCapital", "desc": "注册资本(元)"}, {"column": "RegAddr", "desc": "公司注册地址"}, {"column": "OfficeAddr", "desc": "公司办公地址"}, {"column": "ZipCode", "desc": "邮编"}, {"column": "Email", "desc": "邮箱"}, {"column": "ContactAddr", "desc": "公司联系地址"}, {"column": "Tel", "desc": "电话"}, {"column": "Fax", "desc": "传真"}, {"column": "WebSite", "desc": "公司网址"}, {"column": "LinkMan", "desc": "联系人"}, {"column": "Background", "desc": "简历"}, {"column": "Region", "desc": "所属地区；注1"}, {"column": "ServiceLine", "desc": "客服热线"}, {"column": "MaturityEndDate", "desc": "存续截止日"}, {"column": "TACode", "desc": "注册登记代码"}, {"column": "CSRCCode", "desc": "证监会标识码"}]}]

请选择column，务必遵循输出的格式要求。

>>>>> Agent【Check_db_structure.columns_selector】 Said:
【分析】
用户想要查询比1998年7月13日成立的博时基金公司更早成立的基金公司的简称。因此，需要找到基金公司的成立日期和简称字段，并筛选出成立日期早于1998年7月13日的基金公司。

【信息所在字段】
- publicfunddb.mf_investadvisoroutline.EstablishmentDate: 这个字段可能包含基金公司成立日期信息，对应用户提问中的“1998年7月13日”。
- publicfunddb.mf_investadvisoroutline.InvestAdvisorAbbrName: 这个字段可能包含基金公司简称信息，对应用户提问中的“基金公司（简称）”。

【筛选条件所在字段】
- publicfunddb.mf_investadvisoroutline.EstablishmentDate: 这个字段用于筛选成立日期早于1998年7月13日的基金公司。

【选中的字段的清单】
```json
{"publicfunddb.mf_investadvisoroutline": ["EstablishmentDate", "InvestAdvisorAbbrName"]}
```


>>>>> 【user】 Said:
之前已查询到信息如下:
查询结果表明: 查询结果显示，名称中包含“博时基金”的基金管理人其公司成立日期为1998年7月13日。具体字段名为EstablishmentDate。

请问:比1998年7月13日成立的博时基金公司更早成立的基金公司（简称）有哪些？

>>>>> Agent【Sql_query.master】 Said:
【已知信息】
- 博时基金公司成立于1998年7月13日。
- 相关表名为`publicfunddb.mf_investadvisoroutline`。
- 相关字段为`EstablishmentDate`（公司成立日期）和`InvestAdvisorAbbrName`（基金管理人简称）。

【当前阶段要获取的信息】
- 比1998年7月13日成立的博时基金公司更早成立的基金公司简称。

【信息所在字段】
- `InvestAdvisorAbbrName`

【筛选条件所在字段】
- `EstablishmentDate`

【SQL语句的思路】
- 从`publicfunddb.mf_investadvisoroutline`表中筛选出`EstablishmentDate`早于1998年7月13日的记录，并获取这些记录的`InvestAdvisorAbbrName`。

【执行SQL语句】
```exec_sql
SELECT InvestAdvisorAbbrName 
FROM publicfunddb.mf_investadvisoroutline 
WHERE EstablishmentDate < '1998-07-13'
```

【上述SQL语句的含义】
- 从`publicfunddb.mf_investadvisoroutline`表中选取`EstablishmentDate`字段小于1998年7月13日的记录，并返回这些记录的`InvestAdvisorAbbrName`字段值，即早于博时基金公司成立的基金公司简称。

>>>>> 查询sql:
SELECT InvestAdvisorAbbrName 
FROM publicfunddb.mf_investadvisoroutline 
WHERE EstablishmentDate < '1998-07-13';
查询结果:
[{"InvestAdvisorAbbrName": "华夏基金"}, {"InvestAdvisorAbbrName": "南方基金"}]


>>>>> 【user】 Said:
查询SQL:
SELECT InvestAdvisorAbbrName 
FROM publicfunddb.mf_investadvisoroutline 
WHERE EstablishmentDate < '1998-07-13';
查询结果:
[{"InvestAdvisorAbbrName": "华夏基金"}, {"InvestAdvisorAbbrName": "南方基金"}]

请理解查询结果

>>>>> Agent【Sql_query.understand_query_result】 Said:
查询结果表明: 查询返回了在1998年7月13日之前成立的基金管理人的简称，具体包括华夏基金和南方基金两家基金管理人。字段名InvestAdvisorAbbrName表示基金管理人简称。


>>>>> 【user】 Said:
查询SQL:
SELECT InvestAdvisorAbbrName 
FROM publicfunddb.mf_investadvisoroutline 
WHERE EstablishmentDate < '1998-07-13';
查询结果:
[{"InvestAdvisorAbbrName": "华夏基金"}, {"InvestAdvisorAbbrName": "南方基金"}]

查询结果表明: 查询返回了在1998年7月13日之前成立的基金管理人的简称，具体包括华夏基金和南方基金两家基金管理人。字段名InvestAdvisorAbbrName表示基金管理人简称。

当前掌握的信息是否能够回答"比1998年7月13日成立的博时基金公司更早成立的基金公司（简称）有哪些？"？还是要继续执行下一阶段SQL查询？

>>>>> Agent【Sql_query.master】 Said:
【已知信息】
- 博时基金公司成立于1998年7月13日。
- 查询结果显示，比1998年7月13日更早成立的基金公司简称包括华夏基金和南方基金。
- 相关表名为`publicfunddb.mf_investadvisoroutline`。
- 相关字段为`EstablishmentDate`（公司成立日期）和`InvestAdvisorAbbrName`（基金管理人简称）。

【当前阶段要获取的信息】
- 无需继续执行SQL，当前掌握的信息已能回答问题。

【信息所在字段】
- 无

【筛选条件所在字段】
- 无

【SQL语句的思路】
- 无

【执行SQL语句】
- 无

【上述SQL语句的含义】
- 无

当前掌握的信息已经能够回答"比1998年7月13日成立的博时基金公司更早成立的基金公司（简称）有哪些？"的问题。具体答案为：华夏基金和南方基金。无需继续执行下一阶段SQL查询。


>>>>> 【user】 Said:
请回答问题:"比1998年7月13日成立的博时基金公司更早成立的基金公司（简称）有哪些？"

>>>>> Agent【Sql_query.summary】 Said:
华夏基金, 南方基金
