
>>>>> Original Question: 海格通信在2021年签订了哪些金额较大的重大合同？请列出前两大合同的发布日期(xxxx-xx-xx的格式)，合同标的和合同金额(四舍五入保留两位小数)。


>>>>> 【user】 Said:
提取下面这段文字中的实体（如公司名、股票代码、拼音缩写等），如果识别结果是空，那么就回复No Entities."海格通信在2021年签订了哪些金额较大的重大合同？请列出前两大合同的发布日期(xxxx-xx-xx的格式)，合同标的和合同金额(四舍五入保留两位小数)。"

>>>>> Agent【extract_company】 Said:
```json
["海格通信"]
```

>>>>> 查询sql:
SELECT 'constantdb.secumain' AS TableName, InnerCode, CompanyCode,
    ChiName, EngName, SecuCode, ChiNameAbbr, EngNameAbbr, SecuAbbr, ChiSpelling
FROM constantdb.secumain 
WHERE SecuCode = '海格通信'
   OR ChiName LIKE '%海格通信%'
   OR ChiNameAbbr LIKE '%海格通信%'
   OR EngName LIKE '%海格通信%'
   OR EngNameAbbr LIKE '%海格通信%'
   OR SecuAbbr LIKE '%海格通信%'
   OR ChiSpelling LIKE '%海格通信%'
UNION ALL
SELECT 'constantdb.hk_secumain' AS TableName, InnerCode, CompanyCode,
ChiName, EngName, SecuCode, ChiNameAbbr, EngNameAbbr, SecuAbbr, ChiSpelling
FROM constantdb.hk_secumain 
WHERE SecuCode = '海格通信'
   OR ChiName LIKE '%海格通信%'
   OR ChiNameAbbr LIKE '%海格通信%'
   OR EngName LIKE '%海格通信%'
   OR EngNameAbbr LIKE '%海格通信%'
   OR SecuAbbr LIKE '%海格通信%'
   OR FormerName LIKE '%海格通信%'
   OR ChiSpelling LIKE '%海格通信%'
UNION ALL
SELECT 'constantdb.us_secumain' AS TableName, InnerCode, CompanyCode,
ChiName, EngName, SecuCode, null as ChiNameAbbr, null as EngNameAbbr, SecuAbbr, ChiSpelling
FROM constantdb.us_secumain 
WHERE SecuCode = '海格通信'
   OR ChiName LIKE '%海格通信%'
   OR EngName LIKE '%海格通信%'
   OR SecuAbbr LIKE '%海格通信%'
   OR ChiSpelling LIKE '%海格通信%';
查询结果:
[{"TableName": "constantdb.secumain", "InnerCode": 11096, "CompanyCode": 79981, "ChiName": "广州海格通信集团股份有限公司", "EngName": "Guangzhou Haige Communications Group Incorporated Company", "SecuCode": "002465", "ChiNameAbbr": "海格通信", "EngNameAbbr": "Haige Communications", "SecuAbbr": "海格通信", "ChiSpelling": "HGTX"}]


>>>>> 【user】 Said:
历史问答:无。
现在用户继续提问，请根据已知信息，理解当前这个问题的完整含义，并重写这个问题使得单独拿出来看仍然能够正确理解：海格通信在2021年签订了哪些金额较大的重大合同？请列出前两大合同的发布日期(xxxx-xx-xx的格式)，合同标的和合同金额(四舍五入保留两位小数)。

>>>>> Agent【rewrite_question】 Said:
海格通信在2021年签订了哪些金额较大的重大合同？请列出前两大合同的发布日期（格式为xxxx-xx-xx）、合同标的和合同金额（四舍五入保留两位小数）。

>>>>> 已知事实:
海格通信的关联信息有:[所在数据表是constantdb.secumain;InnerCode(证券内部编码)是11096;CompanyCode(公司代码)是79981;ChiName(中文名称)是广州海格通信集团股份有限公司;EngName(英文名称)是Guangzhou Haige Communications Group Incorporated Company;SecuCode(证券代码)是002465;ChiNameAbbr(中文名称缩写)是海格通信;EngNameAbbr(英文名称缩写)是Haige Communications;SecuAbbr(证券简称)是海格通信;ChiSpelling(拼音证券简称)是HGTX;]

>>>>> 【user】 Said:
请选择db，务必遵循输出的格式要求。

>>>>> Agent【Check_db_structure.db_selector】 Said:
【分析】
用户询问的是海格通信在2021年签订的金额较大的重大合同，具体需要前两大合同的发布日期、合同标的和合同金额。这些信息属于上市公司的重大经营合同明细，通常会在上市公司的公告中披露。根据知识库，`astockeventsdb`数据库记录了上市公司公告中披露的各种重大事项，包括重大经营合同。

【选中的数据库】
- astockeventsdb: 这个数据库包含上市公司公告中披露的重大事项，具体表包括公司重大经营合同明细，记录了事件相关的时间、主体、进展、财务数据、合同信息等多维度信息。

【选中的数据库的清单】
```json
["astockeventsdb"]
```


>>>>> 【user】 Said:
数据库表信息如下:
[{"表名": "astockeventsdb.lc_warrant", "说明": "该数据表涵盖了与公司事件披露相关的多维度信息，包括基础信息如公司代码、事件编码等；时间信息如首次信息发布日期、信息发布日期、协议签署日期、借贷及担保的起止日期等；信息来源和披露方式等描述性字段；事件相关信息如事件内容、行为描述、最新进展状态、事件主体及其名称、企业编号、关联关系等；交易对象和担保相关信息，包括交易对象名称、担保金额（首次及最新）、担保资产、提供担保企业及其关联关系、接受担保企业及其关联关系、反担保企业及资产等；借贷信息如借款银行、借款期限、续借期限、借贷起止日期、担保期限及续保期限等；以及其他补充信息如担保是否违规、借贷是否逾期、担保解除日期及方式、附注等，全面记录了公司事件的关键要素和关联信息。"}, {"表名": "astockeventsdb.lc_credit", "说明": "该数据表主要记录公司与上市公司之间的贷款及担保相关信息。字段信息包括公司标识及关联关系，如公司代码、事件主体名称及编号、交易对象名称及编号、借入方及借出方、担保方及其关联关系等。时间信息涵盖首次信息发布日期、信息发布日期、协议签署日期、借贷起始日及截止日、担保起始日及截止日、最近还款日期等。贷款与担保的详细信息涉及到货币单位、首次及最新借贷金额、最近及累计还款金额、借贷条件、年利率及其说明、借贷及担保期限、续借及续保期限、抵押置押资产等。事件相关信息包括信息来源、公告类型、披露方式、事件内容及主体、行为描述及方式、最新进展状态、是否终止等。此外，还包括附注信息用于补充说明。"}, {"表名": "astockeventsdb.lc_suitarbitration", "说明": "该数据表主要用于记录与公司相关的事件、诉讼仲裁及其进展信息。表中包含了基础标识信息如ID和公司代码(CompanyCode)；时间信息如首次信息发布日期(InitialInfoPublDate)和信息发布日期(InfoPublDate)；信息来源和披露方式(InfoSource, DisclosureMethod)；事件相关信息如事件内容(EventContent)、行为描述(ActionDesc)、事件主体名称及编号(SubjectName, SubjectCode)、事件进程(EventProcedure)、行为方式(ActionWays)、事件主体在诉讼中的角色(EventSubjectRole)等；涉及的交易或诉讼对象信息如交易对象名称及编号(ObjectName, ObjectCode)、诉讼仲裁原告和被告(Plaintiff, Defendant)及其关联关系；诉讼仲裁详细信息如案由描述(SubjectMatterStat)、案由(SubjectMatter)、诉讼仲裁金额(FirstSuitSum, LatestSuitSum)、审理机构(InquisitionInstitute)、仲裁状态及各审级状态(CaseStatus, FirstInstanceStatus, SecondInstanceStatus, SPPStatus)；财产执行信息如被执行财产(PropertyEnforced)、归属(PropertyBelonged)、执行状态(AdjudgementStatus)；以及协议签署日期(AgreementDate)、备注(Note)、是否终止(IfEnded)等辅助字段。字段内容涵盖了事件描述、诉讼仲裁进展、主体与关联方信息等多方面内容，便于综合分析和管理。"}, {"表名": "astockeventsdb.lc_entrustinv", "说明": "该数据表主要记录公司相关事件的详细信息，包括公司标识字段如公司代码、事件主体名称及其企业编号、交易对象名称及其企业编号等；事件基本信息字段如首次信息发布日期、信息发布日期、信息来源、公告类型、披露方式、事件内容、行为描述、行为方式及事件进程等；状态与进展字段如最新进展状态描述、是否终止、协议签署日期等；财务相关字段如涉及金额、货币单位、委托期限、委托起始日与截止日、约定收益说明及实际收益等；以及其他补充信息字段如与上市公司的关联关系、备注等，全面涵盖了事件的时间、主体、财务及进展等核心要素。"}, {"表名": "astockeventsdb.lc_regroup", "说明": "该数据表主要用于记录公司事件相关的信息。包括公司基础信息如公司代码、事件主体名称及其编号、事件主体与上市公司的关联关系等；事件相关的时间信息如首次信息发布日期、信息发布日期、协议签署日期等；事件的详细描述如事件内容、行为描述、最新进展状态、事件进程、行为方式等；信息来源和披露方式等公告信息；涉及的财务数据如资产帐面价值、资产评估价值、资产出售金额、资产转让收益、债务重组金额等；事件的类别和编码信息如公告类型、事项类型、事项编码、序号等；此外，还包括事件是否终止、交易对象企业编号及其与上市公司的关联关系等补充信息。"}, {"表名": "astockeventsdb.lc_majorcontract", "说明": "该数据表记录了与公司相关的事件及合同信息，包含公司基本信息如公司代码、事件主体名称及编号、交易对象名称及编号，以及主体与上市公司间的关联关系等；事件相关信息如首次信息发布日期、最新信息发布日期、信息来源、公告类型、事件内容、行为描述、行为方式、最新进展状态描述、事件主体、事件进程等；合同相关信息如协议签署日期、合同标的、合同获得方式、中标日期、涉及金额、合同起始日、合同截止日、合同期限及合同对公司的影响等；此外，还包括货币单位及备注等辅助信息。"}, {"表名": "astockeventsdb.lc_investorra", "说明": "该数据表记录了与证券相关的接待活动信息，包含信息发布日期、标题及链接等基本信息；证券内部编码、编号和序号等标识信息；接待日期、时间及截止日等时间信息；活动类别、地点、参与单位及人员、上市公司接待人员等活动相关信息；主要内容、附件及其格式等内容信息。"}, {"表名": "astockeventsdb.lc_investordetail", "说明": "该数据表主要用于记录投资者关系活动的详细信息，包括活动的唯一标识（投资者关系活动ID）、参与的调研机构及其编码（调研机构、调研机构编码）、参与的调研人员及其编码（调研人员、调研人员编码）、调研人员的职位名称，以及活动的排序序号等基本信息。"}]

请选择table，务必遵循输出的格式要求。

>>>>> Agent【Check_db_structure.table_selector】 Said:
【分析】
要查找海格通信在2021年签订的金额较大的重大合同，并列出前两大合同的发布日期、合同标的和合同金额，我们需要选择一个包含公司合同信息的数据表。根据已知信息，海格通信的相关信息在`constantdb.secumain`表中，但合同信息需要从其他表中获取。

【选中的数据表】
- astockeventsdb.lc_majorcontract: 这个数据表记录了与公司相关的事件及合同信息，包含公司基本信息、事件相关信息和合同相关信息，如协议签署日期、合同标的、涉及金额等。

【选中的数据库表的清单】
```json
["astockeventsdb.lc_majorcontract"]
```


>>>>> 【user】 Said:
已取得可用的数据表的字段信息如下:
[{"表名": "astockeventsdb.lc_majorcontract", "表字段": [{"column": "CompanyCode", "desc": "公司代码；，得到上市公司的交易代码、简称等。"}, {"column": "InitialInfoPublDate", "desc": "首次信息发布日期"}, {"column": "InfoPublDate", "desc": "最新信息发布日期"}, {"column": "InfoSource", "desc": "信息来源"}, {"column": "BulletinType", "desc": "公告类型；，令LB = 1109，得到公告类型的具体描述：1-董事会公告，2-股东大会公告，3-监事会公告，4-公司公告，5-法律意见书，6-财务报告，7-中国证监会公告，8-交易所公告，9-中介机构公告，10-基金投资组合公告，11-回访报告，12-独立董事声明，13-债券公告，14-三板市场公司公告，15-基金公告，18-收购报告书，30-新股发行公告，31-增发发行公告，32-债券发行公告，33-基金发行公告，34-配股发行公告，40-增发股本变动公告，41-配股股本变动公告，43-债券上市公告，50-分红公告，60-期货公告，61-股权分置改革说明书，99-其它。"}, {"column": "EventContent", "desc": "事件内容"}, {"column": "ActionDesc", "desc": "行为描述"}, {"column": "NewestAdvance", "desc": "最新进展状态描述(摘要信息)"}, {"column": "EventSubject", "desc": "事件主体；，令LB = 1246，得到事件主体的具体描述：1-上市公司，2-下属公司，3-公司股东，4-债券发行人。"}, {"column": "EventProcedure", "desc": "事件进程；，令LB = 1059，得到事件进程的具体描述：1000-意向，1001-预案，1004-决案，1007-否决，1010-申请，1013-批准，1016-未实施终止，1019-实施中，1022-实施完成，1025-解除，1028-到期，1041-续签，1043-部分续签，1051-涉诉，1053-可能涉诉，1055-预估，1303-收到，1305-部分收到，2001-逾期，2003-还款，2005-延期，2007-展期，2501-诉前，2504-诉中，2507-诉后，3001-提前回收，3002-提前部分回收，3003-到期后协议延期，3004-到期回收，3005-到期待回收，3006-到期部分待回收，3007-到期无法回收，3008-到期部分无法回收，3101-改革意向，3103-股改动议取消，3105-董事会改革方案，3108-沟通确认方案，3111-上级部门批准，3115-上级部门驳回，3120-董事会否决，3121-股东大会通过，3125-股东大会否决，3126-有效期内未实施，3131-方案实施，3201-证监会审核通过，3202-证监会审核否决，3203-证监会核准，3204-证监会未核准，3212-方案部分实施，3301-已注册未发行，3302-已发行有额度，3303-已发行无额度，3304-提前终止，3305-放弃，3399-其他。"}, {"column": "ActionWays", "desc": "行为方式；，令LB = 1063，得到行为方式的具体描述：1001-借入，1003-贷出，1005-银行授信，1007-借入计划额度，1009-承兑汇票，1011-票据贴现，1013-进出口押汇，1099-其他借贷，1201-提供担保，1203-接受担保，1204-提供反担保，1205-提供担保协议，1207-接受担保协议，1209-互保协议，1299-其他，1401-诉讼，1403-仲裁，2101-税负增加，2102-税负增加(优惠)，2104-税负减少，2107-税负优惠延长，2199-其他税负变动，2301-财政补贴，2304-税收减免，2307-税收退返，2311-投资抵免，2315-利息减免，2318-贴息，2325-补偿款，2501-注册地址变更，2504-办公地址变更，2507-联系地址变更，3001-出让，3003-剥离，3101-资产置换，3301-接受赠与，3303-赠与他方，3501-债务人转移，3504-债权人转移，3507-债务减免，3511-债权转股，3514-债务转股，3517-以资抵债，3521-债权换资，3599-其他债权债务重组，3701-接受托管，3703-委托托管，3705-接受承包，3707-委托承包，3711-租入，3713-租出，3715-转租，4001-委托他方理财，4003-接受委托理财，4007-委托贷款，4101-不能全额按期偿还其债务，4102-发债人被起诉，4103-发债人未遵守特定条款，4104-发债人债务重组，4105-发债人债务冲销，4106-发债人提取特别准备金，4107-本金或利息减免和延期，4119-发债人其他失信行为，5000-合资合作，5010-工程承包，5020-销售商品，5030-提供劳务，5090-其他合同，9001-发出要约，9002-受领要约。"}, {"column": "CurrencyUnit", "desc": "货币单位；，令LB = 1068，得到货币单位的具体描述：1000-美元，1001-美分，1002-美元(次日)，1003-美元(同日)，1100-港元，1110-印度卢比，1120-印度尼西亚卢比，1130-伊朗里亚尔，1140-波兰兹罗提，1150-匈牙利福林，1160-日本元，1161-欧洲日元(离岸)，1170-约旦第纳尔，1180-科威特第纳尔，1190-阿联酋迪拉姆，1200-亚美尼亚德拉姆，1210-澳门元，1220-马来西亚林吉特，1230-安第列斯群岛盾，1240-安哥拉宽扎，1250-尼泊尔卢比，1260-哈萨克斯坦坚戈，1270-巴基斯坦卢比，1280-阿鲁巴岛弗罗林，1290-菲律宾比索，1300-阿塞拜疆马纳特，1310-波斯尼亚马克，1320-新加坡元，1330-韩国元，1340-孟加拉塔卡，1350-百慕大元，1360-泰国铢，1370-沙特里亚尔，1380-文莱林吉特，1390-不丹努尔特鲁姆，1400-博茨瓦纳普拉，1410-白俄罗斯卢布，1420-人民币元，1430-台湾元，1440-伯利兹元，1450-南苏丹镑，1460-世界投资报告法郎，1470-佛得角埃斯库多，1480-厄立特里亚纳克法，1490-埃塞俄比亚比尔，1500-福克兰群岛镑，1510-格鲁吉亚拉里，1520-直布罗陀镑，1530-克罗地亚库纳，1540-以色列新谢克尔，1550-吉尔吉斯斯坦索姆，1560-开曼群岛元，1570-莱索托马洛蒂，1580-摩尔多瓦列伊，1590-马其顿第纳尔，1600-蒙古图格里克，1610-马拉维克瓦查，1620-梅蒂卡尔，1630-纳米比亚元，1640-巴布亚新几内亚基那，1650-塞尔维亚第纳尔，1660-圣赫勒拿群岛磅，1670-圣多美和普林西比多布拉，1680-太平洋法郎，1690-非共体法郎，1700-斯威士兰里兰吉尼，1710-塔吉克斯坦索莫尼，1720-土库曼斯坦马纳特，1730-汤加潘加，1740-乌克兰格里夫纳，1750-乌兹别克斯坦苏姆，1760-瓦努阿图瓦图，1770-萨摩亚塔拉，1780-中非金融合作法郎，1790-东加勒比元，1810-人民币(离岸)，2470-坦桑尼亚先令，3000-欧元，3010-比利时法郎，3020-丹麦克朗，3030-英镑，3031-便士，3040-德国马克，3050-法国法郎，3070-意大利里拉，3090-荷兰盾，3100-葡萄牙埃斯库多，3110-立陶宛立特，3120-西班牙比塞塔，3130-拉脱维亚立特，3140-斯洛文尼亚托拉尔，3150-奥地利先令，3160-斯洛伐克克朗，3170-爱沙尼亚克朗，3180-芬兰马克，3190-安道尔比塞塔(废弃)，3260-挪威克朗，3300-瑞典克朗，3310-瑞士法郎，3311-记帐瑞士法郎，3313-清算瑞士法郎，3430-苏联卢布(废弃)，3440-俄国卢布，3450-俄罗斯卢布，4000-巴西雷亚尔(废弃)，4100-巴西里亚尔，4290-墨西哥比索，5010-加拿大元，6010-澳大利亚元，6090-新西兰元，7101-刚果法郎，7103-尼日利亚奈拉，7105-越南盾，7107-肯尼亚先令，7109-卢森堡法郎，7111-摩洛哥迪拉姆，7113-南非兰特，7115-斯里兰卡卢比，7117-苏丹第纳尔，7119-也门里亚尔(废弃)，7120-苏丹镑，7121-爱尔兰镑，7123-土耳其里拉(废弃)，7125-捷克克朗(废弃)，8000-阿尔巴尼亚列克，8010-阿尔及利亚第纳尔，8020-阿富汗尼，8030-阿根廷比索，8040-也门里亚尔，8050-阿曼里亚尔，8060-埃及镑，8070-巴巴多斯元，8080-巴哈马元，8090-巴拉圭瓜拉尼，8100-巴林第纳尔，8110-巴拿马巴波亚，8120-保加利亚列弗，8130-冰岛克朗，8150-玻利维亚诺，8160-布隆迪法郎，8170-朝鲜圆，8180-赤道几内亚埃奎勒，8190-多米尼加比索，8200-厄瓜多尔苏克雷，8210-斐济元，8220-冈比亚法拉西，8230-哥伦比亚比索，8240-哥斯达黎加科朗，8250-古巴比索，8260-圭亚那元，8270-海地古德，8280-洪都拉斯伦皮拉，8290-吉布提法郎，8300-几内亚法郎，8310-几内亚比索，8320-加纳塞地，8330-柬埔寨瑞尔，8340-捷克克朗，8350-津巴布韦元，8360-卡塔尔里亚尔，8370-科摩罗法郎，8380-老挝基普，8390-黎巴嫩镑，8400-利比里亚元，8410-利比亚第纳尔，8420-卢旺达法郎，8430-罗马尼亚列伊，8440-马达加斯加阿里亚里，8450-马尔代夫卢比，8460-马耳他镑，8470-毛里求斯卢比，8480-毛里塔尼亚乌吉亚，8490-秘鲁新索尔，8500-缅甸元，8510-也门第纳尔，8520-南斯拉夫新第纳尔，8530-尼加拉瓜科多巴，8540-埃斯库多，8550-萨尔瓦多科朗，8560-塞拉里昂利昂，8570-塞浦路斯镑，8580-塞舌尔卢比，8590-沙特阿拉伯亚尔，8600-苏里南元，8610-所罗门元，8620-索马里先令，8630-特立尼达多巴哥元，8640-突尼斯第纳尔，8650-土耳其里拉，8660-危地马拉格查尔，8670-委内瑞拉玻利瓦尔，8680-乌干达先令，8690-乌拉圭新比索，8700-希腊德拉马克，8720-叙利亚镑，8730-牙买加元，8740-伊拉克第纳尔，8750-赞比亚克瓦查，8760-扎伊尔，8770-智利比索，8780-玻利维亚Mvdol基金，8790-智利CUF基金，8800-哥伦比亚实际价值单位，8810-古巴可兑换比索，8820-墨西哥UDI基金，8830-莫桑比克梅蒂卡尔，8840-东帝汶埃斯库多，8850-罗马尼亚列伊(废弃)，8860-苏里南盾(废弃)，8870-马尔加什法郎(废弃)，8880-赞比亚克瓦查(废弃)，9900-其他货币，9901-本地货币，9990-特别提款权，9999-各币种折合美元。"}, {"column": "SubjectName", "desc": "事件主体名称"}, {"column": "SubjectCode", "desc": "事件主体企业编号；事件主体企业编号（SubjectCode）：该字段属于备用字段，目前未维护。"}, {"column": "SubjectAssociation", "desc": "事件主体与上市公司关联关系；关系(SubjectAssociation)与(CT_SystemConst)表中的DM字段关联，令LB = 1036，得到事件主体与上市公司关联关系的具体描述：1-本公司，2-母公司，3-控股股东，4-非控股股东，5-兄弟企业，8-间接非控股股东，9-同一领导人、亲属关系，10-下属子公司、参股公司，11-项目合作合资方，12-其他关联关系，51-间接兄弟企业，80-间接控股股东，83-潜在控股股东，84-潜在非控股股东，86-转让前控股股东，87-转让前非控股股东，121-股权受托管理人，122-受同一方控制，999-无关联关系。"}, {"column": "ObjectName", "desc": "交易对象名称"}, {"column": "ObjectCode", "desc": "交易对象企业编号；交易对象企业编号（ObjectCode）：该字段属于备用字段，目前未维护。"}, {"column": "ObjectAssociation", "desc": "交易对象与上市公司关联关系；关系(ObjectAssociation)与(CT_SystemConst)表中的DM字段关联，令LB = 1036，得到交易对象与上市公司关联关系的具体描述：1-本公司，2-母公司，3-控股股东，4-非控股股东，5-兄弟企业，8-间接非控股股东，9-同一领导人、亲属关系，10-下属子公司、参股公司，11-项目合作合资方，12-其他关联关系，51-间接兄弟企业，80-间接控股股东，83-潜在控股股东，84-潜在非控股股东，86-转让前控股股东，87-转让前非控股股东，121-股权受托管理人，122-受同一方控制，999-无关联关系。"}, {"column": "AgreementDate", "desc": "协议签署日期"}, {"column": "ContractObject", "desc": "合同标的"}, {"column": "ContractWay", "desc": "合同获得方式；，令LB = 1750，得到合同获得方式的具体描述：1-中标，2-协议，99-其它。"}, {"column": "AcceptanceDate", "desc": "中标日期"}, {"column": "AmountInvolved", "desc": "涉及金额(元)"}, {"column": "ContractBeginDate", "desc": "合同起始日"}, {"column": "ContractEndDate", "desc": "合同截止日"}, {"column": "ContractPeriod", "desc": "合同期限(月)"}, {"column": "ContractEffect", "desc": "合同对公司的影响"}, {"column": "RemarkDesc", "desc": "备注"}]}]

请选择column，务必遵循输出的格式要求。

>>>>> Agent【Check_db_structure.columns_selector】 Said:
【分析】
用户询问的是海格通信在2021年签订的金额较大的重大合同，并要求列出前两大合同的发布日期、合同标的和合同金额。因此，需要筛选出2021年海格通信签订的合同，并按合同金额进行排序，选取金额最大的前两个合同。

【信息所在字段】
- astockeventsdb.lc_majorcontract.InitialInfoPublDate: 这个字段可能包含合同首次信息发布日期，对应用户提问中的发布日期
- astockeventsdb.lc_majorcontract.ContractObject: 这个字段可能包含合同标的，对应用户提问中的合同标的
- astockeventsdb.lc_majorcontract.AmountInvolved: 这个字段可能包含合同涉及金额，对应用户提问中的合同金额
- astockeventsdb.lc_majorcontract.CompanyCode: 这个字段可能包含公司代码，用于筛选海格通信的合同

【筛选条件所在字段】
- astockeventsdb.lc_majorcontract.CompanyCode: 这个字段可能包含公司代码，用于筛选海格通信的合同
- astockeventsdb.lc_majorcontract.InitialInfoPublDate: 这个字段可能包含合同首次信息发布日期，用于筛选2021年的合同

【选中的字段的清单】
```json
{
  "astockeventsdb.lc_majorcontract": [
    "InitialInfoPublDate",
    "ContractObject",
    "AmountInvolved",
    "CompanyCode"
  ]
}
```


>>>>> 【user】 Said:
海格通信在2021年签订了哪些金额较大的重大合同？请列出前两大合同的发布日期（格式为xxxx-xx-xx）、合同标的和合同金额（四舍五入保留两位小数）。

>>>>> Agent【Sql_query.master】 Said:
【已知信息】
- 海格通信的关联信息：
  - 所在数据表：constantdb.secumain
  - InnerCode(证券内部编码)：11096
  - CompanyCode(公司代码)：79981
  - ChiName(中文名称)：广州海格通信集团股份有限公司
  - SecuCode(证券代码)：002465
  - ChiNameAbbr(中文名称缩写)：海格通信

【当前阶段要获取的信息】
- 2021年海格通信签订的前两大合同的发布日期、合同标的和合同金额

【信息所在字段】
- 发布日期：InitialInfoPublDate
- 合同标的：ContractObject
- 合同金额：AmountInvolved

【筛选条件所在字段】
- 公司代码：CompanyCode
- 发布日期：InitialInfoPublDate

【SQL语句的思路】
1. 从astockeventsdb.lc_majorcontract表中筛选出CompanyCode为79981的记录。
2. 使用DATE(InitialInfoPublDate)筛选出2021年的记录。
3. 按照AmountInvolved降序排列，选取前两大合同。
4. 选择InitialInfoPublDate、ContractObject和AmountInvolved字段，并对AmountInvolved进行四舍五入保留两位小数。

【执行SQL语句】
```exec_sql
SELECT 
  DATE(InitialInfoPublDate) AS PublDate, 
  ContractObject, 
  ROUND(AmountInvolved, 2) AS Amount
FROM 
  astockeventsdb.lc_majorcontract
WHERE 
  CompanyCode = 79981 
  AND DATE(InitialInfoPublDate) BETWEEN '2021-01-01' AND '2021-12-31'
ORDER BY 
  AmountInvolved DESC
LIMIT 2;
```

【上述SQL语句的含义】
- 从astockeventsdb.lc_majorcontract表中筛选出公司代码为79981的记录。
- 通过DATE(InitialInfoPublDate)字段筛选出2021年1月1日至2021年12月31日期间的记录。
- 按照合同金额AmountInvolved降序排列，选取金额最大的前两条记录。
- 选择发布日期（格式化为xxxx-xx-xx）、合同标的和合同金额（四舍五入保留两位小数）字段。

>>>>> 查询sql:
SELECT 
  DATE(InitialInfoPublDate) AS PublDate, 
  ContractObject, 
  ROUND(AmountInvolved, 2) AS Amount
FROM 
  astockeventsdb.lc_majorcontract
WHERE 
  CompanyCode = 79981 
  AND DATE(InitialInfoPublDate) BETWEEN '2021-01-01' AND '2021-12-31'
ORDER BY 
  AmountInvolved DESC
LIMIT 2;
查询结果:
[{"PublDate": "2021-07-02", "ContractObject": "无线通信(含卫星通信)、北斗导航产品及配套设备", "Amount": 3420000000.0}, {"PublDate": "2021-11-30", "ContractObject": "无线通信(含数字集群)、北斗导航及配套产品等", "Amount": 642000000.0}]


>>>>> 【user】 Said:
查询SQL:
SELECT 
  DATE(InitialInfoPublDate) AS PublDate, 
  ContractObject, 
  ROUND(AmountInvolved, 2) AS Amount
FROM 
  astockeventsdb.lc_majorcontract
WHERE 
  CompanyCode = 79981 
  AND DATE(InitialInfoPublDate) BETWEEN '2021-01-01' AND '2021-12-31'
ORDER BY 
  AmountInvolved DESC
LIMIT 2;
查询结果:
[{"PublDate": "2021-07-02", "ContractObject": "无线通信(含卫星通信)、北斗导航产品及配套设备", "Amount": 3420000000.0}, {"PublDate": "2021-11-30", "ContractObject": "无线通信(含数字集群)、北斗导航及配套产品等", "Amount": 642000000.0}]

请理解查询结果

>>>>> Agent【Sql_query.understand_query_result】 Said:
查询结果表明: 该查询返回了公司代码为79981的上市公司在2021年1月1日至2021年12月31日期间发布的重大合同信息。结果显示了两个金额最大的合同，分别发布于2021年7月2日和2021年11月30日。第一个合同的标的为“无线通信(含卫星通信)、北斗导航产品及配套设备”，涉及金额为34.2亿元；第二个合同的标的为“无线通信(含数字集群)、北斗导航及配套产品等”，涉及金额为6.42亿元。结果按涉及金额从大到小排序，并仅展示了金额最大的前两个合同。


>>>>> 【user】 Said:
查询SQL:
SELECT 
  DATE(InitialInfoPublDate) AS PublDate, 
  ContractObject, 
  ROUND(AmountInvolved, 2) AS Amount
FROM 
  astockeventsdb.lc_majorcontract
WHERE 
  CompanyCode = 79981 
  AND DATE(InitialInfoPublDate) BETWEEN '2021-01-01' AND '2021-12-31'
ORDER BY 
  AmountInvolved DESC
LIMIT 2;
查询结果:
[{"PublDate": "2021-07-02", "ContractObject": "无线通信(含卫星通信)、北斗导航产品及配套设备", "Amount": 3420000000.0}, {"PublDate": "2021-11-30", "ContractObject": "无线通信(含数字集群)、北斗导航及配套产品等", "Amount": 642000000.0}]

查询结果表明: 该查询返回了公司代码为79981的上市公司在2021年1月1日至2021年12月31日期间发布的重大合同信息。结果显示了两个金额最大的合同，分别发布于2021年7月2日和2021年11月30日。第一个合同的标的为“无线通信(含卫星通信)、北斗导航产品及配套设备”，涉及金额为34.2亿元；第二个合同的标的为“无线通信(含数字集群)、北斗导航及配套产品等”，涉及金额为6.42亿元。结果按涉及金额从大到小排序，并仅展示了金额最大的前两个合同。

请检查筛选条件是否存在问题，比如时间日期字段没有用DATE()或YEAR()格式化？当然，如果没问题，那么就根据结果考虑下一步；那么当前掌握的信息是否能够回答"海格通信在2021年签订了哪些金额较大的重大合同？请列出前两大合同的发布日期（格式为xxxx-xx-xx）、合同标的和合同金额（四舍五入保留两位小数）。"？还是要继续执行下一阶段SQL查询？

>>>>> Agent【Sql_query.master】 Said:
【已知信息】
- 海格通信在2021年签订的前两大合同的详细信息：
  1. 发布日期：2021-07-02，合同标的：无线通信(含卫星通信)、北斗导航产品及配套设备，合同金额：3420000000.0（34.2亿元）
  2. 发布日期：2021-11-30，合同标的：无线通信(含数字集群)、北斗导航及配套产品等，合同金额：642000000.0（6.42亿元）

【当前阶段要获取的信息】
- 无需继续执行SQL，当前掌握的信息已足够回答用户问题。

【信息所在字段】
- 无需继续执行SQL。

【筛选条件所在字段】
- 无需继续执行SQL。

【SQL语句的思路】
- 无需继续执行SQL。

【执行SQL语句】
```exec_sql
无
```

【上述SQL语句的含义】
- 无需继续执行SQL。

### 结论
当前掌握的信息已经能够完全回答用户的问题：“海格通信在2021年签订了哪些金额较大的重大合同？请列出前两大合同的发布日期（格式为xxxx-xx-xx）、合同标的和合同金额（四舍五入保留两位小数）。”

**回答如下：**
1. 发布日期：2021-07-02，合同标的：无线通信(含卫星通信)、北斗导航产品及配套设备，合同金额：34.20亿元
2. 发布日期：2021-11-30，合同标的：无线通信(含数字集群)、北斗导航及配套产品等，合同金额：6.42亿元

无需继续执行下一阶段SQL查询。


>>>>> 【user】 Said:
充分尊重前面给出的结论，回答问题:"海格通信在2021年签订了哪些金额较大的重大合同？请列出前两大合同的发布日期（格式为xxxx-xx-xx）、合同标的和合同金额（四舍五入保留两位小数）。"

>>>>> Agent【Sql_query.summary】 Said:
1. 发布日期: 2021-07-02, 合同标的: 无线通信(含卫星通信)、北斗导航产品及配套设备, 合同金额: 3420000000.00
2. 发布日期: 2021-11-30, 合同标的: 无线通信(含数字集群)、北斗导航及配套产品等, 合同金额: 642000000.00
