
>>>>> Original Question: 上海家化2020年年度研发投入合计是多少元？研发人员数量为多少人？（合并报表的，金额保留2位小数）


>>>>> 【user】 Said:
提取下面这段文字里的实体，如公司名、股票代码等，如果识别结果是空，那么就回复No Entities."上海家化2020年年度研发投入合计是多少元？研发人员数量为多少人？（合并报表的，金额保留2位小数）"

>>>>> Agent【extract_company】 Said:
```json
["上海家化"]
```

>>>>> 查询sql:
SELECT 'constantdb.secumain' AS TableName, InnerCode, CompanyCode, ChiName, EngName, SecuCode
FROM constantdb.secumain 
WHERE SecuCode = '上海家化'
   OR ChiName LIKE '%上海家化%'
   OR ChiNameAbbr LIKE '%上海家化%'
   OR EngName LIKE '%上海家化%'
   OR EngNameAbbr LIKE '%上海家化%'
   OR SecuAbbr LIKE '%上海家化%'
UNION ALL
SELECT 'constantdb.hk_secumain' AS TableName, InnerCode, CompanyCode, ChiName, EngName, SecuCode
FROM constantdb.hk_secumain 
WHERE SecuCode = '%上海家化%'
   OR ChiName LIKE '%上海家化%'
   OR ChiNameAbbr LIKE '%上海家化%'
   OR EngName LIKE '%上海家化%'
   OR EngNameAbbr LIKE '%上海家化%'
   OR SecuAbbr LIKE '%上海家化%'
   OR FormerName LIKE '%上海家化%'
UNION ALL
SELECT 'constantdb.us_secumain' AS TableName, InnerCode, CompanyCode, ChiName, EngName, SecuCode
FROM constantdb.us_secumain 
WHERE SecuCode = '上海家化'
   OR ChiName LIKE '%上海家化%'
   OR EngName LIKE '%上海家化%'
   OR SecuAbbr LIKE '%上海家化%';
查询结果:
[{"TableName": "constantdb.secumain", "InnerCode": 1437, "CompanyCode": 1303, "ChiName": "上海家化联合股份有限公司", "EngName": "Shanghai Jahwa United Co., Ltd.", "SecuCode": "600315"}]


>>>>> 【user】 Said:
历史问答:无。
现在用户继续提问，请根据已知信息，理解当前这个问题的完整含义，并重写这个问题使得单独拿出来看仍然能够正确理解：上海家化2020年年度研发投入合计是多少元？研发人员数量为多少人？（合并报表的，金额保留2位小数）

>>>>> Agent【rewrite_question】 Said:
请问上海家化在2020年度的合并报表中，研发投入的总额是多少元（金额保留2位小数），以及该年度研发人员的数量是多少人？

>>>>> 已知事实:
上海家化的关联信息有:[所在数据表是constantdb.secumain;InnerCode(证券内部编码)是1437;CompanyCode(公司代码)是1303;ChiName(中文名称)是上海家化联合股份有限公司;EngName(英文名称)是Shanghai Jahwa United Co., Ltd.;SecuCode(证券代码)是600315;]

>>>>> 【user】 Said:
请选择db，务必遵循输出的格式要求。

>>>>> Agent【Check_db_structure.db_selector】 Said:
【分析】
用户需要查询上海家化在2020年度的合并报表中的研发投入总额和研发人员数量。这涉及到公司的财务数据和人力资源数据。

1. **研发投入总额**：属于财务报表的范畴，应从记录财务数据的数据库中获取。
2. **研发人员数量**：属于人力资源的范畴，应从记录人力资源数据的数据库中获取。

根据知识库，`astockfinancedb`记录了上市公司的财务数据，包括研发投入；`astockoperationsdb`记录了上市公司的人力资源数据，包括员工构成。

【选中的数据库】
- `astockfinancedb`: 这个数据库包含上市公司的财务数据，可以获取研发投入总额。
- `astockoperationsdb`: 这个数据库包含上市公司的人力资源数据，可以获取研发人员数量。

【选中的数据库的清单】
```json
["astockfinancedb", "astockoperationsdb"]
```


>>>>> 【user】 Said:
数据库表信息如下:
[{"表名": "astockfinancedb.lc_ashareseasonednewissue", "说明": "该数据表主要记录证券发行及相关信息，涵盖以下几大类内容：**基本信息**包括证券内部编码、发行股票类型、发行目的等；**时间信息**如首次信息发布日期、预案发布日期、股东大会决议公告日期、发行日期上下限、承销期上下限、募集资金到帐时间等；**价格信息**包括发行价区间（上限、下限）、实际发行价、承销商指导价格、市盈率（加权平均、全面摊薄等）、价格调整相关字段等；**发行量信息**如发行量上下限、超额配售权、网上网下发行股数、原股东优先配售股数、法人网下配售股数等；**申购及配售信息**包括网上申购代码、申购简称、申购单位、有效申购总量与户数、中签率、配售比例等；**费用信息**如发行费用总额、承销费用、律师费用、资产评估费用、每股发行费用等；**资金信息**如募集资金总额、净额、到帐金额及相关分项（货币、非货币、资产、债权等）；**股东及控股股东信息**如优先配售比例、认购方式、认购数量与比例等；**预测与变动**包括盈利预测、方案变动说明、变动原因、预案价格与基准价格比例等；**公告及审批信息**如证监会批准公告日、方案变动公告日、最新预案公布日期等；**其他信息**如面值、零股处理方法、认购邀请书发送日、是否简易程序等。该表全面涵盖了证券发行的各个环节及相关信息。"}, {"表名": "astockfinancedb.lc_ashareplacement", "说明": "该数据表涉及证券配股的各个方面，涵盖了从初始信息发布到配股完成的整个过程。字段包括基本信息如证券内部编码、首次信息发布日期、配股年度和发行股票类型；时间节点信息如预案发布日期、股东大会决议公告日期、决案公布日、配股说明书刊登日期、配股上市日及相关公告日期；定价和比例信息如定价方式、配股价格确定方式说明、计划和实际配股比例及数量、配股价格上下限和每股配股价格；费用和资金信息如发行费用、承销费用、各类中介机构费用、实际募集资金、募集资金净额及到帐金额；股东和配股对象信息如配股对象、配股对象类别、大股东认配说明及持股5%以上大股东的持股和认配情况；其他重要信息如转配比、转配股、零股处理方法、方案变动说明、承销方式、余股包销数量、公众股东认配情况、计划和实际募集资金总额、配股基准日及配股完成后的每股净资产和收益。该表还记录了各类审批通过日期及事件进程等信息。"}, {"表名": "astockfinancedb.lc_dividend", "说明": "该数据表主要记录证券分红相关信息，涵盖了基本标识信息如证券内部编码和日期；分红方案的详细内容，包括是否分红、每股收益、送股比例、转增股比例、派现金额（含税和税后，人民币和外币）、分红股本基数及送转后总股本等；分红实施的关键时间节点，如预案发布日期、股东大会决议公告日期、股权登记日、除权除息日、红利到账日、分红发放起止日等；分红的对象和金额分布，包括A股和B股的派现金额（人民币和外币），以及公司合计派现金额；方案变更相关信息，如变更前后的分红方案、变更原因及说明；分红执行的其他信息，如利润分配次数、主要分配形式、上下限金额、事件进程及描述等；计算除权价用的调整比例和金额；以及其他辅助信息如方案类型、分红意向公布日、议案编号、最新信息发布日期和备注说明等，全面反映了证券分红的各个方面。"}, {"表名": "astockfinancedb.lc_capitalinvest", "说明": "该数据表包含多方面的信息，涉及公司基础信息如公司代码，以及与募资相关的详细内容，包括募资方式、募资投向项目名称、项目内容、计划和实际投入金额以及截至日期。它还涵盖了项目进展和收益的说明，投向行业和领域等信息。表中记录了改投相关的内容，如是否改投、改投项目及金额。此外，关于收购兼并的细节也被详细描述，包括收购类型、资产的账面价值、评估价值、价格、权益比例，以及项目出让方的相关信息如与出让方的关系、相关股票、企业性质等。收购标的的名称和企业性质也在其中列出。信息的来源和发布时间则通过首次信息发布日期和信息发布日期进行记录。"}, {"表名": "astockfinancedb.lc_balancesheetall", "说明": "该数据表主要涵盖了企业财务及业务信息，分为多个类别：基础信息如信息发布日期、信息来源、公告类别等；时间与调整信息如日期、是否调整、是否合并等；会计与企业属性信息如会计准则、工业企业类型等；资产类信息包括流动资产（如货币资金、应收账款、存货等）、非流动资产（如固定资产、无形资产、长期投资等），以及特殊项目和调整项目；负债类信息包含流动负债（如短期借款、应付账款、预收款项等）、非流动负债（如长期借款、递延所得税负债等），以及负债特殊项目和调整项目；权益类信息包括股东权益（如实收资本、资本公积、盈余公积等）、少数股东权益，以及所有者权益特殊项目和调整项目；金融及投资信息如交易性金融资产、债权投资、权益工具投资等；其他信息包括合同资产与负债、保险合同准备金、租赁资产与负债等；综合类信息如总资产、总负债及股东权益合计等。此外，还包含一些字段的特殊说明、分类汇总及调整字段。"}, {"表名": "astockfinancedb.lc_incomestatementall", "说明": "该数据表涵盖了全面的企业财务和经营信息，主要分为以下几类：基本信息如信息发布日期、信息来源、公司代码等；会计和企业分类信息如会计准则、工业企业类型等；收入和成本信息，包括营业收入、营业总成本、营业利润、非经营性净收益等具体细分项，如利息收入、手续费收入、保费收入、营业税金、管理费用等；利润相关信息，如净利润、归属于母公司和少数股东的净利润、综合收益总额等；资产和负债信息，如资产减值损失、信用减值损失、保险责任准备金等；股东权益类信息，如每股收益、其他综合收益等；特殊项目调整信息，用于反映各类收入、成本、利润和综合收益的特殊或调整项；其他专项收入与支出，如基金管理业务收入、担保业务收入、勘探费用等；此外，还包含一些未分类字段和特殊说明字段，全面支持企业财务分析和信息披露需求。"}, {"表名": "astockfinancedb.lc_cashflowstatementall", "说明": "该数据表主要记录企业财务及运营相关信息，涵盖多个维度的字段。基础信息包括信息发布日期、信息来源、公告类别等；企业属性如公司代码、会计准则、工业企业类型等。财务数据方面，详细记录了现金流相关信息，包括经营活动、投资活动、筹资活动的现金流入、流出及净额，以及特殊项目和调整项目；还包括现金及现金等价物的期初、期末余额及变动情况。收入与支出部分，涉及销售商品、提供劳务、税费返还、利息收入与支出、投资收益、资产处置收益等；成本费用方面，记录了税费支付、职工薪酬、资产折旧与摊销、财务费用等。投资与融资活动中，涵盖了投资支付、借款、债券发行、股利分配等数据。其他补充信息包括净利润及其归属、资产减值准备、递延所得税、存货变化、应收应付款变化、信用减值损失等。此外，还有与金融资产、金融负债、代理业务、回购业务等相关的明细字段，以及一些特殊项目和调整项目，用于对现金流和财务数据进行补充说明，反映企业的全面财务状况。"}, {"表名": "astockfinancedb.lc_intassetsdetail", "说明": "该数据表包含多个字段，涵盖基础信息、研发投入、人员构成及核心技术相关数据。基础信息包括内部编码、公司代码、信息发布日期、信息来源编码及截止日期；状态标识类字段包括是否合并及是否调整；研发投入相关字段包括费用化研发投入、资本化研发投入、研发投入合计及其占营业收入比例，同时还包括资本化研发投入占比；人员构成方面有研发人员数量及占比、核心技术人员数量及占比；核心技术相关数据则包括核心技术营业收入及其占比。这些字段全面记录了企业在研发投入及核心技术方面的资源配置和产出情况。"}, {"表名": "astockfinancedb.lc_mainoperincome", "说明": "该数据表主要用于记录和分析公司在特定日期的经营项目财务信息。字段包括公司标识信息如公司代码；时间信息如日期、日期类型、信息发布日期；数据来源信息如信息来源、信息来源编码；合并与调整状态如合并标志、是否调整；分类与显示信息如分类方式、显示序号、所属层级、上级科目名称；经营项目相关信息如经营项目名称、所属行业、地区与业务性质；财务数据包括主营业务收入、主营业务成本、主营业务利润及其同比变化、毛利率及其同比变化和上年同期数据；其他信息如货币单位。通过这些字段，用户可以分析公司的主营业务表现及其变化趋势。"}, {"表名": "astockfinancedb.lc_operatingstatus", "说明": "该数据表记录了与企业经营相关的关键信息，包含公司代码、日期等基础信息，用于标识企业和时间节点；信息来源与信息发布日期字段记录了数据的出处及发布时间，以确保信息的可靠性和时效性；经营述评字段则提供了对企业经营情况的详细描述，为分析和决策提供支持。"}, {"表名": "astockfinancedb.lc_auditopinion", "说明": "该数据表主要记录与公司审计相关的信息，包含公司标识如公司代码、所属机构等，时间信息如日期、信息发布日期，审计相关内容如会计师事务所、注册会计师、审计意见类型及其全文、审计报告类型，以及信息来源等字段。"}, {"表名": "astockoperationsdb.lc_suppcustdetail", "说明": "该数据表记录了企业关联交易的详细信息，包含信息发布的时间和来源（如信息发布日期、信息来源及其编码），企业及关联方的基本信息（如公司代码、关联企业名称、供应商/客户代码与属性等），交易相关信息（如交易标的名称与代码、交易金额及占比等），以及其他辅助信息（如截止日期、关系所属类型、序号及备注等）。"}, {"表名": "astockoperationsdb.lc_staff", "说明": "该数据表包含与公司和员工分类相关的信息，字段包括公司代码、信息来源、合并标志等基本信息，日期和信息发布日期等时间信息，分类方式、类别名称及分类代码等分类相关内容，最低年龄、最高年龄及员工数量等员工统计数据，以及占总数比例等比例信息，最后还有备注说明字段用于补充说明。"}, {"表名": "astockoperationsdb.lc_rewardstat", "说明": "该数据表主要记录公司管理层及董事津贴与报酬相关信息，包括公司标识信息如公司代码、信息发布日期和来源；日期信息如截止日期；报酬信息如管理层报酬总额、领取报酬的管理层人数、前三名董事及高管的报酬、独立董事津贴（按人及总额）；以及其他补充说明字段如备注说明等。"}]

请选择table，务必遵循输出的格式要求。

>>>>> Agent【Check_db_structure.table_selector】 Said:
【分析】
要查询上海家化在2020年度的合并报表中研发投入的总额和研发人员的数量，需要以下信息：
1. 研发投入的总额：这通常在财务报表的“研发费用”或相关项目中体现。
2. 研发人员的数量：这通常在公司的员工构成或研发相关的详细数据中体现。

根据已知表的信息：
- `astockfinancedb.lc_intassetsdetail` 表包含研发投入和人员构成的相关数据。
- `astockfinancedb.lc_balancesheetall` 表包含财务报表的详细信息，但主要关注资产、负债和权益类信息。
- `astockfinancedb.lc_incomestatementall` 表包含收入和成本信息，可能包含研发费用。

综合考虑，`astockfinancedb.lc_intassetsdetail` 表最直接包含所需的研发投入和研发人员数量信息。

【选中的数据表】
- `astockfinancedb.lc_intassetsdetail`: 这个数据表包含研发投入的总额和研发人员的数量等信息。

【选中的数据库表的清单】
```json
["astockfinancedb.lc_intassetsdetail"]
```


>>>>> 【user】 Said:
已取得可用的数据表的字段信息如下:
[{"表名": "astockfinancedb.lc_intassetsdetail", "表字段": [{"column": "InnerCode", "desc": "内部编码；，得到证券的交易代码、简称等。"}, {"column": "CompanyCode", "desc": "公司代码；，得到上市公司的交易代码、简称等。"}, {"column": "InfoPublDate", "desc": "信息发布日期"}, {"column": "InfoSourceCode", "desc": "信息来源编码；，令LB = 2181 AND DM IN (110101,110102,110103,110104,110105,120102,120103,120104,120105)，得到信息来源编码的具体描述：110101-定期报告:年度报告，110102-定期报告:半年度报告，110103-定期报告:第一季报，110104-定期报告:第三季报，110105-定期报告:审计报告，120102-临时公告:年度报告(更正后)，120103-临时公告:半年度报告(更正后)，120104-临时公告:第一季报(更正后)，120105-临时公告:第三季报(更正后)。"}, {"column": "EndDate", "desc": "截止日期"}, {"column": "IfMerged", "desc": "是否合并；是否合并（IfMerged）固定常量：1-合并，2-母公司"}, {"column": "IfAdjusted", "desc": "是否调整；是否调整(IfAdjusted)固定常量：2-否，1-是"}, {"column": "ExpensedRDInput", "desc": "费用化研发投入(元)"}, {"column": "CapitalizedRDInput", "desc": "资本化研发投入(元)"}, {"column": "TotalRDInput", "desc": "研发投入合计(元)"}, {"column": "RDInputRatio", "desc": "研发投入占营业收入比例(%)"}, {"column": "CapitalizedRDInputR", "desc": "资本化研发投入占比(%)"}, {"column": "RDStaffNum", "desc": "研发人员数量"}, {"column": "RDStaffNumRatio", "desc": "研发人员数量占比(%)"}, {"column": "CoreTechnicalStaffNum", "desc": "核心技术人员数量"}, {"column": "CoreTechnicalStaffR", "desc": "核心技术人员数量占比(%)"}, {"column": "CoreTechnologyOutput", "desc": "核心技术营业收入(元)"}, {"column": "CoreTechnologyOutputR", "desc": "核心技术营业收入占比(%)"}]}]

请选择column，务必遵循输出的格式要求。

>>>>> Agent【Check_db_structure.columns_selector】 Said:
【分析】
用户询问的是上海家化在2020年度的合并报表中的研发投入总额和研发人员数量。需要找到相关的字段来获取这些信息。

【信息所在字段】
- astockfinancedb.lc_intassetsdetail.TotalRDInput: 这个字段可能包含研发投入合计信息，对应用户提问中的研发投入总额
- astockfinancedb.lc_intassetsdetail.RDStaffNum: 这个字段可能包含研发人员数量信息，对应用户提问中的研发人员数量

【筛选条件所在字段】
- astockfinancedb.lc_intassetsdetail.InnerCode: 这个字段可能包含证券内部编码信息，用于筛选上海家化
- astockfinancedb.lc_intassetsdetail.InfoPublDate: 这个字段可能包含信息发布日期信息，用于筛选2020年度的数据
- astockfinancedb.lc_intassetsdetail.IfMerged: 这个字段可能包含是否合并信息，用于筛选合并报表
- astockfinancedb.lc_intassetsdetail.EndDate: 这个字段可能包含截止日期信息，用于进一步确认2020年度的数据

【选中的字段的清单】
```json
{"astockfinancedb.lc_intassetsdetail": ["TotalRDInput", "RDStaffNum", "InnerCode", "InfoPublDate", "IfMerged", "EndDate"]}
```


>>>>> 【user】 Said:
请问上海家化在2020年度的合并报表中，研发投入的总额是多少元（金额保留2位小数），以及该年度研发人员的数量是多少人？

>>>>> Agent【Sql_query.master】 Said:
【已知信息】
- 上海家化的关联信息：
  - 所在数据表：constantdb.secumain
  - InnerCode(证券内部编码)：1437
  - CompanyCode(公司代码)：1303
  - ChiName(中文名称)：上海家化联合股份有限公司
  - EngName(英文名称)：Shanghai Jahwa United Co., Ltd.
  - SecuCode(证券代码)：600315

【当前阶段要获取的信息】
- 2020年度的合并报表中，研发投入的总额（金额保留2位小数）
- 2020年度研发人员的数量

【信息所在字段】
- 研发投入的总额：TotalRDInput
- 研发人员的数量：RDStaffNum

【筛选条件所在字段】
- 信息发布日期：InfoPublDate
- 是否合并：IfMerged

【SQL语句的思路】
1. 从`astockfinancedb.lc_intassetsdetail`表中查询`TotalRDInput`和`RDStaffNum`字段。
2. 使用`InnerCode`字段筛选上海家化的记录。
3. 使用`DATE(InfoPublDate)`字段筛选2020年度的记录。
4. 使用`IfMerged`字段筛选合并报表的记录。

【执行SQL语句】
```exec_sql
SELECT 
    ROUND(TotalRDInput, 2) AS TotalRDInput,
    RDStaffNum
FROM 
    astockfinancedb.lc_intassetsdetail
WHERE 
    InnerCode = 1437
    AND DATE(InfoPublDate) BETWEEN '2020-01-01' AND '2020-12-31'
    AND IfMerged = 1
LIMIT 1;
```

【上述SQL语句的含义】
- 从`astockfinancedb.lc_intassetsdetail`表中查询上海家化（InnerCode = 1437）在2020年度（DATE(InfoPublDate) BETWEEN '2020-01-01' AND '2020-12-31'）的合并报表（IfMerged = 1）中的研发投入总额（TotalRDInput，保留2位小数）和研发人员数量（RDStaffNum）。
- 使用`LIMIT 1`确保只获取一条记录，因为通常每个公司每年只会发布一次合并报表。

>>>>> 查询sql:
SELECT 
    ROUND(TotalRDInput, 2) AS TotalRDInput,
    RDStaffNum
FROM 
    astockfinancedb.lc_intassetsdetail
WHERE 
    InnerCode = 1437
    AND DATE(InfoPublDate) BETWEEN '2020-01-01' AND '2020-12-31'
    AND IfMerged = 1
LIMIT 1;
查询结果:
[{"TotalRDInput": 182820783.03, "RDStaffNum": 234.0}]


>>>>> 【user】 Said:
查询SQL:
SELECT 
    ROUND(TotalRDInput, 2) AS TotalRDInput,
    RDStaffNum
FROM 
    astockfinancedb.lc_intassetsdetail
WHERE 
    InnerCode = 1437
    AND DATE(InfoPublDate) BETWEEN '2020-01-01' AND '2020-12-31'
    AND IfMerged = 1
LIMIT 1;
查询结果:
[{"TotalRDInput": 182820783.03, "RDStaffNum": 234.0}]

请理解查询结果

>>>>> Agent【Sql_query.understand_query_result】 Said:
查询结果表明: 在2020年1月1日至2020年12月31日期间，内部编码为1437的上市公司在合并报表（IfMerged=1）的情况下，其研发投入合计为182,820,783.03元，研发人员数量为234人。


>>>>> 【user】 Said:
查询SQL:
SELECT 
    ROUND(TotalRDInput, 2) AS TotalRDInput,
    RDStaffNum
FROM 
    astockfinancedb.lc_intassetsdetail
WHERE 
    InnerCode = 1437
    AND DATE(InfoPublDate) BETWEEN '2020-01-01' AND '2020-12-31'
    AND IfMerged = 1
LIMIT 1;
查询结果:
[{"TotalRDInput": 182820783.03, "RDStaffNum": 234.0}]

查询结果表明: 在2020年1月1日至2020年12月31日期间，内部编码为1437的上市公司在合并报表（IfMerged=1）的情况下，其研发投入合计为182,820,783.03元，研发人员数量为234人。

当前掌握的信息是否能够回答"请问上海家化在2020年度的合并报表中，研发投入的总额是多少元（金额保留2位小数），以及该年度研发人员的数量是多少人？"？还是要继续执行下一阶段SQL查询？

>>>>> Agent【Sql_query.master】 Said:
【已知信息】
- 上海家化的关联信息：
  - 所在数据表：constantdb.secumain
  - InnerCode(证券内部编码)：1437
  - CompanyCode(公司代码)：1303
  - ChiName(中文名称)：上海家化联合股份有限公司
  - EngName(英文名称)：Shanghai Jahwa United Co., Ltd.
  - SecuCode(证券代码)：600315
- 查询结果：
  - 2020年度合并报表中研发投入总额：182,820,783.03元
  - 2020年度研发人员数量：234人

【当前阶段要获取的信息】
无

【信息所在字段】
无

【筛选条件所在字段】
无

【SQL语句的思路】
无

【执行SQL语句】
无

【上述SQL语句的含义】
无

当前掌握的信息已经能够回答“请问上海家化在2020年度的合并报表中，研发投入的总额是多少元（金额保留2位小数），以及该年度研发人员的数量是多少人？”的问题。具体答案如下：

- 2020年度的合并报表中，上海家化的研发投入总额为182,820,783.03元。
- 该年度的研发人员数量为234人。

因此，无需继续执行下一阶段的SQL查询。


>>>>> 【user】 Said:
充分尊重前面给出的结论，回答问题:"请问上海家化在2020年度的合并报表中，研发投入的总额是多少元（金额保留2位小数），以及该年度研发人员的数量是多少人？"

>>>>> Agent【Sql_query.summary】 Said:
研发投入总额: 182820783.03元, 研发人员数量: 234人
