
>>>>> Original Question: 该股每次配股发行费用总额分别是？配股发行费用总额最高的中文全称是？金额是？


>>>>> 【user】 Said:
下面是已知的事实:
'''
盛新锂能的关联信息有:[所在数据表是constantdb.secumain;InnerCode(证券内部编码)是6828;CompanyCode(公司代码)是74744;ChiName(中文名称)是盛新锂能集团股份有限公司;EngName(英文名称)是Chengxin Lithium Group Co., Ltd.;SecuCode(证券代码)是002240;]
---
盛新锂能集团股份有限公司的关联信息有:[所在数据表是constantdb.secumain;InnerCode(证券内部编码)是6828;CompanyCode(公司代码)是74744;ChiName(中文名称)是盛新锂能集团股份有限公司;EngName(英文名称)是Chengxin Lithium Group Co., Ltd.;SecuCode(证券代码)是002240;]
002240的关联信息有:[所在数据表是constantdb.secumain;InnerCode(证券内部编码)是6828;CompanyCode(公司代码)是74744;ChiName(中文名称)是盛新锂能集团股份有限公司;EngName(英文名称)是Chengxin Lithium Group Co., Ltd.;SecuCode(证券代码)是002240;]
'''
下面是顺序的历史问答:
'''
Question: 盛新锂能发布增发和配股次数分别是多少次？
Answer: 增发次数: 3, 配股次数: 0
Question: 该股每次增发预计募集资金总额分别是？增发预计募集资金总额最高的公司中文全称是？金额是？
Answer: 盛新锂能集团股份有限公司（证券代码002240）每次增发预计募集资金总额分别是：
- 第一次：922500000元
- 第二次：660000000元
- 第三次：950000000元

在所有进行增发的公司中，增发预计募集资金总额最高的公司中文全称是“居然之家新零售集团股份有限公司”，其对应的募集资金总额是35650000000元。
'''
现在用户继续提问，请根据已知信息，理解当前这个问题的完整含义，并重写这个问题使得单独拿出来看仍然能够正确理解：该股每次配股发行费用总额分别是？配股发行费用总额最高的中文全称是？金额是？

>>>>> Agent【rewrite_question】 Said:
盛新锂能集团股份有限公司（证券代码002240）每次配股发行费用总额分别是多少？在所有进行配股的公司中，配股发行费用总额最高的公司中文全称是什么？其对应的发行费用总额是多少？


>>>>> 【user】 Said:
提取下面这段文字里的实体，如公司名、股票代码等，如果识别结果是空，那么就回复No Entities."盛新锂能集团股份有限公司（证券代码002240）每次配股发行费用总额分别是多少？在所有进行配股的公司中，配股发行费用总额最高的公司中文全称是什么？其对应的发行费用总额是多少？"

>>>>> Agent【extract_company】 Said:
```json
["盛新锂能集团股份有限公司", "002240"]
```

>>>>> 查询sql:
SELECT 'constantdb.secumain' AS TableName, InnerCode, CompanyCode, ChiName, EngName, SecuCode
FROM constantdb.secumain 
WHERE SecuCode = '盛新锂能集团股份有限公司'
   OR ChiName LIKE '%盛新锂能集团股份有限公司%'
   OR ChiNameAbbr LIKE '%盛新锂能集团股份有限公司%'
   OR EngName LIKE '%盛新锂能集团股份有限公司%'
   OR EngNameAbbr LIKE '%盛新锂能集团股份有限公司%'
   OR SecuAbbr LIKE '%盛新锂能集团股份有限公司%'
UNION ALL
SELECT 'constantdb.hk_secumain' AS TableName, InnerCode, CompanyCode, ChiName, EngName, SecuCode
FROM constantdb.hk_secumain 
WHERE SecuCode = '%盛新锂能集团股份有限公司%'
   OR ChiName LIKE '%盛新锂能集团股份有限公司%'
   OR ChiNameAbbr LIKE '%盛新锂能集团股份有限公司%'
   OR EngName LIKE '%盛新锂能集团股份有限公司%'
   OR EngNameAbbr LIKE '%盛新锂能集团股份有限公司%'
   OR SecuAbbr LIKE '%盛新锂能集团股份有限公司%'
   OR FormerName LIKE '%盛新锂能集团股份有限公司%'
UNION ALL
SELECT 'constantdb.us_secumain' AS TableName, InnerCode, CompanyCode, ChiName, EngName, SecuCode
FROM constantdb.us_secumain 
WHERE SecuCode = '盛新锂能集团股份有限公司'
   OR ChiName LIKE '%盛新锂能集团股份有限公司%'
   OR EngName LIKE '%盛新锂能集团股份有限公司%'
   OR SecuAbbr LIKE '%盛新锂能集团股份有限公司%';
查询结果:
[{"TableName": "constantdb.secumain", "InnerCode": 6828, "CompanyCode": 74744, "ChiName": "盛新锂能集团股份有限公司", "EngName": "Chengxin Lithium Group Co., Ltd.", "SecuCode": "002240"}]

>>>>> 查询sql:
SELECT 'constantdb.secumain' AS TableName, InnerCode, CompanyCode, ChiName, EngName, SecuCode
FROM constantdb.secumain 
WHERE SecuCode = '002240'
   OR ChiName LIKE '%002240%'
   OR ChiNameAbbr LIKE '%002240%'
   OR EngName LIKE '%002240%'
   OR EngNameAbbr LIKE '%002240%'
   OR SecuAbbr LIKE '%002240%'
UNION ALL
SELECT 'constantdb.hk_secumain' AS TableName, InnerCode, CompanyCode, ChiName, EngName, SecuCode
FROM constantdb.hk_secumain 
WHERE SecuCode = '%002240%'
   OR ChiName LIKE '%002240%'
   OR ChiNameAbbr LIKE '%002240%'
   OR EngName LIKE '%002240%'
   OR EngNameAbbr LIKE '%002240%'
   OR SecuAbbr LIKE '%002240%'
   OR FormerName LIKE '%002240%'
UNION ALL
SELECT 'constantdb.us_secumain' AS TableName, InnerCode, CompanyCode, ChiName, EngName, SecuCode
FROM constantdb.us_secumain 
WHERE SecuCode = '002240'
   OR ChiName LIKE '%002240%'
   OR EngName LIKE '%002240%'
   OR SecuAbbr LIKE '%002240%';
查询结果:
[{"TableName": "constantdb.secumain", "InnerCode": 6828, "CompanyCode": 74744, "ChiName": "盛新锂能集团股份有限公司", "EngName": "Chengxin Lithium Group Co., Ltd.", "SecuCode": "002240"}]

>>>>> 已知事实:
盛新锂能的关联信息有:[所在数据表是constantdb.secumain;InnerCode(证券内部编码)是6828;CompanyCode(公司代码)是74744;ChiName(中文名称)是盛新锂能集团股份有限公司;EngName(英文名称)是Chengxin Lithium Group Co., Ltd.;SecuCode(证券代码)是002240;]
---
盛新锂能集团股份有限公司的关联信息有:[所在数据表是constantdb.secumain;InnerCode(证券内部编码)是6828;CompanyCode(公司代码)是74744;ChiName(中文名称)是盛新锂能集团股份有限公司;EngName(英文名称)是Chengxin Lithium Group Co., Ltd.;SecuCode(证券代码)是002240;]
002240的关联信息有:[所在数据表是constantdb.secumain;InnerCode(证券内部编码)是6828;CompanyCode(公司代码)是74744;ChiName(中文名称)是盛新锂能集团股份有限公司;EngName(英文名称)是Chengxin Lithium Group Co., Ltd.;SecuCode(证券代码)是002240;]

>>>>> 【user】 Said:
请选择db，务必遵循输出的格式要求。

>>>>> Agent【Check_db_structure.db_selector】 Said:
【分析】
用户需要查询盛新锂能集团股份有限公司（证券代码002240）每次配股发行费用总额，以及所有进行配股的公司中，配股发行费用总额最高的公司及其对应的发行费用总额。这涉及到上市公司的配股信息和财务数据。

1. 盛新锂能集团股份有限公司的配股发行费用总额需要从财务数据库中获取。
2. 所有进行配股的公司中，配股发行费用总额最高的公司及其费用总额也需要从财务数据库中获取。

根据知识库，`astockfinancedb`（上市公司财务指标/财务报表/融资与分红）记录了上市公司在不同财务方面的详细数据，包括配股信息。

此外，由于不确定公司是A股还是港股还是美股，所以需要同时选择`astockbasicinfodb`、`hkstockdb`、`usstockdb`以及`constantdb`来确保覆盖所有可能的证券信息。

【选中的数据库】
- `astockfinancedb`: 这个数据库包含上市公司的配股发行费用总额信息。
- `astockbasicinfodb`: 这个数据库包含A股公司的基本信息。
- `hkstockdb`: 这个数据库包含港股公司的基本信息。
- `usstockdb`: 这个数据库包含美股公司的基本信息。
- `constantdb`: 这个数据库包含证券的基础属性与交易信息。

【选中的数据库的清单】
```json
["astockfinancedb", "astockbasicinfodb", "hkstockdb", "usstockdb", "constantdb"]
```


>>>>> 【user】 Said:
数据库表信息如下:
[{"表名": "astockfinancedb.lc_ashareseasonednewissue", "说明": "该数据表主要记录证券发行及相关信息，涵盖以下几大类内容：**基本信息**包括证券内部编码、发行股票类型、发行目的等；**时间信息**如首次信息发布日期、预案发布日期、股东大会决议公告日期、发行日期上下限、承销期上下限、募集资金到帐时间等；**价格信息**包括发行价区间（上限、下限）、实际发行价、承销商指导价格、市盈率（加权平均、全面摊薄等）、价格调整相关字段等；**发行量信息**如发行量上下限、超额配售权、网上网下发行股数、原股东优先配售股数、法人网下配售股数等；**申购及配售信息**包括网上申购代码、申购简称、申购单位、有效申购总量与户数、中签率、配售比例等；**费用信息**如发行费用总额、承销费用、律师费用、资产评估费用、每股发行费用等；**资金信息**如募集资金总额、净额、到帐金额及相关分项（货币、非货币、资产、债权等）；**股东及控股股东信息**如优先配售比例、认购方式、认购数量与比例等；**预测与变动**包括盈利预测、方案变动说明、变动原因、预案价格与基准价格比例等；**公告及审批信息**如证监会批准公告日、方案变动公告日、最新预案公布日期等；**其他信息**如面值、零股处理方法、认购邀请书发送日、是否简易程序等。该表全面涵盖了证券发行的各个环节及相关信息。"}, {"表名": "astockfinancedb.lc_ashareplacement", "说明": "该数据表涉及证券配股的各个方面，涵盖了从初始信息发布到配股完成的整个过程。字段包括基本信息如证券内部编码、首次信息发布日期、配股年度和发行股票类型；时间节点信息如预案发布日期、股东大会决议公告日期、决案公布日、配股说明书刊登日期、配股上市日及相关公告日期；定价和比例信息如定价方式、配股价格确定方式说明、计划和实际配股比例及数量、配股价格上下限和每股配股价格；费用和资金信息如发行费用、承销费用、各类中介机构费用、实际募集资金、募集资金净额及到帐金额；股东和配股对象信息如配股对象、配股对象类别、大股东认配说明及持股5%以上大股东的持股和认配情况；其他重要信息如转配比、转配股、零股处理方法、方案变动说明、承销方式、余股包销数量、公众股东认配情况、计划和实际募集资金总额、配股基准日及配股完成后的每股净资产和收益。该表还记录了各类审批通过日期及事件进程等信息。"}, {"表名": "astockfinancedb.lc_dividend", "说明": "该数据表主要记录证券分红相关信息，涵盖了基本标识信息如证券内部编码和日期；分红方案的详细内容，包括是否分红、每股收益、送股比例、转增股比例、派现金额（含税和税后，人民币和外币）、分红股本基数及送转后总股本等；分红实施的关键时间节点，如预案发布日期、股东大会决议公告日期、股权登记日、除权除息日、红利到账日、分红发放起止日等；分红的对象和金额分布，包括A股和B股的派现金额（人民币和外币），以及公司合计派现金额；方案变更相关信息，如变更前后的分红方案、变更原因及说明；分红执行的其他信息，如利润分配次数、主要分配形式、上下限金额、事件进程及描述等；计算除权价用的调整比例和金额；以及其他辅助信息如方案类型、分红意向公布日、议案编号、最新信息发布日期和备注说明等，全面反映了证券分红的各个方面。"}, {"表名": "astockfinancedb.lc_capitalinvest", "说明": "该数据表包含多方面的信息，涉及公司基础信息如公司代码，以及与募资相关的详细内容，包括募资方式、募资投向项目名称、项目内容、计划和实际投入金额以及截至日期。它还涵盖了项目进展和收益的说明，投向行业和领域等信息。表中记录了改投相关的内容，如是否改投、改投项目及金额。此外，关于收购兼并的细节也被详细描述，包括收购类型、资产的账面价值、评估价值、价格、权益比例，以及项目出让方的相关信息如与出让方的关系、相关股票、企业性质等。收购标的的名称和企业性质也在其中列出。信息的来源和发布时间则通过首次信息发布日期和信息发布日期进行记录。"}, {"表名": "astockfinancedb.lc_balancesheetall", "说明": "该数据表主要涵盖了企业财务及业务信息，分为多个类别：基础信息如信息发布日期、信息来源、公告类别等；时间与调整信息如日期、是否调整、是否合并等；会计与企业属性信息如会计准则、工业企业类型等；资产类信息包括流动资产（如货币资金、应收账款、存货等）、非流动资产（如固定资产、无形资产、长期投资等），以及特殊项目和调整项目；负债类信息包含流动负债（如短期借款、应付账款、预收款项等）、非流动负债（如长期借款、递延所得税负债等），以及负债特殊项目和调整项目；权益类信息包括股东权益（如实收资本、资本公积、盈余公积等）、少数股东权益，以及所有者权益特殊项目和调整项目；金融及投资信息如交易性金融资产、债权投资、权益工具投资等；其他信息包括合同资产与负债、保险合同准备金、租赁资产与负债等；综合类信息如总资产、总负债及股东权益合计等。此外，还包含一些字段的特殊说明、分类汇总及调整字段。"}, {"表名": "astockfinancedb.lc_incomestatementall", "说明": "该数据表涵盖了全面的企业财务和经营信息，主要分为以下几类：基本信息如信息发布日期、信息来源、公司代码等；会计和企业分类信息如会计准则、工业企业类型等；收入和成本信息，包括营业收入、营业总成本、营业利润、非经营性净收益等具体细分项，如利息收入、手续费收入、保费收入、营业税金、管理费用等；利润相关信息，如净利润、归属于母公司和少数股东的净利润、综合收益总额等；资产和负债信息，如资产减值损失、信用减值损失、保险责任准备金等；股东权益类信息，如每股收益、其他综合收益等；特殊项目调整信息，用于反映各类收入、成本、利润和综合收益的特殊或调整项；其他专项收入与支出，如基金管理业务收入、担保业务收入、勘探费用等；此外，还包含一些未分类字段和特殊说明字段，全面支持企业财务分析和信息披露需求。"}, {"表名": "astockfinancedb.lc_cashflowstatementall", "说明": "该数据表主要记录企业财务及运营相关信息，涵盖多个维度的字段。基础信息包括信息发布日期、信息来源、公告类别等；企业属性如公司代码、会计准则、工业企业类型等。财务数据方面，详细记录了现金流相关信息，包括经营活动、投资活动、筹资活动的现金流入、流出及净额，以及特殊项目和调整项目；还包括现金及现金等价物的期初、期末余额及变动情况。收入与支出部分，涉及销售商品、提供劳务、税费返还、利息收入与支出、投资收益、资产处置收益等；成本费用方面，记录了税费支付、职工薪酬、资产折旧与摊销、财务费用等。投资与融资活动中，涵盖了投资支付、借款、债券发行、股利分配等数据。其他补充信息包括净利润及其归属、资产减值准备、递延所得税、存货变化、应收应付款变化、信用减值损失等。此外，还有与金融资产、金融负债、代理业务、回购业务等相关的明细字段，以及一些特殊项目和调整项目，用于对现金流和财务数据进行补充说明，反映企业的全面财务状况。"}, {"表名": "astockfinancedb.lc_intassetsdetail", "说明": "该数据表包含多个字段，涵盖基础信息、研发投入、人员构成及核心技术相关数据。基础信息包括内部编码、公司代码、信息发布日期、信息来源编码及截止日期；状态标识类字段包括是否合并及是否调整；研发投入相关字段包括费用化研发投入、资本化研发投入、研发投入合计及其占营业收入比例，同时还包括资本化研发投入占比；人员构成方面有研发人员数量及占比、核心技术人员数量及占比；核心技术相关数据则包括核心技术营业收入及其占比。这些字段全面记录了企业在研发投入及核心技术方面的资源配置和产出情况。"}, {"表名": "astockfinancedb.lc_mainoperincome", "说明": "该数据表主要用于记录和分析公司在特定日期的经营项目财务信息。字段包括公司标识信息如公司代码；时间信息如日期、日期类型、信息发布日期；数据来源信息如信息来源、信息来源编码；合并与调整状态如合并标志、是否调整；分类与显示信息如分类方式、显示序号、所属层级、上级科目名称；经营项目相关信息如经营项目名称、所属行业、地区与业务性质；财务数据包括主营业务收入、主营业务成本、主营业务利润及其同比变化、毛利率及其同比变化和上年同期数据；其他信息如货币单位。通过这些字段，用户可以分析公司的主营业务表现及其变化趋势。"}, {"表名": "astockfinancedb.lc_operatingstatus", "说明": "该数据表记录了与企业经营相关的关键信息，包含公司代码、日期等基础信息，用于标识企业和时间节点；信息来源与信息发布日期字段记录了数据的出处及发布时间，以确保信息的可靠性和时效性；经营述评字段则提供了对企业经营情况的详细描述，为分析和决策提供支持。"}, {"表名": "astockfinancedb.lc_auditopinion", "说明": "该数据表主要记录与公司审计相关的信息，包含公司标识如公司代码、所属机构等，时间信息如日期、信息发布日期，审计相关内容如会计师事务所、注册会计师、审计意见类型及其全文、审计报告类型，以及信息来源等字段。"}, {"表名": "astockbasicinfodb.lc_stockarchives", "说明": "该数据表主要记录了公司的基本信息、联系方式、经营信息及证券信息等内容。其中，公司基本信息包括公司代码、国别、中文名称、法人代表、总经理、法律顾问、会计师事务所、公司成立日期、首次注册登记地点、企业法人营业执照注册号、所属区县及地区代码；联系方式涵盖联系人电话、传真、电子邮箱，公司注册地址、办公地址、联系地址及其对应的邮编，董秘及证券事务代表的电话、传真、电子邮件，以及公司邮箱和网址；经营信息涉及公司所属证监会行业、主营及兼营范围；证券信息包括A股、B股、H股及CDR证券的简称和代码，扩位简称，以及尚未盈利标识、特殊表决权标识、协议控制架构标识、红筹企业标识；此外，还包括信息披露相关内容如披露网址、披露报纸，以及公司简介等。"}, {"表名": "astockbasicinfodb.lc_namechange", "说明": "该数据表主要记录公司基本信息及相关公告，包括公司代码、中文及英文名称（全称与缩写）、信息来源和发布日期等基本信息；还涵盖重要事件如股东大会决议公告日期、是否否决决议、全称更改日期等关键时间节点，便于追踪企业动态与重要决策信息。"}, {"表名": "astockbasicinfodb.lc_business", "说明": "该数据表主要用于记录公司基本信息及相关业务情况，包括公司代码、信息发布日期和来源等基础信息；股东大会决议公告日期及是否否决的决议结果等决策信息；经营范围及主要业务、产品名称等经营信息；涉及行业的分类信息，如行业代码、行业类别及涉足行业等；此外，还包括简称变更原因等补充说明字段。"}, {"表名": "hkstockdb.hk_employeechange", "说明": "该数据表主要记录证券相关信息，包括证券内部代码、信息发布日期与来源等基本信息；股东大会公告日期及相关生效与失效日期等时间信息；是否有效的状态标识；以及变更前后员工数量的对比等数据。"}, {"表名": "hkstockdb.hk_stockarchives", "说明": "该数据表主要记录公司基本信息及相关属性，涵盖了公司标识信息如公司代码、中文名称、企业类别及描述等；成立及注册信息如公司成立日期、注册地、注册资本及其货币单位等；行业分类信息如所属行业（港交所、恒生）等；管理层信息如主席、公司秘书、合资格会计师等；办公及运营信息如注册办事处、总办事处及主要营业地点、股份过户处（香港）等；联系方式如电话、传真、邮箱、公司网址等；以及其他信息如公司业务、公司简介、审计机构等，全面反映了公司的基本情况和运营特征。"}, {"表名": "hkstockdb.cs_hkstockperformance", "说明": "该数据表主要用于记录证券交易及相关指标的详细信息，涵盖了基础信息如证券内部编码、交易日、货币代码等；价格信息包括昨收盘、今开盘、最高价、最低价、收盘价、均价、复权最高价及最低价等；成交信息如成交量、成交金额、换手率等；涨跌信息包括涨跌金额、涨跌幅、振幅等；市值信息如总市值、流通市值等；周期指标覆盖近一周、本周、近一月、本月、近三个月、近六个月、近一年及今年以来的成交、涨跌、振幅、换手率、均价、市值等详细数据，且提供各周期的日均指标；此外，还包含上市以来的复权价格及其对应日期等。"}, {"表名": "usstockdb.us_companyinfo", "说明": "该数据表主要记录公司的基本信息，包括公司标识信息如公司代码、英文名称及其缩写、中文名称；地址信息如公司地址、城市、省份、邮编、国家及国家代码；联系方式如电话、传真；公司描述信息如公司简介、英文公司简介、英文业务简介；注册地信息如注册地国家、注册地省份/州；其他信息如成立日期及其精度、公司类型、是否公司总部，以及链接地址等。"}, {"表名": "usstockdb.us_dailyquote", "说明": "该数据表记录了证券交易的详细信息，包括交易日和证券内部代码用于标识交易记录，开盘价、最高价、最低价和收盘价用于描述当天的价格波动，成交量和成交额反映市场活跃程度，每股收益TTM和证券总市值提供了盈利能力和规模的财务指标，证券总股本用于计算市场相关比率，昨收盘和日涨跌则用于分析价格变动趋势，涨跌幅百分比和均价提供了额外的市场表现信息。"}, {"表名": "constantdb.secumain", "说明": "该数据表主要用于描述证券的基本信息，包括标识信息如证券内部编码、公司代码、证券代码，名称信息如中文名称、中文名称缩写、英文名称、英文名称缩写、证券简称及其拼音和扩位形式，市场和类别信息如证券市场、证券类别，上市相关信息如上市日期、上市板块、上市状态，以及国际标准化标识如ISIN代码等，全面覆盖了证券的核心属性及其分类与标识信息。"}, {"表名": "constantdb.hk_secumain", "说明": "该数据表包含证券的基本信息和交易相关数据，包括唯一标识的内部编码、公司代码和证券代码，以及中文和英文的名称及其缩写和拼音简称。证券的市场、类别、上市日期、板块、状态、曾用名和退市日期等信息描述了证券的上市情况。交易相关的信息包括买卖单位、交易货币类别和国际通用的ISIN代码。"}, {"表名": "constantdb.ct_systemconst", "说明": "该数据表主要用于存储与常量相关的信息，包括分类和具体值。字段涵盖常量分类的编码和名称（如常量分类编码LB、常量分类名称LBMC）、常量的描述信息（如常量描述MS）、常量的具体标识代码（如常量代码DM），以及不同类型的常量值（如浮点值FVALUE、整型值IVALUE、日期值DVALUE、字符值CVALUE），以便对常量进行分类管理和多维度存储。"}, {"表名": "constantdb.qt_tradingdaynew", "说明": "该数据表记录了与交易日期相关的多维信息，包括日期（TradingDate）、证券市场（SecuMarket）等基础字段，同时标注了日期属性，如是否为交易日（IfTradingDay）、是否为周、月、季、年最后一个交易日（IfWeekEnd、IfMonthEnd、IfQuarterEnd、IfYearEnd），全面反映了日期在不同周期维度下的交易属性。"}, {"表名": "constantdb.lc_areacode", "说明": "该数据表主要用于记录地区相关信息，包含地区编码信息如地区内部编码、地区行政编码、一级和二级区划代码，地区名称信息如中文名称、英文名称及其缩写，层级结构信息如父节点代码和名称，状态信息如是否有效及取消日期，变更记录如变更内容，以及备注等辅助信息。"}, {"表名": "constantdb.us_secumain", "说明": "该数据表主要用于记录证券的基本信息，包括标识信息如证券内部编码、证券代码、ISIN代码等，名称信息如证券简称、拼音简称、中文名称、英文名称等，分类信息如证券类别、证券市场、上市板块等，状态信息如上市日期、退市日期、上市状态等，以及关联信息如公司代码等。"}]

请选择table，务必遵循输出的格式要求。

>>>>> Agent【Check_db_structure.table_selector】 Said:
【分析】
用户需要查询盛新锂能集团股份有限公司（证券代码002240）每次配股发行费用总额，以及在所有进行配股的公司中，配股发行费用总额最高的公司及其对应的发行费用总额。这涉及到配股相关的费用信息和公司基本信息。

【选中的数据表】
- astockfinancedb.lc_ashareplacement: 该数据表涉及证券配股的各个方面，包括发行费用信息。
- constantdb.secumain: 该数据表包含证券的基本信息，用于确认公司代码和证券代码的对应关系。

【选中的数据库表的清单】
```json
["astockfinancedb.lc_ashareplacement", "constantdb.secumain"]
```


>>>>> 【user】 Said:
已取得可用的数据表的字段信息如下:
[{"表名": "astockfinancedb.lc_ashareplacement", "表字段": [{"column": "InnerCode", "desc": "证券内部编码"}, {"column": "InitialInfoPublDate", "desc": "首次信息发布日期"}, {"column": "PlaYear", "desc": "配股年度"}, {"column": "StockType", "desc": "发行股票类型；发行股票类型(StockType)与(CT_SystemConst)表中的DM字段关联，令LB = 1177 AND DM IN (1,3)，得到发行股票类型的具体描述：1-A股，3-H股。"}, {"column": "AdvanceDate", "desc": "预案发布日期"}, {"column": "SMDeciPublDate", "desc": "股东大会决议公告日期"}, {"column": "PricingModel", "desc": "定价方式；配股价格确定方式(PricingModel)与(CT_SystemConst)表中的DM字段关联，令LB = 1113，得到配股价格确定方式的具体描述：1-设定区间，2-市价折扣。"}, {"column": "PricingDescription", "desc": "配股价格确定方式说明"}, {"column": "AdvanceValidStartDate", "desc": "预案有效期起始日"}, {"column": "AdvanceValidEndDate", "desc": "预案有效期截止日"}, {"column": "PlaRatioPlanned", "desc": "计划配股比例(10配X)"}, {"column": "PlaPriceCeiling", "desc": "配股价格上限(最高价)(元)"}, {"column": "PlaPriceFloor", "desc": "配股价格下限(最低价)(元)"}, {"column": "DeciPublDate", "desc": "决案公布日"}, {"column": "PlaProspectusPublDate", "desc": "配股说明书刊登日期"}, {"column": "PlaAbbrName", "desc": "配股简称"}, {"column": "PlaCode", "desc": "配股代码"}, {"column": "BaseShares", "desc": "配股股本基数(股)"}, {"column": "PlannedPlaVol", "desc": "计划配股数量(股)"}, {"column": "ActualPlaRatio", "desc": "实际配股比例(10配X)"}, {"column": "ActualPlaVol", "desc": "实际配股数量(股)"}, {"column": "PlaObject", "desc": "配股对象"}, {"column": "ParValue", "desc": "面值(人民币)"}, {"column": "PlaPrice", "desc": "每股配股价格(元)"}, {"column": "TransferPlaRatio", "desc": "转配比(10转配X)"}, {"column": "TransferPlaVol", "desc": "转配股(股)"}, {"column": "TransferFeePerShare", "desc": "每股转配费(元)"}, {"column": "OddLotsTreatment", "desc": "零股处理方法；零股处理方法(OddLotsTreatment)与(CT_SystemConst)表中的DM字段关联，令LB = 1218，得到零股处理方法的具体描述：1-不足一股不予配售，2-不足一股四舍五入，3-不足一股累计后随机配售，4-不足一股依据精确算法处理。"}, {"column": "PlaProceeds", "desc": "实际募集资金(元)"}, {"column": "PlaCost", "desc": "发行费用总额(元)"}, {"column": "UnderwritingFee", "desc": "承销费用(元)"}, {"column": "CPAFee", "desc": "注册会计师费用(元)"}, {"column": "AssetAppraisalFee", "desc": "资产评估费用(元)"}, {"column": "LandEvaluationFee", "desc": "土地评估费用(元)"}, {"column": "AttorneyFee", "desc": "律师费用(元)"}, {"column": "TotalAgentFee", "desc": "中介机构费合计(元)"}, {"column": "OnlineIssueFee", "desc": "上网发行费用(元)"}, {"column": "ScripFee", "desc": "股票登记费用(元)"}, {"column": "SponsorFee", "desc": "上市推荐费用(元)"}, {"column": "OtherFee", "desc": "其他费用(元)"}, {"column": "PlaNetProceeds", "desc": "募集资金净额(元)"}, {"column": "RightRegDate", "desc": "股权登记日"}, {"column": "ExRightDate", "desc": "除权日"}, {"column": "PayStartDate", "desc": "缴费起始"}, {"column": "PayEndDate", "desc": "缴费截止"}, {"column": "DateToAccount", "desc": "募集资金到帐时间"}, {"column": "MoneyToAccount", "desc": "募集资金到帐金额(元)"}, {"column": "PlaListDate", "desc": "配股上市日"}, {"column": "LargeSHSubsStatement", "desc": "大股东认配说明"}, {"column": "SchemeChange", "desc": "方案是否变更；方案是否变更(SchemeChange)与(CT_SystemConst)表中的DM字段关联，令LB = 1194，得到方案是否变更的具体描述：1-否，2-是，3-放弃或股东大会否决，4-可转债改增发，5-可转债改配股，6-增发改配股，7-增发改可转债，8-配股改可转债，9-配股改增发，10-未核准，11-更改发行规模，12-延长有效期，13-其他，14-回拨后发行未成功，15-推迟未发行，16-分红调整行使价，17-重新发行，18-未发行，19-宣布发行不成功。"}, {"column": "ChangeStatement", "desc": "方案变动说明"}, {"column": "UnderwritingMode", "desc": "承销方式；承销方式(UnderwritingMode)与(CT_SystemConst)表中的DM字段关联，令LB = 1017，得到承销方式的具体描述：1-全额包销，2-余额包销，3-代销，4-自销，5-限额包销，8-非包销，9-余额包销及代销相结合，10-自销及代销相结合。"}, {"column": "UnderwriterBoughtVol", "desc": "余股包销数量(股)"}, {"column": "PublicSHSubscriptionEsti", "desc": "公众股东预计认配股数(股)"}, {"column": "PublicSHSubscriptionActu", "desc": "公众股东实际认配股数(股)"}, {"column": "PlannedPlaProceeds", "desc": "计划募集资金总额(元)"}, {"column": "AdjustedPlaRatioPl", "desc": "最新计划配股比例(10配X)"}, {"column": "AdjustedPlaVolPl", "desc": "最新计划配股数量(股)"}, {"column": "UWSponFee", "desc": "1)承销保荐费用合计(元)"}, {"column": "CPAAppraisalFee", "desc": "2)审计验资及评估费用合计(元)"}, {"column": "CSRCIACApprovalDate", "desc": "证监会发审委通过公告日"}, {"column": "SASACApprovalPublDate", "desc": "国资委通过公告日"}, {"column": "CSRCApprovalPublDate", "desc": "证监会批准公告日"}, {"column": "ExApprovalPublDate", "desc": "交易所审核通过日"}, {"column": "IssueMethod", "desc": "发行方式；发行方式(IssueMethod)与(CT_SystemConst)表中的DM字段关联，令LB = 2375，得到发行方式的具体描述：1-网上定价，2-无限售流通股网上定价、有限售流通股网下定价，3-其他。"}, {"column": "EventProcedureCode", "desc": "事件进程；事件进程(EventProcedureCode)与(CT_SystemConst)表中的DM字段关联，令LB = 1640，得到事件进程的具体描述：1-意向，10-董事会预案，20-股东大会通过，21-国资委通过，22-发审委通过，23-证监会通过，24-上市委通过，25-银保监会通过，26-证监会受理，29-实施中，30-实施完成，40-国资委否决，41-股东大会否决，42-证监会否决，43-发审委否决，44-上市委否决，45-董事会否决，50-延期实施，60-停止实施，61-发行前终止，62-发行后终止，70-暂缓发行，80-注册中，90-实施失败。"}, {"column": "LatestInfoPublDate", "desc": "最新公告日期"}, {"column": "PlaProspectus", "desc": "配股说明"}, {"column": "ResultPulbDate", "desc": "配股结果公告日"}, {"column": "ListAnnounceDate", "desc": "配股上市公告日"}, {"column": "PlannedBaseShares", "desc": "计划配股股本基数(股)"}, {"column": "PlaObjectCategory", "desc": "配股对象类别；配股对象类别(PlaObjectCategory)与(CT_SystemConst)表中的DM字段关联，令LB=1197 and DM in (1,7,10) ，得到配股对象类别的具体描述：1-全体股东，7-无限售股东，10-流通股东。"}, {"column": "PlaBaseDate", "desc": "配股基准日"}, {"column": "LargeSHHoldSum", "desc": "持股5%以上大股东持股数(股)"}, {"column": "LargeSHSubscripEsti", "desc": "持股5%以上大股东计划认配股数(股)"}, {"column": "LargeSHSubscripActu", "desc": "持股5%以上大股东实际认配股数(股)"}, {"column": "NAPSAfterAllotment", "desc": "配股完成后预计每股净资产(元)"}, {"column": "EPSAfterAllotment", "desc": "配股完成后预计每股收益(元)"}]}, {"表名": "constantdb.secumain", "表字段": [{"column": "InnerCode", "desc": "证券内部编码"}, {"column": "CompanyCode", "desc": "公司代码；公司代码(CompanyCode)：当本表SecuCategory IN (8,13)即基金相关时，对应的基金管理人代码可通过本表InnerCode关联MF_FundArchives.InnerCode，取MF_FundArchives.InvestAdvisorCode"}, {"column": "SecuCode", "desc": "证券代码"}, {"column": "ChiName", "desc": "中文名称"}, {"column": "ChiNameAbbr", "desc": "中文名称缩写"}, {"column": "EngName", "desc": "英文名称"}, {"column": "EngNameAbbr", "desc": "英文名称缩写"}, {"column": "SecuAbbr", "desc": "证券简称"}, {"column": "ChiSpelling", "desc": "拼音证券简称"}, {"column": "ExtendedAbbr", "desc": "扩位简称"}, {"column": "ExtendedSpelling", "desc": "拼音扩位简称"}, {"column": "SecuMarket", "desc": "证券市场；证券市场(SecuMarket)与(CT_SystemConst)表中的DM字段关联，令LB = 201 AND DM IN (10,12,13,14,15,16,18,40,49,50,52,54,55,56,65,66,67,68,69,70,71,72,73,75,76,77,78,79,80,81,83,84,85,86,87,88,89,90,93,94,95,96,99,100,101,102,103,104,105,106,107,110,161,162,180,200,202,210,230,240,260,280,310,320,390,400,620,630,631,640,641,650,653,654,655,657,658,659,660,661,662,663,664,666,667,66302,66303,66305)，得到证券市场的具体描述：10-上海期货交易所，12-中国银行间外汇市场，13-大连商品交易所，14-上海黄金交易所，15-郑州商品交易所，16-上海票据交易所，18-北京证券交易所，40-芝加哥商业交易所，49-澳大利亚证券交易所，50-新西兰证券交易所，52-埃及开罗及亚历山大证券交易所，54-阿根廷布宜诺斯艾利斯证券交易所，55-巴西圣保罗证券交易所，56-墨西哥证券交易所，65-印度尼西亚证券交易所，66-泰国证券交易所，67-韩国首尔证券交易所，68-东京证券交易所，69-新加坡证券交易所，70-台湾证券交易所，71-柜台交易市场，72-香港联交所，73-一级市场，75-亚洲其他交易所，76-美国证券交易所，77-美国纳斯达克证券交易所，78-纽约证券交易所，79-美国其他交易市场，80-加拿大多伦多证券交易所，81-三板市场，83-上海证券交易所，84-其他市场，85-伦敦证券交易所，86-法国巴黎证券交易所，87-德国法兰克福证券交易所，88-欧洲其他交易所，89-银行间债券市场，90-深圳证券交易所，93-上海银行间同业拆借市场，94-瑞士证券交易所，95-荷兰阿姆斯特丹证券交易所，96-约翰内斯堡证券交易所，99-东京同业拆借市场，100-美国国债回购市场，101-伦敦银行同业拆借市场，102-香港银行同业拆借市场，103-新加坡银行同业拆借市场，104-中国银行同业拆借市场，105-欧元银行同业拆借市场，106-布鲁塞尔证券交易所，107-雅加达证券交易所，110-以色列特拉维夫证券交易所，161-意大利证券交易所，162-哥本哈根证券交易所，180-挪威奥斯陆证券交易所，200-斯德哥尔摩证券交易所，202-伊斯坦布尔证券交易所，210-印度国家证券交易所，230-奥地利维也纳证券交易所，240-西班牙马德里证券交易所，260-爱尔兰证券交易所，280-菲律宾证券交易所，310-机构间私募产品报价与服务系统，320-俄罗斯莫斯科证券交易所，390-里斯本证券交易所，400-芝加哥期权交易所，620-胡志明市证券交易所，630-沪市代理深市市场，631-沪市代理港交所市场，640-深市代理沪市市场，641-深市代理港交所市场，650-国际外汇市场(晨星)，653-上海环境能源交易所，654-北京绿色交易所，655-天津碳排放权交易中心，657-湖北碳排放权交易中心，658-重庆碳排放权交易中心，659-四川联合环境交易所，660-广州碳排放权交易所，661-海峡股权交易中心，662-深圳排放权交易所，663-欧洲能源交易所，664-全国碳排放权交易，666-布达佩斯证券交易所，667-全国温室气体自愿减排交易市场，66302-韩国ETS，66303-加拿大魁北克Cap-and-Trade(CaT)，66305-美国区域温室气体倡议（RGGI）。"}, {"column": "SecuCategory", "desc": "证券类别；证券类别(SecuCategory)与(CT_SystemConst)表中的DM字段关联，令LB = 1177 AND DM IN (1,2,4,5,6,7,8,9,10,11,12,13,14,15,16,17,18,19,20,21,23,26,27,28,29,30,31,32,33,35,36,37,38,39,40,41,42,43,44,45,46,47,55,79,80,211)，得到证券类别的具体描述：1-A股，2-B股，4-大盘，5-国债回购，6-国债现货，7-金融债券，8-开放式基金，9-可转换债券，10-其他，11-企业债券，12-企业债券回购，13-投资基金，14-央行票据，15-深市代理沪市股票，16-沪市代理深市股票，17-资产支持证券，18-资产证券化产品，19-买断式回购，20-衍生权证，21-股本权证，23-商业银行定期存款，26-收益增长线，27-新质押式回购，28-地方政府债，29-可交换公司债，30-拆借，31-信用风险缓释工具，32-浮息债计息基准利率，33-定期存款凭证，35-大额存款凭证，36-债券借贷，37-存款类机构质押式回购，38-存款类机构信用拆借，39-现货，40-货币对，41-中国存托凭证，42-协议回购，43-三方回购，44-利率互换品种，45-标准利率互换合约，46-报价回购，47-标准化票据，55-优先股，79-深市代理港交所股票，80-沪市代理港交所股票，211-自贸区债。"}, {"column": "ListedDate", "desc": "上市日期"}, {"column": "ListedSector", "desc": "上市板块；上市板块(ListedSector)与(CT_SystemConst)表中的DM字段关联，令LB = 207 AND DM IN (1,2,3,4,5,6,7,8)，得到上市板块的具体描述：1-主板，2-中小企业板，3-三板，4-其他，5-大宗交易系统，6-创业板，7-科创板，8-北交所股票。"}, {"column": "ListedState", "desc": "上市状态；上市状态(ListedState)与(CT_SystemConst)表中的DM字段关联，令LB = 1176 AND DM IN (1,3,5,9)，得到上市状态的具体描述：1-上市，3-暂停，5-终止，9-其他。"}, {"column": "ISIN", "desc": "ISIN代码"}]}]

请选择column，务必遵循输出的格式要求。

>>>>> Agent【Check_db_structure.columns_selector】 Said:
【分析】
用户提问涉及两部分信息：
1. 盛新锂能集团股份有限公司（证券代码002240）每次配股发行费用总额。
2. 所有进行配股的公司中，配股发行费用总额最高的公司中文全称及其对应的发行费用总额。

【信息所在字段】
- astockfinancedb.lc_ashareplacement.PlaCost: 这个字段可能包含配股发行费用总额信息，对应用户提问中的发行费用总额。
- constantdb.secumain.ChiName: 这个字段可能包含公司中文全称信息，对应用户提问中的公司中文全称。
- constantdb.secumain.SecuCode: 这个字段可能包含证券代码信息，对应用户提问中的证券代码002240。

【筛选条件所在字段】
- astockfinancedb.lc_ashareplacement.InnerCode: 这个字段用于关联证券内部编码，对应用户提问中的公司筛选。
- constantdb.secumain.InnerCode: 这个字段用于关联证券内部编码，对应用户提问中的公司筛选。
- constantdb.secumain.SecuCode: 这个字段用于筛选特定证券代码，对应用户提问中的证券代码002240。

【选中的字段的清单】
```json
{
  "astockfinancedb.lc_ashareplacement": ["PlaCost", "InnerCode"],
  "constantdb.secumain": ["ChiName", "SecuCode", "InnerCode"]
}
```


>>>>> 【user】 Said:
之前已查询到信息如下:
查询结果表明: 该查询统计了证券内部编码为6828的股票在不同增发类别下的发行次数。具体来说，增发类别为非公开增发（21）、公开增发（22）和非公开增发配套融资（23）的总次数为3次，而增发类别为配股（24）和配股改可转债（25）的总次数为0次。字段名IncreaseIssueCount表示增发次数，字段名RightsIssueCount表示配股次数。
---
查询结果表明: 对于证券内部编码为6828的记录，在增发类别为非公开增发（21）、公开增发（22）或非公开增发配套融资（23）的情况下，预计募集资金总额分别为922,500,000元、660,000,000元和950,000,000元。
---
查询结果表明: 证券内部编码为442的记录在增发类别为非公开增发、公开增发或非公开增发配套融资（IssueType为21、22、23）且增发处于正常有效状态（IfEffected为1）的条件下，预计募集资金总额（PlannedProceeds）为356.5亿元，是所有符合条件的记录中预计募集资金总额最高的。
---
查询结果表明: 查询到的证券内部编码为442的证券中文名称是“居然之家新零售集团股份有限公司”。

请问:盛新锂能集团股份有限公司（证券代码002240）每次配股发行费用总额分别是多少？在所有进行配股的公司中，配股发行费用总额最高的公司中文全称是什么？其对应的发行费用总额是多少？

>>>>> Agent【Sql_query.master】 Said:
【已知信息】
- 盛新锂能集团股份有限公司的证券代码是002240，证券内部编码是6828。
- 已知配股的增发类别代码为24和25。
- 配股发行费用总额的信息可能在`astockfinancedb.lc_ashareplacement`表中。

【当前阶段要获取的信息】
- 盛新锂能集团股份有限公司每次配股的发行费用总额。
- 所有进行配股的公司中，配股发行费用总额最高的公司中文全称及其对应的发行费用总额。

【信息所在字段】
- 发行费用总额：`PlaCost`（在`astockfinancedb.lc_ashareplacement`表中）
- 公司名称：`ChiName`（在`constantdb.secumain`表中）

【筛选条件所在字段】
- 证券内部编码：`InnerCode`（在`astockfinancedb.lc_ashareplacement`表中）
- 增发类别：`IssueType`（在`astockfinancedb.lc_ashareplacement`表中）

【SQL语句的思路】
1. 首先查询盛新锂能集团股份有限公司每次配股的发行费用总额。
2. 然后查询所有进行配股的公司中，配股发行费用总额最高的公司及其金额。

【执行SQL语句】
```exec_sql
SELECT PlaCost
FROM astockfinancedb.lc_ashareplacement
WHERE InnerCode = 6828 AND IssueType IN (24, 25);
```

【上述SQL语句的含义】
- 从`astockfinancedb.lc_ashareplacement`表中筛选出证券内部编码为6828且增发类别为24或25的记录，获取其发行费用总额。

下一步将根据此次查询结果，继续查询配股发行费用总额最高的公司及其金额。

>>>>> 查询sql:
SELECT PlaCost
FROM astockfinancedb.lc_ashareplacement
WHERE InnerCode = 6828 AND IssueType IN (24, 25);
查询失败: 查询执行失败: (mysql.connector.errors.ProgrammingError) 1054 (42S22): Unknown column 'IssueType' in 'where clause'
[SQL: SELECT PlaCost
FROM astockfinancedb.lc_ashareplacement
WHERE InnerCode = 6828 AND IssueType IN (24, 25);]
(Background on this error at: https://sqlalche.me/e/20/f405)


>>>>> 【user】 Said:
查询SQL:
SELECT PlaCost
FROM astockfinancedb.lc_ashareplacement
WHERE InnerCode = 6828 AND IssueType IN (24, 25);
查询发生异常：查询执行失败: (mysql.connector.errors.ProgrammingError) 1054 (42S22): Unknown column 'IssueType' in 'where clause'
[SQL: SELECT PlaCost
FROM astockfinancedb.lc_ashareplacement
WHERE InnerCode = 6828 AND IssueType IN (24, 25);]
(Background on this error at: https://sqlalche.me/e/20/f405)

请修正

>>>>> Agent【Sql_query.master】 Said:
【已知信息】
- 盛新锂能集团股份有限公司的证券代码是002240，证券内部编码是6828。
- 已知配股的增发类别代码为24和25。
- 配股发行费用总额的信息可能在`astockfinancedb.lc_ashareplacement`表中。
- `IssueType`字段在`astockfinancedb.lc_ashareplacement`表中不存在。

【当前阶段要获取的信息】
- 盛新锂能集团股份有限公司每次配股的发行费用总额。

【信息所在字段】
- 发行费用总额：`PlaCost`（在`astockfinancedb.lc_ashareplacement`表中）

【筛选条件所在字段】
- 证券内部编码：`InnerCode`（在`astockfinancedb.lc_ashareplacement`表中）

【SQL语句的思路】
1. 由于`IssueType`字段不存在，我们需要重新确认配股的相关字段。
2. 先查询`astockfinancedb.lc_ashareplacement`表的结构，确认配股相关的字段。

【执行SQL语句】
```exec_sql
SHOW CREATE TABLE astockfinancedb.lc_ashareplacement;
```

【上述SQL语句的含义】
- 查看表`astockfinancedb.lc_ashareplacement`的结构，以便确认配股相关的字段。

下一步将根据表结构信息，重新构建查询盛新锂能集团股份有限公司每次配股的发行费用总额的SQL语句。

>>>>> 查询sql:
SHOW CREATE TABLE astockfinancedb.lc_ashareplacement;
查询结果:
[{"Table": "lc_ashareplacement", "Create Table": "CREATE TABLE `lc_ashareplacement` (\n  `ID` bigint NOT NULL COMMENT 'ID',\n  `InnerCode` bigint DEFAULT NULL COMMENT '证券内部编码',\n  `InitialInfoPublDate` longtext COLLATE utf8mb4_unicode_ci COMMENT '首次信息发布日期',\n  `PlaYear` longtext COLLATE utf8mb4_unicode_ci COMMENT '配股年度',\n  `StockType` bigint DEFAULT NULL COMMENT '发行股票类型',\n  `AdvanceDate` longtext COLLATE utf8mb4_unicode_ci COMMENT '预案发布日期',\n  `SMDeciPublDate` longtext COLLATE utf8mb4_unicode_ci COMMENT '股东大会决议公告日期',\n  `PricingModel` bigint DEFAULT NULL COMMENT '定价方式',\n  `PricingDescription` longtext COLLATE utf8mb4_unicode_ci COMMENT '配股价格确定方式说明',\n  `AdvanceValidStartDate` longtext COLLATE utf8mb4_unicode_ci COMMENT '预案有效期起始日',\n  `AdvanceValidEndDate` longtext COLLATE utf8mb4_unicode_ci COMMENT '预案有效期截止日',\n  `PlaRatioPlanned` double DEFAULT NULL COMMENT '计划配股比例(10配X)',\n  `PlaPriceCeiling` double DEFAULT NULL COMMENT '配股价格上限(最高价)(元)',\n  `PlaPriceFloor` double DEFAULT NULL COMMENT '配股价格下限(最低价)(元)',\n  `DeciPublDate` longtext COLLATE utf8mb4_unicode_ci COMMENT '决案公布日',\n  `PlaProspectusPublDate` longtext COLLATE utf8mb4_unicode_ci COMMENT '配股说明书刊登日期',\n  `PlaAbbrName` longtext COLLATE utf8mb4_unicode_ci COMMENT '配股简称',\n  `PlaCode` longtext COLLATE utf8mb4_unicode_ci COMMENT '配股代码',\n  `BaseShares` double DEFAULT NULL COMMENT '配股股本基数(股)',\n  `PlannedPlaVol` double DEFAULT NULL COMMENT '计划配股数量(股)',\n  `ActualPlaRatio` double DEFAULT NULL COMMENT '实际配股比例(10配X)',\n  `ActualPlaVol` double DEFAULT NULL COMMENT '实际配股数量(股)',\n  `PlaObject` longtext COLLATE utf8mb4_unicode_ci COMMENT '配股对象',\n  `ParValue` double DEFAULT NULL COMMENT '面值(人民币)',\n  `PlaPrice` double DEFAULT NULL COMMENT '每股配股价格(元)',\n  `TransferPlaRatio` double DEFAULT NULL COMMENT '转配比(10转配X)',\n  `TransferPlaVol` double DEFAULT NULL COMMENT '转配股(股)',\n  `TransferFeePerShare` double DEFAULT NULL COMMENT '每股转配费(元)',\n  `OddLotsTreatment` bigint DEFAULT NULL COMMENT '零股处理方法',\n  `PlaProceeds` double DEFAULT NULL COMMENT '实际募集资金(元)',\n  `PlaCost` double DEFAULT NULL COMMENT '发行费用总额(元)',\n  `UnderwritingFee` double DEFAULT NULL COMMENT '承销费用(元)',\n  `CPAFee` double DEFAULT NULL COMMENT '注册会计师费用(元)',\n  `AssetAppraisalFee` double DEFAULT NULL COMMENT '资产评估费用(元)',\n  `LandEvaluationFee` double DEFAULT NULL COMMENT '土地评估费用(元)',\n  `AttorneyFee` double DEFAULT NULL COMMENT '律师费用(元)',\n  `TotalAgentFee` double DEFAULT NULL COMMENT '中介机构费合计(元)',\n  `OnlineIssueFee` double DEFAULT NULL COMMENT '上网发行费用(元)',\n  `ScripFee` double DEFAULT NULL COMMENT '股票登记费用(元)',\n  `SponsorFee` double DEFAULT NULL COMMENT '上市推荐费用(元)',\n  `OtherFee` double DEFAULT NULL COMMENT '其他费用(元)',\n  `PlaNetProceeds` double DEFAULT NULL COMMENT '募集资金净额(元)',\n  `RightRegDate` longtext COLLATE utf8mb4_unicode_ci COMMENT '股权登记日',\n  `ExRightDate` longtext COLLATE utf8mb4_unicode_ci COMMENT '除权日',\n  `PayStartDate` longtext COLLATE utf8mb4_unicode_ci COMMENT '缴费起始',\n  `PayEndDate` longtext COLLATE utf8mb4_unicode_ci COMMENT '缴费截止',\n  `DateToAccount` longtext COLLATE utf8mb4_unicode_ci COMMENT '募集资金到帐时间',\n  `MoneyToAccount` double DEFAULT NULL COMMENT '募集资金到帐金额(元)',\n  `PlaListDate` longtext COLLATE utf8mb4_unicode_ci COMMENT '配股上市日',\n  `LargeSHSubsStatement` longtext COLLATE utf8mb4_unicode_ci COMMENT '大股东认配说明',\n  `SchemeChange` bigint DEFAULT NULL COMMENT '方案是否变更',\n  `ChangeStatement` longtext COLLATE utf8mb4_unicode_ci COMMENT '方案变动说明',\n  `UnderwritingMode` bigint DEFAULT NULL COMMENT '承销方式',\n  `UnderwriterBoughtVol` double DEFAULT NULL COMMENT '余股包销数量(股)',\n  `PublicSHSubscriptionEsti` double DEFAULT NULL COMMENT '公众股东预计认配股数(股)',\n  `PublicSHSubscriptionActu` double DEFAULT NULL COMMENT '公众股东实际认配股数(股)',\n  `XGRQ` longtext COLLATE utf8mb4_unicode_ci COMMENT '修改日期',\n  `JSID` bigint DEFAULT NULL COMMENT 'JSID',\n  `PlannedPlaProceeds` double DEFAULT NULL COMMENT '计划募集资金总额(元)',\n  `AdjustedPlaRatioPl` double DEFAULT NULL COMMENT '最新计划配股比例(10配X)',\n  `AdjustedPlaVolPl` double DEFAULT NULL COMMENT '最新计划配股数量(股)',\n  `UWSponFee` double DEFAULT NULL COMMENT '1)承销保荐费用合计(元)',\n  `CPAAppraisalFee` double DEFAULT NULL COMMENT '2)审计验资及评估费用合计(元)',\n  `CSRCIACApprovalDate` longtext COLLATE utf8mb4_unicode_ci COMMENT '证监会发审委通过公告日',\n  `SASACApprovalPublDate` longtext COLLATE utf8mb4_unicode_ci COMMENT '国资委通过公告日',\n  `CSRCApprovalPublDate` longtext COLLATE utf8mb4_unicode_ci COMMENT '证监会批准公告日',\n  `ExApprovalPublDate` longtext COLLATE utf8mb4_unicode_ci COMMENT '交易所审核通过日',\n  `IssueMethod` bigint DEFAULT NULL COMMENT '发行方式',\n  `EventProcedureCode` bigint DEFAULT NULL COMMENT '事件进程1',\n  `LatestInfoPublDate` longtext COLLATE utf8mb4_unicode_ci COMMENT '最新公告日期',\n  `PlaProspectus` longtext COLLATE utf8mb4_unicode_ci COMMENT '配股说明',\n  `ResultPulbDate` longtext COLLATE utf8mb4_unicode_ci COMMENT '配股结果公告日',\n  `ListAnnounceDate` longtext COLLATE utf8mb4_unicode_ci COMMENT '配股上市公告日',\n  `PlannedBaseShares` double DEFAULT NULL COMMENT '计划配股股本基数(股)',\n  `PlaObjectCategory` bigint DEFAULT NULL COMMENT '配股对象类别',\n  `PlaBaseDate` longtext COLLATE utf8mb4_unicode_ci COMMENT '配股基准日',\n  `LargeSHHoldSum` double DEFAULT NULL COMMENT '持股5%以上大股东持股数(股)',\n  `LargeSHSubscripEsti` double DEFAULT NULL COMMENT '持股5%以上大股东计划认配股数(股)',\n  `LargeSHSubscripActu` double DEFAULT NULL COMMENT '持股5%以上大股东实际认配股数(股)',\n  `NAPSAfterAllotment` double DEFAULT NULL COMMENT '配股完成后预计每股净资产(元)',\n  `EPSAfterAllotment` double DEFAULT NULL COMMENT '配股完成后预计每股收益(元)',\n  `InsertTime` longtext COLLATE utf8mb4_unicode_ci COMMENT '发布时间',\n  PRIMARY KEY (`ID`)\n) ENGINE=InnoDB DEFAULT CHARSET=utf8mb4 COLLATE=utf8mb4_unicode_ci COMMENT='A股配股'"}]


>>>>> 【user】 Said:
查询SQL:
SHOW CREATE TABLE astockfinancedb.lc_ashareplacement;
查询结果:
[{"Table": "lc_ashareplacement", "Create Table": "CREATE TABLE `lc_ashareplacement` (\n  `ID` bigint NOT NULL COMMENT 'ID',\n  `InnerCode` bigint DEFAULT NULL COMMENT '证券内部编码',\n  `InitialInfoPublDate` longtext COLLATE utf8mb4_unicode_ci COMMENT '首次信息发布日期',\n  `PlaYear` longtext COLLATE utf8mb4_unicode_ci COMMENT '配股年度',\n  `StockType` bigint DEFAULT NULL COMMENT '发行股票类型',\n  `AdvanceDate` longtext COLLATE utf8mb4_unicode_ci COMMENT '预案发布日期',\n  `SMDeciPublDate` longtext COLLATE utf8mb4_unicode_ci COMMENT '股东大会决议公告日期',\n  `PricingModel` bigint DEFAULT NULL COMMENT '定价方式',\n  `PricingDescription` longtext COLLATE utf8mb4_unicode_ci COMMENT '配股价格确定方式说明',\n  `AdvanceValidStartDate` longtext COLLATE utf8mb4_unicode_ci COMMENT '预案有效期起始日',\n  `AdvanceValidEndDate` longtext COLLATE utf8mb4_unicode_ci COMMENT '预案有效期截止日',\n  `PlaRatioPlanned` double DEFAULT NULL COMMENT '计划配股比例(10配X)',\n  `PlaPriceCeiling` double DEFAULT NULL COMMENT '配股价格上限(最高价)(元)',\n  `PlaPriceFloor` double DEFAULT NULL COMMENT '配股价格下限(最低价)(元)',\n  `DeciPublDate` longtext COLLATE utf8mb4_unicode_ci COMMENT '决案公布日',\n  `PlaProspectusPublDate` longtext COLLATE utf8mb4_unicode_ci COMMENT '配股说明书刊登日期',\n  `PlaAbbrName` longtext COLLATE utf8mb4_unicode_ci COMMENT '配股简称',\n  `PlaCode` longtext COLLATE utf8mb4_unicode_ci COMMENT '配股代码',\n  `BaseShares` double DEFAULT NULL COMMENT '配股股本基数(股)',\n  `PlannedPlaVol` double DEFAULT NULL COMMENT '计划配股数量(股)',\n  `ActualPlaRatio` double DEFAULT NULL COMMENT '实际配股比例(10配X)',\n  `ActualPlaVol` double DEFAULT NULL COMMENT '实际配股数量(股)',\n  `PlaObject` longtext COLLATE utf8mb4_unicode_ci COMMENT '配股对象',\n  `ParValue` double DEFAULT NULL COMMENT '面值(人民币)',\n  `PlaPrice` double DEFAULT NULL COMMENT '每股配股价格(元)',\n  `TransferPlaRatio` double DEFAULT NULL COMMENT '转配比(10转配X)',\n  `TransferPlaVol` double DEFAULT NULL COMMENT '转配股(股)',\n  `TransferFeePerShare` double DEFAULT NULL COMMENT '每股转配费(元)',\n  `OddLotsTreatment` bigint DEFAULT NULL COMMENT '零股处理方法',\n  `PlaProceeds` double DEFAULT NULL COMMENT '实际募集资金(元)',\n  `PlaCost` double DEFAULT NULL COMMENT '发行费用总额(元)',\n  `UnderwritingFee` double DEFAULT NULL COMMENT '承销费用(元)',\n  `CPAFee` double DEFAULT NULL COMMENT '注册会计师费用(元)',\n  `AssetAppraisalFee` double DEFAULT NULL COMMENT '资产评估费用(元)',\n  `LandEvaluationFee` double DEFAULT NULL COMMENT '土地评估费用(元)',\n  `AttorneyFee` double DEFAULT NULL COMMENT '律师费用(元)',\n  `TotalAgentFee` double DEFAULT NULL COMMENT '中介机构费合计(元)',\n  `OnlineIssueFee` double DEFAULT NULL COMMENT '上网发行费用(元)',\n  `ScripFee` double DEFAULT NULL COMMENT '股票登记费用(元)',\n  `SponsorFee` double DEFAULT NULL COMMENT '上市推荐费用(元)',\n  `OtherFee` double DEFAULT NULL COMMENT '其他费用(元)',\n  `PlaNetProceeds` double DEFAULT NULL COMMENT '募集资金净额(元)',\n  `RightRegDate` longtext COLLATE utf8mb4_unicode_ci COMMENT '股权登记日',\n  `ExRightDate` longtext COLLATE utf8mb4_unicode_ci COMMENT '除权日',\n  `PayStartDate` longtext COLLATE utf8mb4_unicode_ci COMMENT '缴费起始',\n  `PayEndDate` longtext COLLATE utf8mb4_unicode_ci COMMENT '缴费截止',\n  `DateToAccount` longtext COLLATE utf8mb4_unicode_ci COMMENT '募集资金到帐时间',\n  `MoneyToAccount` double DEFAULT NULL COMMENT '募集资金到帐金额(元)',\n  `PlaListDate` longtext COLLATE utf8mb4_unicode_ci COMMENT '配股上市日',\n  `LargeSHSubsStatement` longtext COLLATE utf8mb4_unicode_ci COMMENT '大股东认配说明',\n  `SchemeChange` bigint DEFAULT NULL COMMENT '方案是否变更',\n  `ChangeStatement` longtext COLLATE utf8mb4_unicode_ci COMMENT '方案变动说明',\n  `UnderwritingMode` bigint DEFAULT NULL COMMENT '承销方式',\n  `UnderwriterBoughtVol` double DEFAULT NULL COMMENT '余股包销数量(股)',\n  `PublicSHSubscriptionEsti` double DEFAULT NULL COMMENT '公众股东预计认配股数(股)',\n  `PublicSHSubscriptionActu` double DEFAULT NULL COMMENT '公众股东实际认配股数(股)',\n  `XGRQ` longtext COLLATE utf8mb4_unicode_ci COMMENT '修改日期',\n  `JSID` bigint DEFAULT NULL COMMENT 'JSID',\n  `PlannedPlaProceeds` double DEFAULT NULL COMMENT '计划募集资金总额(元)',\n  `AdjustedPlaRatioPl` double DEFAULT NULL COMMENT '最新计划配股比例(10配X)',\n  `AdjustedPlaVolPl` double DEFAULT NULL COMMENT '最新计划配股数量(股)',\n  `UWSponFee` double DEFAULT NULL COMMENT '1)承销保荐费用合计(元)',\n  `CPAAppraisalFee` double DEFAULT NULL COMMENT '2)审计验资及评估费用合计(元)',\n  `CSRCIACApprovalDate` longtext COLLATE utf8mb4_unicode_ci COMMENT '证监会发审委通过公告日',\n  `SASACApprovalPublDate` longtext COLLATE utf8mb4_unicode_ci COMMENT '国资委通过公告日',\n  `CSRCApprovalPublDate` longtext COLLATE utf8mb4_unicode_ci COMMENT '证监会批准公告日',\n  `ExApprovalPublDate` longtext COLLATE utf8mb4_unicode_ci COMMENT '交易所审核通过日',\n  `IssueMethod` bigint DEFAULT NULL COMMENT '发行方式',\n  `EventProcedureCode` bigint DEFAULT NULL COMMENT '事件进程1',\n  `LatestInfoPublDate` longtext COLLATE utf8mb4_unicode_ci COMMENT '最新公告日期',\n  `PlaProspectus` longtext COLLATE utf8mb4_unicode_ci COMMENT '配股说明',\n  `ResultPulbDate` longtext COLLATE utf8mb4_unicode_ci COMMENT '配股结果公告日',\n  `ListAnnounceDate` longtext COLLATE utf8mb4_unicode_ci COMMENT '配股上市公告日',\n  `PlannedBaseShares` double DEFAULT NULL COMMENT '计划配股股本基数(股)',\n  `PlaObjectCategory` bigint DEFAULT NULL COMMENT '配股对象类别',\n  `PlaBaseDate` longtext COLLATE utf8mb4_unicode_ci COMMENT '配股基准日',\n  `LargeSHHoldSum` double DEFAULT NULL COMMENT '持股5%以上大股东持股数(股)',\n  `LargeSHSubscripEsti` double DEFAULT NULL COMMENT '持股5%以上大股东计划认配股数(股)',\n  `LargeSHSubscripActu` double DEFAULT NULL COMMENT '持股5%以上大股东实际认配股数(股)',\n  `NAPSAfterAllotment` double DEFAULT NULL COMMENT '配股完成后预计每股净资产(元)',\n  `EPSAfterAllotment` double DEFAULT NULL COMMENT '配股完成后预计每股收益(元)',\n  `InsertTime` longtext COLLATE utf8mb4_unicode_ci COMMENT '发布时间',\n  PRIMARY KEY (`ID`)\n) ENGINE=InnoDB DEFAULT CHARSET=utf8mb4 COLLATE=utf8mb4_unicode_ci COMMENT='A股配股'"}]

请理解查询结果

>>>>> Agent【Sql_query.understand_query_result】 Said:
查询结果表明: 表 `lc_ashareplacement` 是一个存储A股配股相关信息的表，包含以下字段：ID（ID）、InnerCode（证券内部编码）、InitialInfoPublDate（首次信息发布日期）、PlaYear（配股年度）、StockType（发行股票类型）、AdvanceDate（预案发布日期）、SMDeciPublDate（股东大会决议公告日期）、PricingModel（定价方式）、PricingDescription（配股价格确定方式说明）、AdvanceValidStartDate（预案有效期起始日）、AdvanceValidEndDate（预案有效期截止日）、PlaRatioPlanned（计划配股比例(10配X)）、PlaPriceCeiling（配股价格上限(最高价)(元)）、PlaPriceFloor（配股价格下限(最低价)(元)）、DeciPublDate（决案公布日）、PlaProspectusPublDate（配股说明书刊登日期）、PlaAbbrName（配股简称）、PlaCode（配股代码）、BaseShares（配股股本基数(股)）、PlannedPlaVol（计划配股数量(股)）、ActualPlaRatio（实际配股比例(10配X)）、ActualPlaVol（实际配股数量(股)）、PlaObject（配股对象）、ParValue（面值(人民币)）、PlaPrice（每股配股价格(元)）、TransferPlaRatio（转配比(10转配X)）、TransferPlaVol（转配股(股)）、TransferFeePerShare（每股转配费(元)）、OddLotsTreatment（零股处理方法）、PlaProceeds（实际募集资金(元)）、PlaCost（发行费用总额(元)）、UnderwritingFee（承销费用(元)）、CPAFee（注册会计师费用(元)）、AssetAppraisalFee（资产评估费用(元)）、LandEvaluationFee（土地评估费用(元)）、AttorneyFee（律师费用(元)）、TotalAgentFee（中介机构费合计(元)）、OnlineIssueFee（上网发行费用(元)）、ScripFee（股票登记费用(元)）、SponsorFee（上市推荐费用(元)）、OtherFee（其他费用(元)）、PlaNetProceeds（募集资金净额(元)）、RightRegDate（股权登记日）、ExRightDate（除权日）、PayStartDate（缴费起始）、PayEndDate（缴费截止）、DateToAccount（募集资金到帐时间）、MoneyToAccount（募集资金到帐金额(元)）、PlaListDate（配股上市日）、LargeSHSubsStatement（大股东认配说明）、SchemeChange（方案是否变更）、ChangeStatement（方案变动说明）、UnderwritingMode（承销方式）、UnderwriterBoughtVol（余股包销数量(股)）、PublicSHSubscriptionEsti（公众股东预计认配股数(股)）、PublicSHSubscriptionActu（公众股东实际认配股数(股)）、XGRQ（修改日期）、JSID（JSID）、PlannedPlaProceeds（计划募集资金总额(元)）、AdjustedPlaRatioPl（最新计划配股比例(10配X)）、AdjustedPlaVolPl（最新计划配股数量(股)）、UWSponFee（1)承销保荐费用合计(元)）、CPAAppraisalFee（2)审计验资及评估费用合计(元)）、CSRCIACApprovalDate（证监会发审委通过公告日）、SASACApprovalPublDate（国资委通过公告日）、CSRCApprovalPublDate（证监会批准公告日）、ExApprovalPublDate（交易所审核通过日）、IssueMethod（发行方式）、EventProcedureCode（事件进程1）、LatestInfoPublDate（最新公告日期）、PlaProspectus（配股说明）、ResultPulbDate（配股结果公告日）、ListAnnounceDate（配股上市公告日）、PlannedBaseShares（计划配股股本基数(股)）、PlaObjectCategory（配股对象类别）、PlaBaseDate（配股基准日）、LargeSHHoldSum（持股5%以上大股东持股数(股)）、LargeSHSubscripEsti（持股5%以上大股东计划认配股数(股)）、LargeSHSubscripActu（持股5%以上大股东实际认配股数(股)）、NAPSAfterAllotment（配股完成后预计每股净资产(元)）、EPSAfterAllotment（配股完成后预计每股收益(元)）、InsertTime（发布时间）。该表使用InnoDB引擎，默认字符集为utf8mb4，校对规则为utf8mb4_unicode_ci，表注释为“A股配股”。


>>>>> 【user】 Said:
查询SQL:
SHOW CREATE TABLE astockfinancedb.lc_ashareplacement;
查询结果:
[{"Table": "lc_ashareplacement", "Create Table": "CREATE TABLE `lc_ashareplacement` (\n  `ID` bigint NOT NULL COMMENT 'ID',\n  `InnerCode` bigint DEFAULT NULL COMMENT '证券内部编码',\n  `InitialInfoPublDate` longtext COLLATE utf8mb4_unicode_ci COMMENT '首次信息发布日期',\n  `PlaYear` longtext COLLATE utf8mb4_unicode_ci COMMENT '配股年度',\n  `StockType` bigint DEFAULT NULL COMMENT '发行股票类型',\n  `AdvanceDate` longtext COLLATE utf8mb4_unicode_ci COMMENT '预案发布日期',\n  `SMDeciPublDate` longtext COLLATE utf8mb4_unicode_ci COMMENT '股东大会决议公告日期',\n  `PricingModel` bigint DEFAULT NULL COMMENT '定价方式',\n  `PricingDescription` longtext COLLATE utf8mb4_unicode_ci COMMENT '配股价格确定方式说明',\n  `AdvanceValidStartDate` longtext COLLATE utf8mb4_unicode_ci COMMENT '预案有效期起始日',\n  `AdvanceValidEndDate` longtext COLLATE utf8mb4_unicode_ci COMMENT '预案有效期截止日',\n  `PlaRatioPlanned` double DEFAULT NULL COMMENT '计划配股比例(10配X)',\n  `PlaPriceCeiling` double DEFAULT NULL COMMENT '配股价格上限(最高价)(元)',\n  `PlaPriceFloor` double DEFAULT NULL COMMENT '配股价格下限(最低价)(元)',\n  `DeciPublDate` longtext COLLATE utf8mb4_unicode_ci COMMENT '决案公布日',\n  `PlaProspectusPublDate` longtext COLLATE utf8mb4_unicode_ci COMMENT '配股说明书刊登日期',\n  `PlaAbbrName` longtext COLLATE utf8mb4_unicode_ci COMMENT '配股简称',\n  `PlaCode` longtext COLLATE utf8mb4_unicode_ci COMMENT '配股代码',\n  `BaseShares` double DEFAULT NULL COMMENT '配股股本基数(股)',\n  `PlannedPlaVol` double DEFAULT NULL COMMENT '计划配股数量(股)',\n  `ActualPlaRatio` double DEFAULT NULL COMMENT '实际配股比例(10配X)',\n  `ActualPlaVol` double DEFAULT NULL COMMENT '实际配股数量(股)',\n  `PlaObject` longtext COLLATE utf8mb4_unicode_ci COMMENT '配股对象',\n  `ParValue` double DEFAULT NULL COMMENT '面值(人民币)',\n  `PlaPrice` double DEFAULT NULL COMMENT '每股配股价格(元)',\n  `TransferPlaRatio` double DEFAULT NULL COMMENT '转配比(10转配X)',\n  `TransferPlaVol` double DEFAULT NULL COMMENT '转配股(股)',\n  `TransferFeePerShare` double DEFAULT NULL COMMENT '每股转配费(元)',\n  `OddLotsTreatment` bigint DEFAULT NULL COMMENT '零股处理方法',\n  `PlaProceeds` double DEFAULT NULL COMMENT '实际募集资金(元)',\n  `PlaCost` double DEFAULT NULL COMMENT '发行费用总额(元)',\n  `UnderwritingFee` double DEFAULT NULL COMMENT '承销费用(元)',\n  `CPAFee` double DEFAULT NULL COMMENT '注册会计师费用(元)',\n  `AssetAppraisalFee` double DEFAULT NULL COMMENT '资产评估费用(元)',\n  `LandEvaluationFee` double DEFAULT NULL COMMENT '土地评估费用(元)',\n  `AttorneyFee` double DEFAULT NULL COMMENT '律师费用(元)',\n  `TotalAgentFee` double DEFAULT NULL COMMENT '中介机构费合计(元)',\n  `OnlineIssueFee` double DEFAULT NULL COMMENT '上网发行费用(元)',\n  `ScripFee` double DEFAULT NULL COMMENT '股票登记费用(元)',\n  `SponsorFee` double DEFAULT NULL COMMENT '上市推荐费用(元)',\n  `OtherFee` double DEFAULT NULL COMMENT '其他费用(元)',\n  `PlaNetProceeds` double DEFAULT NULL COMMENT '募集资金净额(元)',\n  `RightRegDate` longtext COLLATE utf8mb4_unicode_ci COMMENT '股权登记日',\n  `ExRightDate` longtext COLLATE utf8mb4_unicode_ci COMMENT '除权日',\n  `PayStartDate` longtext COLLATE utf8mb4_unicode_ci COMMENT '缴费起始',\n  `PayEndDate` longtext COLLATE utf8mb4_unicode_ci COMMENT '缴费截止',\n  `DateToAccount` longtext COLLATE utf8mb4_unicode_ci COMMENT '募集资金到帐时间',\n  `MoneyToAccount` double DEFAULT NULL COMMENT '募集资金到帐金额(元)',\n  `PlaListDate` longtext COLLATE utf8mb4_unicode_ci COMMENT '配股上市日',\n  `LargeSHSubsStatement` longtext COLLATE utf8mb4_unicode_ci COMMENT '大股东认配说明',\n  `SchemeChange` bigint DEFAULT NULL COMMENT '方案是否变更',\n  `ChangeStatement` longtext COLLATE utf8mb4_unicode_ci COMMENT '方案变动说明',\n  `UnderwritingMode` bigint DEFAULT NULL COMMENT '承销方式',\n  `UnderwriterBoughtVol` double DEFAULT NULL COMMENT '余股包销数量(股)',\n  `PublicSHSubscriptionEsti` double DEFAULT NULL COMMENT '公众股东预计认配股数(股)',\n  `PublicSHSubscriptionActu` double DEFAULT NULL COMMENT '公众股东实际认配股数(股)',\n  `XGRQ` longtext COLLATE utf8mb4_unicode_ci COMMENT '修改日期',\n  `JSID` bigint DEFAULT NULL COMMENT 'JSID',\n  `PlannedPlaProceeds` double DEFAULT NULL COMMENT '计划募集资金总额(元)',\n  `AdjustedPlaRatioPl` double DEFAULT NULL COMMENT '最新计划配股比例(10配X)',\n  `AdjustedPlaVolPl` double DEFAULT NULL COMMENT '最新计划配股数量(股)',\n  `UWSponFee` double DEFAULT NULL COMMENT '1)承销保荐费用合计(元)',\n  `CPAAppraisalFee` double DEFAULT NULL COMMENT '2)审计验资及评估费用合计(元)',\n  `CSRCIACApprovalDate` longtext COLLATE utf8mb4_unicode_ci COMMENT '证监会发审委通过公告日',\n  `SASACApprovalPublDate` longtext COLLATE utf8mb4_unicode_ci COMMENT '国资委通过公告日',\n  `CSRCApprovalPublDate` longtext COLLATE utf8mb4_unicode_ci COMMENT '证监会批准公告日',\n  `ExApprovalPublDate` longtext COLLATE utf8mb4_unicode_ci COMMENT '交易所审核通过日',\n  `IssueMethod` bigint DEFAULT NULL COMMENT '发行方式',\n  `EventProcedureCode` bigint DEFAULT NULL COMMENT '事件进程1',\n  `LatestInfoPublDate` longtext COLLATE utf8mb4_unicode_ci COMMENT '最新公告日期',\n  `PlaProspectus` longtext COLLATE utf8mb4_unicode_ci COMMENT '配股说明',\n  `ResultPulbDate` longtext COLLATE utf8mb4_unicode_ci COMMENT '配股结果公告日',\n  `ListAnnounceDate` longtext COLLATE utf8mb4_unicode_ci COMMENT '配股上市公告日',\n  `PlannedBaseShares` double DEFAULT NULL COMMENT '计划配股股本基数(股)',\n  `PlaObjectCategory` bigint DEFAULT NULL COMMENT '配股对象类别',\n  `PlaBaseDate` longtext COLLATE utf8mb4_unicode_ci COMMENT '配股基准日',\n  `LargeSHHoldSum` double DEFAULT NULL COMMENT '持股5%以上大股东持股数(股)',\n  `LargeSHSubscripEsti` double DEFAULT NULL COMMENT '持股5%以上大股东计划认配股数(股)',\n  `LargeSHSubscripActu` double DEFAULT NULL COMMENT '持股5%以上大股东实际认配股数(股)',\n  `NAPSAfterAllotment` double DEFAULT NULL COMMENT '配股完成后预计每股净资产(元)',\n  `EPSAfterAllotment` double DEFAULT NULL COMMENT '配股完成后预计每股收益(元)',\n  `InsertTime` longtext COLLATE utf8mb4_unicode_ci COMMENT '发布时间',\n  PRIMARY KEY (`ID`)\n) ENGINE=InnoDB DEFAULT CHARSET=utf8mb4 COLLATE=utf8mb4_unicode_ci COMMENT='A股配股'"}]

查询结果表明: 表 `lc_ashareplacement` 是一个存储A股配股相关信息的表，包含以下字段：ID（ID）、InnerCode（证券内部编码）、InitialInfoPublDate（首次信息发布日期）、PlaYear（配股年度）、StockType（发行股票类型）、AdvanceDate（预案发布日期）、SMDeciPublDate（股东大会决议公告日期）、PricingModel（定价方式）、PricingDescription（配股价格确定方式说明）、AdvanceValidStartDate（预案有效期起始日）、AdvanceValidEndDate（预案有效期截止日）、PlaRatioPlanned（计划配股比例(10配X)）、PlaPriceCeiling（配股价格上限(最高价)(元)）、PlaPriceFloor（配股价格下限(最低价)(元)）、DeciPublDate（决案公布日）、PlaProspectusPublDate（配股说明书刊登日期）、PlaAbbrName（配股简称）、PlaCode（配股代码）、BaseShares（配股股本基数(股)）、PlannedPlaVol（计划配股数量(股)）、ActualPlaRatio（实际配股比例(10配X)）、ActualPlaVol（实际配股数量(股)）、PlaObject（配股对象）、ParValue（面值(人民币)）、PlaPrice（每股配股价格(元)）、TransferPlaRatio（转配比(10转配X)）、TransferPlaVol（转配股(股)）、TransferFeePerShare（每股转配费(元)）、OddLotsTreatment（零股处理方法）、PlaProceeds（实际募集资金(元)）、PlaCost（发行费用总额(元)）、UnderwritingFee（承销费用(元)）、CPAFee（注册会计师费用(元)）、AssetAppraisalFee（资产评估费用(元)）、LandEvaluationFee（土地评估费用(元)）、AttorneyFee（律师费用(元)）、TotalAgentFee（中介机构费合计(元)）、OnlineIssueFee（上网发行费用(元)）、ScripFee（股票登记费用(元)）、SponsorFee（上市推荐费用(元)）、OtherFee（其他费用(元)）、PlaNetProceeds（募集资金净额(元)）、RightRegDate（股权登记日）、ExRightDate（除权日）、PayStartDate（缴费起始）、PayEndDate（缴费截止）、DateToAccount（募集资金到帐时间）、MoneyToAccount（募集资金到帐金额(元)）、PlaListDate（配股上市日）、LargeSHSubsStatement（大股东认配说明）、SchemeChange（方案是否变更）、ChangeStatement（方案变动说明）、UnderwritingMode（承销方式）、UnderwriterBoughtVol（余股包销数量(股)）、PublicSHSubscriptionEsti（公众股东预计认配股数(股)）、PublicSHSubscriptionActu（公众股东实际认配股数(股)）、XGRQ（修改日期）、JSID（JSID）、PlannedPlaProceeds（计划募集资金总额(元)）、AdjustedPlaRatioPl（最新计划配股比例(10配X)）、AdjustedPlaVolPl（最新计划配股数量(股)）、UWSponFee（1)承销保荐费用合计(元)）、CPAAppraisalFee（2)审计验资及评估费用合计(元)）、CSRCIACApprovalDate（证监会发审委通过公告日）、SASACApprovalPublDate（国资委通过公告日）、CSRCApprovalPublDate（证监会批准公告日）、ExApprovalPublDate（交易所审核通过日）、IssueMethod（发行方式）、EventProcedureCode（事件进程1）、LatestInfoPublDate（最新公告日期）、PlaProspectus（配股说明）、ResultPulbDate（配股结果公告日）、ListAnnounceDate（配股上市公告日）、PlannedBaseShares（计划配股股本基数(股)）、PlaObjectCategory（配股对象类别）、PlaBaseDate（配股基准日）、LargeSHHoldSum（持股5%以上大股东持股数(股)）、LargeSHSubscripEsti（持股5%以上大股东计划认配股数(股)）、LargeSHSubscripActu（持股5%以上大股东实际认配股数(股)）、NAPSAfterAllotment（配股完成后预计每股净资产(元)）、EPSAfterAllotment（配股完成后预计每股收益(元)）、InsertTime（发布时间）。该表使用InnoDB引擎，默认字符集为utf8mb4，校对规则为utf8mb4_unicode_ci，表注释为“A股配股”。

当前掌握的信息是否能够回答"盛新锂能集团股份有限公司（证券代码002240）每次配股发行费用总额分别是多少？在所有进行配股的公司中，配股发行费用总额最高的公司中文全称是什么？其对应的发行费用总额是多少？"？还是要继续执行下一阶段SQL查询？

>>>>> Agent【Sql_query.master】 Said:
【已知信息】
- 盛新锂能集团股份有限公司的证券代码是002240，证券内部编码是6828。
- 配股发行费用总额的信息在`astockfinancedb.lc_ashareplacement`表中的`PlaCost`字段。
- `IssueType`字段不存在，需要重新确认配股的相关字段。

【当前阶段要获取的信息】
- 盛新锂能集团股份有限公司每次配股的发行费用总额。

【信息所在字段】
- 发行费用总额：`PlaCost`（在`astockfinancedb.lc_ashareplacement`表中）

【筛选条件所在字段】
- 证券内部编码：`InnerCode`（在`astockfinancedb.lc_ashareplacement`表中）

【SQL语句的思路】
- 由于`IssueType`字段不存在，我们直接使用`InnerCode`字段来筛选盛新锂能集团股份有限公司的配股记录，并获取其发行费用总额。

【执行SQL语句】
```exec_sql
SELECT PlaCost
FROM astockfinancedb.lc_ashareplacement
WHERE InnerCode = 6828;
```

【上述SQL语句的含义】
- 从`astockfinancedb.lc_ashareplacement`表中筛选出证券内部编码为6828的记录，获取其发行费用总额。

下一步将根据此次查询结果，继续查询配股发行费用总额最高的公司及其金额。

>>>>> 查询sql:
SELECT PlaCost
FROM astockfinancedb.lc_ashareplacement
WHERE InnerCode = 6828;
查询结果:
[]


>>>>> 【user】 Said:
查询SQL:
SELECT PlaCost
FROM astockfinancedb.lc_ashareplacement
WHERE InnerCode = 6828;
查询结果:
[]

请理解查询结果

>>>>> Agent【Sql_query.understand_query_result】 Said:
查询结果表明: 在表astockfinancedb.lc_ashareplacement中，针对InnerCode为6828的记录，发行费用总额(PlaCost)没有找到任何数据。这可能意味着该InnerCode对应的证券没有发行费用记录，或者该记录不存在于数据库中。


>>>>> 【user】 Said:
查询SQL:
SELECT PlaCost
FROM astockfinancedb.lc_ashareplacement
WHERE InnerCode = 6828;
查询结果:
[]

查询结果表明: 在表astockfinancedb.lc_ashareplacement中，针对InnerCode为6828的记录，发行费用总额(PlaCost)没有找到任何数据。这可能意味着该InnerCode对应的证券没有发行费用记录，或者该记录不存在于数据库中。

当前掌握的信息是否能够回答"盛新锂能集团股份有限公司（证券代码002240）每次配股发行费用总额分别是多少？在所有进行配股的公司中，配股发行费用总额最高的公司中文全称是什么？其对应的发行费用总额是多少？"？还是要继续执行下一阶段SQL查询？

>>>>> Agent【Sql_query.master】 Said:
【已知信息】
- 盛新锂能集团股份有限公司的证券代码是002240，证券内部编码是6828。
- 在`astockfinancedb.lc_ashareplacement`表中，针对InnerCode为6828的记录，没有找到发行费用总额(PlaCost)的数据。

【当前阶段要获取的信息】
- 在所有进行配股的公司中，配股发行费用总额最高的公司中文全称及其对应的发行费用总额。

【信息所在字段】
- 发行费用总额：`PlaCost`（在`astockfinancedb.lc_ashareplacement`表中）
- 公司名称：`ChiName`（在`constantdb.secumain`表中）

【筛选条件所在字段】
- 证券内部编码：`InnerCode`（在`astockfinancedb.lc_ashareplacement`表中）

【SQL语句的思路】
1. 首先查询所有进行配股的公司中，配股发行费用总额最高的记录。
2. 然后根据该记录的证券内部编码，查询对应的公司中文全称。

【执行SQL语句】
```exec_sql
SELECT MAX(PlaCost) AS MaxPlaCost, InnerCode
FROM astockfinancedb.lc_ashareplacement
GROUP BY InnerCode
ORDER BY MaxPlaCost DESC
LIMIT 1;
```

【上述SQL语句的含义】
- 从`astockfinancedb.lc_ashareplacement`表中按证券内部编码分组，计算每组的最大发行费用总额，并按最大发行费用总额降序排列，取发行费用总额最高的记录。

下一步将根据此次查询结果，继续查询对应的公司中文全称。

>>>>> 查询sql:
SELECT MAX(PlaCost) AS MaxPlaCost, InnerCode
FROM astockfinancedb.lc_ashareplacement
GROUP BY InnerCode
ORDER BY MaxPlaCost DESC
LIMIT 1;
查询结果:
[{"MaxPlaCost": 136800048.95, "InnerCode": 14704}]


>>>>> 【user】 Said:
查询SQL:
SELECT MAX(PlaCost) AS MaxPlaCost, InnerCode
FROM astockfinancedb.lc_ashareplacement
GROUP BY InnerCode
ORDER BY MaxPlaCost DESC
LIMIT 1;
查询结果:
[{"MaxPlaCost": 136800048.95, "InnerCode": 14704}]

请理解查询结果

>>>>> Agent【Sql_query.understand_query_result】 Said:
查询结果表明: 在`astockfinancedb.lc_ashareplacement`表中，按`InnerCode`分组后，发行费用总额(元)的最大值为136800048.95元，对应的证券内部编码为14704。


>>>>> 【user】 Said:
查询SQL:
SELECT MAX(PlaCost) AS MaxPlaCost, InnerCode
FROM astockfinancedb.lc_ashareplacement
GROUP BY InnerCode
ORDER BY MaxPlaCost DESC
LIMIT 1;
查询结果:
[{"MaxPlaCost": 136800048.95, "InnerCode": 14704}]

查询结果表明: 在`astockfinancedb.lc_ashareplacement`表中，按`InnerCode`分组后，发行费用总额(元)的最大值为136800048.95元，对应的证券内部编码为14704。

当前掌握的信息是否能够回答"盛新锂能集团股份有限公司（证券代码002240）每次配股发行费用总额分别是多少？在所有进行配股的公司中，配股发行费用总额最高的公司中文全称是什么？其对应的发行费用总额是多少？"？还是要继续执行下一阶段SQL查询？

>>>>> Agent【Sql_query.master】 Said:
【已知信息】
- 盛新锂能集团股份有限公司的证券代码是002240，证券内部编码是6828。
- 在`astockfinancedb.lc_ashareplacement`表中，针对InnerCode为6828的记录，没有找到发行费用总额(PlaCost)的数据。
- 所有进行配股的公司中，配股发行费用总额最高的记录对应的证券内部编码为14704，发行费用总额为136800048.95元。

【当前阶段要获取的信息】
- 配股发行费用总额最高的公司中文全称。

【信息所在字段】
- 公司名称：`ChiName`（在`constantdb.secumain`表中）

【筛选条件所在字段】
- 证券内部编码：`InnerCode`（在`constantdb.secumain`表中）

【SQL语句的思路】
- 使用上一步查询到的发行费用总额最高的记录的证券内部编码（14704），在`constantdb.secumain`表中查询对应的公司中文全称。

【执行SQL语句】
```exec_sql
SELECT ChiName
FROM constantdb.secumain
WHERE InnerCode = 14704;
```

【上述SQL语句的含义】
- 从`constantdb.secumain`表中筛选出证券内部编码为14704的记录，获取其公司中文全称。

下一步将根据此次查询结果，回答问题。

>>>>> 查询sql:
SELECT ChiName
FROM constantdb.secumain
WHERE InnerCode = 14704;
查询结果:
[{"ChiName": "东吴证券股份有限公司"}]


>>>>> 【user】 Said:
查询SQL:
SELECT ChiName
FROM constantdb.secumain
WHERE InnerCode = 14704;
查询结果:
[{"ChiName": "东吴证券股份有限公司"}]

请理解查询结果

>>>>> Agent【Sql_query.understand_query_result】 Said:
查询结果表明: 查询到的证券内部编码为14704的证券中文名称是东吴证券股份有限公司。


>>>>> 【user】 Said:
查询SQL:
SELECT ChiName
FROM constantdb.secumain
WHERE InnerCode = 14704;
查询结果:
[{"ChiName": "东吴证券股份有限公司"}]

查询结果表明: 查询到的证券内部编码为14704的证券中文名称是东吴证券股份有限公司。

当前掌握的信息是否能够回答"盛新锂能集团股份有限公司（证券代码002240）每次配股发行费用总额分别是多少？在所有进行配股的公司中，配股发行费用总额最高的公司中文全称是什么？其对应的发行费用总额是多少？"？还是要继续执行下一阶段SQL查询？

>>>>> Agent【Sql_query.master】 Said:
【已知信息】
- 盛新锂能集团股份有限公司的证券代码是002240，证券内部编码是6828。
- 在`astockfinancedb.lc_ashareplacement`表中，针对InnerCode为6828的记录，没有找到发行费用总额(PlaCost)的数据，这意味着盛新锂能集团股份有限公司没有配股发行费用总额的记录。
- 所有进行配股的公司中，配股发行费用总额最高的公司是东吴证券股份有限公司，其对应的发行费用总额为136800048.95元。

【当前阶段要获取的信息】
- 无需继续获取信息，已掌握足够信息回答问题。

【信息所在字段】
- 无需继续查询字段信息。

【筛选条件所在字段】
- 无需继续查询筛选条件字段。

【SQL语句的思路】
- 无需继续执行SQL语句。

【执行SQL语句】
- 无需执行SQL语句。

【上述SQL语句的含义】
- 无需解释SQL语句含义。

根据当前掌握的信息，可以回答问题：

盛新锂能集团股份有限公司（证券代码002240）没有配股发行费用总额的记录。在所有进行配股的公司中，配股发行费用总额最高的公司中文全称是东吴证券股份有限公司，其对应的发行费用总额是136800048.95元。


>>>>> 【user】 Said:
请回答问题:"盛新锂能集团股份有限公司（证券代码002240）每次配股发行费用总额分别是多少？在所有进行配股的公司中，配股发行费用总额最高的公司中文全称是什么？其对应的发行费用总额是多少？"

>>>>> Agent【Sql_query.summary】 Said:
盛新锂能集团股份有限公司（证券代码002240）每次配股发行费用总额：无记录。

配股发行费用总额最高的公司中文全称：东吴证券股份有限公司。

其对应的发行费用总额：136800048.95元。
