
>>>>> Original Question: 假设硕博人员都是技术人员，在该公司的技术人员中，具有硕士及以上学历（硕士+博士）的人员占比是多少？（保留2位小数）


>>>>> 【user】 Said:
提取下面这段文字中的实体（如公司名、股票代码、拼音缩写等），如果识别结果是空，那么就回复No Entities."假设硕博人员都是技术人员，在该公司的技术人员中，具有硕士及以上学历（硕士+博士）的人员占比是多少？（保留2位小数）"

>>>>> Agent【extract_company】 Said:
No Entities.


>>>>> 【user】 Said:
下面是顺序的历史问答:
'''
Question: 淮北矿业2021年底的员工总数是多少？其中技术人员占比是多少？（保留2位小数）
Answer: 员工总数: 48173, 技术人员占比: 5.32%
'''
现在用户继续提问，请根据已知信息，理解当前这个问题的完整含义，并重写这个问题使得单独拿出来看仍然能够正确理解：假设硕博人员都是技术人员，在该公司的技术人员中，具有硕士及以上学历（硕士+博士）的人员占比是多少？（保留2位小数）

>>>>> Agent【rewrite_question】 Said:
假设硕博人员都是技术人员，在淮北矿业2021年底的技术人员中，具有硕士及以上学历（硕士+博士）的人员占比是多少？（保留2位小数）

>>>>> 已知事实:
淮北矿业的关联信息有:[所在数据表是constantdb.secumain;InnerCode(证券内部编码)是2169;CompanyCode(公司代码)是1842;ChiName(中文名称)是淮北矿业控股股份有限公司;EngName(英文名称)是Huaibei Mining Holdings Co.,Ltd.;SecuCode(证券代码)是600985;ChiNameAbbr(中文名称缩写)是淮北矿业;EngNameAbbr(英文名称缩写)是hbky;SecuAbbr(证券简称)是淮北矿业;ChiSpelling(拼音证券简称)是HBKY;]

>>>>> 【user】 Said:
请选择db，务必遵循输出的格式要求。

>>>>> Agent【Check_db_structure.db_selector】 Said:
【分析】
要计算淮北矿业2021年底技术人员中具有硕士及以上学历的人员占比，需要以下信息：
1. 淮北矿业2021年底技术人员的总数。
2. 淮北矿业2021年底具有硕士及以上学历的技术人员数量。

根据知识库描述，`astockoperationsdb`数据库中的`lc_staff`表记录了公司员工的分类与统计信息，包括员工数量和学历分类。因此，可以从这个数据库中获取所需信息。

【选中的数据库】
- astockoperationsdb: 这个数据库包含公司员工的分类与统计信息，可以获取淮北矿业2021年底技术人员的总数及具有硕士及以上学历的技术人员数量。

【选中的数据库的清单】
```json
["astockoperationsdb"]
```


>>>>> 【user】 Said:
数据库表信息如下:
[{"表名": "astockoperationsdb.lc_suppcustdetail", "说明": "该数据表记录了企业关联交易的详细信息，包含信息发布的时间和来源（如信息发布日期、信息来源及其编码），企业及关联方的基本信息（如公司代码、关联企业名称、供应商/客户代码与属性等），交易相关信息（如交易标的名称与代码、交易金额及占比等），以及其他辅助信息（如截止日期、关系所属类型、序号及备注等）。"}, {"表名": "astockoperationsdb.lc_staff", "说明": "该数据表包含与公司和员工分类相关的信息，字段包括公司代码、信息来源、合并标志等基本信息，日期和信息发布日期等时间信息，分类方式、类别名称及分类代码等分类相关内容，最低年龄、最高年龄及员工数量等员工统计数据，以及占总数比例等比例信息，最后还有备注说明字段用于补充说明。"}, {"表名": "astockoperationsdb.lc_rewardstat", "说明": "该数据表主要记录公司管理层及董事津贴与报酬相关信息，包括公司标识信息如公司代码、信息发布日期和来源；日期信息如截止日期；报酬信息如管理层报酬总额、领取报酬的管理层人数、前三名董事及高管的报酬、独立董事津贴（按人及总额）；以及其他补充说明字段如备注说明等。"}]

请选择table，务必遵循输出的格式要求。

>>>>> Agent【Check_db_structure.table_selector】 Said:
【分析】
要计算淮北矿业2021年底技术人员中具有硕士及以上学历的人员占比，需要以下信息：
1. 淮北矿业的公司代码（已知为1842）。
2. 2021年底的员工分类数据，特别是技术人员的总数。
3. 技术人员中硕士和博士的数量。

根据已知表信息，`astockoperationsdb.lc_staff` 表包含与公司和员工分类相关的信息，包括公司代码、日期、分类方式、类别名称、员工数量及占总数比例等。这个表可以提供技术人员总数以及硕士和博士的数量。

【选中的数据表】
- astockoperationsdb.lc_staff: 这个数据表包含公司代码、日期、员工分类（包括技术人员）、员工数量及占总数比例等信息。

【选中的数据库表的清单】
```json
["astockoperationsdb.lc_staff"]
```


>>>>> 【user】 Said:
已取得可用的数据表的字段信息如下:
[{"表名": "astockoperationsdb.lc_staff", "表字段": [{"column": "CompanyCode", "desc": "公司代码"}, {"column": "EndDate", "desc": "日期"}, {"column": "InfoSource", "desc": "信息来源"}, {"column": "MergeMark", "desc": "合并标志；，令LB = 1189 AND DM IN (1,2)，得到合并标志的具体描述：1-合并，2-母公司。"}, {"column": "ClassfiedMethod", "desc": "分类方式；，令LB = 1050 AND DM IN (1000,3000,5000,7000,9000,9300,9800,9900)，得到分类方式的具体描述：1000-技术职称，3000-专业构成，5000-教育程度，7000-年龄结构，9000-职工总数，9300-离退人数，9800-其他分类，9900-未分类人员。"}, {"column": "TypeName", "desc": "类别名称"}, {"column": "YoungestAge", "desc": "最低年龄"}, {"column": "OldestAge", "desc": "最高年龄"}, {"column": "EmployeeSum", "desc": "员工数量"}, {"column": "RatioInSum", "desc": "占总数比例"}, {"column": "Statement", "desc": "备注说明"}, {"column": "TypeCode", "desc": "分类代码；(系统常量表)，LB=1050。 当分类方式=1000-技术职称，则项目代码的具体描述：1012-高级职称及以上,1014-副高级职称及以上,1016-中级职称及以上,1018-初级职称及以上,1099-其他职称分类。当分类方式=3000-专业构成，则项目代码的具体描述：3010-行政管理人员，3013-管理人员，3015-行政人员，3030-业务人员，3031-生产人员，3032-采购人员，3033-市场人员，3034-销售人员，3035-技术人员，3036-仓储物流，3037-研发人员，3050-财务人员，3060-客服人员，3070-风控稽核，3090-综合分类人员，3099-其他岗位人员；其中（3032、3034、3036、3060与3070均为2018年新增分类，不建议与历史对比）。当分类方式=5000-教育程度，则项目代码的具体描述：5005-博士后，5010-博士，5015-硕士，5020-本科，5025-大专，5030-高中中专，5050-初中，5060-小学，5099-其他学历。当分类方式=7000-年龄结构时，则项目代码的具体描述：7099-平均年龄。"}, {"column": "InfoPublDate", "desc": "信息发布日期"}]}]

请选择column，务必遵循输出的格式要求。

>>>>> Agent【Check_db_structure.columns_selector】 Said:
【分析】
用户提问要求计算淮北矿业2021年底技术人员中，具有硕士及以上学历（硕士+博士）的人员占比。我们需要找到相关的字段来获取技术人员的总数以及其中硕士和博士的数量。

【信息所在字段】
- astockoperationsdb.lc_staff.CompanyCode: 这个字段可能包含公司代码信息，对应用户提问中的淮北矿业
- astockoperationsdb.lc_staff.EndDate: 这个字段可能包含日期信息，对应用户提问中的2021年底
- astockoperationsdb.lc_staff.ClassfiedMethod: 这个字段可能包含分类方式信息，对应用户提问中的技术人员和学历分类
- astockoperationsdb.lc_staff.TypeCode: 这个字段可能包含分类代码信息，对应用户提问中的技术人员和学历分类
- astockoperationsdb.lc_staff.EmployeeSum: 这个字段可能包含员工数量信息，对应用户提问中的技术人员总数和硕士博士数量
- astockoperationsdb.lc_staff.RatioInSum: 这个字段可能包含占总数比例信息，对应用户提问中的占比计算

【筛选条件所在字段】
- astockoperationsdb.lc_staff.CompanyCode: 这个字段可能包含公司代码信息，对应用户提问中的淮北矿业
- astockoperationsdb.lc_staff.EndDate: 这个字段可能包含日期信息，对应用户提问中的2021年底
- astockoperationsdb.lc_staff.ClassfiedMethod: 这个字段可能包含分类方式信息，对应用户提问中的技术人员和学历分类
- astockoperationsdb.lc_staff.TypeCode: 这个字段可能包含分类代码信息，对应用户提问中的技术人员和学历分类

【选中的字段的清单】
```json
{
  "astockoperationsdb.lc_staff": [
    "CompanyCode",
    "EndDate",
    "ClassfiedMethod",
    "TypeCode",
    "EmployeeSum",
    "RatioInSum"
  ]
}
```


>>>>> 【user】 Said:
之前已查询到信息如下:
查询结果表明: 在公司代码为1842的记录中，截至2021年12月31日，按照专业构成（ClassfiedMethod = 3000）分类的员工总数为48173人，其中技术人员（TypeCode = '3035'）占总员工数的比例为5.3163%。

请问:假设硕博人员都是技术人员，在淮北矿业2021年底的技术人员中，具有硕士及以上学历（硕士+博士）的人员占比是多少？（保留2位小数）

>>>>> Agent【Sql_query.master】 Said:
【已知信息】
- 淮北矿业的公司代码为1842。
- 2021年底员工总数为48173人。
- 技术人员占总员工数的比例为5.3163%。
- 需要计算具有硕士及以上学历的技术人员在技术人员中的占比。

【当前阶段要获取的信息】
- 具有硕士及以上学历的技术人员数量。

【信息所在字段】
- `EmployeeSum`：员工数量
- `ClassfiedMethod`：分类方式
- `TypeCode`：分类代码

【筛选条件所在字段】
- `CompanyCode`：公司代码
- `EndDate`：日期
- `ClassfiedMethod`：分类方式
- `TypeCode`：分类代码

【SQL语句的思路】
1. 查询2021年底淮北矿业具有硕士及以上学历的员工数量。
2. 计算这些员工在技术人员中的占比。

【执行SQL语句】
```exec_sql
SELECT 
    SUM(EmployeeSum) AS MasterAndDoctorSum
FROM 
    astockoperationsdb.lc_staff
WHERE 
    CompanyCode = 1842 
    AND DATE(EndDate) = '2021-12-31'
    AND ClassfiedMethod = 5000
    AND (TypeCode = '5010' OR TypeCode = '5015')
```

【上述SQL语句的含义】
- 从`astockoperationsdb.lc_staff`表中查询公司代码为1842，截至2021年12月31日，按照教育程度（ClassfiedMethod = 5000）分类，具有硕士（TypeCode = '5015'）或博士（TypeCode = '5010'）学历的员工数量总和。

下一步将使用此结果计算具有硕士及以上学历的技术人员在技术人员中的占比。

>>>>> 查询sql:
SELECT 
    SUM(EmployeeSum) AS MasterAndDoctorSum
FROM 
    astockoperationsdb.lc_staff
WHERE 
    CompanyCode = 1842 
    AND DATE(EndDate) = '2021-12-31'
    AND ClassfiedMethod = 5000
    AND (TypeCode = '5010' OR TypeCode = '5015');
查询结果:
[{"MasterAndDoctorSum": 107}]


>>>>> 【user】 Said:
查询SQL:
SELECT 
    SUM(EmployeeSum) AS MasterAndDoctorSum
FROM 
    astockoperationsdb.lc_staff
WHERE 
    CompanyCode = 1842 
    AND DATE(EndDate) = '2021-12-31'
    AND ClassfiedMethod = 5000
    AND (TypeCode = '5010' OR TypeCode = '5015');
查询结果:
[{"MasterAndDoctorSum": 107}]

请理解查询结果

>>>>> Agent【Sql_query.understand_query_result】 Said:
查询结果表明: 在公司代码为1842的记录中，截至2021年12月31日，按照教育程度分类方式（ClassfiedMethod = 5000），具有博士（TypeCode = '5010'）或硕士（TypeCode = '5015'）学历的员工总数为107人。


>>>>> 【user】 Said:
查询SQL:
SELECT 
    SUM(EmployeeSum) AS MasterAndDoctorSum
FROM 
    astockoperationsdb.lc_staff
WHERE 
    CompanyCode = 1842 
    AND DATE(EndDate) = '2021-12-31'
    AND ClassfiedMethod = 5000
    AND (TypeCode = '5010' OR TypeCode = '5015');
查询结果:
[{"MasterAndDoctorSum": 107}]

查询结果表明: 在公司代码为1842的记录中，截至2021年12月31日，按照教育程度分类方式（ClassfiedMethod = 5000），具有博士（TypeCode = '5010'）或硕士（TypeCode = '5015'）学历的员工总数为107人。

当前掌握的信息是否能够回答"假设硕博人员都是技术人员，在淮北矿业2021年底的技术人员中，具有硕士及以上学历（硕士+博士）的人员占比是多少？（保留2位小数）"？还是要继续执行下一阶段SQL查询？

>>>>> Agent【Sql_query.master】 Said:
【已知信息】
- 淮北矿业的公司代码为1842。
- 2021年底员工总数为48173人。
- 技术人员占总员工数的比例为5.3163%。
- 具有硕士及以上学历的员工总数为107人。

【当前阶段要获取的信息】
- 技术人员的总数。

【信息所在字段】
- `EmployeeSum`：员工数量
- `ClassfiedMethod`：分类方式
- `TypeCode`：分类代码

【筛选条件所在字段】
- `CompanyCode`：公司代码
- `EndDate`：日期
- `ClassfiedMethod`：分类方式
- `TypeCode`：分类代码

【SQL语句的思路】
1. 查询2021年底淮北矿业技术人员的总数。
2. 使用已知的技术人员总数和具有硕士及以上学历的员工总数，计算占比。

【执行SQL语句】
```exec_sql
SELECT 
    EmployeeSum AS TechnicianSum
FROM 
    astockoperationsdb.lc_staff
WHERE 
    CompanyCode = 1842 
    AND DATE(EndDate) = '2021-12-31'
    AND ClassfiedMethod = 3000
    AND TypeCode = '3035'
```

【上述SQL语句的含义】
- 从`astockoperationsdb.lc_staff`表中查询公司代码为1842，截至2021年12月31日，按照专业构成（ClassfiedMethod = 3000）分类，技术人员（TypeCode = '3035'）的数量。

下一步将使用此结果计算具有硕士及以上学历的技术人员在技术人员中的占比。

>>>>> 查询sql:
SELECT 
    EmployeeSum AS TechnicianSum
FROM 
    astockoperationsdb.lc_staff
WHERE 
    CompanyCode = 1842 
    AND DATE(EndDate) = '2021-12-31'
    AND ClassfiedMethod = 3000
    AND TypeCode = '3035';
查询结果:
[{"TechnicianSum": 2561}]


>>>>> 【user】 Said:
查询SQL:
SELECT 
    EmployeeSum AS TechnicianSum
FROM 
    astockoperationsdb.lc_staff
WHERE 
    CompanyCode = 1842 
    AND DATE(EndDate) = '2021-12-31'
    AND ClassfiedMethod = 3000
    AND TypeCode = '3035';
查询结果:
[{"TechnicianSum": 2561}]

请理解查询结果

>>>>> Agent【Sql_query.understand_query_result】 Said:
查询结果表明: 在公司代码为1842的记录中，截至2021年12月31日，按照专业构成（ClassfiedMethod = 3000）分类，技术人员的数量（TypeCode = '3035'）为2561人。


>>>>> 【user】 Said:
查询SQL:
SELECT 
    EmployeeSum AS TechnicianSum
FROM 
    astockoperationsdb.lc_staff
WHERE 
    CompanyCode = 1842 
    AND DATE(EndDate) = '2021-12-31'
    AND ClassfiedMethod = 3000
    AND TypeCode = '3035';
查询结果:
[{"TechnicianSum": 2561}]

查询结果表明: 在公司代码为1842的记录中，截至2021年12月31日，按照专业构成（ClassfiedMethod = 3000）分类，技术人员的数量（TypeCode = '3035'）为2561人。

当前掌握的信息是否能够回答"假设硕博人员都是技术人员，在淮北矿业2021年底的技术人员中，具有硕士及以上学历（硕士+博士）的人员占比是多少？（保留2位小数）"？还是要继续执行下一阶段SQL查询？

>>>>> Agent【Sql_query.master】 Said:
【已知信息】
- 淮北矿业的公司代码为1842。
- 2021年底员工总数为48173人。
- 技术人员占总员工数的比例为5.3163%。
- 具有硕士及以上学历的员工总数为107人。
- 技术人员的总数为2561人。

【当前阶段要获取的信息】
- 计算具有硕士及以上学历的技术人员在技术人员中的占比。

【信息所在字段】
- 已知信息足够，无需进一步查询字段。

【筛选条件所在字段】
- 已知信息足够，无需进一步筛选条件。

【SQL语句的思路】
- 使用已知的技术人员总数和具有硕士及以上学历的员工总数，计算占比。

【执行SQL语句】
```exec_sql
SELECT 
    ROUND((107 / 2561) * 100, 2) AS MasterAndDoctorRatio
```

【上述SQL语句的含义】
- 计算具有硕士及以上学历的技术人员在技术人员中的占比，并保留两位小数。

【当前阶段无执行SQL】
无

【计算结果】
- 具有硕士及以上学历的技术人员在技术人员中的占比为 `4.18%`。

因此，假设硕博人员都是技术人员，在淮北矿业2021年底的技术人员中，具有硕士及以上学历（硕士+博士）的人员占比为4.18%。

>>>>> 查询sql:
SELECT 
    ROUND((107 / 2561) * 100, 2) AS MasterAndDoctorRatio;
查询结果:
[{"MasterAndDoctorRatio": 4.18}]


>>>>> 【user】 Said:
查询SQL:
SELECT 
    ROUND((107 / 2561) * 100, 2) AS MasterAndDoctorRatio;
查询结果:
[{"MasterAndDoctorRatio": 4.18}]

请理解查询结果

>>>>> Agent【Sql_query.understand_query_result】 Said:
查询结果表明: 计算得出的MasterAndDoctorRatio（硕士及博士比例）为4.18%，这是通过将107除以2561再乘以100并四舍五入到两位小数得到的比例值。


>>>>> 【user】 Said:
查询SQL:
SELECT 
    ROUND((107 / 2561) * 100, 2) AS MasterAndDoctorRatio;
查询结果:
[{"MasterAndDoctorRatio": 4.18}]

查询结果表明: 计算得出的MasterAndDoctorRatio（硕士及博士比例）为4.18%，这是通过将107除以2561再乘以100并四舍五入到两位小数得到的比例值。

当前掌握的信息是否能够回答"假设硕博人员都是技术人员，在淮北矿业2021年底的技术人员中，具有硕士及以上学历（硕士+博士）的人员占比是多少？（保留2位小数）"？还是要继续执行下一阶段SQL查询？

>>>>> Agent【Sql_query.master】 Said:
【已知信息】
- 淮北矿业的公司代码为1842。
- 2021年底员工总数为48173人。
- 技术人员占总员工数的比例为5.3163%。
- 具有硕士及以上学历的员工总数为107人。
- 技术人员的总数为2561人。
- 计算得出的具有硕士及以上学历的技术人员在技术人员中的占比为4.18%。

【当前阶段要获取的信息】
- 无需进一步获取信息，已知信息已足够回答问题。

【信息所在字段】
- 已知信息足够，无需进一步查询字段。

【筛选条件所在字段】
- 已知信息足够，无需进一步筛选条件。

【SQL语句的思路】
- 已完成所需计算，无需进一步SQL查询。

【执行SQL语句】
无

【上述SQL语句的含义】
- 无需进一步SQL查询，已知信息已足够。

【当前阶段无执行SQL】
无

【最终答案】
假设硕博人员都是技术人员，在淮北矿业2021年底的技术人员中，具有硕士及以上学历（硕士+博士）的人员占比为4.18%。

因此，当前掌握的信息已经能够完全回答问题，无需继续执行下一阶段SQL查询。


>>>>> 【user】 Said:
充分尊重前面给出的结论，回答问题:"假设硕博人员都是技术人员，在淮北矿业2021年底的技术人员中，具有硕士及以上学历（硕士+博士）的人员占比是多少？（保留2位小数）"

>>>>> Agent【Sql_query.summary】 Said:
4.18
