
>>>>> Original Question: 大北农在2020年签订金额最大的合同是否发生在重大事项公告之后？签订的合同日期和重大事项公告日期分别是什么？


>>>>> 【user】 Said:
下面是已知的事实:
'''
大北农公司的关联信息有:[所在数据表是constantdb.secumain;InnerCode(证券内部编码)是9994;CompanyCode(公司代码)是78397;ChiName(中文名称)是北京大北农科技集团股份有限公司;EngName(英文名称)是Beijing Dabeinong Technology Group Co.,Ltd.;SecuCode(证券代码)是002385;]
---
北京大北农科技集团股份有限公司的关联信息有:[所在数据表是constantdb.secumain;InnerCode(证券内部编码)是9994;CompanyCode(公司代码)是78397;ChiName(中文名称)是北京大北农科技集团股份有限公司;EngName(英文名称)是Beijing Dabeinong Technology Group Co.,Ltd.;SecuCode(证券代码)是002385;]
002385的关联信息有:[所在数据表是constantdb.secumain;InnerCode(证券内部编码)是9994;CompanyCode(公司代码)是78397;ChiName(中文名称)是北京大北农科技集团股份有限公司;EngName(英文名称)是Beijing Dabeinong Technology Group Co.,Ltd.;SecuCode(证券代码)是002385;]
'''
下面是顺序的历史问答:
'''
Question: 大北农在2020年发布了多少条重大事项公告？
Answer: 大北农公司在2020年发布了180条重大事项公告。
Question: 大北农在2020年签订的涉及金额最大的合同标的是哪个？金额是多少？
Answer: 合同标的: 物料供应框架协议, 金额: 50000000.0元
'''
现在用户继续提问，请根据已知信息，理解当前这个问题的完整含义，并重写这个问题使得单独拿出来看仍然能够正确理解：大北农在2020年签订金额最大的合同是否发生在重大事项公告之后？签订的合同日期和重大事项公告日期分别是什么？

>>>>> Agent【rewrite_question】 Said:
北京大北农科技集团股份有限公司（证券代码002385）在2020年签订的金额最大的合同是否发生在该年度发布的180条重大事项公告之后？签订该合同的日期和发布相关重大事项公告的日期分别是什么？


>>>>> 【user】 Said:
提取下面这段文字里的实体，如公司名、股票代码等，如果识别结果是空，那么就回复No Entities."北京大北农科技集团股份有限公司（证券代码002385）在2020年签订的金额最大的合同是否发生在该年度发布的180条重大事项公告之后？签订该合同的日期和发布相关重大事项公告的日期分别是什么？"

>>>>> Agent【extract_company】 Said:
```json
["北京大北农科技集团股份有限公司", "002385"]
```

>>>>> 查询sql:
SELECT 'constantdb.secumain' AS TableName, InnerCode, CompanyCode, ChiName, EngName, SecuCode
FROM constantdb.secumain 
WHERE SecuCode = '北京大北农科技集团股份有限'
   OR ChiName LIKE '%北京大北农科技集团股份有限%'
   OR ChiNameAbbr LIKE '%北京大北农科技集团股份有限%'
   OR EngName LIKE '%北京大北农科技集团股份有限%'
   OR EngNameAbbr LIKE '%北京大北农科技集团股份有限%'
   OR SecuAbbr LIKE '%北京大北农科技集团股份有限%'
UNION ALL
SELECT 'constantdb.hk_secumain' AS TableName, InnerCode, CompanyCode, ChiName, EngName, SecuCode
FROM constantdb.hk_secumain 
WHERE SecuCode = '%北京大北农科技集团股份有限%'
   OR ChiName LIKE '%北京大北农科技集团股份有限%'
   OR ChiNameAbbr LIKE '%北京大北农科技集团股份有限%'
   OR EngName LIKE '%北京大北农科技集团股份有限%'
   OR EngNameAbbr LIKE '%北京大北农科技集团股份有限%'
   OR SecuAbbr LIKE '%北京大北农科技集团股份有限%'
   OR FormerName LIKE '%北京大北农科技集团股份有限%'
UNION ALL
SELECT 'constantdb.us_secumain' AS TableName, InnerCode, CompanyCode, ChiName, EngName, SecuCode
FROM constantdb.us_secumain 
WHERE SecuCode = '北京大北农科技集团股份有限'
   OR ChiName LIKE '%北京大北农科技集团股份有限%'
   OR EngName LIKE '%北京大北农科技集团股份有限%'
   OR SecuAbbr LIKE '%北京大北农科技集团股份有限%';
查询结果:
[{"TableName": "constantdb.secumain", "InnerCode": 9994, "CompanyCode": 78397, "ChiName": "北京大北农科技集团股份有限公司", "EngName": "Beijing Dabeinong Technology Group Co.,Ltd.", "SecuCode": "002385"}]

>>>>> 查询sql:
SELECT 'constantdb.secumain' AS TableName, InnerCode, CompanyCode, ChiName, EngName, SecuCode
FROM constantdb.secumain 
WHERE SecuCode = '002385'
   OR ChiName LIKE '%002385%'
   OR ChiNameAbbr LIKE '%002385%'
   OR EngName LIKE '%002385%'
   OR EngNameAbbr LIKE '%002385%'
   OR SecuAbbr LIKE '%002385%'
UNION ALL
SELECT 'constantdb.hk_secumain' AS TableName, InnerCode, CompanyCode, ChiName, EngName, SecuCode
FROM constantdb.hk_secumain 
WHERE SecuCode = '%002385%'
   OR ChiName LIKE '%002385%'
   OR ChiNameAbbr LIKE '%002385%'
   OR EngName LIKE '%002385%'
   OR EngNameAbbr LIKE '%002385%'
   OR SecuAbbr LIKE '%002385%'
   OR FormerName LIKE '%002385%'
UNION ALL
SELECT 'constantdb.us_secumain' AS TableName, InnerCode, CompanyCode, ChiName, EngName, SecuCode
FROM constantdb.us_secumain 
WHERE SecuCode = '002385'
   OR ChiName LIKE '%002385%'
   OR EngName LIKE '%002385%'
   OR SecuAbbr LIKE '%002385%';
查询结果:
[{"TableName": "constantdb.secumain", "InnerCode": 9994, "CompanyCode": 78397, "ChiName": "北京大北农科技集团股份有限公司", "EngName": "Beijing Dabeinong Technology Group Co.,Ltd.", "SecuCode": "002385"}]

>>>>> 已知事实:
大北农公司的关联信息有:[所在数据表是constantdb.secumain;InnerCode(证券内部编码)是9994;CompanyCode(公司代码)是78397;ChiName(中文名称)是北京大北农科技集团股份有限公司;EngName(英文名称)是Beijing Dabeinong Technology Group Co.,Ltd.;SecuCode(证券代码)是002385;]
---
北京大北农科技集团股份有限公司的关联信息有:[所在数据表是constantdb.secumain;InnerCode(证券内部编码)是9994;CompanyCode(公司代码)是78397;ChiName(中文名称)是北京大北农科技集团股份有限公司;EngName(英文名称)是Beijing Dabeinong Technology Group Co.,Ltd.;SecuCode(证券代码)是002385;]
002385的关联信息有:[所在数据表是constantdb.secumain;InnerCode(证券内部编码)是9994;CompanyCode(公司代码)是78397;ChiName(中文名称)是北京大北农科技集团股份有限公司;EngName(英文名称)是Beijing Dabeinong Technology Group Co.,Ltd.;SecuCode(证券代码)是002385;]

>>>>> 【user】 Said:
请选择db，务必遵循输出的格式要求。

>>>>> Agent【Check_db_structure.db_selector】 Said:
【分析】
用户提问涉及北京大北农科技集团股份有限公司（证券代码002385）在2020年签订的金额最大的合同及其相关重大事项公告的日期。需要查找以下信息：
1. 2020年签订的金额最大的合同的日期。
2. 2020年发布的180条重大事项公告中，与该合同相关的公告日期。

根据知识库，以下数据库可能包含所需信息：
- `astockeventsdb`：记录了上市公司公告中披露的各种重大事项，包括公司重大经营合同。
- `astockoperationsdb`：记录了上市公司的产品供销信息，可能包含合同详情。

【选中的数据库】
- `astockeventsdb`：这个数据库包含公司重大经营合同的详细信息，可以找到相关公告的日期。
- `astockoperationsdb`：这个数据库可能包含合同签订的具体日期和金额信息。

【选中的数据库的清单】
```json
["astockeventsdb", "astockoperationsdb"]
```


>>>>> 【user】 Said:
数据库表信息如下:
[{"表名": "astockeventsdb.lc_warrant", "说明": "该数据表涵盖了与公司事件披露相关的多维度信息，包括基础信息如公司代码、事件编码等；时间信息如首次信息发布日期、信息发布日期、协议签署日期、借贷及担保的起止日期等；信息来源和披露方式等描述性字段；事件相关信息如事件内容、行为描述、最新进展状态、事件主体及其名称、企业编号、关联关系等；交易对象和担保相关信息，包括交易对象名称、担保金额（首次及最新）、担保资产、提供担保企业及其关联关系、接受担保企业及其关联关系、反担保企业及资产等；借贷信息如借款银行、借款期限、续借期限、借贷起止日期、担保期限及续保期限等；以及其他补充信息如担保是否违规、借贷是否逾期、担保解除日期及方式、附注等，全面记录了公司事件的关键要素和关联信息。"}, {"表名": "astockeventsdb.lc_credit", "说明": "该数据表主要记录公司与上市公司之间的贷款及担保相关信息。字段信息包括公司标识及关联关系，如公司代码、事件主体名称及编号、交易对象名称及编号、借入方及借出方、担保方及其关联关系等。时间信息涵盖首次信息发布日期、信息发布日期、协议签署日期、借贷起始日及截止日、担保起始日及截止日、最近还款日期等。贷款与担保的详细信息涉及到货币单位、首次及最新借贷金额、最近及累计还款金额、借贷条件、年利率及其说明、借贷及担保期限、续借及续保期限、抵押置押资产等。事件相关信息包括信息来源、公告类型、披露方式、事件内容及主体、行为描述及方式、最新进展状态、是否终止等。此外，还包括附注信息用于补充说明。"}, {"表名": "astockeventsdb.lc_suitarbitration", "说明": "该数据表主要用于记录与公司相关的事件、诉讼仲裁及其进展信息。表中包含了基础标识信息如ID和公司代码(CompanyCode)；时间信息如首次信息发布日期(InitialInfoPublDate)和信息发布日期(InfoPublDate)；信息来源和披露方式(InfoSource, DisclosureMethod)；事件相关信息如事件内容(EventContent)、行为描述(ActionDesc)、事件主体名称及编号(SubjectName, SubjectCode)、事件进程(EventProcedure)、行为方式(ActionWays)、事件主体在诉讼中的角色(EventSubjectRole)等；涉及的交易或诉讼对象信息如交易对象名称及编号(ObjectName, ObjectCode)、诉讼仲裁原告和被告(Plaintiff, Defendant)及其关联关系；诉讼仲裁详细信息如案由描述(SubjectMatterStat)、案由(SubjectMatter)、诉讼仲裁金额(FirstSuitSum, LatestSuitSum)、审理机构(InquisitionInstitute)、仲裁状态及各审级状态(CaseStatus, FirstInstanceStatus, SecondInstanceStatus, SPPStatus)；财产执行信息如被执行财产(PropertyEnforced)、归属(PropertyBelonged)、执行状态(AdjudgementStatus)；以及协议签署日期(AgreementDate)、备注(Note)、是否终止(IfEnded)等辅助字段。字段内容涵盖了事件描述、诉讼仲裁进展、主体与关联方信息等多方面内容，便于综合分析和管理。"}, {"表名": "astockeventsdb.lc_entrustinv", "说明": "该数据表主要记录公司相关事件的详细信息，包括公司标识字段如公司代码、事件主体名称及其企业编号、交易对象名称及其企业编号等；事件基本信息字段如首次信息发布日期、信息发布日期、信息来源、公告类型、披露方式、事件内容、行为描述、行为方式及事件进程等；状态与进展字段如最新进展状态描述、是否终止、协议签署日期等；财务相关字段如涉及金额、货币单位、委托期限、委托起始日与截止日、约定收益说明及实际收益等；以及其他补充信息字段如与上市公司的关联关系、备注等，全面涵盖了事件的时间、主体、财务及进展等核心要素。"}, {"表名": "astockeventsdb.lc_regroup", "说明": "该数据表主要用于记录公司事件相关的信息。包括公司基础信息如公司代码、事件主体名称及其编号、事件主体与上市公司的关联关系等；事件相关的时间信息如首次信息发布日期、信息发布日期、协议签署日期等；事件的详细描述如事件内容、行为描述、最新进展状态、事件进程、行为方式等；信息来源和披露方式等公告信息；涉及的财务数据如资产帐面价值、资产评估价值、资产出售金额、资产转让收益、债务重组金额等；事件的类别和编码信息如公告类型、事项类型、事项编码、序号等；此外，还包括事件是否终止、交易对象企业编号及其与上市公司的关联关系等补充信息。"}, {"表名": "astockeventsdb.lc_majorcontract", "说明": "该数据表记录了与公司相关的事件及合同信息，包含公司基本信息如公司代码、事件主体名称及编号、交易对象名称及编号，以及主体与上市公司间的关联关系等；事件相关信息如首次信息发布日期、最新信息发布日期、信息来源、公告类型、事件内容、行为描述、行为方式、最新进展状态描述、事件主体、事件进程等；合同相关信息如协议签署日期、合同标的、合同获得方式、中标日期、涉及金额、合同起始日、合同截止日、合同期限及合同对公司的影响等；此外，还包括货币单位及备注等辅助信息。"}, {"表名": "astockeventsdb.lc_investorra", "说明": "该数据表记录了与证券相关的接待活动信息，包含信息发布日期、标题及链接等基本信息；证券内部编码、编号和序号等标识信息；接待日期、时间及截止日等时间信息；活动类别、地点、参与单位及人员、上市公司接待人员等活动相关信息；主要内容、附件及其格式等内容信息。"}, {"表名": "astockeventsdb.lc_investordetail", "说明": "该数据表主要用于记录投资者关系活动的详细信息，包括活动的唯一标识（投资者关系活动ID）、参与的调研机构及其编码（调研机构、调研机构编码）、参与的调研人员及其编码（调研人员、调研人员编码）、调研人员的职位名称，以及活动的排序序号等基本信息。"}, {"表名": "astockoperationsdb.lc_suppcustdetail", "说明": "该数据表记录了企业关联交易的详细信息，包含信息发布的时间和来源（如信息发布日期、信息来源及其编码），企业及关联方的基本信息（如公司代码、关联企业名称、供应商/客户代码与属性等），交易相关信息（如交易标的名称与代码、交易金额及占比等），以及其他辅助信息（如截止日期、关系所属类型、序号及备注等）。"}, {"表名": "astockoperationsdb.lc_staff", "说明": "该数据表包含与公司和员工分类相关的信息，字段包括公司代码、信息来源、合并标志等基本信息，日期和信息发布日期等时间信息，分类方式、类别名称及分类代码等分类相关内容，最低年龄、最高年龄及员工数量等员工统计数据，以及占总数比例等比例信息，最后还有备注说明字段用于补充说明。"}, {"表名": "astockoperationsdb.lc_rewardstat", "说明": "该数据表主要记录公司管理层及董事津贴与报酬相关信息，包括公司标识信息如公司代码、信息发布日期和来源；日期信息如截止日期；报酬信息如管理层报酬总额、领取报酬的管理层人数、前三名董事及高管的报酬、独立董事津贴（按人及总额）；以及其他补充说明字段如备注说明等。"}]

请选择table，务必遵循输出的格式要求。

>>>>> Agent【Check_db_structure.table_selector】 Said:
【分析】
要回答北京大北农科技集团股份有限公司（证券代码002385）在2020年签订的金额最大的合同是否发生在该年度发布的180条重大事项公告之后，以及签订该合同的日期和发布相关重大事项公告的日期，我们需要以下信息：
1. 2020年签订的金额最大的合同的详细信息，包括签订日期。
2. 2020年发布的180条重大事项公告的发布日期。

【选中的数据表】
- astockeventsdb.lc_majorcontract: 这个数据表记录了与公司相关的事件及合同信息，包含协议签署日期和涉及金额，可以用来找到2020年签订的金额最大的合同。
- astockeventsdb.lc_warrant: 这个数据表涵盖了与公司事件披露相关的多维度信息，包括信息发布日期，可以用来确认2020年发布的重大事项公告的日期。

【选中的数据库表的清单】
```json
["astockeventsdb.lc_majorcontract", "astockeventsdb.lc_warrant"]
```


>>>>> 【user】 Said:
已取得可用的数据表的字段信息如下:
[{"表名": "astockeventsdb.lc_majorcontract", "表字段": [{"column": "CompanyCode", "desc": "公司代码；公司代码（CompanyCode）：与“证券主表（SecuMain）”中的“公司代码（CompanyCode）”关联，得到上市公司的交易代码、简称等。"}, {"column": "InitialInfoPublDate", "desc": "首次信息发布日期"}, {"column": "InfoPublDate", "desc": "最新信息发布日期"}, {"column": "InfoSource", "desc": "信息来源"}, {"column": "BulletinType", "desc": "公告类型；公告类型(BulletinType)与(CT_SystemConst)表中的DM字段关联，令LB = 1109，得到公告类型的具体描述：1-董事会公告，2-股东大会公告，3-监事会公告，4-公司公告，5-法律意见书，6-财务报告，7-中国证监会公告，8-交易所公告，9-中介机构公告，10-基金投资组合公告，11-回访报告，12-独立董事声明，13-债券公告，14-三板市场公司公告，15-基金公告，18-收购报告书，30-新股发行公告，31-增发发行公告，32-债券发行公告，33-基金发行公告，34-配股发行公告，40-增发股本变动公告，41-配股股本变动公告，43-债券上市公告，50-分红公告，60-期货公告，61-股权分置改革说明书，99-其它。"}, {"column": "EventContent", "desc": "事件内容"}, {"column": "ActionDesc", "desc": "行为描述"}, {"column": "NewestAdvance", "desc": "最新进展状态描述(摘要信息)"}, {"column": "EventSubject", "desc": "事件主体；事件主体(EventSubject)与(CT_SystemConst)表中的DM字段关联，令LB = 1246，得到事件主体的具体描述：1-上市公司，2-下属公司，3-公司股东，4-债券发行人。"}, {"column": "EventProcedure", "desc": "事件进程；事件进程(EventProcedure)与(CT_SystemConst)表中的DM字段关联，令LB = 1059，得到事件进程的具体描述：1000-意向，1001-预案，1004-决案，1007-否决，1010-申请，1013-批准，1016-未实施终止，1019-实施中，1022-实施完成，1025-解除，1028-到期，1041-续签，1043-部分续签，1051-涉诉，1053-可能涉诉，1055-预估，1303-收到，1305-部分收到，2001-逾期，2003-还款，2005-延期，2007-展期，2501-诉前，2504-诉中，2507-诉后，3001-提前回收，3002-提前部分回收，3003-到期后协议延期，3004-到期回收，3005-到期待回收，3006-到期部分待回收，3007-到期无法回收，3008-到期部分无法回收，3101-改革意向，3103-股改动议取消，3105-董事会改革方案，3108-沟通确认方案，3111-上级部门批准，3115-上级部门驳回，3120-董事会否决，3121-股东大会通过，3125-股东大会否决，3126-有效期内未实施，3131-方案实施，3201-证监会审核通过，3202-证监会审核否决，3203-证监会核准，3204-证监会未核准，3212-方案部分实施，3301-已注册未发行，3302-已发行有额度，3303-已发行无额度，3304-提前终止，3305-放弃，3399-其他。"}, {"column": "ActionWays", "desc": "行为方式；行为方式(ActionWays)与(CT_SystemConst)表中的DM字段关联，令LB = 1063，得到行为方式的具体描述：1001-借入，1003-贷出，1005-银行授信，1007-借入计划额度，1009-承兑汇票，1011-票据贴现，1013-进出口押汇，1099-其他借贷，1201-提供担保，1203-接受担保，1204-提供反担保，1205-提供担保协议，1207-接受担保协议，1209-互保协议，1299-其他，1401-诉讼，1403-仲裁，2101-税负增加，2102-税负增加(优惠)，2104-税负减少，2107-税负优惠延长，2199-其他税负变动，2301-财政补贴，2304-税收减免，2307-税收退返，2311-投资抵免，2315-利息减免，2318-贴息，2325-补偿款，2501-注册地址变更，2504-办公地址变更，2507-联系地址变更，3001-出让，3003-剥离，3101-资产置换，3301-接受赠与，3303-赠与他方，3501-债务人转移，3504-债权人转移，3507-债务减免，3511-债权转股，3514-债务转股，3517-以资抵债，3521-债权换资，3599-其他债权债务重组，3701-接受托管，3703-委托托管，3705-接受承包，3707-委托承包，3711-租入，3713-租出，3715-转租，4001-委托他方理财，4003-接受委托理财，4007-委托贷款，4101-不能全额按期偿还其债务，4102-发债人被起诉，4103-发债人未遵守特定条款，4104-发债人债务重组，4105-发债人债务冲销，4106-发债人提取特别准备金，4107-本金或利息减免和延期，4119-发债人其他失信行为，5000-合资合作，5010-工程承包，5020-销售商品，5030-提供劳务，5090-其他合同，9001-发出要约，9002-受领要约。"}, {"column": "CurrencyUnit", "desc": "货币单位；货币单位(CurrencyUnit)与(CT_SystemConst)表中的DM字段关联，令LB = 1068，得到货币单位的具体描述：1000-美元，1001-美分，1002-美元(次日)，1003-美元(同日)，1100-港元，1110-印度卢比，1120-印度尼西亚卢比，1130-伊朗里亚尔，1140-波兰兹罗提，1150-匈牙利福林，1160-日本元，1161-欧洲日元(离岸)，1170-约旦第纳尔，1180-科威特第纳尔，1190-阿联酋迪拉姆，1200-亚美尼亚德拉姆，1210-澳门元，1220-马来西亚林吉特，1230-安第列斯群岛盾，1240-安哥拉宽扎，1250-尼泊尔卢比，1260-哈萨克斯坦坚戈，1270-巴基斯坦卢比，1280-阿鲁巴岛弗罗林，1290-菲律宾比索，1300-阿塞拜疆马纳特，1310-波斯尼亚马克，1320-新加坡元，1330-韩国元，1340-孟加拉塔卡，1350-百慕大元，1360-泰国铢，1370-沙特里亚尔，1380-文莱林吉特，1390-不丹努尔特鲁姆，1400-博茨瓦纳普拉，1410-白俄罗斯卢布，1420-人民币元，1430-台湾元，1440-伯利兹元，1450-南苏丹镑，1460-世界投资报告法郎，1470-佛得角埃斯库多，1480-厄立特里亚纳克法，1490-埃塞俄比亚比尔，1500-福克兰群岛镑，1510-格鲁吉亚拉里，1520-直布罗陀镑，1530-克罗地亚库纳，1540-以色列新谢克尔，1550-吉尔吉斯斯坦索姆，1560-开曼群岛元，1570-莱索托马洛蒂，1580-摩尔多瓦列伊，1590-马其顿第纳尔，1600-蒙古图格里克，1610-马拉维克瓦查，1620-梅蒂卡尔，1630-纳米比亚元，1640-巴布亚新几内亚基那，1650-塞尔维亚第纳尔，1660-圣赫勒拿群岛磅，1670-圣多美和普林西比多布拉，1680-太平洋法郎，1690-非共体法郎，1700-斯威士兰里兰吉尼，1710-塔吉克斯坦索莫尼，1720-土库曼斯坦马纳特，1730-汤加潘加，1740-乌克兰格里夫纳，1750-乌兹别克斯坦苏姆，1760-瓦努阿图瓦图，1770-萨摩亚塔拉，1780-中非金融合作法郎，1790-东加勒比元，1810-人民币(离岸)，2470-坦桑尼亚先令，3000-欧元，3010-比利时法郎，3020-丹麦克朗，3030-英镑，3031-便士，3040-德国马克，3050-法国法郎，3070-意大利里拉，3090-荷兰盾，3100-葡萄牙埃斯库多，3110-立陶宛立特，3120-西班牙比塞塔，3130-拉脱维亚立特，3140-斯洛文尼亚托拉尔，3150-奥地利先令，3160-斯洛伐克克朗，3170-爱沙尼亚克朗，3180-芬兰马克，3190-安道尔比塞塔(废弃)，3260-挪威克朗，3300-瑞典克朗，3310-瑞士法郎，3311-记帐瑞士法郎，3313-清算瑞士法郎，3430-苏联卢布(废弃)，3440-俄国卢布，3450-俄罗斯卢布，4000-巴西雷亚尔(废弃)，4100-巴西里亚尔，4290-墨西哥比索，5010-加拿大元，6010-澳大利亚元，6090-新西兰元，7101-刚果法郎，7103-尼日利亚奈拉，7105-越南盾，7107-肯尼亚先令，7109-卢森堡法郎，7111-摩洛哥迪拉姆，7113-南非兰特，7115-斯里兰卡卢比，7117-苏丹第纳尔，7119-也门里亚尔(废弃)，7120-苏丹镑，7121-爱尔兰镑，7123-土耳其里拉(废弃)，7125-捷克克朗(废弃)，8000-阿尔巴尼亚列克，8010-阿尔及利亚第纳尔，8020-阿富汗尼，8030-阿根廷比索，8040-也门里亚尔，8050-阿曼里亚尔，8060-埃及镑，8070-巴巴多斯元，8080-巴哈马元，8090-巴拉圭瓜拉尼，8100-巴林第纳尔，8110-巴拿马巴波亚，8120-保加利亚列弗，8130-冰岛克朗，8150-玻利维亚诺，8160-布隆迪法郎，8170-朝鲜圆，8180-赤道几内亚埃奎勒，8190-多米尼加比索，8200-厄瓜多尔苏克雷，8210-斐济元，8220-冈比亚法拉西，8230-哥伦比亚比索，8240-哥斯达黎加科朗，8250-古巴比索，8260-圭亚那元，8270-海地古德，8280-洪都拉斯伦皮拉，8290-吉布提法郎，8300-几内亚法郎，8310-几内亚比索，8320-加纳塞地，8330-柬埔寨瑞尔，8340-捷克克朗，8350-津巴布韦元，8360-卡塔尔里亚尔，8370-科摩罗法郎，8380-老挝基普，8390-黎巴嫩镑，8400-利比里亚元，8410-利比亚第纳尔，8420-卢旺达法郎，8430-罗马尼亚列伊，8440-马达加斯加阿里亚里，8450-马尔代夫卢比，8460-马耳他镑，8470-毛里求斯卢比，8480-毛里塔尼亚乌吉亚，8490-秘鲁新索尔，8500-缅甸元，8510-也门第纳尔，8520-南斯拉夫新第纳尔，8530-尼加拉瓜科多巴，8540-埃斯库多，8550-萨尔瓦多科朗，8560-塞拉里昂利昂，8570-塞浦路斯镑，8580-塞舌尔卢比，8590-沙特阿拉伯亚尔，8600-苏里南元，8610-所罗门元，8620-索马里先令，8630-特立尼达多巴哥元，8640-突尼斯第纳尔，8650-土耳其里拉，8660-危地马拉格查尔，8670-委内瑞拉玻利瓦尔，8680-乌干达先令，8690-乌拉圭新比索，8700-希腊德拉马克，8720-叙利亚镑，8730-牙买加元，8740-伊拉克第纳尔，8750-赞比亚克瓦查，8760-扎伊尔，8770-智利比索，8780-玻利维亚Mvdol基金，8790-智利CUF基金，8800-哥伦比亚实际价值单位，8810-古巴可兑换比索，8820-墨西哥UDI基金，8830-莫桑比克梅蒂卡尔，8840-东帝汶埃斯库多，8850-罗马尼亚列伊(废弃)，8860-苏里南盾(废弃)，8870-马尔加什法郎(废弃)，8880-赞比亚克瓦查(废弃)，9900-其他货币，9901-本地货币，9990-特别提款权，9999-各币种折合美元。"}, {"column": "SubjectName", "desc": "事件主体名称"}, {"column": "SubjectCode", "desc": "事件主体企业编号；事件主体企业编号（SubjectCode）：该字段属于备用字段，目前未维护。"}, {"column": "SubjectAssociation", "desc": "事件主体与上市公司关联关系；事件主体与上市公司关联关系(SubjectAssociation)与(CT_SystemConst)表中的DM字段关联，令LB = 1036，得到事件主体与上市公司关联关系的具体描述：1-本公司，2-母公司，3-控股股东，4-非控股股东，5-兄弟企业，8-间接非控股股东，9-同一领导人、亲属关系，10-下属子公司、参股公司，11-项目合作合资方，12-其他关联关系，51-间接兄弟企业，80-间接控股股东，83-潜在控股股东，84-潜在非控股股东，86-转让前控股股东，87-转让前非控股股东，121-股权受托管理人，122-受同一方控制，999-无关联关系。"}, {"column": "ObjectName", "desc": "交易对象名称"}, {"column": "ObjectCode", "desc": "交易对象企业编号；交易对象企业编号（ObjectCode）：该字段属于备用字段，目前未维护。"}, {"column": "ObjectAssociation", "desc": "交易对象与上市公司关联关系；交易对象与上市公司关联关系(ObjectAssociation)与(CT_SystemConst)表中的DM字段关联，令LB = 1036，得到交易对象与上市公司关联关系的具体描述：1-本公司，2-母公司，3-控股股东，4-非控股股东，5-兄弟企业，8-间接非控股股东，9-同一领导人、亲属关系，10-下属子公司、参股公司，11-项目合作合资方，12-其他关联关系，51-间接兄弟企业，80-间接控股股东，83-潜在控股股东，84-潜在非控股股东，86-转让前控股股东，87-转让前非控股股东，121-股权受托管理人，122-受同一方控制，999-无关联关系。"}, {"column": "AgreementDate", "desc": "协议签署日期"}, {"column": "ContractObject", "desc": "合同标的"}, {"column": "ContractWay", "desc": "合同获得方式；合同获得方式(ContractWay)与(CT_SystemConst)表中的DM字段关联，令LB = 1750，得到合同获得方式的具体描述：1-中标，2-协议，99-其它。"}, {"column": "AcceptanceDate", "desc": "中标日期"}, {"column": "AmountInvolved", "desc": "涉及金额(元)"}, {"column": "ContractBeginDate", "desc": "合同起始日"}, {"column": "ContractEndDate", "desc": "合同截止日"}, {"column": "ContractPeriod", "desc": "合同期限(月)"}, {"column": "ContractEffect", "desc": "合同对公司的影响"}, {"column": "RemarkDesc", "desc": "备注"}]}, {"表名": "astockeventsdb.lc_warrant", "表字段": [{"column": "CompanyCode", "desc": "公司代码；公司代码（CompanyCode）：与“证券主表（SecuMain）”中的“公司代码（CompanyCode）”关联，得到上市公司的交易代码、简称等。"}, {"column": "InitialInfoPublDate", "desc": "首次信息发布日期"}, {"column": "InfoPublDate", "desc": "信息发布日期"}, {"column": "InfoSource", "desc": "信息来源"}, {"column": "AnnouncementType", "desc": "公告类型；公告类型(AnnouncementType)与(CT_SystemConst)表中的DM字段关联，令LB = 1109，得到公告类型的具体描述：1-董事会公告，2-股东大会公告，3-监事会公告，4-公司公告，5-法律意见书，6-财务报告，7-中国证监会公告，8-交易所公告，9-中介机构公告，10-基金投资组合公告，11-回访报告，12-独立董事声明，13-债券公告，14-三板市场公司公告，15-基金公告，18-收购报告书，30-新股发行公告，31-增发发行公告，32-债券发行公告，33-基金发行公告，34-配股发行公告，40-增发股本变动公告，41-配股股本变动公告，43-债券上市公告，50-分红公告，60-期货公告，61-股权分置改革说明书，99-其它。"}, {"column": "DisclosureMethod", "desc": "披露方式；披露方式(DisclosureMethod)与(CT_SystemConst)表中的DM字段关联，令LB = 1221，得到披露方式的具体描述：1-正常披露，2-事后披露。"}, {"column": "EventContent", "desc": "事件内容"}, {"column": "ActionDesc", "desc": "行为描述；行为描述(ActionDesc)：本字段因字符长度限制，有被截断的情况。担保事件的完整文字描述请查看text字段“事件内容(EventContent)”。"}, {"column": "NewestAdvance", "desc": "最新进展状态描述"}, {"column": "EventSubject", "desc": "事件主体；事件主体与CT_SystemConst表中的DM字段关联，令LB = 1246，得到事件主体的具体描述：1-上市公司，2-下属公司，3-公司股东，4-债券发行人"}, {"column": "EventProcedure", "desc": "事件进程；事件进程与CT_SystemConst表中的DM字段关联，令LB = 1059 AND DM IN (1001,1004,1007,1016,1019,1025,1028,1041,1053,3099)，得到事件进程的具体描述：1001-预案，1004-决案，1007-否决，1016-未实施终止，1019-实施中，1025-解除，1028-到期，1041-续签，1053-可能涉诉"}, {"column": "ActionWays", "desc": "行为方式；行为方式与CT_SystemConst表中的DM字段关联，令LB = 1063 AND DM IN (1201,1203,1204,1205,1207,1209,1299)，得到行为方式的具体描述：1201-提供担保，1203-接受担保，1204-提供反担保，1205-提供担保协议，1207-接受担保协议，1209-互保协议，1299-其他"}, {"column": "CurrencyUnit", "desc": "货币单位；货币单位与CT_SystemConst表中的DM字段关联，令LB = 1068，得到货币单位的具体描述：1000-美元，1001-美分，1002-美元(次日)，1003-美元(同日)，1100-港元，1110-印度卢比，1120-印度尼西亚卢比，1130-伊朗里亚尔，1140-波兰兹罗提，1150-匈牙利福林，1160-日本元，1161-欧洲日元(离岸)，1170-约旦第纳尔，1180-科威特第纳尔，1190-阿联酋迪拉姆，1200-亚美尼亚德拉姆，1210-澳门元，1220-马来西亚林吉特，1230-安第列斯群岛盾，1240-安哥拉宽扎，1250-尼泊尔卢比，1260-哈萨克斯坦坚戈，1270-巴基斯坦卢比，1280-阿鲁巴岛弗罗林，1290-菲律宾比索，1300-阿塞拜疆马纳特，1310-波斯尼亚马克，1320-新加坡元，1330-韩国元，1340-孟加拉塔卡，1350-百慕大元，1360-泰国铢，1370-沙特里亚尔，1380-文莱林吉特，1390-不丹努尔特鲁姆，1400-博茨瓦纳普拉，1410-白俄罗斯卢布，1420-人民币元，1430-台湾元，1440-伯利兹元，1450-南苏丹镑，1460-世界投资报告法郎，1470-佛得角埃斯库多，1480-厄立特里亚纳克法，1490-埃塞俄比亚比尔，1500-福克兰群岛镑，1510-格鲁吉亚拉里，1520-直布罗陀镑，1530-克罗地亚库纳，1540-以色列新谢克尔，1550-吉尔吉斯斯坦索姆，1560-开曼群岛元，1570-莱索托马洛蒂，1580-摩尔多瓦列伊，1590-马其顿第纳尔，1600-蒙古图格里克，1610-马拉维克瓦查，1620-梅蒂卡尔，1630-纳米比亚元，1640-巴布亚新几内亚基那，1650-塞尔维亚第纳尔，1660-圣赫勒拿群岛磅，1670-圣多美和普林西比多布拉，1680-太平洋法郎，1690-非共体法郎，1700-斯威士兰里兰吉尼，1710-塔吉克斯坦索莫尼，1720-土库曼斯坦马纳特，1730-汤加潘加，1740-乌克兰格里夫纳，1750-乌兹别克斯坦苏姆，1760-瓦努阿图瓦图，1770-萨摩亚塔拉，1780-中非金融合作法郎，1790-东加勒比元，1810-人民币(离岸)，2470-坦桑尼亚先令，3000-欧元，3010-比利时法郎，3020-丹麦克朗，3030-英镑，3031-便士，3040-德国马克，3050-法国法郎，3070-意大利里拉，3090-荷兰盾，3100-葡萄牙埃斯库多，3110-立陶宛立特，3120-西班牙比塞塔，3130-拉脱维亚立特，3140-斯洛文尼亚托拉尔，3150-奥地利先令，3160-斯洛伐克克朗，3170-爱沙尼亚克朗，3180-芬兰马克，3190-安道尔比塞塔(废弃)，3260-挪威克朗，3300-瑞典克朗，3310-瑞士法郎，3311-记帐瑞士法郎，3313-清算瑞士法郎，3430-苏联卢布(废弃)，3440-俄国卢布，3450-俄罗斯卢布，4000-巴西雷亚尔(废弃)，4100-巴西里亚尔，4290-墨西哥比索，5010-加拿大元，6010-澳大利亚元，6090-新西兰元，7101-刚果法郎，7103-尼日利亚奈拉，7105-越南盾，7107-肯尼亚先令，7109-卢森堡法郎，7111-摩洛哥迪拉姆，7113-南非兰特，7115-斯里兰卡卢比，7117-苏丹第纳尔，7119-也门里亚尔(废弃)，7120-苏丹镑，7121-爱尔兰镑，7123-土耳其里拉(废弃)，7125-捷克克朗(废弃)，..."}, {"column": "SubjectName", "desc": "事件主体名称"}, {"column": "SubjectCode", "desc": "事件主体企业编号；事件主体企业编号(SubjectCode)：与“机构基本资料（LC_InstiArchive）”中的“企业编号（CompanyCode）”关联，得到相关企业的基本信息。"}, {"column": "SubjectAssociation", "desc": "与上市公司关联关系；与上市公司关联关系(SubjectAssociation)与(CT_SystemConst)表中的DM字段关联，令LB = 1036，得到与上市公司关联关系的具体描述：1-本公司，2-母公司，3-控股股东，4-非控股股东，5-兄弟企业，8-间接非控股股东，9-同一领导人、亲属关系，10-下属子公司、参股公司，11-项目合作合资方，12-其他关联关系，51-间接兄弟企业，80-间接控股股东，83-潜在控股股东，84-潜在非控股股东，86-转让前控股股东，87-转让前非控股股东，121-股权受托管理人，122-受同一方控制，999-无关联关系。"}, {"column": "ObjectName", "desc": "交易对象名称"}, {"column": "ObjectCode", "desc": "信息对象；交易对象企业编号(ObjectCode)：与“机构基本资料（LC_InstiArchive）”中的“企业编号（CompanyCode）”关联，得到相关企业的基本信息。"}, {"column": "ObjectAssociation", "desc": "与上市公司关联关系；与上市公司关联关系(ObjectAssociation)与(CT_SystemConst)表中的DM字段关联，令LB = 1036，得到与上市公司关联关系的具体描述：1-本公司，2-母公司，3-控股股东，4-非控股股东，5-兄弟企业，8-间接非控股股东，9-同一领导人、亲属关系，10-下属子公司、参股公司，11-项目合作合资方，12-其他关联关系，51-间接兄弟企业，80-间接控股股东，83-潜在控股股东，84-潜在非控股股东，86-转让前控股股东，87-转让前非控股股东，121-股权受托管理人，122-受同一方控制，999-无关联关系。"}, {"column": "AgreementDate", "desc": "协议签署日期"}, {"column": "IfEnded", "desc": "是否终止；是否终止（IfEnded），该字段固定以下常量：0-否；1-是"}, {"column": "Note", "desc": "附注(如适用)；担保原因(GuaranteeReason)与(CT_SystemConst)表中的DM字段关联，令LB = 1056，得到担保原因的具体描述：1001-借贷，1003-银行授信，1005-借贷计划额度，1007-承兑汇票，1009-票据贴现，1011-进出口押汇，1013-续借，1015-续授信，1017-借贷延期，1019-借贷展期，1099-其他。"}, {"column": "GuaranteeReason", "desc": "担保原因"}, {"column": "FirstGuaranteeSum", "desc": "首次担保金额(元)"}, {"column": "LatestGuaranteeSum", "desc": "最新担保金额(元)"}, {"column": "GuarantorCompany", "desc": "提供担保企业"}, {"column": "GuarantorAssociation", "desc": "与上市公司关联关系；与上市公司关联关系(GuarantorAssociation)与(CT_SystemConst)表中的DM字段关联，令LB = 1036，得到与上市公司关联关系的具体描述：1-本公司，2-母公司，3-控股股东，4-非控股股东，5-兄弟企业，8-间接非控股股东，9-同一领导人、亲属关系，10-下属子公司、参股公司，11-项目合作合资方，12-其他关联关系，51-间接兄弟企业，80-间接控股股东，83-潜在控股股东，84-潜在非控股股东，86-转让前控股股东，87-转让前非控股股东，121-股权受托管理人，122-受同一方控制，999-无关联关系。"}, {"column": "GuaranteeAsset", "desc": "担保资产"}, {"column": "SecuredParty", "desc": "接受担保企业"}, {"column": "SecuredPartyAssociation", "desc": "与上市公司关联关系；与上市公司关联关系(SecuredPartyAssociation)与(CT_SystemConst)表中的DM字段关联，令LB = 1036，得到与上市公司关联关系的具体描述：1-本公司，2-母公司，3-控股股东，4-非控股股东，5-兄弟企业，8-间接非控股股东，9-同一领导人、亲属关系，10-下属子公司、参股公司，11-项目合作合资方，12-其他关联关系，51-间接兄弟企业，80-间接控股股东，83-潜在控股股东，84-潜在非控股股东，86-转让前控股股东，87-转让前非控股股东，121-股权受托管理人，122-受同一方控制，999-无关联关系。"}, {"column": "CounterGuarantor", "desc": "提供反担保企业"}, {"column": "CGuarantorAssociation", "desc": "与上市公司关联关系；与上市公司关联关系(CGuarantorAssociation)与(CT_SystemConst)表中的DM字段关联，令LB = 1036，得到与上市公司关联关系的具体描述：1-本公司，2-母公司，3-控股股东，4-非控股股东，5-兄弟企业，8-间接非控股股东，9-同一领导人、亲属关系，10-下属子公司、参股公司，11-项目合作合资方，12-其他关联关系，51-间接兄弟企业，80-间接控股股东，83-潜在控股股东，84-潜在非控股股东，86-转让前控股股东，87-转让前非控股股东，121-股权受托管理人，122-受同一方控制，999-无关联关系。"}, {"column": "CGuaranteeAsset", "desc": "反担保资产"}, {"column": "LendBank", "desc": "借款银行(资金出借方)"}, {"column": "LendTerm", "desc": "借款期限(月)"}, {"column": "RenewalTerm", "desc": "其中：续借期限(元)"}, {"column": "LendBeginDate", "desc": "借贷起始日"}, {"column": "LendEndDate", "desc": "借贷截止日"}, {"column": "GuaranteeTerm", "desc": "担保期限(月)"}, {"column": "RenewalGuaranteeTerm", "desc": "其中：续保期限(月)"}, {"column": "GuaranteeBeginDate", "desc": "担保起始日"}, {"column": "GuaranteeEndDate", "desc": "担保截止日"}, {"column": "DischargeGuaranteeDate", "desc": "担保解除日期"}, {"column": "DischargeGuaranteeWays", "desc": "担保解除方式；担保解除方式(DischargeGuaranteeWays)与(CT_SystemConst)表中的DM字段关联，令LB = 1055，得到担保解除方式的具体描述：1001-正常解除，1003-担保转移解除，1005-代部分还款解除，1007-代全额还款解除。"}, {"column": "IfIllegality", "desc": "担保是否违规；担保是否违规(IfIllegality)与(CT_SystemConst)表中的DM字段关联，令LB = 999 AND DM IN (1,2)，得到担保是否违规的具体描述：1-是，2-否。"}, {"column": "IfOverdue", "desc": "借贷是否逾期；借贷是否逾期(IfOverdue)与(CT_SystemConst)表中的DM字段关联，令LB = 999 AND DM IN (1,2)，得到借贷是否逾期的具体描述：1-是，2-否。"}, {"column": "EventCode", "desc": "事项编码"}]}]

请选择column，务必遵循输出的格式要求。

>>>>> Agent【Check_db_structure.columns_selector】 Said:
【分析】
用户询问的是北京大北农科技集团股份有限公司（证券代码002385）在2020年签订的金额最大的合同是否发生在该年度发布的180条重大事项公告之后，并要求提供签订该合同的日期和发布相关重大事项公告的日期。

【信息所在字段】
- astockeventsdb.lc_majorcontract.CompanyCode: 这个字段包含公司代码信息，对应用户提问中的北京大北农科技集团股份有限公司。
- astockeventsdb.lc_majorcontract.AgreementDate: 这个字段包含合同签订日期信息，对应用户提问中的合同签订日期。
- astockeventsdb.lc_majorcontract.AmountInvolved: 这个字段包含合同涉及金额信息，用于确定金额最大的合同。
- astockeventsdb.lc_warrant.CompanyCode: 这个字段包含公司代码信息，对应用户提问中的北京大北农科技集团股份有限公司。
- astockeventsdb.lc_warrant.InfoPublDate: 这个字段包含重大事项公告发布日期信息，对应用户提问中的重大事项公告日期。

【筛选条件所在字段】
- astockeventsdb.lc_majorcontract.CompanyCode: 这个字段用于筛选出北京大北农科技集团股份有限公司的合同信息。
- astockeventsdb.lc_majorcontract.AgreementDate: 这个字段用于筛选出2020年的合同信息。
- astockeventsdb.lc_majorcontract.AmountInvolved: 这个字段用于筛选出金额最大的合同。
- astockeventsdb.lc_warrant.CompanyCode: 这个字段用于筛选出北京大北农科技集团股份有限公司的重大事项公告信息。
- astockeventsdb.lc_warrant.InfoPublDate: 这个字段用于筛选出2020年的重大事项公告信息。

【选中的字段的清单】
```json
{
  "astockeventsdb.lc_majorcontract": ["CompanyCode", "AgreementDate", "AmountInvolved"],
  "astockeventsdb.lc_warrant": ["CompanyCode", "InfoPublDate"]
}
```


>>>>> 【user】 Said:
之前已查询到信息如下:
查询结果表明: 在astockeventsdb.lc_warrant表中，公司代码为78397的记录中，信息发布日期在2020年的公告数量共有180条。
---
查询结果表明: 根据公司代码为78397且协议签署年份为2020年的条件，在“astockeventsdb.lc_majorcontract”表中未能找到任何符合条件的记录，因此无法提供合同标的（ContractObject）和涉及金额（AmountInvolved）的信息。
---
查询结果表明: 表`lc_majorcontract`是存储公司重大经营合同明细的表，包含以下字段：`ID`（主键，ID）、`CompanyCode`（公司代码）、`InitialInfoPublDate`（首次信息发布日期）、`InfoPublDate`（信息发布日期）、`InfoSource`（信息来源）、`BulletinType`（公告类别）、`EventContent`（事件内容）、`ActionDesc`（行为描述）、`NewestAdvance`（最新进展状态描述）、`EventSubject`（事件主体）、`EventProcedure`（事件进程）、`ActionWays`（行为方式）、`CurrencyUnit`（货币单位）、`SubjectName`（事件主体名称）、`SubjectCode`（事件主体企业编号）、`SubjectAssociation`（与上市公司关联关系）、`ObjectName`（交易对象名称）、`ObjectCode`（信息对象）、`ObjectAssociation`（与上市公司关联关系）、`AgreementDate`（协议签署日期）、`ContractObject`（合同标的）、`ContractWay`（合同获得方式）、`AcceptanceDate`（受理日期）、`AmountInvolved`（涉及金额(元)）、`ContractBeginDate`（合同起始日）、`ContractEndDate`（合同截止日）、`ContractPeriod`（合同期限(月)）、`ContractEffect`（合同对公司的影响）、`RemarkDesc`（备注）、`UpdateTime`（更新时间）、`JSID`（JSID）。该表使用InnoDB引擎，默认字符集为utf8mb4，校对规则为utf8mb4_unicode_ci。
---
查询结果表明: 在公司代码为78397的记录中，2020年首次信息披露的合同标的为“物料供应框架协议”，涉及金额为50000000.0元，这是该年度涉及金额最大的合同。

请问:北京大北农科技集团股份有限公司（证券代码002385）在2020年签订的金额最大的合同是否发生在该年度发布的180条重大事项公告之后？签订该合同的日期和发布相关重大事项公告的日期分别是什么？

>>>>> Agent【Sql_query.master】 Said:
【已知信息】
1. 北京大北农科技集团股份有限公司（证券代码002385）的公司代码为78397。
2. 2020年发布了180条重大事项公告。
3. 2020年签订的金额最大的合同标的为“物料供应框架协议”，涉及金额为50000000.0元。

【当前阶段要获取的信息】
1. 签订金额最大的合同的日期。
2. 发布相关重大事项公告的日期。

【信息所在字段】
1. 签订合同的日期在`astockeventsdb.lc_majorcontract`表的`AgreementDate`字段。
2. 发布相关重大事项公告的日期在`astockeventsdb.lc_warrant`表的`InfoPublDate`字段。

【筛选条件所在字段】
1. `astockeventsdb.lc_majorcontract`表的`CompanyCode`字段和`AgreementDate`字段。
2. `astockeventsdb.lc_warrant`表的`CompanyCode`字段和`InfoPublDate`字段。

【SQL语句的思路】
1. 从`astockeventsdb.lc_majorcontract`表中查询公司代码为78397且涉及金额为50000000.0元的记录，获取`AgreementDate`。
2. 从`astockeventsdb.lc_warrant`表中查询公司代码为78397且信息发布日期在2020年的记录，获取最早的`InfoPublDate`。

【执行SQL语句】
```exec_sql
SELECT AgreementDate 
FROM astockeventsdb.lc_majorcontract 
WHERE CompanyCode = 78397 AND AmountInvolved = 50000000.0
LIMIT 1;
```

【上述SQL语句的含义】
从`astockeventsdb.lc_majorcontract`表中查询公司代码为78397且涉及金额为50000000.0元的记录，获取签订合同的日期。

下一步将查询发布相关重大事项公告的日期。

>>>>> 查询sql:
SELECT AgreementDate 
FROM astockeventsdb.lc_majorcontract 
WHERE CompanyCode = 78397 AND AmountInvolved = 50000000.0
LIMIT 1;
查询结果:
[{"AgreementDate": null}]


>>>>> 【user】 Said:
查询SQL:
SELECT AgreementDate 
FROM astockeventsdb.lc_majorcontract 
WHERE CompanyCode = 78397 AND AmountInvolved = 50000000.0
LIMIT 1;
查询结果:
[{"AgreementDate": null}]

请理解查询结果

>>>>> Agent【Sql_query.understand_query_result】 Said:
查询结果表明: 在表astockeventsdb.lc_majorcontract中，对于公司代码为78397且涉及金额为50000000.0元的记录，协议签署日期（AgreementDate）为空值。这意味着没有找到具体的协议签署日期信息。


>>>>> 【user】 Said:
查询SQL:
SELECT AgreementDate 
FROM astockeventsdb.lc_majorcontract 
WHERE CompanyCode = 78397 AND AmountInvolved = 50000000.0
LIMIT 1;
查询结果:
[{"AgreementDate": null}]

查询结果表明: 在表astockeventsdb.lc_majorcontract中，对于公司代码为78397且涉及金额为50000000.0元的记录，协议签署日期（AgreementDate）为空值。这意味着没有找到具体的协议签署日期信息。

当前掌握的信息是否能够回答"北京大北农科技集团股份有限公司（证券代码002385）在2020年签订的金额最大的合同是否发生在该年度发布的180条重大事项公告之后？签订该合同的日期和发布相关重大事项公告的日期分别是什么？"？还是要继续执行下一阶段SQL查询？

>>>>> Agent【Sql_query.master】 Said:
【已知信息】
1. 北京大北农科技集团股份有限公司（证券代码002385）的公司代码为78397。
2. 2020年发布了180条重大事项公告。
3. 2020年签订的金额最大的合同标的为“物料供应框架协议”，涉及金额为50000000.0元。
4. 该合同的协议签署日期（AgreementDate）为空值。

【当前阶段要获取的信息】
1. 发布相关重大事项公告的日期。

【信息所在字段】
发布相关重大事项公告的日期在`astockeventsdb.lc_warrant`表的`InfoPublDate`字段。

【筛选条件所在字段】
`astockeventsdb.lc_warrant`表的`CompanyCode`字段和`InfoPublDate`字段。

【SQL语句的思路】
从`astockeventsdb.lc_warrant`表中查询公司代码为78397且信息发布日期在2020年的记录，获取最早的`InfoPublDate`。

【执行SQL语句】
```exec_sql
SELECT MIN(InfoPublDate) AS EarliestInfoPublDate
FROM astockeventsdb.lc_warrant
WHERE CompanyCode = 78397 AND YEAR(InfoPublDate) = 2020;
```

【上述SQL语句的含义】
从`astockeventsdb.lc_warrant`表中查询公司代码为78397且信息发布日期在2020年的记录，获取最早的发布相关重大事项公告的日期。

通过获取最早的公告日期，可以进一步判断该合同是否发生在发布的180条重大事项公告之后。

>>>>> 查询sql:
SELECT MIN(InfoPublDate) AS EarliestInfoPublDate
FROM astockeventsdb.lc_warrant
WHERE CompanyCode = 78397 AND YEAR(InfoPublDate) = 2020;
查询结果:
[{"EarliestInfoPublDate": "2020-03-04 12:00:00.000"}]


>>>>> 【user】 Said:
查询SQL:
SELECT MIN(InfoPublDate) AS EarliestInfoPublDate
FROM astockeventsdb.lc_warrant
WHERE CompanyCode = 78397 AND YEAR(InfoPublDate) = 2020;
查询结果:
[{"EarliestInfoPublDate": "2020-03-04 12:00:00.000"}]

请理解查询结果

>>>>> Agent【Sql_query.understand_query_result】 Said:
查询结果表明: 对于公司代码为78397的上市公司，在2020年发布的信息中，最早的信息发布日期为2020年3月4日12:00:00。字段名EarliestInfoPublDate表示最早的信息发布日期。


>>>>> 【user】 Said:
查询SQL:
SELECT MIN(InfoPublDate) AS EarliestInfoPublDate
FROM astockeventsdb.lc_warrant
WHERE CompanyCode = 78397 AND YEAR(InfoPublDate) = 2020;
查询结果:
[{"EarliestInfoPublDate": "2020-03-04 12:00:00.000"}]

查询结果表明: 对于公司代码为78397的上市公司，在2020年发布的信息中，最早的信息发布日期为2020年3月4日12:00:00。字段名EarliestInfoPublDate表示最早的信息发布日期。

当前掌握的信息是否能够回答"北京大北农科技集团股份有限公司（证券代码002385）在2020年签订的金额最大的合同是否发生在该年度发布的180条重大事项公告之后？签订该合同的日期和发布相关重大事项公告的日期分别是什么？"？还是要继续执行下一阶段SQL查询？

>>>>> Agent【Sql_query.master】 Said:
【已知信息】
1. 北京大北农科技集团股份有限公司（证券代码002385）的公司代码为78397。
2. 2020年发布了180条重大事项公告。
3. 2020年签订的金额最大的合同标的为“物料供应框架协议”，涉及金额为50000000.0元。
4. 该合同的协议签署日期（AgreementDate）为空值。
5. 2020年最早的信息发布日期为2020年3月4日12:00:00。

【当前阶段要获取的信息】
无

【信息所在字段】
无

【筛选条件所在字段】
无

【SQL语句的思路】
无

【执行SQL语句】
无

【上述SQL语句的含义】
无

【结论】
由于在`astockeventsdb.lc_majorcontract`表中，公司代码为78397且涉及金额为50000000.0元的记录的协议签署日期（AgreementDate）为空值，无法直接确定该合同的签订日期。因此，无法准确回答“北京大北农科技集团股份有限公司（证券代码002385）在2020年签订的金额最大的合同是否发生在该年度发布的180条重大事项公告之后”的问题。

不过，已知2020年最早的信息发布日期为2020年3月4日12:00:00。如果假设合同签订日期在该日期之前，则可以推断该合同发生在发布的180条重大事项公告之前；反之，则在其后。但由于缺乏具体的合同签订日期，这一推断并不确定。

**最终回答**：
- 签订金额最大的合同的日期：未知（数据库中该字段为空）。
- 发布相关重大事项公告的日期：2020年3月4日12:00:00。

由于缺少具体的合同签订日期，无法确定该合同是否发生在发布的180条重大事项公告之后。


>>>>> 【user】 Said:
请回答问题:"北京大北农科技集团股份有限公司（证券代码002385）在2020年签订的金额最大的合同是否发生在该年度发布的180条重大事项公告之后？签订该合同的日期和发布相关重大事项公告的日期分别是什么？"

>>>>> Agent【Sql_query.summary】 Said:
无法确定合同是否在公告后, 签订合同日期: 未知, 发布公告日期: 2020-03-04
