
>>>>> Original Question: 其中前三名董事的报酬是多少？


>>>>> Agent【extract_company】 Said:
No Entities.


>>>>> Agent【rewrite_question】 Said:
九州通医药集团股份有限公司（CompanyCode: 80536, InnerCode: 11515）在2019年的前三名董事的报酬是多少？

>>>>> 已知事实:
九州通的关联信息有:[InnerCode(证券内部编码)是11515;CompanyCode(公司代码)是80536;ChiName(中文名称)是九州通医药集团股份有限公司;EngName(英文名称)是Jointown Pharmaceutical Group Co., Ltd.;SecuCode(证券代码)是600998;]

>>>>> Agent【Check_db_structure.db_selector】 Said:
【分析】
用户询问的是九州通医药集团股份有限公司在2019年的前三名董事的报酬情况。这涉及到具体公司的管理层报酬数据，通常这类信息会记录在与管理层薪酬相关的数据库中。

根据已知数据库的描述，`astockoperationsdb`（上市公司产品供销/人力资源）数据库中包含了与管理层报酬统计相关的信息，具体表名为“公司管理层报酬统计”（lc_rewardstat），该表统计了管理层报酬总额、前三名董事及高管的报酬等信息。

因此，选择`astockoperationsdb`数据库可以最快获取到用户所需的信息。

【选中的数据库】
- astockoperationsdb: 这个数据库包含与管理层报酬统计相关的信息，具体包括前三名董事的报酬数据。

【选中的数据库的清单】
```json
["astockoperationsdb"]
```


>>>>> Agent【Check_db_structure.table_selector】 Said:
【分析】
用户询问的是九州通医药集团股份有限公司在2019年的前三名董事的报酬。我们需要找到记录公司管理层及董事报酬相关信息的表。根据提供的表信息，`astockoperationsdb.lc_rewardstat` 表包含了公司标识信息、日期信息以及报酬信息，特别是前三名董事及高管的报酬。

【选中的数据表】
- astockoperationsdb.lc_rewardstat: 这个数据表包含公司标识信息（如公司代码）、日期信息（如截止日期）以及报酬信息（如前三名董事及高管的报酬），能够直接提供所需的数据。

【选中的数据库表的清单】
```json
["astockoperationsdb.lc_rewardstat"]
```


>>>>> Agent【Check_db_structure.columns_selector】 Said:
【分析】
用户提问要求查询九州通医药集团股份有限公司在2019年的前三名董事的报酬。需要识别公司信息、时间信息以及董事报酬信息。

【信息所在字段】
- astockoperationsdb.lc_rewardstat.High3Directors: 这个字段可能包含前三名董事报酬信息，对应用户提问中的“前三名董事的报酬”。
- astockoperationsdb.lc_rewardstat.EndDate: 这个字段可能包含日期信息，对应用户提问中的“2019年”。

【筛选条件所在字段】
- astockoperationsdb.lc_rewardstat.CompanyCode: 这个字段可能包含公司代码信息，对应用户提问中的“九州通医药集团股份有限公司（CompanyCode: 80536）”。
- constantdb.secumain.CompanyCode: 这个字段可能包含公司代码信息，对应用户提问中的“九州通医药集团股份有限公司（CompanyCode: 80536）”。
- constantdb.secumain.InnerCode: 这个字段可能包含证券内部编码信息，对应用户提问中的“InnerCode: 11515”。

【选中的字段的清单】
```json
{
  "astockoperationsdb.lc_rewardstat": ["High3Directors", "EndDate", "CompanyCode"],
  "constantdb.secumain": ["CompanyCode", "InnerCode"]
}
```


>>>>> Agent【Sql_query.master】 Said:
【已知信息】
- 九州通医药集团股份有限公司的CompanyCode为80536
- 九州通医药集团股份有限公司的InnerCode为11515
- 2019年度的报酬总额为10747000元
- 领取报酬的管理层人数为20人

【当前阶段要获取的信息】
- 2019年九州通医药集团股份有限公司前三名董事的报酬

【信息所在字段】
- `High3Directors`（前三名董事报酬）

【筛选条件所在字段】
- `CompanyCode`（公司代码）
- `EndDate`（日期）

【SQL语句的思路】
- 从`astockoperationsdb.lc_rewardstat`表中查询`High3Directors`字段
- 使用`CompanyCode`字段筛选九州通医药集团股份有限公司
- 使用`EndDate`字段筛选2019年的数据

【执行SQL语句】
```exec_sql
SELECT High3Directors 
FROM astockoperationsdb.lc_rewardstat 
WHERE CompanyCode = 80536 
AND YEAR(EndDate) = 2019
LIMIT 1
```

【上述SQL语句的含义】
- 从`astockoperationsdb.lc_rewardstat`表中选取`High3Directors`字段
- 筛选条件为公司代码为80536，并且日期在2019年
- 限制返回结果为1条记录，以确保获取到准确的前三名董事报酬数据

>>>>> 查询sql:
SELECT High3Directors 
FROM astockoperationsdb.lc_rewardstat 
WHERE CompanyCode = 80536 
AND YEAR(EndDate) = 2019
LIMIT 1;
查询结果:
[{"High3Directors": 3103200.0}]


>>>>> Agent【Sql_query.understand_query_result】 Said:
查询结果表明: 在2019年，公司代码为80536的公司，其前三名董事的报酬总额为3103200.0元。


>>>>> Agent【Sql_query.master】 Said:
【已知信息】
- 九州通医药集团股份有限公司的CompanyCode为80536
- 九州通医药集团股份有限公司的InnerCode为11515
- 2019年度的报酬总额为10747000元
- 领取报酬的管理层人数为20人
- 2019年，公司代码为80536的公司，其前三名董事的报酬总额为3103200.0元

【当前阶段要获取的信息】
- 无（已获取所需信息）

【信息所在字段】
- 无（已获取所需信息）

【筛选条件所在字段】
- 无（已获取所需信息）

【SQL语句的思路】
- 无（已获取所需信息）

【执行SQL语句】
```exec_sql
无
```

【上述SQL语句的含义】
- 无（已获取所需信息）

**结论**：
当前掌握的信息已经能够回答"九州通医药集团股份有限公司（CompanyCode: 80536, InnerCode: 11515）在2019年的前三名董事的报酬是多少？"的问题。无需继续执行下一阶段SQL查询。

**回答**：
在2019年，九州通医药集团股份有限公司（CompanyCode: 80536, InnerCode: 11515）的前三名董事的报酬总额为3103200.0元。


>>>>> Agent【Sql_query.summary】 Said:
3103200.0元
