
>>>>> Original Question: 嘉实超短债债券A的基金管理人是谁？


>>>>> 【user】 Said:
历史问答:无。
现在用户继续提问，请根据已知信息，理解当前这个问题的完整含义，并重写这个问题使得单独拿出来看仍然能够正确理解：嘉实超短债债券A的基金管理人是谁？

>>>>> Agent【rewrite_question】 Said:
请问嘉实超短债债券A这只基金的基金管理人是谁？


>>>>> 【user】 Said:
提取下面这段文字里的实体，如公司名、股票代码等，如果识别结果是空，那么就回复No Entities."请问嘉实超短债债券A这只基金的基金管理人是谁？"

>>>>> Agent【extract_company】 Said:
```json
["嘉实超短债债券A"]
```

>>>>> 查询sql:
SELECT 'constantdb.secumain' AS TableName, InnerCode, CompanyCode, ChiName, EngName, SecuCode
FROM constantdb.secumain 
WHERE SecuCode = '嘉实超短债债券A'
   OR ChiName LIKE '%嘉实超短债债券A%'
   OR ChiNameAbbr LIKE '%嘉实超短债债券A%'
   OR EngName LIKE '%嘉实超短债债券A%'
   OR EngNameAbbr LIKE '%嘉实超短债债券A%'
   OR SecuAbbr LIKE '%嘉实超短债债券A%'
UNION ALL
SELECT 'constantdb.hk_secumain' AS TableName, InnerCode, CompanyCode, ChiName, EngName, SecuCode
FROM constantdb.hk_secumain 
WHERE SecuCode = '%嘉实超短债债券A%'
   OR ChiName LIKE '%嘉实超短债债券A%'
   OR ChiNameAbbr LIKE '%嘉实超短债债券A%'
   OR EngName LIKE '%嘉实超短债债券A%'
   OR EngNameAbbr LIKE '%嘉实超短债债券A%'
   OR SecuAbbr LIKE '%嘉实超短债债券A%'
   OR FormerName LIKE '%嘉实超短债债券A%'
UNION ALL
SELECT 'constantdb.us_secumain' AS TableName, InnerCode, CompanyCode, ChiName, EngName, SecuCode
FROM constantdb.us_secumain 
WHERE SecuCode = '嘉实超短债债券A'
   OR ChiName LIKE '%嘉实超短债债券A%'
   OR EngName LIKE '%嘉实超短债债券A%'
   OR SecuAbbr LIKE '%嘉实超短债债券A%';
查询结果:
[{"TableName": "constantdb.secumain", "InnerCode": 381528, "CompanyCode": 643820, "ChiName": "嘉实超短债证券投资基金A类", "EngName": "Harvest Ultra Short-term Bond Fund-A", "SecuCode": "12773"}]

>>>>> 已知事实:
嘉实超短债债券A的关联信息有:[所在数据表是constantdb.secumain;InnerCode(证券内部编码)是381528;CompanyCode(公司代码)是643820;ChiName(中文名称)是嘉实超短债证券投资基金A类;EngName(英文名称)是Harvest Ultra Short-term Bond Fund-A;SecuCode(证券代码)是12773;]

>>>>> 【user】 Said:
请选择db，务必遵循输出的格式要求。

>>>>> Agent【Check_db_structure.db_selector】 Said:
【分析】
用户询问的是“嘉实超短债债券A”这只基金的基金管理人信息。根据知识库，公募基金数据库（publicfunddb）记录了公募基金的基本信息、产品名称、管理人概况及分红数据，涵盖了基金的设立与运作特性、交易所披露名称、管理公司信息及历史分红记录等内容。因此，可以从公募基金数据库中获取到基金管理人的信息。

【选中的数据库】
- publicfunddb: 这个数据库包含公募基金的基本信息、产品名称、管理人概况等，可以查到基金管理人的信息。

【选中的数据库的清单】
```json
["publicfunddb"]
```


>>>>> 【user】 Said:
数据库表信息如下:
[{"表名": "publicfunddb.mf_fundarchives", "说明": "该数据表主要记录基金的基本信息、运作特性及相关规则。字段包括基金编码信息如基金内部编码、转型统一编码、基金代码及证券代码等；申购赎回相关信息如前后端申购代码、场内申购赎回场所及代码、最低认购申购金额及赎回份额限制等；基金特性描述如基金运作方式、性质、投资风格、类别及代码、投资方向、目标、范围等；收益与风险信息如业绩比较基准、风险收益特征、收益分配原则及场内外分配方式等；基金设立与存续信息如设立规模、设立日期、存续期起止、清算期等；货币基金特性如结转日及收益分配方式等；基金收益率表达及折算说明如A份额约定收益率表达式及备注、定期与不定期份额折算说明等；管理与托管信息如基金经理、管理人、托管人、保本担保机构及注册登记机构等；市场与类型特性如是否发起式基金、养老目标基金或FOF基金等；以及其他信息如最低持有份额及描述、巨额赎回认定比例、赎回款到账天数等。"}, {"表名": "publicfunddb.mf_fundprodname", "说明": "该数据表主要用于记录基金相关信息，包括基金的基础编码信息如基金内部编码和基金转型统一编码，信息属性如信息发布日期、信息来源、信息类别及披露名称，时间属性如生效日期和失效日期，以及状态标识如是否有效，辅助字段如拼音证券简称和备注，用于进一步描述或补充相关内容。"}, {"表名": "publicfunddb.mf_investadvisoroutline", "说明": "该数据表记录了基金管理公司相关信息，涵盖基本标识信息如基金公司代码、名称、简称等，法人信息如法人代表、总经理，以及公司成立日期、组织形式、注册资本等基本企业信息；地址信息包括注册地址、办公地址、联系地址及邮编；联系方式如电话、传真、邮箱、公司网址、客服热线等；还有联系人及其简历等人员信息；此外，还包括地域信息如所属地区，监管信息如注册登记代码、证监会标识码，以及存续截止日等内容。"}, {"表名": "publicfunddb.mf_dividend", "说明": "该数据表主要用于记录基金转型及分红相关信息，涵盖基金编码信息如基金转型统一编码和基金内部编码；日期信息如信息发布日期、分红实施公告日、截止日期、收益分配基准日、权益登记日、除息日、发放日、红利再投资日及其相关到账日和可赎回日；收益与分红信息如单位基金收益、单位基金未分配收益、派现比例（含税与税后）、派现金额合计、基准日基金可供分配利润、基准日应分配金额、本年单位累计分红、本年累计分红总额、本年累计分红次数、历史累计分红总额及次数；事件与方案信息如是否分红、方案变更说明、事件进程代码及事件进程；范围与来源信息如信息来源和发放范围，全面反映基金在分红及收益分配过程中的各类核心数据。"}]

请选择table，务必遵循输出的格式要求。

>>>>> Agent【Check_db_structure.table_selector】 Said:
【分析】
要查询嘉实超短债债券A这只基金的基金管理人，我们需要找到记录基金基本信息的表，其中应包含基金管理人的信息。根据已知事实，嘉实超短债债券A的InnerCode（证券内部编码）是381528，我们可以使用这个编码在相关表中查找基金管理人的信息。

【选中的数据表】
- publicfunddb.mf_fundarchives: 这个数据表记录了基金的基本信息，包括基金管理人信息。

【选中的数据库表的清单】
```json
["publicfunddb.mf_fundarchives"]
```
补充选择table: ["publicfunddb.mf_fundprodname"]

>>>>> 【user】 Said:
已取得可用的数据表的字段信息如下:
[{"表名": "publicfunddb.mf_fundarchives", "表字段": [{"column": "InnerCode", "desc": "基金内部编码；，得到基金的交易代码、简称等。"}, {"column": "TransCode", "desc": "基金转型统一编码；基金转型统一编码(TransCode)是转型后的基金内码(InnerCode)，若发生多次转型，则为最新的基金内码。"}, {"column": "ApplyingCodeFront", "desc": "前端申购代码；前端申购代码（ApplyingCodeFront）：取值为场外前端申购代码>场内申赎代码（场内基金）。"}, {"column": "ApplyingCodeBack", "desc": "后端申购代码"}, {"column": "SecurityCode", "desc": "基金代码"}, {"column": "SecuCode", "desc": "证券代码"}, {"column": "MainCode", "desc": "基金主代码；基金主代码（MainCode）：该字段记录基金季报中公布的基金主代码信息，当基金为非分级基金或分级基金主代码时，该字段与基金代码（SecurityCode）一致。"}, {"column": "ExApplyingMarket", "desc": "场内申购赎回场所；，令LB = 201 AND DM IN (90,83)，得到场内申购赎回场所的具体描述：83-上海证券交易所，90-深圳证券交易所。"}, {"column": "ExApplyingCode", "desc": "场内申购赎回代码"}, {"column": "ExApplyingAbbr", "desc": "场内申购赎回简称"}, {"column": "Type", "desc": "基金运作方式；，令LB = 1210 AND DM IN(1,2,3,4,6,7,8)，得到基金运作方式的具体描述：1-契约型封闭式，2-开放式，3-LOF，4-ETF，6-创新型封闭式，7-开放式(带固定封闭期)，8-ETF联接基金。"}, {"column": "FundNature", "desc": "基金性质；，令LB = 1485，得到基金性质的具体描述：1-常规基金，2-QDII基金，3-互认基金。"}, {"column": "InvestmentType", "desc": "是否指数型；，令LB = 1094 AND DM IN (7,8,16)，得到是否指数型的具体描述：7-指数型，8-优化指数型，16-非指数型。"}, {"column": "InvestStyle", "desc": "基金投资风格；，令LB = 1093，得到基金投资风格的具体描述：1-普通股票型，2-指数型，3-配置型，4-货币市场，5-积极债券型，6-债券型，7-普通债券型，8-短债型，9-保本型，10-积极配置型，11-保守混合型，12-偏股型，13-偏债型，14-中短债型，15-特殊策略型，16-标准混合型，17-QDII，20-封闭式基金，21-大规模封闭式基金，22-小规模封闭式基金，23-普通股票型(封闭)，24-标准混合型基金(封闭)，25-积极债券型(封闭)，26-普通债券型基金(封闭)，27-积极配置型(封闭)，29-其它(封闭)，30-亚太区不包括日本股票，31-大中华区股票，32-新兴市场股票，33-环球股票，34-行业股票，35-美国股票，36-环球股债混合，37-环球债券，38-商品(QDII)，39-可转债型，40-纯债型，41-纯债型(封闭)，42-混合型，43-混合型(封闭)，44-可转债型(封闭)，45-债券型(封闭)，46-股票型(QDII)，47-混合型(QDII)，48-债券型(QDII)，49-保守混合型(封闭)，50-商品基金(QDII)，51-货币型，52-短债型(封闭)，53-市场中性策略，54-市场中性策略(封闭)，55-商品，56-另类，57-另类(封闭)，58-其它(QDII)，59-灵活配置型，60-灵活配置型(封闭)，61-亚洲股债混合，62-大中华区股债混合，63-全球新兴市场股债混合，64-行业股票-医药，65-行业股票-科技、传媒及通讯，66-沪港深股票型，67-沪港深混合型，68-沪港深混合型(封闭)，69-债券型QDII(封闭)，70-FOF，71-其他债券，72-亚洲不包括日本股票-货币对冲，73-中国股票，74-亚太区股票，75-环球债券(封闭)，76-亚洲债券，77-股票型基金，78-可转债基金，79-保本基金，80-商品基金，81-其它，82-其它基金(QDII)，83-债券型基金，84-香港股票型基金，85-行业股票-消费，86-行业股票-金融地产，87-行业混合-消费，88-行业混合-医药，89-行业混合-科技、传媒及通讯，90-沪港深积极配置型，91-沪港深保守混合型，92-沪港深灵活配置型，93-目标日期，94-商品-贵金属，95-商品-其它，96-沪港深积极配置型(封闭)，97-沪港深保守混合型(封闭)，98-沪港深灵活配置型(封闭)，99-其他型，100-环球债券 - 美元对冲，101-行业混合 - 科技、传媒及通讯（封闭式），102-美元积极型股债混合，103-科技股票，104-新兴市场债券，105-大中华股票，106-亚洲高收益债券，107-其他行业股票，108-大中华高收益债券，109-亚洲不包括日本股票，110-其他股债混合，111-美元灵活配置型，112-信用债(封闭)，113-信用债，114-行业股票-其它，115-行业混合-医药(封闭)，116-利率债，117-利率债(封闭)，118-香港股票型基金(封闭式)，119-大盘成长股票，120-大盘平衡股票，121-大盘价值股票，122-中盘成长股票，123-中盘平衡股票，124-积极配置-大盘成长，125-积极配置-大盘平衡，126-积极配置-中小盘，127-沪港深积极配置，128-港股积极配置，129-基础设施REITs（废弃），130-积极配置-大盘平衡(封闭式)，131-大盘平衡股票(封闭式)，132-大盘成长股票(封闭式)，133-积极配置-大盘成长(封闭式)，134-积极配置-中小盘(封闭式)，135-QDII环球股票，136-QDII环球债券，137-QDII行业股票，138-QDII美国股票，139-QDII大中华区股票，140-QDII全球新兴市场股债混合，141-QDII亚洲股债混合，142-QDII新兴市场股票，143-环球新兴市场债券，144-美元激进配置型，145-QDII环球股债混合，146-QDII大中华区股债混合，147-QDII亚太区不包括日本股票，148-QDII环球债券(封闭式)，149-QDII其它，150-QDII商品，151-沪港深股票(封闭)，152-基础设施REITs(封闭)，155-行业混合-消费(封闭式)。"}, {"column": "FundType", "desc": "基金类别"}, {"column": "FundTypeCode", "desc": "基金类别代码；，令LB = 1249 AND DM NOT IN (1110,1111,1112)，得到基金类别代码的具体描述：1101-股票型，1103-混合型，1105-债券型，1107-保本型，1109-货币型，1199-其他型，1200-基础设施证券投资基金。"}, {"column": "InvestOrientation", "desc": "基金投资方向"}, {"column": "InvestTarget", "desc": "基金投资目标"}, {"column": "InvestField", "desc": "基金投资范围"}, {"column": "PerformanceBenchMark", "desc": "业绩比较基准"}, {"column": "RiskReturncharacter", "desc": "风险收益特征"}, {"column": "ProfitDistributionRule", "desc": "收益分配原则"}, {"column": "ExProfitDistri", "desc": "场内收益分配方式；，令LB = 1989，得到场内收益分配方式的具体描述：1-现金分红，2-红利再投资，3-现金分红或红利再投资，4-不分配。"}, {"column": "OTCProfitDistri", "desc": "场外收益分配方式；，令LB = 1989，得到场外收益分配方式的具体描述：1-现金分红，2-红利再投资，3-现金分红或红利再投资，4-不分配。"}, {"column": "BriefIntro", "desc": "基金简介"}, {"column": "FloatType", "desc": "发售方式；，令LB = 1652，得到发售方式的具体描述：1-场内，2-场外，3-场内和场外。"}, {"column": "FoundedSize", "desc": "基金设立规模(份)"}, {"column": "EstablishmentDate", "desc": "设立日期"}, {"column": "EstablishmentDateII", "desc": "转型前设立日期"}, {"column": "ListedDate", "desc": "上市日期"}, {"column": "Duration", "desc": "存续年限(年)"}, {"column": "StartDate", "desc": "存续期起始日"}, {"column": "ExpireDate", "desc": "存续期截止日；存续期截止日（ExpireDate）：优先取契约型封闭式基金的存续期截止日，其次取基金的清算日>合同失效日。"}, {"column": "LastOperationDate", "desc": "最后运作日；最后运作日（LastOperationDate）：指基金的最后运作日，一般是净值的最后披露日，是清算日的前一个工作日。"}, {"column": "StClearingDate", "desc": "清算起始日"}, {"column": "EnClearingDate", "desc": "清算截止日"}, {"column": "GuaranteedPeriod", "desc": "保本型基金保本期(月)"}, {"column": "CarryOverDate", "desc": "货币基金结转日；，令LB = 1250，得到货币基金结转日的具体描述：1-每月1日，2-每月2日，3-每月3日，4-每月4日，5-每月5日，6-每月6日，7-每月7日，8-每月8日，9-每月9日，10-每月10日，11-每月11日，12-每月12日，13-每月13日，14-每月14日，15-每月15日，16-每月16日，17-每月17日，18-每月18日，19-每月19日，20-每月20日，21-每月21日，22-每月22日，23-每月23日，24-每月24日，25-每月25日，26-每月26日，27-每月27日，28-每月28日，29-每月29日，30-每月30日，31-每月31日，400-每月，401-每月第一个工作日，402-每月初，429-每月倒数第二个工作日，430-每月最后一个工作日，431-每月末，441-运作期到期日（遇节假日顺延），442-运作期最后一个工作日，443-运作期满下一个工作日，500-运作期内每7个自然日，600-每季，601-每季度末月21号，999-每日。"}, {"column": "CarryOverDateRemark", "desc": "货币基金结转日说明"}, {"column": "CarryOverType", "desc": "货币基金收益分配方式(份额结转方式)；，令LB = 1273，得到货币基金收益分配方式(份额结转方式)的具体描述：1-按日结转，30-按月结转，99-按期结转。"}, {"column": "AgrBenchmkRateOfShareA", "desc": "A份额约定年基准收益率表达式；A份额约定年基准收益率表达式（AgrBenchmkRateOfShareA）：本表该字段已停止维护，此信息在分级基金主表（MF_GradedFund）中“A份额约定年基准收益表达式（AnnualEarningExp）”字段维护。"}, {"column": "AgrBenchmkRateOfShareANotes", "desc": "A份额约定年基准收益率表达式备注；A份额约定年基准收益率表达式备注（AgrBenchmkRateOfShareANotes）：本表该字段已停止维护，此信息在分级基金主表（MF_GradedFund）中“A份额约定年基准收益表达式备注（AnnualEarningRemark）”字段维护。"}, {"column": "ShareProperties", "desc": "份额属性；，令LB = 1651，得到份额属性的具体描述：1-稳健型，2-进取型。"}, {"column": "RegularShareConversionNotes", "desc": "定期份额折算说明；定期份额折算说明（RegularShareConversionNotes）：本表该字段已停止维护，此信息在分级基金主表（MF_GradedFund）中“定期份额折算说明（RegularShareCon）”字段维护。"}, {"column": "NonRegularShareConversionNotes", "desc": "不定期份额折算说明；不定期份额折算说明（NonRegularShareConversionNotes）：本表该字段已停止维护，此信息在分级基金主表（MF_GradedFund）中“不定份额折算说明（TrampShareCon）”字段维护。"}, {"column": "Manager", "desc": "基金经理"}, {"column": "InvestAdvisorCode", "desc": "基金管理人；，得到基金管理人的具体名称。"}, {"column": "TrusteeCode", "desc": "基金托管人；，得到基金托管人的具体名称。"}, {"column": "Warrantor", "desc": "保本担保机构"}, {"column": "RegInstCode", "desc": "注册登记机构；，得到注册登记机构基本信息。"}, {"column": "LowestSumSubscribing", "desc": "最低认购申购金额描述"}, {"column": "LowestSumSubLL", "desc": "最低认购金额下限(元)；最低认购金额下限（元）（LowestSumSubLL）：取值为不同认购平台最低认购金额的最小值。"}, {"column": "LowestSumPurLL", "desc": "最低申购金额下限(元)；申赎确认日(PRconfirmationdate)：该字段的数值含义指的是T+n，1代表T+1,2代表T+2，以此类推。针对ETF基金，维护现金差额清算或者现金替代日。"}, {"column": "LowestSumRedemption", "desc": "最低赎回份额(份)"}, {"column": "LSFRDescription", "desc": "最低赎回份额描述"}, {"column": "LowestSumForHolding", "desc": "最低持有份额(份)"}, {"column": "LSFHDescription", "desc": "最低持有份额描述"}, {"column": "LargeRedemptionRatio", "desc": "巨额赎回认定比例"}, {"column": "PRconfirmationdate", "desc": "申赎确认日；赎回款到账天数(DeliveryDays)：指一般基金的赎回款到账日。针对ETF基金，维护现金差额交收日。"}, {"column": "DeliveryDays", "desc": "赎回款到账天数；，令LB = 1651，得到风险收益特征代码的具体描述：1-稳健型，2-进取型。"}, {"column": "CustodyMarket", "desc": "转托管市场；，令LB = 201 AND DM IN (83, 90)，得到转托管市场的具体描述：83-上海证券交易所，90-深圳证券交易所。"}, {"column": "IfInitiatingFund", "desc": "是否发起式基金；是否发起式基金(IfInitiatingFund)：1-否，2-是。"}, {"column": "IfPensionTarget", "desc": "是否养老目标基金；，令LB = 999 AND DM IN (1,2)，得到是否养老目标基金的具体描述：1-是，2-否。"}, {"column": "IfFOF", "desc": "是否FOF；，令LB = 999 AND DM IN(1,2)，得到是否FOF的具体描述：1-是，2-否。"}]}, {"表名": "publicfunddb.mf_fundprodname", "表字段": [{"column": "InnerCode", "desc": "基金内部编码；，得到基金的交易代码、简称等。"}, {"column": "InfoPublDate", "desc": "信息发布日期"}, {"column": "InfoSource", "desc": "信息来源"}, {"column": "InfoType", "desc": "信息类别；，令LB = 1850，得到信息类别的具体描述：1-证券交易所简称，2-集中申购简称，3-ETF申购赎回简称，4-证监会简称，5-扩位证券简称，6-公告披露简称，8-基金全称。"}, {"column": "DisclName", "desc": "披露名称"}, {"column": "EffectiveDate", "desc": "生效日期"}, {"column": "ExpiryDate", "desc": "失效日期"}, {"column": "IfEffected", "desc": "是否有效；，令LB = 999 AND DM IN (1,2)，得到是否有效的具体描述：1-是，2-否。"}, {"column": "Remark", "desc": "备注"}, {"column": "ChiSpelling", "desc": "拼音证券简称"}, {"column": "TransCode", "desc": "基金转型统一编码"}]}]

请选择column，务必遵循输出的格式要求。

>>>>> Agent【Check_db_structure.columns_selector】 Said:
【分析】
用户询问的是嘉实超短债债券A这只基金的基金管理人是谁。根据已知信息，嘉实超短债债券A的关联信息包括InnerCode、CompanyCode、ChiName等。我们需要找到包含基金管理人信息的字段。

【信息所在字段】
- publicfunddb.mf_fundarchives.InvestAdvisorCode: 这个字段可能包含基金管理人的具体名称，对应用户提问中的基金管理人

【筛选条件所在字段】
- publicfunddb.mf_fundarchives.InnerCode: 这个字段可能包含基金的内部编码，用于筛选嘉实超短债债券A
- constantdb.secumain.InnerCode: 这个字段可能包含基金的内部编码，用于关联嘉实超短债债券A的信息

【选中的字段的清单】
```json
{
  "publicfunddb.mf_fundarchives": ["InvestAdvisorCode", "InnerCode"],
  "constantdb.secumain": ["InnerCode"]
}
```


>>>>> 【user】 Said:
请问嘉实超短债债券A这只基金的基金管理人是谁？

>>>>> Agent【Sql_query.master】 Said:
【已知信息】
- 嘉实超短债债券A的关联信息：
  - 所在数据表：constantdb.secumain
  - InnerCode(证券内部编码)：381528
  - CompanyCode(公司代码)：643820
  - ChiName(中文名称)：嘉实超短债证券投资基金A类
  - EngName(英文名称)：Harvest Ultra Short-term Bond Fund-A
  - SecuCode(证券代码)：12773

【当前阶段要获取的信息】
- 嘉实超短债债券A的基金管理人名称

【信息所在字段】
- 基金管理人名称在publicfunddb.mf_fundarchives表的InvestAdvisorCode字段

【筛选条件所在字段】
- 使用InnerCode字段进行筛选

【SQL语句的思路】
1. 从constantdb.secumain表获取嘉实超短债债券A的InnerCode。
2. 使用该InnerCode在publicfunddb.mf_fundarchives表中查找对应的基金管理人代码（InvestAdvisorCode）。

【执行SQL语句】
```exec_sql
SELECT InvestAdvisorCode 
FROM publicfunddb.mf_fundarchives 
WHERE InnerCode = 381528
```

【上述SQL语句的含义】
- 从publicfunddb.mf_fundarchives表中筛选出InnerCode为381528的记录，并获取其基金管理人代码（InvestAdvisorCode）。

>>>>> 查询sql:
SELECT InvestAdvisorCode 
FROM publicfunddb.mf_fundarchives 
WHERE InnerCode = 381528;
查询结果:
[{"InvestAdvisorCode": 41516}]


>>>>> 【user】 Said:
查询SQL:
SELECT InvestAdvisorCode 
FROM publicfunddb.mf_fundarchives 
WHERE InnerCode = 381528;
查询结果:
[{"InvestAdvisorCode": 41516}]

请理解查询结果

>>>>> Agent【Sql_query.understand_query_result】 Said:
查询结果表明: 根据基金内部编码(InnerCode)为381528的基金档案信息，该基金的管理人代码(InvestAdvisorCode)为41516。


>>>>> 【user】 Said:
查询SQL:
SELECT InvestAdvisorCode 
FROM publicfunddb.mf_fundarchives 
WHERE InnerCode = 381528;
查询结果:
[{"InvestAdvisorCode": 41516}]

查询结果表明: 根据基金内部编码(InnerCode)为381528的基金档案信息，该基金的管理人代码(InvestAdvisorCode)为41516。

当前掌握的信息是否能够回答"请问嘉实超短债债券A这只基金的基金管理人是谁？"？还是要继续执行下一阶段SQL查询？

>>>>> Agent【Sql_query.master】 Said:
【已知信息】
- 嘉实超短债债券A的基金管理人代码（InvestAdvisorCode）：41516

【当前阶段要获取的信息】
- 基金管理人名称

【信息所在字段】
- 基金管理人名称可能在constantdb.secumain表的ChiName字段

【筛选条件所在字段】
- 使用CompanyCode字段进行筛选

【SQL语句的思路】
1. 使用已知的基金管理人代码（InvestAdvisorCode）在constantdb.secumain表中查找对应的基金管理人名称（ChiName）。

【执行SQL语句】
```exec_sql
SELECT ChiName 
FROM constantdb.secumain 
WHERE CompanyCode = 41516
```

【上述SQL语句的含义】
- 从constantdb.secumain表中筛选出CompanyCode为41516的记录，并获取其中文名称（ChiName），即基金管理人的名称。

>>>>> 查询sql:
SELECT ChiName 
FROM constantdb.secumain 
WHERE CompanyCode = 41516;
查询结果:
[]


>>>>> 【user】 Said:
查询SQL:
SELECT ChiName 
FROM constantdb.secumain 
WHERE CompanyCode = 41516;
查询结果:
[]

请检查筛选条件是否存在问题，比如时间日期字段没有用DATE()或YEAR()格式化？

>>>>> Agent【Sql_query.master】 Said:
【已知信息】
- 嘉实超短债债券A的基金管理人代码（InvestAdvisorCode）：41516
- 使用CompanyCode = 41516在constantdb.secumain表中查询未返回结果

【当前阶段要获取的信息】
- 基金管理人名称

【信息所在字段】
- 基金管理人名称可能在constantdb.secumain表的ChiName字段

【筛选条件所在字段】
- 使用CompanyCode字段进行筛选

【SQL语句的思路】
1. 检查constantdb.secumain表中是否存在CompanyCode为41516的记录。
2. 如果不存在，考虑是否需要使用其他字段或表进行查询。

【执行SQL语句】
```exec_sql
SELECT * 
FROM constantdb.secumain 
WHERE CompanyCode = 41516
LIMIT 1
```

【上述SQL语句的含义】
- 从constantdb.secumain表中筛选出CompanyCode为41516的记录，并返回任意一条记录的所有字段信息，以便检查是否存在问题和获取更多线索。

>>>>> 查询sql:
SELECT * 
FROM constantdb.secumain 
WHERE CompanyCode = 41516
LIMIT 1;
查询结果:
[]


>>>>> 【user】 Said:
查询SQL:
SELECT * 
FROM constantdb.secumain 
WHERE CompanyCode = 41516
LIMIT 1;
查询结果:
[]

请检查筛选条件是否存在问题，比如时间日期字段没有用DATE()或YEAR()格式化？

>>>>> Agent【Sql_query.master】 Said:
【已知信息】
- 嘉实超短债债券A的基金管理人代码（InvestAdvisorCode）：41516
- 使用CompanyCode = 41516在constantdb.secumain表中查询未返回结果

【当前阶段要获取的信息】
- 基金管理人名称

【信息所在字段】
- 基金管理人名称可能在constantdb.secumain表的ChiName字段

【筛选条件所在字段】
- 使用CompanyCode字段进行筛选

【SQL语句的思路】
1. 检查constantdb.secumain表中是否存在CompanyCode为41516的记录。
2. 如果不存在，考虑是否需要使用其他字段或表进行查询。

由于查询结果为空，我们需要进一步检查是否存在以下问题：
1. 时间日期字段是否使用DATE()或YEAR()进行了格式化（此查询不涉及时间日期字段，故排除）。
2. 字段跟值并不匹配，比如把股票代码误以为公司代码（已确认CompanyCode为41516）。
3. 字段语言版本错配，比如用中文的字串去跟英文的字段匹配（此查询不涉及语言版本问题，故排除）。
4. 可以通过SELECT * FROM database_name.table_name LIMIT 1;了解所有字段的值是什么形式（已执行，未发现相关记录）。
5. 是否可以把时间范围放宽了解一下具体情况（此查询不涉及时间范围，故排除）。
6. 关键词模糊匹配是否可以把关键词改短后再尝试（此查询不涉及关键词模糊匹配，故排除）。

考虑到constantdb.secumain表中未找到对应记录，可能需要尝试其他表或字段。

【执行SQL语句】
```exec_sql
SELECT ChiName 
FROM publicfunddb.mf_investadvisor 
WHERE InvestAdvisorCode = 41516
```

【上述SQL语句的含义】
- 从publicfunddb.mf_investadvisor表中筛选出InvestAdvisorCode为41516的记录，并获取其中文名称（ChiName），即基金管理人的名称。

>>>>> 查询sql:
SELECT ChiName 
FROM publicfunddb.mf_investadvisor 
WHERE InvestAdvisorCode = 41516;
查询失败: 查询执行失败: (mysql.connector.errors.ProgrammingError) 1146 (42S02): Table 'publicfunddb.mf_investadvisor' doesn't exist
[SQL: SELECT ChiName 
FROM publicfunddb.mf_investadvisor 
WHERE InvestAdvisorCode = 41516;]
(Background on this error at: https://sqlalche.me/e/20/f405)


>>>>> 【user】 Said:
查询SQL:
SELECT ChiName 
FROM publicfunddb.mf_investadvisor 
WHERE InvestAdvisorCode = 41516;
查询发生异常：查询执行失败: (mysql.connector.errors.ProgrammingError) 1146 (42S02): Table 'publicfunddb.mf_investadvisor' doesn't exist
[SQL: SELECT ChiName 
FROM publicfunddb.mf_investadvisor 
WHERE InvestAdvisorCode = 41516;]
(Background on this error at: https://sqlalche.me/e/20/f405)

请修正

>>>>> Agent【Sql_query.master】 Said:
【已知信息】
- 嘉实超短债债券A的基金管理人代码（InvestAdvisorCode）：41516
- 尝试查询publicfunddb.mf_investadvisor表时发现该表不存在

【当前阶段要获取的信息】
- 基金管理人名称

【信息所在字段】
- 基金管理人名称可能在其他相关表中

【筛选条件所在字段】
- 使用InvestAdvisorCode字段进行筛选

【SQL语句的思路】
1. 由于publicfunddb.mf_investadvisor表不存在，需要查找其他可能包含基金管理人信息的表。
2. 考虑到constantdb.secumain表中未找到对应记录，尝试在publicfunddb.mf_fundarchives表中查找更多线索。

【执行SQL语句】
```exec_sql
SELECT * 
FROM publicfunddb.mf_fundarchives 
WHERE InnerCode = 381528
LIMIT 1
```

【上述SQL语句的含义】
- 从publicfunddb.mf_fundarchives表中筛选出InnerCode为381528的记录，并返回任意一条记录的所有字段信息，以便检查是否存在更多线索和可能的基金管理人信息。

>>>>> 查询sql:
SELECT * 
FROM publicfunddb.mf_fundarchives 
WHERE InnerCode = 381528
LIMIT 1;
查询结果:
[{"ID": 677756506573, "InnerCode": 381528, "EstablishmentDate": "2021-06-24 12:00:00.000", "ListedDate": null, "Duration": null, "StartDate": "2021-06-24 12:00:00.000", "ExpireDate": null, "Manager": "李金灿 ", "InvestAdvisorCode": 41516, "TrusteeCode": 3668, "Warrantor": null, "Type": 2, "InvestmentType": 16, "InvestStyle": 40, "FoundedSize": null, "InvestOrientation": "    本基金主要目标是在保持传统货币市场基金的本金稳妥、高流动性特点的同时，通过适当延长基金投资组合的久期，投资于期限稍长的固定收益工具，获取更高的投资收益。因此本基金的投资策略也是在货币市场基金投资策略基础上的增强型投资策略，一方面将基金的大部分资产投资于货币市场工具，保持基金资产的高流动性，同时提供稳定的收益；另一方面，通过价值挖掘，将一小部分资产投资于收益率较高的固定收益类投资工具，比如投资级的企业债、金融债、次级债、浮动利率债等，为基金资产提供超额收益。", "InvestTarget": "    本基金通过控制投资组合的久期不超过一年，力求本金稳妥，保持资产较高的流动性，降低基金净值波动风险，取得超过比较基准的稳定回报。", "PerformanceBenchMark": "一年期银行定期储蓄存款的税后利率", "ProfitDistributionRule": "在符合有关基金分红条件且每份基金份额可分配收益超过0.001元的前提下，本基金每个月应将至少90%的可分配收益进行分红。每年分红次数不超过20次；", "InvestField": "    本基金投资范围为固定收益类金融工具，具体包括国债、金融债、信用等级为投资级及以上的企业债和次级债券等；债券回购；央行票据、银行存款、资产支持证券以及法律、法规或中国证监会允许基金投资的其它金融工具。本基金不投资于可转换债券。\r\n    如法律法规或监管机构以后允许基金投资其他品种，基金管理人在履行适当程序后，可以将其纳入投资范围。", "BriefIntro": "    自2021年6月24日起，本基金增设A类份额，原有基金份额全部自动划归为本基金C类基金份额。本基金的基金管理人：嘉实基金管理有限公司；基金托管人：中国银行股份有限公司；注册登记机构：嘉实基金管理有限公司。", "XGRQ": "2023-03-19 07:19:57.427", "JSID": 732740342457, "ApplyingCodeFront": "012773", "ApplyingCodeBack": null, "GuaranteedPeriod": null, "RiskReturncharacter": "本基金预期的风险水平和预期收益率高于货币市场基金，低于中长期债券基金、混合基金、股票基金。", "LowestSumSubscribing": "投资者通过代销机构或公司网上直销首次申购单笔最低限额为1元，追加申购单笔最低限额为1元。投资者通过直销中心柜台首次申购单笔最低限额为2万元，但已持有本基金份额的投资者可以适用首次单笔最低限额1元，追加申购单笔最低限额为1元。", "LowestSumRedemption": 1.0, "LSFRDescription": "单笔赎回不得少于1份。", "LowestSumForHolding": 1.0, "LSFHDescription": "每个基金交易账户最低持有基金份额余额为1份。", "FundNature": 1, "FundTypeCode": 1105, "FundType": "债券型", "CarryOverDate": null, "CarryOverDateRemark": null, "CarryOverType": null, "RegInstCode": 41516, "SecurityCode": "012773", "DeliveryDays": 1, "RiskReturnCode": null, "FloatType": 2, "CustodyMarket": null, "OperationPeriod": null, "OperationPDUnitCode": null, "OperationPDUnitName": null, "IfInitiatingFund": 1, "ClassificationFundType": null, "AgrBenchmkRateOfShareA": null, "AgrBenchmkRateOfShareANotes": null, "RegularShareConversionNotes": null, "NonRegularShareConversionNotes": null, "ExApplyingMarket": null, "ExApplyingCode": null, "ExApplyingAbbr": null, "ShareProperties": null, "StClearingDate": null, "EnClearingDate": null, "LowestSumSubLL": null, "LowestSumPurLL": 1.0, "MainCode": "070009", "ExProfitDistri": null, "OTCProfitDistri": 3, "IfFOF": 2, "IfPensionTarget": 2, "PRconfirmationdate": 1, "EstablishmentDateII": null, "InsertTime": "2021-07-20 09:39:29.677", "TransCode": 381528, "LargeRedemptionRatio": 0.1, "LastOperationDate": null, "SecuCode": "012773"}]


>>>>> 【user】 Said:
查询SQL:
SELECT * 
FROM publicfunddb.mf_fundarchives 
WHERE InnerCode = 381528
LIMIT 1;
查询结果:
[{"ID": 677756506573, "InnerCode": 381528, "EstablishmentDate": "2021-06-24 12:00:00.000", "ListedDate": null, "Duration": null, "StartDate": "2021-06-24 12:00:00.000", "ExpireDate": null, "Manager": "李金灿 ", "InvestAdvisorCode": 41516, "TrusteeCode": 3668, "Warrantor": null, "Type": 2, "InvestmentType": 16, "InvestStyle": 40, "FoundedSize": null, "InvestOrientation": "    本基金主要目标是在保持传统货币市场基金的本金稳妥、高流动性特点的同时，通过适当延长基金投资组合的久期，投资于期限稍长的固定收益工具，获取更高的投资收益。因此本基金的投资策略也是在货币市场基金投资策略基础上的增强型投资策略，一方面将基金的大部分资产投资于货币市场工具，保持基金资产的高流动性，同时提供稳定的收益；另一方面，通过价值挖掘，将一小部分资产投资于收益率较高的固定收益类投资工具，比如投资级的企业债、金融债、次级债、浮动利率债等，为基金资产提供超额收益。", "InvestTarget": "    本基金通过控制投资组合的久期不超过一年，力求本金稳妥，保持资产较高的流动性，降低基金净值波动风险，取得超过比较基准的稳定回报。", "PerformanceBenchMark": "一年期银行定期储蓄存款的税后利率", "ProfitDistributionRule": "在符合有关基金分红条件且每份基金份额可分配收益超过0.001元的前提下，本基金每个月应将至少90%的可分配收益进行分红。每年分红次数不超过20次；", "InvestField": "    本基金投资范围为固定收益类金融工具，具体包括国债、金融债、信用等级为投资级及以上的企业债和次级债券等；债券回购；央行票据、银行存款、资产支持证券以及法律、法规或中国证监会允许基金投资的其它金融工具。本基金不投资于可转换债券。\r\n    如法律法规或监管机构以后允许基金投资其他品种，基金管理人在履行适当程序后，可以将其纳入投资范围。", "BriefIntro": "    自2021年6月24日起，本基金增设A类份额，原有基金份额全部自动划归为本基金C类基金份额。本基金的基金管理人：嘉实基金管理有限公司；基金托管人：中国银行股份有限公司；注册登记机构：嘉实基金管理有限公司。", "XGRQ": "2023-03-19 07:19:57.427", "JSID": 732740342457, "ApplyingCodeFront": "012773", "ApplyingCodeBack": null, "GuaranteedPeriod": null, "RiskReturncharacter": "本基金预期的风险水平和预期收益率高于货币市场基金，低于中长期债券基金、混合基金、股票基金。", "LowestSumSubscribing": "投资者通过代销机构或公司网上直销首次申购单笔最低限额为1元，追加申购单笔最低限额为1元。投资者通过直销中心柜台首次申购单笔最低限额为2万元，但已持有本基金份额的投资者可以适用首次单笔最低限额1元，追加申购单笔最低限额为1元。", "LowestSumRedemption": 1.0, "LSFRDescription": "单笔赎回不得少于1份。", "LowestSumForHolding": 1.0, "LSFHDescription": "每个基金交易账户最低持有基金份额余额为1份。", "FundNature": 1, "FundTypeCode": 1105, "FundType": "债券型", "CarryOverDate": null, "CarryOverDateRemark": null, "CarryOverType": null, "RegInstCode": 41516, "SecurityCode": "012773", "DeliveryDays": 1, "RiskReturnCode": null, "FloatType": 2, "CustodyMarket": null, "OperationPeriod": null, "OperationPDUnitCode": null, "OperationPDUnitName": null, "IfInitiatingFund": 1, "ClassificationFundType": null, "AgrBenchmkRateOfShareA": null, "AgrBenchmkRateOfShareANotes": null, "RegularShareConversionNotes": null, "NonRegularShareConversionNotes": null, "ExApplyingMarket": null, "ExApplyingCode": null, "ExApplyingAbbr": null, "ShareProperties": null, "StClearingDate": null, "EnClearingDate": null, "LowestSumSubLL": null, "LowestSumPurLL": 1.0, "MainCode": "070009", "ExProfitDistri": null, "OTCProfitDistri": 3, "IfFOF": 2, "IfPensionTarget": 2, "PRconfirmationdate": 1, "EstablishmentDateII": null, "InsertTime": "2021-07-20 09:39:29.677", "TransCode": 381528, "LargeRedemptionRatio": 0.1, "LastOperationDate": null, "SecuCode": "012773"}]

请理解查询结果

>>>>> Agent【Sql_query.understand_query_result】 Said:
查询结果表明:
该查询返回了基金内部编码为381528的基金档案信息。该基金由嘉实基金管理有限公司管理，基金托管人为中国银行股份有限公司，注册登记机构为嘉实基金管理有限公司。基金类型为债券型，主要投资于固定收益类金融工具，如国债、金融债、投资级企业债等。基金的投资目标是在保持本金稳妥和高流动性的同时，通过适当延长投资组合久期，获取更高的投资收益。基金的风险收益特征高于货币市场基金，低于中长期债券基金、混合基金和股票基金。基金的最低申购金额为1元，最低赎回份额为1份，每个基金交易账户最低持有份额余额为1份。基金成立于2021年6月24日，基金代码为012773，主要代码为070009。


>>>>> 【user】 Said:
查询SQL:
SELECT * 
FROM publicfunddb.mf_fundarchives 
WHERE InnerCode = 381528
LIMIT 1;
查询结果:
[{"ID": 677756506573, "InnerCode": 381528, "EstablishmentDate": "2021-06-24 12:00:00.000", "ListedDate": null, "Duration": null, "StartDate": "2021-06-24 12:00:00.000", "ExpireDate": null, "Manager": "李金灿 ", "InvestAdvisorCode": 41516, "TrusteeCode": 3668, "Warrantor": null, "Type": 2, "InvestmentType": 16, "InvestStyle": 40, "FoundedSize": null, "InvestOrientation": "    本基金主要目标是在保持传统货币市场基金的本金稳妥、高流动性特点的同时，通过适当延长基金投资组合的久期，投资于期限稍长的固定收益工具，获取更高的投资收益。因此本基金的投资策略也是在货币市场基金投资策略基础上的增强型投资策略，一方面将基金的大部分资产投资于货币市场工具，保持基金资产的高流动性，同时提供稳定的收益；另一方面，通过价值挖掘，将一小部分资产投资于收益率较高的固定收益类投资工具，比如投资级的企业债、金融债、次级债、浮动利率债等，为基金资产提供超额收益。", "InvestTarget": "    本基金通过控制投资组合的久期不超过一年，力求本金稳妥，保持资产较高的流动性，降低基金净值波动风险，取得超过比较基准的稳定回报。", "PerformanceBenchMark": "一年期银行定期储蓄存款的税后利率", "ProfitDistributionRule": "在符合有关基金分红条件且每份基金份额可分配收益超过0.001元的前提下，本基金每个月应将至少90%的可分配收益进行分红。每年分红次数不超过20次；", "InvestField": "    本基金投资范围为固定收益类金融工具，具体包括国债、金融债、信用等级为投资级及以上的企业债和次级债券等；债券回购；央行票据、银行存款、资产支持证券以及法律、法规或中国证监会允许基金投资的其它金融工具。本基金不投资于可转换债券。\r\n    如法律法规或监管机构以后允许基金投资其他品种，基金管理人在履行适当程序后，可以将其纳入投资范围。", "BriefIntro": "    自2021年6月24日起，本基金增设A类份额，原有基金份额全部自动划归为本基金C类基金份额。本基金的基金管理人：嘉实基金管理有限公司；基金托管人：中国银行股份有限公司；注册登记机构：嘉实基金管理有限公司。", "XGRQ": "2023-03-19 07:19:57.427", "JSID": 732740342457, "ApplyingCodeFront": "012773", "ApplyingCodeBack": null, "GuaranteedPeriod": null, "RiskReturncharacter": "本基金预期的风险水平和预期收益率高于货币市场基金，低于中长期债券基金、混合基金、股票基金。", "LowestSumSubscribing": "投资者通过代销机构或公司网上直销首次申购单笔最低限额为1元，追加申购单笔最低限额为1元。投资者通过直销中心柜台首次申购单笔最低限额为2万元，但已持有本基金份额的投资者可以适用首次单笔最低限额1元，追加申购单笔最低限额为1元。", "LowestSumRedemption": 1.0, "LSFRDescription": "单笔赎回不得少于1份。", "LowestSumForHolding": 1.0, "LSFHDescription": "每个基金交易账户最低持有基金份额余额为1份。", "FundNature": 1, "FundTypeCode": 1105, "FundType": "债券型", "CarryOverDate": null, "CarryOverDateRemark": null, "CarryOverType": null, "RegInstCode": 41516, "SecurityCode": "012773", "DeliveryDays": 1, "RiskReturnCode": null, "FloatType": 2, "CustodyMarket": null, "OperationPeriod": null, "OperationPDUnitCode": null, "OperationPDUnitName": null, "IfInitiatingFund": 1, "ClassificationFundType": null, "AgrBenchmkRateOfShareA": null, "AgrBenchmkRateOfShareANotes": null, "RegularShareConversionNotes": null, "NonRegularShareConversionNotes": null, "ExApplyingMarket": null, "ExApplyingCode": null, "ExApplyingAbbr": null, "ShareProperties": null, "StClearingDate": null, "EnClearingDate": null, "LowestSumSubLL": null, "LowestSumPurLL": 1.0, "MainCode": "070009", "ExProfitDistri": null, "OTCProfitDistri": 3, "IfFOF": 2, "IfPensionTarget": 2, "PRconfirmationdate": 1, "EstablishmentDateII": null, "InsertTime": "2021-07-20 09:39:29.677", "TransCode": 381528, "LargeRedemptionRatio": 0.1, "LastOperationDate": null, "SecuCode": "012773"}]

查询结果表明:
该查询返回了基金内部编码为381528的基金档案信息。该基金由嘉实基金管理有限公司管理，基金托管人为中国银行股份有限公司，注册登记机构为嘉实基金管理有限公司。基金类型为债券型，主要投资于固定收益类金融工具，如国债、金融债、投资级企业债等。基金的投资目标是在保持本金稳妥和高流动性的同时，通过适当延长投资组合久期，获取更高的投资收益。基金的风险收益特征高于货币市场基金，低于中长期债券基金、混合基金和股票基金。基金的最低申购金额为1元，最低赎回份额为1份，每个基金交易账户最低持有份额余额为1份。基金成立于2021年6月24日，基金代码为012773，主要代码为070009。

当前掌握的信息是否能够回答"请问嘉实超短债债券A这只基金的基金管理人是谁？"？还是要继续执行下一阶段SQL查询？

>>>>> Agent【Sql_query.master】 Said:
【已知信息】
- 嘉实超短债债券A的基金档案信息显示，该基金由嘉实基金管理有限公司管理。

【当前阶段要获取的信息】
- 无需继续执行SQL查询，已获取基金管理人名称

【信息所在字段】
- 基金管理人名称在publicfunddb.mf_fundarchives表的BriefIntro字段中

【筛选条件所在字段】
- 无需继续执行SQL查询

【SQL语句的思路】
- 无需继续执行SQL查询

【执行SQL语句】
```exec_sql
无
```

【上述SQL语句的含义】
- 无需继续执行SQL查询，已获取所需信息

【结论】
- 嘉实超短债债券A这只基金的基金管理人是嘉实基金管理有限公司。


>>>>> 【user】 Said:
充分尊重前面给出的结论，回答问题:"请问嘉实超短债债券A这只基金的基金管理人是谁？"

>>>>> Agent【Sql_query.summary】 Said:
嘉实超短债债券A这只基金的基金管理人是嘉实基金管理有限公司。
