
>>>>> Original Question: 2020下半年共上市多少只基金？


>>>>> Agent【extract_company】 Said:
No Entities.


>>>>> Agent【rewrite_question】 Said:
根据已知信息，用户之前可能已经讨论过某个特定市场或类型的基金。为了确保问题的完整性和明确性，假设之前讨论的是中国市场上的公募基金，重写问题如下：

**在2020年下半年，中国市场上共有多少只公募基金上市？**

>>>>> 已知事实:


>>>>> Agent【Check_db_structure.db_selector】 Said:
【分析】
用户询问的是2020年下半年中国市场上公募基金的数量。这涉及到公募基金的上市时间信息。根据知识库中的描述，"publicfunddb"数据库记录了公募基金的基本信息，包括设立与运作特性，这应该包含了基金的上市时间数据。因此，选择"publicfunddb"数据库可以获取到所需信息。

【选中的数据库】
- publicfunddb: 这个数据库记录了公募基金的基本信息，包括设立与运作特性，可以从中获取基金的上市时间数据。

【选中的数据库的清单】
```json
["publicfunddb"]
```


>>>>> Agent【Check_db_structure.table_selector】 Said:
【分析】
要回答“在2020年下半年，中国市场上共有多少只公募基金上市”的问题，我们需要找到记录基金上市信息的表。关键信息包括基金的设立日期，因为这能帮助我们确定基金是否在2020年下半年上市。

【选中的数据表】
- publicfunddb.mf_fundarchives: 这个数据表包含基金的设立日期信息，可以用来确定基金是否在2020年下半年上市。

【选中的数据库表的清单】
```json
["publicfunddb.mf_fundarchives"]
```


>>>>> Agent【Check_db_structure.columns_selector】 Said:
【分析】
用户的问题是询问在2020年下半年（即7月至12月），中国市场上共有多少只公募基金上市。这个问题涉及到基金的上市日期和基金类型。

【信息所在字段】
- publicfunddb.mf_fundarchives.ListedDate: 这个字段记录基金的上市日期，对应用户提问中的“2020年下半年”。
- publicfunddb.mf_fundarchives.FundTypeCode: 这个字段记录基金的类别代码，与(CT_SystemConst)表中的DM字段关联，可以筛选出公募基金。

【筛选条件所在字段】
- publicfunddb.mf_fundarchives.ListedDate: 用于筛选2020年7月至12月上市的基金。
- publicfunddb.mf_fundarchives.FundTypeCode: 用于筛选公募基金。
- constantdb.ct_systemconst.DM: 与FundTypeCode关联，用于确认公募基金的类别代码。

【选中的字段的清单】
```json
{
  "publicfunddb.mf_fundarchives": ["ListedDate", "FundTypeCode"],
  "constantdb.ct_systemconst": ["DM"]
}
```


>>>>> Agent【Sql_query.master】 Said:
【已知信息】
- 讨论范围：中国市场上的公募基金
- 时间范围：2020年下半年（即2020年7月1日至2020年12月31日）
- 相关表名：`publicfunddb.mf_fundarchives`
- 相关字段：`ListedDate`（上市日期）

【当前阶段要获取的信息】
- 2020年下半年上市的公募基金数量

【信息所在字段】
- `ListedDate`

【筛选条件所在字段】
- `ListedDate`

【SQL语句的思路】
1. 使用`DATE(ListedDate)`来确保时间格式的一致性。
2. 设置时间范围为2020年7月1日至2020年12月31日。
3. 计算符合条件的记录数量。

【执行SQL语句】
```exec_sql
SELECT COUNT(*) 
FROM publicfunddb.mf_fundarchives 
WHERE DATE(ListedDate) BETWEEN '2020-07-01' AND '2020-12-31'
```

【上述SQL语句的含义】
- 从`publicfunddb.mf_fundarchives`表中筛选出在2020年7月1日至2020年12月31日期间上市的公募基金，并计算其数量。

>>>>> 查询sql:
SELECT COUNT(*) 
FROM publicfunddb.mf_fundarchives 
WHERE DATE(ListedDate) BETWEEN '2020-07-01' AND '2020-12-31';
查询结果:
[{"COUNT(*)": 8}]


>>>>> Agent【Sql_query.understand_query_result】 Said:
查询结果表明: 在2020年7月1日至2020年12月31日期间，共有8只基金在publicfunddb.mf_fundarchives表中记录了上市日期(ListedDate)。


>>>>> Agent【Sql_query.master】 Said:
【已知信息】
- 讨论范围：中国市场上的公募基金
- 时间范围：2020年下半年（即2020年7月1日至2020年12月31日）
- 相关表名：`publicfunddb.mf_fundarchives`
- 相关字段：`ListedDate`（上市日期）
- 查询结果：在2020年7月1日至2020年12月31日期间，共有8只基金在`publicfunddb.mf_fundarchives`表中记录了上市日期

【当前阶段要获取的信息】
- 无（已通过查询结果获取所需信息）

【信息所在字段】
- 无（已通过查询结果获取所需信息）

【筛选条件所在字段】
- 无（已通过查询结果获取所需信息）

【SQL语句的思路】
- 无（已通过查询结果获取所需信息）

【执行SQL语句】
- 无（已通过查询结果获取所需信息）

【上述SQL语句的含义】
- 无（已通过查询结果获取所需信息）

**结论：**
当前掌握的信息已经能够回答“在2020年下半年，中国市场上共有多少只公募基金上市？”的问题。根据查询结果，2020年下半年中国市场上共有8只公募基金上市。无需继续执行下一阶段SQL查询。


>>>>> Agent【Sql_query.summary】 Said:
8只
