
>>>>> Original Question: 上海申银万国证券研究所有限公司发布了多少种指数？


>>>>> 【user】 Said:
历史问答:无。
现在用户继续提问，请根据已知信息，理解当前这个问题的完整含义，并重写这个问题使得单独拿出来看仍然能够正确理解：上海申银万国证券研究所有限公司发布了多少种指数？

>>>>> Agent【rewrite_question】 Said:
请问上海申银万国证券研究所有限公司截至目前共发布了多少种指数？


>>>>> 【user】 Said:
提取下面这段文字里的实体，如公司名、股票代码等，如果识别结果是空，那么就回复No Entities."请问上海申银万国证券研究所有限公司截至目前共发布了多少种指数？"

>>>>> Agent【extract_company】 Said:
```json
["上海申银万国证券研究所有限公司"]
```

>>>>> 查询sql:
SELECT 'constantdb.secumain' AS TableName, InnerCode, CompanyCode, ChiName, EngName, SecuCode
FROM constantdb.secumain 
WHERE SecuCode = '上海申银万国证券研究所有限'
   OR ChiName LIKE '%上海申银万国证券研究所有限%'
   OR ChiNameAbbr LIKE '%上海申银万国证券研究所有限%'
   OR EngName LIKE '%上海申银万国证券研究所有限%'
   OR EngNameAbbr LIKE '%上海申银万国证券研究所有限%'
   OR SecuAbbr LIKE '%上海申银万国证券研究所有限%'
UNION ALL
SELECT 'constantdb.hk_secumain' AS TableName, InnerCode, CompanyCode, ChiName, EngName, SecuCode
FROM constantdb.hk_secumain 
WHERE SecuCode = '%上海申银万国证券研究所有限%'
   OR ChiName LIKE '%上海申银万国证券研究所有限%'
   OR ChiNameAbbr LIKE '%上海申银万国证券研究所有限%'
   OR EngName LIKE '%上海申银万国证券研究所有限%'
   OR EngNameAbbr LIKE '%上海申银万国证券研究所有限%'
   OR SecuAbbr LIKE '%上海申银万国证券研究所有限%'
   OR FormerName LIKE '%上海申银万国证券研究所有限%'
UNION ALL
SELECT 'constantdb.us_secumain' AS TableName, InnerCode, CompanyCode, ChiName, EngName, SecuCode
FROM constantdb.us_secumain 
WHERE SecuCode = '上海申银万国证券研究所有限'
   OR ChiName LIKE '%上海申银万国证券研究所有限%'
   OR EngName LIKE '%上海申银万国证券研究所有限%'
   OR SecuAbbr LIKE '%上海申银万国证券研究所有限%';
查询结果:
[]

>>>>> 已知事实:


>>>>> 【user】 Said:
请选择db，务必遵循输出的格式要求。

>>>>> Agent【Check_db_structure.db_selector】 Said:
【分析】
用户询问的是上海申银万国证券研究所有限公司截至目前共发布了多少种指数。这涉及到指数的发布机构及其指数种类数量的信息。根据知识库，"indexdb"（指数数据库）记录了市场上主要指数的基本情况及其成份证券构成信息，涵盖了指数的标识、行业分类、发布编制信息、设计特性、成份证券属性等多方面内容。因此，"indexdb"是最适合查询此类信息的数据库。

【选中的数据库】
- indexdb: 这个数据库包含市场上主要指数的基本情况及其发布编制信息，可以用来查询上海申银万国证券研究所有限公司发布的指数种类数量。

【选中的数据库的清单】
```json
["indexdb"]
```


>>>>> 【user】 Said:
数据库表信息如下:
[{"表名": "indexdb.lc_indexbasicinfo", "说明": "该数据表主要用于描述指数的基本信息及其相关属性，字段涵盖了多方面内容，包括指数的标识信息如指数内部编码、对应主指数代码和内码等；行业和分类信息如行业标准、行业类别、指数类别（包括发布机构和系列等）、指数设计类别及与主指数的关系等；指数的发布和编制信息如发布机构名称、编制机构名称、发布日期及停用日期等；指数的计算与设计特性如基日、基点、加权方式、指数计算类别等；成份证券的相关信息如成份证券类别、市场、数量及调整周期等；货币及其他补充信息如币种、指数摘要和介绍等，提供了全面的指数描述与管理支持。"}, {"表名": "indexdb.lc_indexcomponent", "说明": "该数据表主要记录指数成分股的基本信息，包括标识类字段如指数内部编码和证券内部编码，时间类字段如调入日期和调出日期，状态类字段如成份标志，以及市场相关信息如成份股市场代码等。"}]

请选择table，务必遵循输出的格式要求。

>>>>> Agent【Check_db_structure.table_selector】 Said:
【分析】
用户询问的是上海申银万国证券研究所有限公司截至目前共发布了多少种指数。这需要查找与指数发布机构相关的数据表，并统计该机构发布的指数数量。

【选中的数据表】
- indexdb.lc_indexbasicinfo: 这个数据表包含指数的基本信息及其相关属性，特别是发布机构名称字段，可以用来筛选出上海申银万国证券研究所有限公司发布的指数。

【选中的数据库表的清单】
```json
["indexdb.lc_indexbasicinfo"]
```


>>>>> 【user】 Said:
已取得可用的数据表的字段信息如下:
[{"表名": "indexdb.lc_indexbasicinfo", "表字段": [{"column": "IndexCode", "desc": "指数内部编码；，得到指数的代码、简称。"}, {"column": "IndustryStandard", "desc": "行业标准；，令LB = 1081 AND DM NOT IN (2,8,10,11,15,16,17,18,19,21,25,26,27,29,31,32,34,35,36,39,41,42,43,99)，得到行业标准的具体描述：1-CSRC行业分类，3-中信行业分类，5-SSE行业分类，6-聚源行业分类(旧)，7-SSE-GICS行业分类，9-申万行业分类，12-中证指数行业分类，13-中信标普GICS行业分类，14-新华ICB行业分类，20-国证行业分类，22-证监会行业分类2012版，23-证监会行业分类2012版(中证披露)，24-申万行业分类2014版，28-中证指数行业分类(2016版)，30-聚源行业分类2016，33-伦交所行业分类（ICB），37-中信行业2019分类，38-申万行业分类(新)，40-中证指数行业分类(2021版)，44-中国上市公司协会上市公司行业统计分类指引，46-华证上市公司行业分类标准(2022)，47-战略性新兴产业分类(2018)，48-证监会行业分类(融合国民经济)，49-长江行业分类，50-聚源行业分类(2023)，100-恒生行业分类。"}, {"column": "IndustryType", "desc": "行业类别；,同时令CT_IndustryType.Standard=IndustryStandard;当IndustryStandard=23时,\"IndustryType\"与\"CT_IndustryType\"的\"IndustryNum\"关联,同时令CT_IndustryType.Standard=22;当IndustryStandard=13时,\"IndustryCode\"与\"CT_IndustryType\"的\"IndustryNum\"关联,同时令CT_IndustryType.Standard=6;当IndustryStandard in (38,40) 时,\"IndustryType\"与\"CT_IndustryType\"的\"IndustryCode\"关联,同时令CT_IndustryType.Standard=IndustryStandard;当IndustryStandard=14时,\"IndustryType\"与\"CT_SystemConst\"的\"DM\"关联,\"LB=1529\";当IndustryStandard=100时,\"IndustryType\"与\"HK_IndustryCategory\"的\"IndustryNum\"关联,Standard=100"}, {"column": "PubOrgName", "desc": "发布机构名称"}, {"column": "CreatIndexOrgName", "desc": "编制机构名称"}, {"column": "PubDate", "desc": "发布日期"}, {"column": "BaseDate", "desc": "基日"}, {"column": "BasePoint", "desc": "基点(点)"}, {"column": "WAMethod", "desc": "加权方式；，令LB = 1265 and DM not in (4,54,50,40,5,13,10,12,30,11,63)，得到加权方式的具体描述：1-持仓市值加权，2-产量加权，3-自由流通市值加权，6-分档自由流通市值加权，7-调整自由流通市值加权，33-债券发行量加权，34-债券流通托管量加权，41-调整流通市值加权，42-流通市值加权，43-总市值加权，44-风格评分加权法，45-基本面加权，46-等权，47-股息加权，48-市盈率加权，49-流动性加权，51-消费量加权，52-波动率倒数加权，53-固定权重，55-贝塔系数加权，56-收益率加权，57-调整总市值加权，60-等风险加权，61-ESG评分加权，62-持股金额加权，64-消费金额加权。"}, {"column": "IndexType", "desc": "指数类别；，令LB=1266 AND DM IN (10,30,42,43,44,45,46,47,50,57,60,61)，得到指数类别的具体描述：10-综合类指数，30-行业类指数，42-策略类指数，43-风格类指数，44-主题类指数，45-基金类指数，46-债券类指数，47-规模类指数，50-期货类指数，57-其他类指数，60-多资产指数，61-外汇指数。"}, {"column": "PubIndexType", "desc": "指数类别(发布机构)；，令LB = 1266 AND MS NOT LIKE '%废弃%' AND DM>100，得到指数类别(发布机构)的具体描述：121000-申万300子行业，121101-申万一级行业，121102-申万二级行业，121103-申万三级行业，121201-申万非发布指数，121300-申万量化策略，121600-申万特征指数，121700-申万市场表征，121800-申万新三板，121900-申万定制发布，122000-申万主题，122100-申万风格指数，123000-申万公募基金分类指数，131100-风格指数，131200-主题指数，131300-行业指数，131400-策略指数，131500-区域指数，131800-定制指数，141000-天相基准指数，141100-天相风格指数，141200-天相特征指数，141300-天相表现指数，141401-天相一级行业指数，141402-天相二级行业指数，141500-天相地区指数，161001-中信一级行业指数，161002-中信二级行业指数，161003-中信三级行业指数，161004-中信四级行业指数，161005-中信-产业指数，161006-中信-产业链指数，161007-中信-风格指数，461001-中债-综合指数，461002-中债-分类指数-按信用等级，461003-中债-分类指数-按流通场所，461004-中债-分类指数-按计息方式，461005-中债-分类指数-按发行人，461006-中债-分类指数-按发行期限，461007-中债-分类指数-按待偿期限，461008-中债-分类指数-其他，461009-中债-定制指数，461010-中债-成份指数，461011-中债-策略指数，461012-中债-绿色债指数，461013-中债-利率指数，461014-中债-投资者分类指数，461015-中债-外币计价指数，461016-中债-分类指数-按区域，461017-中债-非发布指数，461018-中债-美元债券指数，461019-中债-分类指数-按中债市场隐含评级，461020-中债-分类指数-按中债行业，461021-中债-碳系列指数，461022-中债-多资产指数，461023-中债-股票指数-股票规模指数，461024-中债-主题指数，471004-中证-基金指数，471005-中证-期货指数，471006-中证-其他指数，471009-中证-债券指数，471010-中证-可转债指数，471011-中证-股票指数，471012-中证-组合资产指数，481001-恒生-市值指数，481002-恒生-行业指数，481003-恒生-因子及策略指数，481004-恒生-可持续发展指数，481005-恒生-固定收益产品指数，491001-规模指数，491002-基金指数，491003-债券指数，491004-央视50，491005-央视创新，491006-央视成长，491007-央视回报，491008-央视治理，491009-央视责任，491010-央视生态，491011-央视文化，491012-多资产指数，491013-跨境指数，491014-人民币指数，491015-综合指数，501001-华证-A股-规模，501002-华证-A股-行业主题，501003-华证-A股-策略，501004-华证-A股-因子，501005-华证-沪深港-行业主题，501006-华证-沪深港-策略，501007-华证-ESG行业指数，501008-华证-行业主题，511000-聚源综合，515000-聚源可转债指数，516001-聚源基金分类指数。"}, {"column": "IndexSeries", "desc": "指数系列；，令LB=2395，得到指数系列的具体描述：101000-中证系列，101100-上证系列，101200-新三板系列，101300-中华交易系列，101400-AMAC系列，101600-北证系列，201000-国证系列，201100-深证系列，201200-央视指数，201300-国际合作"}, {"column": "IndexPriceType", "desc": "指数计算类别；，令LB = 2013，得到指数设计类别的具体描述：1-主指数，2-衍生指数。"}, {"column": "IndexDesignType", "desc": "指数设计类别；，令LB=2014，得到与主指数关系的具体描述：1-币种不同，2-分红规则不同，3-分红规则和币种都不同，4-税后分红，5-主指数，6-待偿期限不同，7-分红规则和待偿期限都不同，8-税后分红和待偿期限不同，9-对冲指数，30-转发指数，31-加权方式不同。"}, {"column": "Relationship", "desc": "与主指数关系；，令LB=2014，得到与主指数关系的具体描述：1-币种不同，2-分红规则不同，3-分红规则和币种都不同，4-税后分红，5-主指数，6-待偿期限不同，7-分红规则和待偿期限都不同，8-税后分红和待偿期限不同，9-对冲指数，30-转发指数，31-加权方式不同。"}, {"column": "RelaMainIndexCode", "desc": "对应主指数代码"}, {"column": "RelaMainCode", "desc": "对应主指数内码；，得到指数的代码、简称；，得到指数的代码、简称。该字段为空或等于IndexCode时，表示该指数为主指数。当衍生指数有币种不同、分红方式不同等多层衍生关系时，主指数有多个，该字段维护原则为：权重一致的前提下，维护与衍生指数层级关系最远的主指数，即最上级主指数，对冲指数和等权指数特别处理，维护层级关系最近的主指数"}, {"column": "ComponentType", "desc": "成份证券类别；，令LB = 1008 AND DM IN (1000,1001,1003,1004,1005,1300,1301,1303,1500,1503,1506,1509,1515,1521,1522,2100,1703,3100,1900,1901,3200,4110,9999)，得到成份证券类别的具体描述：1000-股票，1001-A股，1003-B股，1004-H股，1005-红筹股，1300-基金，1301-封闭式基金，1303-开放式基金，1500-债券，1503-国债，1506-企债，1509-金融债，1515-可转债，1521-资产证券化产品，1522-同业存单，1703-票据，1900-理财产品，1901-银行理财产品，2100-组合资产，3100-期货，3200-商品，4110-金融货币，9999-其他。"}, {"column": "SecuMarket", "desc": "成份证券市场；，令LB = 2015，得到成份证券市场的具体描述：1-全球市场，2-沪深港市场，3-香港证券交易所，4-大中华市场，5-沪深市场，6-大陆市场，7-上海证券交易所，8-深圳证券交易所，9-新三板市场，10-银行间市场，11-中国债券市场，12-跨市场，13-中国期货市场，14-开放式基金市场，15-深港市场，16-沪港市场，17-封闭式基金市场，18-境外市场，19-韩国市场，20-新加坡市场，21-台湾证券交易所，22-印度尼西亚证券交易所，23-马来西亚证券交易所，24-特拉维夫证券交易所，25-巴基斯坦卡拉奇证券交易所，26-伦敦证券交易所，27-法国巴黎证券交易所，28-德国市场，29-荷兰阿姆斯特丹证券交易所，30-布鲁塞尔证券交易所，31-西班牙市场，32-布达佩斯证券交易所，33-爱尔兰证券交易所，34-维也纳证券交易所，35-瑞士市场，36-美国市场，37-澳大利亚证券交易所，38-新西兰证券交易所，39-沪深京市场，40-北京证券交易所，41-阿根廷市场，42-埃及市场，43-挪威市场，44-巴西市场，45-保加利亚市场，46-日本市场，47-菲律宾市场，48-丹麦市场，49-越南市场，50-加拿大市场，51-摩洛哥市场，52-卡塔尔市场，53-斯里兰卡市场，54-葡萄牙市场，55-孟加拉国市场，56-意大利市场，57-俄罗斯市场，58-墨西哥市场，59-瑞典市场，60-泰国市场，61-土耳其市场，62-印度市场，2801-德国法兰克福证券交易所，3101-西班牙马德里证券交易所，3102-西班牙巴塞罗那证券交易所，3601-美国费城证券交易所，3602-美国证券交易所，3603-芝加哥商业交易所，3604-美国纳斯达克证券交易所，3605-纽约证券交易所，4601-东京证券交易所，4602-日本大阪证券交易所，4603-日本名古屋证券交易所，4901-胡志明市证券交易所，4902-河内证券交易所，5001-加拿大多伦多证券交易所，5002-加拿大证券交易所，6201-印度国家证券交易所，6202-印度孟买证券交易所。"}, {"column": "ComponentSum", "desc": "成份证券数量"}, {"column": "ComponentAdPeriod", "desc": "成份证券调整周期；，令LB = 1264，得到成份证券调整周期的具体描述：1-每日，7-每周，15-半个月，30-一个月，60-两个月，90-三个月，120-四个月，183-半年，365-一年，997-自动调整，998-不定期调整，999-其他。"}, {"column": "CurrencyCode", "desc": "币种；，令LB=1548，得到币种的具体描述：1000-美元，1100-港元，1110-印度卢比，1120-印度尼西亚卢比，1130-伊朗里亚尔，1140-波兰兹罗提，1150-匈牙利福林，1160-日本元，1161-欧洲日元(离岸)，1170-约旦第纳尔，1180-科威特第纳尔，1190-阿联酋迪拉姆，1200-亚美尼亚德拉姆，1210-澳门元，1220-马来西亚林吉特，1230-安第列斯群岛盾，1240-安哥拉宽扎，1250-尼泊尔卢比，1260-哈萨克斯坦坚戈，1270-巴基斯坦卢比，1280-阿鲁巴岛弗罗林，1290-菲律宾比索，1300-阿塞拜疆马纳特，1310-波斯尼亚马克，1320-新加坡元，1330-韩国元，1340-孟加拉塔卡，1350-百慕大元，1360-泰国铢，1370-沙特里亚尔，1380-文莱林吉特，1390-不丹努尔特鲁姆，1400-博茨瓦纳普拉，1410-白俄罗斯卢布，1420-人民币元，1430-台湾元，1440-伯利兹元，1450-南苏丹镑，1460-世界投资报告法郎，1470-佛得角埃斯库多，1480-厄立特里亚纳克法，1490-埃塞俄比亚比尔，1500-福克兰群岛镑，1510-格鲁吉亚拉里，1520-直布罗陀镑，1530-克罗地亚库纳，1540-以色列新谢克尔，1550-吉尔吉斯斯坦索姆，1560-开曼群岛元，1570-莱索托马洛蒂，1580-摩尔多瓦列伊，1590-马其顿第纳尔，1600-蒙古图格里克，1610-马拉维克瓦查，1620-梅蒂卡尔，1630-纳米比亚元，1640-巴布亚新几内亚基那，1650-塞尔维亚第纳尔，1660-圣赫勒拿群岛磅，1670-圣多美和普林西比多布拉，1680-太平洋法郎，1690-非共体法郎，1700-斯威士兰里兰吉尼，1710-塔吉克斯坦索莫尼，1720-土库曼斯坦马纳特，1730-汤加潘加，1740-乌克兰格里夫纳，1750-乌兹别克斯坦苏姆，1760-瓦努阿图瓦图，1770-萨摩亚塔拉，1780-中非金融合作法郎，1790-东加勒比元，1800-哈萨克斯坦腾格(废弃)，1810-人民币(离岸)，2470-坦桑尼亚先令，3000-欧元，3010-比利时法郎，3020-丹麦克朗，3030-英镑，3040-德国马克，3050-法国法郎，3070-意大利里拉，3090-荷兰盾，3120-西班牙比塞塔，3150-奥地利先令，3180-芬兰马克，3260-挪威克朗，3300-瑞典克朗，3310-瑞士法郎，3311-记帐瑞士法郎，3313-清算瑞士法郎，3440-俄罗斯卢布，4100-巴西雷亚尔，4290-墨西哥比索，5010-加拿大元，6010-澳大利亚元，6090-新西兰元，7101-刚果法郎，7103-尼日利亚奈拉，7105-越南盾，7107-肯尼亚先令，7109-卢森堡法郎，7111-摩洛哥迪拉姆，7113-南非兰特，7115-斯里兰卡卢比，7117-新苏丹磅，7119-也门里亚尔(废弃)，7121-爱尔兰镑，8000-阿尔巴尼亚列克，8010-阿尔及利亚第纳尔，8020-阿富汗尼，8030-阿根廷比索，8040-也门里亚尔，8050-阿曼里亚尔，8060-埃及镑，8070-巴巴多斯元，8080-巴哈马元，8090-巴拉圭瓜拉尼，8100-巴林第纳尔，8110-巴拿马巴波亚，8120-保加利亚列弗，8130-冰岛克朗，8140-波兰兹罗提(废弃)，8150-玻利维亚诺，8160-布隆迪法郎，8170-朝鲜圆，8180-赤道几内亚埃奎勒，8190-多米尼加比索，8200-厄瓜多尔苏克雷，8210-斐济元，8220-冈比亚法拉西，8230-哥伦比亚比索，8240-哥斯达黎加科朗，8250-古巴比索，8260-圭亚那元，8270-海地古德，8280-洪都拉斯伦皮拉，8290-吉布提法郎，8300-几内亚法郎，8310-几内亚比索，8320-加纳塞地，8330-柬埔寨瑞尔，8340-捷克克朗，8350-津巴布韦元，8360-卡塔尔里亚尔，8370-科摩罗法郎，8380-老挝基普，8390-黎巴嫩镑，8400-利比里亚元，8410-利比亚第纳尔，8420-卢旺达法郎，8430-罗马尼亚列伊，8440-马达加斯加阿里亚里，8450-马尔代夫卢比，8460-马耳他镑，8470-毛里求斯卢比，8480-毛里塔尼亚乌吉亚，8490-秘鲁新索尔，8500-缅甸元，8510-也门第纳尔，8520-南斯拉夫新第纳尔，8530-尼加拉瓜科多巴，8540-埃斯库多，8550-萨尔瓦多科朗，8560-塞拉里昂利昂，8570-塞浦路斯镑，8580-塞舌尔卢比，8590-沙特阿拉伯亚尔(废弃)，8600-苏里南元，8610-所罗门元，8620-索马里先令，8630-特立尼达多巴哥元，8640-突尼斯第纳尔，8650-土耳其里拉，8660-危地马拉格查尔，8670-委内瑞拉玻利瓦尔，8680-乌干达先令，8690-乌拉圭新比索，8700-希腊德拉马克，8710-匈牙利福林(废弃)，8720-叙利亚镑，8730-牙买加元，8740-伊拉克第纳尔，8750-赞比亚克瓦查，8760-扎伊尔，8770-智利比索，8780-玻利维亚Mvdol基金，8790-智利CUF基金，8800-哥伦比亚实际价值单位，8810-古巴可兑换比索，8820-墨西哥UDI基金，8830-莫桑比克梅蒂卡尔(废弃)，8840-东帝汶埃斯库多，9000-本币(废弃)，9900-其他货币，9901-本地货币，9990-特别提款权，9999-各币种折合美元。"}, {"column": "IndexAbstract", "desc": "指数摘要"}, {"column": "IndexRemark", "desc": "指数介绍"}, {"column": "EndDate", "desc": "停用日期"}]}]

请选择column，务必遵循输出的格式要求。

>>>>> Agent【Check_db_structure.columns_selector】 Said:
【分析】
用户询问的是上海申银万国证券研究所有限公司截至目前共发布了多少种指数。这个问题涉及到指数的发布机构，我们需要找到与发布机构相关的字段，并统计该机构发布的指数种类数量。

【信息所在字段】
- indexdb.lc_indexbasicinfo.PubOrgName: 这个字段可能包含发布机构的名称，对应用户提问中的“上海申银万国证券研究所有限公司”

【筛选条件所在字段】
- indexdb.lc_indexbasicinfo.PubOrgName: 这个字段用于筛选出上海申银万国证券研究所有限公司发布的指数

【选中的字段的清单】
```json
{"indexdb.lc_indexbasicinfo": ["PubOrgName"]}
```


>>>>> 【user】 Said:
请问上海申银万国证券研究所有限公司截至目前共发布了多少种指数？

>>>>> Agent【Sql_query.master】 Said:
【已知信息】
- 目标机构：上海申银万国证券研究所有限公司
- 需要查询的信息：该机构发布的指数种类数量

【当前阶段要获取的信息】
- 上海申银万国证券研究所有限公司发布的指数数量

【信息所在字段】
- 指数信息可能存在于 `indexdb.lc_indexbasicinfo` 表中
- 发布机构名称字段为 `PubOrgName`

【筛选条件所在字段】
- `PubOrgName` 字段用于筛选上海申银万国证券研究所有限公司

【SQL语句的思路】
- 从 `indexdb.lc_indexbasicinfo` 表中筛选 `PubOrgName` 为 "上海申银万国证券研究所有限公司" 的记录
- 计算这些记录的数量，即为发布的指数种类数量

【执行SQL语句】
```exec_sql
SELECT COUNT(DISTINCT IndexCode) 
FROM indexdb.lc_indexbasicinfo 
WHERE PubOrgName LIKE '%上海申银万国证券研究所有限公司%'
```

【上述SQL语句的含义】
- `SELECT COUNT(DISTINCT IndexCode)`：计算不同指数代码的数量，确保每种指数只被计数一次
- `FROM indexdb.lc_indexbasicinfo`：从指数基本信息表中选择数据
- `WHERE PubOrgName LIKE '%上海申银万国证券研究所有限公司%'`：筛选发布机构名称包含 "上海申银万国证券研究所有限公司" 的记录，使用模糊匹配以增加匹配成功率

>>>>> 查询sql:
SELECT COUNT(DISTINCT IndexCode) 
FROM indexdb.lc_indexbasicinfo 
WHERE PubOrgName LIKE '%上海申银万国证券研究所有限公司%';
查询结果:
[{"COUNT(DISTINCT IndexCode)": 31}]


>>>>> 【user】 Said:
查询SQL:
SELECT COUNT(DISTINCT IndexCode) 
FROM indexdb.lc_indexbasicinfo 
WHERE PubOrgName LIKE '%上海申银万国证券研究所有限公司%';
查询结果:
[{"COUNT(DISTINCT IndexCode)": 31}]

请理解查询结果

>>>>> Agent【Sql_query.understand_query_result】 Said:
查询结果表明: 在indexdb.lc_indexbasicinfo表中，发布机构名称包含“上海申银万国证券研究所有限公司”的记录中，共有31个不同的IndexCode。


>>>>> 【user】 Said:
查询SQL:
SELECT COUNT(DISTINCT IndexCode) 
FROM indexdb.lc_indexbasicinfo 
WHERE PubOrgName LIKE '%上海申银万国证券研究所有限公司%';
查询结果:
[{"COUNT(DISTINCT IndexCode)": 31}]

查询结果表明: 在indexdb.lc_indexbasicinfo表中，发布机构名称包含“上海申银万国证券研究所有限公司”的记录中，共有31个不同的IndexCode。

当前掌握的信息是否能够回答"请问上海申银万国证券研究所有限公司截至目前共发布了多少种指数？"？还是要继续执行下一阶段SQL查询？

>>>>> Agent【Sql_query.master】 Said:
【已知信息】
- 上海申银万国证券研究所有限公司在 `indexdb.lc_indexbasicinfo` 表中共有 31 个不同的 `IndexCode`

【当前阶段要获取的信息】
- 无

【信息所在字段】
- 无

【筛选条件所在字段】
- 无

【SQL语句的思路】
- 无

【执行SQL语句】
- 无

【上述SQL语句的含义】
- 无

当前掌握的信息已经能够回答“请问上海申银万国证券研究所有限公司截至目前共发布了多少种指数？”的问题。根据查询结果，上海申银万国证券研究所有限公司截至目前共发布了 31 种指数。无需继续执行下一阶段SQL查询。


>>>>> 【user】 Said:
充分尊重前面给出的结论，回答问题:"请问上海申银万国证券研究所有限公司截至目前共发布了多少种指数？"

>>>>> Agent【Sql_query.summary】 Said:
31种
