
>>>>> Original Question: 哪支基金的规模最大？


>>>>> 【user】 Said:
提取下面这段文字里的实体，如公司名、股票代码等，如果识别结果是空，那么就回复No Entities."哪支基金的规模最大？"

>>>>> Agent【extract_company】 Said:
No Entities.


>>>>> 【user】 Said:
已知事实:无。
下面是顺序的历史问答:
'''
Question: 华夏基金管理有限公司在19年成立了多少支基金？
Answer: 华夏基金管理有限公司在2019年成立了13支基金。
'''
现在用户继续提问，请根据已知信息，理解当前这个问题的完整含义，并重写这个问题使得单独拿出来看仍然能够正确理解：哪支基金的规模最大？

>>>>> Agent【rewrite_question】 Said:
华夏基金管理有限公司在2019年成立的13支基金中，哪支基金的规模最大？

>>>>> 已知事实:


>>>>> 【user】 Said:
请选择db，务必遵循输出的格式要求。

>>>>> Agent【Check_db_structure.db_selector】 Said:
【分析】
用户需要查询华夏基金管理有限公司在2019年成立的13支基金中，规模最大的基金。这涉及到基金的基本信息（包括成立时间和管理公司）以及基金的规模数据。公募基金数据库（publicfunddb）记录了公募基金的基本信息、产品名称、管理人概况及分红数据，应该包含所需的信息。

【选中的数据库】
- publicfunddb: 这个数据库包含公募基金的基本信息、管理人概况以及基金的规模数据。

【选中的数据库的清单】
```json
["publicfunddb"]
```


>>>>> 【user】 Said:
数据库表信息如下:
[{"表名": "publicfunddb.mf_fundarchives", "说明": "该数据表主要记录基金的基本信息、运作特性及相关规则。字段包括基金编码信息如基金内部编码、转型统一编码、基金代码及证券代码等；申购赎回相关信息如前后端申购代码、场内申购赎回场所及代码、最低认购申购金额及赎回份额限制等；基金特性描述如基金运作方式、性质、投资风格、类别及代码、投资方向、目标、范围等；收益与风险信息如业绩比较基准、风险收益特征、收益分配原则及场内外分配方式等；基金设立与存续信息如设立规模、设立日期、存续期起止、清算期等；货币基金特性如结转日及收益分配方式等；基金收益率表达及折算说明如A份额约定收益率表达式及备注、定期与不定期份额折算说明等；管理与托管信息如基金经理、管理人、托管人、保本担保机构及注册登记机构等；市场与类型特性如是否发起式基金、养老目标基金或FOF基金等；以及其他信息如最低持有份额及描述、巨额赎回认定比例、赎回款到账天数等。"}, {"表名": "publicfunddb.mf_fundprodname", "说明": "该数据表主要用于记录基金相关信息，包括基金的基础编码信息如基金内部编码和基金转型统一编码，信息属性如信息发布日期、信息来源、信息类别及披露名称，时间属性如生效日期和失效日期，以及状态标识如是否有效，辅助字段如拼音证券简称和备注，用于进一步描述或补充相关内容。"}, {"表名": "publicfunddb.mf_investadvisoroutline", "说明": "该数据表记录了基金管理公司相关信息，涵盖基本标识信息如基金公司代码、名称、简称等，法人信息如法人代表、总经理，以及公司成立日期、组织形式、注册资本等基本企业信息；地址信息包括注册地址、办公地址、联系地址及邮编；联系方式如电话、传真、邮箱、公司网址、客服热线等；还有联系人及其简历等人员信息；此外，还包括地域信息如所属地区，监管信息如注册登记代码、证监会标识码，以及存续截止日等内容。"}, {"表名": "publicfunddb.mf_dividend", "说明": "该数据表主要用于记录基金转型及分红相关信息，涵盖基金编码信息如基金转型统一编码和基金内部编码；日期信息如信息发布日期、分红实施公告日、截止日期、收益分配基准日、权益登记日、除息日、发放日、红利再投资日及其相关到账日和可赎回日；收益与分红信息如单位基金收益、单位基金未分配收益、派现比例（含税与税后）、派现金额合计、基准日基金可供分配利润、基准日应分配金额、本年单位累计分红、本年累计分红总额、本年累计分红次数、历史累计分红总额及次数；事件与方案信息如是否分红、方案变更说明、事件进程代码及事件进程；范围与来源信息如信息来源和发放范围，全面反映基金在分红及收益分配过程中的各类核心数据。"}]

请选择table，务必遵循输出的格式要求。

>>>>> Agent【Check_db_structure.table_selector】 Said:
【分析】
要找出华夏基金管理有限公司在2019年成立的13支基金中规模最大的基金，我们需要以下信息：
1. 基金的基本信息，包括成立日期和基金规模。
2. 基金管理公司的信息，以确认基金是否属于华夏基金管理有限公司。

【选中的数据表】
- publicfunddb.mf_fundarchives: 这个数据表包含基金的基本信息、运作特性及相关规则，包括设立规模和设立日期。
- publicfunddb.mf_investadvisoroutline: 这个数据表记录了基金管理公司相关信息，包括基金公司代码和名称，可以用来确认基金是否属于华夏基金管理有限公司。

【选中的数据库表的清单】
```json
["publicfunddb.mf_fundarchives", "publicfunddb.mf_investadvisoroutline"]
```


>>>>> 【user】 Said:
已取得可用的数据表的字段信息如下:
[{"表名": "publicfunddb.mf_fundarchives", "表字段": [{"column": "InnerCode", "desc": "基金内部编码；基金内部编码（InnerCode）：与“证券主表（SecuMain）”中的“证券内部编码（InnerCode）”关联，得到基金的交易代码、简称等。"}, {"column": "TransCode", "desc": "基金转型统一编码；基金转型统一编码(TransCode)是转型后的基金内码(InnerCode)，若发生多次转型，则为最新的基金内码。"}, {"column": "ApplyingCodeFront", "desc": "前端申购代码；前端申购代码（ApplyingCodeFront）：取值为场外前端申购代码>场内申赎代码（场内基金）。"}, {"column": "ApplyingCodeBack", "desc": "后端申购代码"}, {"column": "SecurityCode", "desc": "基金代码"}, {"column": "SecuCode", "desc": "证券代码"}, {"column": "MainCode", "desc": "基金主代码；基金主代码（MainCode）：该字段记录基金季报中公布的基金主代码信息，当基金为非分级基金或分级基金主代码时，该字段与基金代码（SecurityCode）一致。"}, {"column": "ExApplyingMarket", "desc": "场内申购赎回场所；场内申购赎回场所(ExApplyingMarket)与(CT_SystemConst)表中的DM字段关联，令LB = 201 AND DM IN (90,83)，得到场内申购赎回场所的具体描述：83-上海证券交易所，90-深圳证券交易所。"}, {"column": "ExApplyingCode", "desc": "场内申购赎回代码"}, {"column": "ExApplyingAbbr", "desc": "场内申购赎回简称"}, {"column": "Type", "desc": "基金运作方式；基金运作方式(Type)与(CT_SystemConst)表中的DM字段关联，令LB = 1210 AND DM IN(1,2,3,4,6,7,8)，得到基金运作方式的具体描述：1-契约型封闭式，2-开放式，3-LOF，4-ETF，6-创新型封闭式，7-开放式(带固定封闭期)，8-ETF联接基金。"}, {"column": "FundNature", "desc": "基金性质；基金性质(FundNature)与(CT_SystemConst)表中的DM字段关联，令LB = 1485，得到基金性质的具体描述：1-常规基金，2-QDII基金，3-互认基金。"}, {"column": "InvestmentType", "desc": "是否指数型；是否指数型(InvestmentType)与(CT_SystemConst)表中的DM字段关联，令LB = 1094 AND DM IN (7,8,16)，得到是否指数型的具体描述：7-指数型，8-优化指数型，16-非指数型。"}, {"column": "InvestStyle", "desc": "基金投资风格；基金投资风格(InvestStyle)与(CT_SystemConst)表中的DM字段关联，令LB = 1093，得到基金投资风格的具体描述：1-普通股票型，2-指数型，3-配置型，4-货币市场，5-积极债券型，6-债券型，7-普通债券型，8-短债型，9-保本型，10-积极配置型，11-保守混合型，12-偏股型，13-偏债型，14-中短债型，15-特殊策略型，16-标准混合型，17-QDII，20-封闭式基金，21-大规模封闭式基金，22-小规模封闭式基金，23-普通股票型(封闭)，24-标准混合型基金(封闭)，25-积极债券型(封闭)，26-普通债券型基金(封闭)，27-积极配置型(封闭)，29-其它(封闭)，30-亚太区不包括日本股票，31-大中华区股票，32-新兴市场股票，33-环球股票，34-行业股票，35-美国股票，36-环球股债混合，37-环球债券，38-商品(QDII)，39-可转债型，40-纯债型，41-纯债型(封闭)，42-混合型，43-混合型(封闭)，44-可转债型(封闭)，45-债券型(封闭)，46-股票型(QDII)，47-混合型(QDII)，48-债券型(QDII)，49-保守混合型(封闭)，50-商品基金(QDII)，51-货币型，52-短债型(封闭)，53-市场中性策略，54-市场中性策略(封闭)，55-商品，56-另类，57-另类(封闭)，58-其它(QDII)，59-灵活配置型，60-灵活配置型(封闭)，61-亚洲股债混合，62-大中华区股债混合，63-全球新兴市场股债混合，64-行业股票-医药，65-行业股票-科技、传媒及通讯，66-沪港深股票型，67-沪港深混合型，68-沪港深混合型(封闭)，69-债券型QDII(封闭)，70-FOF，71-其他债券，72-亚洲不包括日本股票-货币对冲，73-中国股票，74-亚太区股票，75-环球债券(封闭)，76-亚洲债券，77-股票型基金，78-可转债基金，79-保本基金，80-商品基金，81-其它，82-其它基金(QDII)，83-债券型基金，84-香港股票型基金，85-行业股票-消费，86-行业股票-金融地产，87-行业混合-消费，88-行业混合-医药，89-行业混合-科技、传媒及通讯，90-沪港深积极配置型，91-沪港深保守混合型，92-沪港深灵活配置型，93-目标日期，94-商品-贵金属，95-商品-其它，96-沪港深积极配置型(封闭)，97-沪港深保守混合型(封闭)，98-沪港深灵活配置型(封闭)，99-其他型，100-环球债券 - 美元对冲，101-行业混合 - 科技、传媒及通讯（封闭式），102-美元积极型股债混合，103-科技股票，104-新兴市场债券，105-大中华股票，106-亚洲高收益债券，107-其他行业股票，108-大中华高收益债券，109-亚洲不包括日本股票，110-其他股债混合，111-美元灵活配置型，112-信用债(封闭)，113-信用债，114-行业股票-其它，115-行业混合-医药(封闭)，116-利率债，117-利率债(封闭)，118-香港股票型基金(封闭式)，119-大盘成长股票，120-大盘平衡股票，121-大盘价值股票，122-中盘成长股票，123-中盘平衡股票，124-积极配置-大盘成长，125-积极配置-大盘平衡，126-积极配置-中小盘，127-沪港深积极配置，128-港股积极配置，129-基础设施REITs（废弃），130-积极配置-大盘平衡(封闭式)，131-大盘平衡股票(封闭式)，132-大盘成长股票(封闭式)，133-积极配置-大盘成长(封闭式)，134-积极配置-中小盘(封闭式)，135-QDII环球股票，136-QDII环球债券，137-QDII行业股票，138-QDII美国股票，139-QDII大中华区股票，140-QDII全球新兴市场股债混合，141-QDII亚洲股债混合，142-QDII新兴市场股票，143-环球新兴市场债券，144-美元激进配置型，145-QDII环球股债混合，146-QDII大中华区股债混合，147-QDII亚太区不包括日本股票，148-QDII环球债券(封闭式)，149-QDII其它，150-QDII商品，151-沪港深股票(封闭)，152-基础设施REITs(封闭)，155-行业混合-消费(封闭式)。"}, {"column": "FundType", "desc": "基金类别"}, {"column": "FundTypeCode", "desc": "基金类别代码；基金类别代码(FundTypeCode)与(CT_SystemConst)表中的DM字段关联，令LB = 1249 AND DM NOT IN (1110,1111,1112)，得到基金类别代码的具体描述：1101-股票型，1103-混合型，1105-债券型，1107-保本型，1109-货币型，1199-其他型，1200-基础设施证券投资基金。"}, {"column": "InvestOrientation", "desc": "基金投资方向"}, {"column": "InvestTarget", "desc": "基金投资目标"}, {"column": "InvestField", "desc": "基金投资范围"}, {"column": "PerformanceBenchMark", "desc": "业绩比较基准"}, {"column": "RiskReturncharacter", "desc": "风险收益特征"}, {"column": "ProfitDistributionRule", "desc": "收益分配原则"}, {"column": "ExProfitDistri", "desc": "场内收益分配方式；场内收益分配方式(ExProfitDistri)与(CT_SystemConst)表中的DM字段关联，令LB = 1989，得到场内收益分配方式的具体描述：1-现金分红，2-红利再投资，3-现金分红或红利再投资，4-不分配。"}, {"column": "OTCProfitDistri", "desc": "场外收益分配方式；场外收益分配方式(OTCProfitDistri)与(CT_SystemConst)表中的DM字段关联，令LB = 1989，得到场外收益分配方式的具体描述：1-现金分红，2-红利再投资，3-现金分红或红利再投资，4-不分配。"}, {"column": "BriefIntro", "desc": "基金简介"}, {"column": "FloatType", "desc": "发售方式；发售方式(FloatType)与(CT_SystemConst)表中的DM字段关联，令LB = 1652，得到发售方式的具体描述：1-场内，2-场外，3-场内和场外。"}, {"column": "FoundedSize", "desc": "基金设立规模(份)"}, {"column": "EstablishmentDate", "desc": "设立日期"}, {"column": "EstablishmentDateII", "desc": "转型前设立日期"}, {"column": "ListedDate", "desc": "上市日期"}, {"column": "Duration", "desc": "存续年限(年)"}, {"column": "StartDate", "desc": "存续期起始日"}, {"column": "ExpireDate", "desc": "存续期截止日；存续期截止日（ExpireDate）：优先取契约型封闭式基金的存续期截止日，其次取基金的清算日>合同失效日。"}, {"column": "LastOperationDate", "desc": "最后运作日；最后运作日（LastOperationDate）：指基金的最后运作日，一般是净值的最后披露日，是清算日的前一个工作日。"}, {"column": "StClearingDate", "desc": "清算起始日"}, {"column": "EnClearingDate", "desc": "清算截止日"}, {"column": "GuaranteedPeriod", "desc": "保本型基金保本期(月)"}, {"column": "CarryOverDate", "desc": "货币基金结转日；货币基金结转日(CarryOverDate)与(CT_SystemConst)表中的DM字段关联，令LB = 1250，得到货币基金结转日的具体描述：1-每月1日，2-每月2日，3-每月3日，4-每月4日，5-每月5日，6-每月6日，7-每月7日，8-每月8日，9-每月9日，10-每月10日，11-每月11日，12-每月12日，13-每月13日，14-每月14日，15-每月15日，16-每月16日，17-每月17日，18-每月18日，19-每月19日，20-每月20日，21-每月21日，22-每月22日，23-每月23日，24-每月24日，25-每月25日，26-每月26日，27-每月27日，28-每月28日，29-每月29日，30-每月30日，31-每月31日，400-每月，401-每月第一个工作日，402-每月初，429-每月倒数第二个工作日，430-每月最后一个工作日，431-每月末，441-运作期到期日（遇节假日顺延），442-运作期最后一个工作日，443-运作期满下一个工作日，500-运作期内每7个自然日，600-每季，601-每季度末月21号，999-每日。"}, {"column": "CarryOverDateRemark", "desc": "货币基金结转日说明"}, {"column": "CarryOverType", "desc": "货币基金收益分配方式(份额结转方式)；货币基金收益分配方式(份额结转方式)(CarryOverType)与(CT_SystemConst)表中的DM字段关联，令LB = 1273，得到货币基金收益分配方式(份额结转方式)的具体描述：1-按日结转，30-按月结转，99-按期结转。"}, {"column": "AgrBenchmkRateOfShareA", "desc": "A份额约定年基准收益率表达式；A份额约定年基准收益率表达式（AgrBenchmkRateOfShareA）：本表该字段已停止维护，此信息在分级基金主表（MF_GradedFund）中“A份额约定年基准收益表达式（AnnualEarningExp）”字段维护。"}, {"column": "AgrBenchmkRateOfShareANotes", "desc": "A份额约定年基准收益率表达式备注；A份额约定年基准收益率表达式备注（AgrBenchmkRateOfShareANotes）：本表该字段已停止维护，此信息在分级基金主表（MF_GradedFund）中“A份额约定年基准收益表达式备注（AnnualEarningRemark）”字段维护。"}, {"column": "ShareProperties", "desc": "份额属性；份额属性(ShareProperties)与(CT_SystemConst)表中的DM字段关联，令LB = 1651，得到份额属性的具体描述：1-稳健型，2-进取型。"}, {"column": "RegularShareConversionNotes", "desc": "定期份额折算说明；定期份额折算说明（RegularShareConversionNotes）：本表该字段已停止维护，此信息在分级基金主表（MF_GradedFund）中“定期份额折算说明（RegularShareCon）”字段维护。"}, {"column": "NonRegularShareConversionNotes", "desc": "不定期份额折算说明；不定期份额折算说明（NonRegularShareConversionNotes）：本表该字段已停止维护，此信息在分级基金主表（MF_GradedFund）中“不定份额折算说明（TrampShareCon）”字段维护。"}, {"column": "Manager", "desc": "基金经理"}, {"column": "InvestAdvisorCode", "desc": "基金管理人；基金管理人代码（InvestAdvisorCode）：与“基金管理人概况表（MF_InvestAdvisorOutline）”中的“基金管理人名称编号（InvestAdvisorCode）”关联，得到基金管理人的具体名称。"}, {"column": "TrusteeCode", "desc": "基金托管人；基金托管人代码（TrusteeCode）：与“基金托管人概况表（MF_TrusteeOutline）”中的“基金托管人名称编号（TrusteeCode）”关联，得到基金托管人的具体名称。"}, {"column": "Warrantor", "desc": "保本担保机构"}, {"column": "RegInstCode", "desc": "注册登记机构；注册登记机构（RegInstCode）：与“机构基本资料（LC_InstiArchive）”中“企业编号（CompanyCode）”关联，得到注册登记机构基本信息。"}, {"column": "LowestSumSubscribing", "desc": "最低认购申购金额描述"}, {"column": "LowestSumSubLL", "desc": "最低认购金额下限(元)；最低认购金额下限（元）（LowestSumSubLL）：取值为不同认购平台最低认购金额的最小值。"}, {"column": "LowestSumPurLL", "desc": "最低申购金额下限(元)；申赎确认日(PRconfirmationdate)：该字段的数值含义指的是T+n，1代表T+1,2代表T+2，以此类推。针对ETF基金，维护现金差额清算或者现金替代日。"}, {"column": "LowestSumRedemption", "desc": "最低赎回份额(份)"}, {"column": "LSFRDescription", "desc": "最低赎回份额描述"}, {"column": "LowestSumForHolding", "desc": "最低持有份额(份)"}, {"column": "LSFHDescription", "desc": "最低持有份额描述"}, {"column": "LargeRedemptionRatio", "desc": "巨额赎回认定比例"}, {"column": "PRconfirmationdate", "desc": "申赎确认日；赎回款到账天数(DeliveryDays)：指一般基金的赎回款到账日。针对ETF基金，维护现金差额交收日。"}, {"column": "DeliveryDays", "desc": "赎回款到账天数；风险收益特征代码(RiskReturnCode)与(CT_SystemConst)表中的DM字段关联，令LB = 1651，得到风险收益特征代码的具体描述：1-稳健型，2-进取型。"}, {"column": "CustodyMarket", "desc": "转托管市场；转托管市场(CustodyMarket)与(CT_SystemConst)表中的DM字段关联，令LB = 201 AND DM IN (83, 90)，得到转托管市场的具体描述：83-上海证券交易所，90-深圳证券交易所。"}, {"column": "IfInitiatingFund", "desc": "是否发起式基金；是否发起式基金(IfInitiatingFund)：1-否，2-是。"}, {"column": "IfPensionTarget", "desc": "是否养老目标基金；是否养老目标基金(IfPensionTarget)与(CT_SystemConst)表中的DM字段关联，令LB = 999 AND DM IN (1,2)，得到是否养老目标基金的具体描述：1-是，2-否。"}, {"column": "IfFOF", "desc": "是否FOF；是否FOF(IfFOF)与(CT_SystemConst)表中的DM字段关联，令LB = 999 AND DM IN(1,2)，得到是否FOF的具体描述：1-是，2-否。"}]}, {"表名": "publicfunddb.mf_investadvisoroutline", "表字段": [{"column": "InvestAdvisorCode", "desc": "基金公司代码；基金管理人编码(InvestAdvisorCode)：与机构基本资料(LC_InstiArchive)表的企业编号(CompanyCode)字段关联，可查询基金管理人中文名称、英文名称、组织机构代码等基本信息。"}, {"column": "InvestAdvisorName", "desc": "基金管理人名称"}, {"column": "InvestAdvisorAbbrName", "desc": "基金管理人简称"}, {"column": "LegalRepr", "desc": "法人代表"}, {"column": "GeneralManager", "desc": "总经理"}, {"column": "EstablishmentDate", "desc": "公司成立日期"}, {"column": "OrganizationForm", "desc": "组织形式；组织形式(OrganizationForm)与(CT_SystemConst)表中的DM字段关联，令LB = 1133 and DM in (100,150,159,160,210,310,900)，得到组织形式的具体描述：100-内资企业，150-有限责任公司，159-其他有限责任公司，160-股份有限公司，210-港澳台合资经营企业，310-中外合资经营企业，900-其他性质。"}, {"column": "RegCapital", "desc": "注册资本(元)"}, {"column": "RegAddr", "desc": "公司注册地址"}, {"column": "OfficeAddr", "desc": "公司办公地址"}, {"column": "ZipCode", "desc": "邮编"}, {"column": "Email", "desc": "邮箱"}, {"column": "ContactAddr", "desc": "公司联系地址"}, {"column": "Tel", "desc": "电话"}, {"column": "Fax", "desc": "传真"}, {"column": "WebSite", "desc": "公司网址"}, {"column": "LinkMan", "desc": "联系人"}, {"column": "Background", "desc": "简历"}, {"column": "Region", "desc": "所属地区；注1"}, {"column": "ServiceLine", "desc": "客服热线"}, {"column": "MaturityEndDate", "desc": "存续截止日"}, {"column": "TACode", "desc": "注册登记代码"}, {"column": "CSRCCode", "desc": "证监会标识码"}]}, {"表名": "constantdb.secumain", "表字段": [{"column": "InnerCode", "desc": "证券内部编码"}, {"column": "CompanyCode", "desc": "公司代码；公司代码(CompanyCode)：当本表SecuCategory IN (8,13)即基金相关时，对应的基金管理人代码可通过本表InnerCode关联MF_FundArchives.InnerCode，取MF_FundArchives.InvestAdvisorCode"}, {"column": "SecuCode", "desc": "证券代码"}, {"column": "ChiName", "desc": "中文名称"}, {"column": "ChiNameAbbr", "desc": "中文名称缩写"}, {"column": "EngName", "desc": "英文名称"}, {"column": "EngNameAbbr", "desc": "英文名称缩写"}, {"column": "SecuAbbr", "desc": "证券简称"}]}, {"表名": "constantdb.hk_secumain", "表字段": [{"column": "InnerCode", "desc": "证券内部编码"}, {"column": "CompanyCode", "desc": "公司代码"}, {"column": "SecuCode", "desc": "证券代码"}, {"column": "ChiName", "desc": "中文名称"}, {"column": "ChiNameAbbr", "desc": "中文名称缩写"}, {"column": "EngName", "desc": "英文名称"}, {"column": "EngNameAbbr", "desc": "英文名称缩写"}, {"column": "SecuAbbr", "desc": "证券简称"}, {"column": "FormerName", "desc": "曾用名"}, {"column": "InnerCode", "desc": "证券内部编码"}, {"column": "CompanyCode", "desc": "公司代码"}, {"column": "SecuCode", "desc": "证券代码"}, {"column": "ChiName", "desc": "中文名称"}, {"column": "ChiNameAbbr", "desc": "中文名称缩写"}, {"column": "EngName", "desc": "英文名称"}, {"column": "EngNameAbbr", "desc": "英文名称缩写"}, {"column": "SecuAbbr", "desc": "证券简称"}, {"column": "FormerName", "desc": "曾用名"}]}, {"表名": "constantdb.us_secumain", "表字段": [{"column": "InnerCode", "desc": "证券内部编码"}, {"column": "SecuCode", "desc": "证券代码"}, {"column": "SecuAbbr", "desc": "证券简称"}, {"column": "CompanyCode", "desc": "公司代码"}, {"column": "EngName", "desc": "英文名称"}, {"column": "ChiName", "desc": "中文名称"}]}, {"表名": "constantdb.ct_systemconst", "表字段": [{"column": "LB", "desc": "常量分类编码"}, {"column": "LBMC", "desc": "常量分类名称"}, {"column": "MS", "desc": "常量描述"}, {"column": "DM", "desc": "常量代码"}, {"column": "LB", "desc": "常量分类编码"}, {"column": "LBMC", "desc": "常量分类名称"}, {"column": "MS", "desc": "常量描述"}, {"column": "DM", "desc": "常量代码"}]}, {"表名": "astockindustrydb.lc_conceptlist", "表字段": [{"column": "ClassCode", "desc": "所属1级概念代码"}, {"column": "ClassName", "desc": "所属1级概念名称"}, {"column": "SubclassCode", "desc": "所属2级概念代码"}, {"column": "SubclassName", "desc": "所属2级概念名称"}, {"column": "ConceptCode", "desc": "所属概念板块编码"}, {"column": "ConceptName", "desc": "概念名称"}, {"column": "ConceptEngName", "desc": "概念英文名称"}]}]

请选择column，务必遵循输出的格式要求。

>>>>> Agent【Check_db_structure.columns_selector】 Said:
【分析】
用户提问要求找出华夏基金管理有限公司在2019年成立的13支基金中，规模最大的基金。因此，需要找到以下信息：
1. 华夏基金管理有限公司的基金代码或名称。
2. 2019年成立的基金。
3. 基金的规模信息。

【信息所在字段】
- publicfunddb.mf_investadvisoroutline.InvestAdvisorName: 这个字段可能包含基金公司名称，对应用户提问中的“华夏基金管理有限公司”。
- publicfunddb.mf_fundarchives.EstablishmentDate: 这个字段可能包含基金的成立日期，对应用户提问中的“2019年成立的基金”。
- publicfunddb.mf_fundarchives.FoundedSize: 这个字段可能包含基金的设立规模，对应用户提问中的“规模最大的基金”。

【筛选条件所在字段】
- publicfunddb.mf_fundarchives.InvestAdvisorCode: 这个字段与基金公司代码关联，用于筛选华夏基金管理有限公司的基金。
- publicfunddb.mf_investadvisoroutline.InvestAdvisorCode: 这个字段与基金公司代码关联，用于筛选华夏基金管理有限公司的基金。

【选中的字段的清单】
```json
{
  "publicfunddb.mf_investadvisoroutline": ["InvestAdvisorName", "InvestAdvisorCode"],
  "publicfunddb.mf_fundarchives": ["EstablishmentDate", "FoundedSize", "InvestAdvisorCode"]
}
```


>>>>> 【user】 Said:
之前已查询到信息如下:
查询结果表明: 查询到的基金管理人名称为“华夏基金管理有限公司”的基金公司代码（InvestAdvisorCode）为41511。
---
查询结果表明: 在publicfunddb.mf_fundarchives表中，基金管理人代码（InvestAdvisorCode）为41511的基金中，设立日期（EstablishmentDate）在2019年的基金共有13个。

请问:华夏基金管理有限公司在2019年成立的13支基金中，哪支基金的规模最大？

>>>>> Agent【Sql_query.master】 Said:
【已知信息】
- 华夏基金管理有限公司的基金公司代码（InvestAdvisorCode）为41511。
- 在2019年，华夏基金管理有限公司共成立了13支基金。

【当前阶段要获取的信息】
- 华夏基金管理有限公司在2019年成立的13支基金中，规模最大的基金。

【信息所在字段】
- 基金设立规模（FoundedSize）

【筛选条件所在字段】
- 基金管理人代码（InvestAdvisorCode）
- 设立日期（EstablishmentDate）

【SQL语句的思路】
- 从`publicfunddb.mf_fundarchives`表中筛选出基金管理人代码为41511且设立日期在2019年的基金。
- 按照基金设立规模（FoundedSize）降序排列，取规模最大的基金。

【执行SQL语句】
```exec_sql
SELECT MAX(FoundedSize) AS MaxSize
FROM publicfunddb.mf_fundarchives
WHERE InvestAdvisorCode = '41511'
AND YEAR(EstablishmentDate) = 2019
```

【上述SQL语句的含义】
- 从`publicfunddb.mf_fundarchives`表中筛选出基金管理人代码为41511且设立日期在2019年的基金。
- 计算这些基金中设立规模的最大值。

>>>>> 查询sql:
SELECT MAX(FoundedSize) AS MaxSize
FROM publicfunddb.mf_fundarchives
WHERE InvestAdvisorCode = '41511'
AND YEAR(EstablishmentDate) = 2019;
查询结果:
[{"MaxSize": 7100879338.64}]


>>>>> 【user】 Said:
查询SQL:
SELECT MAX(FoundedSize) AS MaxSize
FROM publicfunddb.mf_fundarchives
WHERE InvestAdvisorCode = '41511'
AND YEAR(EstablishmentDate) = 2019;
查询结果:
[{"MaxSize": 7100879338.64}]
请理解查询结果

>>>>> Agent【Sql_query.understand_query_result】 Said:
查询结果表明: 在2019年设立的、由基金管理人代码为'41511'的基金管理人所管理的基金中，基金设立规模(份)的最大值为7100879338.64份。


>>>>> 【user】 Said:
查询SQL:
SELECT MAX(FoundedSize) AS MaxSize
FROM publicfunddb.mf_fundarchives
WHERE InvestAdvisorCode = '41511'
AND YEAR(EstablishmentDate) = 2019;
查询结果:
[{"MaxSize": 7100879338.64}]
查询结果表明: 在2019年设立的、由基金管理人代码为'41511'的基金管理人所管理的基金中，基金设立规模(份)的最大值为7100879338.64份。

当前掌握的信息是否能够回答"华夏基金管理有限公司在2019年成立的13支基金中，哪支基金的规模最大？"？还是要继续执行下一阶段SQL查询？

>>>>> Agent【Sql_query.master】 Said:
【已知信息】
- 华夏基金管理有限公司的基金公司代码（InvestAdvisorCode）为41511。
- 在2019年，华夏基金管理有限公司共成立了13支基金。
- 这些基金中，基金设立规模的最大值为7100879338.64份。

【当前阶段要获取的信息】
- 具体是哪支基金的规模为7100879338.64份。

【信息所在字段】
- 基金代码（FundCode）或其他能唯一标识基金的字段。

【筛选条件所在字段】
- 基金管理人代码（InvestAdvisorCode）
- 设立日期（EstablishmentDate）
- 基金设立规模（FoundedSize）

【SQL语句的思路】
- 从`publicfunddb.mf_fundarchives`表中筛选出基金管理人代码为41511且设立日期在2019年的基金。
- 找出基金设立规模为7100879338.64份的基金，获取其基金代码。

【执行SQL语句】
```exec_sql
SELECT FundCode
FROM publicfunddb.mf_fundarchives
WHERE InvestAdvisorCode = '41511'
AND YEAR(EstablishmentDate) = 2019
AND FoundedSize = 7100879338.64
```

【上述SQL语句的含义】
- 从`publicfunddb.mf_fundarchives`表中筛选出基金管理人代码为41511且设立日期在2019年的基金。
- 进一步筛选出基金设立规模为7100879338.64份的基金，并获取其基金代码。

>>>>> 查询sql:
SELECT FundCode
FROM publicfunddb.mf_fundarchives
WHERE InvestAdvisorCode = '41511'
AND YEAR(EstablishmentDate) = 2019
AND FoundedSize = 7100879338.64;
查询失败: 查询执行失败: (mysql.connector.errors.ProgrammingError) 1054 (42S22): Unknown column 'FundCode' in 'field list'
[SQL: SELECT FundCode
FROM publicfunddb.mf_fundarchives
WHERE InvestAdvisorCode = '41511'
AND YEAR(EstablishmentDate) = 2019
AND FoundedSize = 7100879338.64;]
(Background on this error at: https://sqlalche.me/e/20/f405)


>>>>> 【user】 Said:
查询SQL:
SELECT FundCode
FROM publicfunddb.mf_fundarchives
WHERE InvestAdvisorCode = '41511'
AND YEAR(EstablishmentDate) = 2019
AND FoundedSize = 7100879338.64;
查询发生异常：查询执行失败: (mysql.connector.errors.ProgrammingError) 1054 (42S22): Unknown column 'FundCode' in 'field list'
[SQL: SELECT FundCode
FROM publicfunddb.mf_fundarchives
WHERE InvestAdvisorCode = '41511'
AND YEAR(EstablishmentDate) = 2019
AND FoundedSize = 7100879338.64;]
(Background on this error at: https://sqlalche.me/e/20/f405)
请修正

>>>>> Agent【Sql_query.master】 Said:
【已知信息】
- 华夏基金管理有限公司的基金公司代码（InvestAdvisorCode）为41511。
- 在2019年，华夏基金管理有限公司共成立了13支基金。
- 这些基金中，基金设立规模的最大值为7100879338.64份。

【当前阶段要获取的信息】
- 具体是哪支基金的规模为7100879338.64份。

【信息所在字段】
- 基金代码（FundCode）或其他能唯一标识基金的字段。

【筛选条件所在字段】
- 基金管理人代码（InvestAdvisorCode）
- 设立日期（EstablishmentDate）
- 基金设立规模（FoundedSize）

【SQL语句的思路】
- 由于`FundCode`字段不存在，需要确认`publicfunddb.mf_fundarchives`表中能唯一标识基金的字段。
- 从`publicfunddb.mf_fundarchives`表中筛选出基金管理人代码为41511且设立日期在2019年的基金。
- 找出基金设立规模为7100879338.64份的基金，获取其唯一标识字段。

【执行SQL语句】
```exec_sql
SELECT FundArchiveCode
FROM publicfunddb.mf_fundarchives
WHERE InvestAdvisorCode = '41511'
AND YEAR(EstablishmentDate) = 2019
AND FoundedSize = 7100879338.64
```

【上述SQL语句的含义】
- 从`publicfunddb.mf_fundarchives`表中筛选出基金管理人代码为41511且设立日期在2019年的基金。
- 进一步筛选出基金设立规模为7100879338.64份的基金，并获取其基金档案代码（FundArchiveCode）作为唯一标识。

>>>>> 查询sql:
SELECT FundArchiveCode
FROM publicfunddb.mf_fundarchives
WHERE InvestAdvisorCode = '41511'
AND YEAR(EstablishmentDate) = 2019
AND FoundedSize = 7100879338.64;
查询失败: 查询执行失败: (mysql.connector.errors.ProgrammingError) 1054 (42S22): Unknown column 'FundArchiveCode' in 'field list'
[SQL: SELECT FundArchiveCode
FROM publicfunddb.mf_fundarchives
WHERE InvestAdvisorCode = '41511'
AND YEAR(EstablishmentDate) = 2019
AND FoundedSize = 7100879338.64;]
(Background on this error at: https://sqlalche.me/e/20/f405)


>>>>> 【user】 Said:
查询SQL:
SELECT FundArchiveCode
FROM publicfunddb.mf_fundarchives
WHERE InvestAdvisorCode = '41511'
AND YEAR(EstablishmentDate) = 2019
AND FoundedSize = 7100879338.64;
查询发生异常：查询执行失败: (mysql.connector.errors.ProgrammingError) 1054 (42S22): Unknown column 'FundArchiveCode' in 'field list'
[SQL: SELECT FundArchiveCode
FROM publicfunddb.mf_fundarchives
WHERE InvestAdvisorCode = '41511'
AND YEAR(EstablishmentDate) = 2019
AND FoundedSize = 7100879338.64;]
(Background on this error at: https://sqlalche.me/e/20/f405)
请修正

>>>>> Agent【Sql_query.master】 Said:
【已知信息】
- 华夏基金管理有限公司的基金公司代码（InvestAdvisorCode）为41511。
- 在2019年，华夏基金管理有限公司共成立了13支基金。
- 这些基金中，基金设立规模的最大值为7100879338.64份。

【当前阶段要获取的信息】
- 具体是哪支基金的规模为7100879338.64份。

【信息所在字段】
- 需要确认`publicfunddb.mf_fundarchives`表中能唯一标识基金的字段。

【筛选条件所在字段】
- 基金管理人代码（InvestAdvisorCode）
- 设立日期（EstablishmentDate）
- 基金设立规模（FoundedSize）

【SQL语句的思路】
- 由于`FundCode`和`FundArchiveCode`字段均不存在，需要确认`publicfunddb.mf_fundarchives`表中能唯一标识基金的字段。
- 从`publicfunddb.mf_fundarchives`表中筛选出基金管理人代码为41511且设立日期在2019年的基金。
- 找出基金设立规模为7100879338.64份的基金，获取其唯一标识字段。

【执行SQL语句】
```exec_sql
SELECT *
FROM publicfunddb.mf_fundarchives
WHERE InvestAdvisorCode = '41511'
AND YEAR(EstablishmentDate) = 2019
AND FoundedSize = 7100879338.64
LIMIT 1
```

【上述SQL语句的含义】
- 从`publicfunddb.mf_fundarchives`表中筛选出基金管理人代码为41511且设立日期在2019年的基金。
- 进一步筛选出基金设立规模为7100879338.64份的基金，并获取其所有字段信息，以便确认唯一标识字段。

请确认`publicfunddb.mf_fundarchives`表中能唯一标识基金的字段，以便进行下一步精确查询。

>>>>> 查询sql:
SELECT *
FROM publicfunddb.mf_fundarchives
WHERE InvestAdvisorCode = '41511'
AND YEAR(EstablishmentDate) = 2019
AND FoundedSize = 7100879338.64
LIMIT 1;
查询结果:
[{"ID": 627732555848, "InnerCode": 264422, "EstablishmentDate": "2019-12-20 12:00:00.000", "ListedDate": null, "Duration": null, "StartDate": "2019-12-20 12:00:00.000", "ExpireDate": null, "Manager": "张海静 ", "InvestAdvisorCode": 41511, "TrusteeCode": 2437, "Warrantor": null, "Type": 7, "InvestmentType": 16, "InvestStyle": 117, "FoundedSize": 7100879338.64, "InvestOrientation": "    封闭期投资策略：在封闭期内，本基金将采用持有到期策略构建投资组合，并确保标的证券到期日或回售日不晚于封闭期到期日。其中，含回售权的债券，基金管理人需提前确定回售或到期时间，确保能在封闭期结束前回售或到期。\r\n    在基金运作过程中，基于持有人利益优先原则，且不违反《企业会计准则》的前提下，基金管理人可以处置已经违约或信用风险升高的投资标的，以减少因信用风险造成的损失。此外，如法律法规或中国证监会调整投资比例限制或禁止基金投资部分品种，基金管理人可以对持有的标的进行相应调整。\r\n    开放期投资策略：在开放期，本基金原则上将使基金资产保持现金状态。基金管理人将采取各种有效管理措施，保障基金运作安排，防范流动性风险，满足开放期流动性的需求，并做好应付极端情况下巨额赎回的准备。", "InvestTarget": "    在力求安全性的前提下，追求稳定的绝对回报。", "PerformanceBenchMark": "同期三年期银行定期存款利率（税后）+1.8%", "ProfitDistributionRule": "本基金收益分配方式为现金分红；基金收益分配后基金份额净值不能低于面值；即基金收益分配基准日的基金份额净值减去每单位基金份额收益分配金额后不能低于面值；本基金每份基金份额享有同等分配权。", "InvestField": "    本基金的投资范围为具有良好流动性的金融工具，包括债券（包括国债、央行票据、金融债、次级债、地方政府债、企业债、公司债、中期票据、短期融资券、可分离交易可转债的纯债部分及其他经中国证监会允许投资的债券）、资产支持证券、债券回购、银行存款、货币市场工具（含同业存单）以及法律法规或中国证监会允许基金投资的其他金融工具（但须符合中国证监会相关规定）。本基金不投资于股票。\r\n    如法律法规或监管机构以后允许基金投资其他品种，基金管理人在履行适当程序后，可以将其纳入投资范围。\r\n    本基金的投资组合比例为：本基金投资于债券的比例不低于基金资产的80%（开放期开始前3个月至开放期结束后3个月内不受此比例限制）。开放期内，本基金每个交易日日终保持不低于基金资产净值5%的现金或者到期日在一年以内的政府债券；在封闭期内，本基金不受上述5%的限制。其中，现金不包括结算备付金、存出保证金和应收申购款等。\r\n    如法律法规或中国证监会变更上述投资品种的比例限制，以变更后的比例为准，本基金的投资比例会做相应调整。", "BriefIntro": "    本基金已获中国证监会2019年11月7日证监许可[2019]2250号文准予注册。本基金自2019年11月25日至2019年12月6日通过基金份额发售机构公开发售。本基金的基金管理人：华夏基金管理有限公司；基金托管人：中国建设银行股份有限公司；注册登记机构：华夏基金管理有限公司。", "XGRQ": "2023-06-01 02:36:34.477", "JSID": 738997736940, "ApplyingCodeFront": "008349", "ApplyingCodeBack": null, "GuaranteedPeriod": null, "RiskReturncharacter": "本基金为债券型基金，其预期风险和预期收益低于股票基金和混合型基金，高于货币市场基金。", "LowestSumSubscribing": "通过基金管理人直销机构及华夏财富认购本基金的单笔认购金额不得低于1元。通过直销机构或华夏财富办理本基金的申购业务，每次最低申购金额为1元。", "LowestSumRedemption": 1.0, "LSFRDescription": "每次赎回申请不得低于1份基金份额。", "LowestSumForHolding": 1.0, "LSFHDescription": "基金份额持有人赎回时或赎回后在直销机构或华夏财富保留的基金份额余额不足1份的，在赎回时需一次全部赎回。", "FundNature": 1, "FundTypeCode": 1105, "FundType": "债券型", "CarryOverDate": null, "CarryOverDateRemark": null, "CarryOverType": null, "RegInstCode": 41511, "SecurityCode": "008349", "DeliveryDays": 7, "RiskReturnCode": null, "FloatType": 2, "CustodyMarket": null, "OperationPeriod": null, "OperationPDUnitCode": null, "OperationPDUnitName": null, "IfInitiatingFund": 1, "ClassificationFundType": null, "AgrBenchmkRateOfShareA": null, "AgrBenchmkRateOfShareANotes": null, "RegularShareConversionNotes": null, "NonRegularShareConversionNotes": null, "ExApplyingMarket": null, "ExApplyingCode": null, "ExApplyingAbbr": null, "ShareProperties": null, "StClearingDate": null, "EnClearingDate": null, "LowestSumSubLL": 1.0, "LowestSumPurLL": 1.0, "MainCode": "008349", "ExProfitDistri": null, "OTCProfitDistri": 1, "IfFOF": 2, "IfPensionTarget": 2, "PRconfirmationdate": 1, "EstablishmentDateII": null, "InsertTime": "2021-04-28 11:22:20.143", "TransCode": 264422, "LargeRedemptionRatio": 0.2, "LastOperationDate": null, "SecuCode": "008349"}]


>>>>> 【user】 Said:
查询SQL:
SELECT *
FROM publicfunddb.mf_fundarchives
WHERE InvestAdvisorCode = '41511'
AND YEAR(EstablishmentDate) = 2019
AND FoundedSize = 7100879338.64
LIMIT 1;
查询结果:
[{"ID": 627732555848, "InnerCode": 264422, "EstablishmentDate": "2019-12-20 12:00:00.000", "ListedDate": null, "Duration": null, "StartDate": "2019-12-20 12:00:00.000", "ExpireDate": null, "Manager": "张海静 ", "InvestAdvisorCode": 41511, "TrusteeCode": 2437, "Warrantor": null, "Type": 7, "InvestmentType": 16, "InvestStyle": 117, "FoundedSize": 7100879338.64, "InvestOrientation": "    封闭期投资策略：在封闭期内，本基金将采用持有到期策略构建投资组合，并确保标的证券到期日或回售日不晚于封闭期到期日。其中，含回售权的债券，基金管理人需提前确定回售或到期时间，确保能在封闭期结束前回售或到期。\r\n    在基金运作过程中，基于持有人利益优先原则，且不违反《企业会计准则》的前提下，基金管理人可以处置已经违约或信用风险升高的投资标的，以减少因信用风险造成的损失。此外，如法律法规或中国证监会调整投资比例限制或禁止基金投资部分品种，基金管理人可以对持有的标的进行相应调整。\r\n    开放期投资策略：在开放期，本基金原则上将使基金资产保持现金状态。基金管理人将采取各种有效管理措施，保障基金运作安排，防范流动性风险，满足开放期流动性的需求，并做好应付极端情况下巨额赎回的准备。", "InvestTarget": "    在力求安全性的前提下，追求稳定的绝对回报。", "PerformanceBenchMark": "同期三年期银行定期存款利率（税后）+1.8%", "ProfitDistributionRule": "本基金收益分配方式为现金分红；基金收益分配后基金份额净值不能低于面值；即基金收益分配基准日的基金份额净值减去每单位基金份额收益分配金额后不能低于面值；本基金每份基金份额享有同等分配权。", "InvestField": "    本基金的投资范围为具有良好流动性的金融工具，包括债券（包括国债、央行票据、金融债、次级债、地方政府债、企业债、公司债、中期票据、短期融资券、可分离交易可转债的纯债部分及其他经中国证监会允许投资的债券）、资产支持证券、债券回购、银行存款、货币市场工具（含同业存单）以及法律法规或中国证监会允许基金投资的其他金融工具（但须符合中国证监会相关规定）。本基金不投资于股票。\r\n    如法律法规或监管机构以后允许基金投资其他品种，基金管理人在履行适当程序后，可以将其纳入投资范围。\r\n    本基金的投资组合比例为：本基金投资于债券的比例不低于基金资产的80%（开放期开始前3个月至开放期结束后3个月内不受此比例限制）。开放期内，本基金每个交易日日终保持不低于基金资产净值5%的现金或者到期日在一年以内的政府债券；在封闭期内，本基金不受上述5%的限制。其中，现金不包括结算备付金、存出保证金和应收申购款等。\r\n    如法律法规或中国证监会变更上述投资品种的比例限制，以变更后的比例为准，本基金的投资比例会做相应调整。", "BriefIntro": "    本基金已获中国证监会2019年11月7日证监许可[2019]2250号文准予注册。本基金自2019年11月25日至2019年12月6日通过基金份额发售机构公开发售。本基金的基金管理人：华夏基金管理有限公司；基金托管人：中国建设银行股份有限公司；注册登记机构：华夏基金管理有限公司。", "XGRQ": "2023-06-01 02:36:34.477", "JSID": 738997736940, "ApplyingCodeFront": "008349", "ApplyingCodeBack": null, "GuaranteedPeriod": null, "RiskReturncharacter": "本基金为债券型基金，其预期风险和预期收益低于股票基金和混合型基金，高于货币市场基金。", "LowestSumSubscribing": "通过基金管理人直销机构及华夏财富认购本基金的单笔认购金额不得低于1元。通过直销机构或华夏财富办理本基金的申购业务，每次最低申购金额为1元。", "LowestSumRedemption": 1.0, "LSFRDescription": "每次赎回申请不得低于1份基金份额。", "LowestSumForHolding": 1.0, "LSFHDescription": "基金份额持有人赎回时或赎回后在直销机构或华夏财富保留的基金份额余额不足1份的，在赎回时需一次全部赎回。", "FundNature": 1, "FundTypeCode": 1105, "FundType": "债券型", "CarryOverDate": null, "CarryOverDateRemark": null, "CarryOverType": null, "RegInstCode": 41511, "SecurityCode": "008349", "DeliveryDays": 7, "RiskReturnCode": null, "FloatType": 2, "CustodyMarket": null, "OperationPeriod": null, "OperationPDUnitCode": null, "OperationPDUnitName": null, "IfInitiatingFund": 1, "ClassificationFundType": null, "AgrBenchmkRateOfShareA": null, "AgrBenchmkRateOfShareANotes": null, "RegularShareConversionNotes": null, "NonRegularShareConversionNotes": null, "ExApplyingMarket": null, "ExApplyingCode": null, "ExApplyingAbbr": null, "ShareProperties": null, "StClearingDate": null, "EnClearingDate": null, "LowestSumSubLL": 1.0, "LowestSumPurLL": 1.0, "MainCode": "008349", "ExProfitDistri": null, "OTCProfitDistri": 1, "IfFOF": 2, "IfPensionTarget": 2, "PRconfirmationdate": 1, "EstablishmentDateII": null, "InsertTime": "2021-04-28 11:22:20.143", "TransCode": 264422, "LargeRedemptionRatio": 0.2, "LastOperationDate": null, "SecuCode": "008349"}]
请理解查询结果

>>>>> Agent【Sql_query.understand_query_result】 Said:
查询结果表明:
该查询返回了一只基金的相关信息，该基金由基金管理人代码为41511的管理公司在2019年设立，设立规模为7100879338.64份。具体信息包括：基金设立日期为2019年12月20日，基金管理人为张海静，基金类型为债券型，投资目标是在力求安全性的前提下追求稳定的绝对回报，业绩比较基准为同期三年期银行定期存款利率（税后）+1.8%，投资范围为具有良好流动性的金融工具，主要包括债券、资产支持证券、债券回购、银行存款等，不投资于股票。基金收益分配方式为现金分红，基金份额净值分配后不能低于面值。此外，该基金的风险收益特征为预期风险和预期收益低于股票基金和混合型基金，高于货币市场基金。基金代码为008349，最低认购、申购、赎回和持有份额均为1元或1份。


>>>>> 【user】 Said:
查询SQL:
SELECT *
FROM publicfunddb.mf_fundarchives
WHERE InvestAdvisorCode = '41511'
AND YEAR(EstablishmentDate) = 2019
AND FoundedSize = 7100879338.64
LIMIT 1;
查询结果:
[{"ID": 627732555848, "InnerCode": 264422, "EstablishmentDate": "2019-12-20 12:00:00.000", "ListedDate": null, "Duration": null, "StartDate": "2019-12-20 12:00:00.000", "ExpireDate": null, "Manager": "张海静 ", "InvestAdvisorCode": 41511, "TrusteeCode": 2437, "Warrantor": null, "Type": 7, "InvestmentType": 16, "InvestStyle": 117, "FoundedSize": 7100879338.64, "InvestOrientation": "    封闭期投资策略：在封闭期内，本基金将采用持有到期策略构建投资组合，并确保标的证券到期日或回售日不晚于封闭期到期日。其中，含回售权的债券，基金管理人需提前确定回售或到期时间，确保能在封闭期结束前回售或到期。\r\n    在基金运作过程中，基于持有人利益优先原则，且不违反《企业会计准则》的前提下，基金管理人可以处置已经违约或信用风险升高的投资标的，以减少因信用风险造成的损失。此外，如法律法规或中国证监会调整投资比例限制或禁止基金投资部分品种，基金管理人可以对持有的标的进行相应调整。\r\n    开放期投资策略：在开放期，本基金原则上将使基金资产保持现金状态。基金管理人将采取各种有效管理措施，保障基金运作安排，防范流动性风险，满足开放期流动性的需求，并做好应付极端情况下巨额赎回的准备。", "InvestTarget": "    在力求安全性的前提下，追求稳定的绝对回报。", "PerformanceBenchMark": "同期三年期银行定期存款利率（税后）+1.8%", "ProfitDistributionRule": "本基金收益分配方式为现金分红；基金收益分配后基金份额净值不能低于面值；即基金收益分配基准日的基金份额净值减去每单位基金份额收益分配金额后不能低于面值；本基金每份基金份额享有同等分配权。", "InvestField": "    本基金的投资范围为具有良好流动性的金融工具，包括债券（包括国债、央行票据、金融债、次级债、地方政府债、企业债、公司债、中期票据、短期融资券、可分离交易可转债的纯债部分及其他经中国证监会允许投资的债券）、资产支持证券、债券回购、银行存款、货币市场工具（含同业存单）以及法律法规或中国证监会允许基金投资的其他金融工具（但须符合中国证监会相关规定）。本基金不投资于股票。\r\n    如法律法规或监管机构以后允许基金投资其他品种，基金管理人在履行适当程序后，可以将其纳入投资范围。\r\n    本基金的投资组合比例为：本基金投资于债券的比例不低于基金资产的80%（开放期开始前3个月至开放期结束后3个月内不受此比例限制）。开放期内，本基金每个交易日日终保持不低于基金资产净值5%的现金或者到期日在一年以内的政府债券；在封闭期内，本基金不受上述5%的限制。其中，现金不包括结算备付金、存出保证金和应收申购款等。\r\n    如法律法规或中国证监会变更上述投资品种的比例限制，以变更后的比例为准，本基金的投资比例会做相应调整。", "BriefIntro": "    本基金已获中国证监会2019年11月7日证监许可[2019]2250号文准予注册。本基金自2019年11月25日至2019年12月6日通过基金份额发售机构公开发售。本基金的基金管理人：华夏基金管理有限公司；基金托管人：中国建设银行股份有限公司；注册登记机构：华夏基金管理有限公司。", "XGRQ": "2023-06-01 02:36:34.477", "JSID": 738997736940, "ApplyingCodeFront": "008349", "ApplyingCodeBack": null, "GuaranteedPeriod": null, "RiskReturncharacter": "本基金为债券型基金，其预期风险和预期收益低于股票基金和混合型基金，高于货币市场基金。", "LowestSumSubscribing": "通过基金管理人直销机构及华夏财富认购本基金的单笔认购金额不得低于1元。通过直销机构或华夏财富办理本基金的申购业务，每次最低申购金额为1元。", "LowestSumRedemption": 1.0, "LSFRDescription": "每次赎回申请不得低于1份基金份额。", "LowestSumForHolding": 1.0, "LSFHDescription": "基金份额持有人赎回时或赎回后在直销机构或华夏财富保留的基金份额余额不足1份的，在赎回时需一次全部赎回。", "FundNature": 1, "FundTypeCode": 1105, "FundType": "债券型", "CarryOverDate": null, "CarryOverDateRemark": null, "CarryOverType": null, "RegInstCode": 41511, "SecurityCode": "008349", "DeliveryDays": 7, "RiskReturnCode": null, "FloatType": 2, "CustodyMarket": null, "OperationPeriod": null, "OperationPDUnitCode": null, "OperationPDUnitName": null, "IfInitiatingFund": 1, "ClassificationFundType": null, "AgrBenchmkRateOfShareA": null, "AgrBenchmkRateOfShareANotes": null, "RegularShareConversionNotes": null, "NonRegularShareConversionNotes": null, "ExApplyingMarket": null, "ExApplyingCode": null, "ExApplyingAbbr": null, "ShareProperties": null, "StClearingDate": null, "EnClearingDate": null, "LowestSumSubLL": 1.0, "LowestSumPurLL": 1.0, "MainCode": "008349", "ExProfitDistri": null, "OTCProfitDistri": 1, "IfFOF": 2, "IfPensionTarget": 2, "PRconfirmationdate": 1, "EstablishmentDateII": null, "InsertTime": "2021-04-28 11:22:20.143", "TransCode": 264422, "LargeRedemptionRatio": 0.2, "LastOperationDate": null, "SecuCode": "008349"}]
查询结果表明:
该查询返回了一只基金的相关信息，该基金由基金管理人代码为41511的管理公司在2019年设立，设立规模为7100879338.64份。具体信息包括：基金设立日期为2019年12月20日，基金管理人为张海静，基金类型为债券型，投资目标是在力求安全性的前提下追求稳定的绝对回报，业绩比较基准为同期三年期银行定期存款利率（税后）+1.8%，投资范围为具有良好流动性的金融工具，主要包括债券、资产支持证券、债券回购、银行存款等，不投资于股票。基金收益分配方式为现金分红，基金份额净值分配后不能低于面值。此外，该基金的风险收益特征为预期风险和预期收益低于股票基金和混合型基金，高于货币市场基金。基金代码为008349，最低认购、申购、赎回和持有份额均为1元或1份。

当前掌握的信息是否能够回答"华夏基金管理有限公司在2019年成立的13支基金中，哪支基金的规模最大？"？还是要继续执行下一阶段SQL查询？

>>>>> Agent【Sql_query.master】 Said:
【已知信息】
- 华夏基金管理有限公司的基金公司代码（InvestAdvisorCode）为41511。
- 在2019年，华夏基金管理有限公司共成立了13支基金。
- 这些基金中，基金设立规模的最大值为7100879338.64份。
- 具体基金的详细信息包括：设立日期为2019年12月20日，基金管理人为张海静，基金类型为债券型，投资目标是在力求安全性的前提下追求稳定的绝对回报，业绩比较基准为同期三年期银行定期存款利率（税后）+1.8%，投资范围为具有良好流动性的金融工具，主要包括债券、资产支持证券、债券回购、银行存款等，不投资于股票。基金收益分配方式为现金分红，基金份额净值分配后不能低于面值。基金代码为008349，最低认购、申购、赎回和持有份额均为1元或1份。

【当前阶段要获取的信息】
- 无需继续执行SQL查询，已找到规模最大的基金。

【信息所在字段】
- 基金代码（SecurityCode）

【筛选条件所在字段】
- 无需继续执行SQL查询。

【SQL语句的思路】
- 无需继续执行SQL查询。

【执行SQL语句】
```exec_sql
无
```

【上述SQL语句的含义】
- 无需继续执行SQL查询。

根据查询结果，华夏基金管理有限公司在2019年成立的13支基金中，规模最大的基金代码为008349。该基金的详细信息已在上文中描述。


>>>>> 【user】 Said:
请回答问题:"华夏基金管理有限公司在2019年成立的13支基金中，哪支基金的规模最大？"

>>>>> Agent【Sql_query.summary】 Said:
华夏基金管理有限公司在2019年成立的13支基金中，规模最大的基金代码为008349。
