
>>>>> Original Question: 变更后又在21年取消的有多少家公司？


>>>>> Agent【extract_company】 Said:
No Entities.


>>>>> Agent【rewrite_question】 Said:
在申万一级行业为公用事业（CompanyCode/InnerCode）的270家公司中，20年变更行业的那18家公司里，有多少家在21年取消了变更？

>>>>> 已知事实:


>>>>> Agent【Check_db_structure.db_selector】 Said:
【分析】
用户需要查找在申万一级行业为公用事业的270家公司中，2020年变更行业的18家公司，并进一步确定其中有多少家在2021年取消了变更。这涉及到公司的行业变更信息，因此需要选择记录公司行业变更历史的数据库。

【选中的数据库】
- `astockindustrydb`: 这个数据库记录了A股上市公司在行业划分、行业变更等多个方面的信息，涵盖了公司所属行业的多层级划分、变更历史等，能够提供用户所需的行业变更数据。

【选中的数据库的清单】
```json
["astockindustrydb"]
```


>>>>> Agent【Check_db_structure.table_selector】 Said:
【分析】
用户需要找出在申万一级行业为公用事业的270家公司中，20年变更行业的18家公司里，有多少家在21年取消了变更。这需要涉及公司行业变更的信息，包括公司代码、行业分类、变更日期和取消日期等。

【选中的数据表】
- astockindustrydb.lc_exgindustry: 这个数据表包含公司标识信息（如公司代码）、行业分类信息（如所属行业）、变更日期和取消日期等，适合用于分析公司行业变更情况。
- astockindustrydb.lc_exgindchange: 这个数据表记录公司相关的行业信息和执行状态，包括公司代码、行业分类、是否执行和取消日期等，有助于确定行业变更及取消的具体情况。

【选中的数据库表的清单】
```json
["astockindustrydb.lc_exgindustry", "astockindustrydb.lc_exgindchange"]
```


>>>>> Agent【Check_db_structure.columns_selector】 Said:
【分析】
用户提问涉及以下几个关键点：
1. 申万一级行业为公用事业的公司
2. 20年变更行业的公司
3. 21年取消变更的公司数量

需要从数据表中找出与这些关键点相关的字段。

【信息所在字段】
- astockindustrydb.lc_exgindustry.FirstIndustryName: 这个字段可能包含申万一级行业名称信息，对应用户提问中的“申万一级行业为公用事业”
- astockindustrydb.lc_exgindustry.CompanyCode: 这个字段可能包含公司代码信息，对应用户提问中的“270家公司”
- astockindustrydb.lc_exgindchange.InfoPublDate: 这个字段可能包含信息发布日期，对应用户提问中的“20年变更行业”
- astockindustrydb.lc_exgindchange.CancelDate: 这个字段可能包含取消日期信息，对应用户提问中的“21年取消变更”
- astockindustrydb.lc_exgindchange.IfExecuted: 这个字段可能包含是否执行变更的信息，对应用户提问中的“变更行业”和“取消变更”

【筛选条件所在字段】
- astockindustrydb.lc_exgindustry.Standard: 这个字段可能包含行业划分标准信息，用于筛选申万行业分类
- constantdb.secumain.CompanyCode: 这个字段与lc_exgindustry中的CompanyCode关联，用于确认公司信息
- constantdb.secumain.InnerCode: 这个字段与lc_exgindustry中的InnerCode关联，用于确认公司信息

【选中的字段的清单】
```json
{
  "astockindustrydb.lc_exgindustry": ["FirstIndustryName", "CompanyCode", "Standard"],
  "astockindustrydb.lc_exgindchange": ["InfoPublDate", "CancelDate", "IfExecuted", "CompanyCode"],
  "constantdb.secumain": ["CompanyCode", "InnerCode"]
}
```


>>>>> Agent【Sql_query.master】 Said:
【已知信息】
1. 在astockindustrydb.lc_exgindustry表中，按照申万行业分类(新)（Standard = 38）标准，属于公用事业（FirstIndustryName = '公用事业'）行业的公司共有270家。
2. 在2020年，共有18家公司的行业分类发生了变化，而这些公司在变化前属于申万行业分类(新)标准下的“公用事业”一级行业。

【当前阶段要获取的信息】
在申万一级行业为公用事业（CompanyCode/InnerCode）的270家公司中，20年变更行业的那18家公司里，有多少家在21年取消了变更。

【信息所在字段】
- `CompanyCode`：公司代码
- `CancelDate`：取消日期

【筛选条件所在字段】
- `InfoPublDate`：信息发布日期
- `IfExecuted`：是否执行

【SQL语句的思路】
1. 从`astockindustrydb.lc_exgindchange`表中筛选出2020年行业变更的公司。
2. 确认这些公司在2021年是否有取消变更的记录。

【执行SQL语句】
```exec_sql
SELECT COUNT(DISTINCT a.CompanyCode)
FROM astockindustrydb.lc_exgindchange a
JOIN astockindustrydb.lc_exgindustry b ON a.CompanyCode = b.CompanyCode
WHERE b.Standard = 38
AND b.FirstIndustryName = '公用事业'
AND YEAR(a.InfoPublDate) = 2020
AND a.IfExecuted = '1'
AND YEAR(a.CancelDate) = 2021
```

【上述SQL语句的含义】
该SQL语句首先通过JOIN操作关联`lc_exgindchange`和`lc_exgindustry`表，筛选出在申万行业分类(新)标准下属于公用事业行业的公司。然后，通过WHERE子句进一步筛选出2020年行业变更且已执行的公司，并统计这些公司在2021年取消变更的数量。

>>>>> 查询sql:
SELECT COUNT(DISTINCT a.CompanyCode)
FROM astockindustrydb.lc_exgindchange a
JOIN astockindustrydb.lc_exgindustry b ON a.CompanyCode = b.CompanyCode
WHERE b.Standard = 38
AND b.FirstIndustryName = '公用事业'
AND YEAR(a.InfoPublDate) = 2020
AND a.IfExecuted = '1'
AND YEAR(a.CancelDate) = 2021;
查询结果:
[{"COUNT(DISTINCT a.CompanyCode)": 0}]


>>>>> Agent【Sql_query.understand_query_result】 Said:
查询结果表明: 在2020年信息发布且在2021年取消的行业变更记录中，符合申万行业分类(新)标准（Standard=38）且属于“公用事业”一级行业的公司数量为0。这意味着没有公司在2020年进行了行业变更并在2021年取消，同时满足上述行业分类和行业名称的条件。


>>>>> Agent【Sql_query.master】 Said:
【已知信息】
1. 在astockindustrydb.lc_exgindustry表中，按照申万行业分类(新)（Standard = 38）标准，属于公用事业（FirstIndustryName = '公用事业'）行业的公司共有270家。
2. 在2020年，共有18家公司的行业分类发生了变化，而这些公司在变化前属于申万行业分类(新)标准下的“公用事业”一级行业。
3. 查询结果显示，在2020年信息发布且在2021年取消的行业变更记录中，符合申万行业分类(新)标准（Standard=38）且属于“公用事业”一级行业的公司数量为0。

【当前阶段要获取的信息】
无

【信息所在字段】
无

【筛选条件所在字段】
无

【SQL语句的思路】
无

【执行SQL语句】
无

【上述SQL语句的含义】
无

当前掌握的信息已经能够回答"在申万一级行业为公用事业（CompanyCode/InnerCode）的270家公司中，20年变更行业的那18家公司里，有多少家在21年取消了变更？"这个问题。根据查询结果，没有公司在2020年进行了行业变更并在2021年取消，同时满足上述行业分类和行业名称的条件。因此，答案是0家。

无需继续执行下一阶段SQL查询。


>>>>> Agent【Sql_query.summary】 Said:
0家
