
>>>>> Original Question: 该公司在过去的进行了几次非公开增发


>>>>> Agent【extract_company】 Said:
No Entities.


>>>>> Agent【rewrite_question】 Said:
湘潭电机股份有限公司（CompanyCode: 1387, InnerCode: 1551）在过去的进行了几次非公开增发？

>>>>> 已知事实:
湘电股份的关联信息有:[InnerCode(证券内部编码)是1551;CompanyCode(公司代码)是1387;ChiName(中文名称)是湘潭电机股份有限公司;EngName(英文名称)是Xiangtan Electric Manufacturing Co., Ltd.;SecuCode(证券代码)是600416;]

>>>>> Agent【Check_db_structure.db_selector】 Said:
【分析】
用户询问的是湘潭电机股份有限公司（CompanyCode: 1387, InnerCode: 1551）在过去的非公开增发次数。这涉及到公司的融资活动信息，通常会在财务相关的数据库中记录。

【选中的数据库】
- astockfinancedb: 这个数据库记录了上市公司在不同财务方面的详细数据，包括A股增发、配股、公司分红等信息，可以从中找到非公开增发的相关数据。

【选中的数据库的清单】
```json
["astockfinancedb"]
```


>>>>> Agent【Check_db_structure.table_selector】 Said:
【分析】
用户需要查询湘潭电机股份有限公司（CompanyCode: 1387, InnerCode: 1551）在过去的非公开增发次数。非公开增发属于证券发行的一种形式，因此我们需要找到记录证券发行相关信息的表。

【选中的数据表】
- astockfinancedb.lc_ashareseasonednewissue: 该数据表主要记录证券发行及相关信息，包括发行股票类型、发行目的等，能够提供非公开增发的详细记录。

【选中的数据库表的清单】
```json
["astockfinancedb.lc_ashareseasonednewissue"]
```


>>>>> Agent【Check_db_structure.columns_selector】 Said:
【分析】
用户询问的是湘潭电机股份有限公司（CompanyCode: 1387, InnerCode: 1551）在过去的进行了几次非公开增发。我们需要找到与该公司相关的非公开增发记录，并统计其数量。

【信息所在字段】
- astockfinancedb.lc_ashareseasonednewissue.InnerCode: 这个字段可能包含证券内部编码信息，对应用户提问中的InnerCode
- astockfinancedb.lc_ashareseasonednewissue.IssueType: 这个字段可能包含增发类别信息，对应用户提问中的非公开增发
- astockfinancedb.lc_ashareseasonednewissue.IfEffected: 这个字段可能包含是否有效信息，用于筛选有效的增发记录

【筛选条件所在字段】
- constantdb.secumain.CompanyCode: 这个字段可能包含公司代码信息，对应用户提问中的CompanyCode
- constantdb.secumain.InnerCode: 这个字段可能包含证券内部编码信息，用于与lc_ashareseasonednewissue表关联

【选中的字段的清单】
```json
{
  "astockfinancedb.lc_ashareseasonednewissue": ["InnerCode", "IssueType", "IfEffected"],
  "constantdb.secumain": ["CompanyCode", "InnerCode"]
}
```


>>>>> Agent【Sql_query.master】 Said:
【已知信息】
- 湘电股份的关联信息有：InnerCode(证券内部编码)是1551; CompanyCode(公司代码)是1387; ChiName(中文名称)是湘潭电机股份有限公司; EngName(英文名称)是Xiangtan Electric Manufacturing Co., Ltd.; SecuCode(证券代码)是600416。
- 已查询到湘电股份的信息披露网址为“http://www.sse.com.cn”。

【当前阶段要获取的信息】
- 湘电股份在过去的进行了几次非公开增发？

【信息所在字段】
- `IssueType`（增发类别）

【筛选条件所在字段】
- `InnerCode`（证券内部编码）
- `IssueType`（增发类别）

【SQL语句的思路】
1. 从`astockfinancedb.lc_ashareseasonednewissue`表中查询。
2. 使用`InnerCode`为1551进行筛选。
3. 使用`IssueType`为21（非公开增发）进行筛选。
4. 计算符合条件的记录数量。

【执行SQL语句】
```exec_sql
SELECT COUNT(*) 
FROM astockfinancedb.lc_ashareseasonednewissue 
WHERE InnerCode = 1551 
AND IssueType = 21
```

【上述SQL语句的含义】
- 该SQL语句用于统计`astockfinancedb.lc_ashareseasonednewissue`表中，`InnerCode`为1551且`IssueType`为21（非公开增发）的记录数量，从而得到湘电股份在过去的非公开增发次数。

>>>>> 查询sql:
SELECT COUNT(*) 
FROM astockfinancedb.lc_ashareseasonednewissue 
WHERE InnerCode = 1551 
AND IssueType = 21;
查询结果:
[{"COUNT(*)": 1}]


>>>>> Agent【Sql_query.understand_query_result】 Said:
查询结果表明: 在表astockfinancedb.lc_ashareseasonednewissue中，证券内部编码为1551且增发类别为非公开增发（IssueType = 21）的记录共有1条。


>>>>> Agent【Sql_query.master】 Said:
【已知信息】
- 湘电股份的关联信息有：InnerCode(证券内部编码)是1551; CompanyCode(公司代码)是1387; ChiName(中文名称)是湘潭电机股份有限公司; EngName(英文名称)是Xiangtan Electric Manufacturing Co., Ltd.; SecuCode(证券代码)是600416。
- 已查询到湘电股份的信息披露网址为“http://www.sse.com.cn”。
- 在表`astockfinancedb.lc_ashareseasonednewissue`中，证券内部编码为1551且增发类别为非公开增发（IssueType = 21）的记录共有1条。

【当前阶段要获取的信息】
- 无

【信息所在字段】
- 无

【筛选条件所在字段】
- 无

【SQL语句的思路】
- 无

【执行SQL语句】
- 无

【上述SQL语句的含义】
- 无

当前掌握的信息已经能够回答“湘潭电机股份有限公司（CompanyCode: 1387, InnerCode: 1551）在过去的进行了几次非公开增发？”的问题。根据查询结果，湘潭电机股份有限公司在过去的进行了1次非公开增发。无需继续执行下一阶段SQL查询。


>>>>> Agent【Sql_query.summary】 Said:
1次
