
>>>>> Original Question: 该股票属于哪些概念板块？在这些概念板块中，其他公司2021年12月31日的平均有限售股比例是多少？该股票是高于还是低于板块平均水平，偏离了多少个百分点？(保留两位小数)


>>>>> 【user】 Said:
提取下面这段文字中的实体（如公司名、股票代码、拼音缩写等），如果识别结果是空，那么就回复No Entities."该股票属于哪些概念板块？在这些概念板块中，其他公司2021年12月31日的平均有限售股比例是多少？该股票是高于还是低于板块平均水平，偏离了多少个百分点？(保留两位小数)"

>>>>> Agent【extract_company】 Said:
No Entities


>>>>> 【user】 Said:
下面是顺序的历史问答:
'''
Question: 海信家电在2021年12月31日的总股本是多少？其中有限售条件的流通股占比是多少？(保留两位小数)
Answer: 总股本: 1362725370股, 有限售比例: 0.02%
Question: 在这个时间点，该股票的境内自然人持股和境外自然人持股比例分别是多少？两者相差多少个百分点？(保留两位小数)
Answer: 境内自然人持股比例: 0.02, 境外自然人持股比例: 无法计算, 两者相差: 无法计算
'''
现在用户继续提问，请根据已知信息，理解当前这个问题的完整含义，并重写这个问题使得单独拿出来看仍然能够正确理解：该股票属于哪些概念板块？在这些概念板块中，其他公司2021年12月31日的平均有限售股比例是多少？该股票是高于还是低于板块平均水平，偏离了多少个百分点？(保留两位小数)

>>>>> Agent【rewrite_question】 Said:
海信家电在2021年12月31日属于哪些概念板块？在这些概念板块中，其他公司2021年12月31日的平均有限售股比例是多少？海信家电的有限售股比例是高于还是低于板块平均水平，偏离了多少个百分点？(保留两位小数)

>>>>> 已知事实:
海信家电的关联信息有:[所在数据表是constantdb.secumain;InnerCode(证券内部编码)是549;CompanyCode(公司代码)是489;ChiName(中文名称)是海信家电集团股份有限公司;EngName(英文名称)是Hisense Home Appliances Group Co.,Ltd.;SecuCode(证券代码)是000921;ChiNameAbbr(中文名称缩写)是海信家电;EngNameAbbr(英文名称缩写)是Hisense H.A.;SecuAbbr(证券简称)是海信家电;ChiSpelling(拼音证券简称)是HXJD;]

>>>>> 【user】 Said:
请选择db，务必遵循输出的格式要求。

>>>>> Agent【Check_db_structure.db_selector】 Said:
【分析】
用户需要了解海信家电在2021年12月31日属于哪些概念板块，以及在这些概念板块中，其他公司2021年12月31日的平均有限售股比例，并比较海信家电的有限售股比例与板块平均水平的差异。

1. **确定海信家电所属概念板块**：
   - 需要从`astockindustrydb`数据库中获取海信家电在2021年12月31日所属的概念板块信息。

2. **计算概念板块中其他公司的平均有限售股比例**：
   - 需要从`astockshareholderdb`数据库中获取各公司在2021年12月31日的有限售股比例，并按概念板块进行分组计算平均值。

3. **比较海信家电的有限售股比例与板块平均水平**：
   - 使用`astockshareholderdb`数据库中海信家电的有限售股比例与上述计算的平均值进行比较。

【选中的数据库】
- `astockindustrydb`: 这个数据库包含公司所属行业的多层级划分、变更历史、行业估值和财务表现，以及与热点概念相关的分类和公司归属信息。
- `astockshareholderdb`: 这个数据库记录了上市公司股东、股本及公司治理相关的详细信息，包括有限售股比例。

【选中的数据库的清单】
```json
["astockindustrydb", "astockshareholderdb"]
```


>>>>> 【user】 Said:
数据库表信息如下:
[{"表名": "astockindustrydb.lc_exgindustry", "说明": "该数据表包含与公司及行业相关的信息，主要字段包括公司标识信息如公司代码，信息动态如发布日期和来源，行业分类信息如行业划分标准、所属行业及是否执行，并提供多层级行业分类数据，包括一级至四级行业的代码和名称，以及取消日期等补充信息。"}, {"表名": "astockindustrydb.lc_exgindchange", "说明": "该数据表主要用于记录公司相关的行业信息和执行状态，字段包括公司基础信息如公司代码，公司动态信息如信息发布日期和信息来源，行业分类信息如行业划分标准、所属行业，以及多级行业信息包括一级到四级的行业代码和名称。此外，还包含执行状态相关字段如是否执行和取消日期。"}, {"表名": "astockindustrydb.lc_industryvaluation", "说明": "该数据表主要用于记录行业相关的统计信息和财务指标，包含以下字段：基础信息如行业内部编码、行业名称、行业代码、行业分类标准等；时间信息如交易日；统计维度如统计类型和统计板块；行业市值信息如总市值、A股流通市值、A股自由流通市值等；估值指标如滚动市盈率、静态市盈率、市净率、滚动股息率、滚动市现率、静态市现率、滚动市销率、静态市销率等；其他信息如上市证券数量和分类等，全面反映行业的市场表现和财务状况。"}, {"表名": "astockindustrydb.lc_indfinindicators", "说明": "该数据表主要用于描述行业相关的统计和财务信息，字段涵盖多个方面：基础信息如行业内部编码、名称、级别、代码及划分标准等；时间信息包括信息发布日期和截止日期；统计指标如统计类型和板块；财务数据包括行业营业收入、营业成本、营业利润、净利润及归属母公司净利润等，均提供TTM（滚动12个月）和累计值；资产与股本信息如总资产、净资产、总股本等；盈利能力指标包括每股收益、净资产收益率（平均、摊薄、TTM及扣除值）、总资产净利率、销售毛利率、销售净利率等；费用相关指标如财务费用率、销售费用率、期间费用率及营业总成本占比；运营效率指标包括存货周转率及天数、应收账款周转率及天数、总资产周转率等；现金流与偿债能力指标如经营现金流利息保障倍数、流动比率、速动比率、利息保障倍数等；增长性指标如归属母公司净利润同比增长、毛利润同比增长等；其他指标如资产负债率、有形资产净值占比、对外投资占比、预收账款占营业收入比、应收账款占营业收入比等，全面反映行业的财务状况、盈利能力、运营效率及偿债能力。"}, {"表名": "astockindustrydb.lc_coconcept", "说明": "该数据表主要用于记录证券相关概念及状态信息，包括证券内部编码和概念代码等基础标识信息，调入日期与调出日期等时间维度信息，所属状态及备注等描述性信息，以及信息发布日期等数据更新信息。"}, {"表名": "astockindustrydb.lc_conceptlist", "说明": "该数据表包含与概念分类相关的信息，包括一级和二级概念的代码和名称，以及概念板块的编码和名称。此外，还包括概念的时间信息如起始日期、结束日期和信息发布日期，状态信息如所属状态，以及补充信息如备注和概念英文名称。"}, {"表名": "astockshareholderdb.lc_shtypeclassifi", "说明": "该数据表主要用于记录股东及其分类信息，包含股东的唯一标识信息如股东代码和股东编码，股东名称及其所属性质等基本信息，同时提供多级分类结构，涵盖分类标准及一级至四级分类代码，便于对股东进行分层管理和分析。"}, {"表名": "astockshareholderdb.lc_mainshlistnew", "说明": "该数据表主要记录了股东及其持股情况的详细信息，包括公司代码、日期、信息发布日期和来源等基本信息。股东相关信息涵盖股东排名、序号、名称、性质、类别及其编码等。持股信息详细列出了持股总数、持股比例、持股增减情况，以及持有不同类型股票（如A股、B股、H股、普通股及其他类别）的数量和比例。此外，还包括股东性质描述、股权质押和冻结情况及其说明，股东之间的关联关系和一致行动人说明等。证券相关信息有证券代码、简称、所属券商编号及归属机构名称等。备注说明和其他字段提供了进一步的补充信息。"}, {"表名": "astockshareholderdb.lc_shnumber", "说明": "该数据表主要涵盖了公司股东信息的各类数据，包括公司代码、信息发布日期和信息来源等基本信息。股东数据详细记录了股东总户数及各类股东（如A股、B股、H股、CDR股东）的户数和户均持股数，提供了户均持股比例及其相对变化，季度和半年增长率等动态指标。此外，表中还细分了无限售条件股东的数据，包括无限售A股和CDR的户均持股数及比例变化等。通过这些数据，能够分析不同类型股东的持股分布及其变化趋势。"}, {"表名": "astockshareholderdb.lc_mshareholder", "说明": "该数据表主要用于记录公司股东相关信息及公司基本情况，包含以下几类字段信息：公司基本信息如公司代码、信息发布日期、信息来源等；股东相关信息如股东名称、股东地位、持股比例、股东性质、股东ID、国籍描述、永久境外居留权等；公司运营及财务信息如法人代表、注册资本、主要业务、经济性质、背景介绍等；其他信息如股权获取方式、实际控制人结构图、公告类别、报告原文文件格式、日期以及货币单位等，并提供是否存在的标识字段以便于数据筛选和分析。"}, {"表名": "astockshareholderdb.lc_actualcontroller", "说明": "该数据表主要用于记录公司实际控制人的相关信息，包括公司代码、信息发布日期和日期等基本信息；实际控制人的详细信息如代码、姓名、经济性质、国籍代码及描述、永久境外居留权状态，以及实际控制人所属性质等。"}, {"表名": "astockshareholderdb.lc_sharestru", "说明": "该数据表主要记录了公司股本结构及相关信息，包含以下几类字段：公司基本信息如公司代码(CompanyCode)、信息来源(InfoSource)、信息发布日期(InfoPublDate)；时间相关字段如日期(EndDate)；股本总量及变动情况如总股本(股)(TotalShares)、股本变动原因类别(ChangeType)、简称变更原因(ChangeReason)；股权分类及持股情况包括未流通股(NonListedShares)、流通股本(FloatShare)、有限售条件流通股(RestrictedShares)、无限售条件流通股(NonRestrictedShares)、A股(Ashares)、B股(Bshares)、H股(Hshares)、GDR代表基础股票(GDRshares)、外资持股(ForeignHolding)等，进一步细分为发起人股(PromoterShares)、国家股(StateShares)、法人股(DLegalPersonShares、FLegalPersonShares)、自然人股(NaturalPersonHoldLPShares)、职工股(StaffShares)、战略投资者配售持股(StategicInvestorShares)、基金配售持股(MutualFundShares)等；股本流通状态如已上市流通股(AFloatListed)、未上市增发股(AdditionIssueUnlisted)、配股未上市(RightsIssueUnlisted)等；其他股本信息如优先股(PreferredShares)、有限售H股(RestrictedHShares)、无限售H股(NonRestrictedHShares)、其他未流通股(OUnListedShares)；股本面值及货币单位如每股面值(PerValue)、每股面值货币单位(ParValueCurrencyUnit)。通过这些字段，能够全面反映公司股本的构成、流通及变动情况。"}, {"表名": "astockshareholderdb.lc_stockholdingst", "说明": "该数据表主要用于记录各类机构及股东对A股的持股情况及相关统计信息，包含以下几类字段：基础信息如证券内部编码、公司代码、统计日期等；持股数量信息，包括机构、公募基金、券商、私募基金、银行、外资等不同主体持有的无限售流通A股、总A股及其他类型A股的数量；持股比例信息，涵盖上述主体对不同类型A股的持股比例；持股户数信息，记录各类机构及股东的持股户数，包括流通A股户数、无限售流通A股户数等；前十大股东信息，如前十大股东持股数量及比例、无限售股东持股数据等；信息来源及日期字段，用于标注数据出处和时间。"}, {"表名": "astockshareholderdb.lc_sharetransfer", "说明": "该数据表主要记录股权转让的详细信息，涵盖了公司基本信息如公司代码、信息发布日期、信息来源等；股权转让的关键时间点如协议签署日、批准日期、正式变动日期等；转让方和受让方的相关信息，包括名称、经济性质、属性、编码等；股权转让前后的持股情况，如持股数量、持股比例、有限售股数、无限售股数等；交易相关信息如转让方式、涉及股数、交易价格、交易金额等；其他补充信息如生效条件、事项描述与进展、是否终止实施及公告日期等；以及序号、证券内部编码等标识信息。"}, {"表名": "astockshareholderdb.lc_sharefp", "说明": "该数据表记录了公司股权冻结质押的详细信息，包含公司代码、信息发布日期和来源等基本信息，以及涉及的股东和接受方的详细信息，如股东名称和ID、接受方名称和ID、股东和接受方的属性等。表中还包括冻结质押的具体细节，如涉及股数、占持股比例、占总股本比例、起始和结束日期、原因及事项编码和日期。此外，表格记录了无限售股数、有限售股数，以及初始信息发布日期、初始质押股数和预计解除日期等信息。"}, {"表名": "astockshareholderdb.lc_sharefpsta", "说明": "该数据表主要用于记录股权冻结质押的相关信息，包含以下字段：标识信息如冻结质押编号(FPCode)、公司代码(CompanyCode)和股东ID(SHID)；时间信息如截止日期(EndDate)；信息来源(InfoSource)；类别选择(Category)；股东信息如股权被冻结质押股东名称(FPSHName)及其属性(SHAttribute)；冻结质押相关统计数据如累计冻结质押股数(AccuFPShares)、累计占冻结质押方持股数比例(AccuPCTOfPled)、累计占总股本比例(AccuProportion)及其计算值(AccuProportionCalc)；其他辅助字段如AccuFPSharesCalc。"}, {"表名": "astockshareholderdb.lc_buyback", "说明": "该数据表记录了公司股份回购的详细信息，包括公司基本信息如公司代码，以及重要日期信息如首次信息发布日期、预案发布日期、股东大会通过日期、回购协议签署日、回购并注销股份公告书发布日、起始日期、结束日期、全称更改日期、回购资金划出日、工商变更登记日等。股份回购的具体情况涵盖股份类别、股份被回购方、回购股数及占总股本比例、回购定价方式说明、回购价格及回购总金额、回购数量及价格上下限、拟回购资金总额上下限等。支付方式、资金来源及用途说明、回购目的、事件进程及描述、回购方式代码及描述等信息也被详细记录。此外，还包括待偿期限指数、未描述的字段如回购目的、货币单位及被否决日期等。"}, {"表名": "astockshareholderdb.lc_buybackattach", "说明": "该数据表记录了有关股份回购的信息，包含回购的唯一标识（股份回购ID）及其相关的日期信息，如信息发布日期和生效日期。涉及财务数据的字段包括货币单位、最高价、最低价、本次回购资金及累计回购资金总额。此外，表中还记录了与回购数量相关的数据，如回购股数、累计回购数量及其占总股本的比例。通过这些字段，能够全面了解某次股份回购的基本信息和财务影响。"}, {"表名": "astockshareholderdb.lc_legaldistribution", "说明": "该数据表记录了证券配售的详细信息，涵盖了多方面的内容：基础信息如证券内部编码、证券代码、信息发布日期及首次发布日期等；配售相关信息包括配售总股数、配售原因、配售性质、获配股数（有锁定期和无锁定期分别记录）、获配金额、实际发行价、有效申购股数、退款金额、补款金额等；投资者信息包括投资者名称（标准化和原始）、投资者编号、投资者类型、投资者分类等，以及获配企业的名称、性质和所属券商的编号及名称；战略配售的详细记录如高管、员工、保荐机构及其他参与战略配售的股份数量、金额和占比等；此外，还包括流通日期、持股时间等时间维度信息，以及备注说明和配售对象代码等辅助字段。整体涵盖了证券配售的全流程信息，便于分析和统计。"}, {"表名": "astockshareholderdb.lc_nationalstockholdst", "说明": "该数据表主要用于记录股东持股相关信息，包含以下字段类别：基础信息如内部编码、公司代码、股东ID、股东名称；时间信息如截止日期；持股数据如持有A股总数、有限售A股数、无限售A股数；比例数据如占总股本比例、占流通A股比例；变动信息如持有A股数量增减及其增减幅度。"}, {"表名": "astockshareholderdb.cs_foreignholdingst", "说明": "该数据表记录了证券相关的交易信息，包括证券内部编码用于标识证券，交易日期表示具体的交易时间，外资持股总数（单位为万股）和外资持股比例（百分比）则反映了外资在该证券中的持股情况。"}, {"表名": "astockshareholderdb.lc_esop", "说明": "该数据表主要用于记录资产管理计划相关信息，涵盖了基础标识信息如“内部编码、公司代码”等，公告日期信息如“首次信息发布日期、董事会公告日期、股东大会公告日期”等，计划进程与实施信息如“事件进程、是否分期实施、数据统计区间、首次实施公告日”等，股票与资金规模信息如“股票来源方式、股票规模上限与下限、资金总额上限与下限”等，计划细节信息如“麦考利久期、锁定期、释放期、资金来源、参与单位及人员、管理模式、管理机构、资产管理计划全称、分期情况、杠杆比例”等，价格与参与情况信息如“购买股票价格、参与人数、高管及员工的参与人数、认购份额与比例”等，时间节点信息如“持股的完成日、锁定的起始日”等，以及其他补充说明如“计划情况说明”等，全面涵盖计划的各个维度。"}, {"表名": "astockshareholderdb.lc_esopsummary", "说明": "该数据表主要用于记录证券相关事件的信息，包括证券内部编码和公司代码等基础标识信息；首次信息发布日期、董事会公告日期、股东大会公告日期等时间信息；事件进程和序号等事件状态信息；是否分期实施及分期情况等分期相关信息；股票规模和资金总额的上下限等规模和资金范围信息；以及备注说明等补充描述信息。"}, {"表名": "astockshareholderdb.lc_transferplan", "说明": "该数据表主要记录了公司股东承诺及增减持计划的相关信息，涵盖多个方面的字段：公司基本信息如“公司代码”；信息披露相关字段如“首次信息发布日期”“信息发布日期”“信息来源”；承诺主体与事项类型信息如“承诺主体类型”“承诺事项类型”；承诺时间范围及内容描述如“承诺起始日期”“承诺截止日期”“承诺说明”；股东信息如“股东序号”“股东名称”；增持计划相关字段包括“增持时间描述”“增持实施期限”“增持价格描述”“增持股票触发价格上下限”“增持股份数量上下限”“增持比例上下限”“增持投入资金上下限”等；减持计划相关字段包括“减持时间描述”“减持实施期限”“减持价格描述”“减持股票触发价格上下限”“减持股份数量上下限”“减持比例上下限”等；承诺有效性及不减持承诺期限如“承诺是否有效”“不减持承诺期限”；交易方式及相关描述如“交易方式”“交易方式描述”；事件进程信息如“事件进程”。这些字段全面记录了公司股东承诺及增减持行为的各类细节。"}, {"表名": "astockshareholderdb.lc_smattendinfo", "说明": "该数据表记录了公司股东大会相关的综合信息，涵盖多个维度。包括公司基本信息如公司代码；股东大会的时间安排，如首次信息发布日期、最新信息发布日期、公告日期、股东大会召开日及时间、股权登记日、会议登记起止日期、网络投票起止日期等；股东大会的地点和形式信息，如召开地址、会议类别、投票表决方式、网络投票通道及代码等；股东大会的参与情况统计，包括出席总体股东及代表人数、各类股东人数（如A股、H股、中小股东、优先股股东等）、出席股东代表股份及其占比（按不同股东类别区分）；股东大会的主持及法律见证信息，包括大会主持人及其职务、见证律师事务所及其编号、经办律师等；其他相关信息如议案内容、是否有效、股东大会取消日期、年度及届次等。通过这些字段，全面反映了股东大会的组织、参与及法律合规情况。"}]

请选择table，务必遵循输出的格式要求。

>>>>> Agent【Check_db_structure.table_selector】 Said:
【分析】
要确定海信家电在2021年12月31日属于哪些概念板块，需要查询其在当时的概念分类信息。同时，要计算这些概念板块中其他公司2021年12月31日的平均有限售股比例，并比较海信家电的有限售股比例与板块平均水平的差异。这涉及到概念分类、股东持股信息和股本结构的数据。

【选中的数据表】
- astockindustrydb.lc_coconcept: 该数据表记录证券相关概念及状态信息，包括证券内部编码和概念代码等，可以用来确定海信家电所属的概念板块。
- astockindustrydb.lc_conceptlist: 该数据表包含与概念分类相关的信息，包括概念的代码和名称，可以用来获取概念板块的详细信息。
- astockshareholderdb.lc_sharestru: 该数据表记录了公司股本结构及相关信息，包括有限售条件流通股的比例，可以用来计算海信家电的有限售股比例。
- astockshareholderdb.lc_mainshlistnew: 该数据表记录了股东及其持股情况的详细信息，可以用来计算其他公司的有限售股比例。

【选中的数据库表的清单】
```json
["astockindustrydb.lc_coconcept", "astockindustrydb.lc_conceptlist", "astockshareholderdb.lc_sharestru", "astockshareholderdb.lc_mainshlistnew"]
```


>>>>> 【user】 Said:
已取得可用的数据表的字段信息如下:
[{"表名": "astockindustrydb.lc_coconcept", "表字段": [{"column": "InnerCode", "desc": "证券内部编码；，得到证券的交易代码、简称等。"}, {"column": "ConceptCode", "desc": "概念代码；，得到所属概念的信息。"}, {"column": "InDate", "desc": "调入日期"}, {"column": "OutDate", "desc": "调出日期"}, {"column": "IndiState", "desc": "所属状态；所属状态(IndiState)，该字段固定以下常量：1-正常，0-终止。"}, {"column": "Remark", "desc": "备注；备注(Remark):字段解释了该成分股属于此概念的原因及逻辑。"}, {"column": "InfoPublDate", "desc": "信息发布日期"}]}, {"表名": "astockindustrydb.lc_conceptlist", "表字段": [{"column": "ClassCode", "desc": "所属1级概念代码"}, {"column": "ClassName", "desc": "所属1级概念名称"}, {"column": "SubclassCode", "desc": "所属2级概念代码"}, {"column": "SubclassName", "desc": "所属2级概念名称"}, {"column": "ConceptCode", "desc": "所属概念板块编码"}, {"column": "ConceptName", "desc": "概念名称"}, {"column": "BeginDate", "desc": "起始日期"}, {"column": "EndDate", "desc": "日期"}, {"column": "ConceptState", "desc": "所属状态；所属状态(ConceptState)，该字段固定以下常量：1-正常，0-终止。"}, {"column": "Remark", "desc": "备注"}, {"column": "InfoPublDate", "desc": "信息发布日期"}, {"column": "ConceptEngName", "desc": "概念英文名称"}]}, {"表名": "astockshareholderdb.lc_sharestru", "表字段": [{"column": "CompanyCode", "desc": "公司代码；，得到上市公司的交易代码、简称等。"}, {"column": "InfoSource", "desc": "信息来源"}, {"column": "EndDate", "desc": "日期"}, {"column": "NonListedShares", "desc": "2)未流通A股(股)"}, {"column": "PromoterShares", "desc": "1.发起人股(股)"}, {"column": "StateShares", "desc": "国家股(股)"}, {"column": "DLegalPersonShares", "desc": "境内法人股(股)"}, {"column": "FLegalPersonShares", "desc": "外资法人股(股)"}, {"column": "OtherPromoterShares", "desc": "其它发起人股(股)"}, {"column": "RaisedLPShares", "desc": "2.募集法人股(股)"}, {"column": "NaturalPersonHoldLPShares", "desc": "3.自然人法人股(股)"}, {"column": "StaffShares", "desc": "4.职工股(股)"}, {"column": "RightsIssueTransferred", "desc": "5.转配股(股)"}, {"column": "PreferredAndOtherShares", "desc": "6.优先股及其他(股)"}, {"column": "PreferredShares", "desc": "其中:优先股(股)"}, {"column": "FloatShare", "desc": "流通股本(股)"}, {"column": "AFloats", "desc": "1)流通A股(股)"}, {"column": "AFloatListed", "desc": "1)已上市流通A股(包含高管股)(股)"}, {"column": "ManagementShares", "desc": "##高管股(股)"}, {"column": "StategicInvestorShares", "desc": "2)战略投资者配售持股(股)"}, {"column": "CommonLPShares", "desc": "3)一般法人配售持股(股)"}, {"column": "MutualFundShares", "desc": "4)基金配售持股(股)"}, {"column": "AdditionalIssueUnlisted", "desc": "5)增发未上市(股)"}, {"column": "RightsIssueUnlisted", "desc": "6)配股未上市(股)"}, {"column": "Bshares", "desc": "B股_旧(股)"}, {"column": "Hshares", "desc": "3.H股(股)"}, {"column": "Sshares", "desc": "1)S股(股)"}, {"column": "Nshares", "desc": "2)N股(股)"}, {"column": "OtherFloatShares", "desc": "4.海外上市股(股)"}, {"column": "TotalShares", "desc": "总股本(股)"}, {"column": "ChangeType", "desc": "股本变动原因类别；，令LB = 1022 AND DM NOT IN (43,60,101,102,105,115,116,117,118,119,121,123,127,128,129,131,132,135)，得到股本变动原因类别的具体描述：1-A股发行，2-B股发行，3-A股发行基金配售上市，4-A股发行法人配售上市，6-A股上市，7-B股上市，8-送转股，10-配股除权，11-配股上市，12-转配股上市，17-非公开增发A股上市，18-非公开增发A股，19-定向增发法人股，20-增发A股，21-增发B股，22-增发A股上市，23-增发A股基金配售上市，24-增发A股法人配售上市，25-增发A股原股东配售上市，26-H股增发，27-增发B股上市，28-H股首发上市，29-超额配售H股上市，30-国家股配售，35-股份回购，40-吸收合并，44-以股抵债，45-职工股上市，46-STAQ/NET系统法人股上市，47-外资法人股上市，48-可转换债券转股，49-股权转让，50-面值拆细，51-其他，52-CDR发行，53-CDR上市，54-CDR增发，55-CDR增发上市，56-CDR配股除权，57-CDR配股上市，58-CDR超额配售上市，59-优先股转普通股，71-股权分置方案实施，73-股权分置股份追送，75-股权分置限售流通，77-股权分置增持，78-股权分置股东增持股份上市，79-配股限售流通，80-股权激励限售流通，81-因权证行权流通，82-发行前股份限售流通，83-转债转股限售流通，84-股权激励方案实施，89-延长限售锁定期，90-延长限售锁定期流通，91-B股转H股，100-授予限制性股票，103-员工持股计划，104-员工持股计划限售流通，106-D股增发，107-D股首发上市，108-超额配售D股上市，109-超额配售A股上市，110-GDR基础股票首发上市，111-GDR基础股票增发上市，112-超额配售GDR基础股票上市，113-GDR基础股票生成兑回，114-三板挂牌，130-高管股份减少，134-战略配售股份出借，136-战略配售股份归还，137-高管股份增加，138-股东承诺不减持，139-分红股份上市，140-超额配售B股上市，141-追溯更新，142-承诺不减持到期。"}, {"column": "ChangeReason", "desc": "简称变更原因"}, {"column": "SLegalPersonShares", "desc": "其中:国有法人股(股)"}, {"column": "RaisedSLPShares", "desc": "其中:募集国有法人股(股)"}, {"column": "OtherAFloatShares", "desc": "7)其他流通股份(股)"}, {"column": "RestrictedAFloatShares", "desc": "8)有限售流通A股(股)"}, {"column": "RestrinctStaffShares", "desc": "其中:有限售流通股中职工股(股)"}, {"column": "NonListedBShares", "desc": "其中:未流通B股_旧"}, {"column": "InfoPublDate", "desc": "信息发布日期"}, {"column": "RestrictedShares", "desc": "有限售条件的流通股(股)"}, {"column": "StateHolding", "desc": "A.国家持股(股)"}, {"column": "SLegalPersonHolding", "desc": "B.国有法人持股(股)"}, {"column": "OtherDCapitalHolding", "desc": "C.其他内资持股(股)"}, {"column": "DLegalPersonHolding", "desc": "a.境内法人持股(股)"}, {"column": "DNaturalPersonHolding", "desc": "b.境内自然人持股(股)"}, {"column": "ForeignHolding", "desc": "D.外资持股(股)"}, {"column": "FLegalPersonHolding", "desc": "其中:境外法人持股(股)"}, {"column": "FNaturalPersonHolding", "desc": "其中:境外自然人持股(股)"}, {"column": "OtherRestrictedShares", "desc": "E.其他有限售(股)"}, {"column": "RestrictedBFloatShares", "desc": "有限售B股(股)"}, {"column": "PerValue", "desc": "每股面值(元)"}, {"column": "Ashares", "desc": "1.A股(股)"}, {"column": "NonRestrictedShares", "desc": "1.4)无限售条件流通A股(股)(披露)"}, {"column": "BsharesTotal", "desc": "2.B股(股)"}, {"column": "ListedBShares", "desc": "1)流通B股(股)"}, {"column": "NonListedRestrictedBShares", "desc": "2)未流通B股(股)"}, {"column": "ForeignHoldingAshares", "desc": "外资持A股(股)"}, {"column": "RestrictedAShares", "desc": "1.1)有限售条件的流通A股(股)(计算)"}, {"column": "OtherFNonListedShares", "desc": "7.其他外资股(股)"}, {"column": "NonResiSharesJY", "desc": "1.2)无限售条件流通A股(股)(计算)"}, {"column": "RestrictAShareP", "desc": "1.3)有限售条件的流通A股(股)(披露)"}, {"column": "SRUnlistedShare", "desc": "增发、配股未上市股份(股)(披露)"}, {"column": "NonResiBShares", "desc": "其中:无限售流通B股"}, {"column": "GDRshares", "desc": "5.GDR代表基础股票(股)"}, {"column": "ParValueCurrencyUnit", "desc": "每股面值货币单位"}, {"column": "NonRestrictedHShares", "desc": "无限售H股"}, {"column": "RestrictedHShares", "desc": "有限售H股"}, {"column": "OUnListedShares", "desc": "其他未流通股(股)"}, {"column": "OtherNonListedShares", "desc": "8.其他未流通股(股)"}, {"column": "Dshares", "desc": "No description available"}]}, {"表名": "astockshareholderdb.lc_mainshlistnew", "表字段": [{"column": "CompanyCode", "desc": "公司代码；，得到上市公司的交易代码、简称等。"}, {"column": "EndDate", "desc": "日期"}, {"column": "InfoPublDate", "desc": "信息发布日期"}, {"column": "InfoSource", "desc": "信息来源"}, {"column": "InfoTypeCode", "desc": "信息类别编码；，令LB = 1025 AND DM IN (1,2,4,5,6)，得到信息类别编码的具体描述：1-前十大股东，2-前十流通股东，4-十大有限售条件股东，5-发行前股东，6-前十大表决权数量股东。"}, {"column": "SHNo", "desc": "股东排名；股东排名（SHNo）：当“信息类别代码（InfoTypeCode）”=1时，“股东排名（SHNo）”表示股东排名；当“信息类别代码（InfoTypeCode）”=2时，“股东排名（SHNo）”表示流通股东排名。"}, {"column": "SHSerial", "desc": "股东序号"}, {"column": "SHList", "desc": "股东名称；股东名称（SHList）：此字段为股东名称公告原始披露值；，具体关联方式详见注4"}, {"column": "SHKind", "desc": "股东性质枚举值:资产管理公司,一般企业,投资、咨询公司,风险投资公司,自然人,其他金融产品,信托公司集合信托计划,金融机构—证券公司,保险投资组合,开放式投资基金,企业年金,信托公司单一证券信托,社保基金、社保机构,金融机构—银行,金融机构—期货公司,基金专户理财,国资局,券商集合资产管理计划,基本养老保险基金,金融机构—信托公司,院校—研究院,金融机构—保险公司,公益基金,保险资管产品,财务公司,基金管理公司,金融机构—金融租赁公司"}, {"column": "SHTypeCode", "desc": "股东类别编码"}, {"column": "SHType", "desc": "股东类别"}, {"column": "SecuCoBelongedCode", "desc": "所属券商编号"}, {"column": "SecuCoBelongedName", "desc": "归属机构名称"}, {"column": "SecuCode", "desc": "证券代码"}, {"column": "SecuAbbr", "desc": "证券简称"}, {"column": "HoldSum", "desc": "持股数(股)"}, {"column": "PCTOfTotalShares", "desc": "占总股本比例；占总股本比例（%）（PCTOfTotalShares）：当“信息类别代码（InfoTypeCode）”=1时，持股数(股)/总股本*100当“信息类别代码（InfoTypeCode）”=2时，无限售股数(股)/总股本*100"}, {"column": "RestrainedTShare", "desc": "其中：有限售股数(股)"}, {"column": "UnstintedTShare", "desc": "其中：无限售股数(股)"}, {"column": "HoldSumChange", "desc": "持股数量增减(股)"}, {"column": "HoldSumChangeRate", "desc": "持股数量增减幅度(%)"}, {"column": "HoldAShareSum", "desc": "持有A股数量(股)"}, {"column": "PCTOfFloatShares", "desc": "占流通A股比例(%)"}, {"column": "HoldBShareSum", "desc": "持有B股数量(股)"}, {"column": "HoldHShareSum", "desc": "持有H股数量(股)"}, {"column": "HoldOthterShareSum", "desc": "持有其他股数量(股)"}, {"column": "ShareCharacterStatement", "desc": "股本性质描述"}, {"column": "PledgeInvolvedSum", "desc": "股权质押涉及股数(股)"}, {"column": "FreezeInvolvedSum", "desc": "股权冻结涉及股数(股)"}, {"column": "PFStatement", "desc": "股权质押冻结情况说明"}, {"column": "ConnectionRelation", "desc": "股东关联关系"}, {"column": "ConnectionStatement", "desc": "与其他股东关联关系说明"}, {"column": "ActInConcertStatement", "desc": "与其他股东同属一致行动人说明"}, {"column": "Notes", "desc": "备注说明"}, {"column": "SecuInnerCode", "desc": "证券代码"}, {"column": "SHKindCode", "desc": "股东性质编码"}, {"column": "GDID", "desc": "股东ID"}, {"column": "SHAttribute", "desc": "股东属性"}, {"column": "RestrainedAShare", "desc": "其中:有限售A股数(股)"}, {"column": "UnstintedAShare", "desc": "其中:无限售A股数(股)"}, {"column": "HoldShareASum", "desc": "持有A类普通股数量(股)"}, {"column": "RestrainedShareA", "desc": "其中:有限售A类普通股数量(股)"}, {"column": "UnstintedShareA", "desc": "其中:无限售A类普通股数量(股)"}, {"column": "HoldShareBSum", "desc": "持有B类普通股数量(股)"}, {"column": "RestrainedShareB", "desc": "其中:有限售B类普通股数量(股)"}, {"column": "UnstintedShareB", "desc": "其中:无限售B类普通股数量(股)"}, {"column": "HoldShareCSum", "desc": "持有C类普通股数量(股)"}, {"column": "HoldShareDSum", "desc": "持有D类普通股数量(股)"}, {"column": "HoldOtherComShareSum", "desc": "持有其他类普通股数量(股)1"}, {"column": "HoldChangeType", "desc": "持股变动类型"}, {"column": "PrefShareWithVotRight", "desc": "有投票权的优先股数量(股)"}, {"column": "VotingRightsVol", "desc": "表决权总数(票)"}, {"column": "VotingRightsRatio", "desc": "表决权比例(%)"}, {"column": "SpecialVotingRightsVol", "desc": "特别表决权数量(票)"}, {"column": "PCTOfNRShares", "desc": "占无限售股份比例(%)"}, {"column": "RefinanceLoanShare", "desc": "No description available"}]}]

请选择column，务必遵循输出的格式要求。

>>>>> Agent【Check_db_structure.columns_selector】 Said:
【分析】
用户提问涉及以下几个方面：
1. 海信家电在2021年12月31日属于哪些概念板块。
2. 这些概念板块中，其他公司2021年12月31日的平均有限售股比例。
3. 海信家电的有限售股比例与板块平均水平的比较及偏离程度。

【信息所在字段】
- astockindustrydb.lc_coconcept.InnerCode: 证券内部编码，用于关联海信家电
- astockindustrydb.lc_coconcept.ConceptCode: 概念代码，用于确定海信家电所属的概念板块
- astockindustrydb.lc_coconcept.InDate: 调入日期，用于确认海信家电何时加入该概念板块
- astockindustrydb.lc_coconcept.OutDate: 调出日期，用于确认海信家电何时离开该概念板块
- astockindustrydb.lc_coconcept.IndiState: 所属状态，确认海信家电在2021年12月31日是否属于该概念板块
- astockindustrydb.lc_conceptlist.ConceptName: 概念名称，用于描述概念板块
- astockshareholderdb.lc_sharestru.CompanyCode: 公司代码，用于关联公司信息
- astockshareholderdb.lc_sharestru.RestrictedAFloatShares: 有限售流通A股(股)，用于计算有限售股比例
- astockshareholderdb.lc_sharestru.TotalShares: 总股本(股)，用于计算有限售股比例
- astockshareholderdb.lc_sharestru.EndDate: 日期，用于确认数据是否为2021年12月31日

【筛选条件所在字段】
- astockindustrydb.lc_coconcept.InnerCode: 用于筛选海信家电的信息
- astockindustrydb.lc_coconcept.InDate: 用于筛选2021年12月31日之前调入的概念板块
- astockindustrydb.lc_coconcept.OutDate: 用于筛选2021年12月31日之后调出的概念板块
- astockindustrydb.lc_coconcept.IndiState: 用于筛选状态为正常的概念板块
- astockshareholderdb.lc_sharestru.CompanyCode: 用于筛选海信家电及其他公司的信息
- astockshareholderdb.lc_sharestru.EndDate: 用于筛选2021年12月31日的股本数据

【选中的字段的清单】
```json
{
  "astockindustrydb.lc_coconcept": ["InnerCode", "ConceptCode", "InDate", "OutDate", "IndiState"],
  "astockindustrydb.lc_conceptlist": ["ConceptName"],
  "astockshareholderdb.lc_sharestru": ["CompanyCode", "RestrictedAFloatShares", "TotalShares", "EndDate"]
}
```


>>>>> 【user】 Said:
之前已查询到信息如下:
查询结果表明: 对于公司代码为489的上市公司，截至2021年12月31日，其总股本为1362725370股，其中有限售条件的流通股为303270股，有限售条件的流通股占总股本的比例为0.02%。
---
查询结果表明: 对于公司代码为489的上市公司，在2021年12月31日的数据中，境内自然人持股占总股本的比例为0.0223%，而境外自然人持股数据为空，因此无法计算境外自然人持股比例以及境内与境外自然人持股比例的差值百分比。

请问:海信家电在2021年12月31日属于哪些概念板块？在这些概念板块中，其他公司2021年12月31日的平均有限售股比例是多少？海信家电的有限售股比例是高于还是低于板块平均水平，偏离了多少个百分点？(保留两位小数)

>>>>> Agent【Sql_query.master】 Said:
【已知信息】
- 海信家电的关联信息：所在数据表是constantdb.secumain; InnerCode(证券内部编码)是549; CompanyCode(公司代码)是489; ChiName(中文名称)是海信家电集团股份有限公司; SecuCode(证券代码)是000921; ChiNameAbbr(中文名称缩写)是海信家电。
- 海信家电在2021年12月31日的总股本为1362725370股，有限售条件的流通股为303270股，有限售条件的流通股占总股本的比例为0.02%。

【当前阶段要获取的信息】
- 海信家电在2021年12月31日属于哪些概念板块。

【信息所在字段】
- 概念板块信息在astockindustrydb.lc_coconcept表中，字段为ConceptCode。

【筛选条件所在字段】
- 筛选条件为海信家电的InnerCode为549，并且日期在2021年12月31日之前。

【SQL语句的思路】
- 从astockindustrydb.lc_coconcept表中查询海信家电在2021年12月31日所属的概念板块。

【执行SQL语句】
```exec_sql
SELECT DISTINCT ConceptCode
FROM astockindustrydb.lc_coconcept
WHERE InnerCode = 549 AND InDate <= '2021-12-31' AND (OutDate >= '2021-12-31' OR OutDate IS NULL)
```

【上述SQL语句的含义】
- 查询astockindustrydb.lc_coconcept表中，InnerCode为549的记录，且调入日期在2021年12月31日之前，并且调出日期在2021年12月31日之后或为空，返回 distinct 的 ConceptCode。这样可以确保获取到海信家电在2021年12月31日所属的所有概念板块。

>>>>> 查询sql:
SELECT DISTINCT ConceptCode
FROM astockindustrydb.lc_coconcept
WHERE InnerCode = 549 AND InDate <= '2021-12-31' AND (OutDate >= '2021-12-31' OR OutDate IS NULL);
查询结果:
[{"ConceptCode": 15030013}, {"ConceptCode": 11100022}, {"ConceptCode": 15030008}]


>>>>> 【user】 Said:
查询SQL:
SELECT DISTINCT ConceptCode
FROM astockindustrydb.lc_coconcept
WHERE InnerCode = 549 AND InDate <= '2021-12-31' AND (OutDate >= '2021-12-31' OR OutDate IS NULL);
查询结果:
[{"ConceptCode": 15030013}, {"ConceptCode": 11100022}, {"ConceptCode": 15030008}]

请理解查询结果

>>>>> Agent【Sql_query.understand_query_result】 Said:
查询结果表明: 对于证券内部编码为549的证券，截至2021年12月31日，该证券所属的概念代码有三个，分别是15030013、11100022和15030008。这些概念代码表示该证券在2021年12月31日当天或之前被调入，并且在当天或之后未被调出（或者调出日期为空）。


>>>>> 【user】 Said:
查询SQL:
SELECT DISTINCT ConceptCode
FROM astockindustrydb.lc_coconcept
WHERE InnerCode = 549 AND InDate <= '2021-12-31' AND (OutDate >= '2021-12-31' OR OutDate IS NULL);
查询结果:
[{"ConceptCode": 15030013}, {"ConceptCode": 11100022}, {"ConceptCode": 15030008}]

查询结果表明: 对于证券内部编码为549的证券，截至2021年12月31日，该证券所属的概念代码有三个，分别是15030013、11100022和15030008。这些概念代码表示该证券在2021年12月31日当天或之前被调入，并且在当天或之后未被调出（或者调出日期为空）。

请检查筛选条件是否存在问题，比如时间日期字段没有用DATE()或YEAR()格式化？当然，如果没问题，那么就根据结果考虑下一步；那么当前掌握的信息是否能够回答"海信家电在2021年12月31日属于哪些概念板块？在这些概念板块中，其他公司2021年12月31日的平均有限售股比例是多少？海信家电的有限售股比例是高于还是低于板块平均水平，偏离了多少个百分点？(保留两位小数)"？还是要继续执行下一阶段SQL查询？

>>>>> Agent【Sql_query.master】 Said:
【已知信息】
- 海信家电在2021年12月31日属于三个概念板块，概念代码分别为15030013、11100022和15030008。
- 海信家电在2021年12月31日的有限售股比例为0.02%。

【当前阶段要获取的信息】
- 在这些概念板块中，其他公司2021年12月31日的平均有限售股比例。

【信息所在字段】
- 有限售股比例信息在astockshareholderdb.lc_sharestru表中，字段为RestrictedAFloatShares和TotalShares。

【筛选条件所在字段】
- 筛选条件为概念板块的ConceptCode，并且日期为2021年12月31日。

【SQL语句的思路】
- 首先，需要从astockindustrydb.lc_coconcept表中获取属于这些概念板块的所有公司InnerCode。
- 然后，使用这些InnerCode在astockshareholderdb.lc_sharestru表中查询2021年12月31日的有限售股比例。
- 计算这些公司的平均有限售股比例。

【执行SQL语句】
```exec_sql
SELECT 
    AVG((RestrictedAFloatShares / TotalShares) * 100) AS AvgRestrictedRatio
FROM 
    astockshareholderdb.lc_sharestru
WHERE 
    CompanyCode IN (
        SELECT DISTINCT CompanyCode
        FROM astockindustrydb.lc_coconcept
        WHERE ConceptCode IN (15030013, 11100022, 15030008) 
        AND InDate <= '2021-12-31' 
        AND (OutDate >= '2021-12-31' OR OutDate IS NULL)
    )
    AND EndDate = '2021-12-31'
```

【上述SQL语句的含义】
- 首先，子查询从astockindustrydb.lc_coconcept表中获取属于概念代码15030013、11100022和15030008的所有公司代码（CompanyCode），确保这些公司在2021年12月31日属于这些概念板块。
- 然后，主查询在astockshareholderdb.lc_sharestru表中使用这些公司代码查询2021年12月31日的有限售股比例，并计算这些公司的平均有限售股比例。

下一步将根据查询结果，比较海信家电的有限售股比例与板块平均水平的差异。

>>>>> 查询sql:
SELECT 
    AVG((RestrictedAFloatShares / TotalShares) * 100) AS AvgRestrictedRatio
FROM 
    astockshareholderdb.lc_sharestru
WHERE 
    CompanyCode IN (
        SELECT DISTINCT CompanyCode
        FROM astockindustrydb.lc_coconcept
        WHERE ConceptCode IN (15030013, 11100022, 15030008) 
        AND InDate <= '2021-12-31' 
        AND (OutDate >= '2021-12-31' OR OutDate IS NULL)
    )
    AND EndDate = '2021-12-31';
查询结果:
[{"AvgRestrictedRatio": null}]


>>>>> 【user】 Said:
查询SQL:
SELECT 
    AVG((RestrictedAFloatShares / TotalShares) * 100) AS AvgRestrictedRatio
FROM 
    astockshareholderdb.lc_sharestru
WHERE 
    CompanyCode IN (
        SELECT DISTINCT CompanyCode
        FROM astockindustrydb.lc_coconcept
        WHERE ConceptCode IN (15030013, 11100022, 15030008) 
        AND InDate <= '2021-12-31' 
        AND (OutDate >= '2021-12-31' OR OutDate IS NULL)
    )
    AND EndDate = '2021-12-31';
查询结果:
[{"AvgRestrictedRatio": null}]

请理解查询结果

>>>>> Agent【Sql_query.understand_query_result】 Said:
查询结果表明: 在2021年12月31日，属于概念代码15030013、11100022、15030008的上市公司中，其有限售流通A股占总股本的平均比例（AvgRestrictedRatio）为null，这可能是因为这些公司在该日期没有有限售流通A股的数据，或者相关数据缺失。字段名包括CompanyCode、ConceptCode、InDate、OutDate、EndDate、RestrictedAFloatShares和TotalShares。


>>>>> 【user】 Said:
查询SQL:
SELECT 
    AVG((RestrictedAFloatShares / TotalShares) * 100) AS AvgRestrictedRatio
FROM 
    astockshareholderdb.lc_sharestru
WHERE 
    CompanyCode IN (
        SELECT DISTINCT CompanyCode
        FROM astockindustrydb.lc_coconcept
        WHERE ConceptCode IN (15030013, 11100022, 15030008) 
        AND InDate <= '2021-12-31' 
        AND (OutDate >= '2021-12-31' OR OutDate IS NULL)
    )
    AND EndDate = '2021-12-31';
查询结果:
[{"AvgRestrictedRatio": null}]

查询结果表明: 在2021年12月31日，属于概念代码15030013、11100022、15030008的上市公司中，其有限售流通A股占总股本的平均比例（AvgRestrictedRatio）为null，这可能是因为这些公司在该日期没有有限售流通A股的数据，或者相关数据缺失。字段名包括CompanyCode、ConceptCode、InDate、OutDate、EndDate、RestrictedAFloatShares和TotalShares。

请检查筛选条件是否存在问题，比如时间日期字段没有用DATE()或YEAR()格式化？当然，如果没问题，那么就根据结果考虑下一步；那么当前掌握的信息是否能够回答"海信家电在2021年12月31日属于哪些概念板块？在这些概念板块中，其他公司2021年12月31日的平均有限售股比例是多少？海信家电的有限售股比例是高于还是低于板块平均水平，偏离了多少个百分点？(保留两位小数)"？还是要继续执行下一阶段SQL查询？

>>>>> Agent【Sql_query.master】 Said:
【已知信息】
- 海信家电在2021年12月31日属于三个概念板块，概念代码分别为15030013、11100022和15030008。
- 海信家电在2021年12月31日的有限售股比例为0.02%。
- 属于这些概念板块的其他公司在2021年12月31日的平均有限售股比例为null，可能是因为数据缺失。

【当前阶段要获取的信息】
- 确认是否需要进一步检查筛选条件或数据完整性。

【信息所在字段】
- 有限售股比例信息在astockshareholderdb.lc_sharestru表中，字段为RestrictedAFloatShares和TotalShares。

【筛选条件所在字段】
- 筛选条件为概念板块的ConceptCode，并且日期为2021年12月31日。

【SQL语句的思路】
- 由于查询结果为null，可能需要检查数据完整性或调整查询条件。首先，确认是否有公司在这些概念板块中且有数据记录。

【执行SQL语句】
```exec_sql
SELECT 
    COUNT(*) AS ValidCompanyCount
FROM 
    astockshareholderdb.lc_sharestru
WHERE 
    CompanyCode IN (
        SELECT DISTINCT CompanyCode
        FROM astockindustrydb.lc_coconcept
        WHERE ConceptCode IN (15030013, 11100022, 15030008) 
        AND InDate <= '2021-12-31' 
        AND (OutDate >= '2021-12-31' OR OutDate IS NULL)
    )
    AND EndDate = '2021-12-31'
    AND TotalShares > 0
```

【上述SQL语句的含义】
- 查询astockshareholderdb.lc_sharestru表中，属于概念代码15030013、11100022、15030008的公司，且在2021年12月31日有总股本记录的公司数量。这样可以确认是否有公司在这些概念板块中且有数据记录。

如果查询结果为0，说明确实没有公司在这些概念板块中有数据记录，需要进一步检查数据完整性。如果查询结果大于0，说明有公司有数据记录，但可能有限售股数据缺失，需要进一步分析。

>>>>> 查询sql:
SELECT 
    COUNT(*) AS ValidCompanyCount
FROM 
    astockshareholderdb.lc_sharestru
WHERE 
    CompanyCode IN (
        SELECT DISTINCT CompanyCode
        FROM astockindustrydb.lc_coconcept
        WHERE ConceptCode IN (15030013, 11100022, 15030008) 
        AND InDate <= '2021-12-31' 
        AND (OutDate >= '2021-12-31' OR OutDate IS NULL)
    )
    AND EndDate = '2021-12-31'
    AND TotalShares > 0;
查询结果:
[{"ValidCompanyCount": 0}]


>>>>> 【user】 Said:
查询SQL:
SELECT 
    COUNT(*) AS ValidCompanyCount
FROM 
    astockshareholderdb.lc_sharestru
WHERE 
    CompanyCode IN (
        SELECT DISTINCT CompanyCode
        FROM astockindustrydb.lc_coconcept
        WHERE ConceptCode IN (15030013, 11100022, 15030008) 
        AND InDate <= '2021-12-31' 
        AND (OutDate >= '2021-12-31' OR OutDate IS NULL)
    )
    AND EndDate = '2021-12-31'
    AND TotalShares > 0;
查询结果:
[{"ValidCompanyCount": 0}]

请理解查询结果

>>>>> Agent【Sql_query.understand_query_result】 Said:
查询结果表明: 在2021年12月31日，没有任何一家公司的总股本大于0，并且这些公司属于概念代码为15030013、11100022或15030008的概念板块，且在2021年12月31日仍在该概念板块内（即在2021年12月31日之前调入且在2021年12月31日之后未调出或未设置调出日期）。


>>>>> 【user】 Said:
查询SQL:
SELECT 
    COUNT(*) AS ValidCompanyCount
FROM 
    astockshareholderdb.lc_sharestru
WHERE 
    CompanyCode IN (
        SELECT DISTINCT CompanyCode
        FROM astockindustrydb.lc_coconcept
        WHERE ConceptCode IN (15030013, 11100022, 15030008) 
        AND InDate <= '2021-12-31' 
        AND (OutDate >= '2021-12-31' OR OutDate IS NULL)
    )
    AND EndDate = '2021-12-31'
    AND TotalShares > 0;
查询结果:
[{"ValidCompanyCount": 0}]

查询结果表明: 在2021年12月31日，没有任何一家公司的总股本大于0，并且这些公司属于概念代码为15030013、11100022或15030008的概念板块，且在2021年12月31日仍在该概念板块内（即在2021年12月31日之前调入且在2021年12月31日之后未调出或未设置调出日期）。

请检查筛选条件是否存在问题，比如时间日期字段没有用DATE()或YEAR()格式化？当然，如果没问题，那么就根据结果考虑下一步；那么当前掌握的信息是否能够回答"海信家电在2021年12月31日属于哪些概念板块？在这些概念板块中，其他公司2021年12月31日的平均有限售股比例是多少？海信家电的有限售股比例是高于还是低于板块平均水平，偏离了多少个百分点？(保留两位小数)"？还是要继续执行下一阶段SQL查询？

>>>>> Agent【Sql_query.master】 Said:
【已知信息】
- 海信家电在2021年12月31日属于三个概念板块，概念代码分别为15030013、11100022和15030008。
- 海信家电在2021年12月31日的有限售股比例为0.02%。
- 属于这些概念板块的其他公司在2021年12月31日没有总股本大于0的记录。

【当前阶段要获取的信息】
- 确认是否需要进一步检查筛选条件或数据完整性。

【信息所在字段】
- 有限售股比例信息在astockshareholderdb.lc_sharestru表中，字段为RestrictedAFloatShares和TotalShares。

【筛选条件所在字段】
- 筛选条件为概念板块的ConceptCode，并且日期为2021年12月31日。

【SQL语句的思路】
- 由于查询结果显示没有公司在这些概念板块中有总股本大于0的记录，可能需要检查数据完整性或调整查询条件。首先，确认是否有公司在这些概念板块中且有数据记录。

【执行SQL语句】
```exec_sql
SELECT 
    COUNT(*) AS CompanyInConcept
FROM 
    astockindustrydb.lc_coconcept
WHERE 
    ConceptCode IN (15030013, 11100022, 15030008) 
    AND InDate <= '2021-12-31' 
    AND (OutDate >= '2021-12-31' OR OutDate IS NULL)
```

【上述SQL语句的含义】
- 查询astockindustrydb.lc_coconcept表中，属于概念代码15030013、11100022、15030008的公司，且在2021年12月31日仍在该概念板块内的公司数量。这样可以确认是否有公司在这些概念板块中。

如果查询结果为0，说明确实没有公司在这些概念板块中，需要进一步检查数据完整性。如果查询结果大于0，说明有公司属于这些概念板块，但可能有限售股数据缺失，需要进一步分析。

>>>>> 查询sql:
SELECT 
    COUNT(*) AS CompanyInConcept
FROM 
    astockindustrydb.lc_coconcept
WHERE 
    ConceptCode IN (15030013, 11100022, 15030008) 
    AND InDate <= '2021-12-31' 
    AND (OutDate >= '2021-12-31' OR OutDate IS NULL);
查询结果:
[{"CompanyInConcept": 841}]


>>>>> 【user】 Said:
查询SQL:
SELECT 
    COUNT(*) AS CompanyInConcept
FROM 
    astockindustrydb.lc_coconcept
WHERE 
    ConceptCode IN (15030013, 11100022, 15030008) 
    AND InDate <= '2021-12-31' 
    AND (OutDate >= '2021-12-31' OR OutDate IS NULL);
查询结果:
[{"CompanyInConcept": 841}]

请理解查询结果

>>>>> Agent【Sql_query.understand_query_result】 Said:
查询结果表明: 在2021年12月31日这一天，属于概念代码为15030013、11100022和15030008的上市公司共有841家。这些公司在2021年12月31日之前被调入相关概念板块，并且在当天仍然处于该概念板块中，或者尚未被调出（即OutDate为空或晚于2021年12月31日）。


>>>>> 【user】 Said:
查询SQL:
SELECT 
    COUNT(*) AS CompanyInConcept
FROM 
    astockindustrydb.lc_coconcept
WHERE 
    ConceptCode IN (15030013, 11100022, 15030008) 
    AND InDate <= '2021-12-31' 
    AND (OutDate >= '2021-12-31' OR OutDate IS NULL);
查询结果:
[{"CompanyInConcept": 841}]

查询结果表明: 在2021年12月31日这一天，属于概念代码为15030013、11100022和15030008的上市公司共有841家。这些公司在2021年12月31日之前被调入相关概念板块，并且在当天仍然处于该概念板块中，或者尚未被调出（即OutDate为空或晚于2021年12月31日）。

请检查筛选条件是否存在问题，比如时间日期字段没有用DATE()或YEAR()格式化？当然，如果没问题，那么就根据结果考虑下一步；那么当前掌握的信息是否能够回答"海信家电在2021年12月31日属于哪些概念板块？在这些概念板块中，其他公司2021年12月31日的平均有限售股比例是多少？海信家电的有限售股比例是高于还是低于板块平均水平，偏离了多少个百分点？(保留两位小数)"？还是要继续执行下一阶段SQL查询？

>>>>> Agent【Sql_query.master】 Said:
【已知信息】
- 海信家电在2021年12月31日属于三个概念板块，概念代码分别为15030013、11100022和15030008。
- 海信家电在2021年12月31日的有限售股比例为0.02%。
- 属于这些概念板块的其他公司在2021年12月31日没有总股本大于0的记录。
- 属于这些概念板块的公司共有841家。

【当前阶段要获取的信息】
- 确认是否需要进一步检查筛选条件或数据完整性。

【信息所在字段】
- 有限售股比例信息在astockshareholderdb.lc_sharestru表中，字段为RestrictedAFloatShares和TotalShares。

【筛选条件所在字段】
- 筛选条件为概念板块的ConceptCode，并且日期为2021年12月31日。

【SQL语句的思路】
- 由于查询结果显示有841家公司属于这些概念板块，但之前查询显示这些公司在2021年12月31日没有总股本大于0的记录，可能存在数据缺失或筛选条件问题。需要进一步确认这些公司的有限售股数据是否存在。

【执行SQL语句】
```exec_sql
SELECT 
    COUNT(*) AS ValidShareDataCount
FROM 
    astockshareholderdb.lc_sharestru
WHERE 
    CompanyCode IN (
        SELECT DISTINCT CompanyCode
        FROM astockindustrydb.lc_coconcept
        WHERE ConceptCode IN (15030013, 11100022, 15030008) 
        AND InDate <= '2021-12-31' 
        AND (OutDate >= '2021-12-31' OR OutDate IS NULL)
    )
    AND EndDate = '2021-12-31'
```

【上述SQL语句的含义】
- 查询astockshareholderdb.lc_sharestru表中，属于概念代码15030013、11100022、15030008的公司，且在2021年12月31日有数据记录的公司数量。这样可以确认这些公司的有限售股数据是否存在。

如果查询结果为0，说明这些公司在2021年12月31日确实没有有限售股数据记录，需要进一步检查数据完整性。如果查询结果大于0，说明有公司有数据记录，但可能有限售股数据缺失，需要进一步分析。

>>>>> 查询sql:
SELECT 
    COUNT(*) AS ValidShareDataCount
FROM 
    astockshareholderdb.lc_sharestru
WHERE 
    CompanyCode IN (
        SELECT DISTINCT CompanyCode
        FROM astockindustrydb.lc_coconcept
        WHERE ConceptCode IN (15030013, 11100022, 15030008) 
        AND InDate <= '2021-12-31' 
        AND (OutDate >= '2021-12-31' OR OutDate IS NULL)
    )
    AND EndDate = '2021-12-31';
查询结果:
[{"ValidShareDataCount": 0}]


>>>>> 【user】 Said:
查询SQL:
SELECT 
    COUNT(*) AS ValidShareDataCount
FROM 
    astockshareholderdb.lc_sharestru
WHERE 
    CompanyCode IN (
        SELECT DISTINCT CompanyCode
        FROM astockindustrydb.lc_coconcept
        WHERE ConceptCode IN (15030013, 11100022, 15030008) 
        AND InDate <= '2021-12-31' 
        AND (OutDate >= '2021-12-31' OR OutDate IS NULL)
    )
    AND EndDate = '2021-12-31';
查询结果:
[{"ValidShareDataCount": 0}]

请理解查询结果

>>>>> Agent【Sql_query.understand_query_result】 Said:
查询结果表明: 在2021年12月31日，没有任何一家公司在其股权结构数据表(astockshareholderdb.lc_sharestru)中拥有有效的股权数据，而这些公司属于特定的概念板块（概念代码为15030013、11100022、15030008），并且在2021年12月31日仍在这些概念板块中（即在2021年12月31日之前调入且在此日期之后未调出或未设置调出日期）。具体来说，ValidShareDataCount字段值为0，表示符合条件的公司数量为0。


>>>>> 【user】 Said:
查询SQL:
SELECT 
    COUNT(*) AS ValidShareDataCount
FROM 
    astockshareholderdb.lc_sharestru
WHERE 
    CompanyCode IN (
        SELECT DISTINCT CompanyCode
        FROM astockindustrydb.lc_coconcept
        WHERE ConceptCode IN (15030013, 11100022, 15030008) 
        AND InDate <= '2021-12-31' 
        AND (OutDate >= '2021-12-31' OR OutDate IS NULL)
    )
    AND EndDate = '2021-12-31';
查询结果:
[{"ValidShareDataCount": 0}]

查询结果表明: 在2021年12月31日，没有任何一家公司在其股权结构数据表(astockshareholderdb.lc_sharestru)中拥有有效的股权数据，而这些公司属于特定的概念板块（概念代码为15030013、11100022、15030008），并且在2021年12月31日仍在这些概念板块中（即在2021年12月31日之前调入且在此日期之后未调出或未设置调出日期）。具体来说，ValidShareDataCount字段值为0，表示符合条件的公司数量为0。

请检查筛选条件是否存在问题，比如时间日期字段没有用DATE()或YEAR()格式化？当然，如果没问题，那么就根据结果考虑下一步；那么当前掌握的信息是否能够回答"海信家电在2021年12月31日属于哪些概念板块？在这些概念板块中，其他公司2021年12月31日的平均有限售股比例是多少？海信家电的有限售股比例是高于还是低于板块平均水平，偏离了多少个百分点？(保留两位小数)"？还是要继续执行下一阶段SQL查询？

>>>>> Agent【Sql_query.master】 Said:
【已知信息】
- 海信家电在2021年12月31日属于三个概念板块，概念代码分别为15030013、11100022和15030008。
- 海信家电在2021年12月31日的有限售股比例为0.02%。
- 属于这些概念板块的其他公司在2021年12月31日没有有效的股权数据记录。

【当前阶段要获取的信息】
- 确认是否需要进一步检查筛选条件或数据完整性。

【信息所在字段】
- 有限售股比例信息在astockshareholderdb.lc_sharestru表中，字段为RestrictedAFloatShares和TotalShares。

【筛选条件所在字段】
- 筛选条件为概念板块的ConceptCode，并且日期为2021年12月31日。

【SQL语句的思路】
- 由于查询结果显示没有公司在这些概念板块中有有效的股权数据记录，可能需要检查数据完整性或调整查询条件。首先，确认是否有公司在这些概念板块中且有数据记录。

【执行SQL语句】
```exec_sql
SELECT 
    COUNT(*) AS CompanyWithShareData
FROM 
    astockshareholderdb.lc_sharestru
WHERE 
    CompanyCode IN (
        SELECT DISTINCT CompanyCode
        FROM astockindustrydb.lc_coconcept
        WHERE ConceptCode IN (15030013, 11100022, 15030008) 
        AND InDate <= '2021-12-31' 
        AND (OutDate >= '2021-12-31' OR OutDate IS NULL)
    )
    AND EndDate = '2021-12-31'
    AND TotalShares IS NOT NULL
```

【上述SQL语句的含义】
- 查询astockshareholderdb.lc_sharestru表中，属于概念代码15030013、11100022、15030008的公司，且在2021年12月31日有总股本记录的公司数量。这样可以确认这些公司的股权数据是否存在。

如果查询结果为0，说明这些公司在2021年12月31日确实没有股权数据记录，需要进一步检查数据完整性。如果查询结果大于0，说明有公司有股权数据记录，但可能有限售股数据缺失，需要进一步分析。

>>>>> 查询sql:
SELECT 
    COUNT(*) AS CompanyWithShareData
FROM 
    astockshareholderdb.lc_sharestru
WHERE 
    CompanyCode IN (
        SELECT DISTINCT CompanyCode
        FROM astockindustrydb.lc_coconcept
        WHERE ConceptCode IN (15030013, 11100022, 15030008) 
        AND InDate <= '2021-12-31' 
        AND (OutDate >= '2021-12-31' OR OutDate IS NULL)
    )
    AND EndDate = '2021-12-31'
    AND TotalShares IS NOT NULL;
查询结果:
[{"CompanyWithShareData": 0}]


>>>>> 【user】 Said:
查询SQL:
SELECT 
    COUNT(*) AS CompanyWithShareData
FROM 
    astockshareholderdb.lc_sharestru
WHERE 
    CompanyCode IN (
        SELECT DISTINCT CompanyCode
        FROM astockindustrydb.lc_coconcept
        WHERE ConceptCode IN (15030013, 11100022, 15030008) 
        AND InDate <= '2021-12-31' 
        AND (OutDate >= '2021-12-31' OR OutDate IS NULL)
    )
    AND EndDate = '2021-12-31'
    AND TotalShares IS NOT NULL;
查询结果:
[{"CompanyWithShareData": 0}]

请理解查询结果

>>>>> Agent【Sql_query.understand_query_result】 Said:
查询结果表明: 在2021年12月31日，没有任何一家公司同时满足以下条件：1) 属于概念代码为15030013、11100022或15030008的概念板块；2) 在该日期仍在该概念板块内（调入日期不晚于2021-12-31且调出日期不早于2021-12-31或未调出）；3) 在该日期有总股本数据记录。具体表现为，查询结果中CompanyWithShareData字段的值为0，表示没有符合条件的公司。


>>>>> 【user】 Said:
查询SQL:
SELECT 
    COUNT(*) AS CompanyWithShareData
FROM 
    astockshareholderdb.lc_sharestru
WHERE 
    CompanyCode IN (
        SELECT DISTINCT CompanyCode
        FROM astockindustrydb.lc_coconcept
        WHERE ConceptCode IN (15030013, 11100022, 15030008) 
        AND InDate <= '2021-12-31' 
        AND (OutDate >= '2021-12-31' OR OutDate IS NULL)
    )
    AND EndDate = '2021-12-31'
    AND TotalShares IS NOT NULL;
查询结果:
[{"CompanyWithShareData": 0}]

查询结果表明: 在2021年12月31日，没有任何一家公司同时满足以下条件：1) 属于概念代码为15030013、11100022或15030008的概念板块；2) 在该日期仍在该概念板块内（调入日期不晚于2021-12-31且调出日期不早于2021-12-31或未调出）；3) 在该日期有总股本数据记录。具体表现为，查询结果中CompanyWithShareData字段的值为0，表示没有符合条件的公司。

请检查筛选条件是否存在问题，比如时间日期字段没有用DATE()或YEAR()格式化？当然，如果没问题，那么就根据结果考虑下一步；那么当前掌握的信息是否能够回答"海信家电在2021年12月31日属于哪些概念板块？在这些概念板块中，其他公司2021年12月31日的平均有限售股比例是多少？海信家电的有限售股比例是高于还是低于板块平均水平，偏离了多少个百分点？(保留两位小数)"？还是要继续执行下一阶段SQL查询？

>>>>> Agent【Sql_query.master】 Said:
【已知信息】
- 海信家电在2021年12月31日属于三个概念板块，概念代码分别为15030013、11100022和15030008。
- 海信家电在2021年12月31日的有限售股比例为0.02%。
- 属于这些概念板块的其他公司在2021年12月31日没有有效的股权数据记录。

【当前阶段要获取的信息】
- 由于没有其他公司的股权数据，无法计算平均有限售股比例，因此无法直接回答海信家电的有限售股比例是否高于或低于板块平均水平。

【信息所在字段】
- 有限售股比例信息在astockshareholderdb.lc_sharestru表中，字段为RestrictedAFloatShares和TotalShares。

【筛选条件所在字段】
- 筛选条件为概念板块的ConceptCode，并且日期为2021年12月31日。

【SQL语句的思路】
- 由于没有其他公司的股权数据，无法进行进一步的SQL查询来计算平均有限售股比例。

【执行SQL语句】
无

【上述SQL语句的含义】
- 由于没有其他公司的股权数据，无法执行SQL语句来获取平均有限售股比例。

当前掌握的信息无法完全回答问题，因为缺乏其他公司股权数据，无法计算平均有限售股比例，因此无法比较海信家电的有限售股比例与板块平均水平的差异。


>>>>> 【user】 Said:
充分尊重前面给出的结论，回答问题:"海信家电在2021年12月31日属于哪些概念板块？在这些概念板块中，其他公司2021年12月31日的平均有限售股比例是多少？海信家电的有限售股比例是高于还是低于板块平均水平，偏离了多少个百分点？(保留两位小数)"

>>>>> Agent【Sql_query.summary】 Said:
海信家电在2021年12月31日属于以下概念板块:
- 概念代码15030013
- 概念代码11100022
- 概念代码15030008

在这些概念板块中，其他公司2021年12月31日的平均有限售股比例: 无法计算（因无数据）

海信家电的有限售股比例与板块平均水平的比较: 无法比较（因无数据）

偏离百分点: 无法计算（因无数据）
