
>>>>> Original Question: 卧龙电气驱动集团股份有限公司的注册地在哪个省份？


>>>>> Agent【extract_company】 Said:
```json
["卧龙电气驱动集团股份有限公司"]
```

>>>>> 查询sql:
SELECT 'constantdb.secumain' AS TableName, InnerCode, CompanyCode, ChiName, EngName, SecuCode
FROM constantdb.secumain 
WHERE SecuCode = '卧龙电气驱动集团股份有限公司'
   OR ChiName LIKE '%卧龙电气驱动集团股份有限公司%'
   OR ChiNameAbbr LIKE '%卧龙电气驱动集团股份有限公司%'
   OR EngName LIKE '%卧龙电气驱动集团股份有限公司%'
   OR EngNameAbbr LIKE '%卧龙电气驱动集团股份有限公司%'
   OR SecuAbbr LIKE '%卧龙电气驱动集团股份有限公司%'
UNION ALL
SELECT 'constantdb.hk_secumain' AS TableName, InnerCode, CompanyCode, ChiName, EngName, SecuCode
FROM constantdb.hk_secumain 
WHERE SecuCode = '%卧龙电气驱动集团股份有限公司%'
   OR ChiName LIKE '%卧龙电气驱动集团股份有限公司%'
   OR ChiNameAbbr LIKE '%卧龙电气驱动集团股份有限公司%'
   OR EngName LIKE '%卧龙电气驱动集团股份有限公司%'
   OR EngNameAbbr LIKE '%卧龙电气驱动集团股份有限公司%'
   OR SecuAbbr LIKE '%卧龙电气驱动集团股份有限公司%'
   OR FormerName LIKE '%卧龙电气驱动集团股份有限公司%'
UNION ALL
SELECT 'constantdb.us_secumain' AS TableName, InnerCode, CompanyCode, ChiName, EngName, SecuCode
FROM constantdb.us_secumain 
WHERE SecuCode = '卧龙电气驱动集团股份有限公司'
   OR ChiName LIKE '%卧龙电气驱动集团股份有限公司%'
   OR EngName LIKE '%卧龙电气驱动集团股份有限公司%'
   OR SecuAbbr LIKE '%卧龙电气驱动集团股份有限公司%';
查询结果:
[{"TableName": "constantdb.secumain", "InnerCode": 1769, "CompanyCode": 1513, "ChiName": "卧龙电气驱动集团股份有限公司", "EngName": "Wolong Electric Group Co.,Ltd.", "SecuCode": "600580"}]


>>>>> Agent【rewrite_question】 Said:
卧龙电气驱动集团股份有限公司（CompanyCode: 1513, InnerCode: 1769）的注册地在哪个省份？

>>>>> 已知事实:
卧龙电气驱动集团股份有限公司的关联信息有:[InnerCode(证券内部编码)是1769;CompanyCode(公司代码)是1513;ChiName(中文名称)是卧龙电气驱动集团股份有限公司;EngName(英文名称)是Wolong Electric Group Co.,Ltd.;SecuCode(证券代码)是600580;]

>>>>> Agent【Check_db_structure.db_selector】 Said:
【分析】
用户询问的是卧龙电气驱动集团股份有限公司的注册地省份，这属于公司基本信息的范畴。根据知识库中的描述，"astockbasicinfodb"（上市公司基本资料）数据库记录了上市公司的详细资料，包括注册信息等。

【选中的数据库】
- astockbasicinfodb: 这个数据库包含上市公司的基本资料，如注册信息等。

【选中的数据库的清单】
```json
["astockbasicinfodb"]
```


>>>>> Agent【Check_db_structure.table_selector】 Said:
【分析】
用户需要查询卧龙电气驱动集团股份有限公司的注册地省份。根据提供的数据表信息，`astockbasicinfodb.lc_stockarchives` 表中包含了公司的基本信息，其中包括公司代码、首次注册登记地点等信息。因此，这个表是最适合用来查询公司注册地省份的。

【选中的数据表】
- astockbasicinfodb.lc_stockarchives: 这个数据表包含公司的基本信息，如公司代码、首次注册登记地点等，可以用来查询公司的注册地省份。

【选中的数据库表的清单】
```json
["astockbasicinfodb.lc_stockarchives"]
```


>>>>> Agent【Check_db_structure.columns_selector】 Said:
【分析】
用户提问要求找出卧龙电气驱动集团股份有限公司（CompanyCode: 1513, InnerCode: 1769）的注册地所在的省份。根据描述，需要找到与公司代码和注册地省份相关的字段。

【信息所在字段】
- astockbasicinfodb.lc_stockarchives.State: 这个字段可能包含公司注册地的省份信息，对应用户提问中的“注册地在哪个省份”。
- astockbasicinfodb.lc_stockarchives.CompanyCode: 这个字段可能包含公司代码信息，对应用户提问中的“CompanyCode: 1513”。
- constantdb.secumain.InnerCode: 这个字段可能包含证券内部编码信息，对应用户提问中的“InnerCode: 1769”。

【筛选条件所在字段】
- astockbasicinfodb.lc_stockarchives.CompanyCode: 这个字段用于筛选特定公司代码，对应用户提问中的“CompanyCode: 1513”。
- constantdb.secumain.InnerCode: 这个字段用于筛选特定证券内部编码，对应用户提问中的“InnerCode: 1769”。

【选中的字段的清单】
```json
{
  "astockbasicinfodb.lc_stockarchives": ["State", "CompanyCode"],
  "constantdb.secumain": ["InnerCode"]
}
```


>>>>> Agent【Sql_query.master】 Said:
【已知信息】
- CompanyCode: 1513
- InnerCode: 1769
- ChiName: 卧龙电气驱动集团股份有限公司
- EngName: Wolong Electric Group Co., Ltd.
- SecuCode: 600580

【当前阶段要获取的信息】
- 注册地省份

【信息所在字段】
- `State`（国别；省份）

【筛选条件所在字段】
- `CompanyCode`

【SQL语句的思路】
- 从 `astockbasicinfodb.lc_stockarchives` 表中查询 `State` 字段
- 使用 `CompanyCode` 作为筛选条件

【执行SQL语句】
```exec_sql
SELECT State 
FROM astockbasicinfodb.lc_stockarchives 
WHERE CompanyCode = 1513
LIMIT 1
```

【上述SQL语句的含义】
- 从 `astockbasicinfodb.lc_stockarchives` 表中筛选出 `CompanyCode` 为 1513 的记录，并获取其 `State` 字段的值，限制返回结果为1条。

>>>>> 查询sql:
SELECT State 
FROM astockbasicinfodb.lc_stockarchives 
WHERE CompanyCode = 1513
LIMIT 1;
查询结果:
[{"State": 144210000}]


>>>>> Agent【Sql_query.understand_query_result】 Said:
查询结果表明: 该查询从“astockbasicinfodb.lc_stockarchives”表中获取了公司代码为1513的记录的国别信息，结果显示该公司的国别代码为144210000。这个国别代码可以与“国家城市代码表（LC_AreaCode）”中的“地区内部编码（AreaInnerCode）”关联，以获取具体的省份信息。


>>>>> Agent【Sql_query.master】 Said:
【已知信息】
- CompanyCode: 1513
- InnerCode: 1769
- ChiName: 卧龙电气驱动集团股份有限公司
- EngName: Wolong Electric Group Co., Ltd.
- SecuCode: 600580
- State（国别代码）: 144210000

【当前阶段要获取的信息】
- 注册地省份的具体信息

【信息所在字段】
- `AreaName`（地区名称）

【筛选条件所在字段】
- `AreaInnerCode`

【SQL语句的思路】
- 从 `LC_AreaCode` 表中查询 `AreaName` 字段
- 使用 `AreaInnerCode` 作为筛选条件，匹配 `State` 字段的值

【执行SQL语句】
```exec_sql
SELECT AreaName 
FROM LC_AreaCode 
WHERE AreaInnerCode = 144210000
LIMIT 1
```

【上述SQL语句的含义】
- 从 `LC_AreaCode` 表中筛选出 `AreaInnerCode` 为 144210000 的记录，并获取其 `AreaName` 字段的值，限制返回结果为1条。这将帮助我们获取具体的省份信息。

>>>>> 查询sql:
SELECT AreaName 
FROM LC_AreaCode 
WHERE AreaInnerCode = 144210000
LIMIT 1;
查询失败: 查询执行失败: (mysql.connector.errors.ProgrammingError) 1046 (3D000): No database selected
[SQL: SELECT AreaName 
FROM LC_AreaCode 
WHERE AreaInnerCode = 144210000
LIMIT 1;]
(Background on this error at: https://sqlalche.me/e/20/f405)


>>>>> Agent【Sql_query.master】 Said:
【已知信息】
- CompanyCode: 1513
- InnerCode: 1769
- ChiName: 卧龙电气驱动集团股份有限公司
- EngName: Wolong Electric Group Co., Ltd.
- SecuCode: 600580
- State（国别代码）: 144210000

【当前阶段要获取的信息】
- 注册地省份的具体信息

【信息所在字段】
- `AreaName`（地区名称）

【筛选条件所在字段】
- `AreaInnerCode`

【SQL语句的思路】
- 从 `LC_AreaCode` 表中查询 `AreaName` 字段
- 使用 `AreaInnerCode` 作为筛选条件，匹配 `State` 字段的值
- 由于查询失败提示 "No database selected"，需要在 SQL 语句中指定数据库

【执行SQL语句】
```exec_sql
SELECT AreaName 
FROM astockbasicinfodb.LC_AreaCode 
WHERE AreaInnerCode = 144210000
LIMIT 1
```

【上述SQL语句的含义】
- 从 `astockbasicinfodb` 数据库中的 `LC_AreaCode` 表中筛选出 `AreaInnerCode` 为 144210000 的记录，并获取其 `AreaName` 字段的值，限制返回结果为1条。这将帮助我们获取具体的省份信息。

>>>>> 查询sql:
SELECT AreaName 
FROM astockbasicinfodb.LC_AreaCode 
WHERE AreaInnerCode = 144210000
LIMIT 1;
查询失败: 查询执行失败: (mysql.connector.errors.ProgrammingError) 1146 (42S02): Table 'astockbasicinfodb.lc_areacode' doesn't exist
[SQL: SELECT AreaName 
FROM astockbasicinfodb.LC_AreaCode 
WHERE AreaInnerCode = 144210000
LIMIT 1;]
(Background on this error at: https://sqlalche.me/e/20/f405)


>>>>> Agent【Sql_query.master】 Said:
【已知信息】
- CompanyCode: 1513
- InnerCode: 1769
- ChiName: 卧龙电气驱动集团股份有限公司
- EngName: Wolong Electric Group Co., Ltd.
- SecuCode: 600580
- State（国别代码）: 144210000

【当前阶段要获取的信息】
- 注册地省份的具体信息

【信息所在字段】
- `AreaName`（地区名称）

【筛选条件所在字段】
- `AreaInnerCode`

【SQL语句的思路】
- 由于 `astockbasicinfodb.LC_AreaCode` 表不存在，需要确认正确的表名
- 假设 `LC_AreaCode` 表可能在另一个数据库中，尝试使用 `constantdb.LC_AreaCode`

【执行SQL语句】
```exec_sql
SELECT AreaName 
FROM constantdb.LC_AreaCode 
WHERE AreaInnerCode = 144210000
LIMIT 1
```

【上述SQL语句的含义】
- 从 `constantdb` 数据库中的 `LC_AreaCode` 表中筛选出 `AreaInnerCode` 为 144210000 的记录，并获取其 `AreaName` 字段的值，限制返回结果为1条。这将帮助我们获取具体的省份信息。

>>>>> 查询sql:
SELECT AreaName 
FROM constantdb.LC_AreaCode 
WHERE AreaInnerCode = 144210000
LIMIT 1;
查询失败: 查询执行失败: (mysql.connector.errors.ProgrammingError) 1054 (42S22): Unknown column 'AreaName' in 'field list'
[SQL: SELECT AreaName 
FROM constantdb.LC_AreaCode 
WHERE AreaInnerCode = 144210000
LIMIT 1;]
(Background on this error at: https://sqlalche.me/e/20/f405)


>>>>> Agent【Sql_query.master】 Said:
【已知信息】
- CompanyCode: 1513
- InnerCode: 1769
- ChiName: 卧龙电气驱动集团股份有限公司
- EngName: Wolong Electric Group Co., Ltd.
- SecuCode: 600580
- State（国别代码）: 144210000

【当前阶段要获取的信息】
- 注册地省份的具体信息

【信息所在字段】
- `AreaName`（地区名称）

【筛选条件所在字段】
- `AreaInnerCode`

【SQL语句的思路】
- 由于 `AreaName` 字段不存在，需要确认正确的字段名
- 假设 `AreaName` 字段可能在另一个名称下，尝试使用常见的字段名如 `ProvinceName` 或 `RegionName`

【执行SQL语句】
```exec_sql
SELECT ProvinceName 
FROM constantdb.LC_AreaCode 
WHERE AreaInnerCode = 144210000
LIMIT 1
```

【上述SQL语句的含义】
- 从 `constantdb` 数据库中的 `LC_AreaCode` 表中筛选出 `AreaInnerCode` 为 144210000 的记录，并获取其 `ProvinceName` 字段的值，限制返回结果为1条。这将帮助我们获取具体的省份信息。

如果 `ProvinceName` 也不存在，请提供该表的字段信息以便进一步确认正确的字段名。

>>>>> 查询sql:
SELECT ProvinceName 
FROM constantdb.LC_AreaCode 
WHERE AreaInnerCode = 144210000
LIMIT 1;
查询失败: 查询执行失败: (mysql.connector.errors.ProgrammingError) 1054 (42S22): Unknown column 'ProvinceName' in 'field list'
[SQL: SELECT ProvinceName 
FROM constantdb.LC_AreaCode 
WHERE AreaInnerCode = 144210000
LIMIT 1;]
(Background on this error at: https://sqlalche.me/e/20/f405)


>>>>> Agent【Sql_query.master】 Said:
【已知信息】
- CompanyCode: 1513
- InnerCode: 1769
- ChiName: 卧龙电气驱动集团股份有限公司
- EngName: Wolong Electric Group Co., Ltd.
- SecuCode: 600580
- State（国别代码）: 144210000

【当前阶段要获取的信息】
- 注册地省份的具体信息

【信息所在字段】
- 未知（需要确认）

【筛选条件所在字段】
- `AreaInnerCode`

【SQL语句的思路】
- 由于 `AreaName` 和 `ProvinceName` 字段均不存在，需要确认 `LC_AreaCode` 表中具体的字段名
- 先查询 `LC_AreaCode` 表的结构，获取所有字段名

【执行SQL语句】
```exec_sql
SHOW COLUMNS FROM constantdb.LC_AreaCode
```

【上述SQL语句的含义】
- 查询 `constantdb` 数据库中的 `LC_AreaCode` 表的所有字段名，以便确认包含省份信息的正确字段名。

请执行此查询并提供结果，以便进一步确定正确的字段名。

>>>>> 查询sql:
SHOW COLUMNS FROM constantdb.LC_AreaCode;
查询结果:
[{"Field": "ID", "Type": "bigint", "Null": "NO", "Key": "PRI", "Default": null, "Extra": ""}, {"Field": "AreaInnerCode", "Type": "bigint", "Null": "YES", "Key": "", "Default": null, "Extra": ""}, {"Field": "AreaCode", "Type": "longtext", "Null": "YES", "Key": "", "Default": null, "Extra": ""}, {"Field": "FirstLevelCode", "Type": "bigint", "Null": "YES", "Key": "", "Default": null, "Extra": ""}, {"Field": "SecondLevelCode", "Type": "bigint", "Null": "YES", "Key": "", "Default": null, "Extra": ""}, {"Field": "AreaChiName", "Type": "longtext", "Null": "YES", "Key": "", "Default": null, "Extra": ""}, {"Field": "AreaEngName", "Type": "longtext", "Null": "YES", "Key": "", "Default": null, "Extra": ""}, {"Field": "AreaEngNameAbbr", "Type": "longtext", "Null": "YES", "Key": "", "Default": null, "Extra": ""}, {"Field": "ParentNode", "Type": "bigint", "Null": "YES", "Key": "", "Default": null, "Extra": ""}, {"Field": "ParentName", "Type": "longtext", "Null": "YES", "Key": "", "Default": null, "Extra": ""}, {"Field": "IfEffected", "Type": "bigint", "Null": "YES", "Key": "", "Default": null, "Extra": ""}, {"Field": "CancelDate", "Type": "longtext", "Null": "YES", "Key": "", "Default": null, "Extra": ""}, {"Field": "ChangeNote", "Type": "longtext", "Null": "YES", "Key": "", "Default": null, "Extra": ""}, {"Field": "Remark", "Type": "longtext", "Null": "YES", "Key": "", "Default": null, "Extra": ""}, {"Field": "UpdateTime", "Type": "longtext", "Null": "YES", "Key": "", "Default": null, "Extra": ""}, {"Field": "JSID", "Type": "bigint", "Null": "YES", "Key": "", "Default": null, "Extra": ""}, {"Field": "InsertTime", "Type": "longtext", "Null": "YES", "Key": "", "Default": null, "Extra": ""}]


>>>>> Agent【Sql_query.understand_query_result】 Said:
查询结果表明: constantdb数据库中的LC_AreaCode表包含以下字段及其属性：ID字段为bigint类型，不允许为空，是主键；AreaInnerCode字段为bigint类型，允许为空；AreaCode字段为longtext类型，允许为空；FirstLevelCode字段为bigint类型，允许为空；SecondLevelCode字段为bigint类型，允许为空；AreaChiName字段为longtext类型，允许为空；AreaEngName字段为longtext类型，允许为空；AreaEngNameAbbr字段为longtext类型，允许为空；ParentNode字段为bigint类型，允许为空；ParentName字段为longtext类型，允许为空；IfEffected字段为bigint类型，允许为空；CancelDate字段为longtext类型，允许为空；ChangeNote字段为longtext类型，允许为空；Remark字段为longtext类型，允许为空；UpdateTime字段为longtext类型，允许为空；JSID字段为bigint类型，允许为空；InsertTime字段为longtext类型，允许为空。所有字段均无默认值。


>>>>> Agent【Sql_query.master】 Said:
【已知信息】
- CompanyCode: 1513
- InnerCode: 1769
- ChiName: 卧龙电气驱动集团股份有限公司
- EngName: Wolong Electric Group Co., Ltd.
- SecuCode: 600580
- State（国别代码）: 144210000
- `LC_AreaCode` 表的字段信息

【当前阶段要获取的信息】
- 注册地省份的具体信息

【信息所在字段】
- `AreaChiName`（地区中文名称）

【筛选条件所在字段】
- `AreaInnerCode`

【SQL语句的思路】
- 从 `constantdb.LC_AreaCode` 表中查询 `AreaChiName` 字段
- 使用 `AreaInnerCode` 作为筛选条件，匹配 `State` 字段的值

【执行SQL语句】
```exec_sql
SELECT AreaChiName 
FROM constantdb.LC_AreaCode 
WHERE AreaInnerCode = 144210000
LIMIT 1
```

【上述SQL语句的含义】
- 从 `constantdb` 数据库中的 `LC_AreaCode` 表中筛选出 `AreaInnerCode` 为 144210000 的记录，并获取其 `AreaChiName` 字段的值，限制返回结果为1条。这将帮助我们获取具体的省份信息。

>>>>> 查询sql:
SELECT AreaChiName 
FROM constantdb.LC_AreaCode 
WHERE AreaInnerCode = 144210000
LIMIT 1;
查询结果:
[{"AreaChiName": "浙江省"}]


>>>>> Agent【Sql_query.understand_query_result】 Said:
查询结果表明: 查询到的地区中文名称（AreaChiName）为“浙江省”，对应的地区内部编码（AreaInnerCode）为144210000。


>>>>> Agent【Sql_query.master】 Said:
【已知信息】
- CompanyCode: 1513
- InnerCode: 1769
- ChiName: 卧龙电气驱动集团股份有限公司
- EngName: Wolong Electric Group Co., Ltd.
- SecuCode: 600580
- State（国别代码）: 144210000
- 注册地省份: 浙江省

【当前阶段要获取的信息】
- 无

【信息所在字段】
- 无

【筛选条件所在字段】
- 无

【SQL语句的思路】
- 无需进一步查询，当前信息已足够回答问题

【执行SQL语句】
```exec_sql
无
```

【上述SQL语句的含义】
- 无需进一步执行SQL查询，当前掌握的信息已能够回答问题。

**结论**:
卧龙电气驱动集团股份有限公司（CompanyCode: 1513, InnerCode: 1769）的注册地在浙江省。无需继续执行下一阶段SQL查询。


>>>>> Agent【Sql_query.summary】 Said:
浙江省
