
>>>>> Original Question: 在上述成交量最大的那天，该股票是否创下了近一周、近一月或近一季度的新高？如果是，分别创下了哪些新高？


>>>>> Agent【extract_company】 Said:
No Entities.


>>>>> Agent【rewrite_question】 Said:
在2019年3月19日，桐昆集团股份有限公司（CompanyCode: 149461, InnerCode: 13045）的股票是否创下了近一周、近一月或近一季度的新高？如果是，分别创下了哪些新高？

>>>>> 已知事实:
桐昆股份的关联信息有:[InnerCode(证券内部编码)是13045;CompanyCode(公司代码)是149461;ChiName(中文名称)是桐昆集团股份有限公司;EngName(英文名称)是Tongkun Group Co.,Ltd;SecuCode(证券代码)是601233;]

>>>>> Agent【Check_db_structure.db_selector】 Said:
【分析】
用户需要查询桐昆集团股份有限公司在2019年3月19日的股票价格是否创下了近一周、近一月或近一季度的新高。这需要获取该股票在2019年3月19日及其前后一段时间内的股票价格数据，并进行比较。

【选中的数据库】
- astockmarketquotesdb: 这个数据库记录了上市公司股票行情，包括每日行情、技术指标等，可以获取桐昆集团股份有限公司在2019年3月19日及其前后一段时间的股票价格数据。

【选中的数据库的清单】
```json
["astockmarketquotesdb"]
```


>>>>> Agent【Check_db_structure.table_selector】 Said:
【分析】
要判断桐昆集团股份有限公司在2019年3月19日的股票是否创下了近一周、近一月或近一季度的新高，我们需要以下信息：
1. 桐昆集团股份有限公司的股票价格数据。
2. 该股票在近一周、近一月和近一季度内的最高价格。

【选中的数据表】
- astockmarketquotesdb.cs_stockpatterns: 这个数据表包含证券交易的多维度表现与趋势分析，特别是高点与低点分析，包括价格在近一周、一个月、一季度内的创高情况。
- astockmarketquotesdb.qt_dailyquote: 这个数据表记录了每日交易的核心信息，包括最高价，可以用于验证具体日期的股票价格。

【选中的数据库表的清单】
```json
["astockmarketquotesdb.cs_stockpatterns", "astockmarketquotesdb.qt_dailyquote"]
```


>>>>> Agent【Check_db_structure.columns_selector】 Said:
【分析】
用户提问涉及桐昆集团股份有限公司在2019年3月19日的股票表现，具体询问是否创下了近一周、近一月或近一季度的新高。需要查找相关字段以确定该日期的股票是否达到这些新高。

【信息所在字段】
- astockmarketquotesdb.cs_stockpatterns.IfHighestHPriceRW: 这个字段可能包含是否创近一周的新高信息，对应用户提问中的近一周新高
- astockmarketquotesdb.cs_stockpatterns.IfHighestHPriceRM: 这个字段可能包含是否创近一月的新高信息，对应用户提问中的近一月新高
- astockmarketquotesdb.cs_stockpatterns.IfHighestHPriceRMThree: 这个字段可能包含是否创近一季度的新高信息，对应用户提问中的近一季度新高

【筛选条件所在字段】
- astockmarketquotesdb.cs_stockpatterns.InnerCode: 这个字段可能包含证券内部编码信息，对应用户提问中的InnerCode: 13045
- astockmarketquotesdb.cs_stockpatterns.TradingDay: 这个字段可能包含交易日信息，对应用户提问中的2019年3月19日
- constantdb.secumain.CompanyCode: 这个字段可能包含公司代码信息，对应用户提问中的CompanyCode: 149461
- constantdb.secumain.InnerCode: 这个字段用于关联证券内部编码，与cs_stockpatterns表中的InnerCode关联

【选中的字段的清单】
```json
{
  "astockmarketquotesdb.cs_stockpatterns": ["IfHighestHPriceRW", "IfHighestHPriceRM", "IfHighestHPriceRMThree", "InnerCode", "TradingDay"],
  "constantdb.secumain": ["CompanyCode", "InnerCode"]
}
```


>>>>> Agent【Sql_query.master】 Said:
【已知信息】
- 桐昆股份的关联信息：InnerCode(证券内部编码)是13045, CompanyCode(公司代码)是149461, ChiName(中文名称)是桐昆集团股份有限公司, EngName(英文名称)是Tongkun Group Co., Ltd, SecuCode(证券代码)是601233
- 2019年第一季度（2019-01-01至2019-03-31）的最高价为15.75元，最低价为9.34元
- 2019年3月19日的成交量为114768200股，是第一季度成交量最大的一天

【当前阶段要获取的信息】
- 2019年3月19日，桐昆股份是否创下了近一周、近一月或近一季度的新高

【信息所在字段】
- `IfHighestHPriceRW`：是否创近一周的新高
- `IfHighestHPriceRM`：是否创近一月的新高
- `IfHighestHPriceRMThree`：是否创近一季度的新高

【筛选条件所在字段】
- `InnerCode`：证券内部编码
- `TradingDay`：交易日

【SQL语句的思路】
- 从`astockmarketquotesdb.cs_stockpatterns`表中查询2019年3月19日桐昆股份的相关新高信息
- 使用`InnerCode`和`TradingDay`作为筛选条件

【执行SQL语句】
```exec_sql
SELECT IfHighestHPriceRW, IfHighestHPriceRM, IfHighestHPriceRMThree
FROM astockmarketquotesdb.cs_stockpatterns
WHERE InnerCode = 13045 AND DATE(TradingDay) = '2019-03-19'
LIMIT 1
```

【上述SQL语句的含义】
- 从`astockmarketquotesdb.cs_stockpatterns`表中选取2019年3月19日，证券内部编码为13045的记录
- 查询该记录是否创下了近一周、近一月和近一季度的新高
- 限制结果只返回一条记录，以确保数据的唯一性

>>>>> 查询sql:
SELECT IfHighestHPriceRW, IfHighestHPriceRM, IfHighestHPriceRMThree
FROM astockmarketquotesdb.cs_stockpatterns
WHERE InnerCode = 13045 AND DATE(TradingDay) = '2019-03-19'
LIMIT 1;
查询结果:
[{"IfHighestHPriceRW": 1, "IfHighestHPriceRM": 1, "IfHighestHPriceRMThree": 1}]


>>>>> Agent【Sql_query.understand_query_result】 Said:
查询结果表明: 在2019年3月19日，证券内部编码为13045的股票创下了近一周、近一月以及近一季度的新高，具体表现为IfHighestHPriceRW字段值为1，IfHighestHPriceRM字段值为1，IfHighestHPriceRMThree字段值为1。


>>>>> Agent【Sql_query.master】 Said:
【已知信息】
- 桐昆股份的关联信息：InnerCode(证券内部编码)是13045, CompanyCode(公司代码)是149461, ChiName(中文名称)是桐昆集团股份有限公司, EngName(英文名称)是Tongkun Group Co., Ltd, SecuCode(证券代码)是601233
- 2019年第一季度（2019-01-01至2019-03-31）的最高价为15.75元，最低价为9.34元
- 2019年3月19日的成交量为114768200股，是第一季度成交量最大的一天
- 2019年3月19日，证券内部编码为13045的股票创下了近一周、近一月以及近一季度的新高（IfHighestHPriceRW = 1, IfHighestHPriceRM = 1, IfHighestHPriceRMThree = 1）

【当前阶段要获取的信息】
无

【信息所在字段】
无

【筛选条件所在字段】
无

【SQL语句的思路】
无

【执行SQL语句】
无

【上述SQL语句的含义】
无

当前掌握的信息已经能够回答“在2019年3月19日，桐昆集团股份有限公司（CompanyCode: 149461, InnerCode: 13045）的股票是否创下了近一周、近一月或近一季度的新高？如果是，分别创下了哪些新高？”的问题。具体回答如下：

在2019年3月19日，桐昆集团股份有限公司（CompanyCode: 149461, InnerCode: 13045）的股票确实创下了以下新高：
- 近一周的新高（IfHighestHPriceRW = 1）
- 近一月的新高（IfHighestHPriceRM = 1）
- 近一季度的新高（IfHighestHPriceRMThree = 1）

因此，无需继续执行下一阶段的SQL查询。


>>>>> Agent【Sql_query.summary】 Said:
在2019年3月19日，桐昆集团股份有限公司（CompanyCode: 149461, InnerCode: 13045）的股票创下了以下新高：
- 近一周新高
- 近一月新高
- 近一季度新高
