
>>>>> Original Question: 彩虹股份在2019年的最大借贷金额是多少？


>>>>> 【user】 Said:
已知事实:无。
历史问答:无。
现在用户继续提问，请根据已知信息，理解当前这个问题的完整含义，并重写这个问题使得单独拿出来看仍然能够正确理解：彩虹股份在2019年的最大借贷金额是多少？

>>>>> Agent【rewrite_question】 Said:
请问彩虹股份在2019年度内的最大借贷金额具体是多少？


>>>>> 【user】 Said:
提取下面这段文字里的实体，如公司名、股票代码等，如果识别结果是空，那么就回复No Entities."请问彩虹股份在2019年度内的最大借贷金额具体是多少？"

>>>>> Agent【extract_company】 Said:
```json
["彩虹股份"]
```

>>>>> 查询sql:
SELECT 'constantdb.secumain' AS TableName, InnerCode, CompanyCode, ChiName, EngName, SecuCode
FROM constantdb.secumain 
WHERE SecuCode = '彩虹股份'
   OR ChiName LIKE '%彩虹股份%'
   OR ChiNameAbbr LIKE '%彩虹股份%'
   OR EngName LIKE '%彩虹股份%'
   OR EngNameAbbr LIKE '%彩虹股份%'
   OR SecuAbbr LIKE '%彩虹股份%'
UNION ALL
SELECT 'constantdb.hk_secumain' AS TableName, InnerCode, CompanyCode, ChiName, EngName, SecuCode
FROM constantdb.hk_secumain 
WHERE SecuCode = '%彩虹股份%'
   OR ChiName LIKE '%彩虹股份%'
   OR ChiNameAbbr LIKE '%彩虹股份%'
   OR EngName LIKE '%彩虹股份%'
   OR EngNameAbbr LIKE '%彩虹股份%'
   OR SecuAbbr LIKE '%彩虹股份%'
   OR FormerName LIKE '%彩虹股份%'
UNION ALL
SELECT 'constantdb.us_secumain' AS TableName, InnerCode, CompanyCode, ChiName, EngName, SecuCode
FROM constantdb.us_secumain 
WHERE SecuCode = '彩虹股份'
   OR ChiName LIKE '%彩虹股份%'
   OR EngName LIKE '%彩虹股份%'
   OR SecuAbbr LIKE '%彩虹股份%';
查询结果:
[{"TableName": "constantdb.secumain", "InnerCode": 1932, "CompanyCode": 1640, "ChiName": "彩虹显示器件股份有限公司", "EngName": "Caihong Display Devices Co.,Ltd.", "SecuCode": "600707"}]

>>>>> 已知事实:
彩虹股份的关联信息有:[所在数据表是constantdb.secumain;InnerCode(证券内部编码)是1932;CompanyCode(公司代码)是1640;ChiName(中文名称)是彩虹显示器件股份有限公司;EngName(英文名称)是Caihong Display Devices Co.,Ltd.;SecuCode(证券代码)是600707;]

>>>>> 【user】 Said:
请选择db，务必遵循输出的格式要求。

>>>>> Agent【Check_db_structure.db_selector】 Said:
【分析】
用户询问的是彩虹股份在2019年度内的最大借贷金额，这涉及到具体的财务数据和借贷明细。根据知识库中的描述，最相关的数据库是“astockfinancedb”和“astockeventsdb”。其中，“astockfinancedb”记录了上市公司的财务指标和财务报表，而“astockeventsdb”记录了上市公司公告中披露的各种重大事项，包括公司借贷明细。考虑到借贷金额的具体数据更可能出现在借贷明细中，因此选择“astockeventsdb”。

【选中的数据库】
- astockeventsdb: 这个数据库记录了上市公司公告中披露的各种重大事项，包括公司借贷明细，可以查到彩虹股份在2019年度的具体借贷金额。

【选中的数据库的清单】
```json
["astockeventsdb"]
```


>>>>> 【user】 Said:
数据库表信息如下:
[{"表名": "astockeventsdb.lc_warrant", "说明": "该数据表涵盖了与公司事件披露相关的多维度信息，包括基础信息如公司代码、事件编码等；时间信息如首次信息发布日期、信息发布日期、协议签署日期、借贷及担保的起止日期等；信息来源和披露方式等描述性字段；事件相关信息如事件内容、行为描述、最新进展状态、事件主体及其名称、企业编号、关联关系等；交易对象和担保相关信息，包括交易对象名称、担保金额（首次及最新）、担保资产、提供担保企业及其关联关系、接受担保企业及其关联关系、反担保企业及资产等；借贷信息如借款银行、借款期限、续借期限、借贷起止日期、担保期限及续保期限等；以及其他补充信息如担保是否违规、借贷是否逾期、担保解除日期及方式、附注等，全面记录了公司事件的关键要素和关联信息。"}, {"表名": "astockeventsdb.lc_credit", "说明": "该数据表主要记录公司与上市公司之间的贷款及担保相关信息。字段信息包括公司标识及关联关系，如公司代码、事件主体名称及编号、交易对象名称及编号、借入方及借出方、担保方及其关联关系等。时间信息涵盖首次信息发布日期、信息发布日期、协议签署日期、借贷起始日及截止日、担保起始日及截止日、最近还款日期等。贷款与担保的详细信息涉及到货币单位、首次及最新借贷金额、最近及累计还款金额、借贷条件、年利率及其说明、借贷及担保期限、续借及续保期限、抵押置押资产等。事件相关信息包括信息来源、公告类型、披露方式、事件内容及主体、行为描述及方式、最新进展状态、是否终止等。此外，还包括附注信息用于补充说明。"}, {"表名": "astockeventsdb.lc_suitarbitration", "说明": "该数据表主要用于记录与公司相关的事件、诉讼仲裁及其进展信息。表中包含了基础标识信息如ID和公司代码(CompanyCode)；时间信息如首次信息发布日期(InitialInfoPublDate)和信息发布日期(InfoPublDate)；信息来源和披露方式(InfoSource, DisclosureMethod)；事件相关信息如事件内容(EventContent)、行为描述(ActionDesc)、事件主体名称及编号(SubjectName, SubjectCode)、事件进程(EventProcedure)、行为方式(ActionWays)、事件主体在诉讼中的角色(EventSubjectRole)等；涉及的交易或诉讼对象信息如交易对象名称及编号(ObjectName, ObjectCode)、诉讼仲裁原告和被告(Plaintiff, Defendant)及其关联关系；诉讼仲裁详细信息如案由描述(SubjectMatterStat)、案由(SubjectMatter)、诉讼仲裁金额(FirstSuitSum, LatestSuitSum)、审理机构(InquisitionInstitute)、仲裁状态及各审级状态(CaseStatus, FirstInstanceStatus, SecondInstanceStatus, SPPStatus)；财产执行信息如被执行财产(PropertyEnforced)、归属(PropertyBelonged)、执行状态(AdjudgementStatus)；以及协议签署日期(AgreementDate)、备注(Note)、是否终止(IfEnded)等辅助字段。字段内容涵盖了事件描述、诉讼仲裁进展、主体与关联方信息等多方面内容，便于综合分析和管理。"}, {"表名": "astockeventsdb.lc_entrustinv", "说明": "该数据表主要记录公司相关事件的详细信息，包括公司标识字段如公司代码、事件主体名称及其企业编号、交易对象名称及其企业编号等；事件基本信息字段如首次信息发布日期、信息发布日期、信息来源、公告类型、披露方式、事件内容、行为描述、行为方式及事件进程等；状态与进展字段如最新进展状态描述、是否终止、协议签署日期等；财务相关字段如涉及金额、货币单位、委托期限、委托起始日与截止日、约定收益说明及实际收益等；以及其他补充信息字段如与上市公司的关联关系、备注等，全面涵盖了事件的时间、主体、财务及进展等核心要素。"}, {"表名": "astockeventsdb.lc_regroup", "说明": "该数据表主要用于记录公司事件相关的信息。包括公司基础信息如公司代码、事件主体名称及其编号、事件主体与上市公司的关联关系等；事件相关的时间信息如首次信息发布日期、信息发布日期、协议签署日期等；事件的详细描述如事件内容、行为描述、最新进展状态、事件进程、行为方式等；信息来源和披露方式等公告信息；涉及的财务数据如资产帐面价值、资产评估价值、资产出售金额、资产转让收益、债务重组金额等；事件的类别和编码信息如公告类型、事项类型、事项编码、序号等；此外，还包括事件是否终止、交易对象企业编号及其与上市公司的关联关系等补充信息。"}, {"表名": "astockeventsdb.lc_majorcontract", "说明": "该数据表记录了与公司相关的事件及合同信息，包含公司基本信息如公司代码、事件主体名称及编号、交易对象名称及编号，以及主体与上市公司间的关联关系等；事件相关信息如首次信息发布日期、最新信息发布日期、信息来源、公告类型、事件内容、行为描述、行为方式、最新进展状态描述、事件主体、事件进程等；合同相关信息如协议签署日期、合同标的、合同获得方式、中标日期、涉及金额、合同起始日、合同截止日、合同期限及合同对公司的影响等；此外，还包括货币单位及备注等辅助信息。"}, {"表名": "astockeventsdb.lc_investorra", "说明": "该数据表记录了与证券相关的接待活动信息，包含信息发布日期、标题及链接等基本信息；证券内部编码、编号和序号等标识信息；接待日期、时间及截止日等时间信息；活动类别、地点、参与单位及人员、上市公司接待人员等活动相关信息；主要内容、附件及其格式等内容信息。"}, {"表名": "astockeventsdb.lc_investordetail", "说明": "该数据表主要用于记录投资者关系活动的详细信息，包括活动的唯一标识（投资者关系活动ID）、参与的调研机构及其编码（调研机构、调研机构编码）、参与的调研人员及其编码（调研人员、调研人员编码）、调研人员的职位名称，以及活动的排序序号等基本信息。"}]

请选择table，务必遵循输出的格式要求。

>>>>> Agent【Check_db_structure.table_selector】 Said:
【分析】
要查询彩虹股份在2019年度内的最大借贷金额，我们需要关注与借贷相关的数据表。根据表名和说明，`astockeventsdb.lc_credit` 表主要记录公司与上市公司之间的贷款及担保相关信息，包含借贷金额等详细信息，是最合适的选择。

【选中的数据表】
- astockeventsdb.lc_credit: 这个数据表记录了公司与上市公司之间的贷款及担保相关信息，包括首次及最新借贷金额、借贷起始日及截止日等关键信息。

【选中的数据库表的清单】
```json
["astockeventsdb.lc_credit"]
```


>>>>> 【user】 Said:
已取得可用的数据表的字段信息如下:
[{"表名": "astockeventsdb.lc_credit", "表字段": [{"column": "CompanyCode", "desc": "公司代码"}, {"column": "InitialInfoPublDate", "desc": "首次信息发布日期"}, {"column": "InfoPublDate", "desc": "信息发布日期"}, {"column": "InfoSource", "desc": "信息来源"}, {"column": "AnnouncementType", "desc": "公告类型"}, {"column": "DisclosureMethod", "desc": "披露方式"}, {"column": "EventContent", "desc": "事件内容"}, {"column": "ActionDesc", "desc": "行为描述"}, {"column": "NewestAdvance", "desc": "最新进展状态描述"}, {"column": "EventSubject", "desc": "事件主体；事件主体(EventSubject)与(CT_SystemConst)表中的DM字段关联，令LB = 1246，得到事件主体的具体描述：1-上市公司，2-下属公司，3-公司股东，4-债券发行人。"}, {"column": "EventProcedure", "desc": "事件进程；事件进程(EventProcedure)与(CT_SystemConst)表中的DM字段关联，令LB = 1059，得到事件进程的具体描述：1000-意向，1001-预案，1004-决案，1007-否决，1010-申请，1013-批准，1016-未实施终止，1019-实施中，1022-实施完成，1025-解除，1028-到期，1041-续签，1043-部分续签，1051-涉诉，1053-可能涉诉，1055-预估，1303-收到，1305-部分收到，2001-逾期，2003-还款，2005-延期，2007-展期，2501-诉前，2504-诉中，2507-诉后，3001-提前回收，3002-提前部分回收，3003-到期后协议延期，3004-到期回收，3005-到期待回收，3006-到期部分待回收，3007-到期无法回收，3008-到期部分无法回收，3101-改革意向，3103-股改动议取消，3105-董事会改革方案，3108-沟通确认方案，3111-上级部门批准，3115-上级部门驳回，3120-董事会否决，3121-股东大会通过，3125-股东大会否决，3126-有效期内未实施，3131-方案实施，3201-证监会审核通过，3202-证监会审核否决，3203-证监会核准，3204-证监会未核准，3212-方案部分实施，3301-已注册未发行，3302-已发行有额度，3303-已发行无额度，3304-提前终止，3305-放弃，3399-其他。"}, {"column": "ActionWays", "desc": "行为方式；行为方式(ActionWays)与(CT_SystemConst)表中的DM字段关联，令LB = 1063，得到行为方式的具体描述：1001-借入，1003-贷出，1005-银行授信，1007-借入计划额度，1009-承兑汇票，1011-票据贴现，1013-进出口押汇，1099-其他借贷，1201-提供担保，1203-接受担保，1204-提供反担保，1205-提供担保协议，1207-接受担保协议，1209-互保协议，1299-其他，1401-诉讼，1403-仲裁，2101-税负增加，2102-税负增加(优惠)，2104-税负减少，2107-税负优惠延长，2199-其他税负变动，2301-财政补贴，2304-税收减免，2307-税收退返，2311-投资抵免，2315-利息减免，2318-贴息，2325-补偿款，2501-注册地址变更，2504-办公地址变更，2507-联系地址变更，3001-出让，3003-剥离，3101-资产置换，3301-接受赠与，3303-赠与他方，3501-债务人转移，3504-债权人转移，3507-债务减免，3511-债权转股，3514-债务转股，3517-以资抵债，3521-债权换资，3599-其他债权债务重组，3701-接受托管，3703-委托托管，3705-接受承包，3707-委托承包，3711-租入，3713-租出，3715-转租，4001-委托他方理财，4003-接受委托理财，4007-委托贷款，4101-不能全额按期偿还其债务，4102-发债人被起诉，4103-发债人未遵守特定条款，4104-发债人债务重组，4105-发债人债务冲销，4106-发债人提取特别准备金，4107-本金或利息减免和延期，4119-发债人其他失信行为，5000-合资合作，5010-工程承包，5020-销售商品，5030-提供劳务，5090-其他合同，9001-发出要约，9002-受领要约。"}, {"column": "CurrencyUnit", "desc": "货币单位；货币单位(CurrencyUnit)与(CT_SystemConst)表中的DM字段关联，令LB = 1068，得到货币单位的具体描述：1000-美元，1001-美分，1002-美元(次日)，1003-美元(同日)，1100-港元，1110-印度卢比，1120-印度尼西亚卢比，1130-伊朗里亚尔，1140-波兰兹罗提，1150-匈牙利福林，1160-日本元，1161-欧洲日元(离岸)，1170-约旦第纳尔，1180-科威特第纳尔，1190-阿联酋迪拉姆，1200-亚美尼亚德拉姆，1210-澳门元，1220-马来西亚林吉特，1230-安第列斯群岛盾，1240-安哥拉宽扎，1250-尼泊尔卢比，1260-哈萨克斯坦坚戈，1270-巴基斯坦卢比，1280-阿鲁巴岛弗罗林，1290-菲律宾比索，1300-阿塞拜疆马纳特，1310-波斯尼亚马克，1320-新加坡元，1330-韩国元，1340-孟加拉塔卡，1350-百慕大元，1360-泰国铢，1370-沙特里亚尔，1380-文莱林吉特，1390-不丹努尔特鲁姆，1400-博茨瓦纳普拉，1410-白俄罗斯卢布，1420-人民币元，1430-台湾元，1440-伯利兹元，1450-南苏丹镑，1460-世界投资报告法郎，1470-佛得角埃斯库多，1480-厄立特里亚纳克法，1490-埃塞俄比亚比尔，1500-福克兰群岛镑，1510-格鲁吉亚拉里，1520-直布罗陀镑，1530-克罗地亚库纳，1540-以色列新谢克尔，1550-吉尔吉斯斯坦索姆，1560-开曼群岛元，1570-莱索托马洛蒂，1580-摩尔多瓦列伊，1590-马其顿第纳尔，1600-蒙古图格里克，1610-马拉维克瓦查，1620-梅蒂卡尔，1630-纳米比亚元，1640-巴布亚新几内亚基那，1650-塞尔维亚第纳尔，1660-圣赫勒拿群岛磅，1670-圣多美和普林西比多布拉，1680-太平洋法郎，1690-非共体法郎，1700-斯威士兰里兰吉尼，1710-塔吉克斯坦索莫尼，1720-土库曼斯坦马纳特，1730-汤加潘加，1740-乌克兰格里夫纳，1750-乌兹别克斯坦苏姆，1760-瓦努阿图瓦图，1770-萨摩亚塔拉，1780-中非金融合作法郎，1790-东加勒比元，1810-人民币(离岸)，2470-坦桑尼亚先令，3000-欧元，3010-比利时法郎，3020-丹麦克朗，3030-英镑，3031-便士，3040-德国马克，3050-法国法郎，3070-意大利里拉，3090-荷兰盾，3100-葡萄牙埃斯库多，3110-立陶宛立特，3120-西班牙比塞塔，3130-拉脱维亚立特，3140-斯洛文尼亚托拉尔，3150-奥地利先令，3160-斯洛伐克克朗，3170-爱沙尼亚克朗，3180-芬兰马克，3190-安道尔比塞塔(废弃)，3260-挪威"}, {"column": "SubjectName", "desc": "事件主体名称"}, {"column": "SubjectCode", "desc": "事件主体企业编号；事件主体企业编号(SubjectCode)：与“机构基本资料表(LC_InstiArchive)”中的“公司代码(CompanyCode)”关联，得到企业的信息。"}, {"column": "SubjectAssociation", "desc": "与上市公司关联关系；与上市公司关联关系(SubjectAssociation)与(CT_SystemConst)表中的DM字段关联，令LB = 1036，得到与上市公司关联关系的具体描述：1-本公司，2-母公司，3-控股股东，4-非控股股东，5-兄弟企业，8-间接非控股股东，9-同一领导人、亲属关系，10-下属子公司、参股公司，11-项目合作合资方，12-其他关联关系，51-间接兄弟企业，80-间接控股股东，83-潜在控股股东，84-潜在非控股股东，86-转让前控股股东，87-转让前非控股股东，121-股权受托管理人，122-受同一方控制，999-无关联关系。"}, {"column": "ObjectName", "desc": "交易对象名称"}, {"column": "ObjectCode", "desc": "信息对象；交易对象企业编号(ObjectCode)：与“机构基本资料表(LC_InstiArchive)”中的“公司代码(CompanyCode)”关联，得到企业的信息。"}, {"column": "ObjectAssociation", "desc": "与上市公司关联关系；与上市公司关联关系(ObjectAssociation)与(CT_SystemConst)表中的DM字段关联，令LB = 1036，得到与上市公司关联关系的具体描述：1-本公司，2-母公司，3-控股股东，4-非控股股东，5-兄弟企业，8-间接非控股股东，9-同一领导人、亲属关系，10-下属子公司、参股公司，11-项目合作合资方，12-其他关联关系，51-间接兄弟企业，80-间接控股股东，83-潜在控股股东，84-潜在非控股股东，86-转让前控股股东，87-转让前非控股股东，121-股权受托管理人，122-受同一方控制，999-无关联关系。"}, {"column": "AgreementDate", "desc": "协议签署日期"}, {"column": "IfEnded", "desc": "是否终止；是否终止(IfEnded)，该字段固定以下常量：0-否；1-是"}, {"column": "Note", "desc": "附注(如适用)"}, {"column": "LoanCondition", "desc": "借贷条件；借贷条件(LoanCondition)与(CT_SystemConst)表中的DM字段关联，令LB = 1057，得到借贷条件的具体描述：1001-抵押，1003-质押，1005-保证，1007-信用，1009-担保。"}, {"column": "Borrower", "desc": "借入方"}, {"column": "BorrowerAssociation", "desc": "与上市公司关联关系；与上市公司关联关系(BorrowerAssociation)与(CT_SystemConst)表中的DM字段关联，令LB = 1036，得到与上市公司关联关系的具体描述：1-本公司，2-母公司，3-控股股东，4-非控股股东，5-兄弟企业，8-间接非控股股东，9-同一领导人、亲属关系，10-下属子公司、参股公司，11-项目合作合资方，12-其他关联关系，51-间接兄弟企业，80-间接控股股东，83-潜在控股股东，84-潜在非控股股东，86-转让前控股股东，87-转让前非控股股东，121-股权受托管理人，122-受同一方控制，999-无关联关系。"}, {"column": "MortgageAsset", "desc": "借入方抵押置押资产"}, {"column": "Lender", "desc": "借出方"}, {"column": "LenderAssociation", "desc": "与上市公司关联关系；与上市公司关联关系(LenderAssociation)与(CT_SystemConst)表中的DM字段关联，令LB = 1036，得到与上市公司关联关系的具体描述：1-本公司，2-母公司，3-控股股东，4-非控股股东，5-兄弟企业，8-间接非控股股东，9-同一领导人、亲属关系，10-下属子公司、参股公司，11-项目合作合资方，12-其他关联关系，51-间接兄弟企业，80-间接控股股东，83-潜在控股股东，84-潜在非控股股东，86-转让前控股股东，87-转让前非控股股东，121-股权受托管理人，122-受同一方控制，999-无关联关系。"}, {"column": "Guarantor", "desc": "担保方"}, {"column": "GuarantorAssociation", "desc": "与上市公司关联关系；与上市公司关联关系(GuarantorAssociation)与(CT_SystemConst)表中的DM字段关联，令LB = 1036，得到与上市公司关联关系的具体描述：1-本公司，2-母公司，3-控股股东，4-非控股股东，5-兄弟企业，8-间接非控股股东，9-同一领导人、亲属关系，10-下属子公司、参股公司，11-项目合作合资方，12-其他关联关系，51-间接兄弟企业，80-间接控股股东，83-潜在控股股东，84-潜在非控股股东，86-转让前控股股东，87-转让前非控股股东，121-股权受托管理人，122-受同一方控制，999-无关联关系。"}, {"column": "GuarantorMortgageAsset", "desc": "担保方抵押置押资产"}, {"column": "FirstLoanSum", "desc": "首次借贷金额(元)"}, {"column": "LatestLoanSum", "desc": "最新借贷金额(元)"}, {"column": "LatestRepaymentSum", "desc": "最近还款金额(元)"}, {"column": "AccumulatedRepaymentSum", "desc": "累计还款金额(元)"}, {"column": "YearRateStat", "desc": "借贷年利率说明"}, {"column": "YearRate", "desc": "借贷年利率"}, {"column": "LoanTerm", "desc": "借贷期限(月)"}, {"column": "RenewalTerm", "desc": "其中：续借期限(元)"}, {"column": "LoanBeginDate", "desc": "借贷起始日"}, {"column": "LoanEndDate", "desc": "借贷截止日"}, {"column": "LoanGuaranteeTerm", "desc": "担保期限(月)"}, {"column": "LoanRenewalGuaranteeTerm", "desc": "其中：续保期限(月)"}, {"column": "LoanGuaranteeBeginDate", "desc": "担保起始日"}, {"column": "LoanGuaranteeEndDate", "desc": "担保截止日"}, {"column": "LatestRepaymentDate", "desc": "最近还款日期"}]}]

请选择column，务必遵循输出的格式要求。

>>>>> Agent【Check_db_structure.columns_selector】 Said:
【分析】
用户询问的是彩虹股份在2019年度内的最大借贷金额。因此，需要找到与彩虹股份相关的借贷事件，并且这些事件发生在2019年度内。最大借贷金额可以通过比较每次借贷的金额来确定。

【信息所在字段】
- astockeventsdb.lc_credit.FirstLoanSum: 这个字段可能包含首次借贷金额信息，对应用户提问中的最大借贷金额
- astockeventsdb.lc_credit.LatestLoanSum: 这个字段可能包含最新借贷金额信息，对应用户提问中的最大借贷金额
- astockeventsdb.lc_credit.InfoPublDate: 这个字段可能包含信息发布日期信息，用于确定事件是否发生在2019年度内
- astockeventsdb.lc_credit.SubjectName: 这个字段可能包含事件主体名称信息，用于确定是否为彩虹股份

【筛选条件所在字段】
- astockeventsdb.lc_credit.SubjectName: 这个字段可能包含事件主体名称信息，对应用户提问中的彩虹股份
- astockeventsdb.lc_credit.InfoPublDate: 这个字段可能包含信息发布日期信息，对应用户提问中的2019年度

【选中的字段的清单】
```json
{
  "astockeventsdb.lc_credit": [
    "FirstLoanSum",
    "LatestLoanSum",
    "InfoPublDate",
    "SubjectName"
  ]
}
```


>>>>> 【user】 Said:
请问彩虹股份在2019年度内的最大借贷金额具体是多少？

>>>>> Agent【Sql_query.master】 Said:
【已知信息】
- 彩虹股份的关联信息：
  - 所在数据表：constantdb.secumain
  - InnerCode(证券内部编码)：1932
  - CompanyCode(公司代码)：1640
  - ChiName(中文名称)：彩虹显示器件股份有限公司
  - EngName(英文名称)：Caihong Display Devices Co.,Ltd.
  - SecuCode(证券代码)：600707

【当前阶段要获取的信息】
- 彩虹股份在2019年度内的最大借贷金额

【信息所在字段】
- 最大借贷金额：astockeventsdb.lc_credit.LatestLoanSum

【筛选条件所在字段】
- 公司代码：astockeventsdb.lc_credit.CompanyCode
- 信息发布日期：astockeventsdb.lc_credit.InfoPublDate

【SQL语句的思路】
1. 从astockeventsdb.lc_credit表中筛选出彩虹股份（CompanyCode = 1640）的记录。
2. 筛选信息发布日期在2019年度内的记录（YEAR(InfoPublDate) = 2019）。
3. 获取这些记录中的最大借贷金额（LatestLoanSum）。

【执行SQL语句】
```exec_sql
SELECT MAX(LatestLoanSum) AS MaxLoanAmount
FROM astockeventsdb.lc_credit
WHERE CompanyCode = 1640
AND YEAR(InfoPublDate) = 2019
LIMIT 1;
```

【上述SQL语句的含义】
- 从`astockeventsdb.lc_credit`表中筛选出公司代码为1640（彩虹股份）的记录。
- 进一步筛选出信息发布日期在2019年的记录。
- 计算这些记录中的最大借贷金额，并将其命名为`MaxLoanAmount`。
- 限制结果只返回一条记录。

>>>>> 查询sql:
SELECT MAX(LatestLoanSum) AS MaxLoanAmount
FROM astockeventsdb.lc_credit
WHERE CompanyCode = 1640
AND YEAR(InfoPublDate) = 2019
LIMIT 1;
查询结果:
[{"MaxLoanAmount": 1950000000.0}]


>>>>> 【user】 Said:
查询SQL:
SELECT MAX(LatestLoanSum) AS MaxLoanAmount
FROM astockeventsdb.lc_credit
WHERE CompanyCode = 1640
AND YEAR(InfoPublDate) = 2019
LIMIT 1;
查询结果:
[{"MaxLoanAmount": 1950000000.0}]

请理解查询结果

>>>>> Agent【Sql_query.understand_query_result】 Said:
查询结果表明: 在2019年，公司代码为1640的公司的最新借贷金额中的最大值为1.95亿元（MaxLoanAmount: 1950000000.0）。


>>>>> 【user】 Said:
查询SQL:
SELECT MAX(LatestLoanSum) AS MaxLoanAmount
FROM astockeventsdb.lc_credit
WHERE CompanyCode = 1640
AND YEAR(InfoPublDate) = 2019
LIMIT 1;
查询结果:
[{"MaxLoanAmount": 1950000000.0}]

查询结果表明: 在2019年，公司代码为1640的公司的最新借贷金额中的最大值为1.95亿元（MaxLoanAmount: 1950000000.0）。

当前掌握的信息是否能够回答"请问彩虹股份在2019年度内的最大借贷金额具体是多少？"？还是要继续执行下一阶段SQL查询？

>>>>> Agent【Sql_query.master】 Said:
【已知信息】
- 彩虹股份的关联信息：
  - 所在数据表：constantdb.secumain
  - InnerCode(证券内部编码)：1932
  - CompanyCode(公司代码)：1640
  - ChiName(中文名称)：彩虹显示器件股份有限公司
  - EngName(英文名称)：Caihong Display Devices Co.,Ltd.
  - SecuCode(证券代码)：600707
- 查询结果：
  - 2019年度内彩虹股份的最大借贷金额为1.95亿元（MaxLoanAmount: 1950000000.0）

【当前阶段要获取的信息】
- 无

【信息所在字段】
- 无

【筛选条件所在字段】
- 无

【SQL语句的思路】
- 无

【执行SQL语句】
```exec_sql
无
```

【上述SQL语句的含义】
- 无

当前掌握的信息已经能够回答“请问彩虹股份在2019年度内的最大借贷金额具体是多少？”的问题。根据查询结果，彩虹股份在2019年度内的最大借贷金额为1.95亿元。无需继续执行下一阶段SQL查询。


>>>>> 【user】 Said:
请回答问题:"请问彩虹股份在2019年度内的最大借贷金额具体是多少？"

>>>>> Agent【Sql_query.summary】 Said:
彩虹股份在2019年度内的最大借贷金额为: 1950000000元
