
>>>>> Original Question: 2021年末，该申万二级行业中有几个股票？


>>>>> Agent【extract_company】 Said:
No Entities.


>>>>> Agent【rewrite_question】 Said:
2021年末，按照新版申万行业分类，属于石油化工（中油工程所属的申万二级行业）的股票共有几只？

>>>>> 已知事实:
中油工程的关联信息有:[InnerCode(证券内部编码)是1464;CompanyCode(公司代码)是1325;ChiName(中文名称)是中国石油集团工程股份有限公司;EngName(英文名称)是China Petroleum Engineering Co., Ltd.;SecuCode(证券代码)是600339;]

>>>>> Agent【Check_db_structure.db_selector】 Said:
【分析】
用户需要查询2021年末按照新版申万行业分类，属于石油化工（中油工程所属的申万二级行业）的股票数量。这涉及到行业分类和股票数量的信息。

【选中的数据库】
- astockindustrydb: 这个数据库记录了A股上市公司在行业划分、行业变更、估值指标、财务指标及概念板块等多个方面的信息，涵盖了公司所属行业的多层级划分、变更历史、行业估值和财务表现。

【选中的数据库的清单】
```json
["astockindustrydb"]
```


>>>>> Agent【Check_db_structure.table_selector】 Said:
【分析】
要确定2021年末按照新版申万行业分类属于石油化工（中油工程所属的申万二级行业）的股票数量，需要以下信息：
1. 申万行业分类信息，特别是二级行业分类。
2. 股票所属的行业分类数据。
3. 时间信息，确保数据是2021年末的。

【选中的数据表】
- astockindustrydb.lc_exgindustry: 这个数据表包含公司及行业相关的信息，包括行业划分标准、所属行业及多层级行业分类数据，适用于查找特定行业分类的股票。
- astockindustrydb.lc_exgindchange: 这个数据表记录公司相关的行业信息和执行状态，有助于确认行业分类的变动情况。

【选中的数据库表的清单】
```json
["astockindustrydb.lc_exgindustry", "astockindustrydb.lc_exgindchange"]
```


>>>>> Agent【Check_db_structure.columns_selector】 Said:
【分析】
用户提问要求找出2021年末，按照新版申万行业分类，属于石油化工（中油工程所属的申万二级行业）的股票数量。我们需要确定以下信息：
1. 时间点：2021年末
2. 行业分类标准：新版申万行业分类
3. 具体行业：石油化工（申万二级行业）
4. 股票数量

【信息所在字段】
- astockindustrydb.lc_exgindustry.InfoPublDate: 这个字段可能包含信息发布日期，对应用户提问中的2021年末
- astockindustrydb.lc_exgindustry.Standard: 这个字段可能包含行业划分标准，对应用户提问中的新版申万行业分类
- astockindustrydb.lc_exgindustry.SecondIndustryName: 这个字段可能包含二级行业名称，对应用户提问中的石油化工
- constantdb.secumain.SecuCode: 这个字段可能包含证券代码，用于统计股票数量

【筛选条件所在字段】
- astockindustrydb.lc_exgindustry.CompanyCode: 这个字段可能包含公司代码，用于与证券主表关联
- constantdb.secumain.CompanyCode: 这个字段可能包含公司代码，用于与行业表关联

【选中的字段的清单】
```json
{
  "astockindustrydb.lc_exgindustry": ["InfoPublDate", "Standard", "SecondIndustryName", "CompanyCode"],
  "constantdb.secumain": ["SecuCode", "CompanyCode"]
}
```


>>>>> Agent【Sql_query.master】 Said:
【已知信息】
- 中油工程的公司代码为1325
- 2021年末，中油工程按照新版申万行业分类（Standard=38）属于“石油化工”二级行业

【当前阶段要获取的信息】
- 2021年末，属于“石油化工”二级行业的股票数量

【信息所在字段】
- `CompanyCode`（公司代码）
- `Standard`（行业划分标准）
- `SecondIndustryName`（二级行业名称）

【筛选条件所在字段】
- `Standard`（行业划分标准）
- `SecondIndustryName`（二级行业名称）
- `InfoPublDate`（信息发布日期）

【SQL语句的思路】
1. 选择`CompanyCode`字段以统计股票数量
2. 从`astockindustrydb.lc_exgindustry`表中进行查询
3. 设置筛选条件：
   - `Standard`为38（申万行业分类(新)）
   - `SecondIndustryName`为“石油化工”
   - `InfoPublDate`为2021年末（具体日期需确认，假设为2021-12-31）

【执行SQL语句】
```exec_sql
SELECT COUNT(DISTINCT CompanyCode) 
FROM astockindustrydb.lc_exgindustry 
WHERE Standard = 38 
  AND SecondIndustryName = '石油化工' 
  AND DATE(InfoPublDate) = '2021-12-31'
```

【上述SQL语句的含义】
- 该SQL语句用于统计在2021年12月31日，按照新版申万行业分类（Standard=38）属于“石油化工”二级行业的股票数量。通过计数不同的公司代码（CompanyCode）来确保每只股票只被计算一次。

>>>>> 查询sql:
SELECT COUNT(DISTINCT CompanyCode) 
FROM astockindustrydb.lc_exgindustry 
WHERE Standard = 38 
  AND SecondIndustryName = '石油化工' 
  AND DATE(InfoPublDate) = '2021-12-31';
查询结果:
[{"COUNT(DISTINCT CompanyCode)": 0}]


>>>>> Agent【Sql_query.understand_query_result】 Said:
查询结果表明: 在2021年12月31日，按照申万行业分类(新)标准（Standard = 38），属于石油化工二级行业（SecondIndustryName = '石油化工'）的上市公司数量为0家。


>>>>> Agent【Sql_query.master】 Said:
【已知信息】
- 中油工程的公司代码为1325
- 2021年末，中油工程按照新版申万行业分类（Standard=38）属于“石油化工”二级行业
- 在2021年12月31日，按照申万行业分类(新)标准（Standard = 38），属于石油化工二级行业（SecondIndustryName = '石油化工'）的上市公司数量为0家

【当前阶段要获取的信息】
- 无需继续执行SQL查询，当前掌握的信息已能够回答问题

【信息所在字段】
- 无

【筛选条件所在字段】
- 无

【SQL语句的思路】
- 无

【执行SQL语句】
```exec_sql
无
```

【上述SQL语句的含义】
- 无

**结论**：
当前掌握的信息已能够回答“2021年末，按照新版申万行业分类，属于石油化工（中油工程所属的申万二级行业）的股票共有几只？”的问题。根据查询结果，2021年末，按照新版申万行业分类，属于石油化工二级行业的股票共有0只。


>>>>> Agent【Sql_query.summary】 Said:
0只
