
>>>>> Original Question: 哪些是2020年纳入的，A股简称分别叫什么？


>>>>> 【user】 Said:
已知事实:无。
下面是顺序的历史问答:
'''
Question: 在线教育属于科技概念的什么分支？这个概念的英文名称是什么？
Answer: 在线教育属于科技概念的具体分支是"互联网"，这个科技概念的英文名称是"K-12"。
Question: 截至2021年底，这个概念有多少只股票（不包含已经调出的）？调出了多少只股票？
Answer: 截至2021年底，属于"互联网"科技概念（英文名称为"K-12"）的在线教育领域有6只股票（不包含已经调出的），同时，没有股票被调出。
'''
现在用户继续提问，请根据已知信息，理解当前这个问题的完整含义，并重写这个问题使得单独拿出来看仍然能够正确理解：哪些是2020年纳入的，A股简称分别叫什么？

>>>>> Agent【rewrite_question】 Said:
截至2021年底，属于"互联网"科技概念（英文名称为"K-12"）的在线教育领域中的6只股票中，哪些是2020年纳入的，这些股票的A股简称分别是什么？


>>>>> 【user】 Said:
提取下面这段文字里的实体，如公司名、股票代码等，如果识别结果是空，那么就回复No Entities."截至2021年底，属于"互联网"科技概念（英文名称为"K-12"）的在线教育领域中的6只股票中，哪些是2020年纳入的，这些股票的A股简称分别是什么？"

>>>>> Agent【extract_company】 Said:
No Entities.

>>>>> 已知事实:


>>>>> 【user】 Said:
请选择db，务必遵循输出的格式要求。

>>>>> Agent【Check_db_structure.db_selector】 Said:
【分析】
用户想知道截至2021年底，属于"互联网"科技概念的在线教育领域中的6只股票中，哪些股票是2020年纳入的，以及这些股票的A股简称。我们需要找到包含概念板块和股票信息的数据库。

【选中的数据库】
- astockindustrydb: 这个数据库包含了上市公司在概念板块方面的信息，可以帮助我们找到属于"互联网"科技概念的在线教育领域的股票。

【选中的数据库的清单】
```json
["astockindustrydb"]
```


>>>>> 【user】 Said:
数据库表信息如下:
[{"表名": "astockindustrydb.lc_exgindustry", "说明": "该数据表包含与公司及行业相关的信息，主要字段包括公司标识信息如公司代码，信息动态如发布日期和来源，行业分类信息如行业划分标准、所属行业及是否执行，并提供多层级行业分类数据，包括一级至四级行业的代码和名称，以及取消日期等补充信息。"}, {"表名": "astockindustrydb.lc_exgindchange", "说明": "该数据表主要用于记录公司相关的行业信息和执行状态，字段包括公司基础信息如公司代码，公司动态信息如信息发布日期和信息来源，行业分类信息如行业划分标准、所属行业，以及多级行业信息包括一级到四级的行业代码和名称。此外，还包含执行状态相关字段如是否执行和取消日期。"}, {"表名": "astockindustrydb.lc_industryvaluation", "说明": "该数据表主要用于记录行业相关的统计信息和财务指标，包含以下字段：基础信息如行业内部编码、行业名称、行业代码、行业分类标准等；时间信息如交易日；统计维度如统计类型和统计板块；行业市值信息如总市值、A股流通市值、A股自由流通市值等；估值指标如滚动市盈率、静态市盈率、市净率、滚动股息率、滚动市现率、静态市现率、滚动市销率、静态市销率等；其他信息如上市证券数量和分类等，全面反映行业的市场表现和财务状况。"}, {"表名": "astockindustrydb.lc_indfinindicators", "说明": "该数据表主要用于描述行业相关的统计和财务信息，字段涵盖多个方面：基础信息如行业内部编码、名称、级别、代码及划分标准等；时间信息包括信息发布日期和截止日期；统计指标如统计类型和板块；财务数据包括行业营业收入、营业成本、营业利润、净利润及归属母公司净利润等，均提供TTM（滚动12个月）和累计值；资产与股本信息如总资产、净资产、总股本等；盈利能力指标包括每股收益、净资产收益率（平均、摊薄、TTM及扣除值）、总资产净利率、销售毛利率、销售净利率等；费用相关指标如财务费用率、销售费用率、期间费用率及营业总成本占比；运营效率指标包括存货周转率及天数、应收账款周转率及天数、总资产周转率等；现金流与偿债能力指标如经营现金流利息保障倍数、流动比率、速动比率、利息保障倍数等；增长性指标如归属母公司净利润同比增长、毛利润同比增长等；其他指标如资产负债率、有形资产净值占比、对外投资占比、预收账款占营业收入比、应收账款占营业收入比等，全面反映行业的财务状况、盈利能力、运营效率及偿债能力。"}, {"表名": "astockindustrydb.lc_coconcept", "说明": "该数据表主要用于记录证券相关概念及状态信息，包括证券内部编码和概念代码等基础标识信息，调入日期与调出日期等时间维度信息，所属状态及备注等描述性信息，以及信息发布日期等数据更新信息。"}, {"表名": "astockindustrydb.lc_conceptlist", "说明": "该数据表包含与概念分类相关的信息，包括一级和二级概念的代码和名称，以及概念板块的编码和名称。此外，还包括概念的时间信息如起始日期、结束日期和信息发布日期，状态信息如所属状态，以及补充信息如备注和概念英文名称。"}]

请选择table，务必遵循输出的格式要求。

>>>>> Agent【Check_db_structure.table_selector】 Said:
【分析】
用户询问的是关于"互联网"科技概念（英文名称为"K-12"）的在线教育领域中的股票信息，特别关注2020年纳入的股票及其A股简称。

【选中的数据表】
- astockindustrydb.lc_coconcept: 这个数据表包含证券相关概念及状态信息，包括调入日期，可以用于查询哪些股票在2020年被纳入"互联网"科技概念。
- astockindustrydb.lc_conceptlist: 这个数据表包含概念分类的信息，包括概念的英文名称，可以用于确认"互联网"科技概念的具体编码。

【选中的数据库表的清单】
```json
["astockindustrydb.lc_coconcept", "astockindustrydb.lc_conceptlist"]
```


>>>>> 【user】 Said:
已取得可用的数据表的字段信息如下:
[{"表名": "astockindustrydb.lc_coconcept", "表字段": [{"column": "InnerCode", "desc": "证券内部编码；证券内部编码（InnerCode）：与“证券主表（SecuMain）”中的“证券内部编码（InnerCode）”关联，得到证券的交易代码、简称等。"}, {"column": "ConceptCode", "desc": "概念代码；概念代码(ConceptCode)：与“概念板块表(LC_ConceptList)”中的“概念代码(ConceptCode)”关联，得到所属概念的信息。"}, {"column": "InDate", "desc": "调入日期"}, {"column": "OutDate", "desc": "调出日期"}, {"column": "IndiState", "desc": "所属状态；所属状态(IndiState)，该字段固定以下常量：1-正常，0-终止。"}, {"column": "Remark", "desc": "备注；备注(Remark):字段解释了该成分股属于此概念的原因及逻辑。"}, {"column": "InfoPublDate", "desc": "信息发布日期"}]}, {"表名": "astockindustrydb.lc_conceptlist", "表字段": [{"column": "ClassCode", "desc": "所属1级概念代码"}, {"column": "ClassName", "desc": "所属1级概念名称"}, {"column": "SubclassCode", "desc": "所属2级概念代码"}, {"column": "SubclassName", "desc": "所属2级概念名称"}, {"column": "ConceptCode", "desc": "所属概念板块编码"}, {"column": "ConceptName", "desc": "概念名称"}, {"column": "BeginDate", "desc": "起始日期"}, {"column": "EndDate", "desc": "日期"}, {"column": "ConceptState", "desc": "所属状态；所属状态(ConceptState)，该字段固定以下常量：1-正常，0-终止。"}, {"column": "Remark", "desc": "备注"}, {"column": "InfoPublDate", "desc": "信息发布日期"}, {"column": "ConceptEngName", "desc": "概念英文名称"}]}]

请选择column，务必遵循输出的格式要求。

>>>>> Agent【Check_db_structure.columns_selector】 Said:
【分析】
用户想要知道截至2021年底，属于"互联网"科技概念（英文名称为"K-12"）的在线教育领域中的6只股票中，哪些是2020年纳入的，并获取这些股票的A股简称。
【信息所在字段】
- astockindustrydb.lc_coconcept.InnerCode: 这个字段可能包含证券内部编码，对应用户提问中的股票信息。
- astockindustrydb.lc_coconcept.InDate: 这个字段可能包含调入日期，对应用户提问中的2020年纳入。
- astockindustrydb.lc_conceptlist.ConceptCode: 这个字段可能包含所属概念板块编码，对应用户提问中的"互联网"科技概念。
- astockindustrydb.lc_conceptlist.ConceptEngName: 这个字段可能包含概念英文名称，对应用户提问中的"K-12"。
- astockindustrydb.lc_conceptlist.SubclassName: 这个字段可能包含所属2级概念名称，对应用户提问中的在线教育领域。
【筛选条件所在字段】
- astockindustrydb.lc_conceptlist.ConceptEngName: 这个字段可能包含概念英文名称，对应用户提问中的"K-12"。
- astockindustrydb.lc_conceptlist.SubclassName: 这个字段可能包含所属2级概念名称，对应用户提问中的在线教育领域。
- astockindustrydb.lc_coconcept.InDate: 这个字段可能包含调入日期，对应用户提问中的2020年纳入。
【选中的字段的清单】
```json
{
    "astockindustrydb.lc_coconcept": ["InnerCode", "InDate"],
    "astockindustrydb.lc_conceptlist": ["ConceptCode", "ConceptEngName", "SubclassName"]
}
```


>>>>> 【user】 Said:
之前已查询到信息如下:
查询结果表明: 在所属1级概念名称为"科技"且概念名称中包含"在线教育"的条件下，查询得到的结果显示所属2级概念名称为"互联网"，对应的概念英文名称为"K-12"。
---
查询结果表明: 在表astockindustrydb.lc_conceptlist中，没有找到概念名称包含“互联网”且概念英文名称为“K-12”的记录，因此返回的结果集为空。
---
查询结果表明: 查询结果返回了一条记录，该记录显示概念板块编码为11040009，概念名称为“在线教育”，概念英文名称为“K-12”。这表明在“astockindustrydb.lc_conceptlist”表中存在一个同时符合“概念名称包含‘在线教育’”或“概念英文名称包含‘K-12’”条件的概念板块。
---
查询结果表明: 在概念代码为11040009的板块中，截至2021年12月31日，没有任何证券因状态为终止（IndiState = 0）而被调出（OutDate）。具体来说，OutStockCount字段的值为0，表示没有符合条件的记录。
---
查询结果表明: 在概念板块编码为11040009的板块中，截至2021年12月31日，状态为正常的证券数量为6，这些证券的调出日期要么为空，要么晚于2021年12月31日。

请问:截至2021年底，属于"互联网"科技概念（英文名称为"K-12"）的在线教育领域中的6只股票中，哪些是2020年纳入的，这些股票的A股简称分别是什么？

>>>>> Agent【Sql_query.master】 Said:
【已知信息】
- 概念板块编码为11040009，概念名称为“在线教育”，概念英文名称为“K-12”。
- 截至2021年12月31日，状态为正常的证券数量为6。
- 我们需要找出这些股票中哪些是2020年纳入的，并获取这些股票的A股简称。

【当前阶段要获取的信息】
- 2020年纳入概念板块编码为11040009的股票的InnerCode和InDate。

【信息所在字段】
- InnerCode
- InDate

【筛选条件所在字段】
- ConceptCode
- YEAR(InDate)

【SQL语句的思路】
从表`astockindustrydb.lc_coconcept`中查询概念板块编码为11040009，且调入日期为2020年的股票的InnerCode。

【执行SQL语句】
```exec_sql
SELECT InnerCode, InDate 
FROM astockindustrydb.lc_coconcept 
WHERE ConceptCode = 11040009 AND YEAR(InDate) = '2020'
```
【上述SQL语句的含义】
查询概念板块编码为11040009的股票中，调入日期为2020年的股票的InnerCode和InDate。

>>>>> 查询sql:
SELECT InnerCode, InDate 
FROM astockindustrydb.lc_coconcept 
WHERE ConceptCode = 11040009 AND YEAR(InDate) = '2020';
查询结果:
[{"InnerCode": 13693, "InDate": "2020-02-04 12:00:00.000"}, {"InnerCode": 1506, "InDate": "2020-02-07 12:00:00.000"}, {"InnerCode": 9357, "InDate": "2020-02-28 12:00:00.000"}, {"InnerCode": 10040, "InDate": "2020-08-04 12:00:00.000"}, {"InnerCode": 36666, "InDate": "2020-08-04 12:00:00.000"}]


>>>>> 【user】 Said:
查询SQL:
SELECT InnerCode, InDate 
FROM astockindustrydb.lc_coconcept 
WHERE ConceptCode = 11040009 AND YEAR(InDate) = '2020';
查询结果:
[{"InnerCode": 13693, "InDate": "2020-02-04 12:00:00.000"}, {"InnerCode": 1506, "InDate": "2020-02-07 12:00:00.000"}, {"InnerCode": 9357, "InDate": "2020-02-28 12:00:00.000"}, {"InnerCode": 10040, "InDate": "2020-08-04 12:00:00.000"}, {"InnerCode": 36666, "InDate": "2020-08-04 12:00:00.000"}]

请理解查询结果

>>>>> Agent【Sql_query.understand_query_result】 Said:
查询结果表明，在概念代码为11040009的条件下，以下证券内部编码在2020年被调入：InnerCode为13693的证券在2020年2月4日被调入，InnerCode为1506的证券在2020年2月7日被调入，InnerCode为9357的证券在2020年2月28日被调入，InnerCode为10040和36666的证券在2020年8月4日被调入。


>>>>> 【user】 Said:
查询SQL:
SELECT InnerCode, InDate 
FROM astockindustrydb.lc_coconcept 
WHERE ConceptCode = 11040009 AND YEAR(InDate) = '2020';
查询结果:
[{"InnerCode": 13693, "InDate": "2020-02-04 12:00:00.000"}, {"InnerCode": 1506, "InDate": "2020-02-07 12:00:00.000"}, {"InnerCode": 9357, "InDate": "2020-02-28 12:00:00.000"}, {"InnerCode": 10040, "InDate": "2020-08-04 12:00:00.000"}, {"InnerCode": 36666, "InDate": "2020-08-04 12:00:00.000"}]

查询结果表明，在概念代码为11040009的条件下，以下证券内部编码在2020年被调入：InnerCode为13693的证券在2020年2月4日被调入，InnerCode为1506的证券在2020年2月7日被调入，InnerCode为9357的证券在2020年2月28日被调入，InnerCode为10040和36666的证券在2020年8月4日被调入。

当前掌握的信息是否能够回答"截至2021年底，属于"互联网"科技概念（英文名称为"K-12"）的在线教育领域中的6只股票中，哪些是2020年纳入的，这些股票的A股简称分别是什么？"？还是要继续执行下一阶段SQL查询？

>>>>> Agent【Sql_query.master】 Said:
【已知信息】
- 概念板块编码为11040009，概念名称为“在线教育”，概念英文名称为“K-12”。
- 截至2021年12月31日，状态为正常的证券数量为6。
- 2020年纳入的股票的InnerCode为13693, 1506, 9357, 10040, 36666。

【当前阶段要获取的信息】
- 这些InnerCode对应的A股简称。

【信息所在字段】
- SecuAbbr

【筛选条件所在字段】
- InnerCode

【SQL语句的思路】
从表`constantdb.secumain`中查询这些InnerCode对应的A股简称。

【执行SQL语句】
```exec_sql
SELECT InnerCode, SecuAbbr 
FROM constantdb.secumain 
WHERE InnerCode IN (13693, 1506, 9357, 10040, 36666)
```
【上述SQL语句的含义】
查询InnerCode为13693, 1506, 9357, 10040, 36666的股票的A股简称。

>>>>> 查询sql:
SELECT InnerCode, SecuAbbr 
FROM constantdb.secumain 
WHERE InnerCode IN (13693, 1506, 9357, 10040, 36666);
查询结果:
[{"InnerCode": 9357, "SecuAbbr": "网宿科技"}, {"InnerCode": 10040, "SecuAbbr": "蓝色光标"}, {"InnerCode": 13693, "SecuAbbr": "中公教育"}, {"InnerCode": 36666, "SecuAbbr": "中国科传"}, {"InnerCode": 1506, "SecuAbbr": "中文传媒"}]


>>>>> 【user】 Said:
查询SQL:
SELECT InnerCode, SecuAbbr 
FROM constantdb.secumain 
WHERE InnerCode IN (13693, 1506, 9357, 10040, 36666);
查询结果:
[{"InnerCode": 9357, "SecuAbbr": "网宿科技"}, {"InnerCode": 10040, "SecuAbbr": "蓝色光标"}, {"InnerCode": 13693, "SecuAbbr": "中公教育"}, {"InnerCode": 36666, "SecuAbbr": "中国科传"}, {"InnerCode": 1506, "SecuAbbr": "中文传媒"}]

请理解查询结果

>>>>> Agent【Sql_query.understand_query_result】 Said:
查询结果表明，从表constantdb.secumain中查询了证券内部编码为13693、1506、9357、10040和36666的记录。对应的证券简称（SecuAbbr）分别为：内部编码9357对应"网宿科技"，内部编码10040对应"蓝色光标"，内部编码13693对应"中公教育"，内部编码36666对应"中国科传"，内部编码1506对应"中文传媒"。


>>>>> 【user】 Said:
查询SQL:
SELECT InnerCode, SecuAbbr 
FROM constantdb.secumain 
WHERE InnerCode IN (13693, 1506, 9357, 10040, 36666);
查询结果:
[{"InnerCode": 9357, "SecuAbbr": "网宿科技"}, {"InnerCode": 10040, "SecuAbbr": "蓝色光标"}, {"InnerCode": 13693, "SecuAbbr": "中公教育"}, {"InnerCode": 36666, "SecuAbbr": "中国科传"}, {"InnerCode": 1506, "SecuAbbr": "中文传媒"}]

查询结果表明，从表constantdb.secumain中查询了证券内部编码为13693、1506、9357、10040和36666的记录。对应的证券简称（SecuAbbr）分别为：内部编码9357对应"网宿科技"，内部编码10040对应"蓝色光标"，内部编码13693对应"中公教育"，内部编码36666对应"中国科传"，内部编码1506对应"中文传媒"。

当前掌握的信息是否能够回答"截至2021年底，属于"互联网"科技概念（英文名称为"K-12"）的在线教育领域中的6只股票中，哪些是2020年纳入的，这些股票的A股简称分别是什么？"？还是要继续执行下一阶段SQL查询？

>>>>> Agent【Sql_query.master】 Said:
【已知信息】
- 概念板块编码为11040009，概念名称为“在线教育”，概念英文名称为“K-12”。
- 截至2021年12月31日，状态为正常的证券数量为6。
- 2020年纳入的股票的InnerCode为13693, 1506, 9357, 10040, 36666。
- 对应的A股简称分别为：
  - InnerCode 9357: "网宿科技"
  - InnerCode 10040: "蓝色光标"
  - InnerCode 13693: "中公教育"
  - InnerCode 36666: "中国科传"
  - InnerCode 1506: "中文传媒"

【当前阶段要获取的信息】
无

【信息所在字段】
无

【筛选条件所在字段】
无

【SQL语句的思路】
无

【执行SQL语句】
无

【上述SQL语句的含义】
无

当前掌握的信息已经能够回答问题。截至2021年底，属于"互联网"科技概念（英文名称为"K-12"）的在线教育领域中的6只股票中，2020年纳入的股票及其A股简称分别为：
- 网宿科技
- 蓝色光标
- 中公教育
- 中国科传
- 中文传媒


>>>>> 【user】 Said:
请回答问题:"截至2021年底，属于"互联网"科技概念（英文名称为"K-12"）的在线教育领域中的6只股票中，哪些是2020年纳入的，这些股票的A股简称分别是什么？"

>>>>> Agent【Sql_query.summary】 Said:
截至2021年底，属于"互联网"科技概念（英文名称为"K-12"）的在线教育领域中，2020年纳入的股票及其A股简称分别是：
- 网宿科技
- 蓝色光标
- 中公教育
- 中国科传
- 中文传媒
