
>>>>> Original Question: 该股票的概念板块当年多少次涨停？


>>>>> 【user】 Said:
提取下面这段文字中的实体（如公司名、股票代码、拼音缩写等），如果识别结果是空，那么就回复No Entities."该股票的概念板块当年多少次涨停？"

>>>>> Agent【extract_company】 Said:
No Entities.


>>>>> 【user】 Said:
下面是顺序的历史问答:
'''
Question: 大悦城2021年8月4日当天的最高价与最低价分别是多少
Answer: 最高价: 3.29元, 最低价: 3.22元
'''
现在用户继续提问，请根据已知信息，理解当前这个问题的完整含义，并重写这个问题使得单独拿出来看仍然能够正确理解：该股票的概念板块当年多少次涨停？

>>>>> Agent【rewrite_question】 Said:
大悦城股票在2021年其所属的概念板块中，当年共有多少次涨停？

>>>>> 已知事实:
大悦城的关联信息有:[所在数据表是constantdb.secumain;InnerCode(证券内部编码)是74;CompanyCode(公司代码)是54;ChiName(中文名称)是大悦城控股集团股份有限公司;EngName(英文名称)是Grandjoy Holdings Group Co.,Ltd.;SecuCode(证券代码)是000031;ChiNameAbbr(中文名称缩写)是大悦城控股;EngNameAbbr(英文名称缩写)是GRANDJOY;SecuAbbr(证券简称)是大悦城;ChiSpelling(拼音证券简称)是DYC;]

>>>>> 【user】 Said:
请选择db，务必遵循输出的格式要求。

>>>>> Agent【Check_db_structure.db_selector】 Said:
【分析】
用户需要查询大悦城股票在2021年所属的概念板块中，当年共有多少次涨停。这需要以下信息：
1. 大悦城股票的基本信息，以确定其所属的概念板块。
2. 2021年该概念板块中所有股票的涨停次数。

根据知识库：
- `astockbasicinfodb` 包含上市公司基本资料，可以获取大悦城股票的基本信息和所属概念板块。
- `astockmarketquotesdb` 包含股票行情数据，可以获取涨停信息。
- `astockindustrydb` 包含行业板块信息，可以进一步确认概念板块详情。

【选中的数据库】
- `astockbasicinfodb`: 获取大悦城股票的基本信息和所属概念板块。
- `astockmarketquotesdb`: 获取2021年该概念板块中所有股票的涨停次数。
- `astockindustrydb`: 确认概念板块详情。

【选中的数据库的清单】
```json
["astockbasicinfodb", "astockmarketquotesdb", "astockindustrydb"]
```
补充选择db: ["usstockdb", "hkstockdb"]

>>>>> 【user】 Said:
数据库表信息如下:
[{"表名": "astockbasicinfodb.lc_stockarchives", "说明": "该数据表主要记录了公司的基本信息、联系方式、经营信息及证券信息等内容。其中，公司基本信息包括公司代码、国别、中文名称、法人代表、总经理、法律顾问、会计师事务所、公司成立日期、首次注册登记地点、企业法人营业执照注册号、所属区县及地区代码；联系方式涵盖联系人电话、传真、电子邮箱，公司注册地址、办公地址、联系地址及其对应的邮编，董秘及证券事务代表的电话、传真、电子邮件，以及公司邮箱和网址；经营信息涉及公司所属证监会行业、主营及兼营范围；证券信息包括A股、B股、H股及CDR证券的简称和代码，扩位简称，以及尚未盈利标识、特殊表决权标识、协议控制架构标识、红筹企业标识；此外，还包括信息披露相关内容如披露网址、披露报纸，以及公司简介等。"}, {"表名": "astockbasicinfodb.lc_namechange", "说明": "该数据表主要记录公司基本信息及相关公告，包括公司代码、中文及英文名称（全称与缩写）、信息来源和发布日期等基本信息；还涵盖重要事件如股东大会决议公告日期、是否否决决议、全称更改日期等关键时间节点，便于追踪企业动态与重要决策信息。"}, {"表名": "astockbasicinfodb.lc_business", "说明": "该数据表主要用于记录公司基本信息及相关业务情况，包括公司代码、信息发布日期和来源等基础信息；股东大会决议公告日期及是否否决的决议结果等决策信息；经营范围及主要业务、产品名称等经营信息；涉及行业的分类信息，如行业代码、行业类别及涉足行业等；此外，还包括简称变更原因等补充说明字段。"}, {"表名": "astockmarketquotesdb.cs_stockcapflowindex", "说明": "该数据表记录了证券交易相关的详细数据，涵盖交易日期、时间区间等基本信息，以及按小单、中单、大单、超大单、主力单和全单分类的交易统计数据，包括流入流出金额、流入流出量、流入流出笔数、净流入流出额与量、买入卖出率（按金额和数量计算）、净买入率及其与流通市值或流通股本的比值等。此外，还细分了主动买入卖出相关的金额、数量、笔数及其比率等指标，全面反映了不同交易规模下的资金流向和市场行为特征。"}, {"表名": "astockmarketquotesdb.cs_turnovervoltecindex", "说明": "该数据表记录了证券交易的相关数据，包含多个类别的字段信息。基本信息包括证券内部编码、聚源代码、交易日期、证券市场等；时间维度涵盖指标周期；成交额和成交量的统计指标包括简单移动平均值（如5日、10日、20日、30日、60日、120日、250日等周期的AMA和VMA）、指数平滑异同平均（如VMACD_EMA12、VMACD_EMA26、VMACD_DIFF、VMACD_DEA、VMACD_MACD）等；成交量的波动性与强弱分析指标包括量比、成交量震荡指标(VOSC)、加权指数成交量(TAPI及其均值TAPIMA)、成交量标准差(VSTD)、量变动速率(VROC)、成交量比率(VR)、量相对强弱(VRSI)等，全面反映证券交易的量价变化及趋势特征。"}, {"表名": "astockmarketquotesdb.cs_stockpatterns", "说明": "该数据表主要用于记录证券交易的多维度表现与趋势分析，涵盖基础信息如证券内部编码、交易日、聚源代码、证券市场等；高点与低点分析，包括价格、收盘价、成交量、成交金额在近一周、一个月、一季度、半年、一年及上市以来的创高或创低情况；历史新高新低统计，记录不同时间区间内创历史新高或新低的次数；趋势与形态分析，如连涨天数、连跌天数、连续放量或缩量天数，以及对5日、10日、20日、60日均线的有效突破情况；其他指标如N天M板表现和均线多空头排列的看涨看跌信号，为证券的短期与长期走势提供综合性参考。"}, {"表名": "astockmarketquotesdb.qt_dailyquote", "说明": "该数据表记录了证券交易的核心信息，包括证券的唯一标识\"证券内部编码\"，交易日期\"交易日\"，以及价格相关数据如\"昨收盘价\"、\"今开盘价\"、\"最高价\"、\"最低价\"和\"收盘价\"（单位均为元）；还包含交易活动指标，如\"成交量\"（股）、\"成交金额\"（元）和\"成交笔数\"（笔），全面反映了每日交易的市场表现。"}, {"表名": "astockmarketquotesdb.qt_stockperformance", "说明": "该数据表涵盖了证券交易的多维度信息，包括基本标识字段如证券内部编码和交易日；价格相关信息如开盘价、收盘价、最高价、最低价、均价以及涨跌幅、振幅等；成交数据如成交量、成交金额、换手率及其日均值；时间维度统计如周、月、三个月、六个月、十二个月及今年以来的价格、成交量、成交金额、涨跌幅、振幅、换手率等汇总指标；自由流通股本相关的换手率及其日均值；市场表现指标如Beta值（相对于不同基准指数）、阿尔法值、波动率、夏普比率、市场收益率等；市值信息包括总市值和流通市值；特殊价格指标如上市以来后复权的最高价、最低价及对应时间。该表全面整合了短期和长期的交易数据、市场表现以及统计汇总，为证券分析提供了丰富的基础数据支持。"}, {"表名": "astockmarketquotesdb.lc_suspendresumption", "说明": "该数据表主要记录证券停复牌相关信息，包括证券标识字段如证券内部编码，时间相关字段如信息发布日期、停牌日期、停牌时间、复牌日期、复牌时间，信息来源字段如信息来源，停复牌详情字段如停牌原因、停牌事项说明、停牌期限、停牌期限类型及复牌事项说明等，全面描述了证券停复牌的时间、原因及相关说明。"}, {"表名": "astockindustrydb.lc_exgindustry", "说明": "该数据表包含与公司及行业相关的信息，主要字段包括公司标识信息如公司代码，信息动态如发布日期和来源，行业分类信息如行业划分标准、所属行业及是否执行，并提供多层级行业分类数据，包括一级至四级行业的代码和名称，以及取消日期等补充信息。"}, {"表名": "astockindustrydb.lc_exgindchange", "说明": "该数据表主要用于记录公司相关的行业信息和执行状态，字段包括公司基础信息如公司代码，公司动态信息如信息发布日期和信息来源，行业分类信息如行业划分标准、所属行业，以及多级行业信息包括一级到四级的行业代码和名称。此外，还包含执行状态相关字段如是否执行和取消日期。"}, {"表名": "astockindustrydb.lc_industryvaluation", "说明": "该数据表主要用于记录行业相关的统计信息和财务指标，包含以下字段：基础信息如行业内部编码、行业名称、行业代码、行业分类标准等；时间信息如交易日；统计维度如统计类型和统计板块；行业市值信息如总市值、A股流通市值、A股自由流通市值等；估值指标如滚动市盈率、静态市盈率、市净率、滚动股息率、滚动市现率、静态市现率、滚动市销率、静态市销率等；其他信息如上市证券数量和分类等，全面反映行业的市场表现和财务状况。"}, {"表名": "astockindustrydb.lc_indfinindicators", "说明": "该数据表主要用于描述行业相关的统计和财务信息，字段涵盖多个方面：基础信息如行业内部编码、名称、级别、代码及划分标准等；时间信息包括信息发布日期和截止日期；统计指标如统计类型和板块；财务数据包括行业营业收入、营业成本、营业利润、净利润及归属母公司净利润等，均提供TTM（滚动12个月）和累计值；资产与股本信息如总资产、净资产、总股本等；盈利能力指标包括每股收益、净资产收益率（平均、摊薄、TTM及扣除值）、总资产净利率、销售毛利率、销售净利率等；费用相关指标如财务费用率、销售费用率、期间费用率及营业总成本占比；运营效率指标包括存货周转率及天数、应收账款周转率及天数、总资产周转率等；现金流与偿债能力指标如经营现金流利息保障倍数、流动比率、速动比率、利息保障倍数等；增长性指标如归属母公司净利润同比增长、毛利润同比增长等；其他指标如资产负债率、有形资产净值占比、对外投资占比、预收账款占营业收入比、应收账款占营业收入比等，全面反映行业的财务状况、盈利能力、运营效率及偿债能力。"}, {"表名": "astockindustrydb.lc_coconcept", "说明": "该数据表主要用于记录证券相关概念及状态信息，包括证券内部编码和概念代码等基础标识信息，调入日期与调出日期等时间维度信息，所属状态及备注等描述性信息，以及信息发布日期等数据更新信息。"}, {"表名": "astockindustrydb.lc_conceptlist", "说明": "该数据表包含与概念分类相关的信息，包括一级和二级概念的代码和名称，以及概念板块的编码和名称。此外，还包括概念的时间信息如起始日期、结束日期和信息发布日期，状态信息如所属状态，以及补充信息如备注和概念英文名称。"}, {"表名": "usstockdb.us_companyinfo", "说明": "该数据表主要记录公司的基本信息，包括公司标识信息如公司代码、英文名称及其缩写、中文名称；地址信息如公司地址、城市、省份、邮编、国家及国家代码；联系方式如电话、传真；公司描述信息如公司简介、英文公司简介、英文业务简介；注册地信息如注册地国家、注册地省份/州；其他信息如成立日期及其精度、公司类型、是否公司总部，以及链接地址等。"}, {"表名": "usstockdb.us_dailyquote", "说明": "该数据表记录了证券交易的详细信息，包括交易日和证券内部代码用于标识交易记录，开盘价、最高价、最低价和收盘价用于描述当天的价格波动，成交量和成交额反映市场活跃程度，每股收益TTM和证券总市值提供了盈利能力和规模的财务指标，证券总股本用于计算市场相关比率，昨收盘和日涨跌则用于分析价格变动趋势，涨跌幅百分比和均价提供了额外的市场表现信息。"}, {"表名": "hkstockdb.hk_employeechange", "说明": "该数据表主要记录证券相关信息，包括证券内部代码、信息发布日期与来源等基本信息；股东大会公告日期及相关生效与失效日期等时间信息；是否有效的状态标识；以及变更前后员工数量的对比等数据。"}, {"表名": "hkstockdb.hk_stockarchives", "说明": "该数据表主要记录公司基本信息及相关属性，涵盖了公司标识信息如公司代码、中文名称、企业类别及描述等；成立及注册信息如公司成立日期、注册地、注册资本及其货币单位等；行业分类信息如所属行业（港交所、恒生）等；管理层信息如主席、公司秘书、合资格会计师等；办公及运营信息如注册办事处、总办事处及主要营业地点、股份过户处（香港）等；联系方式如电话、传真、邮箱、公司网址等；以及其他信息如公司业务、公司简介、审计机构等，全面反映了公司的基本情况和运营特征。"}, {"表名": "hkstockdb.cs_hkstockperformance", "说明": "该数据表主要用于记录证券交易及相关指标的详细信息，涵盖了基础信息如证券内部编码、交易日、货币代码等；价格信息包括昨收盘、今开盘、最高价、最低价、收盘价、均价、复权最高价及最低价等；成交信息如成交量、成交金额、换手率等；涨跌信息包括涨跌金额、涨跌幅、振幅等；市值信息如总市值、流通市值等；周期指标覆盖近一周、本周、近一月、本月、近三个月、近六个月、近一年及今年以来的成交、涨跌、振幅、换手率、均价、市值等详细数据，且提供各周期的日均指标；此外，还包含上市以来的复权价格及其对应日期等。"}]

请选择table，务必遵循输出的格式要求。

>>>>> Agent【Check_db_structure.table_selector】 Said:
【分析】
要回答大悦城股票在2021年其所属的概念板块中，当年共有多少次涨停的问题，我们需要以下信息：
1. 大悦城股票在2021年的交易数据，特别是涨停的次数。
2. 大悦城所属的概念板块信息。
3. 该概念板块中其他股票在2021年的交易数据，特别是涨停的次数。

【选中的数据表】
- astockmarketquotesdb.qt_dailyquote: 这个数据表记录了证券交易的核心信息，包括每日的涨停情况。
- astockindustrydb.lc_coconcept: 这个数据表记录了证券相关的概念及状态信息，可以用来确定大悦城所属的概念板块。
- astockindustrydb.lc_conceptlist: 这个数据表包含与概念分类相关的信息，可以用来获取概念板块的详细信息。

【选中的数据库表的清单】
```json
["astockmarketquotesdb.qt_dailyquote", "astockindustrydb.lc_coconcept", "astockindustrydb.lc_conceptlist"]
```

补充选择table: ["hkstockdb.cs_hkstockperformance", "usstockdb.us_dailyquote"]
补充选择table: ["astockmarketquotesdb.qt_stockperformance"]
补充选择table: ["astockmarketquotesdb.cs_stockpatterns"]

>>>>> 【user】 Said:
已取得可用的数据表的字段信息如下:
[{"表名": "astockmarketquotesdb.qt_dailyquote", "表字段": [{"column": "InnerCode", "desc": "证券内部编码；证券内部编码（InnerCode）：与“证券主表（SecuMain）”中的“证券内部编码（InnerCode）”关联，得到证券的交易代码、简称等。"}, {"column": "TradingDay", "desc": "交易日"}, {"column": "PrevClosePrice", "desc": "昨收盘(元)"}, {"column": "OpenPrice", "desc": "今开盘(元)"}, {"column": "HighPrice", "desc": "最高价(元)"}, {"column": "LowPrice", "desc": "最低价(元)"}, {"column": "ClosePrice", "desc": "收盘价(元)"}, {"column": "TurnoverVolume", "desc": "成交量(股)；当证券类别为指数时，股票指数成交量单位是股，基金指数成交量单位是份，债券指数成交量单位是元。"}, {"column": "TurnoverValue", "desc": "成交金额(元)"}, {"column": "TurnoverDeals", "desc": "成交笔数(笔)"}]}, {"表名": "astockindustrydb.lc_coconcept", "表字段": [{"column": "InnerCode", "desc": "证券内部编码；证券内部编码（InnerCode）：与“证券主表（SecuMain）”中的“证券内部编码（InnerCode）”关联，得到证券的交易代码、简称等。"}, {"column": "ConceptCode", "desc": "概念代码；概念代码(ConceptCode)：与“概念板块表(LC_ConceptList)”中的“概念代码(ConceptCode)”关联，得到所属概念的信息。"}, {"column": "InDate", "desc": "调入日期"}, {"column": "OutDate", "desc": "调出日期"}, {"column": "IndiState", "desc": "所属状态；所属状态(IndiState)，该字段固定以下常量：1-正常，0-终止。"}, {"column": "Remark", "desc": "备注；备注(Remark):字段解释了该成分股属于此概念的原因及逻辑。"}, {"column": "InfoPublDate", "desc": "信息发布日期"}]}, {"表名": "astockindustrydb.lc_conceptlist", "表字段": [{"column": "ClassCode", "desc": "所属1级概念代码"}, {"column": "ClassName", "desc": "所属1级概念名称"}, {"column": "SubclassCode", "desc": "所属2级概念代码"}, {"column": "SubclassName", "desc": "所属2级概念名称"}, {"column": "ConceptCode", "desc": "所属概念板块编码"}, {"column": "ConceptName", "desc": "概念名称"}, {"column": "BeginDate", "desc": "起始日期"}, {"column": "EndDate", "desc": "日期"}, {"column": "ConceptState", "desc": "所属状态；所属状态(ConceptState)，该字段固定以下常量：1-正常，0-终止。"}, {"column": "Remark", "desc": "备注"}, {"column": "InfoPublDate", "desc": "信息发布日期"}, {"column": "ConceptEngName", "desc": "概念英文名称"}]}, {"表名": "hkstockdb.cs_hkstockperformance", "表字段": [{"column": "InnerCode", "desc": "证券内部编码"}, {"column": "TradingDay", "desc": "交易日"}, {"column": "PrevClosePrice", "desc": "昨收盘"}, {"column": "OpenPrice", "desc": "今开盘"}, {"column": "HighPrice", "desc": "最高价"}, {"column": "LowPrice", "desc": "最低价"}, {"column": "ClosePrice", "desc": "收盘价"}, {"column": "CurrencyUnitCode", "desc": "货币代码；货币代码(CurrencyUnitCode)与(CT_SystemConst)表中的DM字段关联，令LB=1068 AND DM IN (1000,1100,1420)，得到货币代码的具体描述：1000-美元，1100-港元，1420-人民币元。"}, {"column": "TurnoverVolume", "desc": "成交量"}, {"column": "TurnoverValue", "desc": "成交金额(元)"}, {"column": "ChangeOF", "desc": "涨跌"}, {"column": "ChangePCT", "desc": "涨跌幅(%)"}, {"column": "RangePCT", "desc": "振幅(%)"}, {"column": "TurnoverRate", "desc": "换手率(%)"}, {"column": "AvgPrice", "desc": "均价"}, {"column": "TotalMV", "desc": "总市值(元)"}, {"column": "NegotiableMV", "desc": "流通市值(不含限售股)(元)"}, {"column": "TurnoverValueRW", "desc": "近一周成交金额(元)"}, {"column": "TurnoverVolumeRW", "desc": "近一周成交量(股)"}, {"column": "ChangeOFRW", "desc": "近一周涨跌(元)"}, {"column": "ChangePCTRW", "desc": "近一周涨跌幅(%)"}, {"column": "RangePCTRW", "desc": "近一周振幅(%)"}, {"column": "TurnoverRateRW", "desc": "近一周换手率(%)"}, {"column": "AvgPriceRW", "desc": "近一周成交均价(元)"}, {"column": "HighPriceRW", "desc": "近一周最高价(元)"}, {"column": "LowPriceRW", "desc": "近一周最低价(元)"}, {"column": "HighestClosePriceRW", "desc": "近一周收盘最高价(元)"}, {"column": "LowestClosePriceRW", "desc": "近一周收盘最低价(元)"}, {"column": "TurnoverValuePerDayRW", "desc": "近一周日均成交金额(元)"}, {"column": "TurnoverRatePerDayRW", "desc": "近一周日均换手率(%)"}, {"column": "TurnVolumePerDayRW", "desc": "近一周日均成交量(股)"}, {"column": "ChangePCTPerDayRW", "desc": "近一周日均涨跌幅(%)"}, {"column": "RangePCTPerDayRW", "desc": "近一周日均振幅(%)"}, {"column": "TotalMVPerDayRW", "desc": "近一周日均总市值(元)"}, {"column": "NegotiableMVPerDayRW", "desc": "近一周日均流通市值(不含限售股)(元)"}, {"column": "TurnoverValueTW", "desc": "本周以来成交金额(元)"}, {"column": "TurnoverVolumeTW", "desc": "本周以来成交量(股)"}, {"column": "ChangeOFTW", "desc": "本周以来涨跌(元)"}, {"column": "ChangePCTTW", "desc": "本周以来涨跌幅(%)"}, {"column": "RangePCTTW", "desc": "本周以来振幅(%)"}, {"column": "TurnoverRateTW", "desc": "本周以来换手率(%)"}, {"column": "AvgPriceTW", "desc": "本周以来成交均价(元)"}, {"column": "HighPriceTW", "desc": "本周以来最高价(元)"}, {"column": "LowPriceTW", "desc": "本周以来最低价(元)"}, {"column": "HighestClosePriceTW", "desc": "本周以来收盘最高价(元)"}, {"column": "LowestClosePriceTW", "desc": "本周以来收盘最低价(元)"}, {"column": "TurnoverValuePerDayTW", "desc": "本周以来日均成交金额(元)"}, {"column": "TurnoverRatePerDayTW", "desc": "本周以来日均换手率(%)"}, {"column": "TurnVolumePerDayTW", "desc": "本周以来日均成交量(股)"}, {"column": "ChangePCTPerDayTW", "desc": "本周以来日均涨跌幅(%)"}, {"column": "RangePCTPerDayTW", "desc": "本周以来日均振幅(%)"}, {"column": "TotalMVPerDayTW", "desc": "本周以来日均总市值(元)"}, {"column": "NegotiableMVPerDayTW", "desc": "本周以来日均流通市值(不含限售股)(元)"}, {"column": "TurnoverValueRM", "desc": "近一月成交金额(元)"}, {"column": "TurnoverVolumeRM", "desc": "近一月成交量(股)"}, {"column": "ChangeOFRM", "desc": "近一月涨跌(元)"}, {"column": "ChangePCTRM", "desc": "近一月涨跌幅(%)"}, {"column": "RangePCTRM", "desc": "近一月月振幅(%)"}, {"column": "TurnoverRateRM", "desc": "近一月月换手率(%)"}, {"column": "AvgPriceRM", "desc": "近一月成交均价(元)"}, {"column": "HighPriceRM", "desc": "近一月最高价(元)"}, {"column": "LowPriceRM", "desc": "近一月最低价(元)"}, {"column": "HighestClosePriceRM", "desc": "近一月收盘最高价(元)"}, {"column": "LowestClosePriceRM", "desc": "近一月收盘最低价(元)"}, {"column": "TurnoverValuePerDayRM", "desc": "近一月日均成交金额(元)"}, {"column": "TurnoverRatePerDayRM", "desc": "近一月日均换手率(%)"}, {"column": "TurnVolumePerDayRM", "desc": "近一月日均成交量(股)"}, {"column": "ChangePCTPerDayRM", "desc": "近一月日均涨跌幅(%)"}, {"column": "RangePCTPerDayRM", "desc": "近一月日均振幅(%)"}, {"column": "TotalMVPerDayRM", "desc": "近一月日均总市值(元)"}, {"column": "NegotiableMVPerDayRM", "desc": "近一月日均流通市值(不含限售股)(元)"}, {"column": "TurnoverValueTM", "desc": "本月以来成交金额(元)"}, {"column": "TurnoverVolumeTM", "desc": "本月以来成交量(股)"}, {"column": "ChangeOFTM", "desc": "本月以来涨跌(元)"}, {"column": "ChangePCTTM", "desc": "本月以来涨跌幅(%)"}, {"column": "RangePCTTM", "desc": "本月以来振幅(%)"}, {"column": "TurnoverRateTM", "desc": "本月以来换手率(%)"}, {"column": "AvgPriceTM", "desc": "本月以来成交均价(元)"}, {"column": "HighPriceTM", "desc": "本月以来最高价(元)"}, {"column": "LowPriceTM", "desc": "本月以来最低价(元)"}, {"column": "HighestClosePriceTM", "desc": "本月以来收盘最高价(元)"}, {"column": "LowestClosePriceTM", "desc": "本月以来收盘最低价(元)"}, {"column": "TurnoverValuePerDayTM", "desc": "本月以来日均成交金额(元)"}, {"column": "TurnoverRatePerDayTM", "desc": "本月以来日均换手率(%)"}, {"column": "TurnVolumePerDayTM", "desc": "本月以来日均成交量(股)"}, {"column": "ChangePCTPerDayTM", "desc": "本月以来日均涨跌幅(%)"}, {"column": "RangePCTPerDayTM", "desc": "本月以来日均振幅(%)"}, {"column": "TotalMVPerDayTM", "desc": "本月以来日均总市值(元)"}, {"column": "NegotiableMVPerDayTM", "desc": "本月以来日均流通市值(不含限售股)(元)"}, {"column": "TurnoverValueRMThree", "desc": "近三个月成交金额(元)"}, {"column": "TurnoverVolumeRMThree", "desc": "近三个月成交量(股)"}, {"column": "ChangeOFRMThree", "desc": "近三个月涨跌(元)"}, {"column": "ChangePCTRMThree", "desc": "近三个月涨跌幅(%)"}, {"column": "RangePCTRMThree", "desc": "近三个月振幅(%)"}, {"column": "TurnoverRateRMThree", "desc": "近三个月换手率(%)"}, {"column": "AvgPriceRMThree", "desc": "近三个月成交均价(元)"}, {"column": "HighPriceRMThree", "desc": "近三个月以来最高价(元)"}, {"column": "LowPriceRMThree", "desc": "近三个月以来最低价(元)"}, {"column": "HighestClosePRMThree", "desc": "近三个月以来收盘最高价(元)"}, {"column": "LowestClosePRMThree", "desc": "近三个月以来收盘最低价(元)"}, {"column": "TurnValuePDayRMThree", "desc": "近三个月日均成交金额(元)"}, {"column": "TurnRatePDayRMThree", "desc": "近三个月日均换手率(%)"}, {"column": "TurnVolumePDayRMThree", "desc": "近三个月日均成交量(股)"}, {"column": "ChangePCTPDayRMThree", "desc": "近三个月日均涨跌幅(%)"}, {"column": "RangePCTPDayRMThree", "desc": "近三个月日均振幅(%)"}, {"column": "TotalMVPerDayRMThree", "desc": "近三个月日均总市值(元)"}, {"column": "NegotiableMVPRMThree", "desc": "近三个月日均流通市值(不含限售股)(元)"}, {"column": "TurnoverValueRMSix", "desc": "近六个月成交金额(元)"}, {"column": "TurnoverVolumeRMSix", "desc": "近六个月成交量(股)"}, {"column": "ChangeOFRMSix", "desc": "近六个月涨跌(元)"}, {"column": "ChangePCTRMSix", "desc": "近六个月涨跌幅(%)"}, {"column": "RangePCTRMSix", "desc": "近六个月振幅(%)"}, {"column": "TurnoverRateRMSix", "desc": "近六个月换手率(%)"}, {"column": "AvgPriceRMSix", "desc": "近六个月成交均价(元)"}, {"column": "HighPriceRMSix", "desc": "近六个月以来最高价(元)"}, {"column": "LowPriceRMSix", "desc": "近六个月以来最低价(元)"}, {"column": "HighestClosePRMSix", "desc": "近六个月以来收盘最高价(元)"}, {"column": "LowestClosePRMSix", "desc": "近六个月以来收盘最低价(元)"}, {"column": "TurnValuePDayRMSix", "desc": "近六个月日均成交金额(元)"}, {"column": "TurnRatePDayRMSix", "desc": "近六个月日均换手率(%)"}, {"column": "TurnVolumePDayRMSix", "desc": "近六个月日均成交量(股)"}, {"column": "ChangePCTPDayRMSix", "desc": "近六个月日均涨跌幅(%)"}, {"column": "RangePCTPDayRMSix", "desc": "近六个月日均振幅(%)"}, {"column": "TotalMVPerDayRMSix", "desc": "近六个月日均总市值(元)"}, {"column": "NegotiableMVPRMSix", "desc": "近六个月日均流通市值(不含限售股)(元)"}, {"column": "TurnoverValueRY", "desc": "近一年成交金额(元)"}, {"column": "TurnoverVolumeRY", "desc": "近一年成交量(股)"}, {"column": "ChangeOFRY", "desc": "近一年涨跌(元)"}, {"column": "ChangePCTRY", "desc": "近一年涨跌幅(%)"}, {"column": "RangePCTRY", "desc": "近一年振幅(%)"}, {"column": "TurnoverRateRY", "desc": "近一年换手率(%)"}, {"column": "AvgPriceRY", "desc": "近一年成交均价(元)"}, {"column": "HighPriceRY", "desc": "近一年最高价(元)"}, {"column": "LowPriceRY", "desc": "近一年最低价(元)"}, {"column": "HighestClosePRY", "desc": "近一年收盘价最高(元)"}, {"column": "LowestClosePRY", "desc": "近一年收盘价最低(元)"}, {"column": "TurnoverValuePDayRY", "desc": "近一年日均成交金额(元)"}, {"column": "TurnoverRatePDayRY", "desc": "近一年日均换手率(%)"}, {"column": "TurnVolumePDayRY", "desc": "近一年日均成交量(股)"}, {"column": "ChangePCTPDayRY", "desc": "近一年日均涨跌幅(%)"}, {"column": "RangePCTPDayRY", "desc": "近一年日均振幅(%)"}, {"column": "TotalMVPerDayRY", "desc": "近一年日均总市值(元)"}, {"column": "NegotiableMVPRY", "desc": "近一年日均流通市值(不含限售股)(元)"}, {"column": "TurnoverValueYTD", "desc": "今年以来成交金额(元)"}, {"column": "TurnoverVolumeYTD", "desc": "今年以来成交量(股)"}, {"column": "ChangeOFYTD", "desc": "今年以来涨跌(元)"}, {"column": "ChangePCTYTD", "desc": "今年以来涨跌幅(%)"}, {"column": "RangePCTYTD", "desc": "今年以来振幅(%)"}, {"column": "TurnoverRateYTD", "desc": "今年以来换手率(%)"}, {"column": "AvgPriceYTD", "desc": "今年以来成交均价(元)"}, {"column": "HighPriceYTD", "desc": "今年以来最高价(元)"}, {"column": "LowPriceYTD", "desc": "今年以来最低价(元)"}, {"column": "HighestClosePriceYTD", "desc": "今年以来收盘最高价(元)"}, {"column": "LowestClosePriceYTD", "desc": "今年以来收盘最低价(元)"}, {"column": "TurnoverValuePerDayYTD", "desc": "今年以来日均成交金额(元)"}, {"column": "TurnoverRatePerDayYTD", "desc": "今年以来日均换手率(%)"}, {"column": "TurnVolumePDayYTD", "desc": "今年以来日均成交量(股)"}, {"column": "ChangePCTPerDayYTD", "desc": "今年以来日均涨跌幅(%)"}, {"column": "RangePCTPerDayYTD", "desc": "今年以来日均振幅(%)"}, {"column": "TotalMVPerDayYTD", "desc": "今年以来日均总市值(元)"}, {"column": "NegotiableMVPYTD", "desc": "今年以来日均流通市值(不含限售股)(元)"}, {"column": "HighAdjustedPrice", "desc": "上市以来复权最高价(元)"}, {"column": "HighAdjustedPriceDate", "desc": "上市以来复权最高价日期"}, {"column": "LowAdjustedPrice", "desc": "上市以来复权最低价(元)"}, {"column": "LowAdjustedPriceDate", "desc": "上市以来复权最低价日期"}]}, {"表名": "usstockdb.us_dailyquote", "表字段": [{"column": "TradingDay", "desc": "交易日"}, {"column": "InnerCode", "desc": "证券内部代码；证券内部代码（InnerCode）：与”美股证券主表(US_SecuMain)“表的” 证券内部代码 (InnerCode)字段 “关联，得到相关的交易代码、简称等。"}, {"column": "Open", "desc": "开盘价"}, {"column": "High", "desc": "最高价"}, {"column": "Low", "desc": "最低价"}, {"column": "Close", "desc": "收盘价"}, {"column": "Volume", "desc": "成交量(手)"}, {"column": "EPSTTM", "desc": "每股收益TTM(元/股)"}, {"column": "MarketCap", "desc": "证券总市值"}, {"column": "ShareOST", "desc": "证券总股本"}, {"column": "PrevClosePrice", "desc": "昨收盘"}, {"column": "ChangePCT", "desc": "涨跌幅(%)"}, {"column": "AvgPrice", "desc": "均价；均价（AvgPrice）：成交额/成交量"}, {"column": "TurnoverValue", "desc": "成交额(万)"}, {"column": "ChangeOF", "desc": "日涨跌"}]}, {"表名": "astockmarketquotesdb.qt_stockperformance", "表字段": [{"column": "InnerCode", "desc": "证券内部编码；证券内部编码（InnerCode）：与“证券主表（SecuMain）”中的“证券内部编码（InnerCode）”关联，得到证券的交易代码、简称等。"}, {"column": "TradingDay", "desc": "交易日"}, {"column": "PrevClosePrice", "desc": "昨收盘"}, {"column": "OpenPrice", "desc": "今开盘"}, {"column": "HighPrice", "desc": "最高价"}, {"column": "LowPrice", "desc": "最低价"}, {"column": "ClosePrice", "desc": "收盘价"}, {"column": "TurnoverVolume", "desc": "成交量1"}, {"column": "TurnoverValue", "desc": "成交金额(元)1"}, {"column": "ChangePCT", "desc": "涨跌幅(%)1"}, {"column": "RangePCT", "desc": "振幅(%)1"}, {"column": "TurnoverRate", "desc": "换手率(%)"}, {"column": "AvgPrice", "desc": "均价"}, {"column": "Ifsuspend", "desc": "是否停牌；1：当日停牌；0：当日非停牌"}, {"column": "TurnoverValueRW", "desc": "周成交金额(元)"}, {"column": "TurnoverVolumeRW", "desc": "周成交量(股)"}, {"column": "ChangePCTRW", "desc": "周涨跌幅(%)"}, {"column": "RangePCTRW", "desc": "周振幅(%)"}, {"column": "TurnoverRateRW", "desc": "周换手率(%)"}, {"column": "AvgPriceRW", "desc": "周成交均价(元)"}, {"column": "HighPriceRW", "desc": "周最高价(元)"}, {"column": "LowPriceRW", "desc": "周最低价(元)"}, {"column": "HighestClosePriceRW", "desc": "周收盘最高价(元)"}, {"column": "LowestClosePriceRW", "desc": "周收盘最低价(元)"}, {"column": "TurnoverValuePerDayRW", "desc": "周日均成交金额(元)"}, {"column": "TurnoverRatePerDayRW", "desc": "周日均换手率(%)"}, {"column": "TurnoverValueTW", "desc": "本周以来成交金额(元)"}, {"column": "TurnoverVolumeTW", "desc": "本周以来成交量(股)"}, {"column": "ChangePCTTW", "desc": "本周以来涨跌幅(%)"}, {"column": "RangePCTTW", "desc": "本周以来振幅(%)"}, {"column": "TurnoverRateTW", "desc": "本周以来换手率(%)"}, {"column": "AvgPriceTW", "desc": "本周以来成交均价(元)"}, {"column": "HighPriceTW", "desc": "本周以来最高价(元)"}, {"column": "LowPriceTW", "desc": "本周以来最低价(元)"}, {"column": "HighestClosePriceTW", "desc": "本周以来收盘最高价(元)"}, {"column": "LowestClosePriceTW", "desc": "本周以来收盘最低价(元)"}, {"column": "TurnoverValuePerDayTW", "desc": "本周以来日均成交金额(元)"}, {"column": "TurnoverRatePerDayTW", "desc": "本周以来日均换手率(%)"}, {"column": "TurnoverValueRM", "desc": "月成交金额(元)"}, {"column": "TurnoverVolumeRM", "desc": "月成交量(股)"}, {"column": "ChangePCTRM", "desc": "月涨跌幅(%)"}, {"column": "RangePCTRM", "desc": "月振幅(%)"}, {"column": "TurnoverRateRM", "desc": "月换手率(%)"}, {"column": "AvgPriceRM", "desc": "月成交均价(元)"}, {"column": "HighPriceRM", "desc": "月最高价(元)"}, {"column": "LowPriceRM", "desc": "月最低价(元)"}, {"column": "HighestClosePriceRM", "desc": "月收盘最高价(元)"}, {"column": "LowestClosePriceRM", "desc": "月收盘最低价(元)"}, {"column": "TurnoverValuePerDayRM", "desc": "月日均成交金额(元)"}, {"column": "TurnoverRatePerDayRM", "desc": "月日均换手率(%)"}, {"column": "TurnoverValueTM", "desc": "本月以来成交金额(元)"}, {"column": "TurnoverVolumeTM", "desc": "本月以来成交量(股)"}, {"column": "ChangePCTTM", "desc": "本月以来涨跌幅(%)"}, {"column": "RangePCTTM", "desc": "本月以来振幅(%)"}, {"column": "TurnoverRateTM", "desc": "本月以来换手率(%)"}, {"column": "AvgPriceTM", "desc": "本月以来成交均价(元)"}, {"column": "HighPriceTM", "desc": "本月以来最高价(元)"}, {"column": "LowPriceTM", "desc": "本月以来最低价(元)"}, {"column": "HighestClosePriceTM", "desc": "本月以来收盘最高价(元)"}, {"column": "LowestClosePriceTM", "desc": "本月以来收盘最低价(元)"}, {"column": "TurnoverValuePerDayTM", "desc": "本月以来日均成交金额(元)"}, {"column": "TurnoverRatePerDayTM", "desc": "本月以来日均换手率(%)"}, {"column": "TurnoverValueRMThree", "desc": "三个月成交金额(元)1"}, {"column": "TurnoverVolumeRMThree", "desc": "三个月成交量(股)1"}, {"column": "ChangePCTRMThree", "desc": "三个月涨跌幅(%)1"}, {"column": "RangePCTRMThree", "desc": "三个月振幅(%)1"}, {"column": "TurnoverRateRMThree", "desc": "三个月换手率(%)1"}, {"column": "TurnoverValueRMSix", "desc": "六个月成交金额(元)1"}, {"column": "TurnoverVolumeRMSix", "desc": "六个月成交量(股)1"}, {"column": "ChangePCTRMSix", "desc": "六个月涨跌幅(%)1"}, {"column": "RangePCTRMSix", "desc": "六个月振幅(%)1"}, {"column": "TurnoverRateRMSix", "desc": "六个月换手率(%)1"}, {"column": "TurnoverValueRY", "desc": "十二个月成交金额(元)1"}, {"column": "TurnoverVolumeRY", "desc": "十二个月成交量(股)1"}, {"column": "ChangePCTRY", "desc": "十二个月涨跌幅(%)1"}, {"column": "RangePCTRY", "desc": "十二个月振幅(%)1"}, {"column": "TurnoverRateRY", "desc": "十二个月换手率(%)1"}, {"column": "AvgPriceRY", "desc": "十二个月成交均价(元)1"}, {"column": "HighPriceRY", "desc": "十二个月最高价(元)1"}, {"column": "LowPriceRY", "desc": "十二个月最低价(元)1"}, {"column": "HighestClosePriceRY", "desc": "十二个月收盘最高价(元)1"}, {"column": "LowestClosePriceRY", "desc": "十二个月收盘最低价(元)1"}, {"column": "TurnoverValuePDayRY", "desc": "十二个月日均成交金额(元)1"}, {"column": "TurnoverRatePDayRY", "desc": "十二个月日均换手率(%)1"}, {"column": "TurnoverValueYTD", "desc": "今年以来成交金额(元)1"}, {"column": "TurnoverVolumeYTD", "desc": "今年以来成交量(股)1"}, {"column": "ChangePCTYTD", "desc": "今年以来涨跌幅(%)1"}, {"column": "RangePCTYTD", "desc": "今年以来振幅(%)1"}, {"column": "TurnoverRateYTD", "desc": "今年以来换手率(%)1"}, {"column": "AvgPriceYTD", "desc": "今年以来成交均价(元)1"}, {"column": "HighPriceYTD", "desc": "今年以来最高价(元)1"}, {"column": "LowPriceYTD", "desc": "今年以来最低价(元)1"}, {"column": "HighestClosePriceYTD", "desc": "今年以来收盘最高价(元)1"}, {"column": "LowestClosePriceYTD", "desc": "今年以来收盘最低价(元)1"}, {"column": "TurnoverValuePerDayYTD", "desc": "今年以来日均成交金额(元)1"}, {"column": "TurnoverRatePerDayYTD", "desc": "今年以来日均换手率(%)1"}, {"column": "HighAdjustedPrice", "desc": "上市以来后复权最高价(元)1"}, {"column": "HighAdjustedPriceDate", "desc": "上市以来后复权最高价时间1"}, {"column": "LowAdjustedPrice", "desc": "上市以来后复权最低价(元)1"}, {"column": "LowAdjustedPriceDate", "desc": "上市以来后复权最低价时间"}, {"column": "BetaLargeCapIndex", "desc": "Beta值(相对沪深300,一年)"}, {"column": "BetaCompositeIndex", "desc": "Beta值(相对综合指数,一年)；在上海交易所上市，则取沪综指；在深圳交易所上市，则取深综指。"}, {"column": "BetaSYWGIndustryIndex", "desc": "Beta值(相对申万行业,一年)；取该股票所属的申万行业指数"}, {"column": "BetaMidCapIndex", "desc": "Beta值(相对中证500,一年)"}, {"column": "BetaWeekly", "desc": "Beta值(两年,周步长)；Beta值（两年,周步长）（BetaWeekly）：Beta=[n∑RXiRi-(∑RXi)*(∑Ri)]／[n∑（RXi^2）-(∑RXi)^2]Ri为步长区间股票增长率Rxi为步长区间基准增长率"}, {"column": "AdjustBetaWeekly", "desc": "调整Beta值(两年,周步长)；调整Beta值（两年,周步长）（AdjustBetaWeekly）：BETA值（两年,周步长）*0.67+0.33"}, {"column": "AlphaLargeCapIndex", "desc": "阿尔法(相对沪深300,一年)"}, {"column": "AlphaCompositeIndex", "desc": "阿尔法(相对综合指数,一年)；在上海交易所上市，则取沪综指；在深圳交易所上市，则取深综指。"}, {"column": "AlphaSYWGIndustryIndex", "desc": "阿尔法(相对申万行业,一年)；取该股票所属的申万行业指数。"}, {"column": "AlphMidCapIndex", "desc": "阿尔法(相对中证500,一年)"}, {"column": "YearVolatilityByDay", "desc": "波动率(日步长)；波动率(日步长)(YearVolatilityByDay):计算中为日步长数据，时间跨度为1年"}, {"column": "YearVolatilityByWeek", "desc": "波动率(周步长)1"}, {"column": "YearSharpeRatio", "desc": "夏普比率(年化)1"}, {"column": "MarketIndexRORArithAvg", "desc": "市场收益率(算术平均)；市场收益率（算术平均）（MarketIndexRORArithAvg）：Rm=（Rm1+Rm2）/2Rm1为上证综指年收益率（算术平均）Rm2为深证综指年收益率（算术平均）指数年平均收益率Rxi=(∑（Ri）/10)*100%"}, {"column": "MarketIndexRORGeomMean", "desc": "市场收益率(几何平均)；市场收益率（几何平均）（MarketIndexRORGeomMean）：Rm=（Rm1+Rm2）/2Rm1为上证综指年收益率（几何平均）Rm2为深证综指年收益率（几何平均）"}, {"column": "TotalMV", "desc": "总市值(元)1"}, {"column": "NegotiableMV", "desc": "流通市值(不含限售股)(元)1"}, {"column": "TurnoverRateFreeFloat", "desc": "换手率_自由流通股本(%)"}, {"column": "TurnoverRateFFTRW", "desc": "周换手率_自由流通股本(%)1"}, {"column": "TurnoverRatePDFFTRW", "desc": "周日均换手率_自由流通股本(%)1"}, {"column": "TurnoverRateFFTTW", "desc": "本周以来换手率_自由流通股本(%)"}, {"column": "TurnoverRatePDFFTTW", "desc": "本周以来日均换手率_自由流通股本(%)"}, {"column": "TurnoverRateFFTRM", "desc": "月换手率_自由流通股本(%)1"}, {"column": "TurnoverRatePDFFTRM", "desc": "月日均换手率_自由流通股本(%)1"}, {"column": "TurnoverRateFFTTM", "desc": "本月以来换手率_自由流通股本(%)1"}, {"column": "TurnoverRatePDFFTTM", "desc": "本月以来日均换手率_自由流通股本(%)1"}, {"column": "TurnoverRateFFTRMThree", "desc": "三个月换手率_自由流通股本(%)1"}, {"column": "TurnoverRateFFTRMSix", "desc": "六个月换手率_自由流通股本(%)1"}, {"column": "TurnoverRateFFTRY", "desc": "十二个月换手率_自由流通股本(%)1"}, {"column": "TurnoverRatePDFFTRY", "desc": "十二个月日均换手率_自由流通股本(%)1"}, {"column": "TurnoverRateFFTYTD", "desc": "今年以来换手率_自由流通股本(%)1"}, {"column": "TurnoverRatePDFFTYTD", "desc": "今年以来日均换手率_自由流通股本(%)1"}]}, {"表名": "astockmarketquotesdb.cs_stockpatterns", "表字段": [{"column": "InnerCode", "desc": "证券内部编码；证券内部编码（InnerCode）：与“证券主表(SecuMain)”中的“证券内部编码(InnerCode)”关联，得到股票的证券代码、简称等其他详细信息。"}, {"column": "TradingDay", "desc": "交易日"}, {"column": "GilCode", "desc": "聚源代码"}, {"column": "SecuMarket", "desc": "证券市场"}, {"column": "IfHighestHPriceRW", "desc": "是否创近一周的新高；指定日期最高价是否大于指定日期最近N天最高价，是返回1， 否返回2。 N分别为：近1周、近1月、近3月、近半年、近1年、上市以来。"}, {"column": "IfHighestHPriceRM", "desc": "是否创近一月的新高"}, {"column": "IfHighestHPriceRMThree", "desc": "是否创近一季度的新高"}, {"column": "IfHighestHPriceRMSix", "desc": "是否创近半年的新高"}, {"column": "IfHighestHPriceRY", "desc": "是否创近一年的新高"}, {"column": "IfHighestHPriceSL", "desc": "是否创上市以来的新高"}, {"column": "IfHighestCPriceRW", "desc": "是否创近一周的新高收盘价；指定日期收盘价是否大于指定日期最近N天收盘价，是返回1， 否返回2。 N分别为：近1周、近1月、近3月、近半年、近1年、上市以来。"}, {"column": "IfHighestCPriceRM", "desc": "是否创近一月的新高收盘价"}, {"column": "IfHighestCPriceRMThree", "desc": "是否创近一季度的新高收盘价"}, {"column": "IfHighestCPriceRMSix", "desc": "是否创近半年的新高收盘价"}, {"column": "IfHighestCPriceRY", "desc": "是否创近一年的新高收盘价"}, {"column": "IfHighestCPriceSL", "desc": "是否创上市以来的新高收盘价"}, {"column": "IfHighestTVolumeRW", "desc": "是否创近一周的新高成交量"}, {"column": "IfHighestTVolumeRM", "desc": "是否创近一月的新高成交量；指定日期成交量是否大于指定日期最近N天成交量，是返回1， 否返回2。 N分别为：近1周、近1月、近3月、近半年、近1年、上市以来。"}, {"column": "IfHighestTVRMThree", "desc": "是否创近一季度的新高成交量"}, {"column": "IfHighestTVolumeRMSix", "desc": "是否创近半年的新高成交量"}, {"column": "IfHighestTVolumeRY", "desc": "是否创近一年的新高成交量"}, {"column": "IfHighestTVolumeSL", "desc": "是否创上市以来的新高成交量"}, {"column": "IfHighestTValueRW", "desc": "是否创近一周的新高成交金额；指定日期成交金额是否大于指定日期最近N天成交金额，是返回1， 否返回2。N分别为：近1周、近1月、近3月、近半年、近1年、上市以来。"}, {"column": "IfHighestTValueRM", "desc": "是否创近一月的新高成交金额"}, {"column": "IfHighestTValueRMThree", "desc": "是否创近一季度的新高成交金额"}, {"column": "IfHighestTValueRMSix", "desc": "是否创近半年的新高成交金额"}, {"column": "IfHighestTValueRY", "desc": "是否创近一年的新高成交金额"}, {"column": "IfHighestTValueSL", "desc": "是否创上市以来的新高成交金额"}, {"column": "HighestHPTimesSL", "desc": "最新交易日创历史新高次数；指定日期最近N天内大于指定日期之前的历史交易日最高价的次数。 N: 最新交易日、近1周、近1月、近3月、近半年、近1年"}, {"column": "HighestHPTimesRW", "desc": "最近一周创历史新高次数"}, {"column": "HighestHPTimesRM", "desc": "最近一月创历史新高次数"}, {"column": "HighestHPTimesRMThree", "desc": "最近一季度创历史新高次数"}, {"column": "HighestHPTimesRMSix", "desc": "最近半年创历史新高次数"}, {"column": "HighestHPTimesRY", "desc": "最近一年创历史新高次数"}, {"column": "IfLowestLPriceRW", "desc": "是否创近一周的新低；指定日期最低价是否小于指定日期最近N天最低价，是返回1， 否返回2。 N分别为：近1周、近1月、近3月、近半年、近1年、上市以来。"}, {"column": "IfLowestLPriceRM", "desc": "是否创近一个月的新低"}, {"column": "IfLowestLPRMThree", "desc": "是否创近一季度的新低"}, {"column": "IfLowestLPriceRMSix", "desc": "是否创近半年的新低"}, {"column": "IfLowestLPriceRY", "desc": "是否创近一年的新低"}, {"column": "IfLowestLPriceSL", "desc": "是否创上市以来的新低"}, {"column": "IfLowestClosePriceRW", "desc": "是否创近一周的新低收盘价；指定日期收盘价是否小于指定日期最近N天收盘价，是返回1， 否返回2。 N分别为：近1周、近1月、近3月、近半年、近1年、上市以来。"}, {"column": "IfLowestClosePriceRM", "desc": "是否创近一月的新低收盘价"}, {"column": "IfLowestCPriceRMThree", "desc": "是否创近一季度的新低收盘价"}, {"column": "IfLowestCPriceRMSix", "desc": "是否创近半年的新低收盘价"}, {"column": "IfLowestClosePriceRY", "desc": "是否创近一年的新低收盘价"}, {"column": "IfLowestClosePriceSL", "desc": "是否创上市以来的新低收盘价"}, {"column": "IfLowestTVolumeRW", "desc": "是否创近一周的新低成交量；指定日期成交量是否小于指定日期最近N天成交量，是返回1， 否返回2。 N分别为：近1周、近1月、近3月、近半年、近1年、上市以来。"}, {"column": "IfLowestTVolumeRM", "desc": "是否创近一月的新低成交量"}, {"column": "IfLowestTVolumeRMThree", "desc": "是否创近一季度的新低成交量"}, {"column": "IfLowestVolumeRMSix", "desc": "是否创近半年的新低成交量"}, {"column": "IfLowestTVolumeRY", "desc": "是否创近一年的新低成交量"}, {"column": "IfLowestTVolumeSL", "desc": "是否创上市以来的新低成交量"}, {"column": "IfLowestTValueRW", "desc": "是否创近一周的新低成交金额；指定日期成交金额是否小于指定日期最近N天成交金额，是返回1， 否返回2。N分别为：近1周、近1月、近3月、近半年、近1年、上市以来。"}, {"column": "IfLowestTValueRM", "desc": "是否创近一月的新低成交金额"}, {"column": "IfLowestTValueRMThree", "desc": "是否创近一季度的新低成交金额"}, {"column": "IfLowestTValueRMSix", "desc": "是否创近半年的新低成交金额"}, {"column": "IfLowestTValueRY", "desc": "是否创近一年的新低成交金额"}, {"column": "IfLowestTValueSL", "desc": "是否创上市以来的新低成交金额"}, {"column": "LowestLowPriceTimesSL", "desc": "最新交易日创历史新低次数；指定日期最近N天内小于指定日期之前的历史交易日最低价的次数， N: 最新交易日、近1周、近1月、近3月、近半年、近1年。"}, {"column": "LowestLowPriceTimesRW", "desc": "最近一周创历史新低次数"}, {"column": "LowestLowPriceTimesRM", "desc": "最近一个月创历史新低次数"}, {"column": "LowestLPTimesRMThree", "desc": "最近一季度创历史新低次数"}, {"column": "LowestLPTimesRMSix", "desc": "最近半年创历史新低次数"}, {"column": "LowestLPTimesRY", "desc": "最近一年创历史新低次数"}, {"column": "RisingUpDays", "desc": "连涨天数；统计个股在指定交易日期往前推连续上涨的天数。"}, {"column": "FallingDownDays", "desc": "连跌天数；统计个股在指定交易日期往前推连续下跌的天数。"}, {"column": "VolumeRisingUpDays", "desc": "连续放量天数；统计个股在指定交易日期往前推成交量连续上升的天数。"}, {"column": "VolumeFallingDownDays", "desc": "连续缩量天数；统计个股在指定交易日期往前推成交量连续下降的天数。"}, {"column": "BreakingMAverageFive", "desc": "向上向下有效突破5日均线；向上有效突破： 最近N天的收盘价>n日均线，且距今N+1天的收盘价<=n日均线。 向下有效突破： 最近N天的收盘价<n日均线，且距今N+1天的收盘价>=n日均线。 1-向上有效突破, 2-向下有效突破, 0-其他。 均线计算：n日均线=n日收盘价之和/n。 向上向下有效突破字段按照N=3 计算。"}, {"column": "BreakingMAverageTen", "desc": "向上向下有效突破10日均线"}, {"column": "BreakingMAverageTwenty", "desc": "向上向下有效突破20日均线"}, {"column": "BreakingMAverageSixty", "desc": "向上向下有效突破60日均线"}, {"column": "RaisingLimitInNDays", "desc": "N天M板；N天： 指定交易日往前取到连续三个非涨停的交易日的最后一个交易日的后一个交易日且该交易日涨停作为起始日期，指定交易日作为截至日期，N天即为起始日期到截至日期区间内的天数。 M板：上述N天内的涨停数。"}, {"column": "MAverageArrangements", "desc": "均线多空头排列看涨看跌；看涨：5日均线>10日均线>20日均线>60日均线，看涨返回1。 看跌：5日均线<10日均线<20日均线<60日均线，看跌返回2。"}]}]

请选择column，务必遵循输出的格式要求。

>>>>> Agent【Check_db_structure.columns_selector】 Said:
【分析】
用户询问大悦城股票在2021年其所属的概念板块中，当年共有多少次涨停。

【当前的表之间相互关联的字段】
表astockmarketquotesdb.qt_dailyquote和表astockindustrydb.lc_coconcept之间通过InnerCode关联。
表astockindustrydb.lc_coconcept和表astockindustrydb.lc_conceptlist之间通过ConceptCode关联。

【信息所在字段】
- astockmarketquotesdb.qt_dailyquote.InnerCode: 这个字段包含大悦城股票的证券内部编码，用于关联查询。
- astockmarketquotesdb.qt_dailyquote.TradingDay: 这个字段包含交易日信息，用于筛选2021年的数据。
- astockmarketquotesdb.qt_dailyquote.ClosePrice: 这个字段包含收盘价信息，用于判断是否涨停。
- astockmarketquotesdb.qt_dailyquote.PrevClosePrice: 这个字段包含昨收盘价信息，用于计算涨跌幅。
- astockindustrydb.lc_coconcept.InnerCode: 这个字段包含大悦城股票的证券内部编码，用于关联查询。
- astockindustrydb.lc_coconcept.ConceptCode: 这个字段包含概念代码，用于关联查询概念板块信息。
- astockindustrydb.lc_conceptlist.ConceptCode: 这个字段包含概念代码，用于关联查询概念板块信息。
- astockindustrydb.lc_conceptlist.ConceptName: 这个字段包含概念名称，用于确认大悦城所属的概念板块。

【筛选条件所在字段】
- astockmarketquotesdb.qt_dailyquote.TradingDay: 这个字段用于筛选2021年的数据。
- astockmarketquotesdb.qt_dailyquote.ClosePrice: 这个字段用于判断是否涨停。
- astockmarketquotesdb.qt_dailyquote.PrevClosePrice: 这个字段用于计算涨跌幅。
- astockindustrydb.lc_coconcept.InnerCode: 这个字段用于关联查询大悦城股票所属的概念板块。
- astockindustrydb.lc_conceptlist.ConceptCode: 这个字段用于关联查询概念板块信息。

【选中的字段的清单】
```json
{
  "astockmarketquotesdb.qt_dailyquote": ["InnerCode", "TradingDay", "ClosePrice", "PrevClosePrice"],
  "astockindustrydb.lc_coconcept": ["InnerCode", "ConceptCode"],
  "astockindustrydb.lc_conceptlist": ["ConceptCode", "ConceptName"]
}
```


>>>>> 【user】 Said:
之前已查询到信息如下:
查询结果表明: 在交易日为2021年8月4日的情况下，证券内部编码为74的证券的最高价为3.29元，最低价为3.22元。

请问:大悦城股票在2021年其所属的概念板块中，当年共有多少次涨停？

>>>>> Agent【Sql_query.master】 Said:
【已知信息】
- 大悦城的关联信息：InnerCode(证券内部编码)是74。
- 已查询到2021年8月4日大悦城的最高价和最低价。

【当前阶段要获取的信息】
- 大悦城股票在2021年其所属的概念板块中，当年共有多少次涨停。

【信息所在字段】
- 涨停信息通常在股票交易数据表中，具体字段可能包括涨停标识或通过价格变动计算得出。

【筛选条件所在字段】
- 时间筛选：DATE(TradingDay) = '2021-01-01' TO '2021-12-31'
- 概念板块筛选：需要先确定大悦城所属的概念板块。

【SQL语句的思路】
1. 先查询大悦城所属的概念板块。
2. 再查询这些概念板块在2021年的所有股票交易数据。
3. 统计其中的涨停次数。

【执行SQL语句】
首先，查询大悦城所属的概念板块。

```exec_sql
SELECT ConceptCode 
FROM astockindustrydb.lc_coconcept 
WHERE InnerCode = 74;
```

【上述SQL语句的含义】
从`lc_coconcept`表中查询与大悦城（InnerCode = 74）相关的所有概念板块代码（ConceptCode）。

>>>>> 查询sql:
SELECT ConceptCode 
FROM astockindustrydb.lc_coconcept 
WHERE InnerCode = 74;
查询结果:
[{"ConceptCode": 15031283}, {"ConceptCode": 13181319}, {"ConceptCode": 15030008}, {"ConceptCode": 15031027}, {"ConceptCode": 15030011}, {"ConceptCode": 15030013}, {"ConceptCode": 15030008}, {"ConceptCode": 15031283}]


>>>>> 【user】 Said:
查询SQL:
SELECT ConceptCode 
FROM astockindustrydb.lc_coconcept 
WHERE InnerCode = 74;
查询结果:
[{"ConceptCode": 15031283}, {"ConceptCode": 13181319}, {"ConceptCode": 15030008}, {"ConceptCode": 15031027}, {"ConceptCode": 15030011}, {"ConceptCode": 15030013}, {"ConceptCode": 15030008}, {"ConceptCode": 15031283}]

请理解查询结果

>>>>> Agent【Sql_query.understand_query_result】 Said:
查询结果表明: 该查询从表astockindustrydb.lc_coconcept中筛选出InnerCode等于74的记录，并返回这些记录的ConceptCode字段值。结果显示，InnerCode为74的证券关联了多个概念代码，包括15031283、13181319、15030008、15031027、15030011和15030013，其中15031283和15030008各出现了两次。这些概念代码可以进一步与概念板块表(LC_ConceptList)中的ConceptCode关联，以获取具体的所属概念信息。


>>>>> 【user】 Said:
查询SQL:
SELECT ConceptCode 
FROM astockindustrydb.lc_coconcept 
WHERE InnerCode = 74;
查询结果:
[{"ConceptCode": 15031283}, {"ConceptCode": 13181319}, {"ConceptCode": 15030008}, {"ConceptCode": 15031027}, {"ConceptCode": 15030011}, {"ConceptCode": 15030013}, {"ConceptCode": 15030008}, {"ConceptCode": 15031283}]

查询结果表明: 该查询从表astockindustrydb.lc_coconcept中筛选出InnerCode等于74的记录，并返回这些记录的ConceptCode字段值。结果显示，InnerCode为74的证券关联了多个概念代码，包括15031283、13181319、15030008、15031027、15030011和15030013，其中15031283和15030008各出现了两次。这些概念代码可以进一步与概念板块表(LC_ConceptList)中的ConceptCode关联，以获取具体的所属概念信息。

请检查筛选条件是否存在问题，比如时间日期字段没有用DATE()或YEAR()格式化？当然，如果没问题，那么就根据结果考虑下一步；那么当前掌握的信息是否能够回答"大悦城股票在2021年其所属的概念板块中，当年共有多少次涨停？"？还是要继续执行下一阶段SQL查询？

>>>>> Agent【Sql_query.master】 Said:
【已知信息】
- 大悦城所属的概念板块代码：15031283、13181319、15030008、15031027、15030011、15030013。
- 这些概念代码可以用于进一步查询相关股票的交易数据。

【当前阶段要获取的信息】
- 大悦城股票在2021年其所属的概念板块中，当年共有多少次涨停。

【信息所在字段】
- 涨停信息通常在股票交易数据表中，具体字段可能包括涨停标识或通过价格变动计算得出。

【筛选条件所在字段】
- 时间筛选：DATE(TradingDay) BETWEEN '2021-01-01' AND '2021-12-31'
- 概念板块筛选：ConceptCode IN (15031283, 13181319, 15030008, 15031027, 15030011, 15030013)

【SQL语句的思路】
1. 查询这些概念板块在2021年的所有股票交易数据。
2. 统计其中的涨停次数。

由于涨停的定义可能因市场规则而异，通常可以定义为当日收盘价达到或超过涨停价（例如，涨幅达到10%）。我们需要从交易数据表中获取相关数据并进行计算。

【执行SQL语句】
首先，查询这些概念板块在2021年的所有股票交易数据。

```exec_sql
SELECT InnerCode, TradingDay, ClosePrice, PrevClosePrice
FROM astockmarketquotesdb.qt_dailyquote
WHERE DATE(TradingDay) BETWEEN '2021-01-01' AND '2021-12-31'
AND InnerCode IN (
    SELECT InnerCode
    FROM astockindustrydb.lc_coconcept
    WHERE ConceptCode IN (15031283, 13181319, 15030008, 15031027, 15030011, 15030013)
);
```

【上述SQL语句的含义】
从`qt_dailyquote`表中查询2021年（DATE(TradingDay) BETWEEN '2021-01-01' AND '2021-12-31'）内，属于大悦城所属概念板块（通过子查询从`lc_coconcept`表中获取相关InnerCode）的所有股票的交易日、收盘价和前收盘价。这将为进一步计算涨停次数提供基础数据。

>>>>> 查询sql:
SELECT InnerCode, TradingDay, ClosePrice, PrevClosePrice
FROM astockmarketquotesdb.qt_dailyquote
WHERE DATE(TradingDay) BETWEEN '2021-01-01' AND '2021-12-31'
AND InnerCode IN (
    SELECT InnerCode
    FROM astockindustrydb.lc_coconcept
    WHERE ConceptCode IN (15031283, 13181319, 15030008, 15031027, 15030011, 15030013)
);
查询结果:
[{"InnerCode": 58, "TradingDay": "2021-01-04 12:00:00.000", "ClosePrice": 15.48, "PrevClosePrice": 15.92}, {"InnerCode": 67, "TradingDay": "2021-01-04 12:00:00.000", "ClosePrice": 6.25, "PrevClosePrice": 6.09}, {"InnerCode": 83, "TradingDay": "2021-01-04 12:00:00.000", "ClosePrice": 15.57, "PrevClosePrice": 14.99}, {"InnerCode": 94, "TradingDay": "2021-01-04 12:00:00.000", "ClosePrice": 14.87, "PrevClosePrice": 14.74}, {"InnerCode": 107, "TradingDay": "2021-01-04 12:00:00.000", "ClosePrice": 20.7, "PrevClosePrice": 18.99}, {"InnerCode": 122, "TradingDay": "2021-01-04 12:00:00.000", "ClosePrice": 8.57, "PrevClosePrice": 8.3}, {"InnerCode": 123, "TradingDay": "2021-01-04 12:00:00.000", "ClosePrice": 8.55, "PrevClosePrice": 8.56}, {"InnerCode": 147, "TradingDay": "2021-01-04 12:00:00.000", "ClosePrice": 14.67, "PrevClosePrice": 14.46}, {"InnerCode": 148, "TradingDay": "2021-01-04 12:00:00.000", "ClosePrice": 14.17, "PrevClosePrice": 14.15}, {"InnerCode": 171, "TradingDay": "2021-01-04 12:00:00.000", "ClosePrice": 38.88, "PrevClosePrice": 38.71}, {"InnerCode": 201, "TradingDay": "2021-01-04 12:00:00.000", "ClosePrice": 10.39, "PrevClosePrice": 10.02}, {"InnerCode": 221, "TradingDay": "2021-01-04 12:00:00.000", "ClosePrice": 6.12, "PrevClosePrice": 6.27}, {"InnerCode": 247, "TradingDay": "2021-01-04 12:00:00.000", "ClosePrice": 5.34, "PrevClosePrice": 5.35}, {"InnerCode": 251, "TradingDay": "2021-01-04 12:00:00.000", "ClosePrice": 3.77, "PrevClosePrice": 3.77}, {"InnerCode": 277, "TradingDay": "2021-01-04 12:00:00.000", "ClosePrice": 8.0, "PrevClosePrice": 7.27}, {"InnerCode": 310, "TradingDay": "2021-01-04 12:00:00.000", "ClosePrice": 16.42, "PrevClosePrice": 16.47}, {"InnerCode": 324, "TradingDay": "2021-01-04 12:00:00.000", "ClosePrice": 34.7, "PrevClosePrice": 33.7}, {"InnerCode": 359, "TradingDay": "2021-01-04 12:00:00.000", "ClosePrice": 2.16, "PrevClosePrice": 2.16}, {"InnerCode": 379, "TradingDay": "2021-01-04 12:00:00.000", "ClosePrice": 12.7, "PrevClosePrice": 12.8}, {"InnerCode": 383, "TradingDay": "2021-01-04 12:00:00.000", "ClosePrice": 2.24, "PrevClosePrice": 2.24}, {"InnerCode": 402, "TradingDay": "2021-01-04 12:00:00.000", "ClosePrice": 8.98, "PrevClosePrice": 8.96}, {"InnerCode": 403, "TradingDay": "2021-01-04 12:00:00.000", "ClosePrice": 8.51, "PrevClosePrice": 8.52}, {"InnerCode": 412, "TradingDay": "2021-01-04 12:00:00.000", "ClosePrice": 25.22, "PrevClosePrice": 22.93}, {"InnerCode": 415, "TradingDay": "2021-01-04 12:00:00.000", "ClosePrice": 5.86, "PrevClosePrice": 5.86}, {"InnerCode": 437, "TradingDay": "2021-01-04 12:00:00.000", "ClosePrice": 3.71, "PrevClosePrice": 3.68}, {"InnerCode": 442, "TradingDay": "2021-01-04 12:00:00.000", "ClosePrice": 8.13, "PrevClosePrice": 8.39}, {"InnerCode": 471, "TradingDay": "2021-01-04 12:00:00.000", "ClosePrice": 21.0, "PrevClosePrice": 20.99}, {"InnerCode": 477, "TradingDay": "2021-01-04 12:00:00.000", "ClosePrice": 3.64, "PrevClosePrice": 3.61}, {"InnerCode": 483, "TradingDay": "2021-01-04 12:00:00.000", "ClosePrice": 14.11, "PrevClosePrice": 13.63}, {"InnerCode": 509, "TradingDay": "2021-01-04 12:00:00.000", "ClosePrice": 14.98, "PrevClosePrice": 14.47}, {"InnerCode": 513, "TradingDay": "2021-01-04 12:00:00.000", "ClosePrice": 3.87, "PrevClosePrice": 3.88}, {"InnerCode": 516, "TradingDay": "2021-01-04 12:00:00.000", "ClosePrice": 12.76, "PrevClosePrice": 11.71}, {"InnerCode": 521, "TradingDay": "2021-01-04 12:00:00.000", "ClosePrice": 8.18, "PrevClosePrice": 8.39}, {"InnerCode": 527, "TradingDay": "2021-01-04 12:00:00.000", "ClosePrice": 3.07, "PrevClosePrice": 3.04}, {"InnerCode": 561, "TradingDay": "2021-01-04 12:00:00.000", "ClosePrice": 4.79, "PrevClosePrice": 4.78}, {"InnerCode": 562, "TradingDay": "2021-01-04 12:00:00.000", "ClosePrice": 8.27, "PrevClosePrice": 7.98}, {"InnerCode": 566, "TradingDay": "2021-01-04 12:00:00.000", "ClosePrice": 4.2, "PrevClosePrice": 4.16}, {"InnerCode": 578, "TradingDay": "2021-01-04 12:00:00.000", "ClosePrice": 4.96, "PrevClosePrice": 4.74}, {"InnerCode": 579, "TradingDay": "2021-01-04 12:00:00.000", "ClosePrice": 3.82, "PrevClosePrice": 3.83}, {"InnerCode": 581, "TradingDay": "2021-01-04 12:00:00.000", "ClosePrice": 11.55, "PrevClosePrice": 11.2}, {"InnerCode": 587, "TradingDay": "2021-01-04 12:00:00.000", "ClosePrice": 8.63, "PrevClosePrice": 8.14}, {"InnerCode": 604, "TradingDay": "2021-01-04 12:00:00.000", "ClosePrice": 14.33, "PrevClosePrice": 14.56}, {"InnerCode": 605, "TradingDay": "2021-01-04 12:00:00.000", "ClosePrice": 24.08, "PrevClosePrice": 23.19}, {"InnerCode": 612, "TradingDay": "2021-01-04 12:00:00.000", "ClosePrice": 15.41, "PrevClosePrice": 15.28}, {"InnerCode": 1130, "TradingDay": "2021-01-04 12:00:00.000", "ClosePrice": 2.86, "PrevClosePrice": 2.83}, {"InnerCode": 1147, "TradingDay": "2021-01-04 12:00:00.000", "ClosePrice": 7.11, "PrevClosePrice": 7.12}, {"InnerCode": 1167, "TradingDay": "2021-01-04 12:00:00.000", "ClosePrice": 66.66, "PrevClosePrice": 62.71}, {"InnerCode": 1178, "TradingDay": "2021-01-04 12:00:00.000", "ClosePrice": 14.27, "PrevClosePrice": 14.33}, {"InnerCode": 1184, "TradingDay": "2021-01-04 12:00:00.000", "ClosePrice": 11.88, "PrevClosePrice": 11.99}, {"InnerCode": 1188, "TradingDay": "2021-01-04 12:00:00.000", "ClosePrice": 16.4, "PrevClosePrice": 16.92}, {"InnerCode": 1201, "TradingDay": "2021-01-04 12:00:00.000", "ClosePrice": 31.84, "PrevClosePrice": 33.88}, {"InnerCode": 1219, "TradingDay": "2021-01-04 12:00:00.000", "ClosePrice": 14.78, "PrevClosePrice": 14.6}, {"InnerCode": 1220, "TradingDay": "2021-01-04 12:00:00.000", "ClosePrice": 6.16, "PrevClosePrice": 6.07}, {"InnerCode": 1223, "TradingDay": "2021-01-04 12:00:00.000", "ClosePrice": 6.52, "PrevClosePrice": 6.52}, {"InnerCode": 1246, "TradingDay": "2021-01-04 12:00:00.000", "ClosePrice": 33.5, "PrevClosePrice": 32.18}, {"InnerCode": 1253, "TradingDay": "2021-01-04 12:00:00.000", "ClosePrice": 5.23, "PrevClosePrice": 5.29}, {"InnerCode": 1258, "TradingDay": "2021-01-04 12:00:00.000", "ClosePrice": 14.64, "PrevClosePrice": 14.23}, {"InnerCode": 1275, "TradingDay": "2021-01-04 12:00:00.000", "ClosePrice": 12.95, "PrevClosePrice": 13.19}, {"InnerCode": 1277, "TradingDay": "2021-01-04 12:00:00.000", "ClosePrice": 1.4, "PrevClosePrice": 1.34}, {"InnerCode": 1295, "TradingDay": "2021-01-04 12:00:00.000", "ClosePrice": 7.18, "PrevClosePrice": 7.19}, {"InnerCode": 1329, "TradingDay": "2021-01-04 12:00:00.000", "ClosePrice": 3.09, "PrevClosePrice": 3.1}, {"InnerCode": 1379, "TradingDay": "2021-01-04 12:00:00.000", "ClosePrice": 21.62, "PrevClosePrice": 21.22}, {"InnerCode": 1391, "TradingDay": "2021-01-04 12:00:00.000", "ClosePrice": 12.86, "PrevClosePrice": 12.6}, {"InnerCode": 1422, "TradingDay": "2021-01-04 12:00:00.000", "ClosePrice": 11.68, "PrevClosePrice": 11.51}, {"InnerCode": 1438, "TradingDay": "2021-01-04 12:00:00.000", "ClosePrice": 59.65, "PrevClosePrice": 56.87}, {"InnerCode": 1448, "TradingDay": "2021-01-04 12:00:00.000", "ClosePrice": 6.07, "PrevClosePrice": 6.21}, {"InnerCode": 1471, "TradingDay": "2021-01-04 12:00:00.000", "ClosePrice": 5.74, "PrevClosePrice": 5.61}, {"InnerCode": 1475, "TradingDay": "2021-01-04 12:00:00.000", "ClosePrice": 6.05, "PrevClosePrice": 6.18}, {"InnerCode": 1492, "TradingDay": "2021-01-04 12:00:00.000", "ClosePrice": 4.0, "PrevClosePrice": 3.98}, {"InnerCode": 1510, "TradingDay": "2021-01-04 12:00:00.000", "ClosePrice": 9.13, "PrevClosePrice": 9.21}, {"InnerCode": 1526, "TradingDay": "2021-01-04 12:00:00.000", "ClosePrice": 9.21, "PrevClosePrice": 8.89}, {"InnerCode": 1534, "TradingDay": "2021-01-04 12:00:00.000", "ClosePrice": 15.65, "PrevClosePrice": 14.9}, {"InnerCode": 1632, "TradingDay": "2021-01-04 12:00:00.000", "ClosePrice": 130.56, "PrevClosePrice": 132.0}, {"InnerCode": 1628, "TradingDay": "2021-01-04 12:00:00.000", "ClosePrice": 7.95, "PrevClosePrice": 7.93}, {"InnerCode": 1626, "TradingDay": "2021-01-04 12:00:00.000", "ClosePrice": 3.83, "PrevClosePrice": 3.89}, {"InnerCode": 1647, "TradingDay": "2021-01-04 12:00:00.000", "ClosePrice": 4.96, "PrevClosePrice": 4.8}, {"InnerCode": 1650, "TradingDay": "2021-01-04 12:00:00.000", "ClosePrice": 7.22, "PrevClosePrice": 7.01}, {"InnerCode": 1652, "TradingDay": "2021-01-04 12:00:00.000", "ClosePrice": 5.32, "PrevClosePrice": 5.27}, {"InnerCode": 1574, "TradingDay": "2021-01-04 12:00:00.000", "ClosePrice": 9.24, "PrevClosePrice": 9.0}, {"InnerCode": 1693, "TradingDay": "2021-01-04 12:00:00.000", "ClosePrice": 48.15, "PrevClosePrice": 50.15}, {"InnerCode": 1700, "TradingDay": "2021-01-04 12:00:00.000", "ClosePrice": 14.65, "PrevClosePrice": 14.79}, {"InnerCode": 1714, "TradingDay": "2021-01-04 12:00:00.000", "ClosePrice": 8.71, "PrevClosePrice": 8.51}, {"InnerCode": 1553, "TradingDay": "2021-01-04 12:00:00.000", "ClosePrice": 12.15, "PrevClosePrice": 12.23}, {"InnerCode": 1551, "TradingDay": "2021-01-04 12:00:00.000", "ClosePrice": 21.55, "PrevClosePrice": 20.98}, {"InnerCode": 1533, "TradingDay": "2021-01-04 12:00:00.000", "ClosePrice": 6.29, "PrevClosePrice": 6.42}, {"InnerCode": 1766, "TradingDay": "2021-01-04 12:00:00.000", "ClosePrice": 3.0, "PrevClosePrice": 3.02}, {"InnerCode": 1524, "TradingDay": "2021-01-04 12:00:00.000", "ClosePrice": 6.98, "PrevClosePrice": 6.98}, {"InnerCode": 1514, "TradingDay": "2021-01-04 12:00:00.000", "ClosePrice": 14.48, "PrevClosePrice": 13.91}, {"InnerCode": 1512, "TradingDay": "2021-01-04 12:00:00.000", "ClosePrice": 21.69, "PrevClosePrice": 21.01}, {"InnerCode": 1506, "TradingDay": "2021-01-04 12:00:00.000", "ClosePrice": 10.03, "PrevClosePrice": 10.09}, {"InnerCode": 1799, "TradingDay": "2021-01-04 12:00:00.000", "ClosePrice": 19.61, "PrevClosePrice": 19.25}, {"InnerCode": 1500, "TradingDay": "2021-01-04 12:00:00.000", "ClosePrice": 5.71, "PrevClosePrice": 5.38}, {"InnerCode": 1478, "TradingDay": "2021-01-04 12:00:00.000", "ClosePrice": 13.61, "PrevClosePrice": 13.62}, {"InnerCode": 1464, "TradingDay": "2021-01-04 12:00:00.000", "ClosePrice": 3.07, "PrevClosePrice": 3.08}, {"InnerCode": 1454, "TradingDay": "2021-01-04 12:00:00.000", "ClosePrice": 17.43, "PrevClosePrice": 17.52}, {"InnerCode": 1437, "TradingDay": "2021-01-04 12:00:00.000", "ClosePrice": 37.29, "PrevClosePrice": 34.73}, {"InnerCode": 1851, "TradingDay": "2021-01-04 12:00:00.000", "ClosePrice": 9.02, "PrevClosePrice": 8.94}, {"InnerCode": 1857, "TradingDay": "2021-01-04 12:00:00.000", "ClosePrice": 5.21, "PrevClosePrice": 5.22}, {"InnerCode": 1421, "TradingDay": "2021-01-04 12:00:00.000", "ClosePrice": 53.0, "PrevClosePrice": 51.07}, {"InnerCode": 1404, "TradingDay": "2021-01-04 12:00:00.000", "ClosePrice": 3.13, "PrevClosePrice": 3.12}]


>>>>> 【user】 Said:
查询SQL:
SELECT InnerCode, TradingDay, ClosePrice, PrevClosePrice
FROM astockmarketquotesdb.qt_dailyquote
WHERE DATE(TradingDay) BETWEEN '2021-01-01' AND '2021-12-31'
AND InnerCode IN (
    SELECT InnerCode
    FROM astockindustrydb.lc_coconcept
    WHERE ConceptCode IN (15031283, 13181319, 15030008, 15031027, 15030011, 15030013)
);
查询结果:
[{"InnerCode": 58, "TradingDay": "2021-01-04 12:00:00.000", "ClosePrice": 15.48, "PrevClosePrice": 15.92}, {"InnerCode": 67, "TradingDay": "2021-01-04 12:00:00.000", "ClosePrice": 6.25, "PrevClosePrice": 6.09}, {"InnerCode": 83, "TradingDay": "2021-01-04 12:00:00.000", "ClosePrice": 15.57, "PrevClosePrice": 14.99}, {"InnerCode": 94, "TradingDay": "2021-01-04 12:00:00.000", "ClosePrice": 14.87, "PrevClosePrice": 14.74}, {"InnerCode": 107, "TradingDay": "2021-01-04 12:00:00.000", "ClosePrice": 20.7, "PrevClosePrice": 18.99}, {"InnerCode": 122, "TradingDay": "2021-01-04 12:00:00.000", "ClosePrice": 8.57, "PrevClosePrice": 8.3}, {"InnerCode": 123, "TradingDay": "2021-01-04 12:00:00.000", "ClosePrice": 8.55, "PrevClosePrice": 8.56}, {"InnerCode": 147, "TradingDay": "2021-01-04 12:00:00.000", "ClosePrice": 14.67, "PrevClosePrice": 14.46}, {"InnerCode": 148, "TradingDay": "2021-01-04 12:00:00.000", "ClosePrice": 14.17, "PrevClosePrice": 14.15}, {"InnerCode": 171, "TradingDay": "2021-01-04 12:00:00.000", "ClosePrice": 38.88, "PrevClosePrice": 38.71}, {"InnerCode": 201, "TradingDay": "2021-01-04 12:00:00.000", "ClosePrice": 10.39, "PrevClosePrice": 10.02}, {"InnerCode": 221, "TradingDay": "2021-01-04 12:00:00.000", "ClosePrice": 6.12, "PrevClosePrice": 6.27}, {"InnerCode": 247, "TradingDay": "2021-01-04 12:00:00.000", "ClosePrice": 5.34, "PrevClosePrice": 5.35}, {"InnerCode": 251, "TradingDay": "2021-01-04 12:00:00.000", "ClosePrice": 3.77, "PrevClosePrice": 3.77}, {"InnerCode": 277, "TradingDay": "2021-01-04 12:00:00.000", "ClosePrice": 8.0, "PrevClosePrice": 7.27}, {"InnerCode": 310, "TradingDay": "2021-01-04 12:00:00.000", "ClosePrice": 16.42, "PrevClosePrice": 16.47}, {"InnerCode": 324, "TradingDay": "2021-01-04 12:00:00.000", "ClosePrice": 34.7, "PrevClosePrice": 33.7}, {"InnerCode": 359, "TradingDay": "2021-01-04 12:00:00.000", "ClosePrice": 2.16, "PrevClosePrice": 2.16}, {"InnerCode": 379, "TradingDay": "2021-01-04 12:00:00.000", "ClosePrice": 12.7, "PrevClosePrice": 12.8}, {"InnerCode": 383, "TradingDay": "2021-01-04 12:00:00.000", "ClosePrice": 2.24, "PrevClosePrice": 2.24}, {"InnerCode": 402, "TradingDay": "2021-01-04 12:00:00.000", "ClosePrice": 8.98, "PrevClosePrice": 8.96}, {"InnerCode": 403, "TradingDay": "2021-01-04 12:00:00.000", "ClosePrice": 8.51, "PrevClosePrice": 8.52}, {"InnerCode": 412, "TradingDay": "2021-01-04 12:00:00.000", "ClosePrice": 25.22, "PrevClosePrice": 22.93}, {"InnerCode": 415, "TradingDay": "2021-01-04 12:00:00.000", "ClosePrice": 5.86, "PrevClosePrice": 5.86}, {"InnerCode": 437, "TradingDay": "2021-01-04 12:00:00.000", "ClosePrice": 3.71, "PrevClosePrice": 3.68}, {"InnerCode": 442, "TradingDay": "2021-01-04 12:00:00.000", "ClosePrice": 8.13, "PrevClosePrice": 8.39}, {"InnerCode": 471, "TradingDay": "2021-01-04 12:00:00.000", "ClosePrice": 21.0, "PrevClosePrice": 20.99}, {"InnerCode": 477, "TradingDay": "2021-01-04 12:00:00.000", "ClosePrice": 3.64, "PrevClosePrice": 3.61}, {"InnerCode": 483, "TradingDay": "2021-01-04 12:00:00.000", "ClosePrice": 14.11, "PrevClosePrice": 13.63}, {"InnerCode": 509, "TradingDay": "2021-01-04 12:00:00.000", "ClosePrice": 14.98, "PrevClosePrice": 14.47}, {"InnerCode": 513, "TradingDay": "2021-01-04 12:00:00.000", "ClosePrice": 3.87, "PrevClosePrice": 3.88}, {"InnerCode": 516, "TradingDay": "2021-01-04 12:00:00.000", "ClosePrice": 12.76, "PrevClosePrice": 11.71}, {"InnerCode": 521, "TradingDay": "2021-01-04 12:00:00.000", "ClosePrice": 8.18, "PrevClosePrice": 8.39}, {"InnerCode": 527, "TradingDay": "2021-01-04 12:00:00.000", "ClosePrice": 3.07, "PrevClosePrice": 3.04}, {"InnerCode": 561, "TradingDay": "2021-01-04 12:00:00.000", "ClosePrice": 4.79, "PrevClosePrice": 4.78}, {"InnerCode": 562, "TradingDay": "2021-01-04 12:00:00.000", "ClosePrice": 8.27, "PrevClosePrice": 7.98}, {"InnerCode": 566, "TradingDay": "2021-01-04 12:00:00.000", "ClosePrice": 4.2, "PrevClosePrice": 4.16}, {"InnerCode": 578, "TradingDay": "2021-01-04 12:00:00.000", "ClosePrice": 4.96, "PrevClosePrice": 4.74}, {"InnerCode": 579, "TradingDay": "2021-01-04 12:00:00.000", "ClosePrice": 3.82, "PrevClosePrice": 3.83}, {"InnerCode": 581, "TradingDay": "2021-01-04 12:00:00.000", "ClosePrice": 11.55, "PrevClosePrice": 11.2}, {"InnerCode": 587, "TradingDay": "2021-01-04 12:00:00.000", "ClosePrice": 8.63, "PrevClosePrice": 8.14}, {"InnerCode": 604, "TradingDay": "2021-01-04 12:00:00.000", "ClosePrice": 14.33, "PrevClosePrice": 14.56}, {"InnerCode": 605, "TradingDay": "2021-01-04 12:00:00.000", "ClosePrice": 24.08, "PrevClosePrice": 23.19}, {"InnerCode": 612, "TradingDay": "2021-01-04 12:00:00.000", "ClosePrice": 15.41, "PrevClosePrice": 15.28}, {"InnerCode": 1130, "TradingDay": "2021-01-04 12:00:00.000", "ClosePrice": 2.86, "PrevClosePrice": 2.83}, {"InnerCode": 1147, "TradingDay": "2021-01-04 12:00:00.000", "ClosePrice": 7.11, "PrevClosePrice": 7.12}, {"InnerCode": 1167, "TradingDay": "2021-01-04 12:00:00.000", "ClosePrice": 66.66, "PrevClosePrice": 62.71}, {"InnerCode": 1178, "TradingDay": "2021-01-04 12:00:00.000", "ClosePrice": 14.27, "PrevClosePrice": 14.33}, {"InnerCode": 1184, "TradingDay": "2021-01-04 12:00:00.000", "ClosePrice": 11.88, "PrevClosePrice": 11.99}, {"InnerCode": 1188, "TradingDay": "2021-01-04 12:00:00.000", "ClosePrice": 16.4, "PrevClosePrice": 16.92}, {"InnerCode": 1201, "TradingDay": "2021-01-04 12:00:00.000", "ClosePrice": 31.84, "PrevClosePrice": 33.88}, {"InnerCode": 1219, "TradingDay": "2021-01-04 12:00:00.000", "ClosePrice": 14.78, "PrevClosePrice": 14.6}, {"InnerCode": 1220, "TradingDay": "2021-01-04 12:00:00.000", "ClosePrice": 6.16, "PrevClosePrice": 6.07}, {"InnerCode": 1223, "TradingDay": "2021-01-04 12:00:00.000", "ClosePrice": 6.52, "PrevClosePrice": 6.52}, {"InnerCode": 1246, "TradingDay": "2021-01-04 12:00:00.000", "ClosePrice": 33.5, "PrevClosePrice": 32.18}, {"InnerCode": 1253, "TradingDay": "2021-01-04 12:00:00.000", "ClosePrice": 5.23, "PrevClosePrice": 5.29}, {"InnerCode": 1258, "TradingDay": "2021-01-04 12:00:00.000", "ClosePrice": 14.64, "PrevClosePrice": 14.23}, {"InnerCode": 1275, "TradingDay": "2021-01-04 12:00:00.000", "ClosePrice": 12.95, "PrevClosePrice": 13.19}, {"InnerCode": 1277, "TradingDay": "2021-01-04 12:00:00.000", "ClosePrice": 1.4, "PrevClosePrice": 1.34}, {"InnerCode": 1295, "TradingDay": "2021-01-04 12:00:00.000", "ClosePrice": 7.18, "PrevClosePrice": 7.19}, {"InnerCode": 1329, "TradingDay": "2021-01-04 12:00:00.000", "ClosePrice": 3.09, "PrevClosePrice": 3.1}, {"InnerCode": 1379, "TradingDay": "2021-01-04 12:00:00.000", "ClosePrice": 21.62, "PrevClosePrice": 21.22}, {"InnerCode": 1391, "TradingDay": "2021-01-04 12:00:00.000", "ClosePrice": 12.86, "PrevClosePrice": 12.6}, {"InnerCode": 1422, "TradingDay": "2021-01-04 12:00:00.000", "ClosePrice": 11.68, "PrevClosePrice": 11.51}, {"InnerCode": 1438, "TradingDay": "2021-01-04 12:00:00.000", "ClosePrice": 59.65, "PrevClosePrice": 56.87}, {"InnerCode": 1448, "TradingDay": "2021-01-04 12:00:00.000", "ClosePrice": 6.07, "PrevClosePrice": 6.21}, {"InnerCode": 1471, "TradingDay": "2021-01-04 12:00:00.000", "ClosePrice": 5.74, "PrevClosePrice": 5.61}, {"InnerCode": 1475, "TradingDay": "2021-01-04 12:00:00.000", "ClosePrice": 6.05, "PrevClosePrice": 6.18}, {"InnerCode": 1492, "TradingDay": "2021-01-04 12:00:00.000", "ClosePrice": 4.0, "PrevClosePrice": 3.98}, {"InnerCode": 1510, "TradingDay": "2021-01-04 12:00:00.000", "ClosePrice": 9.13, "PrevClosePrice": 9.21}, {"InnerCode": 1526, "TradingDay": "2021-01-04 12:00:00.000", "ClosePrice": 9.21, "PrevClosePrice": 8.89}, {"InnerCode": 1534, "TradingDay": "2021-01-04 12:00:00.000", "ClosePrice": 15.65, "PrevClosePrice": 14.9}, {"InnerCode": 1632, "TradingDay": "2021-01-04 12:00:00.000", "ClosePrice": 130.56, "PrevClosePrice": 132.0}, {"InnerCode": 1628, "TradingDay": "2021-01-04 12:00:00.000", "ClosePrice": 7.95, "PrevClosePrice": 7.93}, {"InnerCode": 1626, "TradingDay": "2021-01-04 12:00:00.000", "ClosePrice": 3.83, "PrevClosePrice": 3.89}, {"InnerCode": 1647, "TradingDay": "2021-01-04 12:00:00.000", "ClosePrice": 4.96, "PrevClosePrice": 4.8}, {"InnerCode": 1650, "TradingDay": "2021-01-04 12:00:00.000", "ClosePrice": 7.22, "PrevClosePrice": 7.01}, {"InnerCode": 1652, "TradingDay": "2021-01-04 12:00:00.000", "ClosePrice": 5.32, "PrevClosePrice": 5.27}, {"InnerCode": 1574, "TradingDay": "2021-01-04 12:00:00.000", "ClosePrice": 9.24, "PrevClosePrice": 9.0}, {"InnerCode": 1693, "TradingDay": "2021-01-04 12:00:00.000", "ClosePrice": 48.15, "PrevClosePrice": 50.15}, {"InnerCode": 1700, "TradingDay": "2021-01-04 12:00:00.000", "ClosePrice": 14.65, "PrevClosePrice": 14.79}, {"InnerCode": 1714, "TradingDay": "2021-01-04 12:00:00.000", "ClosePrice": 8.71, "PrevClosePrice": 8.51}, {"InnerCode": 1553, "TradingDay": "2021-01-04 12:00:00.000", "ClosePrice": 12.15, "PrevClosePrice": 12.23}, {"InnerCode": 1551, "TradingDay": "2021-01-04 12:00:00.000", "ClosePrice": 21.55, "PrevClosePrice": 20.98}, {"InnerCode": 1533, "TradingDay": "2021-01-04 12:00:00.000", "ClosePrice": 6.29, "PrevClosePrice": 6.42}, {"InnerCode": 1766, "TradingDay": "2021-01-04 12:00:00.000", "ClosePrice": 3.0, "PrevClosePrice": 3.02}, {"InnerCode": 1524, "TradingDay": "2021-01-04 12:00:00.000", "ClosePrice": 6.98, "PrevClosePrice": 6.98}, {"InnerCode": 1514, "TradingDay": "2021-01-04 12:00:00.000", "ClosePrice": 14.48, "PrevClosePrice": 13.91}, {"InnerCode": 1512, "TradingDay": "2021-01-04 12:00:00.000", "ClosePrice": 21.69, "PrevClosePrice": 21.01}, {"InnerCode": 1506, "TradingDay": "2021-01-04 12:00:00.000", "ClosePrice": 10.03, "PrevClosePrice": 10.09}, {"InnerCode": 1799, "TradingDay": "2021-01-04 12:00:00.000", "ClosePrice": 19.61, "PrevClosePrice": 19.25}, {"InnerCode": 1500, "TradingDay": "2021-01-04 12:00:00.000", "ClosePrice": 5.71, "PrevClosePrice": 5.38}, {"InnerCode": 1478, "TradingDay": "2021-01-04 12:00:00.000", "ClosePrice": 13.61, "PrevClosePrice": 13.62}, {"InnerCode": 1464, "TradingDay": "2021-01-04 12:00:00.000", "ClosePrice": 3.07, "PrevClosePrice": 3.08}, {"InnerCode": 1454, "TradingDay": "2021-01-04 12:00:00.000", "ClosePrice": 17.43, "PrevClosePrice": 17.52}, {"InnerCode": 1437, "TradingDay": "2021-01-04 12:00:00.000", "ClosePrice": 37.29, "PrevClosePrice": 34.73}, {"InnerCode": 1851, "TradingDay": "2021-01-04 12:00:00.000", "ClosePrice": 9.02, "PrevClosePrice": 8.94}, {"InnerCode": 1857, "TradingDay": "2021-01-04 12:00:00.000", "ClosePrice": 5.21, "PrevClosePrice": 5.22}, {"InnerCode": 1421, "TradingDay": "2021-01-04 12:00:00.000", "ClosePrice": 53.0, "PrevClosePrice": 51.07}, {"InnerCode": 1404, "TradingDay": "2021-01-04 12:00:00.000", "ClosePrice": 3.13, "PrevClosePrice": 3.12}]

请注意，这里返回的不一定是全部结果，因为默认限制了只返回100个，你可以根据现在看到的情况，采取子查询的方式去进行下一步

>>>>> Agent【Sql_query.master】 Said:
【已知信息】
- 大悦城所属的概念板块代码：15031283、13181319、15030008、15031027、15030011、15030013。
- 这些概念板块在2021年的部分股票交易数据。

【当前阶段要获取的信息】
- 大悦城股票在2021年其所属的概念板块中，当年共有多少次涨停。

【信息所在字段】
- 涨停信息通常在股票交易数据表中，具体字段可能包括涨停标识或通过价格变动计算得出。

【筛选条件所在字段】
- 时间筛选：DATE(TradingDay) BETWEEN '2021-01-01' AND '2021-12-31'
- 概念板块筛选：ConceptCode IN (15031283, 13181319, 15030008, 15031027, 15030011, 15030013)

【SQL语句的思路】
1. 由于涨停的具体定义可能因市场规则而异，通常可以定义为当日收盘价达到或超过涨停价（例如，涨幅达到10%）。
2. 我们需要从交易数据表中获取相关数据并进行计算。
3. 由于默认限制了只返回100个结果，我们需要使用子查询的方式去进行下一步。

【执行SQL语句】
接下来，我们需要计算这些概念板块在2021年的涨停次数。由于涨停的计算可能需要根据具体市场规则来确定，这里我们假设涨停是指当日收盘价涨幅达到10%。

```exec_sql
SELECT COUNT(*) AS NumberOfLimitUps
FROM (
    SELECT InnerCode, TradingDay, ClosePrice, PrevClosePrice
    FROM astockmarketquotesdb.qt_dailyquote
    WHERE DATE(TradingDay) BETWEEN '2021-01-01' AND '2021-12-31'
    AND InnerCode IN (
        SELECT InnerCode
        FROM astockindustrydb.lc_coconcept
        WHERE ConceptCode IN (15031283, 13181319, 15030008, 15031027, 15030011, 15030013)
    )
) AS SubQuery
WHERE (ClosePrice - PrevClosePrice) / PrevClosePrice >= 0.1;
```

【上述SQL语句的含义】
- 首先，我们使用子查询获取2021年内，属于大悦城所属概念板块的所有股票的交易日、收盘价和前收盘价。
- 然后，在外层查询中，我们计算收盘价与前收盘价之差与前收盘价的比例，如果该比例大于或等于10%，则认为该日为涨停。
- 最后，我们统计满足涨停条件的记录数，即涨停的次数。

>>>>> 查询sql:
SELECT COUNT(*) AS NumberOfLimitUps
FROM (
    SELECT InnerCode, TradingDay, ClosePrice, PrevClosePrice
    FROM astockmarketquotesdb.qt_dailyquote
    WHERE DATE(TradingDay) BETWEEN '2021-01-01' AND '2021-12-31'
    AND InnerCode IN (
        SELECT InnerCode
        FROM astockindustrydb.lc_coconcept
        WHERE ConceptCode IN (15031283, 13181319, 15030008, 15031027, 15030011, 15030013)
    )
) AS SubQuery
WHERE (ClosePrice - PrevClosePrice) / PrevClosePrice >= 0.1;
查询结果:
[{"NumberOfLimitUps": 1079}]


>>>>> 【user】 Said:
查询SQL:
SELECT COUNT(*) AS NumberOfLimitUps
FROM (
    SELECT InnerCode, TradingDay, ClosePrice, PrevClosePrice
    FROM astockmarketquotesdb.qt_dailyquote
    WHERE DATE(TradingDay) BETWEEN '2021-01-01' AND '2021-12-31'
    AND InnerCode IN (
        SELECT InnerCode
        FROM astockindustrydb.lc_coconcept
        WHERE ConceptCode IN (15031283, 13181319, 15030008, 15031027, 15030011, 15030013)
    )
) AS SubQuery
WHERE (ClosePrice - PrevClosePrice) / PrevClosePrice >= 0.1;
查询结果:
[{"NumberOfLimitUps": 1079}]

请理解查询结果

>>>>> Agent【Sql_query.understand_query_result】 Said:
查询结果表明: 在2021年1月1日至2021年12月31日期间，属于概念代码为15031283、13181319、15030008、15031027、15030011、15030013的证券中，共有1079个交易日的收盘价相较于前一交易日收盘价上涨了10%或以上。


>>>>> 【user】 Said:
查询SQL:
SELECT COUNT(*) AS NumberOfLimitUps
FROM (
    SELECT InnerCode, TradingDay, ClosePrice, PrevClosePrice
    FROM astockmarketquotesdb.qt_dailyquote
    WHERE DATE(TradingDay) BETWEEN '2021-01-01' AND '2021-12-31'
    AND InnerCode IN (
        SELECT InnerCode
        FROM astockindustrydb.lc_coconcept
        WHERE ConceptCode IN (15031283, 13181319, 15030008, 15031027, 15030011, 15030013)
    )
) AS SubQuery
WHERE (ClosePrice - PrevClosePrice) / PrevClosePrice >= 0.1;
查询结果:
[{"NumberOfLimitUps": 1079}]

查询结果表明: 在2021年1月1日至2021年12月31日期间，属于概念代码为15031283、13181319、15030008、15031027、15030011、15030013的证券中，共有1079个交易日的收盘价相较于前一交易日收盘价上涨了10%或以上。

请检查筛选条件是否存在问题，比如时间日期字段没有用DATE()或YEAR()格式化？当然，如果没问题，那么就根据结果考虑下一步；那么当前掌握的信息是否能够回答"大悦城股票在2021年其所属的概念板块中，当年共有多少次涨停？"？还是要继续执行下一阶段SQL查询？

>>>>> Agent【Sql_query.master】 Said:
【已知信息】
- 大悦城所属的概念板块代码：15031283、13181319、15030008、15031027、15030011、15030013。
- 这些概念板块在2021年的涨停次数为1079次。

【当前阶段要获取的信息】
- 大悦城股票在2021年其所属的概念板块中，当年共有多少次涨停。

【信息所在字段】
- 涨停信息已经通过计算得出，不需要额外的字段。

【筛选条件所在字段】
- 时间筛选：DATE(TradingDay) BETWEEN '2021-01-01' AND '2021-12-31'
- 概念板块筛选：ConceptCode IN (15031283, 13181319, 15030008, 15031027, 15030011, 15030013)

【SQL语句的思路】
- 我们已经计算出大悦城所属概念板块在2021年的涨停次数为1079次。
- 由于涨停次数已经计算出来，不需要进一步的SQL查询。

【执行SQL语句】
无

【上述SQL语句的含义】
无

根据查询结果，大悦城股票在2021年其所属的概念板块中，当年共有1079次涨停。


>>>>> 【user】 Said:
充分尊重前面给出的结论，回答问题:"大悦城股票在2021年其所属的概念板块中，当年共有多少次涨停？"

>>>>> Agent【Sql_query.summary】 Said:
大悦城股票在2021年其所属的概念板块中，当年共有1079次涨停。
