
>>>>> Original Question: 当天有多少家公司退市了


>>>>> 【user】 Said:
下面是顺序的历史问答:
'''
Question: ATHM他是否已经退市了？（是或者否）
Answer: 否
Question: 这家公司19年最高收盘价是多少
Answer: 116.85美元
'''
现在用户继续提问，请根据已知信息，理解当前这个问题的完整含义，并重写这个问题使得单独拿出来看仍然能够正确理解：当天有多少家公司退市了

>>>>> Agent【rewrite_question】 Said:
在2019年，当天有多少家公司退市了？


>>>>> 【user】 Said:
提取下面这段文字里的实体，如公司名、股票代码等，如果识别结果是空，那么就回复No Entities."在2019年，当天有多少家公司退市了？"

>>>>> Agent【extract_company】 Said:
No Entities.

>>>>> 已知事实:
ATHM关联信息有多组:[所在数据表是constantdb.us_secumain;InnerCode(证券内部编码)是7055948;CompanyCode(公司代码)是52914672;ChiName(中文名称)是None;EngName(英文名称)是Kathmandu Holdings Limited Unsponsored ADR;SecuCode(证券代码)是KTHDY;],所在数据表是constantdb.us_secumain;InnerCode(证券内部编码)是7090264;CompanyCode(公司代码)是52965184;ChiName(中文名称)是None;EngName(英文名称)是Strathmore Minerals Corp.;SecuCode(证券代码)是STHJF;],所在数据表是constantdb.us_secumain;InnerCode(证券内部编码)是7006001;CompanyCode(公司代码)是193793;ChiName(中文名称)是汽车之家;EngName(英文名称)是Autohome Inc. Sponsored ADR Class A;SecuCode(证券代码)是ATHM;],所在数据表是constantdb.us_secumain;InnerCode(证券内部编码)是7062070;CompanyCode(公司代码)是52931559;ChiName(中文名称)是None;EngName(英文名称)是Pathmark Stores Inc;SecuCode(证券代码)是PTMK;],所在数据表是constantdb.us_secumain;InnerCode(证券内部编码)是7047802;CompanyCode(公司代码)是52931559;ChiName(中文名称)是None;EngName(英文名称)是Pathmark Stores Inc New *W Exp 09/19/2010;SecuCode(证券代码)是PTMKW;],所在数据表是constantdb.us_secumain;InnerCode(证券内部编码)是7119845;CompanyCode(公司代码)是98400381;ChiName(中文名称)是None;EngName(英文名称)是Strathmore Plus Uranium Corp.;SecuCode(证券代码)是SUUFF;]

>>>>> 【user】 Said:
请选择db，务必遵循输出的格式要求。

>>>>> Agent【Check_db_structure.db_selector】 Said:
【分析】
用户询问的是2019年某一天退市的公司数量。退市日期信息通常记录在证券的基础属性数据库中。根据知识库，`constantdb`数据库包含了证券的基础属性信息，其中包括退市日期（`DelistingDate`）。因此，我们可以从`constantdb`中的`us_secumain`和`hk_secumain`表获取退市日期信息。

【选中的数据库】
- constantdb: 这个数据库包含证券的基础属性信息，包括退市日期。

【选中的数据库的清单】
```json
["constantdb"]
```


>>>>> 【user】 Said:
数据库表信息如下:
[{"表名": "constantdb.secumain", "说明": "该数据表主要用于描述证券的基本信息，包括标识信息如证券内部编码、公司代码、证券代码，名称信息如中文名称、中文名称缩写、英文名称、英文名称缩写、证券简称及其拼音和扩位形式，市场和类别信息如证券市场、证券类别，上市相关信息如上市日期、上市板块、上市状态，以及国际标准化标识如ISIN代码等，全面覆盖了证券的核心属性及其分类与标识信息。"}, {"表名": "constantdb.hk_secumain", "说明": "该数据表包含证券的基本信息和交易相关数据，包括唯一标识的内部编码、公司代码和证券代码，以及中文和英文的名称及其缩写和拼音简称。证券的市场、类别、上市日期、板块、状态、曾用名和退市日期等信息描述了证券的上市情况。交易相关的信息包括买卖单位、交易货币类别和国际通用的ISIN代码。"}, {"表名": "constantdb.ct_systemconst", "说明": "该数据表主要用于存储与常量相关的信息，包括分类和具体值。字段涵盖常量分类的编码和名称（如常量分类编码LB、常量分类名称LBMC）、常量的描述信息（如常量描述MS）、常量的具体标识代码（如常量代码DM），以及不同类型的常量值（如浮点值FVALUE、整型值IVALUE、日期值DVALUE、字符值CVALUE），以便对常量进行分类管理和多维度存储。"}, {"表名": "constantdb.qt_tradingdaynew", "说明": "该数据表记录了与交易日期相关的多维信息，包括日期（TradingDate）、证券市场（SecuMarket）等基础字段，同时标注了日期属性，如是否为交易日（IfTradingDay）、是否为周、月、季、年最后一个交易日（IfWeekEnd、IfMonthEnd、IfQuarterEnd、IfYearEnd），全面反映了日期在不同周期维度下的交易属性。"}, {"表名": "constantdb.lc_areacode", "说明": "该数据表主要用于记录地区相关信息，包含地区编码信息如地区内部编码、地区行政编码、一级和二级区划代码，地区名称信息如中文名称、英文名称及其缩写，层级结构信息如父节点代码和名称，状态信息如是否有效及取消日期，变更记录如变更内容，以及备注等辅助信息。"}, {"表名": "constantdb.us_secumain", "说明": "该数据表主要用于记录证券的基本信息，包括标识信息如证券内部编码、证券代码、ISIN代码等，名称信息如证券简称、拼音简称、中文名称、英文名称等，分类信息如证券类别、证券市场、上市板块等，状态信息如上市日期、退市日期、上市状态等，以及关联信息如公司代码等。"}]

请选择table，务必遵循输出的格式要求。

>>>>> Agent【Check_db_structure.table_selector】 Said:
【分析】
要统计2019年当天退市的公司数量，需要关注证券的退市日期。根据已知信息，涉及退市日期的数据表有`constantdb.hk_secumain`和`constantdb.us_secumain`。这两个表都包含了退市日期（DelistingDate）字段，可以用来筛选出在2019年当天退市的公司。

【选中的数据表】
- constantdb.hk_secumain: 这个数据表包含香港市场的证券基本信息，包括退市日期（DelistingDate）
- constantdb.us_secumain: 这个数据表包含美国市场的证券基本信息，包括退市日期（DelistingDate）

【选中的数据库表的清单】
```json
["constantdb.hk_secumain", "constantdb.us_secumain"]
```
补充选择table: ["astockmarketquotesdb.lc_suspendresumption"]

>>>>> 【user】 Said:
已取得可用的数据表的字段信息如下:
[{"表名": "constantdb.hk_secumain", "表字段": [{"column": "InnerCode", "desc": "证券内部编码"}, {"column": "CompanyCode", "desc": "公司代码"}, {"column": "SecuCode", "desc": "证券代码"}, {"column": "ChiName", "desc": "中文名称"}, {"column": "ChiNameAbbr", "desc": "中文名称缩写"}, {"column": "EngName", "desc": "英文名称"}, {"column": "EngNameAbbr", "desc": "英文名称缩写"}, {"column": "SecuAbbr", "desc": "证券简称"}, {"column": "ChiSpelling", "desc": "拼音证券简称"}, {"column": "SecuMarket", "desc": "证券市场；，令LB = 201 AND DM IN (72)，得到证券市场的具体描述：72-香港联交所。"}, {"column": "SecuCategory", "desc": "证券类别；，令LB = 1177 and DM in (3,4,10,20,21,25,51,52,53,55,60,61,62,63,64,65,68,69,71,72,78,81,82)，得到证券类别的具体描述：3-H股，4-大盘，10-其他，20-衍生权证，21-股本权证，25-牛熊证，51-港股，52-合订证券，53-红筹股，55-优先股，60-基金，61-信托基金，62-ETF基金，63-参与证书，64-杠杆及反向产品，65-债务证券，68-界内证，69-美国证券(交易试验计划)，71-普通预托证券，72-优先预托证券，78-临时证券(Temporary)，81-SPAC股份，82-SPAC权证。"}, {"column": "ListedDate", "desc": "上市日期"}, {"column": "ListedSector", "desc": "上市板块；，令LB = 207 AND DM IN (1,4,6)，得到上市板块的具体描述：1-主板，4-其他，6-创业板。"}, {"column": "ListedState", "desc": "上市状态；，令LB = 1176 AND DM IN (1,5,9)，得到上市状态的具体描述：1-上市，5-终止，9-其他。"}, {"column": "FormerName", "desc": "曾用名"}, {"column": "DelistingDate", "desc": "退市日期"}, {"column": "TradingUnit", "desc": "买卖单位(股/手)"}, {"column": "TraCurrUnit", "desc": "交易货币类别；，令LB=“1068”，得到“交易货币”描述：1000-美元，1100-港元，1160-日本元，1320-新加坡元，1420-人民币元，3000-欧元，3030-英镑，5010-加拿大元，6010-澳大利亚元。"}, {"column": "ISIN", "desc": "ISIN代码"}]}, {"表名": "constantdb.us_secumain", "表字段": [{"column": "InnerCode", "desc": "证券内部编码"}, {"column": "SecuCode", "desc": "证券代码"}, {"column": "SecuAbbr", "desc": "证券简称"}, {"column": "ChiSpelling", "desc": "拼音证券简称"}, {"column": "SecuCategory", "desc": "证券类别；，令LB = 1177 AND DM IN (55,62,74,75,78,101,201,202,203,204,205,206,207,208)，得到证券类别的具体描述：55-优先股，62-ETF基金，74-普通股，75-美国存托凭证（ADR），78-临时证券(Temporary)，101-全球存托凭证(GDR)，201-其他存托凭证(DR)，202-无投票权的存托凭证(NVDR)，203-具有权益特征的证券(Preferred Equity)，204-权利(Right)，205-结构性产品(Structured Products)，206-单位证券(Unit)，207-权证(Warrant)，208-外国证券(Alien/Foreign)。"}, {"column": "SecuMarket", "desc": "证券市场；，令LB = 201 and DM IN (49,55,57,65,66,67,68,69,70,76,77,78,80,86,87,94,96,114,190,210,280,290,320,360,460,480,500,620)，得到证券市场的具体描述：49-澳大利亚证券交易所，55-巴西圣保罗证券交易所，57-马来西亚吉隆坡证券交易所，65-印度尼西亚证券交易所，66-泰国证券交易所，67-韩国首尔证券交易所，68-东京证券交易所，69-新加坡证券交易所，70-台湾证券交易所，76-美国证券交易所，77-美国纳斯达克证券交易所，78-纽约证券交易所，80-加拿大多伦多证券交易所，86-法国巴黎证券交易所，87-德国法兰克福证券交易所，94-瑞士证券交易所，96-约翰内斯堡证券交易所，114-德国证券交易所，190-韩国科斯达克交易所，210-印度国家证券交易所，280-菲律宾证券交易所，290-印度孟买证券交易所，320-俄罗斯莫斯科证券交易所，360-纽交所群岛交易所(NYSE Arca)，460-美国OTC(OTCBB和OtherOTC)，480-投资者交易所(IEX)，500-Cboe BZX US Equities Exchange，620-胡志明市证券交易所。"}, {"column": "ListedSector", "desc": "上市板块；，令LB = 207 AND DM IN (101,102,103)，得到上市板块的具体描述：101-纳斯达克全球精选市场（NASDAQ-GS），102-纳斯达克全球市场（NASDAQ-GM），103-纳斯达克资本市场（NASDAQ-CM）。"}, {"column": "ListedDate", "desc": "上市日期"}, {"column": "ListedState", "desc": "上市状态；，令LB = 1176 and DM in (1,2,4,5,9)，得到上市状态的具体描述：1-上市，2-预上市，4-上市失败，5-终止，9-其他。"}, {"column": "ISIN", "desc": "ISIN代码"}, {"column": "CompanyCode", "desc": "公司代码"}, {"column": "DelistingDate", "desc": "退市日期1"}, {"column": "EngName", "desc": "英文名称"}, {"column": "ChiName", "desc": "中文名称"}]}, {"表名": "astockmarketquotesdb.lc_suspendresumption", "表字段": [{"column": "InnerCode", "desc": "证券内部编码"}, {"column": "InfoPublDate", "desc": "信息发布日期"}, {"column": "InfoSource", "desc": "信息来源；，令LB=201 AND DM IN (18,83,90)，得到信息来源的具体描述：18-北京证券交易所，83-上海证券交易所，90-深圳证券交易所。"}, {"column": "SuspendDate", "desc": "停牌日期"}, {"column": "SuspendTime", "desc": "停牌时间"}, {"column": "SuspendReason", "desc": "停牌原因"}, {"column": "SuspendStatement", "desc": "停牌事项说明；，令LB = 1654 ，得到停牌事项说明的具体描述：101-临时停牌，102-召开股东大会，103-重大事项，104-其它公告（停牌），105-交易异常波动，106-澄清公告，107-撤销其他特别处理公告，108-盘中临时停牌，109-撤销退市风险警示公告，110-未能如期刊登股东大会决议，111-增发提示性公告，112-续发行招投标，113-股价异动停牌公告，114-份额暂停交易公告，115-交易风险提示，116-收益分配，117-实行退市风险警示公告，118-实行其他特别处理公告，119-未按期披露定期报告，120-破产，121-拟终止挂牌，122-做市商不足2家，123-转板上市，603-刊登重要公告，604-拟筹划重大资产重组，605-重要事项未公告，606-未刊登股东大会决议公告，607-刊登股票交易异常波动公告，608-媒体报道需澄清，610-基金公司申请，611-定价增发，612-正股停牌，999-其他特别原因。"}, {"column": "SuspendTerm", "desc": "停牌期限"}, {"column": "ResumptionDate", "desc": "复牌日期"}, {"column": "ResumptionTime", "desc": "复牌时间"}, {"column": "ResumptionStatement", "desc": "复牌事项说明"}, {"column": "SuspendType", "desc": "停牌期限类型；，令LB=2546，得到停牌期限类型的具体描述：10-上午停牌，20-下午停牌，30-今起连续停牌，40-盘中停牌，50-停牌1天，60-停牌1小时。"}]}]

请选择column，务必遵循输出的格式要求。

>>>>> Agent【Check_db_structure.columns_selector】 Said:
【分析】
用户提问的是在2019年当天有多少家公司退市了。这个问题涉及到退市日期的统计，需要找到记录退市日期的字段，并且需要限定在2019年的时间范围内。

【信息所在字段】
- constantdb.hk_secumain.DelistingDate: 这个字段记录了香港市场的退市日期，对应用户提问中的退市信息
- constantdb.us_secumain.DelistingDate: 这个字段记录了美国市场的退市日期，对应用户提问中的退市信息

【筛选条件所在字段】
- constantdb.hk_secumain.DelistingDate: 用于筛选2019年的退市日期
- constantdb.us_secumain.DelistingDate: 用于筛选2019年的退市日期

【选中的字段的清单】
```json
{
  "constantdb.hk_secumain": ["DelistingDate"],
  "constantdb.us_secumain": ["DelistingDate"]
}
```


>>>>> 【user】 Said:
之前已查询到信息如下:
查询结果表明: 证券代码为'ATHM'的证券在constantdb.us_secumain表中的上市状态(ListedState)为1，即该证券目前处于上市状态。
---
查询结果表明: 表 `usstockdb.us_dailyquote` 是用于存储美股日行情数据的表。该表包含以下字段：`ID`（ID，主键），`TradingDay`（交易日），`InnerCode`（证券内部编码），`Open`（开盘价），`High`（最高价），`Low`（最低价），`Close`（收盘价），`Volume`（成交量(手)），`EPSTTM`（每股收益TTM(元/股)），`MarketCap`（证券总市值），`ShareOST`（证券总股本），`UpdateTime`（更新时间），`JSID`（JSID），`PrevClosePrice`（昨收盘），`ChangePCT`（涨跌幅(%)），`AvgPrice`（均价），`TurnoverValue`（成交额(万)），`ChangeOF`（日涨跌）。该表使用InnoDB引擎，默认字符集为utf8mb4，校对规则为utf8mb4_unicode_ci。
---
查询结果表明: 在2019年1月1日至2019年12月31日期间，证券代码为'ATHM'的股票在usstockdb.us_dailyquote表中的最高收盘价(MaxClosePrice)为116.85美元。

请问:在2019年，当天有多少家公司退市了？

>>>>> Agent【Sql_query.master】 Said:
【已知信息】
- 已知`constantdb.us_secumain`表包含退市日期字段`DelistingDate`
- 已知2019年的时间范围为`'2019-01-01'`至`'2019-12-31'`
- 已知退市状态可以通过`DelistingDate`字段进行判断

【当前阶段要获取的信息】
- 2019年每天退市的公司数量

【信息所在字段】
- `DelistingDate`字段在`constantdb.us_secumain`表中

【筛选条件所在字段】
- `DelistingDate`字段

【SQL语句的思路】
- 使用`DATE(DelistingDate)`对退市日期进行格式化
- 使用`BETWEEN`语句筛选2019年的日期范围
- 使用`COUNT`函数统计每天退市的公司数量
- 使用`GROUP BY`按天分组

【执行SQL语句】
```exec_sql
SELECT DATE(DelistingDate) AS DelistingDay, COUNT(*) AS DelistedCompanies
FROM constantdb.us_secumain
WHERE DATE(DelistingDate) BETWEEN '2019-01-01' AND '2019-12-31'
GROUP BY DelistingDay
```

【上述SQL语句的含义】
- 从`constantdb.us_secumain`表中选择退市日期并格式化为日期格式，统计每天退市的公司数量
- 筛选条件为退市日期在2019年1月1日至2019年12月31日之间
- 按天分组统计每天退市的公司数量

>>>>> 查询sql:
SELECT DATE(DelistingDate) AS DelistingDay, COUNT(*) AS DelistedCompanies
FROM constantdb.us_secumain
WHERE DATE(DelistingDate) BETWEEN '2019-01-01' AND '2019-12-31'
GROUP BY DelistingDay;
查询结果:
[{"DelistingDay": "2019-10-07", "DelistedCompanies": 5}, {"DelistingDay": "2019-03-06", "DelistedCompanies": 3}, {"DelistingDay": "2019-12-23", "DelistedCompanies": 11}, {"DelistingDay": "2019-05-14", "DelistedCompanies": 5}, {"DelistingDay": "2019-12-05", "DelistedCompanies": 5}, {"DelistingDay": "2019-08-20", "DelistedCompanies": 2}, {"DelistingDay": "2019-08-08", "DelistedCompanies": 3}, {"DelistingDay": "2019-03-28", "DelistedCompanies": 4}, {"DelistingDay": "2019-11-11", "DelistedCompanies": 4}, {"DelistingDay": "2019-03-12", "DelistedCompanies": 4}, {"DelistingDay": "2019-07-08", "DelistedCompanies": 7}, {"DelistingDay": "2019-03-08", "DelistedCompanies": 6}, {"DelistingDay": "2019-12-09", "DelistedCompanies": 3}, {"DelistingDay": "2019-02-28", "DelistedCompanies": 3}, {"DelistingDay": "2019-12-16", "DelistedCompanies": 6}, {"DelistingDay": "2019-11-19", "DelistedCompanies": 2}, {"DelistingDay": "2019-10-14", "DelistedCompanies": 3}, {"DelistingDay": "2019-06-10", "DelistedCompanies": 4}, {"DelistingDay": "2019-02-15", "DelistedCompanies": 4}, {"DelistingDay": "2019-01-16", "DelistedCompanies": 2}, {"DelistingDay": "2019-08-15", "DelistedCompanies": 3}, {"DelistingDay": "2019-03-26", "DelistedCompanies": 2}, {"DelistingDay": "2019-03-05", "DelistedCompanies": 2}, {"DelistingDay": "2019-04-02", "DelistedCompanies": 5}, {"DelistingDay": "2019-09-30", "DelistedCompanies": 2}, {"DelistingDay": "2019-10-28", "DelistedCompanies": 9}, {"DelistingDay": "2019-01-22", "DelistedCompanies": 2}, {"DelistingDay": "2019-03-22", "DelistedCompanies": 2}, {"DelistingDay": "2019-12-04", "DelistedCompanies": 2}, {"DelistingDay": "2019-04-25", "DelistedCompanies": 3}, {"DelistingDay": "2019-11-29", "DelistedCompanies": 1}, {"DelistingDay": "2019-02-01", "DelistedCompanies": 7}, {"DelistingDay": "2019-04-22", "DelistedCompanies": 2}, {"DelistingDay": "2019-03-21", "DelistedCompanies": 3}, {"DelistingDay": "2019-06-19", "DelistedCompanies": 3}, {"DelistingDay": "2019-11-08", "DelistedCompanies": 5}, {"DelistingDay": "2019-10-03", "DelistedCompanies": 2}, {"DelistingDay": "2019-02-13", "DelistedCompanies": 2}, {"DelistingDay": "2019-07-23", "DelistedCompanies": 3}, {"DelistingDay": "2019-06-13", "DelistedCompanies": 4}, {"DelistingDay": "2019-09-18", "DelistedCompanies": 4}, {"DelistingDay": "2019-05-24", "DelistedCompanies": 3}, {"DelistingDay": "2019-10-01", "DelistedCompanies": 6}, {"DelistingDay": "2019-06-03", "DelistedCompanies": 4}, {"DelistingDay": "2019-08-26", "DelistedCompanies": 1}, {"DelistingDay": "2019-10-30", "DelistedCompanies": 1}, {"DelistingDay": "2019-11-13", "DelistedCompanies": 7}, {"DelistingDay": "2019-06-04", "DelistedCompanies": 1}, {"DelistingDay": "2019-03-27", "DelistedCompanies": 3}, {"DelistingDay": "2019-04-18", "DelistedCompanies": 5}, {"DelistingDay": "2019-04-15", "DelistedCompanies": 4}, {"DelistingDay": "2019-01-02", "DelistedCompanies": 14}, {"DelistingDay": "2019-02-12", "DelistedCompanies": 2}, {"DelistingDay": "2019-07-12", "DelistedCompanies": 3}, {"DelistingDay": "2019-07-22", "DelistedCompanies": 1}, {"DelistingDay": "2019-01-15", "DelistedCompanies": 1}, {"DelistingDay": "2019-05-17", "DelistedCompanies": 7}, {"DelistingDay": "2019-11-12", "DelistedCompanies": 4}, {"DelistingDay": "2019-08-09", "DelistedCompanies": 2}, {"DelistingDay": "2019-02-08", "DelistedCompanies": 11}, {"DelistingDay": "2019-04-03", "DelistedCompanies": 3}, {"DelistingDay": "2019-04-26", "DelistedCompanies": 4}, {"DelistingDay": "2019-03-01", "DelistedCompanies": 6}, {"DelistingDay": "2019-09-25", "DelistedCompanies": 3}, {"DelistingDay": "2019-07-09", "DelistedCompanies": 2}, {"DelistingDay": "2019-12-24", "DelistedCompanies": 3}, {"DelistingDay": "2019-08-02", "DelistedCompanies": 4}, {"DelistingDay": "2019-03-13", "DelistedCompanies": 2}, {"DelistingDay": "2019-08-22", "DelistedCompanies": 3}, {"DelistingDay": "2019-01-31", "DelistedCompanies": 1}, {"DelistingDay": "2019-11-22", "DelistedCompanies": 4}, {"DelistingDay": "2019-07-16", "DelistedCompanies": 3}, {"DelistingDay": "2019-09-06", "DelistedCompanies": 2}, {"DelistingDay": "2019-07-26", "DelistedCompanies": 2}, {"DelistingDay": "2019-07-03", "DelistedCompanies": 2}, {"DelistingDay": "2019-09-10", "DelistedCompanies": 6}, {"DelistingDay": "2019-02-20", "DelistedCompanies": 3}, {"DelistingDay": "2019-05-22", "DelistedCompanies": 1}, {"DelistingDay": "2019-10-09", "DelistedCompanies": 2}, {"DelistingDay": "2019-04-01", "DelistedCompanies": 9}, {"DelistingDay": "2019-01-08", "DelistedCompanies": 2}, {"DelistingDay": "2019-11-18", "DelistedCompanies": 5}, {"DelistingDay": "2019-09-24", "DelistedCompanies": 2}, {"DelistingDay": "2019-01-07", "DelistedCompanies": 5}, {"DelistingDay": "2019-10-17", "DelistedCompanies": 1}, {"DelistingDay": "2019-08-30", "DelistedCompanies": 3}, {"DelistingDay": "2019-09-11", "DelistedCompanies": 3}, {"DelistingDay": "2019-07-17", "DelistedCompanies": 2}, {"DelistingDay": "2019-05-15", "DelistedCompanies": 3}, {"DelistingDay": "2019-10-18", "DelistedCompanies": 4}, {"DelistingDay": "2019-01-25", "DelistedCompanies": 2}, {"DelistingDay": "2019-01-17", "DelistedCompanies": 3}, {"DelistingDay": "2019-05-02", "DelistedCompanies": 4}, {"DelistingDay": "2019-10-02", "DelistedCompanies": 3}, {"DelistingDay": "2019-08-27", "DelistedCompanies": 1}, {"DelistingDay": "2019-03-18", "DelistedCompanies": 4}, {"DelistingDay": "2019-04-16", "DelistedCompanies": 5}, {"DelistingDay": "2019-06-18", "DelistedCompanies": 2}, {"DelistingDay": "2019-03-15", "DelistedCompanies": 12}, {"DelistingDay": "2019-10-24", "DelistedCompanies": 3}]


>>>>> 【user】 Said:
查询SQL:
SELECT DATE(DelistingDate) AS DelistingDay, COUNT(*) AS DelistedCompanies
FROM constantdb.us_secumain
WHERE DATE(DelistingDate) BETWEEN '2019-01-01' AND '2019-12-31'
GROUP BY DelistingDay;
查询结果:
[{"DelistingDay": "2019-10-07", "DelistedCompanies": 5}, {"DelistingDay": "2019-03-06", "DelistedCompanies": 3}, {"DelistingDay": "2019-12-23", "DelistedCompanies": 11}, {"DelistingDay": "2019-05-14", "DelistedCompanies": 5}, {"DelistingDay": "2019-12-05", "DelistedCompanies": 5}, {"DelistingDay": "2019-08-20", "DelistedCompanies": 2}, {"DelistingDay": "2019-08-08", "DelistedCompanies": 3}, {"DelistingDay": "2019-03-28", "DelistedCompanies": 4}, {"DelistingDay": "2019-11-11", "DelistedCompanies": 4}, {"DelistingDay": "2019-03-12", "DelistedCompanies": 4}, {"DelistingDay": "2019-07-08", "DelistedCompanies": 7}, {"DelistingDay": "2019-03-08", "DelistedCompanies": 6}, {"DelistingDay": "2019-12-09", "DelistedCompanies": 3}, {"DelistingDay": "2019-02-28", "DelistedCompanies": 3}, {"DelistingDay": "2019-12-16", "DelistedCompanies": 6}, {"DelistingDay": "2019-11-19", "DelistedCompanies": 2}, {"DelistingDay": "2019-10-14", "DelistedCompanies": 3}, {"DelistingDay": "2019-06-10", "DelistedCompanies": 4}, {"DelistingDay": "2019-02-15", "DelistedCompanies": 4}, {"DelistingDay": "2019-01-16", "DelistedCompanies": 2}, {"DelistingDay": "2019-08-15", "DelistedCompanies": 3}, {"DelistingDay": "2019-03-26", "DelistedCompanies": 2}, {"DelistingDay": "2019-03-05", "DelistedCompanies": 2}, {"DelistingDay": "2019-04-02", "DelistedCompanies": 5}, {"DelistingDay": "2019-09-30", "DelistedCompanies": 2}, {"DelistingDay": "2019-10-28", "DelistedCompanies": 9}, {"DelistingDay": "2019-01-22", "DelistedCompanies": 2}, {"DelistingDay": "2019-03-22", "DelistedCompanies": 2}, {"DelistingDay": "2019-12-04", "DelistedCompanies": 2}, {"DelistingDay": "2019-04-25", "DelistedCompanies": 3}, {"DelistingDay": "2019-11-29", "DelistedCompanies": 1}, {"DelistingDay": "2019-02-01", "DelistedCompanies": 7}, {"DelistingDay": "2019-04-22", "DelistedCompanies": 2}, {"DelistingDay": "2019-03-21", "DelistedCompanies": 3}, {"DelistingDay": "2019-06-19", "DelistedCompanies": 3}, {"DelistingDay": "2019-11-08", "DelistedCompanies": 5}, {"DelistingDay": "2019-10-03", "DelistedCompanies": 2}, {"DelistingDay": "2019-02-13", "DelistedCompanies": 2}, {"DelistingDay": "2019-07-23", "DelistedCompanies": 3}, {"DelistingDay": "2019-06-13", "DelistedCompanies": 4}, {"DelistingDay": "2019-09-18", "DelistedCompanies": 4}, {"DelistingDay": "2019-05-24", "DelistedCompanies": 3}, {"DelistingDay": "2019-10-01", "DelistedCompanies": 6}, {"DelistingDay": "2019-06-03", "DelistedCompanies": 4}, {"DelistingDay": "2019-08-26", "DelistedCompanies": 1}, {"DelistingDay": "2019-10-30", "DelistedCompanies": 1}, {"DelistingDay": "2019-11-13", "DelistedCompanies": 7}, {"DelistingDay": "2019-06-04", "DelistedCompanies": 1}, {"DelistingDay": "2019-03-27", "DelistedCompanies": 3}, {"DelistingDay": "2019-04-18", "DelistedCompanies": 5}, {"DelistingDay": "2019-04-15", "DelistedCompanies": 4}, {"DelistingDay": "2019-01-02", "DelistedCompanies": 14}, {"DelistingDay": "2019-02-12", "DelistedCompanies": 2}, {"DelistingDay": "2019-07-12", "DelistedCompanies": 3}, {"DelistingDay": "2019-07-22", "DelistedCompanies": 1}, {"DelistingDay": "2019-01-15", "DelistedCompanies": 1}, {"DelistingDay": "2019-05-17", "DelistedCompanies": 7}, {"DelistingDay": "2019-11-12", "DelistedCompanies": 4}, {"DelistingDay": "2019-08-09", "DelistedCompanies": 2}, {"DelistingDay": "2019-02-08", "DelistedCompanies": 11}, {"DelistingDay": "2019-04-03", "DelistedCompanies": 3}, {"DelistingDay": "2019-04-26", "DelistedCompanies": 4}, {"DelistingDay": "2019-03-01", "DelistedCompanies": 6}, {"DelistingDay": "2019-09-25", "DelistedCompanies": 3}, {"DelistingDay": "2019-07-09", "DelistedCompanies": 2}, {"DelistingDay": "2019-12-24", "DelistedCompanies": 3}, {"DelistingDay": "2019-08-02", "DelistedCompanies": 4}, {"DelistingDay": "2019-03-13", "DelistedCompanies": 2}, {"DelistingDay": "2019-08-22", "DelistedCompanies": 3}, {"DelistingDay": "2019-01-31", "DelistedCompanies": 1}, {"DelistingDay": "2019-11-22", "DelistedCompanies": 4}, {"DelistingDay": "2019-07-16", "DelistedCompanies": 3}, {"DelistingDay": "2019-09-06", "DelistedCompanies": 2}, {"DelistingDay": "2019-07-26", "DelistedCompanies": 2}, {"DelistingDay": "2019-07-03", "DelistedCompanies": 2}, {"DelistingDay": "2019-09-10", "DelistedCompanies": 6}, {"DelistingDay": "2019-02-20", "DelistedCompanies": 3}, {"DelistingDay": "2019-05-22", "DelistedCompanies": 1}, {"DelistingDay": "2019-10-09", "DelistedCompanies": 2}, {"DelistingDay": "2019-04-01", "DelistedCompanies": 9}, {"DelistingDay": "2019-01-08", "DelistedCompanies": 2}, {"DelistingDay": "2019-11-18", "DelistedCompanies": 5}, {"DelistingDay": "2019-09-24", "DelistedCompanies": 2}, {"DelistingDay": "2019-01-07", "DelistedCompanies": 5}, {"DelistingDay": "2019-10-17", "DelistedCompanies": 1}, {"DelistingDay": "2019-08-30", "DelistedCompanies": 3}, {"DelistingDay": "2019-09-11", "DelistedCompanies": 3}, {"DelistingDay": "2019-07-17", "DelistedCompanies": 2}, {"DelistingDay": "2019-05-15", "DelistedCompanies": 3}, {"DelistingDay": "2019-10-18", "DelistedCompanies": 4}, {"DelistingDay": "2019-01-25", "DelistedCompanies": 2}, {"DelistingDay": "2019-01-17", "DelistedCompanies": 3}, {"DelistingDay": "2019-05-02", "DelistedCompanies": 4}, {"DelistingDay": "2019-10-02", "DelistedCompanies": 3}, {"DelistingDay": "2019-08-27", "DelistedCompanies": 1}, {"DelistingDay": "2019-03-18", "DelistedCompanies": 4}, {"DelistingDay": "2019-04-16", "DelistedCompanies": 5}, {"DelistingDay": "2019-06-18", "DelistedCompanies": 2}, {"DelistingDay": "2019-03-15", "DelistedCompanies": 12}, {"DelistingDay": "2019-10-24", "DelistedCompanies": 3}]

请理解查询结果

>>>>> Agent【Sql_query.understand_query_result】 Said:
查询结果表明: 在2019年1月1日至2019年12月31日期间，从constantdb.us_secumain表中统计的每个退市日期（DelistingDay）及其对应的退市公司数量（DelistedCompanies）。例如，2019年10月7日有5家公司退市，2019年3月6日有3家公司退市，2019年12月23日有11家公司退市，以此类推。每个日期的退市公司数量不等，最多的一天是2019年1月2日，有14家公司退市。


>>>>> 【user】 Said:
查询SQL:
SELECT DATE(DelistingDate) AS DelistingDay, COUNT(*) AS DelistedCompanies
FROM constantdb.us_secumain
WHERE DATE(DelistingDate) BETWEEN '2019-01-01' AND '2019-12-31'
GROUP BY DelistingDay;
查询结果:
[{"DelistingDay": "2019-10-07", "DelistedCompanies": 5}, {"DelistingDay": "2019-03-06", "DelistedCompanies": 3}, {"DelistingDay": "2019-12-23", "DelistedCompanies": 11}, {"DelistingDay": "2019-05-14", "DelistedCompanies": 5}, {"DelistingDay": "2019-12-05", "DelistedCompanies": 5}, {"DelistingDay": "2019-08-20", "DelistedCompanies": 2}, {"DelistingDay": "2019-08-08", "DelistedCompanies": 3}, {"DelistingDay": "2019-03-28", "DelistedCompanies": 4}, {"DelistingDay": "2019-11-11", "DelistedCompanies": 4}, {"DelistingDay": "2019-03-12", "DelistedCompanies": 4}, {"DelistingDay": "2019-07-08", "DelistedCompanies": 7}, {"DelistingDay": "2019-03-08", "DelistedCompanies": 6}, {"DelistingDay": "2019-12-09", "DelistedCompanies": 3}, {"DelistingDay": "2019-02-28", "DelistedCompanies": 3}, {"DelistingDay": "2019-12-16", "DelistedCompanies": 6}, {"DelistingDay": "2019-11-19", "DelistedCompanies": 2}, {"DelistingDay": "2019-10-14", "DelistedCompanies": 3}, {"DelistingDay": "2019-06-10", "DelistedCompanies": 4}, {"DelistingDay": "2019-02-15", "DelistedCompanies": 4}, {"DelistingDay": "2019-01-16", "DelistedCompanies": 2}, {"DelistingDay": "2019-08-15", "DelistedCompanies": 3}, {"DelistingDay": "2019-03-26", "DelistedCompanies": 2}, {"DelistingDay": "2019-03-05", "DelistedCompanies": 2}, {"DelistingDay": "2019-04-02", "DelistedCompanies": 5}, {"DelistingDay": "2019-09-30", "DelistedCompanies": 2}, {"DelistingDay": "2019-10-28", "DelistedCompanies": 9}, {"DelistingDay": "2019-01-22", "DelistedCompanies": 2}, {"DelistingDay": "2019-03-22", "DelistedCompanies": 2}, {"DelistingDay": "2019-12-04", "DelistedCompanies": 2}, {"DelistingDay": "2019-04-25", "DelistedCompanies": 3}, {"DelistingDay": "2019-11-29", "DelistedCompanies": 1}, {"DelistingDay": "2019-02-01", "DelistedCompanies": 7}, {"DelistingDay": "2019-04-22", "DelistedCompanies": 2}, {"DelistingDay": "2019-03-21", "DelistedCompanies": 3}, {"DelistingDay": "2019-06-19", "DelistedCompanies": 3}, {"DelistingDay": "2019-11-08", "DelistedCompanies": 5}, {"DelistingDay": "2019-10-03", "DelistedCompanies": 2}, {"DelistingDay": "2019-02-13", "DelistedCompanies": 2}, {"DelistingDay": "2019-07-23", "DelistedCompanies": 3}, {"DelistingDay": "2019-06-13", "DelistedCompanies": 4}, {"DelistingDay": "2019-09-18", "DelistedCompanies": 4}, {"DelistingDay": "2019-05-24", "DelistedCompanies": 3}, {"DelistingDay": "2019-10-01", "DelistedCompanies": 6}, {"DelistingDay": "2019-06-03", "DelistedCompanies": 4}, {"DelistingDay": "2019-08-26", "DelistedCompanies": 1}, {"DelistingDay": "2019-10-30", "DelistedCompanies": 1}, {"DelistingDay": "2019-11-13", "DelistedCompanies": 7}, {"DelistingDay": "2019-06-04", "DelistedCompanies": 1}, {"DelistingDay": "2019-03-27", "DelistedCompanies": 3}, {"DelistingDay": "2019-04-18", "DelistedCompanies": 5}, {"DelistingDay": "2019-04-15", "DelistedCompanies": 4}, {"DelistingDay": "2019-01-02", "DelistedCompanies": 14}, {"DelistingDay": "2019-02-12", "DelistedCompanies": 2}, {"DelistingDay": "2019-07-12", "DelistedCompanies": 3}, {"DelistingDay": "2019-07-22", "DelistedCompanies": 1}, {"DelistingDay": "2019-01-15", "DelistedCompanies": 1}, {"DelistingDay": "2019-05-17", "DelistedCompanies": 7}, {"DelistingDay": "2019-11-12", "DelistedCompanies": 4}, {"DelistingDay": "2019-08-09", "DelistedCompanies": 2}, {"DelistingDay": "2019-02-08", "DelistedCompanies": 11}, {"DelistingDay": "2019-04-03", "DelistedCompanies": 3}, {"DelistingDay": "2019-04-26", "DelistedCompanies": 4}, {"DelistingDay": "2019-03-01", "DelistedCompanies": 6}, {"DelistingDay": "2019-09-25", "DelistedCompanies": 3}, {"DelistingDay": "2019-07-09", "DelistedCompanies": 2}, {"DelistingDay": "2019-12-24", "DelistedCompanies": 3}, {"DelistingDay": "2019-08-02", "DelistedCompanies": 4}, {"DelistingDay": "2019-03-13", "DelistedCompanies": 2}, {"DelistingDay": "2019-08-22", "DelistedCompanies": 3}, {"DelistingDay": "2019-01-31", "DelistedCompanies": 1}, {"DelistingDay": "2019-11-22", "DelistedCompanies": 4}, {"DelistingDay": "2019-07-16", "DelistedCompanies": 3}, {"DelistingDay": "2019-09-06", "DelistedCompanies": 2}, {"DelistingDay": "2019-07-26", "DelistedCompanies": 2}, {"DelistingDay": "2019-07-03", "DelistedCompanies": 2}, {"DelistingDay": "2019-09-10", "DelistedCompanies": 6}, {"DelistingDay": "2019-02-20", "DelistedCompanies": 3}, {"DelistingDay": "2019-05-22", "DelistedCompanies": 1}, {"DelistingDay": "2019-10-09", "DelistedCompanies": 2}, {"DelistingDay": "2019-04-01", "DelistedCompanies": 9}, {"DelistingDay": "2019-01-08", "DelistedCompanies": 2}, {"DelistingDay": "2019-11-18", "DelistedCompanies": 5}, {"DelistingDay": "2019-09-24", "DelistedCompanies": 2}, {"DelistingDay": "2019-01-07", "DelistedCompanies": 5}, {"DelistingDay": "2019-10-17", "DelistedCompanies": 1}, {"DelistingDay": "2019-08-30", "DelistedCompanies": 3}, {"DelistingDay": "2019-09-11", "DelistedCompanies": 3}, {"DelistingDay": "2019-07-17", "DelistedCompanies": 2}, {"DelistingDay": "2019-05-15", "DelistedCompanies": 3}, {"DelistingDay": "2019-10-18", "DelistedCompanies": 4}, {"DelistingDay": "2019-01-25", "DelistedCompanies": 2}, {"DelistingDay": "2019-01-17", "DelistedCompanies": 3}, {"DelistingDay": "2019-05-02", "DelistedCompanies": 4}, {"DelistingDay": "2019-10-02", "DelistedCompanies": 3}, {"DelistingDay": "2019-08-27", "DelistedCompanies": 1}, {"DelistingDay": "2019-03-18", "DelistedCompanies": 4}, {"DelistingDay": "2019-04-16", "DelistedCompanies": 5}, {"DelistingDay": "2019-06-18", "DelistedCompanies": 2}, {"DelistingDay": "2019-03-15", "DelistedCompanies": 12}, {"DelistingDay": "2019-10-24", "DelistedCompanies": 3}]

查询结果表明: 在2019年1月1日至2019年12月31日期间，从constantdb.us_secumain表中统计的每个退市日期（DelistingDay）及其对应的退市公司数量（DelistedCompanies）。例如，2019年10月7日有5家公司退市，2019年3月6日有3家公司退市，2019年12月23日有11家公司退市，以此类推。每个日期的退市公司数量不等，最多的一天是2019年1月2日，有14家公司退市。

当前掌握的信息是否能够回答"在2019年，当天有多少家公司退市了？"？还是要继续执行下一阶段SQL查询？

>>>>> Agent【Sql_query.master】 Said:
【已知信息】
- 已获取2019年每一天退市的公司数量
- 查询结果包含每个退市日期及其对应的退市公司数量

【当前阶段要获取的信息】
- 无需进一步查询，当前信息已能回答问题

【信息所在字段】
- `DelistingDay`和`DelistedCompanies`

【筛选条件所在字段】
- 无需进一步筛选

【SQL语句的思路】
- 无需进一步执行SQL

【执行SQL语句】
```exec_sql
无
```

【上述SQL语句的含义】
- 无需进一步执行SQL，当前查询结果已能回答问题

当前掌握的信息已经能够回答“在2019年，当天有多少家公司退市了？”的问题。具体每一天的退市公司数量已在查询结果中详细列出，例如2019年10月7日有5家公司退市，2019年3月6日有3家公司退市，等等。因此，无需继续执行下一阶段SQL查询。


>>>>> 【user】 Said:
充分尊重前面给出的结论，回答问题:"在2019年，当天有多少家公司退市了？"

>>>>> Agent【Sql_query.summary】 Said:
2019年1月1日至2019年12月31日期间，每天的退市公司数量如下：

- 2019-01-01: 0
- 2019-01-02: 14
- 2019-01-07: 5
- 2019-01-08: 2
- 2019-01-15: 1
- 2019-01-16: 2
- 2019-01-17: 3
- 2019-01-22: 2
- 2019-01-25: 2
- 2019-01-31: 1
- 2019-02-01: 7
- 2019-02-08: 11
- 2019-02-12: 2
- 2019-02-13: 2
- 2019-02-15: 4
- 2019-02-20: 3
- 2019-02-28: 3
- 2019-03-01: 6
- 2019-03-05: 2
- 2019-03-06: 3
- 2019-03-08: 6
- 2019-03-12: 4
- 2019-03-13: 2
- 2019-03-15: 12
- 2019-03-18: 4
- 2019-03-21: 3
- 2019-03-22: 2
- 2019-03-26: 2
- 2019-03-27: 3
- 2019-03-28: 4
- 2019-04-01: 9
- 2019-04-02: 5
- 2019-04-03: 3
- 2019-04-15: 4
- 2019-04-16: 5
- 2019-04-18: 5
- 2019-04-22: 2
- 2019-04-25: 3
- 2019-04-26: 4
- 2019-05-02: 4
- 2019-05-14: 5
- 2019-05-15: 3
- 2019-05-17: 7
- 2019-05-22: 1
- 2019-05-24: 3
- 2019-06-03: 4
- 2019-06-04: 1
- 2019-06-10: 4
- 2019-06-13: 4
- 2019-06-18: 2
- 2019-06-19: 3
- 2019-07-03: 2
- 2019-07-08: 7
- 2019-07-09: 2
- 2019-07-12: 3
- 2019-07-16: 3
- 2019-07-17: 2
- 2019-07-22: 1
- 2019-07-23: 3
- 2019-07-26: 2
- 2019-08-02: 4
- 2019-08-08: 3
- 2019-08-09: 2
- 2019-08-15: 3
- 2019-08-20: 2
- 2019-08-22: 3
- 2019-08-26: 1
- 2019-08-27: 1
- 2019-08-30: 3
- 2019-09-06: 2
- 2019-09-10: 6
- 2019-09-11: 3
- 2019-09-18: 4
- 2019-09-24: 2
- 2019-09-25: 3
- 2019-09-30: 2
- 2019-10-01: 6
- 2019-10-02: 3
- 2019-10-03: 2
- 2019-10-07: 5
- 2019-10-09: 2
- 2019-10-14: 3
- 2019-10-17: 1
- 2019-10-18: 4
- 2019-10-24: 3
- 2019-10-28: 9
- 2019-10-30: 1
- 2019-11-08: 5
- 2019-11-11: 4
- 2019-11-12: 4
- 2019-11-13: 7
- 2019-11-18: 5
- 2019-11-19: 2
- 2019-11-22: 4
- 2019-11-29: 1
- 2019-12-04: 2
- 2019-12-05: 5
- 2019-12-09: 3
- 2019-12-16: 6
- 2019-12-23: 11
- 2019-12-24: 3

其他未列出的日期退市公司数量为0。
