
>>>>> Original Question: 2020年最后一个交易日是哪一天？用XXXX年XX月XX日回复我


>>>>> Agent【extract_company】 Said:
No Entities.


>>>>> Agent【rewrite_question】 Said:
请问2020年的最后一个交易日具体是哪一天？请以“XXXX年XX月XX日”的格式回复我。

>>>>> 已知事实:


>>>>> Agent【Check_db_structure.db_selector】 Said:
【分析】
用户需要查询2020年的最后一个交易日，这涉及到交易日的周期特性信息。根据知识库描述，常量库（constantdb）中包含了交易日的相关信息，具体在交易日表（qt_tradingdaynew）中记录了日期是否为交易日及是否为周、月、季、年末交易日等。因此，选择常量库（constantdb）可以最快获取到所需信息。

【选中的数据库】
- constantdb: 这个数据库包含交易日的周期特性信息，可以查询到2020年的最后一个交易日。

【选中的数据库的清单】
```json
["constantdb"]
```


>>>>> Agent【Check_db_structure.table_selector】 Said:
【分析】
要确定2020年的最后一个交易日，我们需要查找一个记录交易日期及其属性的表，特别是标记为年末最后一个交易日的日期。

【选中的数据表】
- constantdb.qt_tradingdaynew: 这个数据表记录了与交易日期相关的多维信息，包括日期（TradingDate）、证券市场（SecuMarket）等基础字段，同时标注了日期属性，如是否为交易日（IfTradingDay）、是否为周、月、季、年最后一个交易日（IfWeekEnd、IfMonthEnd、IfQuarterEnd、IfYearEnd），全面反映了日期在不同周期维度下的交易属性。

【选中的数据库表的清单】
```json
["constantdb.qt_tradingdaynew"]
```


>>>>> Agent【Check_db_structure.columns_selector】 Said:
【分析】
用户询问的是2020年的最后一个交易日，具体是哪一天。我们需要找到记录交易日期以及标记是否为年最后交易日的字段。

【信息所在字段】
- constantdb.qt_tradingdaynew.TradingDate: 这个字段可能包含交易日期信息，对应用户提问中的具体日期。
- constantdb.qt_tradingdaynew.IfYearEnd: 这个字段可能包含是否为年最后交易日的信息，对应用户提问中的最后一个交易日。

【筛选条件所在字段】
- constantdb.qt_tradingdaynew.IfTradingDay: 这个字段可能包含是否为交易日的信息，用于筛选出交易日。
- constantdb.qt_tradingdaynew.SecuMarket: 这个字段可能包含证券市场信息，虽然用户未明确指定市场，但可能需要根据具体市场筛选。

【选中的字段的清单】
```json
{"constantdb.qt_tradingdaynew": ["TradingDate", "IfYearEnd", "IfTradingDay", "SecuMarket"]}
```


>>>>> Agent【Sql_query.master】 Said:
【已知信息】
- 需要查询2020年的最后一个交易日
- 表名：`constantdb.qt_tradingdaynew`
- 相关字段：`TradingDate`, `IfYearEnd`

【当前阶段要获取的信息】
- 2020年的最后一个交易日的具体日期

【信息所在字段】
- `TradingDate`

【筛选条件所在字段】
- `IfYearEnd`
- `YEAR(TradingDate)`

【SQL语句的思路】
- 从`constantdb.qt_tradingdaynew`表中筛选出`IfYearEnd`为1的记录，表示是年最后交易日
- 进一步筛选`YEAR(TradingDate)`为2020的记录，确保是2020年的数据
- 选择`TradingDate`字段，获取具体日期

【执行SQL语句】
```exec_sql
SELECT TradingDate 
FROM constantdb.qt_tradingdaynew 
WHERE IfYearEnd = 1 AND YEAR(TradingDate) = 2020
LIMIT 1
```

【上述SQL语句的含义】
- 从`constantdb.qt_tradingdaynew`表中查询2020年的最后一个交易日，返回该日期。

>>>>> 查询sql:
SELECT TradingDate 
FROM constantdb.qt_tradingdaynew 
WHERE IfYearEnd = 1 AND YEAR(TradingDate) = 2020
LIMIT 1;
查询结果:
[{"TradingDate": "2020-12-31 12:00:00.000"}]


>>>>> Agent【Sql_query.understand_query_result】 Said:
查询结果表明: 在constantdb.qt_tradingdaynew表中，2020年的最后一个交易日是2020年12月31日。该结果通过筛选IfYearEnd字段为1（表示是年最后交易日）且TradingDate字段的年份为2020年得到，并限制了只返回一条记录。


>>>>> Agent【Sql_query.master】 Said:
【已知信息】
- 查询结果已显示2020年的最后一个交易日是2020年12月31日
- 结果格式为："2020-12-31 12:00:00.000"

【当前阶段要获取的信息】
- 无

【信息所在字段】
- 无

【筛选条件所在字段】
- 无

【SQL语句的思路】
- 无

【执行SQL语句】
- 无

【上述SQL语句的含义】
- 无

根据已获取的信息，可以回答用户的问题。2020年的最后一个交易日是2020年12月31日，格式化回复为：

**2020年12月31日**


>>>>> Agent【Sql_query.summary】 Said:
2020年12月31日
