
>>>>> Original Question: 申万一级行业是公用事业的公司有多少家？


>>>>> Agent【extract_company】 Said:
No Entities.


>>>>> Agent【rewrite_question】 Said:
根据申万一级行业分类，属于公用事业行业的公司共有多少家？

>>>>> 已知事实:


>>>>> Agent【Check_db_structure.db_selector】 Said:
【分析】
用户需要查询属于公用事业行业的公司数量，这涉及到行业分类信息。根据知识库，`astockindustrydb`数据库记录了A股上市公司在行业划分、行业变更、估值指标、财务指标及概念板块等多个方面的信息，涵盖了公司所属行业的多层级划分、变更历史、行业估值和财务表现。因此，这个数据库最有可能包含申万一级行业分类的信息。

【选中的数据库】
- astockindustrydb: 这个数据库包含公司所属行业的多层级划分信息，可以用来查询属于公用事业行业的公司数量。

【选中的数据库的清单】
```json
["astockindustrydb"]
```


>>>>> Agent【Check_db_structure.table_selector】 Said:
【分析】
要查询属于公用事业行业的公司数量，需要使用包含公司及其行业分类信息的表。根据表说明，`lc_exgindustry` 表包含公司标识信息和多层级行业分类数据，适合用于查询特定行业的公司数量。

【选中的数据表】
- astockindustrydb.lc_exgindustry: 这个数据表包含公司标识信息如公司代码，以及多层级行业分类数据，包括一级至四级行业的代码和名称。

【选中的数据库表的清单】
```json
["astockindustrydb.lc_exgindustry"]
```


>>>>> Agent【Check_db_structure.columns_selector】 Said:
【分析】
用户提问要求根据申万一级行业分类，统计属于公用事业行业的公司数量。我们需要找到与申万一级行业分类相关的字段，以及能够标识公司数量的字段。

【信息所在字段】
- astockindustrydb.lc_exgindustry.Standard: 这个字段可能包含行业划分标准信息，对应用户提问中的申万一级行业分类
- astockindustrydb.lc_exgindustry.FirstIndustryName: 这个字段可能包含一级行业名称信息，对应用户提问中的公用事业行业
- astockindustrydb.lc_exgindustry.CompanyCode: 这个字段可能包含公司代码信息，用于统计公司数量

【筛选条件所在字段】
- astockindustrydb.lc_exgindustry.Standard: 这个字段用于筛选申万一级行业分类
- astockindustrydb.lc_exgindustry.FirstIndustryName: 这个字段用于筛选公用事业行业

【选中的字段的清单】
```json
{
  "astockindustrydb.lc_exgindustry": ["Standard", "FirstIndustryName", "CompanyCode"]
}
```


>>>>> Agent【Sql_query.master】 Said:
【已知信息】
- 我们需要根据申万一级行业分类，找到属于公用事业行业的公司数量。
- 申万一级行业分类在`astockindustrydb.lc_exgindustry`表中，字段为`FirstIndustryName`。
- 申万一级行业分类的标准代码为`38`。

【当前阶段要获取的信息】
- 属于公用事业行业的公司数量。

【信息所在字段】
- `CompanyCode`（公司代码）

【筛选条件所在字段】
- `FirstIndustryName`（一级行业名称）
- `Standard`（行业划分标准）

【SQL语句的思路】
1. 从`astockindustrydb.lc_exgindustry`表中筛选出`Standard`为`38`的记录。
2. 在这些记录中，进一步筛选出`FirstIndustryName`为"公用事业"的记录。
3. 计算这些记录的数量。

【执行SQL语句】
```exec_sql
SELECT COUNT(DISTINCT CompanyCode) 
FROM astockindustrydb.lc_exgindustry 
WHERE Standard = 38 
AND FirstIndustryName = '公用事业'
```

【上述SQL语句的含义】
- 该SQL语句从`astockindustrydb.lc_exgindustry`表中筛选出符合申万一级行业分类标准（`Standard = 38`）且一级行业名称为"公用事业"的记录。
- 使用`COUNT(DISTINCT CompanyCode)`来统计这些记录中 unique 的公司代码数量，从而得到属于公用事业行业的公司总数。

>>>>> 查询sql:
SELECT COUNT(DISTINCT CompanyCode) 
FROM astockindustrydb.lc_exgindustry 
WHERE Standard = 38 
AND FirstIndustryName = '公用事业';
查询结果:
[{"COUNT(DISTINCT CompanyCode)": 270}]


>>>>> Agent【Sql_query.understand_query_result】 Said:
查询结果表明: 在astockindustrydb.lc_exgindustry表中，按照申万行业分类(新)（Standard = 38）标准，属于公用事业（FirstIndustryName = '公用事业'）行业的公司共有270家，这些公司具有不同的公司代码（CompanyCode）。


>>>>> Agent【Sql_query.master】 Said:
【已知信息】
- 根据申万一级行业分类（Standard = 38），属于公用事业（FirstIndustryName = '公用事业'）行业的公司共有270家。
- 这些公司具有不同的公司代码（CompanyCode）。

【当前阶段要获取的信息】
- 无

【信息所在字段】
- 无

【筛选条件所在字段】
- 无

【SQL语句的思路】
- 无

【执行SQL语句】
- 无

【上述SQL语句的含义】
- 无

当前掌握的信息已经能够回答"根据申万一级行业分类，属于公用事业行业的公司共有多少家？"的问题。查询结果表明，属于公用事业行业的公司共有270家，因此无需继续执行下一阶段SQL查询。


>>>>> Agent【Sql_query.summary】 Said:
270家
