
>>>>> Original Question: 基于上述分红数据，在2019年最后一次分红时，如果一位投资者持有1000份该基金，税后可以获得多少分红收益？


>>>>> 【user】 Said:
下面是顺序的历史问答:
'''
Question: 南方亨元债券A在2019年的分红次数是多少？每次分红的派现比例是多少？
Answer: 南方亨元债券A基金在2019年度共进行了1次分红，每次分红的派现比例为0.052。
'''
现在用户继续提问，请根据已知信息，理解当前这个问题的完整含义，并重写这个问题使得单独拿出来看仍然能够正确理解：基于上述分红数据，在2019年最后一次分红时，如果一位投资者持有1000份该基金，税后可以获得多少分红收益？

>>>>> Agent【rewrite_question】 Said:
基于上述信息，南方亨元债券A基金在2019年共进行了1次分红，每次分红的派现比例为0.052。请问在2019年该基金最后一次分红时，如果一位投资者持有1000份该基金，税后可以获得多少分红收益？


>>>>> 【user】 Said:
提取下面这段文字里的实体，如公司名、股票代码等，如果识别结果是空，那么就回复No Entities."基于上述信息，南方亨元债券A基金在2019年共进行了1次分红，每次分红的派现比例为0.052。请问在2019年该基金最后一次分红时，如果一位投资者持有1000份该基金，税后可以获得多少分红收益？"

>>>>> Agent【extract_company】 Said:
```json
["南方亨元债券A基金"]
```

>>>>> 查询sql:
SELECT 'constantdb.secumain' AS TableName, InnerCode, CompanyCode, ChiName, EngName, SecuCode
FROM constantdb.secumain 
WHERE SecuCode = '南方亨元债券A基金'
   OR ChiName LIKE '%南方亨元债券A基金%'
   OR ChiNameAbbr LIKE '%南方亨元债券A基金%'
   OR EngName LIKE '%南方亨元债券A基金%'
   OR EngNameAbbr LIKE '%南方亨元债券A基金%'
   OR SecuAbbr LIKE '%南方亨元债券A基金%'
UNION ALL
SELECT 'constantdb.hk_secumain' AS TableName, InnerCode, CompanyCode, ChiName, EngName, SecuCode
FROM constantdb.hk_secumain 
WHERE SecuCode = '%南方亨元债券A基金%'
   OR ChiName LIKE '%南方亨元债券A基金%'
   OR ChiNameAbbr LIKE '%南方亨元债券A基金%'
   OR EngName LIKE '%南方亨元债券A基金%'
   OR EngNameAbbr LIKE '%南方亨元债券A基金%'
   OR SecuAbbr LIKE '%南方亨元债券A基金%'
   OR FormerName LIKE '%南方亨元债券A基金%'
UNION ALL
SELECT 'constantdb.us_secumain' AS TableName, InnerCode, CompanyCode, ChiName, EngName, SecuCode
FROM constantdb.us_secumain 
WHERE SecuCode = '南方亨元债券A基金'
   OR ChiName LIKE '%南方亨元债券A基金%'
   OR EngName LIKE '%南方亨元债券A基金%'
   OR SecuAbbr LIKE '%南方亨元债券A基金%';
查询结果:
[]

>>>>> 已知事实:


>>>>> 【user】 Said:
请选择db，务必遵循输出的格式要求。

>>>>> Agent【Check_db_structure.db_selector】 Said:
【分析】
用户需要计算南方亨元债券A基金在2019年最后一次分红时，持有1000份基金的税后分红收益。为此，需要以下信息：
1. 南方亨元债券A基金在2019年的分红记录。
2. 每次分红的派现比例。
3. 税后分红收益的计算方法。

【选中的数据库】
- publicfunddb: 这个数据库记录了公募基金的基本信息、产品名称、管理人概况及分红数据，可以获取到南方亨元债券A基金的分红记录和派现比例。

【选中的数据库的清单】
```json
["publicfunddb"]
```


>>>>> 【user】 Said:
数据库表信息如下:
[{"表名": "publicfunddb.mf_fundarchives", "说明": "该数据表主要记录基金的基本信息、运作特性及相关规则。字段包括基金编码信息如基金内部编码、转型统一编码、基金代码及证券代码等；申购赎回相关信息如前后端申购代码、场内申购赎回场所及代码、最低认购申购金额及赎回份额限制等；基金特性描述如基金运作方式、性质、投资风格、类别及代码、投资方向、目标、范围等；收益与风险信息如业绩比较基准、风险收益特征、收益分配原则及场内外分配方式等；基金设立与存续信息如设立规模、设立日期、存续期起止、清算期等；货币基金特性如结转日及收益分配方式等；基金收益率表达及折算说明如A份额约定收益率表达式及备注、定期与不定期份额折算说明等；管理与托管信息如基金经理、管理人、托管人、保本担保机构及注册登记机构等；市场与类型特性如是否发起式基金、养老目标基金或FOF基金等；以及其他信息如最低持有份额及描述、巨额赎回认定比例、赎回款到账天数等。"}, {"表名": "publicfunddb.mf_fundprodname", "说明": "该数据表主要用于记录基金相关信息，包括基金的基础编码信息如基金内部编码和基金转型统一编码，信息属性如信息发布日期、信息来源、信息类别及披露名称，时间属性如生效日期和失效日期，以及状态标识如是否有效，辅助字段如拼音证券简称和备注，用于进一步描述或补充相关内容。"}, {"表名": "publicfunddb.mf_investadvisoroutline", "说明": "该数据表记录了基金管理公司相关信息，涵盖基本标识信息如基金公司代码、名称、简称等，法人信息如法人代表、总经理，以及公司成立日期、组织形式、注册资本等基本企业信息；地址信息包括注册地址、办公地址、联系地址及邮编；联系方式如电话、传真、邮箱、公司网址、客服热线等；还有联系人及其简历等人员信息；此外，还包括地域信息如所属地区，监管信息如注册登记代码、证监会标识码，以及存续截止日等内容。"}, {"表名": "publicfunddb.mf_dividend", "说明": "该数据表主要用于记录基金转型及分红相关信息，涵盖基金编码信息如基金转型统一编码和基金内部编码；日期信息如信息发布日期、分红实施公告日、截止日期、收益分配基准日、权益登记日、除息日、发放日、红利再投资日及其相关到账日和可赎回日；收益与分红信息如单位基金收益、单位基金未分配收益、派现比例（含税与税后）、派现金额合计、基准日基金可供分配利润、基准日应分配金额、本年单位累计分红、本年累计分红总额、本年累计分红次数、历史累计分红总额及次数；事件与方案信息如是否分红、方案变更说明、事件进程代码及事件进程；范围与来源信息如信息来源和发放范围，全面反映基金在分红及收益分配过程中的各类核心数据。"}]

请选择table，务必遵循输出的格式要求。

>>>>> Agent【Check_db_structure.table_selector】 Said:
【分析】
要计算南方亨元债券A基金在2019年最后一次分红时，一位投资者持有1000份该基金所能获得的税后分红收益，需要以下信息：
1. 确认2019年该基金的分红记录。
2. 获取每次分红的派现比例（含税与税后）。
3. 计算税后分红收益。

【选中的数据表】
- publicfunddb.mf_dividend: 这个数据表包含基金的分红相关信息，包括分红实施公告日、派现比例（含税与税后）等，可以用来确认2019年的分红记录和计算税后分红收益。

【选中的数据库表的清单】
```json
["publicfunddb.mf_dividend"]
```


>>>>> 【user】 Said:
已取得可用的数据表的字段信息如下:
[{"表名": "publicfunddb.mf_dividend", "表字段": [{"column": "TransCode", "desc": "基金转型统一编码"}, {"column": "InnerCode", "desc": "基金内部编码；，得到基金的交易代码、简称等。"}, {"column": "InfoPublDate", "desc": "信息发布日期"}, {"column": "InfoSource", "desc": "信息来源"}, {"column": "DividendImplementDate", "desc": "分红实施公告日"}, {"column": "EndDate", "desc": "截止日期；截止日期（EndDate）：基金收益分配基准日，同收益分配基准日[ProfitDistDate]字段一致。"}, {"column": "ProfitDistDate", "desc": "收益分配基准日；收益分配基准日(ProfitDistDate)：基金本次分红依据的可分配利润的截止日期。即，以截止该日期的本基金的可分配利润为准，向基金份额持有人按一定的分红比例实施分红。"}, {"column": "UnitProfit", "desc": "单位基金收益(元)"}, {"column": "UnitRetainedProfit", "desc": "单位基金未分配收益(元)"}, {"column": "IfDistributed", "desc": "是否分红；是否分红（IfDistributed）：该字段固定以下常量：1-是；0-否。"}, {"column": "DividendRatioBeforeTax", "desc": "派现比例(含税10派X元)"}, {"column": "ActualRatioAfterTax", "desc": "实派比例(税后10派X元)"}, {"column": "Dividendsum", "desc": "派现金额合计(元)"}, {"column": "ReDate", "desc": "权益登记日"}, {"column": "ExRightDate", "desc": "除息日"}, {"column": "ExRightDateEX", "desc": "场内除息日"}, {"column": "ExecuteDate", "desc": "发放日"}, {"column": "ExecuteDateEX", "desc": "场内发放日"}, {"column": "ReinvestDay", "desc": "红利再投资日"}, {"column": "AccountDay", "desc": "红利再投资份额到帐日"}, {"column": "RedemptionDay", "desc": "红利再投资份额可赎回日"}, {"column": "DistributableProfits", "desc": "基准日基金可供分配利润(元)"}, {"column": "AllocationValue", "desc": "基准日应分配金额(元)"}, {"column": "SchemeModification", "desc": "方案变更说明"}, {"column": "EventProcedureCode", "desc": "事件进程代码；，令LB = 1059 AND DM IN (1001,1004,3131)，得到事件进程代码的具体描述：1001-预案，1004-决案，3131-方案实施。"}, {"column": "EventProcedure", "desc": "事件进程"}, {"column": "DistributedRange", "desc": "发放范围"}, {"column": "UnitProfitYTD", "desc": "本年单位累计分红(元)；本年单位累计分红（UnitProfitYTD）：计算公式：∑（Di），其中：Di为年初至今的第i次分红的单位分红金额。"}, {"column": "DividendSumYTD", "desc": "本年累计分红总额(元)"}, {"column": "DividendTimesYTD", "desc": "本年累计分红次数(次)"}, {"column": "DiviSumSinceInception", "desc": "历史累计分红总额(元)"}, {"column": "DiviTimesSinceIncepion", "desc": "历史累计分红次数(次)"}]}]

请选择column，务必遵循输出的格式要求。

>>>>> Agent【Check_db_structure.columns_selector】 Said:
【分析】
用户询问的是关于南方亨元债券A基金在2019年的分红情况，具体是想知道在2019年该基金最后一次分红时，持有1000份基金的投资者税后可以获得的分红收益。因此，需要找到与基金分红相关的字段，特别是涉及分红比例、分红日期和税后分红金额的字段。

【信息所在字段】
- publicfunddb.mf_dividend.DividendRatioBeforeTax: 这个字段可能包含派现比例（含税）信息，对应用户提问中的派现比例为0.052。
- publicfunddb.mf_dividend.ActualRatioAfterTax: 这个字段可能包含实派比例（税后）信息，对应用户提问中的税后分红收益计算。
- publicfunddb.mf_dividend.InfoPublDate: 这个字段可能包含信息发布日期，用于确认2019年的分红记录。
- publicfunddb.mf_dividend.DividendImplementDate: 这个字段可能包含分红实施公告日，用于确认2019年的分红记录。
- publicfunddb.mf_dividend.EndDate: 这个字段可能包含截止日期，用于确认2019年的分红记录。

【筛选条件所在字段】
- publicfunddb.mf_dividend.InnerCode: 这个字段可能包含基金内部编码，用于筛选特定基金（南方亨元债券A基金）。
- publicfunddb.mf_dividend.IfDistributed: 这个字段可能包含是否分红的标志，用于确认实际进行了分红的记录。

【选中的字段的清单】
```json
{"publicfunddb.mf_dividend": ["DividendRatioBeforeTax", "ActualRatioAfterTax", "InfoPublDate", "DividendImplementDate", "EndDate", "InnerCode", "IfDistributed"]}
```


>>>>> 【user】 Said:
之前已查询到信息如下:
查询结果表明: 表 `mf_fundarchives` 是公募基金概况表，包含以下字段：ID（ID）、InnerCode（证券内部编码）、EstablishmentDate（公司成立日期）、ListedDate（上市日期）、Duration（麦考利久期）、StartDate（起始日期）、ExpireDate（存续期截止日）、Manager（基金经理）、InvestAdvisorCode（基金公司代码）、TrusteeCode（基金托管人编号）、Warrantor（保本担保机构）、Type（类别）、InvestmentType（投资类型）、InvestStyle（基金投资风格）、FoundedSize（基金设立规模(份)）、InvestOrientation（基金投资方向）、InvestTarget（投资标的）、PerformanceBenchMark（业绩比较基准）、ProfitDistributionRule（收益分配原则）、InvestField（投向领域）、BriefIntro（基金简介）、XGRQ（修改日期）、JSID（JSID）、ApplyingCodeFront（前端申购代码）、ApplyingCodeBack（后端申购代码）、GuaranteedPeriod（保本型基金保本期(月)）、RiskReturncharacter（风险收益特征）、LowestSumSubscribing（最低认购申购金额描述）、LowestSumRedemption（最低赎回份额(份)）、LSFRDescription（最低赎回份额描述）、LowestSumForHolding（最低持有份额(份)）、LSFHDescription（最低持有份额描述）、FundNature（基金性质）、FundTypeCode（基金类别代码）、FundType（基金类别）、CarryOverDate（货币基金结转日）、CarryOverDateRemark（货币基金结转日说明）、CarryOverType（货币基金收益分配方式(份额结转方式)）、RegInstCode（注册登记机构(TA类型)）、SecurityCode（基金交易代码(交易所交易代码)）、DeliveryDays（赎回款到账天数）、RiskReturnCode（风险收益特征代码）、FloatType（发售方式）、CustodyMarket（转托管市场）、OperationPeriod（运作期）、OperationPDUnitCode（运作期单位代码）、OperationPDUnitName（运作期单位名称）、IfInitiatingFund（是否发起式基金）、ClassificationFundType（分级基金类别）、AgrBenchmkRateOfShareA（A份额约定年基准收益率表达式）、AgrBenchmkRateOfShareANotes（A份额约定年基准收益率表达式备注）、RegularShareConversionNotes（定期份额折算说明）、NonRegularShareConversionNotes（不定期份额折算说明）、ExApplyingMarket（场内申购赎回场所）、ExApplyingCode（场内申购赎回代码）、ExApplyingAbbr（场内申购赎回简称）、ShareProperties（份额属性）、StClearingDate（清算起始日）、EnClearingDate（清算截止日）、LowestSumSubLL（最低认购金额下限(元)）、LowestSumPurLL（最低申购金额下限(元)）、MainCode（基金主代码）、ExProfitDistri（场内收益分配方式）、OTCProfitDistri（场外收益分配方式）、IfFOF（是否FOF）、IfPensionTarget（是否养老目标基金）、PRconfirmationdate（申赎确认日）、EstablishmentDateII（转型前设立日期）、InsertTime（插入时间）、TransCode（基金转型统一编码）、LargeRedemptionRatio（巨额赎回认定比例）、LastOperationDate（最后运作日）、SecuCode（证券代码）。该表使用InnoDB引擎，默认字符集为utf8mb4，校对规则为utf8mb4_unicode_ci。
---
查询结果表明: 查询在`publicfunddb.mf_fundprodname`表中找到了多个记录，这些记录的`DisclName`字段包含“南方亨元债券A”、“南方亨元A”、“南方亨元”或“南方亨元债券”等关键词。所有这些记录对应的`InnerCode`字段值均为213676，说明这些不同的披露名称实际上指向同一只基金。
---
查询结果表明: 在2019年，基金内部编码为213676的基金累计分红次数为1次，派现比例（含税10派X元）为0.052。

请问:基于上述信息，南方亨元债券A基金在2019年共进行了1次分红，每次分红的派现比例为0.052。请问在2019年该基金最后一次分红时，如果一位投资者持有1000份该基金，税后可以获得多少分红收益？

>>>>> Agent【Sql_query.master】 Said:
【已知信息】
- 南方亨元债券A基金的内部编码为213676。
- 该基金在2019年共进行了1次分红，每次分红的派现比例为0.052（含税）。

【当前阶段要获取的信息】
- 2019年该基金最后一次分红的实派比例（税后10派X元）。

【信息所在字段】
- `ActualRatioAfterTax`（实派比例(税后10派X元)）字段在`publicfunddb.mf_dividend`表中。

【筛选条件所在字段】
- `InnerCode`（基金内部编码）
- `EndDate`（截止日期）

【SQL语句的思路】
1. 从`publicfunddb.mf_dividend`表中查询2019年最后一次分红的实派比例。
2. 使用`InnerCode`字段筛选南方亨元债券A基金。
3. 使用`EndDate`字段筛选2019年的记录。

【执行SQL语句】
```exec_sql
SELECT ActualRatioAfterTax
FROM publicfunddb.mf_dividend
WHERE InnerCode = 213676
AND YEAR(EndDate) = 2019
ORDER BY EndDate DESC
LIMIT 1;
```

【上述SQL语句的含义】
- 从`publicfunddb.mf_dividend`表中选取`ActualRatioAfterTax`字段。
- 通过`InnerCode`字段筛选出南方亨元债券A基金的记录。
- 通过`YEAR(EndDate)`字段筛选出2019年的记录。
- 按照截止日期`EndDate`降序排列，取最后一次分红的记录。

获取到实派比例后，可以通过以下计算得出投资者持有1000份基金税后可以获得的分红收益：
\[ \text{分红收益} = \left( \frac{\text{实派比例}}{10} \right) \times 1000 \]

例如，如果实派比例为0.04（税后10派0.4元），则：
\[ \text{分红收益} = \left( \frac{0.04}{10} \right) \times 1000 = 4 \text{元} \]

>>>>> 查询sql:
SELECT ActualRatioAfterTax
FROM publicfunddb.mf_dividend
WHERE InnerCode = 213676
AND YEAR(EndDate) = 2019
ORDER BY EndDate DESC
LIMIT 1;
查询结果:
[{"ActualRatioAfterTax": 0.052}]


>>>>> 【user】 Said:
查询SQL:
SELECT ActualRatioAfterTax
FROM publicfunddb.mf_dividend
WHERE InnerCode = 213676
AND YEAR(EndDate) = 2019
ORDER BY EndDate DESC
LIMIT 1;
查询结果:
[{"ActualRatioAfterTax": 0.052}]

请理解查询结果

>>>>> Agent【Sql_query.understand_query_result】 Said:
查询结果表明: 基金内部编码为213676的基金在2019年最后一次分红时的税后派现比例为0.052（即每10份基金份额派现0.52元）。该结果是通过查询publicfunddb.mf_dividend表，筛选出InnerCode为213676且EndDate在2019年的记录，并按EndDate降序排列后取第一条记录的ActualRatioAfterTax字段值得到的。


>>>>> 【user】 Said:
查询SQL:
SELECT ActualRatioAfterTax
FROM publicfunddb.mf_dividend
WHERE InnerCode = 213676
AND YEAR(EndDate) = 2019
ORDER BY EndDate DESC
LIMIT 1;
查询结果:
[{"ActualRatioAfterTax": 0.052}]

查询结果表明: 基金内部编码为213676的基金在2019年最后一次分红时的税后派现比例为0.052（即每10份基金份额派现0.52元）。该结果是通过查询publicfunddb.mf_dividend表，筛选出InnerCode为213676且EndDate在2019年的记录，并按EndDate降序排列后取第一条记录的ActualRatioAfterTax字段值得到的。

当前掌握的信息是否能够回答"基于上述信息，南方亨元债券A基金在2019年共进行了1次分红，每次分红的派现比例为0.052。请问在2019年该基金最后一次分红时，如果一位投资者持有1000份该基金，税后可以获得多少分红收益？"？还是要继续执行下一阶段SQL查询？

>>>>> Agent【Sql_query.master】 Said:
【已知信息】
- 南方亨元债券A基金的内部编码为213676。
- 该基金在2019年共进行了1次分红，每次分红的派现比例为0.052（含税）。
- 该基金在2019年最后一次分红时的税后派现比例为0.052（即每10份基金份额派现0.52元）。

【当前阶段要获取的信息】
- 无需继续执行SQL查询，当前信息已足够计算投资者持有1000份基金税后可以获得的分红收益。

【信息所在字段】
- 无

【筛选条件所在字段】
- 无

【SQL语句的思路】
- 无需继续执行SQL查询。

【执行SQL语句】
```exec_sql
无
```

【上述SQL语句的含义】
- 无需继续执行SQL查询。

基于已知信息，可以计算投资者持有1000份基金税后可以获得的分红收益：
\[ \text{分红收益} = \left( \frac{\text{税后派现比例}}{10} \right) \times 1000 \]

已知税后派现比例为0.052（即每10份基金份额派现0.52元），则：
\[ \text{分红收益} = \left( \frac{0.052}{10} \right) \times 1000 = 5.2 \text{元} \]

因此，如果一位投资者在2019年持有1000份南方亨元债券A基金，税后可以获得5.2元的分红收益。


>>>>> 【user】 Said:
充分尊重前面给出的结论，回答问题:"基于上述信息，南方亨元债券A基金在2019年共进行了1次分红，每次分红的派现比例为0.052。请问在2019年该基金最后一次分红时，如果一位投资者持有1000份该基金，税后可以获得多少分红收益？"

>>>>> Agent【Sql_query.summary】 Said:
税后分红收益: 5.2元
