
>>>>> Original Question: 中国人寿的H股代码、中文名称及英文名称分别是？


>>>>> 【user】 Said:
提取下面这段文字里的实体，如公司名、股票代码等，如果识别结果是空，那么就回复No Entities."中国人寿的H股代码、中文名称及英文名称分别是？"

>>>>> Agent【extract_company】 Said:
```json
["中国人寿"]
```

>>>>> 查询sql:
SELECT 'constantdb.secumain' AS TableName, InnerCode, CompanyCode, ChiName, EngName, SecuCode
FROM constantdb.secumain 
WHERE SecuCode = '中国人寿'
   OR ChiName LIKE '%中国人寿%'
   OR ChiNameAbbr LIKE '%中国人寿%'
   OR EngName LIKE '%中国人寿%'
   OR EngNameAbbr LIKE '%中国人寿%'
   OR SecuAbbr LIKE '%中国人寿%'
UNION ALL
SELECT 'constantdb.hk_secumain' AS TableName, InnerCode, CompanyCode, ChiName, EngName, SecuCode
FROM constantdb.hk_secumain 
WHERE SecuCode = '%中国人寿%'
   OR ChiName LIKE '%中国人寿%'
   OR ChiNameAbbr LIKE '%中国人寿%'
   OR EngName LIKE '%中国人寿%'
   OR EngNameAbbr LIKE '%中国人寿%'
   OR SecuAbbr LIKE '%中国人寿%'
   OR FormerName LIKE '%中国人寿%'
UNION ALL
SELECT 'constantdb.us_secumain' AS TableName, InnerCode, CompanyCode, ChiName, EngName, SecuCode
FROM constantdb.us_secumain 
WHERE SecuCode = '中国人寿'
   OR ChiName LIKE '%中国人寿%'
   OR EngName LIKE '%中国人寿%'
   OR SecuAbbr LIKE '%中国人寿%';
查询结果:
[{"TableName": "constantdb.hk_secumain", "InnerCode": 1000872, "CompanyCode": 4057, "ChiName": "中国人寿保险股份有限公司", "EngName": "China Life Insurance Company Limited", "SecuCode": "02628"}, {"TableName": "constantdb.us_secumain", "InnerCode": 7089475, "CompanyCode": 4057, "ChiName": "中国人寿保险股份有限公司", "EngName": "China Life Insurance Co. Ltd. Class H", "SecuCode": "CILJF"}, {"TableName": "constantdb.us_secumain", "InnerCode": 7122300, "CompanyCode": 4057, "ChiName": "中国人寿保险股份有限公司", "EngName": "China Life Insurance Co. Ltd. Sponsored ADR Class H", "SecuCode": "LFCHY"}, {"TableName": "constantdb.us_secumain", "InnerCode": 7005304, "CompanyCode": 4057, "ChiName": "中国人寿保险股份有限公司", "EngName": "China Life Insurance Co. Ltd. Sponsored ADR Class H", "SecuCode": "LFC"}, {"TableName": "constantdb.us_secumain", "InnerCode": 7122501, "CompanyCode": 168625, "ChiName": "中国人寿保险股份有限公司(台湾)", "EngName": "China Life Insurance Co., Ltd.", "SecuCode": "2823"}]


>>>>> 【user】 Said:
下面是已知的事实:
'''
中国人寿关联信息有多组:[InnerCode(证券内部编码)是1000872;CompanyCode(公司代码)是4057;ChiName(中文名称)是中国人寿保险股份有限公司;EngName(英文名称)是China Life Insurance Company Limited;SecuCode(证券代码)是02628;],InnerCode(证券内部编码)是7089475;CompanyCode(公司代码)是4057;ChiName(中文名称)是中国人寿保险股份有限公司;EngName(英文名称)是China Life Insurance Co. Ltd. Class H;SecuCode(证券代码)是CILJF;],InnerCode(证券内部编码)是7122300;CompanyCode(公司代码)是4057;ChiName(中文名称)是中国人寿保险股份有限公司;EngName(英文名称)是China Life Insurance Co. Ltd. Sponsored ADR Class H;SecuCode(证券代码)是LFCHY;],InnerCode(证券内部编码)是7005304;CompanyCode(公司代码)是4057;ChiName(中文名称)是中国人寿保险股份有限公司;EngName(英文名称)是China Life Insurance Co. Ltd. Sponsored ADR Class H;SecuCode(证券代码)是LFC;],InnerCode(证券内部编码)是7122501;CompanyCode(公司代码)是168625;ChiName(中文名称)是中国人寿保险股份有限公司(台湾);EngName(英文名称)是China Life Insurance Co., Ltd.;SecuCode(证券代码)是2823;]
'''
历史问答:无。
现在用户继续提问，请根据已知信息，理解当前这个问题的完整含义，并重写这个问题使得单独拿出来看仍然能够正确理解：中国人寿的H股代码、中文名称及英文名称分别是？

>>>>> Agent【rewrite_question】 Said:
中国人寿保险股份有限公司（CompanyCode: 4057）的H股代码、中文名称及英文名称分别是？

>>>>> 已知事实:
中国人寿关联信息有多组:[InnerCode(证券内部编码)是1000872;CompanyCode(公司代码)是4057;ChiName(中文名称)是中国人寿保险股份有限公司;EngName(英文名称)是China Life Insurance Company Limited;SecuCode(证券代码)是02628;],InnerCode(证券内部编码)是7089475;CompanyCode(公司代码)是4057;ChiName(中文名称)是中国人寿保险股份有限公司;EngName(英文名称)是China Life Insurance Co. Ltd. Class H;SecuCode(证券代码)是CILJF;],InnerCode(证券内部编码)是7122300;CompanyCode(公司代码)是4057;ChiName(中文名称)是中国人寿保险股份有限公司;EngName(英文名称)是China Life Insurance Co. Ltd. Sponsored ADR Class H;SecuCode(证券代码)是LFCHY;],InnerCode(证券内部编码)是7005304;CompanyCode(公司代码)是4057;ChiName(中文名称)是中国人寿保险股份有限公司;EngName(英文名称)是China Life Insurance Co. Ltd. Sponsored ADR Class H;SecuCode(证券代码)是LFC;],InnerCode(证券内部编码)是7122501;CompanyCode(公司代码)是168625;ChiName(中文名称)是中国人寿保险股份有限公司(台湾);EngName(英文名称)是China Life Insurance Co., Ltd.;SecuCode(证券代码)是2823;]

>>>>> 【user】 Said:
请选择db，务必遵循输出的格式要求。

>>>>> Agent【Check_db_structure.db_selector】 Said:
【分析】
用户需要查询中国人寿保险股份有限公司（CompanyCode: 4057）的H股代码、中文名称及英文名称。根据知识库，港股相关的信息应优先选择`constantdb.hk_secumain`。

【选中的数据库】
- constantdb: 这个数据库包含证券的基础属性与交易信息，包括港股证券主表`hk_secumain`，可以查询到H股代码、中文名称及英文名称。

【选中的数据库的清单】
```json
["constantdb"]
```


>>>>> 【user】 Said:
数据库表信息如下:
[{"表名": "constantdb.secumain", "说明": "该数据表主要用于描述证券的基本信息，包括标识信息如证券内部编码、公司代码、证券代码，名称信息如中文名称、中文名称缩写、英文名称、英文名称缩写、证券简称及其拼音和扩位形式，市场和类别信息如证券市场、证券类别，上市相关信息如上市日期、上市板块、上市状态，以及国际标准化标识如ISIN代码等，全面覆盖了证券的核心属性及其分类与标识信息。"}, {"表名": "constantdb.hk_secumain", "说明": "该数据表包含证券的基本信息和交易相关数据，包括唯一标识的内部编码、公司代码和证券代码，以及中文和英文的名称及其缩写和拼音简称。证券的市场、类别、上市日期、板块、状态、曾用名和退市日期等信息描述了证券的上市情况。交易相关的信息包括买卖单位、交易货币类别和国际通用的ISIN代码。"}, {"表名": "constantdb.ct_systemconst", "说明": "该数据表主要用于存储与常量相关的信息，包括分类和具体值。字段涵盖常量分类的编码和名称（如常量分类编码LB、常量分类名称LBMC）、常量的描述信息（如常量描述MS）、常量的具体标识代码（如常量代码DM），以及不同类型的常量值（如浮点值FVALUE、整型值IVALUE、日期值DVALUE、字符值CVALUE），以便对常量进行分类管理和多维度存储。"}, {"表名": "constantdb.qt_tradingdaynew", "说明": "该数据表记录了与交易日期相关的多维信息，包括日期（TradingDate）、证券市场（SecuMarket）等基础字段，同时标注了日期属性，如是否为交易日（IfTradingDay）、是否为周、月、季、年最后一个交易日（IfWeekEnd、IfMonthEnd、IfQuarterEnd、IfYearEnd），全面反映了日期在不同周期维度下的交易属性。"}, {"表名": "constantdb.lc_areacode", "说明": "该数据表主要用于记录地区相关信息，包含地区编码信息如地区内部编码、地区行政编码、一级和二级区划代码，地区名称信息如中文名称、英文名称及其缩写，层级结构信息如父节点代码和名称，状态信息如是否有效及取消日期，变更记录如变更内容，以及备注等辅助信息。"}, {"表名": "constantdb.us_secumain", "说明": "该数据表主要用于记录证券的基本信息，包括标识信息如证券内部编码、证券代码、ISIN代码等，名称信息如证券简称、拼音简称、中文名称、英文名称等，分类信息如证券类别、证券市场、上市板块等，状态信息如上市日期、退市日期、上市状态等，以及关联信息如公司代码等。"}]

请选择table，务必遵循输出的格式要求。

>>>>> Agent【Check_db_structure.table_selector】 Said:
【分析】
用户需要查询中国人寿保险股份有限公司（CompanyCode: 4057）的H股代码、中文名称及英文名称。根据提供的数据库表信息，`constantdb.secumain` 和 `constantdb.hk_secumain` 这两个表包含了证券的基本信息，包括公司代码、证券代码、中文名称和英文名称等。`constantdb.secumain` 表覆盖了全面的证券信息，而 `constantdb.hk_secumain` 表则更专注于香港市场的证券信息。为了确保获取到H股代码及相关名称信息，选择 `constantdb.hk_secumain` 表更为合适。

【选中的数据表】
- constantdb.hk_secumain: 这个数据表包含证券的基本信息和交易相关数据，包括公司代码、证券代码、中文名称和英文名称等，适合查询H股代码及相关名称信息。

【选中的数据库表的清单】
```json
["constantdb.hk_secumain"]
```


>>>>> 【user】 Said:
已取得可用的数据表的字段信息如下:
[{"表名": "constantdb.hk_secumain", "表字段": [{"column": "InnerCode", "desc": "证券内部编码"}, {"column": "CompanyCode", "desc": "公司代码"}, {"column": "SecuCode", "desc": "证券代码"}, {"column": "ChiName", "desc": "中文名称"}, {"column": "ChiNameAbbr", "desc": "中文名称缩写"}, {"column": "EngName", "desc": "英文名称"}, {"column": "EngNameAbbr", "desc": "英文名称缩写"}, {"column": "SecuAbbr", "desc": "证券简称"}, {"column": "ChiSpelling", "desc": "拼音证券简称"}, {"column": "SecuMarket", "desc": "证券市场；证券市场(SecuMarket)：与(CT_SystemConst)表中的DM字段关联，令LB = 201 AND DM IN (72)，得到证券市场的具体描述：72-香港联交所。"}, {"column": "SecuCategory", "desc": "证券类别；证券类别(SecuCategory)：与(CT_SystemConst)表中的DM字段关联，令LB = 1177 and DM in (3,4,10,20,21,25,51,52,53,55,60,61,62,63,64,65,68,69,71,72,78,81,82)，得到证券类别的具体描述：3-H股，4-大盘，10-其他，20-衍生权证，21-股本权证，25-牛熊证，51-港股，52-合订证券，53-红筹股，55-优先股，60-基金，61-信托基金，62-ETF基金，63-参与证书，64-杠杆及反向产品，65-债务证券，68-界内证，69-美国证券(交易试验计划)，71-普通预托证券，72-优先预托证券，78-临时证券(Temporary)，81-SPAC股份，82-SPAC权证。"}, {"column": "ListedDate", "desc": "上市日期"}, {"column": "ListedSector", "desc": "上市板块；上市板块(ListedSector)：与(CT_SystemConst)表中的DM字段关联，令LB = 207 AND DM IN (1,4,6)，得到上市板块的具体描述：1-主板，4-其他，6-创业板。"}, {"column": "ListedState", "desc": "上市状态；上市状态(ListedState)：与(CT_SystemConst)表中的DM字段关联，令LB = 1176 AND DM IN (1,5,9)，得到上市状态的具体描述：1-上市，5-终止，9-其他。"}, {"column": "FormerName", "desc": "曾用名"}, {"column": "DelistingDate", "desc": "退市日期"}, {"column": "TradingUnit", "desc": "买卖单位(股/手)"}, {"column": "TraCurrUnit", "desc": "交易货币类别；交易货币类别（TraCurrUnit）：与“系统常量表（CT_SystemConst）”中的“代码（DM）”关联，令LB=“1068”，得到“交易货币”描述：1000-美元，1100-港元，1160-日本元，1320-新加坡元，1420-人民币元，3000-欧元，3030-英镑，5010-加拿大元，6010-澳大利亚元。"}, {"column": "ISIN", "desc": "ISIN代码"}, {"column": "InnerCode", "desc": "证券内部编码"}, {"column": "CompanyCode", "desc": "公司代码"}, {"column": "SecuCode", "desc": "证券代码"}, {"column": "ChiName", "desc": "中文名称"}, {"column": "ChiNameAbbr", "desc": "中文名称缩写"}, {"column": "EngName", "desc": "英文名称"}, {"column": "EngNameAbbr", "desc": "英文名称缩写"}, {"column": "SecuAbbr", "desc": "证券简称"}, {"column": "ChiSpelling", "desc": "拼音证券简称"}, {"column": "SecuMarket", "desc": "证券市场；证券市场(SecuMarket)：与(CT_SystemConst)表中的DM字段关联，令LB = 201 AND DM IN (72)，得到证券市场的具体描述：72-香港联交所。"}, {"column": "SecuCategory", "desc": "证券类别；证券类别(SecuCategory)：与(CT_SystemConst)表中的DM字段关联，令LB = 1177 and DM in (3,4,10,20,21,25,51,52,53,55,60,61,62,63,64,65,68,69,71,72,78,81,82)，得到证券类别的具体描述：3-H股，4-大盘，10-其他，20-衍生权证，21-股本权证，25-牛熊证，51-港股，52-合订证券，53-红筹股，55-优先股，60-基金，61-信托基金，62-ETF基金，63-参与证书，64-杠杆及反向产品，65-债务证券，68-界内证，69-美国证券(交易试验计划)，71-普通预托证券，72-优先预托证券，78-临时证券(Temporary)，81-SPAC股份，82-SPAC权证。"}, {"column": "ListedDate", "desc": "上市日期"}, {"column": "ListedSector", "desc": "上市板块；上市板块(ListedSector)：与(CT_SystemConst)表中的DM字段关联，令LB = 207 AND DM IN (1,4,6)，得到上市板块的具体描述：1-主板，4-其他，6-创业板。"}, {"column": "ListedState", "desc": "上市状态；上市状态(ListedState)：与(CT_SystemConst)表中的DM字段关联，令LB = 1176 AND DM IN (1,5,9)，得到上市状态的具体描述：1-上市，5-终止，9-其他。"}, {"column": "FormerName", "desc": "曾用名"}, {"column": "DelistingDate", "desc": "退市日期"}, {"column": "TradingUnit", "desc": "买卖单位(股/手)"}, {"column": "TraCurrUnit", "desc": "交易货币类别；交易货币类别（TraCurrUnit）：与“系统常量表（CT_SystemConst）”中的“代码（DM）”关联，令LB=“1068”，得到“交易货币”描述：1000-美元，1100-港元，1160-日本元，1320-新加坡元，1420-人民币元，3000-欧元，3030-英镑，5010-加拿大元，6010-澳大利亚元。"}, {"column": "ISIN", "desc": "ISIN代码"}]}, {"表名": "constantdb.secumain", "表字段": [{"column": "InnerCode", "desc": "证券内部编码"}, {"column": "CompanyCode", "desc": "公司代码；公司代码(CompanyCode)：当本表SecuCategory IN (8,13)即基金相关时，对应的基金管理人代码可通过本表InnerCode关联MF_FundArchives.InnerCode，取MF_FundArchives.InvestAdvisorCode"}, {"column": "SecuCode", "desc": "证券代码"}, {"column": "ChiName", "desc": "中文名称"}, {"column": "ChiNameAbbr", "desc": "中文名称缩写"}, {"column": "EngName", "desc": "英文名称"}, {"column": "EngNameAbbr", "desc": "英文名称缩写"}, {"column": "SecuAbbr", "desc": "证券简称"}]}, {"表名": "constantdb.us_secumain", "表字段": [{"column": "InnerCode", "desc": "证券内部编码"}, {"column": "SecuCode", "desc": "证券代码"}, {"column": "SecuAbbr", "desc": "证券简称"}, {"column": "CompanyCode", "desc": "公司代码"}, {"column": "EngName", "desc": "英文名称"}, {"column": "ChiName", "desc": "中文名称"}]}, {"表名": "constantdb.ct_systemconst", "表字段": [{"column": "LB", "desc": "常量分类编码"}, {"column": "LBMC", "desc": "常量分类名称"}, {"column": "MS", "desc": "常量描述"}, {"column": "DM", "desc": "常量代码"}, {"column": "LB", "desc": "常量分类编码"}, {"column": "LBMC", "desc": "常量分类名称"}, {"column": "MS", "desc": "常量描述"}, {"column": "DM", "desc": "常量代码"}]}, {"表名": "constantdb.lc_areacode", "表字段": [{"column": "AreaInnerCode", "desc": "地区内部编码；地区内部编码（AreaInnerCode）：聚源内部设置的地区代码，共9位数。"}, {"column": "FirstLevelCode", "desc": "一级区划代码；一级区划代码(FirstLevelCode)：与(CT_SystemConst)表中的DM字段关联，令LB = 1961 and DM LIKE '%000'，得到一级区划代码的具体描述：1000-中国省级行政区划，2000-中国地级行政区划，3000-中国县级行政区划，4000-其他，5000-中国乡镇级行政区划，9000-国家，10000-大洲与海洋，11000-美国州级行政区划，12000-海外国家城市，100000000-国家级经济区域，200000000-中国海关，300000000-海关经济区划。"}, {"column": "SecondLevelCode", "desc": "二级区划代码；二级区划代码(SecondLevelCode)：与(CT_SystemConst)表中的DM字段关联，令LB = 1961，得到二级区划代码的具体描述：1000-中国省级行政区划，1001-直辖市，1002-省，1003-自治区，1004-特别行政区，2000-中国地级行政区划，2001-省会，2002-地级市，2003-盟，2004-自治州，2005-地区，2006-直辖市市辖区，2007-直辖市市辖县，3000-中国县级行政区划，3001-市辖区，3002-县，3003-县级市，3004-自治县，3005-旗，3006-自治旗，3007-林区，3008-特区，3009-县级乡镇，3010-县级街道，3011-县级经济开发区，3012-县级其他，4000-其他，4001-中国地理划分(按自然地理)，4002-中国地理划分(按经济区域)，4010-中国国家级城市群，4011-中国经济合作城市群，4100-欧洲地理划分(按自然地理)，4150-非洲地理划分(按自然地理)，4800-非标准地区，4900-其他地区划分(按自然地理)，4950-政治类联合体、联盟或组织，4951-经济类联合体、联盟或组织，4999-其他划分，5000-中国乡镇级行政区划，5001-乡镇，5002-街道，5003-乡镇级经济开发区，5004-乡镇其他，9000-国家，10000-大洲与海洋，10001-大洲，10002-海洋，11000-美国州级行政区划，11001-特区，11002-州，12000-海外国家城市，100000000-国家级经济区域，100000001-国家级经济特区，100000002-国家级新区，100000003-国家综合配套改革试验区，100000004-高新技术产业开发区，100000005-经济技术开发区，100000006-海关特殊监管区域，100000007-边境/跨境经济合作区，100000008-其他类型开发区，200000000-中国海关，200000001-海关总署，200000002-直属海关，200000003-隶属海关，300000000-海关经济区划，300000001-保税港区/综合保税区，300000002-保税区，300000003-保税物流园区，300000004-保税物流中心，300000005-出口加工区/珠澳跨境工业园区，300000006-高新技术产业开发区，300000007-国际边境合作中心，300000008-经济技术开发区，300000009-经济特区，300000010-一般经济区域，300000011-综合实验区，300000099-其他经济区划。"}, {"column": "AreaChiName", "desc": "地区中文名称"}, {"column": "AreaEngName", "desc": "地区英文名称"}, {"column": "AreaEngNameAbbr", "desc": "地区英文名称缩写"}, {"column": "ParentNode", "desc": "父节点代码"}, {"column": "ParentName", "desc": "父节点名称"}, {"column": "IfEffected", "desc": "是否有效；是否有效（IfEffected）：该字段固定以下常量：1-是 2-否。"}]}, {"表名": "astockindustrydb.lc_conceptlist", "表字段": [{"column": "ClassCode", "desc": "所属1级概念代码"}, {"column": "ClassName", "desc": "所属1级概念名称"}, {"column": "SubclassCode", "desc": "所属2级概念代码"}, {"column": "SubclassName", "desc": "所属2级概念名称"}, {"column": "ConceptCode", "desc": "所属概念板块编码"}, {"column": "ConceptName", "desc": "概念名称"}, {"column": "ConceptEngName", "desc": "概念英文名称"}]}]

请选择column，务必遵循输出的格式要求。

>>>>> Agent【Check_db_structure.columns_selector】 Said:
【分析】
用户提问需要获取中国人寿保险股份有限公司（CompanyCode: 4057）的H股代码、中文名称及英文名称。根据提问，我们需要从相关数据表中找到包含这些信息的字段。

【信息所在字段】
- constantdb.hk_secumain.SecuCode: 这个字段可能包含H股代码信息，对应用户提问中的H股代码
- constantdb.hk_secumain.ChiName: 这个字段可能包含中文名称信息，对应用户提问中的中文名称
- constantdb.hk_secumain.EngName: 这个字段可能包含英文名称信息，对应用户提问中的英文名称

【筛选条件所在字段】
- constantdb.hk_secumain.CompanyCode: 这个字段可能包含公司代码信息，用于筛选特定公司（中国人寿保险股份有限公司）

【选中的字段的清单】
```json
{"constantdb.hk_secumain": ["SecuCode", "ChiName", "EngName", "CompanyCode"]}
```


>>>>> 【user】 Said:
中国人寿保险股份有限公司（CompanyCode: 4057）的H股代码、中文名称及英文名称分别是？

>>>>> Agent【Sql_query.master】 Said:
【已知信息】
- 中国人寿保险股份有限公司的CompanyCode是4057
- 需要查询的信息包括H股代码、中文名称及英文名称

【当前阶段要获取的信息】
- H股代码
- 中文名称
- 英文名称

【信息所在字段】
- H股代码: SecuCode
- 中文名称: ChiName
- 英文名称: EngName

【筛选条件所在字段】
- CompanyCode

【SQL语句的思路】
- 使用CompanyCode在constantdb.hk_secumain表中查找对应的H股信息

【执行SQL语句】
```exec_sql
SELECT SecuCode, ChiName, EngName
FROM constantdb.hk_secumain
WHERE CompanyCode = 4057
LIMIT 1
```

【上述SQL语句的含义】
- 从constantdb.hk_secumain表中选取SecuCode（H股代码）、ChiName（中文名称）和EngName（英文名称）
- 筛选条件是CompanyCode等于4057
- 限制返回结果为1条记录，以确保获取到的是H股的相关信息

>>>>> 查询sql:
SELECT SecuCode, ChiName, EngName
FROM constantdb.hk_secumain
WHERE CompanyCode = 4057
LIMIT 1;
查询结果:
[{"SecuCode": "02628", "ChiName": "中国人寿保险股份有限公司", "EngName": "China Life Insurance Company Limited"}]


>>>>> 【user】 Said:
查询SQL:
SELECT SecuCode, ChiName, EngName
FROM constantdb.hk_secumain
WHERE CompanyCode = 4057
LIMIT 1;
查询结果:
[{"SecuCode": "02628", "ChiName": "中国人寿保险股份有限公司", "EngName": "China Life Insurance Company Limited"}]
请理解查询结果

>>>>> Agent【Sql_query.understand_query_result】 Said:
查询结果表明: 根据公司代码(CompanyCode)为4057的筛选条件，从constantdb.hk_secumain表中查询到一条记录，该记录的证券代码(SecuCode)为02628，中文名称(ChiName)为中国人寿保险股份有限公司，英文名称(EngName)为China Life Insurance Company Limited。


>>>>> 【user】 Said:
查询SQL:
SELECT SecuCode, ChiName, EngName
FROM constantdb.hk_secumain
WHERE CompanyCode = 4057
LIMIT 1;
查询结果:
[{"SecuCode": "02628", "ChiName": "中国人寿保险股份有限公司", "EngName": "China Life Insurance Company Limited"}]
查询结果表明: 根据公司代码(CompanyCode)为4057的筛选条件，从constantdb.hk_secumain表中查询到一条记录，该记录的证券代码(SecuCode)为02628，中文名称(ChiName)为中国人寿保险股份有限公司，英文名称(EngName)为China Life Insurance Company Limited。

当前掌握的信息是否能够回答"中国人寿保险股份有限公司（CompanyCode: 4057）的H股代码、中文名称及英文名称分别是？"？还是要继续执行下一阶段SQL查询？

>>>>> Agent【Sql_query.master】 Said:
【已知信息】
- 中国人寿保险股份有限公司的CompanyCode是4057
- 查询结果：SecuCode为02628，ChiName为中国人寿保险股份有限公司，EngName为China Life Insurance Company Limited

【当前阶段要获取的信息】
- 无

【信息所在字段】
- 无

【筛选条件所在字段】
- 无

【SQL语句的思路】
- 无

【执行SQL语句】
```exec_sql
无
```

【上述SQL语句的含义】
- 无

当前掌握的信息已经能够回答"中国人寿保险股份有限公司（CompanyCode: 4057）的H股代码、中文名称及英文名称分别是？"这个问题。具体答案如下：
- H股代码：02628
- 中文名称：中国人寿保险股份有限公司
- 英文名称：China Life Insurance Company Limited

无需继续执行下一阶段SQL查询。


>>>>> 【user】 Said:
请回答问题:"中国人寿保险股份有限公司（CompanyCode: 4057）的H股代码、中文名称及英文名称分别是？"

>>>>> Agent【Sql_query.summary】 Said:
H股代码: 02628, 中文名称: 中国人寿保险股份有限公司, 英文名称: China Life Insurance Company Limited
