
>>>>> Original Question: 2021年纳入过多少个？分别是？


>>>>> 【user】 Said:
提取下面这段文字里的实体，如公司名、股票代码等，如果识别结果是空，那么就回复No Entities."2021年纳入过多少个？分别是？"

>>>>> Agent【extract_company】 Said:
No Entities


>>>>> 【user】 Said:
已知事实:无。
下面是顺序的历史问答:
'''
Question: 新科技纳入过多少个子类概念？
Answer: 66
'''
现在用户继续提问，请根据已知信息，理解当前这个问题的完整含义，并重写这个问题使得单独拿出来看仍然能够正确理解：2021年纳入过多少个？分别是？

>>>>> Agent【rewrite_question】 Said:
2021年，新科技纳入过多少个子类概念？这些子类概念分别是什么？

>>>>> 已知事实:


>>>>> 【user】 Said:
请选择db，务必遵循输出的格式要求。

>>>>> Agent【Check_db_structure.db_selector】 Said:
【分析】
用户询问的是2021年新科技纳入的子类概念数量及其具体名称。这涉及到行业分类和概念板块的信息。根据知识库，"astockindustrydb"数据库记录了A股上市公司在行业划分、行业变更、估值指标、财务指标及概念板块等多个方面的信息，涵盖了与热点概念相关的分类和公司归属信息。因此，这个数据库最有可能包含所需的信息。

【选中的数据库】
- astockindustrydb: 这个数据库包含行业划分、概念板块等信息，可以查找到新科技纳入的子类概念及其名称。

【选中的数据库的清单】
```json
["astockindustrydb"]
```


>>>>> 【user】 Said:
数据库表信息如下:
[{"表名": "astockindustrydb.lc_exgindustry", "说明": "该数据表包含与公司及行业相关的信息，主要字段包括公司标识信息如公司代码，信息动态如发布日期和来源，行业分类信息如行业划分标准、所属行业及是否执行，并提供多层级行业分类数据，包括一级至四级行业的代码和名称，以及取消日期等补充信息。"}, {"表名": "astockindustrydb.lc_exgindchange", "说明": "该数据表主要用于记录公司相关的行业信息和执行状态，字段包括公司基础信息如公司代码，公司动态信息如信息发布日期和信息来源，行业分类信息如行业划分标准、所属行业，以及多级行业信息包括一级到四级的行业代码和名称。此外，还包含执行状态相关字段如是否执行和取消日期。"}, {"表名": "astockindustrydb.lc_industryvaluation", "说明": "该数据表主要用于记录行业相关的统计信息和财务指标，包含以下字段：基础信息如行业内部编码、行业名称、行业代码、行业分类标准等；时间信息如交易日；统计维度如统计类型和统计板块；行业市值信息如总市值、A股流通市值、A股自由流通市值等；估值指标如滚动市盈率、静态市盈率、市净率、滚动股息率、滚动市现率、静态市现率、滚动市销率、静态市销率等；其他信息如上市证券数量和分类等，全面反映行业的市场表现和财务状况。"}, {"表名": "astockindustrydb.lc_indfinindicators", "说明": "该数据表主要用于描述行业相关的统计和财务信息，字段涵盖多个方面：基础信息如行业内部编码、名称、级别、代码及划分标准等；时间信息包括信息发布日期和截止日期；统计指标如统计类型和板块；财务数据包括行业营业收入、营业成本、营业利润、净利润及归属母公司净利润等，均提供TTM（滚动12个月）和累计值；资产与股本信息如总资产、净资产、总股本等；盈利能力指标包括每股收益、净资产收益率（平均、摊薄、TTM及扣除值）、总资产净利率、销售毛利率、销售净利率等；费用相关指标如财务费用率、销售费用率、期间费用率及营业总成本占比；运营效率指标包括存货周转率及天数、应收账款周转率及天数、总资产周转率等；现金流与偿债能力指标如经营现金流利息保障倍数、流动比率、速动比率、利息保障倍数等；增长性指标如归属母公司净利润同比增长、毛利润同比增长等；其他指标如资产负债率、有形资产净值占比、对外投资占比、预收账款占营业收入比、应收账款占营业收入比等，全面反映行业的财务状况、盈利能力、运营效率及偿债能力。"}, {"表名": "astockindustrydb.lc_coconcept", "说明": "该数据表主要用于记录证券相关概念及状态信息，包括证券内部编码和概念代码等基础标识信息，调入日期与调出日期等时间维度信息，所属状态及备注等描述性信息，以及信息发布日期等数据更新信息。"}, {"表名": "astockindustrydb.lc_conceptlist", "说明": "该数据表包含与概念分类相关的信息，包括一级和二级概念的代码和名称，以及概念板块的编码和名称。此外，还包括概念的时间信息如起始日期、结束日期和信息发布日期，状态信息如所属状态，以及补充信息如备注和概念英文名称。"}]

请选择table，务必遵循输出的格式要求。

>>>>> Agent【Check_db_structure.table_selector】 Said:
【分析】
用户询问的是2021年新科技纳入的子类概念数量及具体名称。这涉及到概念分类及其时间信息。我们需要找到记录概念分类及其时间信息的表。

【选中的数据表】
- astockindustrydb.lc_conceptlist: 这个数据表包含与概念分类相关的信息，包括一级和二级概念的代码和名称，以及概念板块的编码和名称。此外，还包括概念的时间信息如起始日期、结束日期和信息发布日期，状态信息如所属状态，以及补充信息如备注和概念英文名称。

【选中的数据库表的清单】
```json
["astockindustrydb.lc_conceptlist"]
```


>>>>> 【user】 Said:
已取得可用的数据表的字段信息如下:
[{"表名": "astockindustrydb.lc_conceptlist", "表字段": [{"column": "ClassCode", "desc": "所属1级概念代码"}, {"column": "ClassName", "desc": "所属1级概念名称"}, {"column": "SubclassCode", "desc": "所属2级概念代码"}, {"column": "SubclassName", "desc": "所属2级概念名称"}, {"column": "ConceptCode", "desc": "所属概念板块编码"}, {"column": "ConceptName", "desc": "概念名称"}, {"column": "BeginDate", "desc": "起始日期"}, {"column": "EndDate", "desc": "日期"}, {"column": "ConceptState", "desc": "所属状态；所属状态(ConceptState)，该字段固定以下常量：1-正常，0-终止。"}, {"column": "Remark", "desc": "备注"}, {"column": "InfoPublDate", "desc": "信息发布日期"}, {"column": "ConceptEngName", "desc": "概念英文名称"}]}, {"表名": "constantdb.secumain", "表字段": [{"column": "InnerCode", "desc": "证券内部编码"}, {"column": "CompanyCode", "desc": "公司代码；公司代码(CompanyCode)：当本表SecuCategory IN (8,13)即基金相关时，对应的基金管理人代码可通过本表InnerCode关联MF_FundArchives.InnerCode，取MF_FundArchives.InvestAdvisorCode"}, {"column": "SecuCode", "desc": "证券代码"}, {"column": "ChiName", "desc": "中文名称"}, {"column": "ChiNameAbbr", "desc": "中文名称缩写"}, {"column": "EngName", "desc": "英文名称"}, {"column": "EngNameAbbr", "desc": "英文名称缩写"}, {"column": "SecuAbbr", "desc": "证券简称"}]}, {"表名": "constantdb.hk_secumain", "表字段": [{"column": "InnerCode", "desc": "证券内部编码"}, {"column": "CompanyCode", "desc": "公司代码"}, {"column": "SecuCode", "desc": "证券代码"}, {"column": "ChiName", "desc": "中文名称"}, {"column": "ChiNameAbbr", "desc": "中文名称缩写"}, {"column": "EngName", "desc": "英文名称"}, {"column": "EngNameAbbr", "desc": "英文名称缩写"}, {"column": "SecuAbbr", "desc": "证券简称"}, {"column": "FormerName", "desc": "曾用名"}, {"column": "InnerCode", "desc": "证券内部编码"}, {"column": "CompanyCode", "desc": "公司代码"}, {"column": "SecuCode", "desc": "证券代码"}, {"column": "ChiName", "desc": "中文名称"}, {"column": "ChiNameAbbr", "desc": "中文名称缩写"}, {"column": "EngName", "desc": "英文名称"}, {"column": "EngNameAbbr", "desc": "英文名称缩写"}, {"column": "SecuAbbr", "desc": "证券简称"}, {"column": "FormerName", "desc": "曾用名"}]}, {"表名": "constantdb.us_secumain", "表字段": [{"column": "InnerCode", "desc": "证券内部编码"}, {"column": "SecuCode", "desc": "证券代码"}, {"column": "SecuAbbr", "desc": "证券简称"}, {"column": "CompanyCode", "desc": "公司代码"}, {"column": "EngName", "desc": "英文名称"}, {"column": "ChiName", "desc": "中文名称"}]}, {"表名": "constantdb.ct_systemconst", "表字段": [{"column": "LB", "desc": "常量分类编码"}, {"column": "LBMC", "desc": "常量分类名称"}, {"column": "MS", "desc": "常量描述"}, {"column": "DM", "desc": "常量代码"}, {"column": "LB", "desc": "常量分类编码"}, {"column": "LBMC", "desc": "常量分类名称"}, {"column": "MS", "desc": "常量描述"}, {"column": "DM", "desc": "常量代码"}]}, {"表名": "constantdb.lc_areacode", "表字段": [{"column": "AreaInnerCode", "desc": "地区内部编码；地区内部编码（AreaInnerCode）：聚源内部设置的地区代码，共9位数。"}, {"column": "FirstLevelCode", "desc": "一级区划代码；一级区划代码(FirstLevelCode)：与(CT_SystemConst)表中的DM字段关联，令LB = 1961 and DM LIKE '%000'，得到一级区划代码的具体描述：1000-中国省级行政区划，2000-中国地级行政区划，3000-中国县级行政区划，4000-其他，5000-中国乡镇级行政区划，9000-国家，10000-大洲与海洋，11000-美国州级行政区划，12000-海外国家城市，100000000-国家级经济区域，200000000-中国海关，300000000-海关经济区划。"}, {"column": "SecondLevelCode", "desc": "二级区划代码；二级区划代码(SecondLevelCode)：与(CT_SystemConst)表中的DM字段关联，令LB = 1961，得到二级区划代码的具体描述：1000-中国省级行政区划，1001-直辖市，1002-省，1003-自治区，1004-特别行政区，2000-中国地级行政区划，2001-省会，2002-地级市，2003-盟，2004-自治州，2005-地区，2006-直辖市市辖区，2007-直辖市市辖县，3000-中国县级行政区划，3001-市辖区，3002-县，3003-县级市，3004-自治县，3005-旗，3006-自治旗，3007-林区，3008-特区，3009-县级乡镇，3010-县级街道，3011-县级经济开发区，3012-县级其他，4000-其他，4001-中国地理划分(按自然地理)，4002-中国地理划分(按经济区域)，4010-中国国家级城市群，4011-中国经济合作城市群，4100-欧洲地理划分(按自然地理)，4150-非洲地理划分(按自然地理)，4800-非标准地区，4900-其他地区划分(按自然地理)，4950-政治类联合体、联盟或组织，4951-经济类联合体、联盟或组织，4999-其他划分，5000-中国乡镇级行政区划，5001-乡镇，5002-街道，5003-乡镇级经济开发区，5004-乡镇其他，9000-国家，10000-大洲与海洋，10001-大洲，10002-海洋，11000-美国州级行政区划，11001-特区，11002-州，12000-海外国家城市，100000000-国家级经济区域，100000001-国家级经济特区，100000002-国家级新区，100000003-国家综合配套改革试验区，100000004-高新技术产业开发区，100000005-经济技术开发区，100000006-海关特殊监管区域，100000007-边境/跨境经济合作区，100000008-其他类型开发区，200000000-中国海关，200000001-海关总署，200000002-直属海关，200000003-隶属海关，300000000-海关经济区划，300000001-保税港区/综合保税区，300000002-保税区，300000003-保税物流园区，300000004-保税物流中心，300000005-出口加工区/珠澳跨境工业园区，300000006-高新技术产业开发区，300000007-国际边境合作中心，300000008-经济技术开发区，300000009-经济特区，300000010-一般经济区域，300000011-综合实验区，300000099-其他经济区划。"}, {"column": "AreaChiName", "desc": "地区中文名称"}, {"column": "AreaEngName", "desc": "地区英文名称"}, {"column": "AreaEngNameAbbr", "desc": "地区英文名称缩写"}, {"column": "ParentNode", "desc": "父节点代码"}, {"column": "ParentName", "desc": "父节点名称"}, {"column": "IfEffected", "desc": "是否有效；是否有效（IfEffected）：该字段固定以下常量：1-是 2-否。"}]}]

请选择column，务必遵循输出的格式要求。

>>>>> Agent【Check_db_structure.columns_selector】 Said:
【分析】
用户提问涉及两个主要信息点：
1. 2021年新科技纳入的子类概念数量。
2. 这些子类概念的具体名称。

因此，需要找到记录子类概念的表和字段，以及能够筛选出2021年数据的字段。

【信息所在字段】
- astockindustrydb.lc_conceptlist.SubclassCode: 这个字段可能包含子类概念的代码，对应用户提问中的“子类概念”。
- astockindustrydb.lc_conceptlist.SubclassName: 这个字段可能包含子类概念的名称，对应用户提问中的“子类概念是什么”。
- astockindustrydb.lc_conceptlist.BeginDate: 这个字段可能包含概念起始日期，用于筛选2021年新纳入的概念。

【筛选条件所在字段】
- astockindustrydb.lc_conceptlist.BeginDate: 这个字段可能包含概念起始日期，用于筛选2021年新纳入的概念。

【选中的字段的清单】
```json
{"astockindustrydb.lc_conceptlist": ["SubclassCode", "SubclassName", "BeginDate"]}
```


>>>>> 【user】 Said:
之前已查询到信息如下:
查询结果表明: 在表astockindustrydb.lc_conceptlist中，字段SubclassName包含“新科技”关键词的记录共有66条。

请问:2021年，新科技纳入过多少个子类概念？这些子类概念分别是什么？

>>>>> Agent【Sql_query.master】 Said:
【已知信息】
- 在表`astockindustrydb.lc_conceptlist`中，字段`SubclassName`包含“新科技”关键词的记录共有66条。

【当前阶段要获取的信息】
- 2021年，新科技纳入过多少个子类概念
- 这些子类概念分别是什么

【信息所在字段】
- 子类概念数量：`COUNT(SubclassCode)`
- 子类概念名称：`SubclassName`

【筛选条件所在字段】
- 时间筛选：`YEAR(BeginDate) = 2021`
- 关键词筛选：`SubclassName`包含“新科技”

【SQL语句的思路】
1. 使用`LIKE`进行模糊搜索，查找`SubclassName`包含“新科技”的记录。
2. 使用`YEAR(BeginDate) = 2021`进行时间筛选。
3. 使用`COUNT(SubclassCode)`统计符合条件的子类概念数量。
4. 选择`SubclassName`以获取具体的子类概念名称。

【执行SQL语句】
```exec_sql
SELECT COUNT(SubclassCode) AS SubclassCount, SubclassName 
FROM astockindustrydb.lc_conceptlist 
WHERE SubclassName LIKE '%新科技%' 
AND YEAR(BeginDate) = 2021
```

【上述SQL语句的含义】
- 从`astockindustrydb.lc_conceptlist`表中筛选出`SubclassName`字段包含“新科技”且`BeginDate`在2021年的记录。
- 统计这些记录的数量，并获取每个子类概念的名称。

>>>>> 查询sql:
SELECT COUNT(SubclassCode) AS SubclassCount, SubclassName 
FROM astockindustrydb.lc_conceptlist 
WHERE SubclassName LIKE '%新科技%' 
AND YEAR(BeginDate) = 2021;
查询失败: 查询执行失败: (mysql.connector.errors.ProgrammingError) 1140 (42000): In aggregated query without GROUP BY, expression #2 of SELECT list contains nonaggregated column 'astockindustrydb.lc_conceptlist.SubclassName'; this is incompatible with sql_mode=only_full_group_by
[SQL: SELECT COUNT(SubclassCode) AS SubclassCount, SubclassName 
FROM astockindustrydb.lc_conceptlist 
WHERE SubclassName LIKE '%新科技%' 
AND YEAR(BeginDate) = 2021;]
(Background on this error at: https://sqlalche.me/e/20/f405)


>>>>> 【user】 Said:
查询SQL:
SELECT COUNT(SubclassCode) AS SubclassCount, SubclassName 
FROM astockindustrydb.lc_conceptlist 
WHERE SubclassName LIKE '%新科技%' 
AND YEAR(BeginDate) = 2021;
查询发生异常：查询执行失败: (mysql.connector.errors.ProgrammingError) 1140 (42000): In aggregated query without GROUP BY, expression #2 of SELECT list contains nonaggregated column 'astockindustrydb.lc_conceptlist.SubclassName'; this is incompatible with sql_mode=only_full_group_by
[SQL: SELECT COUNT(SubclassCode) AS SubclassCount, SubclassName 
FROM astockindustrydb.lc_conceptlist 
WHERE SubclassName LIKE '%新科技%' 
AND YEAR(BeginDate) = 2021;]
(Background on this error at: https://sqlalche.me/e/20/f405)
请修正

>>>>> Agent【Sql_query.master】 Said:
【已知信息】
- 在表`astockindustrydb.lc_conceptlist`中，字段`SubclassName`包含“新科技”关键词的记录共有66条。
- 上次查询因未使用`GROUP BY`导致错误。

【当前阶段要获取的信息】
- 2021年，新科技纳入过多少个子类概念
- 这些子类概念分别是什么

【信息所在字段】
- 子类概念数量：`COUNT(SubclassCode)`
- 子类概念名称：`SubclassName`

【筛选条件所在字段】
- 时间筛选：`YEAR(BeginDate) = 2021`
- 关键词筛选：`SubclassName`包含“新科技”

【SQL语句的思路】
1. 使用`LIKE`进行模糊搜索，查找`SubclassName`包含“新科技”的记录。
2. 使用`YEAR(BeginDate) = 2021`进行时间筛选。
3. 使用`COUNT(SubclassCode)`统计符合条件的子类概念数量。
4. 使用`GROUP BY SubclassName`对子类概念名称进行分组，以避免聚合查询错误。

【执行SQL语句】
```exec_sql
SELECT COUNT(SubclassCode) AS SubclassCount, SubclassName 
FROM astockindustrydb.lc_conceptlist 
WHERE SubclassName LIKE '%新科技%' 
AND YEAR(BeginDate) = 2021
GROUP BY SubclassName;
```

【上述SQL语句的含义】
- 从`astockindustrydb.lc_conceptlist`表中筛选出`SubclassName`字段包含“新科技”且`BeginDate`在2021年的记录。
- 对这些记录按`SubclassName`进行分组，统计每个子类概念的数量，并获取每个子类概念的名称。

>>>>> 查询sql:
SELECT COUNT(SubclassCode) AS SubclassCount, SubclassName 
FROM astockindustrydb.lc_conceptlist 
WHERE SubclassName LIKE '%新科技%' 
AND YEAR(BeginDate) = 2021
GROUP BY SubclassName;
查询结果:
[{"SubclassCount": 1, "SubclassName": "新科技"}]


>>>>> 【user】 Said:
查询SQL:
SELECT COUNT(SubclassCode) AS SubclassCount, SubclassName 
FROM astockindustrydb.lc_conceptlist 
WHERE SubclassName LIKE '%新科技%' 
AND YEAR(BeginDate) = 2021
GROUP BY SubclassName;
查询结果:
[{"SubclassCount": 1, "SubclassName": "新科技"}]
请理解查询结果

>>>>> Agent【Sql_query.understand_query_result】 Said:
查询结果表明: 在2021年，名称中包含“新科技”的二级概念共有1个，具体的二级概念名称为“新科技”。


>>>>> 【user】 Said:
查询SQL:
SELECT COUNT(SubclassCode) AS SubclassCount, SubclassName 
FROM astockindustrydb.lc_conceptlist 
WHERE SubclassName LIKE '%新科技%' 
AND YEAR(BeginDate) = 2021
GROUP BY SubclassName;
查询结果:
[{"SubclassCount": 1, "SubclassName": "新科技"}]
查询结果表明: 在2021年，名称中包含“新科技”的二级概念共有1个，具体的二级概念名称为“新科技”。

当前掌握的信息是否能够回答"2021年，新科技纳入过多少个子类概念？这些子类概念分别是什么？"？还是要继续执行下一阶段SQL查询？

>>>>> Agent【Sql_query.master】 Said:
【已知信息】
- 在2021年，名称中包含“新科技”的二级概念共有1个，具体的二级概念名称为“新科技”。

【当前阶段要获取的信息】
- 2021年，新科技纳入过多少个子类概念
- 这些子类概念分别是什么

【信息所在字段】
- 子类概念数量：`SubclassCount`
- 子类概念名称：`SubclassName`

【筛选条件所在字段】
- 时间筛选：`YEAR(BeginDate) = 2021`
- 关键词筛选：`SubclassName`包含“新科技”

【SQL语句的思路】
- 当前查询结果已明确显示，2021年名称中包含“新科技”的二级概念只有一个，即“新科技”。

【执行SQL语句】
无

【上述SQL语句的含义】
无

【当前掌握的信息是否能够回答问题】
- 是的，当前掌握的信息已经能够回答“2021年，新科技纳入过多少个子类概念？这些子类概念分别是什么？”的问题。
- 答案是：2021年，新科技纳入过1个子类概念，具体的子类概念名称为“新科技”。

因此，无需继续执行下一阶段SQL查询。


>>>>> 【user】 Said:
请回答问题:"2021年，新科技纳入过多少个子类概念？这些子类概念分别是什么？"

>>>>> Agent【Sql_query.summary】 Said:
2021年，新科技纳入过1个子类概念，具体的子类概念名称为“新科技”。
