
>>>>> Original Question: 中远海发在2019年进行了几次股票回购？回购金额合计是多少？(四舍五入保留2位小数)


>>>>> Agent【extract_company】 Said:
```json
["中远海发"]
```

>>>>> 查询sql:
SELECT 'constantdb.secumain' AS TableName, InnerCode, CompanyCode, ChiName, EngName, SecuCode
FROM constantdb.secumain 
WHERE SecuCode = '中远海发'
   OR ChiName LIKE '%中远海发%'
   OR ChiNameAbbr LIKE '%中远海发%'
   OR EngName LIKE '%中远海发%'
   OR EngNameAbbr LIKE '%中远海发%'
   OR SecuAbbr LIKE '%中远海发%'
UNION ALL
SELECT 'constantdb.hk_secumain' AS TableName, InnerCode, CompanyCode, ChiName, EngName, SecuCode
FROM constantdb.hk_secumain 
WHERE SecuCode = '%中远海发%'
   OR ChiName LIKE '%中远海发%'
   OR ChiNameAbbr LIKE '%中远海发%'
   OR EngName LIKE '%中远海发%'
   OR EngNameAbbr LIKE '%中远海发%'
   OR SecuAbbr LIKE '%中远海发%'
   OR FormerName LIKE '%中远海发%'
UNION ALL
SELECT 'constantdb.us_secumain' AS TableName, InnerCode, CompanyCode, ChiName, EngName, SecuCode
FROM constantdb.us_secumain 
WHERE SecuCode = '中远海发'
   OR ChiName LIKE '%中远海发%'
   OR EngName LIKE '%中远海发%'
   OR SecuAbbr LIKE '%中远海发%';
查询结果:
[{"TableName": "constantdb.secumain", "InnerCode": 6424, "CompanyCode": 4507, "ChiName": "中远海运发展股份有限公司", "EngName": "COSCO SHIPPING Development Co.,Ltd.", "SecuCode": "601866"}]


>>>>> Agent【rewrite_question】 Said:
中远海运发展股份有限公司（CompanyCode: 4507, InnerCode: 6424）在2019年进行了几次股票回购？回购金额合计是多少？（四舍五入保留2位小数）

>>>>> 已知事实:
中远海发的关联信息有:[InnerCode(证券内部编码)是6424;CompanyCode(公司代码)是4507;ChiName(中文名称)是中远海运发展股份有限公司;EngName(英文名称)是COSCO SHIPPING Development Co.,Ltd.;SecuCode(证券代码)是601866;]

>>>>> Agent【Check_db_structure.db_selector】 Said:
【分析】
用户需要查询中远海运发展股份有限公司在2019年的股票回购次数和回购金额合计。这涉及到上市公司的具体事件和财务数据。根据知识库，`astockeventsdb`数据库记录了上市公司的重大事项，包括股票回购等信息，而`astockshareholderdb`数据库记录了股东与股本相关的详细信息，可能也包含股票回购的数据。

【选中的数据库】
- `astockeventsdb`: 这个数据库记录了上市公司的重大事项，包括股票回购等信息。
- `astockshareholderdb`: 这个数据库记录了股东与股本相关的详细信息，可能包含股票回购的具体金额。

【选中的数据库的清单】
```json
["astockeventsdb", "astockshareholderdb"]
```


>>>>> Agent【Check_db_structure.table_selector】 Said:
【分析】
用户询问的是中远海运发展股份有限公司（CompanyCode: 4507, InnerCode: 6424）在2019年进行的股票回购次数及回购金额合计。这需要查找与公司股票回购相关的详细信息，包括回购次数和回购金额。

【选中的数据表】
- astockshareholderdb.lc_buyback: 该数据表记录了公司股份回购的详细信息，包括公司代码、回购日期、回购股数、回购价格及回购总金额等。

【选中的数据库表的清单】
```json
["astockshareholderdb.lc_buyback"]
```


>>>>> Agent【Check_db_structure.columns_selector】 Said:
【分析】
用户提问涉及中远海运发展股份有限公司在2019年的股票回购次数和回购金额合计。需要找到与公司代码、回购年份、回购次数和回购金额相关的字段。

【信息所在字段】
- astockshareholderdb.lc_buyback.CompanyCode: 这个字段可能包含公司代码信息，对应用户提问中的CompanyCode: 4507
- astockshareholderdb.lc_buyback.FirstPublDate: 这个字段可能包含首次信息发布日期，用于确定回购发生的年份，对应用户提问中的2019年
- astockshareholderdb.lc_buyback.BuybackMoney: 这个字段可能包含回购总金额信息，对应用户提问中的回购金额合计

【筛选条件所在字段】
- astockshareholderdb.lc_buyback.CompanyCode: 这个字段用于筛选特定公司的回购记录，对应用户提问中的CompanyCode: 4507
- astockshareholderdb.lc_buyback.FirstPublDate: 这个字段用于筛选2019年的回购记录，对应用户提问中的2019年

【选中的字段的清单】
```json
{
  "astockshareholderdb.lc_buyback": ["CompanyCode", "FirstPublDate", "BuybackMoney"]
}
```


>>>>> Agent【Sql_query.master】 Said:
【已知信息】
- 公司名称：中远海运发展股份有限公司
- CompanyCode: 4507
- InnerCode: 6424
- 查询年份：2019年

【当前阶段要获取的信息】
- 2019年进行的股票回购次数
- 2019年股票回购金额合计

【信息所在字段】
- 回购次数：通过计数`lc_buyback`表中的记录数获取
- 回购金额：`lc_buyback.BuybackMoney`

【筛选条件所在字段】
- `lc_buyback.CompanyCode` 或 `lc_buyback.InnerCode`
- `lc_buyback.FirstPublDate`

【SQL语句的思路】
1. 使用`COUNT(*)`获取回购次数
2. 使用`SUM(BuybackMoney)`获取回购金额合计
3. 筛选条件为`CompanyCode = 4507`或`InnerCode = 6424`且`YEAR(FirstPublDate) = 2019`

【执行SQL语句】
```exec_sql
SELECT 
    COUNT(*) AS BuybackTimes, 
    ROUND(SUM(BuybackMoney), 2) AS TotalBuybackMoney
FROM 
    astockshareholderdb.lc_buyback
WHERE 
    (CompanyCode = 4507 OR InnerCode = 6424)
    AND YEAR(FirstPublDate) = 2019
```

【上述SQL语句的含义】
- 从`astockshareholderdb.lc_buyback`表中筛选出2019年中远海运发展股份有限公司（CompanyCode为4507或InnerCode为6424）的股票回购记录
- 计算这些记录的总数作为回购次数
- 计算这些记录的回购金额总和，并四舍五入保留2位小数作为总回购金额

>>>>> 查询sql:
SELECT 
    COUNT(*) AS BuybackTimes, 
    ROUND(SUM(BuybackMoney), 2) AS TotalBuybackMoney
FROM 
    astockshareholderdb.lc_buyback
WHERE 
    (CompanyCode = 4507 OR InnerCode = 6424)
    AND YEAR(FirstPublDate) = 2019;
查询失败: 查询执行失败: (mysql.connector.errors.ProgrammingError) 1054 (42S22): Unknown column 'InnerCode' in 'where clause'
[SQL: SELECT 
    COUNT(*) AS BuybackTimes, 
    ROUND(SUM(BuybackMoney), 2) AS TotalBuybackMoney
FROM 
    astockshareholderdb.lc_buyback
WHERE 
    (CompanyCode = 4507 OR InnerCode = 6424)
    AND YEAR(FirstPublDate) = 2019;]
(Background on this error at: https://sqlalche.me/e/20/f405)


>>>>> Agent【Sql_query.master】 Said:
【已知信息】
- 公司名称：中远海运发展股份有限公司
- CompanyCode: 4507
- InnerCode: 6424
- 查询年份：2019年
- `lc_buyback`表中不存在`InnerCode`字段

【当前阶段要获取的信息】
- 2019年进行的股票回购次数
- 2019年股票回购金额合计

【信息所在字段】
- 回购次数：通过计数`lc_buyback`表中的记录数获取
- 回购金额：`lc_buyback.BuybackMoney`

【筛选条件所在字段】
- `lc_buyback.CompanyCode`
- `lc_buyback.FirstPublDate`

【SQL语句的思路】
1. 使用`COUNT(*)`获取回购次数
2. 使用`SUM(BuybackMoney)`获取回购金额合计
3. 筛选条件为`CompanyCode = 4507`且`YEAR(FirstPublDate) = 2019`

【执行SQL语句】
```exec_sql
SELECT 
    COUNT(*) AS BuybackTimes, 
    ROUND(SUM(BuybackMoney), 2) AS TotalBuybackMoney
FROM 
    astockshareholderdb.lc_buyback
WHERE 
    CompanyCode = 4507
    AND YEAR(FirstPublDate) = 2019
```

【上述SQL语句的含义】
- 从`astockshareholderdb.lc_buyback`表中筛选出2019年中远海运发展股份有限公司（CompanyCode为4507）的股票回购记录
- 计算这些记录的总数作为回购次数
- 计算这些记录的回购金额总和，并四舍五入保留2位小数作为总回购金额

>>>>> 查询sql:
SELECT 
    COUNT(*) AS BuybackTimes, 
    ROUND(SUM(BuybackMoney), 2) AS TotalBuybackMoney
FROM 
    astockshareholderdb.lc_buyback
WHERE 
    CompanyCode = 4507
    AND YEAR(FirstPublDate) = 2019;
查询结果:
[{"BuybackTimes": 2, "TotalBuybackMoney": 299769696.0}]


>>>>> Agent【Sql_query.understand_query_result】 Said:
查询结果表明: 公司代码为4507的上市公司在2019年进行了2次回购，累计回购总金额为299,769,696.00元。


>>>>> Agent【Sql_query.master】 Said:
【已知信息】
- 公司名称：中远海运发展股份有限公司
- CompanyCode: 4507
- InnerCode: 6424
- 查询年份：2019年
- 查询结果：2019年进行了2次股票回购，累计回购总金额为299,769,696.00元

【当前阶段要获取的信息】
无

【信息所在字段】
无

【筛选条件所在字段】
无

【SQL语句的思路】
无

【执行SQL语句】
无

【上述SQL语句的含义】
无

### 结论
当前掌握的信息已经能够回答“中远海运发展股份有限公司（CompanyCode: 4507, InnerCode: 6424）在2019年进行了几次股票回购？回购金额合计是多少？（四舍五入保留2位小数）”的问题。

**回答：**
中远海运发展股份有限公司（CompanyCode: 4507, InnerCode: 6424）在2019年进行了2次股票回购，累计回购总金额为299,769,696.00元。无需继续执行下一阶段SQL查询。


>>>>> Agent【Sql_query.summary】 Said:
中远海运发展股份有限公司（CompanyCode: 4507, InnerCode: 6424）在2019年进行了2次股票回购，回购金额合计为299769696.00元。
