
>>>>> Original Question: 哪只基金20年最后一次分红的税前分红最高，有多少？


>>>>> 【user】 Said:
已知事实:无。
下面是顺序的历史问答:
'''
Question: 嘉实致元42个月定期债券基金的管理经理是谁？
Answer: 嘉实致元42个月定期债券基金的管理经理是王立芹。
Question: 所在基金公司管理了多少支基金？
Answer: 嘉实基金公司目前管理了50支基金。
'''
现在用户继续提问，请根据已知信息，理解当前这个问题的完整含义，并重写这个问题使得单独拿出来看仍然能够正确理解：哪只基金20年最后一次分红的税前分红最高，有多少？

>>>>> Agent【rewrite_question】 Said:
嘉实基金公司管理的50支基金中，哪只基金在2020年最后一次分红的税前分红金额最高，具体金额是多少？


>>>>> 【user】 Said:
提取下面这段文字里的实体，如公司名、股票代码等，如果识别结果是空，那么就回复No Entities."嘉实基金公司管理的50支基金中，哪只基金在2020年最后一次分红的税前分红金额最高，具体金额是多少？"

>>>>> Agent【extract_company】 Said:
```json
["嘉实基金公司"]
```

>>>>> 查询sql:
SELECT 'constantdb.secumain' AS TableName, InnerCode, CompanyCode, ChiName, EngName, SecuCode
FROM constantdb.secumain 
WHERE SecuCode = '嘉实基金'
   OR ChiName LIKE '%嘉实基金%'
   OR ChiNameAbbr LIKE '%嘉实基金%'
   OR EngName LIKE '%嘉实基金%'
   OR EngNameAbbr LIKE '%嘉实基金%'
   OR SecuAbbr LIKE '%嘉实基金%'
UNION ALL
SELECT 'constantdb.hk_secumain' AS TableName, InnerCode, CompanyCode, ChiName, EngName, SecuCode
FROM constantdb.hk_secumain 
WHERE SecuCode = '%嘉实基金%'
   OR ChiName LIKE '%嘉实基金%'
   OR ChiNameAbbr LIKE '%嘉实基金%'
   OR EngName LIKE '%嘉实基金%'
   OR EngNameAbbr LIKE '%嘉实基金%'
   OR SecuAbbr LIKE '%嘉实基金%'
   OR FormerName LIKE '%嘉实基金%'
UNION ALL
SELECT 'constantdb.us_secumain' AS TableName, InnerCode, CompanyCode, ChiName, EngName, SecuCode
FROM constantdb.us_secumain 
WHERE SecuCode = '嘉实基金'
   OR ChiName LIKE '%嘉实基金%'
   OR EngName LIKE '%嘉实基金%'
   OR SecuAbbr LIKE '%嘉实基金%';
查询结果:
[]

>>>>> 已知事实:


>>>>> 【user】 Said:
请选择db，务必遵循输出的格式要求。

>>>>> Agent【Check_db_structure.db_selector】 Said:
【分析】
用户需要查询嘉实基金公司管理的基金中，2020年最后一次分红的税前分红金额最高的基金及其具体金额。这涉及到基金的基本信息、管理人信息以及分红数据。根据知识库，公募基金数据库（publicfunddb）记录了公募基金的基本信息、管理人概况及分红数据，能够提供所需的信息。

【选中的数据库】
- publicfunddb: 这个数据库包含基金的基本信息、管理人信息及历史分红记录，可以查询到嘉实基金公司管理的基金及其2020年的分红数据。

【选中的数据库的清单】
```json
["publicfunddb"]
```


>>>>> 【user】 Said:
数据库表信息如下:
[{"表名": "publicfunddb.mf_fundarchives", "说明": "该数据表主要记录基金的基本信息、运作特性及相关规则。字段包括基金编码信息如基金内部编码、转型统一编码、基金代码及证券代码等；申购赎回相关信息如前后端申购代码、场内申购赎回场所及代码、最低认购申购金额及赎回份额限制等；基金特性描述如基金运作方式、性质、投资风格、类别及代码、投资方向、目标、范围等；收益与风险信息如业绩比较基准、风险收益特征、收益分配原则及场内外分配方式等；基金设立与存续信息如设立规模、设立日期、存续期起止、清算期等；货币基金特性如结转日及收益分配方式等；基金收益率表达及折算说明如A份额约定收益率表达式及备注、定期与不定期份额折算说明等；管理与托管信息如基金经理、管理人、托管人、保本担保机构及注册登记机构等；市场与类型特性如是否发起式基金、养老目标基金或FOF基金等；以及其他信息如最低持有份额及描述、巨额赎回认定比例、赎回款到账天数等。"}, {"表名": "publicfunddb.mf_fundprodname", "说明": "该数据表主要用于记录基金相关信息，包括基金的基础编码信息如基金内部编码和基金转型统一编码，信息属性如信息发布日期、信息来源、信息类别及披露名称，时间属性如生效日期和失效日期，以及状态标识如是否有效，辅助字段如拼音证券简称和备注，用于进一步描述或补充相关内容。"}, {"表名": "publicfunddb.mf_investadvisoroutline", "说明": "该数据表记录了基金管理公司相关信息，涵盖基本标识信息如基金公司代码、名称、简称等，法人信息如法人代表、总经理，以及公司成立日期、组织形式、注册资本等基本企业信息；地址信息包括注册地址、办公地址、联系地址及邮编；联系方式如电话、传真、邮箱、公司网址、客服热线等；还有联系人及其简历等人员信息；此外，还包括地域信息如所属地区，监管信息如注册登记代码、证监会标识码，以及存续截止日等内容。"}, {"表名": "publicfunddb.mf_dividend", "说明": "该数据表主要用于记录基金转型及分红相关信息，涵盖基金编码信息如基金转型统一编码和基金内部编码；日期信息如信息发布日期、分红实施公告日、截止日期、收益分配基准日、权益登记日、除息日、发放日、红利再投资日及其相关到账日和可赎回日；收益与分红信息如单位基金收益、单位基金未分配收益、派现比例（含税与税后）、派现金额合计、基准日基金可供分配利润、基准日应分配金额、本年单位累计分红、本年累计分红总额、本年累计分红次数、历史累计分红总额及次数；事件与方案信息如是否分红、方案变更说明、事件进程代码及事件进程；范围与来源信息如信息来源和发放范围，全面反映基金在分红及收益分配过程中的各类核心数据。"}]

请选择table，务必遵循输出的格式要求。

>>>>> Agent【Check_db_structure.table_selector】 Said:
【分析】
要找出嘉实基金公司管理的50支基金中，2020年最后一次分红的税前分红金额最高的基金及其具体金额，需要以下信息：
1. 基金管理公司信息，以确认嘉实基金公司管理的基金。
2. 基金分红信息，以获取2020年最后一次分红的税前分红金额。

【选中的数据表】
- publicfunddb.mf_investadvisoroutline: 这个数据表包含基金管理公司的基本信息，如基金公司代码、名称等，用于确认嘉实基金公司。
- publicfunddb.mf_dividend: 这个数据表包含基金的分红信息，如分红实施公告日、派现金额合计等，用于获取2020年最后一次分红的税前分红金额。

【选中的数据库表的清单】
```json
["publicfunddb.mf_investadvisoroutline", "publicfunddb.mf_dividend"]
```


>>>>> 【user】 Said:
已取得可用的数据表的字段信息如下:
[{"表名": "publicfunddb.mf_investadvisoroutline", "表字段": [{"column": "InvestAdvisorCode", "desc": "基金公司代码；，可查询基金管理人中文名称、英文名称、组织机构代码等基本信息。"}, {"column": "InvestAdvisorName", "desc": "基金管理人名称"}, {"column": "InvestAdvisorAbbrName", "desc": "基金管理人简称"}, {"column": "LegalRepr", "desc": "法人代表"}, {"column": "GeneralManager", "desc": "总经理"}, {"column": "EstablishmentDate", "desc": "公司成立日期"}, {"column": "OrganizationForm", "desc": "组织形式；，令LB = 1133 and DM in (100,150,159,160,210,310,900)，得到组织形式的具体描述：100-内资企业，150-有限责任公司，159-其他有限责任公司，160-股份有限公司，210-港澳台合资经营企业，310-中外合资经营企业，900-其他性质。"}, {"column": "RegCapital", "desc": "注册资本(元)"}, {"column": "RegAddr", "desc": "公司注册地址"}, {"column": "OfficeAddr", "desc": "公司办公地址"}, {"column": "ZipCode", "desc": "邮编"}, {"column": "Email", "desc": "邮箱"}, {"column": "ContactAddr", "desc": "公司联系地址"}, {"column": "Tel", "desc": "电话"}, {"column": "Fax", "desc": "传真"}, {"column": "WebSite", "desc": "公司网址"}, {"column": "LinkMan", "desc": "联系人"}, {"column": "Background", "desc": "简历"}, {"column": "Region", "desc": "所属地区；注1"}, {"column": "ServiceLine", "desc": "客服热线"}, {"column": "MaturityEndDate", "desc": "存续截止日"}, {"column": "TACode", "desc": "注册登记代码"}, {"column": "CSRCCode", "desc": "证监会标识码"}]}, {"表名": "publicfunddb.mf_dividend", "表字段": [{"column": "TransCode", "desc": "基金转型统一编码"}, {"column": "InnerCode", "desc": "基金内部编码；，得到基金的交易代码、简称等。"}, {"column": "InfoPublDate", "desc": "信息发布日期"}, {"column": "InfoSource", "desc": "信息来源"}, {"column": "DividendImplementDate", "desc": "分红实施公告日"}, {"column": "EndDate", "desc": "截止日期；截止日期（EndDate）：基金收益分配基准日，同收益分配基准日[ProfitDistDate]字段一致。"}, {"column": "ProfitDistDate", "desc": "收益分配基准日；收益分配基准日(ProfitDistDate)：基金本次分红依据的可分配利润的截止日期。即，以截止该日期的本基金的可分配利润为准，向基金份额持有人按一定的分红比例实施分红。"}, {"column": "UnitProfit", "desc": "单位基金收益(元)"}, {"column": "UnitRetainedProfit", "desc": "单位基金未分配收益(元)"}, {"column": "IfDistributed", "desc": "是否分红；是否分红（IfDistributed）：该字段固定以下常量：1-是；0-否。"}, {"column": "DividendRatioBeforeTax", "desc": "派现比例(含税10派X元)"}, {"column": "ActualRatioAfterTax", "desc": "实派比例(税后10派X元)"}, {"column": "Dividendsum", "desc": "派现金额合计(元)"}, {"column": "ReDate", "desc": "权益登记日"}, {"column": "ExRightDate", "desc": "除息日"}, {"column": "ExRightDateEX", "desc": "场内除息日"}, {"column": "ExecuteDate", "desc": "发放日"}, {"column": "ExecuteDateEX", "desc": "场内发放日"}, {"column": "ReinvestDay", "desc": "红利再投资日"}, {"column": "AccountDay", "desc": "红利再投资份额到帐日"}, {"column": "RedemptionDay", "desc": "红利再投资份额可赎回日"}, {"column": "DistributableProfits", "desc": "基准日基金可供分配利润(元)"}, {"column": "AllocationValue", "desc": "基准日应分配金额(元)"}, {"column": "SchemeModification", "desc": "方案变更说明"}, {"column": "EventProcedureCode", "desc": "事件进程代码；，令LB = 1059 AND DM IN (1001,1004,3131)，得到事件进程代码的具体描述：1001-预案，1004-决案，3131-方案实施。"}, {"column": "EventProcedure", "desc": "事件进程"}, {"column": "DistributedRange", "desc": "发放范围"}, {"column": "UnitProfitYTD", "desc": "本年单位累计分红(元)；本年单位累计分红（UnitProfitYTD）：计算公式：∑（Di），其中：Di为年初至今的第i次分红的单位分红金额。"}, {"column": "DividendSumYTD", "desc": "本年累计分红总额(元)"}, {"column": "DividendTimesYTD", "desc": "本年累计分红次数(次)"}, {"column": "DiviSumSinceInception", "desc": "历史累计分红总额(元)"}, {"column": "DiviTimesSinceIncepion", "desc": "历史累计分红次数(次)"}]}]

请选择column，务必遵循输出的格式要求。

>>>>> Agent【Check_db_structure.columns_selector】 Said:
【分析】
用户提问涉及嘉实基金公司管理的基金在2020年最后一次分红的税前分红金额最高的基金及其具体金额。需要找到嘉实基金公司管理的基金列表，并筛选出2020年最后一次分红的记录，然后比较税前分红金额。

【信息所在字段】
- publicfunddb.mf_investadvisoroutline.InvestAdvisorName: 这个字段可能包含基金公司名称信息，对应用户提问中的“嘉实基金公司”
- publicfunddb.mf_dividend.InnerCode: 这个字段可能包含基金内部编码信息，用于关联基金信息
- publicfunddb.mf_dividend.DividendImplementDate: 这个字段可能包含分红实施公告日信息，用于确定2020年最后一次分红
- publicfunddb.mf_dividend.Dividendsum: 这个字段可能包含派现金额合计信息，对应用户提问中的“税前分红金额”

【筛选条件所在字段】
- publicfunddb.mf_investadvisoroutline.InvestAdvisorCode: 这个字段可能包含基金公司代码信息，用于关联基金公司
- publicfunddb.mf_dividend.EndDate: 这个字段可能包含截止日期信息，用于筛选2020年的记录

【选中的字段的清单】
```json
{
  "publicfunddb.mf_investadvisoroutline": ["InvestAdvisorName", "InvestAdvisorCode"],
  "publicfunddb.mf_dividend": ["InnerCode", "DividendImplementDate", "Dividendsum", "EndDate"]
}
```


>>>>> 【user】 Said:
之前已查询到信息如下:
查询结果表明: 在publicfunddb.mf_fundprodname表中，没有找到披露名称(DisclName)包含“嘉实致元42个月定期债券基金”的记录，因此返回的结果集为空。
---
查询结果表明: 在publicfunddb.mf_fundarchives表中，没有找到SecuCode字段包含“嘉实致元42个月定期债券基金”这一关键词的记录，因此返回的InnerCode结果为空。
---
查询结果表明: 在constantdb.secumain表中，没有找到SecuCode字段包含“嘉实致元42个月定期债券基金”这一关键词的记录，因此返回的结果集为空，未能获取到任何InnerCode值。
---
查询结果表明: 在`publicfunddb.mf_fundprodname`表中，存在一个基金的披露名称（DisclName）包含“嘉实致元”字样，该基金的内部编码（InnerCode）为239107，并且查询结果仅返回了第一条符合条件的记录。
---
查询结果表明: 基金内部编码为239107的基金的基金经理是王立芹。
---
查询结果表明: 在基金档案表(publicfunddb.mf_fundarchives)中，基金管理人代码(InvestAdvisorCode)与基金管理人概要表(publicfunddb.mf_investadvisoroutline)中名称包含“嘉实”的基金管理人代码相匹配的基金共有50只。

请问:嘉实基金公司管理的50支基金中，哪只基金在2020年最后一次分红的税前分红金额最高，具体金额是多少？

>>>>> Agent【Sql_query.master】 Said:
【已知信息】
- 嘉实基金公司管理的基金数量为50支。
- 基金管理人代码(InvestAdvisorCode)与基金管理人概要表(publicfunddb.mf_investadvisoroutline)中名称包含“嘉实”的基金管理人代码相匹配。

【当前阶段要获取的信息】
- 嘉实基金公司管理的基金中，2020年最后一次分红的税前分红金额最高的基金及其具体金额。

【信息所在字段】
- 基金内部编码(InnerCode)在publicfunddb.mf_fundarchives表中。
- 分红信息（包括分红实施公告日和派现金额合计）在publicfunddb.mf_dividend表中。

【筛选条件所在字段】
- 基金管理人代码(InvestAdvisorCode)在publicfunddb.mf_fundarchives表中。
- 分红实施公告日(DividendImplementDate)在publicfunddb.mf_dividend表中。

【SQL语句的思路】
1. 从publicfunddb.mf_investadvisoroutline表中获取嘉实基金公司的InvestAdvisorCode。
2. 使用该InvestAdvisorCode在publicfunddb.mf_fundarchives表中找到所有嘉实基金公司管理的基金的InnerCode。
3. 在publicfunddb.mf_dividend表中筛选出这些基金在2020年的分红记录。
4. 对这些记录按DividendImplementDate降序排列，取每只基金的最后一次分红记录。
5. 从中找出税前分红金额最高的基金及其具体金额。

【执行SQL语句】
```exec_sql
SELECT 
    d.InnerCode,
    MAX(d.Dividendsum) AS MaxDividend
FROM 
    publicfunddb.mf_dividend d
JOIN 
    publicfunddb.mf_fundarchives f ON d.InnerCode = f.InnerCode
JOIN 
    publicfunddb.mf_investadvisoroutline i ON f.InvestAdvisorCode = i.InvestAdvisorCode
WHERE 
    i.InvestAdvisorName LIKE '%嘉实%'
    AND YEAR(d.DividendImplementDate) = 2020
GROUP BY 
    d.InnerCode
ORDER BY 
    MaxDividend DESC
LIMIT 1;
```

【上述SQL语句的含义】
- 首先，通过联接publicfunddb.mf_dividend、publicfunddb.mf_fundarchives和publicfunddb.mf_investadvisoroutline表，找到嘉实基金公司管理的所有基金的分红记录。
- 然后，筛选出2020年的分红记录。
- 对每只基金的分红记录按InnerCode分组，并计算每只基金的最大分红金额。
- 最后，按最大分红金额降序排列，取分红金额最高的基金及其金额。

>>>>> 查询sql:
SELECT 
    d.InnerCode,
    MAX(d.Dividendsum) AS MaxDividend
FROM 
    publicfunddb.mf_dividend d
JOIN 
    publicfunddb.mf_fundarchives f ON d.InnerCode = f.InnerCode
JOIN 
    publicfunddb.mf_investadvisoroutline i ON f.InvestAdvisorCode = i.InvestAdvisorCode
WHERE 
    i.InvestAdvisorName LIKE '%嘉实%'
    AND YEAR(d.DividendImplementDate) = 2020
GROUP BY 
    d.InnerCode
ORDER BY 
    MaxDividend DESC
LIMIT 1;
查询结果:
[{"InnerCode": 211163, "MaxDividend": null}]


>>>>> 【user】 Said:
查询SQL:
SELECT 
    d.InnerCode,
    MAX(d.Dividendsum) AS MaxDividend
FROM 
    publicfunddb.mf_dividend d
JOIN 
    publicfunddb.mf_fundarchives f ON d.InnerCode = f.InnerCode
JOIN 
    publicfunddb.mf_investadvisoroutline i ON f.InvestAdvisorCode = i.InvestAdvisorCode
WHERE 
    i.InvestAdvisorName LIKE '%嘉实%'
    AND YEAR(d.DividendImplementDate) = 2020
GROUP BY 
    d.InnerCode
ORDER BY 
    MaxDividend DESC
LIMIT 1;
查询结果:
[{"InnerCode": 211163, "MaxDividend": null}]

请理解查询结果

>>>>> Agent【Sql_query.understand_query_result】 Said:
查询结果表明: 在2020年，基金管理人名称中包含“嘉实”的基金中，基金内部编码为211163的基金在分红实施公告日所对应的派现金额合计（Dividendsum）的最大值为null，即该基金在2020年没有进行分红。


>>>>> 【user】 Said:
查询SQL:
SELECT 
    d.InnerCode,
    MAX(d.Dividendsum) AS MaxDividend
FROM 
    publicfunddb.mf_dividend d
JOIN 
    publicfunddb.mf_fundarchives f ON d.InnerCode = f.InnerCode
JOIN 
    publicfunddb.mf_investadvisoroutline i ON f.InvestAdvisorCode = i.InvestAdvisorCode
WHERE 
    i.InvestAdvisorName LIKE '%嘉实%'
    AND YEAR(d.DividendImplementDate) = 2020
GROUP BY 
    d.InnerCode
ORDER BY 
    MaxDividend DESC
LIMIT 1;
查询结果:
[{"InnerCode": 211163, "MaxDividend": null}]

查询结果表明: 在2020年，基金管理人名称中包含“嘉实”的基金中，基金内部编码为211163的基金在分红实施公告日所对应的派现金额合计（Dividendsum）的最大值为null，即该基金在2020年没有进行分红。

当前掌握的信息是否能够回答"嘉实基金公司管理的50支基金中，哪只基金在2020年最后一次分红的税前分红金额最高，具体金额是多少？"？还是要继续执行下一阶段SQL查询？

>>>>> Agent【Sql_query.master】 Said:
【已知信息】
- 嘉实基金公司管理的基金数量为50支。
- 查询结果显示，基金内部编码为211163的基金在2020年没有进行分红，其派现金额合计（Dividendsum）的最大值为null。

【当前阶段要获取的信息】
- 需要找到嘉实基金公司管理的基金中，2020年最后一次分红的税前分红金额最高的基金及其具体金额。

【信息所在字段】
- 基金内部编码(InnerCode)在publicfunddb.mf_fundarchives表中。
- 分红信息（包括分红实施公告日和派现金额合计）在publicfunddb.mf_dividend表中。

【筛选条件所在字段】
- 基金管理人代码(InvestAdvisorCode)在publicfunddb.mf_fundarchives表中。
- 分红实施公告日(DividendImplementDate)在publicfunddb.mf_dividend表中。

【SQL语句的思路】
- 由于之前的查询结果显示211163基金在2020年没有分红，我们需要重新查询其他基金在2020年的分红情况。
- 需要确保排除掉没有分红的基金，找到有分红的基金中分红金额最高的。

【执行SQL语句】
```exec_sql
SELECT 
    d.InnerCode,
    d.Dividendsum
FROM 
    publicfunddb.mf_dividend d
JOIN 
    publicfunddb.mf_fundarchives f ON d.InnerCode = f.InnerCode
JOIN 
    publicfunddb.mf_investadvisoroutline i ON f.InvestAdvisorCode = i.InvestAdvisorCode
WHERE 
    i.InvestAdvisorName LIKE '%嘉实%'
    AND YEAR(d.DividendImplementDate) = 2020
ORDER BY 
    d.DividendImplementDate DESC, 
    d.Dividendsum DESC
LIMIT 1;
```

【上述SQL语句的含义】
- 首先，通过联接publicfunddb.mf_dividend、publicfunddb.mf_fundarchives和publicfunddb.mf_investadvisoroutline表，找到嘉实基金公司管理的所有基金的分红记录。
- 然后，筛选出2020年的分红记录。
- 按分红实施公告日降序排列，以确保获取每只基金的最后一次分红记录。
- 在此基础上，再按派现金额合计降序排列，取分红金额最高的记录。
- 最后，返回该记录的基金内部编码和派现金额合计。

通过这种方式，我们可以找到2020年最后一次分红金额最高的基金及其具体金额。

>>>>> 查询sql:
SELECT 
    d.InnerCode,
    d.Dividendsum
FROM 
    publicfunddb.mf_dividend d
JOIN 
    publicfunddb.mf_fundarchives f ON d.InnerCode = f.InnerCode
JOIN 
    publicfunddb.mf_investadvisoroutline i ON f.InvestAdvisorCode = i.InvestAdvisorCode
WHERE 
    i.InvestAdvisorName LIKE '%嘉实%'
    AND YEAR(d.DividendImplementDate) = 2020
ORDER BY 
    d.DividendImplementDate DESC, 
    d.Dividendsum DESC
LIMIT 1;
查询结果:
[{"InnerCode": 298938, "Dividendsum": null}]


>>>>> 【user】 Said:
查询SQL:
SELECT 
    d.InnerCode,
    d.Dividendsum
FROM 
    publicfunddb.mf_dividend d
JOIN 
    publicfunddb.mf_fundarchives f ON d.InnerCode = f.InnerCode
JOIN 
    publicfunddb.mf_investadvisoroutline i ON f.InvestAdvisorCode = i.InvestAdvisorCode
WHERE 
    i.InvestAdvisorName LIKE '%嘉实%'
    AND YEAR(d.DividendImplementDate) = 2020
ORDER BY 
    d.DividendImplementDate DESC, 
    d.Dividendsum DESC
LIMIT 1;
查询结果:
[{"InnerCode": 298938, "Dividendsum": null}]

请理解查询结果

>>>>> Agent【Sql_query.understand_query_result】 Said:
查询结果表明: 该查询返回了在2020年分红实施公告日中，基金管理人名称包含“嘉实”的基金中，派现金额合计最高的记录。结果显示该基金的内部编码为298938，但派现金额合计（Dividendsum）为空，可能表示该基金在2020年虽有分红公告但实际派现金额未明确或为零。记录按分红实施公告日降序和派现金额降序排列，取了第一条记录。


>>>>> 【user】 Said:
查询SQL:
SELECT 
    d.InnerCode,
    d.Dividendsum
FROM 
    publicfunddb.mf_dividend d
JOIN 
    publicfunddb.mf_fundarchives f ON d.InnerCode = f.InnerCode
JOIN 
    publicfunddb.mf_investadvisoroutline i ON f.InvestAdvisorCode = i.InvestAdvisorCode
WHERE 
    i.InvestAdvisorName LIKE '%嘉实%'
    AND YEAR(d.DividendImplementDate) = 2020
ORDER BY 
    d.DividendImplementDate DESC, 
    d.Dividendsum DESC
LIMIT 1;
查询结果:
[{"InnerCode": 298938, "Dividendsum": null}]

查询结果表明: 该查询返回了在2020年分红实施公告日中，基金管理人名称包含“嘉实”的基金中，派现金额合计最高的记录。结果显示该基金的内部编码为298938，但派现金额合计（Dividendsum）为空，可能表示该基金在2020年虽有分红公告但实际派现金额未明确或为零。记录按分红实施公告日降序和派现金额降序排列，取了第一条记录。

当前掌握的信息是否能够回答"嘉实基金公司管理的50支基金中，哪只基金在2020年最后一次分红的税前分红金额最高，具体金额是多少？"？还是要继续执行下一阶段SQL查询？

>>>>> Agent【Sql_query.master】 Said:
【已知信息】
- 嘉实基金公司管理的基金数量为50支。
- 查询结果显示，基金内部编码为298938的基金在2020年虽有分红公告，但派现金额合计（Dividendsum）为null。

【当前阶段要获取的信息】
- 需要找到嘉实基金公司管理的基金中，2020年最后一次分红的税前分红金额最高的基金及其具体金额。

【信息所在字段】
- 基金内部编码(InnerCode)在publicfunddb.mf_fundarchives表中。
- 分红信息（包括分红实施公告日和派现金额合计）在publicfunddb.mf_dividend表中。

【筛选条件所在字段】
- 基金管理人代码(InvestAdvisorCode)在publicfunddb.mf_fundarchives表中。
- 分红实施公告日(DividendImplementDate)在publicfunddb.mf_dividend表中。

【SQL语句的思路】
- 由于之前的查询结果显示298938基金在2020年虽有分红公告但派现金额为null，我们需要重新查询其他基金在2020年的分红情况，确保排除掉派现金额为null的记录。
- 需要找到有实际派现金额的基金中，分红金额最高的。

【执行SQL语句】
```exec_sql
SELECT 
    d.InnerCode,
    d.Dividendsum
FROM 
    publicfunddb.mf_dividend d
JOIN 
    publicfunddb.mf_fundarchives f ON d.InnerCode = f.InnerCode
JOIN 
    publicfunddb.mf_investadvisoroutline i ON f.InvestAdvisorCode = i.InvestAdvisorCode
WHERE 
    i.InvestAdvisorName LIKE '%嘉实%'
    AND YEAR(d.DividendImplementDate) = 2020
    AND d.Dividendsum IS NOT NULL
ORDER BY 
    d.DividendImplementDate DESC, 
    d.Dividendsum DESC
LIMIT 1;
```

【上述SQL语句的含义】
- 首先，通过联接publicfunddb.mf_dividend、publicfunddb.mf_fundarchives和publicfunddb.mf_investadvisoroutline表，找到嘉实基金公司管理的所有基金的分红记录。
- 然后，筛选出2020年的分红记录，并且确保派现金额合计（Dividendsum）不为null。
- 按分红实施公告日降序排列，以确保获取每只基金的最后一次分红记录。
- 在此基础上，再按派现金额合计降序排列，取分红金额最高的记录。
- 最后，返回该记录的基金内部编码和派现金额合计。

通过这种方式，我们可以找到2020年最后一次分红金额最高的基金及其具体金额。

>>>>> 查询sql:
SELECT 
    d.InnerCode,
    d.Dividendsum
FROM 
    publicfunddb.mf_dividend d
JOIN 
    publicfunddb.mf_fundarchives f ON d.InnerCode = f.InnerCode
JOIN 
    publicfunddb.mf_investadvisoroutline i ON f.InvestAdvisorCode = i.InvestAdvisorCode
WHERE 
    i.InvestAdvisorName LIKE '%嘉实%'
    AND YEAR(d.DividendImplementDate) = 2020
    AND d.Dividendsum IS NOT NULL
ORDER BY 
    d.DividendImplementDate DESC, 
    d.Dividendsum DESC
LIMIT 1;
查询结果:
[]


>>>>> 【user】 Said:
查询SQL:
SELECT 
    d.InnerCode,
    d.Dividendsum
FROM 
    publicfunddb.mf_dividend d
JOIN 
    publicfunddb.mf_fundarchives f ON d.InnerCode = f.InnerCode
JOIN 
    publicfunddb.mf_investadvisoroutline i ON f.InvestAdvisorCode = i.InvestAdvisorCode
WHERE 
    i.InvestAdvisorName LIKE '%嘉实%'
    AND YEAR(d.DividendImplementDate) = 2020
    AND d.Dividendsum IS NOT NULL
ORDER BY 
    d.DividendImplementDate DESC, 
    d.Dividendsum DESC
LIMIT 1;
查询结果:
[]

请理解查询结果

>>>>> Agent【Sql_query.understand_query_result】 Said:
查询结果表明: 根据查询条件，筛选出基金管理人名称中包含“嘉实”、分红实施公告日在2020年且派现金额不为空的记录，并按分红实施公告日降序和派现金额降序排列，取第一条记录。然而，查询结果为空，说明在2020年没有符合条件的“嘉实”系列基金的分红记录。


>>>>> 【user】 Said:
查询SQL:
SELECT 
    d.InnerCode,
    d.Dividendsum
FROM 
    publicfunddb.mf_dividend d
JOIN 
    publicfunddb.mf_fundarchives f ON d.InnerCode = f.InnerCode
JOIN 
    publicfunddb.mf_investadvisoroutline i ON f.InvestAdvisorCode = i.InvestAdvisorCode
WHERE 
    i.InvestAdvisorName LIKE '%嘉实%'
    AND YEAR(d.DividendImplementDate) = 2020
    AND d.Dividendsum IS NOT NULL
ORDER BY 
    d.DividendImplementDate DESC, 
    d.Dividendsum DESC
LIMIT 1;
查询结果:
[]

查询结果表明: 根据查询条件，筛选出基金管理人名称中包含“嘉实”、分红实施公告日在2020年且派现金额不为空的记录，并按分红实施公告日降序和派现金额降序排列，取第一条记录。然而，查询结果为空，说明在2020年没有符合条件的“嘉实”系列基金的分红记录。

当前掌握的信息是否能够回答"嘉实基金公司管理的50支基金中，哪只基金在2020年最后一次分红的税前分红金额最高，具体金额是多少？"？还是要继续执行下一阶段SQL查询？

>>>>> Agent【Sql_query.master】 Said:
【已知信息】
- 嘉实基金公司管理的基金数量为50支。
- 经过多次查询，发现在2020年没有符合条件的“嘉实”系列基金的分红记录（即没有派现金额不为空的记录）。

【当前阶段要获取的信息】
- 嘉实基金公司管理的基金中，2020年最后一次分红的税前分红金额最高的基金及其具体金额。

【信息所在字段】
- 基金内部编码(InnerCode)在publicfunddb.mf_fundarchives表中。
- 分红信息（包括分红实施公告日和派现金额合计）在publicfunddb.mf_dividend表中。

【筛选条件所在字段】
- 基金管理人代码(InvestAdvisorCode)在publicfunddb.mf_fundarchives表中。
- 分红实施公告日(DividendImplementDate)在publicfunddb.mf_dividend表中。

【SQL语句的思路】
- 由于之前的查询结果均为空，说明在2020年没有符合条件的“嘉实”系列基金的分红记录。
- 因此，无需继续执行下一阶段SQL查询。

【执行SQL语句】
无

【上述SQL语句的含义】
无

【结论】
根据当前掌握的信息，无法回答“嘉实基金公司管理的50支基金中，哪只基金在2020年最后一次分红的税前分红金额最高，具体金额是多少？”这一问题，因为在2020年没有符合条件的“嘉实”系列基金的分红记录。

【建议】
- 可以考虑查询其他年份的分红记录，或者确认是否需要调整查询条件。


>>>>> 【user】 Said:
请回答问题:"嘉实基金公司管理的50支基金中，哪只基金在2020年最后一次分红的税前分红金额最高，具体金额是多少？"

>>>>> Agent【Sql_query.summary】 Said:
嘉实基金公司管理的50支基金中，2020年没有符合条件的分红记录。因此，无法确定哪只基金在2020年最后一次分红的税前分红金额最高，也无法提供具体金额。
