
>>>>> Original Question: 这些公司中多少家是20年变更的行业？


>>>>> Agent【extract_company】 Said:
No Entities.


>>>>> Agent【rewrite_question】 Said:
在申万一级行业分类为公用事业（CompanyCode/InnerCode: 270家）的公司中，有多少家在2020年进行了行业变更？

>>>>> 已知事实:


>>>>> Agent【Check_db_structure.db_selector】 Said:
【分析】
用户需要查询的是在申万一级行业分类为公用事业的公司中，有多少家在2020年进行了行业变更。这涉及到两个主要信息：
1. 申万一级行业分类为公用事业的公司列表。
2. 这些公司在2020年是否有行业变更记录。

根据知识库，`astockindustrydb`数据库记录了上市公司的行业划分和行业变更信息，可以用来查找公用事业类公司及其行业变更情况。

【选中的数据库】
- `astockindustrydb`: 这个数据库包含上市公司的行业划分和行业变更信息，可以用来确定哪些公用事业公司在2020年进行了行业变更。

【选中的数据库的清单】
```json
["astockindustrydb"]
```


>>>>> Agent【Check_db_structure.table_selector】 Said:
【分析】
用户需要查询在申万一级行业分类为公用事业的公司中，有多少家在2020年进行了行业变更。这需要两个关键信息：
1. 确定哪些公司属于申万一级行业分类中的公用事业。
2. 查找这些公司在2020年是否有行业变更的记录。

【选中的数据表】
- astockindustrydb.lc_exgindustry: 这个数据表包含公司及行业相关的信息，可以用来确定公司所属的申万一级行业分类。
- astockindustrydb.lc_exgindchange: 这个数据表记录公司相关的行业变更信息，可以用来查找公司在2020年是否有行业变更。

【选中的数据库表的清单】
```json
["astockindustrydb.lc_exgindustry", "astockindustrydb.lc_exgindchange"]
```


>>>>> Agent【Check_db_structure.columns_selector】 Said:
【分析】
用户提问需要找出在申万一级行业分类为公用事业的公司中，有多少家在2020年进行了行业变更。这涉及到以下几个关键信息：
1. 申万一级行业分类为公用事业的公司。
2. 2020年进行了行业变更的公司。

【信息所在字段】
- astockindustrydb.lc_exgindustry.FirstIndustryName: 这个字段可能包含公司所属的一级行业名称，对应用户提问中的“申万一级行业分类为公用事业”。
- astockindustrydb.lc_exgindchange.InfoPublDate: 这个字段可能包含行业变更的信息发布日期，对应用户提问中的“2020年进行了行业变更”。
- astockindustrydb.lc_exgindchange.CompanyCode: 这个字段可能包含公司代码，用于关联和筛选公司。

【筛选条件所在字段】
- astockindustrydb.lc_exgindustry.Standard: 这个字段可能包含行业划分标准，用于筛选申万行业分类。
- astockindustrydb.lc_exgindustry.CompanyCode: 这个字段可能包含公司代码，用于关联和筛选公司。
- astockindustrydb.lc_exgindchange.InfoPublDate: 这个字段可能包含行业变更的信息发布日期，用于筛选2020年的数据。

【选中的字段的清单】
```json
{
  "astockindustrydb.lc_exgindustry": ["FirstIndustryName", "Standard", "CompanyCode"],
  "astockindustrydb.lc_exgindchange": ["InfoPublDate", "CompanyCode"]
}
```


>>>>> Agent【Sql_query.master】 Said:
【已知信息】
- 在`astockindustrydb.lc_exgindustry`表中，按照申万行业分类(新)（Standard = 38）标准，属于公用事业（FirstIndustryName = '公用事业'）行业的公司共有270家。
- 这些公司具有不同的公司代码（CompanyCode）。

【当前阶段要获取的信息】
- 在2020年进行了行业变更的公用事业公司的数量。

【信息所在字段】
- `CompanyCode`：公司代码
- `InfoPublDate`：信息发布日期

【筛选条件所在字段】
- `CompanyCode`：公司代码
- `InfoPublDate`：信息发布日期

【SQL语句的思路】
1. 从`astockindustrydb.lc_exgindustry`表中获取所有属于公用事业行业的公司代码。
2. 使用这些公司代码在`astockindustrydb.lc_exgindchange`表中查找2020年有行业变更记录的公司。
3. 计算这些公司的数量。

【执行SQL语句】
```exec_sql
SELECT COUNT(DISTINCT eic.CompanyCode) 
FROM astockindustrydb.lc_exgindchange eic
JOIN (
    SELECT CompanyCode 
    FROM astockindustrydb.lc_exgindustry 
    WHERE Standard = 38 AND FirstIndustryName = '公用事业'
) ei ON eic.CompanyCode = ei.CompanyCode
WHERE YEAR(eic.InfoPublDate) = 2020
```

【上述SQL语句的含义】
- 首先，从`astockindustrydb.lc_exgindustry`表中筛选出属于申万行业分类(新)且一级行业名称为公用事业的公司代码。
- 然后，将这些公司代码与`astockindustrydb.lc_exgindchange`表中的公司代码进行关联。
- 最后，统计在2020年有行业变更记录的这些公司的数量。

>>>>> 查询sql:
SELECT COUNT(DISTINCT eic.CompanyCode) 
FROM astockindustrydb.lc_exgindchange eic
JOIN (
    SELECT CompanyCode 
    FROM astockindustrydb.lc_exgindustry 
    WHERE Standard = 38 AND FirstIndustryName = '公用事业'
) ei ON eic.CompanyCode = ei.CompanyCode
WHERE YEAR(eic.InfoPublDate) = 2020;
查询结果:
[{"COUNT(DISTINCT eic.CompanyCode)": 18}]


>>>>> Agent【Sql_query.understand_query_result】 Said:
查询结果表明: 在2020年，共有18家公司的行业分类发生了变化，而这些公司在变化前属于申万行业分类(新)标准下的“公用事业”一级行业。具体来说，这些公司的代码在`lc_exgindchange`表中记录了信息发布日期，并且通过关联`lc_exgindustry`表确认了它们在变化前属于申万行业分类(新)标准下的“公用事业”行业。


>>>>> Agent【Sql_query.master】 Said:
【已知信息】
- 在`astockindustrydb.lc_exgindustry`表中，按照申万行业分类(新)（Standard = 38）标准，属于公用事业（FirstIndustryName = '公用事业'）行业的公司共有270家。
- 在2020年，共有18家公司的行业分类发生了变化，而这些公司在变化前属于申万行业分类(新)标准下的“公用事业”一级行业。

【当前阶段要获取的信息】
无

【信息所在字段】
无

【筛选条件所在字段】
无

【SQL语句的思路】
无

【执行SQL语句】
无

【上述SQL语句的含义】
无

当前掌握的信息已经能够回答"在申万一级行业分类为公用事业（CompanyCode/InnerCode: 270家）的公司中，有多少家在2020年进行了行业变更？"这个问题。根据查询结果，共有18家公司在2020年进行了行业变更，而这些公司在变化前属于申万行业分类(新)标准下的“公用事业”一级行业。

因此，无需继续执行下一阶段SQL查询。回答如下：
在申万一级行业分类为公用事业（CompanyCode/InnerCode: 270家）的公司中，有18家在2020年进行了行业变更。


>>>>> Agent【Sql_query.summary】 Said:
18家
