
>>>>> Original Question: 上海市锦天城律师事务所2020年见证多少家公司的年度股东大会？


>>>>> 【user】 Said:
已知事实:无。
历史问答:无。
现在用户继续提问，请根据已知信息，理解当前这个问题的完整含义，并重写这个问题使得单独拿出来看仍然能够正确理解：上海市锦天城律师事务所2020年见证多少家公司的年度股东大会？

>>>>> Agent【rewrite_question】 Said:
在2020年，上海市锦天城律师事务所作为见证方，参与了多少家公司的年度股东大会？


>>>>> 【user】 Said:
提取下面这段文字里的实体，如公司名、股票代码等，如果识别结果是空，那么就回复No Entities."在2020年，上海市锦天城律师事务所作为见证方，参与了多少家公司的年度股东大会？"

>>>>> Agent【extract_company】 Said:
```json
["上海市锦天城律师事务所"]
```

>>>>> 查询sql:
SELECT 'constantdb.secumain' AS TableName, InnerCode, CompanyCode, ChiName, EngName, SecuCode
FROM constantdb.secumain 
WHERE SecuCode = '上海市锦天城律师事务所'
   OR ChiName LIKE '%上海市锦天城律师事务所%'
   OR ChiNameAbbr LIKE '%上海市锦天城律师事务所%'
   OR EngName LIKE '%上海市锦天城律师事务所%'
   OR EngNameAbbr LIKE '%上海市锦天城律师事务所%'
   OR SecuAbbr LIKE '%上海市锦天城律师事务所%'
UNION ALL
SELECT 'constantdb.hk_secumain' AS TableName, InnerCode, CompanyCode, ChiName, EngName, SecuCode
FROM constantdb.hk_secumain 
WHERE SecuCode = '%上海市锦天城律师事务所%'
   OR ChiName LIKE '%上海市锦天城律师事务所%'
   OR ChiNameAbbr LIKE '%上海市锦天城律师事务所%'
   OR EngName LIKE '%上海市锦天城律师事务所%'
   OR EngNameAbbr LIKE '%上海市锦天城律师事务所%'
   OR SecuAbbr LIKE '%上海市锦天城律师事务所%'
   OR FormerName LIKE '%上海市锦天城律师事务所%'
UNION ALL
SELECT 'constantdb.us_secumain' AS TableName, InnerCode, CompanyCode, ChiName, EngName, SecuCode
FROM constantdb.us_secumain 
WHERE SecuCode = '上海市锦天城律师事务所'
   OR ChiName LIKE '%上海市锦天城律师事务所%'
   OR EngName LIKE '%上海市锦天城律师事务所%'
   OR SecuAbbr LIKE '%上海市锦天城律师事务所%';
查询结果:
[]

>>>>> 已知事实:


>>>>> 【user】 Said:
请选择db，务必遵循输出的格式要求。

>>>>> Agent【Check_db_structure.db_selector】 Said:
【分析】
用户需要查询的是在2020年，上海市锦天城律师事务所作为见证方参与的公司年度股东大会的数量。这涉及到公司股东大会的出席信息以及见证方的记录。根据知识库，`astockshareholderdb`（上市公司股东与股本/公司治理）数据库记录了股东大会出席信息及见证方的详细信息，因此可以从这个数据库中获取所需信息。

【选中的数据库】
- `astockshareholderdb`: 这个数据库包含股东大会出席信息及见证方的记录，可以用来查询上海市锦天城律师事务所在2020年作为见证方参与的公司年度股东大会的数量。

【选中的数据库的清单】
```json
["astockshareholderdb"]
```


>>>>> 【user】 Said:
数据库表信息如下:
[{"表名": "astockshareholderdb.lc_shtypeclassifi", "说明": "该数据表主要用于记录股东及其分类信息，包含股东的唯一标识信息如股东代码和股东编码，股东名称及其所属性质等基本信息，同时提供多级分类结构，涵盖分类标准及一级至四级分类代码，便于对股东进行分层管理和分析。"}, {"表名": "astockshareholderdb.lc_mainshlistnew", "说明": "该数据表主要记录了股东及其持股情况的详细信息，包括公司代码、日期、信息发布日期和来源等基本信息。股东相关信息涵盖股东排名、序号、名称、性质、类别及其编码等。持股信息详细列出了持股总数、持股比例、持股增减情况，以及持有不同类型股票（如A股、B股、H股、普通股及其他类别）的数量和比例。此外，还包括股东性质描述、股权质押和冻结情况及其说明，股东之间的关联关系和一致行动人说明等。证券相关信息有证券代码、简称、所属券商编号及归属机构名称等。备注说明和其他字段提供了进一步的补充信息。"}, {"表名": "astockshareholderdb.lc_shnumber", "说明": "该数据表主要涵盖了公司股东信息的各类数据，包括公司代码、信息发布日期和信息来源等基本信息。股东数据详细记录了股东总户数及各类股东（如A股、B股、H股、CDR股东）的户数和户均持股数，提供了户均持股比例及其相对变化，季度和半年增长率等动态指标。此外，表中还细分了无限售条件股东的数据，包括无限售A股和CDR的户均持股数及比例变化等。通过这些数据，能够分析不同类型股东的持股分布及其变化趋势。"}, {"表名": "astockshareholderdb.lc_mshareholder", "说明": "该数据表主要用于记录公司股东相关信息及公司基本情况，包含以下几类字段信息：公司基本信息如公司代码、信息发布日期、信息来源等；股东相关信息如股东名称、股东地位、持股比例、股东性质、股东ID、国籍描述、永久境外居留权等；公司运营及财务信息如法人代表、注册资本、主要业务、经济性质、背景介绍等；其他信息如股权获取方式、实际控制人结构图、公告类别、报告原文文件格式、日期以及货币单位等，并提供是否存在的标识字段以便于数据筛选和分析。"}, {"表名": "astockshareholderdb.lc_actualcontroller", "说明": "该数据表主要用于记录公司实际控制人的相关信息，包括公司代码、信息发布日期和日期等基本信息；实际控制人的详细信息如代码、姓名、经济性质、国籍代码及描述、永久境外居留权状态，以及实际控制人所属性质等。"}, {"表名": "astockshareholderdb.lc_sharestru", "说明": "该数据表主要记录了公司股本结构及相关信息，包含以下几类字段：公司基本信息如公司代码(CompanyCode)、信息来源(InfoSource)、信息发布日期(InfoPublDate)；时间相关字段如日期(EndDate)；股本总量及变动情况如总股本(股)(TotalShares)、股本变动原因类别(ChangeType)、简称变更原因(ChangeReason)；股权分类及持股情况包括未流通股(NonListedShares)、流通股本(FloatShare)、有限售条件流通股(RestrictedShares)、无限售条件流通股(NonRestrictedShares)、A股(Ashares)、B股(Bshares)、H股(Hshares)、GDR代表基础股票(GDRshares)、外资持股(ForeignHolding)等，进一步细分为发起人股(PromoterShares)、国家股(StateShares)、法人股(DLegalPersonShares、FLegalPersonShares)、自然人股(NaturalPersonHoldLPShares)、职工股(StaffShares)、战略投资者配售持股(StategicInvestorShares)、基金配售持股(MutualFundShares)等；股本流通状态如已上市流通股(AFloatListed)、未上市增发股(AdditionIssueUnlisted)、配股未上市(RightsIssueUnlisted)等；其他股本信息如优先股(PreferredShares)、有限售H股(RestrictedHShares)、无限售H股(NonRestrictedHShares)、其他未流通股(OUnListedShares)；股本面值及货币单位如每股面值(PerValue)、每股面值货币单位(ParValueCurrencyUnit)。通过这些字段，能够全面反映公司股本的构成、流通及变动情况。"}, {"表名": "astockshareholderdb.lc_stockholdingst", "说明": "该数据表主要用于记录各类机构及股东对A股的持股情况及相关统计信息，包含以下几类字段：基础信息如证券内部编码、公司代码、统计日期等；持股数量信息，包括机构、公募基金、券商、私募基金、银行、外资等不同主体持有的无限售流通A股、总A股及其他类型A股的数量；持股比例信息，涵盖上述主体对不同类型A股的持股比例；持股户数信息，记录各类机构及股东的持股户数，包括流通A股户数、无限售流通A股户数等；前十大股东信息，如前十大股东持股数量及比例、无限售股东持股数据等；信息来源及日期字段，用于标注数据出处和时间。"}, {"表名": "astockshareholderdb.lc_sharetransfer", "说明": "该数据表主要记录股权转让的详细信息，涵盖了公司基本信息如公司代码、信息发布日期、信息来源等；股权转让的关键时间点如协议签署日、批准日期、正式变动日期等；转让方和受让方的相关信息，包括名称、经济性质、属性、编码等；股权转让前后的持股情况，如持股数量、持股比例、有限售股数、无限售股数等；交易相关信息如转让方式、涉及股数、交易价格、交易金额等；其他补充信息如生效条件、事项描述与进展、是否终止实施及公告日期等；以及序号、证券内部编码等标识信息。"}, {"表名": "astockshareholderdb.lc_sharefp", "说明": "该数据表记录了公司股权冻结质押的详细信息，包含公司代码、信息发布日期和来源等基本信息，以及涉及的股东和接受方的详细信息，如股东名称和ID、接受方名称和ID、股东和接受方的属性等。表中还包括冻结质押的具体细节，如涉及股数、占持股比例、占总股本比例、起始和结束日期、原因及事项编码和日期。此外，表格记录了无限售股数、有限售股数，以及初始信息发布日期、初始质押股数和预计解除日期等信息。"}, {"表名": "astockshareholderdb.lc_sharefpsta", "说明": "该数据表主要用于记录股权冻结质押的相关信息，包含以下字段：标识信息如冻结质押编号(FPCode)、公司代码(CompanyCode)和股东ID(SHID)；时间信息如截止日期(EndDate)；信息来源(InfoSource)；类别选择(Category)；股东信息如股权被冻结质押股东名称(FPSHName)及其属性(SHAttribute)；冻结质押相关统计数据如累计冻结质押股数(AccuFPShares)、累计占冻结质押方持股数比例(AccuPCTOfPled)、累计占总股本比例(AccuProportion)及其计算值(AccuProportionCalc)；其他辅助字段如AccuFPSharesCalc。"}, {"表名": "astockshareholderdb.lc_buyback", "说明": "该数据表记录了公司股份回购的详细信息，包括公司基本信息如公司代码，以及重要日期信息如首次信息发布日期、预案发布日期、股东大会通过日期、回购协议签署日、回购并注销股份公告书发布日、起始日期、结束日期、全称更改日期、回购资金划出日、工商变更登记日等。股份回购的具体情况涵盖股份类别、股份被回购方、回购股数及占总股本比例、回购定价方式说明、回购价格及回购总金额、回购数量及价格上下限、拟回购资金总额上下限等。支付方式、资金来源及用途说明、回购目的、事件进程及描述、回购方式代码及描述等信息也被详细记录。此外，还包括待偿期限指数、未描述的字段如回购目的、货币单位及被否决日期等。"}, {"表名": "astockshareholderdb.lc_buybackattach", "说明": "该数据表记录了有关股份回购的信息，包含回购的唯一标识（股份回购ID）及其相关的日期信息，如信息发布日期和生效日期。涉及财务数据的字段包括货币单位、最高价、最低价、本次回购资金及累计回购资金总额。此外，表中还记录了与回购数量相关的数据，如回购股数、累计回购数量及其占总股本的比例。通过这些字段，能够全面了解某次股份回购的基本信息和财务影响。"}, {"表名": "astockshareholderdb.lc_legaldistribution", "说明": "该数据表记录了证券配售的详细信息，涵盖了多方面的内容：基础信息如证券内部编码、证券代码、信息发布日期及首次发布日期等；配售相关信息包括配售总股数、配售原因、配售性质、获配股数（有锁定期和无锁定期分别记录）、获配金额、实际发行价、有效申购股数、退款金额、补款金额等；投资者信息包括投资者名称（标准化和原始）、投资者编号、投资者类型、投资者分类等，以及获配企业的名称、性质和所属券商的编号及名称；战略配售的详细记录如高管、员工、保荐机构及其他参与战略配售的股份数量、金额和占比等；此外，还包括流通日期、持股时间等时间维度信息，以及备注说明和配售对象代码等辅助字段。整体涵盖了证券配售的全流程信息，便于分析和统计。"}, {"表名": "astockshareholderdb.lc_nationalstockholdst", "说明": "该数据表主要用于记录股东持股相关信息，包含以下字段类别：基础信息如内部编码、公司代码、股东ID、股东名称；时间信息如截止日期；持股数据如持有A股总数、有限售A股数、无限售A股数；比例数据如占总股本比例、占流通A股比例；变动信息如持有A股数量增减及其增减幅度。"}, {"表名": "astockshareholderdb.cs_foreignholdingst", "说明": "该数据表记录了证券相关的交易信息，包括证券内部编码用于标识证券，交易日期表示具体的交易时间，外资持股总数（单位为万股）和外资持股比例（百分比）则反映了外资在该证券中的持股情况。"}, {"表名": "astockshareholderdb.lc_esop", "说明": "该数据表主要用于记录资产管理计划相关信息，涵盖了基础标识信息如“内部编码、公司代码”等，公告日期信息如“首次信息发布日期、董事会公告日期、股东大会公告日期”等，计划进程与实施信息如“事件进程、是否分期实施、数据统计区间、首次实施公告日”等，股票与资金规模信息如“股票来源方式、股票规模上限与下限、资金总额上限与下限”等，计划细节信息如“麦考利久期、锁定期、释放期、资金来源、参与单位及人员、管理模式、管理机构、资产管理计划全称、分期情况、杠杆比例”等，价格与参与情况信息如“购买股票价格、参与人数、高管及员工的参与人数、认购份额与比例”等，时间节点信息如“持股的完成日、锁定的起始日”等，以及其他补充说明如“计划情况说明”等，全面涵盖计划的各个维度。"}, {"表名": "astockshareholderdb.lc_esopsummary", "说明": "该数据表主要用于记录证券相关事件的信息，包括证券内部编码和公司代码等基础标识信息；首次信息发布日期、董事会公告日期、股东大会公告日期等时间信息；事件进程和序号等事件状态信息；是否分期实施及分期情况等分期相关信息；股票规模和资金总额的上下限等规模和资金范围信息；以及备注说明等补充描述信息。"}, {"表名": "astockshareholderdb.lc_transferplan", "说明": "该数据表主要记录了公司股东承诺及增减持计划的相关信息，涵盖多个方面的字段：公司基本信息如“公司代码”；信息披露相关字段如“首次信息发布日期”“信息发布日期”“信息来源”；承诺主体与事项类型信息如“承诺主体类型”“承诺事项类型”；承诺时间范围及内容描述如“承诺起始日期”“承诺截止日期”“承诺说明”；股东信息如“股东序号”“股东名称”；增持计划相关字段包括“增持时间描述”“增持实施期限”“增持价格描述”“增持股票触发价格上下限”“增持股份数量上下限”“增持比例上下限”“增持投入资金上下限”等；减持计划相关字段包括“减持时间描述”“减持实施期限”“减持价格描述”“减持股票触发价格上下限”“减持股份数量上下限”“减持比例上下限”等；承诺有效性及不减持承诺期限如“承诺是否有效”“不减持承诺期限”；交易方式及相关描述如“交易方式”“交易方式描述”；事件进程信息如“事件进程”。这些字段全面记录了公司股东承诺及增减持行为的各类细节。"}, {"表名": "astockshareholderdb.lc_smattendinfo", "说明": "该数据表记录了公司股东大会相关的综合信息，涵盖多个维度。包括公司基本信息如公司代码；股东大会的时间安排，如首次信息发布日期、最新信息发布日期、公告日期、股东大会召开日及时间、股权登记日、会议登记起止日期、网络投票起止日期等；股东大会的地点和形式信息，如召开地址、会议类别、投票表决方式、网络投票通道及代码等；股东大会的参与情况统计，包括出席总体股东及代表人数、各类股东人数（如A股、H股、中小股东、优先股股东等）、出席股东代表股份及其占比（按不同股东类别区分）；股东大会的主持及法律见证信息，包括大会主持人及其职务、见证律师事务所及其编号、经办律师等；其他相关信息如议案内容、是否有效、股东大会取消日期、年度及届次等。通过这些字段，全面反映了股东大会的组织、参与及法律合规情况。"}]

请选择table，务必遵循输出的格式要求。

>>>>> Agent【Check_db_structure.table_selector】 Said:
【分析】
要确定2020年上海市锦天城律师事务所作为见证方参与了多少家公司的年度股东大会，需要找到记录股东大会信息的表，并且该表应包含见证律师事务所的信息以及股东大会的召开日期。

【选中的数据表】
- astockshareholderdb.lc_smattendinfo: 该数据表记录了公司股东大会相关的综合信息，包括公司代码、股东大会的时间安排、见证律师事务所及其编号等信息。

【选中的数据库表的清单】
```json
["astockshareholderdb.lc_smattendinfo"]
```


>>>>> 【user】 Said:
已取得可用的数据表的字段信息如下:
[{"表名": "astockshareholderdb.lc_smattendinfo", "表字段": [{"column": "CompanyCode", "desc": "公司代码；，得到上市公司的交易代码、简称等。"}, {"column": "InitialInfoPublDate", "desc": "首次信息发布日期"}, {"column": "LatestInfoPublDate", "desc": "最新信息发布日期"}, {"column": "MeetingDate", "desc": "股东大会召开日"}, {"column": "SHMeetingTime", "desc": "股东大会召开时间"}, {"column": "SMRegDate", "desc": "股东大会股权登记日"}, {"column": "MeetingRegStartDate", "desc": "会议登记起始日"}, {"column": "MeetingRegEndDate", "desc": "会议登记截止日"}, {"column": "AnounceDate", "desc": "股东大会公告日期"}, {"column": "ProposalContent", "desc": "议案内容"}, {"column": "CancelDate", "desc": "股东大会取消日期"}, {"column": "Address", "desc": "股东大会召开地址"}, {"column": "IfEffected", "desc": "是否有效；，令LB = 999 AND DM IN (1,2)，得到是否有效的具体描述：1-是，2-否。"}, {"column": "SerialNumber", "desc": "序号"}, {"column": "MeetingType", "desc": "股东大会类别；，令LB = 1299 AND DM IN (1,3,5)，得到股东大会类别的具体描述：1-年度股东大会，3-临时股东大会，5-出资人组会议。"}, {"column": "VotingMeans", "desc": "投票表决方式；，令LB = 1300，得到投票表决方式的具体描述：1-网络投票，2-现场投票，3-网络和通讯，5-现场和网络投票，9-通讯表决，15-现场投票和通讯表决，16-现场投票、通讯表决和网络投票。"}, {"column": "Year", "desc": "年度"}, {"column": "Series", "desc": "届次"}, {"column": "NetVotingPlatform", "desc": "网络投票通道；，令LB = 2521，得到网络投票通道的具体描述：1-中国证券登记结算有限责任公司网络系统，2-上海证券交易所交易系统，3-深圳证券交易所交易系统，4-互联网投票系统，5-中国证券登记结算有限责任公司网络系统、互联网投票系统，6-上海证券交易所交易系统、互联网投票系统，7-深圳证券交易所交易系统、互联网投票系统，999-其他。"}, {"column": "NetVotingCode", "desc": "网络投票代码"}, {"column": "VotingAbbr", "desc": "投票简称"}, {"column": "NetVotingStartDate", "desc": "网络投票起始日"}, {"column": "NetVotingEndDate", "desc": "网络投票截止日"}, {"column": "Presider", "desc": "大会主持人"}, {"column": "PresiderOfficialPost", "desc": "主持人职务(多选)"}, {"column": "TestmonyLawOffice", "desc": "见证律师事务所"}, {"column": "LawOfficeCode", "desc": "律师事务所企业编号；，得到预测机构的具体信息。"}, {"column": "Lawyer", "desc": "经办律师"}, {"column": "AttendanceType", "desc": "股东出席类别；，令LB = 1301，得到股东出席类别的具体描述：1-总体出席，2-现场投票出席，3-网络投票出席。"}, {"column": "AttendanceNumber", "desc": "出席总体股东及代表人数(人)"}, {"column": "ASharesNumber", "desc": "#A股股东人数(人)"}, {"column": "HSharesNumber", "desc": "#H股股东人数(人)"}, {"column": "OtherSharesNumber", "desc": "#其他基础股票股东人数(人)"}, {"column": "ShareANumber", "desc": "#A类普通股股东人数"}, {"column": "ShareBNumber", "desc": "#B类普通股股东人数"}, {"column": "ShareReprensented", "desc": "出席总体股东代表股份(股)/(票)"}, {"column": "ASharesReprensented", "desc": "#A股股东代表股份(股)"}, {"column": "HSharesReprensented", "desc": "#H股股东代表股份(股)"}, {"column": "OSharesReprensented", "desc": "#其他基础股票股东代表股份占比(%)"}, {"column": "ShareAReprensented", "desc": "#A类普通股股东代表股份(票)(以股计)"}, {"column": "ShareBReprensented", "desc": "#B类普通股股东代表股份(票)(以股计)"}, {"column": "RatioInTotalShare", "desc": "出席总体股东股份占总股份比例(%)"}, {"column": "ASharesRatio", "desc": "#A股股东代表股份占比(%)"}, {"column": "HSharesRatio", "desc": "#H股股东代表股份占比(%)"}, {"column": "OtherSharesRatio", "desc": "#其他基础股票股东代表股份占比(%)"}, {"column": "ShareARatio", "desc": "#A类普通股股东代表股份比例(%)"}, {"column": "ShareBRatio", "desc": "#B类普通股股东代表股份比例(%)"}, {"column": "MSharesNumber", "desc": "出席中小股东及代表人数"}, {"column": "MShareReprensented", "desc": "出席中小股东代表股份(股)"}, {"column": "MSharesRatio", "desc": "出席中小股东股份占总股份比例(%)"}, {"column": "PSharesNumber", "desc": "出席优先股股东及代表人数"}, {"column": "PSharesReprensented", "desc": "出席优先股股东代表股份(股)"}, {"column": "PSharesRatio", "desc": "出席优先股股东股份占总股份比例(%)"}]}]

请选择column，务必遵循输出的格式要求。

>>>>> Agent【Check_db_structure.columns_selector】 Said:
【分析】
用户提问需要找出在2020年，上海市锦天城律师事务所作为见证方参与的公司年度股东大会的数量。因此，我们需要关注以下信息：
1. 时间条件：2020年
2. 见证方：上海市锦天城律师事务所
3. 股东大会类型：年度股东大会

【信息所在字段】
- astockshareholderdb.lc_smattendinfo.MeetingDate: 这个字段可能包含股东大会召开日期信息，对应用户提问中的2020年
- astockshareholderdb.lc_smattendinfo.TestmonyLawOffice: 这个字段可能包含见证律师事务所信息，对应用户提问中的上海市锦天城律师事务所
- astockshareholderdb.lc_smattendinfo.MeetingType: 这个字段可能包含股东大会类别信息，对应用户提问中的年度股东大会

【筛选条件所在字段】
- astockshareholderdb.lc_smattendinfo.MeetingDate: 这个字段用于筛选2020年的股东大会
- astockshareholderdb.lc_smattendinfo.TestmonyLawOffice: 这个字段用于筛选上海市锦天城律师事务所作为见证方的股东大会
- astockshareholderdb.lc_smattendinfo.MeetingType: 这个字段用于筛选年度股东大会

【选中的字段的清单】
```json
{"astockshareholderdb.lc_smattendinfo": ["MeetingDate", "TestmonyLawOffice", "MeetingType"]}
```


>>>>> 【user】 Said:
在2020年，上海市锦天城律师事务所作为见证方，参与了多少家公司的年度股东大会？

>>>>> Agent【Sql_query.master】 Said:
【已知信息】
- 目标年份：2020年
- 目标律师事务所：上海市锦天城律师事务所
- 会议类型：年度股东大会

【当前阶段要获取的信息】
- 2020年上海市锦天城律师事务所作为见证方参与的公司数量

【信息所在字段】
- `MeetingDate`：股东大会召开日
- `TestmonyLawOffice`：见证律师事务所
- `MeetingType`：股东大会类别

【筛选条件所在字段】
- `MeetingDate`：需要格式化为 `DATE(MeetingDate) = '2020-01-01'`
- `TestmonyLawOffice`：模糊匹配上海市锦天城律师事务所
- `MeetingType`：需要筛选为年度股东大会

【SQL语句的思路】
1. 从 `astockshareholderdb.lc_smattendinfo` 表中筛选出2020年的记录。
2. 进一步筛选见证律师事务所为上海市锦天城律师事务所的记录。
3. 确保会议类型为年度股东大会。
4. 计算符合条件的公司数量。

【执行SQL语句】
```exec_sql
SELECT COUNT(DISTINCT CompanyCode) 
FROM astockshareholderdb.lc_smattendinfo 
WHERE DATE(MeetingDate) BETWEEN '2020-01-01' AND '2020-12-31' 
  AND TestmonyLawOffice LIKE '%上海市锦天城律师事务所%' 
  AND MeetingType = 1;
```

【上述SQL语句的含义】
- `COUNT(DISTINCT CompanyCode)`：计算不同公司代码的数量，确保每家公司只被计数一次。
- `DATE(MeetingDate) BETWEEN '2020-01-01' AND '2020-12-31'`：筛选2020年的记录。
- `TestmonyLawOffice LIKE '%上海市锦天城律师事务所%'`：模糊匹配见证律师事务所为上海市锦天城律师事务所。
- `MeetingType = 1`：确保会议类型为年度股东大会。

>>>>> 查询sql:
SELECT COUNT(DISTINCT CompanyCode) 
FROM astockshareholderdb.lc_smattendinfo 
WHERE DATE(MeetingDate) BETWEEN '2020-01-01' AND '2020-12-31' 
  AND TestmonyLawOffice LIKE '%上海市锦天城律师事务所%' 
  AND MeetingType = 1;
查询结果:
[{"COUNT(DISTINCT CompanyCode)": 14}]


>>>>> 【user】 Said:
查询SQL:
SELECT COUNT(DISTINCT CompanyCode) 
FROM astockshareholderdb.lc_smattendinfo 
WHERE DATE(MeetingDate) BETWEEN '2020-01-01' AND '2020-12-31' 
  AND TestmonyLawOffice LIKE '%上海市锦天城律师事务所%' 
  AND MeetingType = 1;
查询结果:
[{"COUNT(DISTINCT CompanyCode)": 14}]

请理解查询结果

>>>>> Agent【Sql_query.understand_query_result】 Said:
查询结果表明: 在2020年1月1日至2020年12月31日期间，共有14家上市公司在其年度股东大会（MeetingType = 1）中邀请了上海市锦天城律师事务所（TestmonyLawOffice字段包含“上海市锦天城律师事务所”）作为见证律师事务所。这些公司的公司代码（CompanyCode）是唯一的。


>>>>> 【user】 Said:
查询SQL:
SELECT COUNT(DISTINCT CompanyCode) 
FROM astockshareholderdb.lc_smattendinfo 
WHERE DATE(MeetingDate) BETWEEN '2020-01-01' AND '2020-12-31' 
  AND TestmonyLawOffice LIKE '%上海市锦天城律师事务所%' 
  AND MeetingType = 1;
查询结果:
[{"COUNT(DISTINCT CompanyCode)": 14}]

查询结果表明: 在2020年1月1日至2020年12月31日期间，共有14家上市公司在其年度股东大会（MeetingType = 1）中邀请了上海市锦天城律师事务所（TestmonyLawOffice字段包含“上海市锦天城律师事务所”）作为见证律师事务所。这些公司的公司代码（CompanyCode）是唯一的。

当前掌握的信息是否能够回答"在2020年，上海市锦天城律师事务所作为见证方，参与了多少家公司的年度股东大会？"？还是要继续执行下一阶段SQL查询？

>>>>> Agent【Sql_query.master】 Said:
【已知信息】
- 查询结果表明，在2020年1月1日至2020年12月31日期间，共有14家上市公司在其年度股东大会中邀请了上海市锦天城律师事务所作为见证律师事务所。

【当前阶段要获取的信息】
- 无需继续执行SQL查询，当前掌握的信息已经能够回答用户的问题。

【信息所在字段】
- 无

【筛选条件所在字段】
- 无

【SQL语句的思路】
- 无

【执行SQL语句】
- 无

【上述SQL语句的含义】
- 无

**结论**：
当前掌握的信息已经能够回答“在2020年，上海市锦天城律师事务所作为见证方，参与了多少家公司的年度股东大会？”这一问题。具体答案是：14家公司。

因此，无需继续执行下一阶段的SQL查询。


>>>>> 【user】 Said:
请回答问题:"在2020年，上海市锦天城律师事务所作为见证方，参与了多少家公司的年度股东大会？"

>>>>> Agent【Sql_query.summary】 Said:
14家
