
>>>>> Original Question: 中炬高新技术实业(集团)股份有限公司在什么时候成立的？回复时给我YYYY/MM/DD的格式


>>>>> Agent【extract_company】 Said:
```json
["中炬高新技术实业(集团)股份有限公司"]
```

>>>>> 查询sql:
SELECT 'constantdb.secumain' AS TableName, InnerCode, CompanyCode, ChiName, EngName, SecuCode
FROM constantdb.secumain 
WHERE SecuCode = '中炬高新技术实业(集团)股份有限公司'
   OR ChiName LIKE '%中炬高新技术实业(集团)股份有限公司%'
   OR ChiNameAbbr LIKE '%中炬高新技术实业(集团)股份有限公司%'
   OR EngName LIKE '%中炬高新技术实业(集团)股份有限公司%'
   OR EngNameAbbr LIKE '%中炬高新技术实业(集团)股份有限公司%'
   OR SecuAbbr LIKE '%中炬高新技术实业(集团)股份有限公司%'
UNION ALL
SELECT 'constantdb.hk_secumain' AS TableName, InnerCode, CompanyCode, ChiName, EngName, SecuCode
FROM constantdb.hk_secumain 
WHERE SecuCode = '%中炬高新技术实业(集团)股份有限公司%'
   OR ChiName LIKE '%中炬高新技术实业(集团)股份有限公司%'
   OR ChiNameAbbr LIKE '%中炬高新技术实业(集团)股份有限公司%'
   OR EngName LIKE '%中炬高新技术实业(集团)股份有限公司%'
   OR EngNameAbbr LIKE '%中炬高新技术实业(集团)股份有限公司%'
   OR SecuAbbr LIKE '%中炬高新技术实业(集团)股份有限公司%'
   OR FormerName LIKE '%中炬高新技术实业(集团)股份有限公司%'
UNION ALL
SELECT 'constantdb.us_secumain' AS TableName, InnerCode, CompanyCode, ChiName, EngName, SecuCode
FROM constantdb.us_secumain 
WHERE SecuCode = '中炬高新技术实业(集团)股份有限公司'
   OR ChiName LIKE '%中炬高新技术实业(集团)股份有限公司%'
   OR EngName LIKE '%中炬高新技术实业(集团)股份有限公司%'
   OR SecuAbbr LIKE '%中炬高新技术实业(集团)股份有限公司%';
查询结果:
[{"TableName": "constantdb.secumain", "InnerCode": 2120, "CompanyCode": 1805, "ChiName": "中炬高新技术实业(集团)股份有限公司", "EngName": "Jonjee Hi-Tech Industrial And Commercial Holding Co.,Ltd", "SecuCode": "600872"}]


>>>>> Agent【rewrite_question】 Said:
中炬高新技术实业(集团)股份有限公司(CompanyCode:1805)在什么时候成立的？请以YYYY/MM/DD的格式回复。

>>>>> 已知事实:
中炬高新技术实业(集团)股份有限公司的关联信息有:[InnerCode(证券内部编码)是2120;CompanyCode(公司代码)是1805;ChiName(中文名称)是中炬高新技术实业(集团)股份有限公司;EngName(英文名称)是Jonjee Hi-Tech Industrial And Commercial Holding Co.,Ltd;SecuCode(证券代码)是600872;]
---
中炬高新技术实业(集团)股份有限公司的关联信息有:[InnerCode(证券内部编码)是2120;CompanyCode(公司代码)是1805;ChiName(中文名称)是中炬高新技术实业(集团)股份有限公司;EngName(英文名称)是Jonjee Hi-Tech Industrial And Commercial Holding Co.,Ltd;SecuCode(证券代码)是600872;]

>>>>> Agent【Check_db_structure.db_selector】 Said:
【分析】
用户询问的是中炬高新技术实业(集团)股份有限公司的成立日期，这属于公司基本信息的范畴。根据知识库中的描述，"astockbasicinfodb"（上市公司基本资料）数据库记录了上市公司的详细资料，包括公司概况等信息，因此最有可能包含公司成立日期。

【选中的数据库】
- astockbasicinfodb: 这个数据库包含上市公司的基本资料，如公司概况、注册信息等，应该包含公司成立日期。

【选中的数据库的清单】
```json
["astockbasicinfodb"]
```


>>>>> Agent【Check_db_structure.table_selector】 Said:
【分析】
用户需要查询中炬高新技术实业(集团)股份有限公司（CompanyCode:1805）的成立日期。根据提供的数据库表信息，`astockbasicinfodb.lc_stockarchives` 表中包含了公司基本信息，其中包括公司成立日期。因此，选择该表即可满足用户需求。

【选中的数据表】
- astockbasicinfodb.lc_stockarchives: 这个数据表包含公司基本信息，包括公司代码和公司成立日期。

【选中的数据库表的清单】
```json
["astockbasicinfodb.lc_stockarchives"]
```


>>>>> Agent【Check_db_structure.columns_selector】 Said:
【分析】
用户提问中炬高新技术实业(集团)股份有限公司(CompanyCode:1805)在什么时候成立的，需要找到该公司成立日期的信息。

【信息所在字段】
- astockbasicinfodb.lc_stockarchives.EstablishmentDate: 这个字段可能包含公司成立日期信息，对应用户提问中的“什么时候成立”。

【筛选条件所在字段】
- astockbasicinfodb.lc_stockarchives.CompanyCode: 这个字段可能包含公司代码信息，对应用户提问中的“CompanyCode:1805”。

【选中的字段的清单】
```json
{"astockbasicinfodb.lc_stockarchives": ["EstablishmentDate", "CompanyCode"]}
```


>>>>> Agent【Sql_query.master】 Said:
【已知信息】
- 中炬高新技术实业(集团)股份有限公司的CompanyCode是1805
- 已知该公司的法人代表是余健华

【当前阶段要获取的信息】
- 中炬高新技术实业(集团)股份有限公司的成立日期

【信息所在字段】
- EstablishmentDate（公司成立日期）

【筛选条件所在字段】
- CompanyCode（公司代码）

【SQL语句的思路】
- 使用CompanyCode作为筛选条件，查询lc_stockarchives表中的EstablishmentDate字段

【执行SQL语句】
```exec_sql
SELECT EstablishmentDate 
FROM astockbasicinfodb.lc_stockarchives 
WHERE CompanyCode = '1805'
LIMIT 1
```

【上述SQL语句的含义】
- 从astockbasicinfodb数据库的lc_stockarchives表中，筛选出CompanyCode为1805的记录，并获取其EstablishmentDate字段值，限制返回1条记录。

>>>>> 查询sql:
SELECT EstablishmentDate 
FROM astockbasicinfodb.lc_stockarchives 
WHERE CompanyCode = '1805'
LIMIT 1;
查询结果:
[{"EstablishmentDate": "1993-01-16 12:00:00.000"}]


>>>>> Agent【Sql_query.understand_query_result】 Said:
查询结果表明: 公司代码为1805的上市公司的成立日期为1993年1月16日。


>>>>> Agent【Sql_query.master】 Said:
【已知信息】
- 中炬高新技术实业(集团)股份有限公司的CompanyCode是1805
- 该公司的成立日期为1993年1月16日

【当前阶段要获取的信息】
- 无

【信息所在字段】
- 无

【筛选条件所在字段】
- 无

【SQL语句的思路】
- 无

【执行SQL语句】
- 无

【上述SQL语句的含义】
- 无

当前掌握的信息已经能够回答"中炬高新技术实业(集团)股份有限公司(CompanyCode:1805)在什么时候成立的？请以YYYY/MM/DD的格式回复。"的问题。该公司的成立日期为1993年1月16日，格式化后为1993/01/16。无需继续执行下一阶段SQL查询。


>>>>> Agent【Sql_query.summary】 Said:
1993/01/16
