
>>>>> Original Question: 2020年07月哪支基金税后分红最高


>>>>> 【user】 Said:
提取下面这段文字中的实体（如公司名、股票代码、拼音缩写等），如果识别结果是空，那么就回复No Entities."2020年07月哪支基金税后分红最高"

>>>>> Agent【extract_company】 Said:
No Entities


>>>>> 【user】 Said:
历史问答:无。
现在用户继续提问，请根据已知信息，理解当前这个问题的完整含义，并重写这个问题使得单独拿出来看仍然能够正确理解：2020年07月哪支基金税后分红最高

>>>>> Agent【rewrite_question】 Said:
2020年7月哪支基金税后分红最高？

>>>>> 已知事实:


>>>>> 【user】 Said:
请选择db，务必遵循输出的格式要求。

>>>>> Agent【Check_db_structure.db_selector】 Said:
【分析】
用户询问的是2020年7月哪支基金税后分红最高，这需要查询基金在特定月份的分红数据。根据知识库，公募基金数据库（publicfunddb）记录了公募基金的基本信息、产品名称、管理人概况及分红数据，涵盖了基金的设立与运作特性、交易所披露名称、管理公司信息及历史分红记录等内容。因此，可以从publicfunddb中获取所需的基金分红信息。

【选中的数据库】
- publicfunddb: 这个数据库包含基金的设立与运作特性、交易所披露名称、管理公司信息及历史分红记录等内容，可以用来查询2020年7月基金的税后分红情况。

【选中的数据库的清单】
```json
["publicfunddb"]
```


>>>>> 【user】 Said:
数据库表信息如下:
[{"表名": "publicfunddb.mf_fundarchives", "说明": "该数据表主要记录基金的基本信息、运作特性及相关规则。字段包括基金编码信息如基金内部编码、转型统一编码、基金代码及证券代码等；申购赎回相关信息如前后端申购代码、场内申购赎回场所及代码、最低认购申购金额及赎回份额限制等；基金特性描述如基金运作方式、性质、投资风格、类别及代码、投资方向、目标、范围等；收益与风险信息如业绩比较基准、风险收益特征、收益分配原则及场内外分配方式等；基金设立与存续信息如设立规模、设立日期、存续期起止、清算期等；货币基金特性如结转日及收益分配方式等；基金收益率表达及折算说明如A份额约定收益率表达式及备注、定期与不定期份额折算说明等；管理与托管信息如基金经理、管理人、托管人、保本担保机构及注册登记机构等；市场与类型特性如是否发起式基金、养老目标基金或FOF基金等；以及其他信息如最低持有份额及描述、巨额赎回认定比例、赎回款到账天数等。"}, {"表名": "publicfunddb.mf_fundprodname", "说明": "该数据表主要用于记录基金相关信息，包括基金的基础编码信息如基金内部编码和基金转型统一编码，信息属性如信息发布日期、信息来源、信息类别及披露名称，时间属性如生效日期和失效日期，以及状态标识如是否有效，辅助字段如拼音证券简称和备注，用于进一步描述或补充相关内容。"}, {"表名": "publicfunddb.mf_investadvisoroutline", "说明": "该数据表记录了基金管理公司相关信息，涵盖基本标识信息如基金公司代码、名称、简称等，法人信息如法人代表、总经理，以及公司成立日期、组织形式、注册资本等基本企业信息；地址信息包括注册地址、办公地址、联系地址及邮编；联系方式如电话、传真、邮箱、公司网址、客服热线等；还有联系人及其简历等人员信息；此外，还包括地域信息如所属地区，监管信息如注册登记代码、证监会标识码，以及存续截止日等内容。"}, {"表名": "publicfunddb.mf_dividend", "说明": "该数据表主要用于记录基金转型及分红相关信息，涵盖基金编码信息如基金转型统一编码和基金内部编码；日期信息如信息发布日期、分红实施公告日、截止日期、收益分配基准日、权益登记日、除息日、发放日、红利再投资日及其相关到账日和可赎回日；收益与分红信息如单位基金收益、单位基金未分配收益、派现比例（含税与税后）、派现金额合计、基准日基金可供分配利润、基准日应分配金额、本年单位累计分红、本年累计分红总额、本年累计分红次数、历史累计分红总额及次数；事件与方案信息如是否分红、方案变更说明、事件进程代码及事件进程；范围与来源信息如信息来源和发放范围，全面反映基金在分红及收益分配过程中的各类核心数据。"}]

请选择table，务必遵循输出的格式要求。

>>>>> Agent【Check_db_structure.table_selector】 Said:
【分析】
要找出2020年7月税后分红最高的基金，需要关注基金分红的具体金额和时间。根据提供的表信息，`publicfunddb.mf_dividend` 表包含了基金的分红相关信息，包括分红金额和分红日期等关键字段。

【选中的数据表】
- publicfunddb.mf_dividend: 这个数据表包含基金的分红信息，如分红实施公告日、派现金额合计（含税与税后）等，可以用来确定2020年7月税后分红最高的基金。

【选中的数据库表的清单】
```json
["publicfunddb.mf_dividend"]
```


>>>>> 【user】 Said:
已取得可用的数据表的字段信息如下:
[{"表名": "publicfunddb.mf_dividend", "表字段": [{"column": "TransCode", "desc": "基金转型统一编码"}, {"column": "InnerCode", "desc": "基金内部编码；，得到基金的交易代码、简称等。"}, {"column": "InfoPublDate", "desc": "信息发布日期"}, {"column": "InfoSource", "desc": "信息来源"}, {"column": "DividendImplementDate", "desc": "分红实施公告日"}, {"column": "EndDate", "desc": "截止日期；截止日期（EndDate）：基金收益分配基准日，同收益分配基准日[ProfitDistDate]字段一致。"}, {"column": "ProfitDistDate", "desc": "收益分配基准日；收益分配基准日(ProfitDistDate)：基金本次分红依据的可分配利润的截止日期。即，以截止该日期的本基金的可分配利润为准，向基金份额持有人按一定的分红比例实施分红。"}, {"column": "UnitProfit", "desc": "单位基金收益(元)"}, {"column": "UnitRetainedProfit", "desc": "单位基金未分配收益(元)"}, {"column": "IfDistributed", "desc": "是否分红；是否分红（IfDistributed）：该字段固定以下常量：1-是；0-否。"}, {"column": "DividendRatioBeforeTax", "desc": "派现比例(含税10派X元)"}, {"column": "ActualRatioAfterTax", "desc": "实派比例(税后10派X元)"}, {"column": "Dividendsum", "desc": "派现金额合计(元)"}, {"column": "ReDate", "desc": "权益登记日"}, {"column": "ExRightDate", "desc": "除息日"}, {"column": "ExRightDateEX", "desc": "场内除息日"}, {"column": "ExecuteDate", "desc": "发放日"}, {"column": "ExecuteDateEX", "desc": "场内发放日"}, {"column": "ReinvestDay", "desc": "红利再投资日"}, {"column": "AccountDay", "desc": "红利再投资份额到帐日"}, {"column": "RedemptionDay", "desc": "红利再投资份额可赎回日"}, {"column": "DistributableProfits", "desc": "基准日基金可供分配利润(元)"}, {"column": "AllocationValue", "desc": "基准日应分配金额(元)"}, {"column": "SchemeModification", "desc": "方案变更说明"}, {"column": "EventProcedureCode", "desc": "事件进程代码；，令LB = 1059 AND DM IN (1001,1004,3131)，得到事件进程代码的具体描述：1001-预案，1004-决案，3131-方案实施。"}, {"column": "EventProcedure", "desc": "事件进程"}, {"column": "DistributedRange", "desc": "发放范围"}, {"column": "UnitProfitYTD", "desc": "本年单位累计分红(元)；本年单位累计分红（UnitProfitYTD）：计算公式：∑（Di），其中：Di为年初至今的第i次分红的单位分红金额。"}, {"column": "DividendSumYTD", "desc": "本年累计分红总额(元)"}, {"column": "DividendTimesYTD", "desc": "本年累计分红次数(次)"}, {"column": "DiviSumSinceInception", "desc": "历史累计分红总额(元)"}, {"column": "DiviTimesSinceIncepion", "desc": "历史累计分红次数(次)"}]}]

请选择column，务必遵循输出的格式要求。

>>>>> Agent【Check_db_structure.columns_selector】 Said:
【分析】
用户询问的是2020年7月哪支基金的税后分红最高。我们需要找到基金分红的相关信息，并且筛选出2020年7月的记录，最后根据税后分红金额进行排序。

【信息所在字段】
- publicfunddb.mf_dividend.Dividendsum: 这个字段可能包含派现金额合计信息，对应用户提问中的税后分红金额。
- publicfunddb.mf_dividend.ActualRatioAfterTax: 这个字段可能包含实派比例(税后10派X元)信息，对应用户提问中的税后分红比例。

【筛选条件所在字段】
- publicfunddb.mf_dividend.DividendImplementDate: 这个字段可能包含分红实施公告日信息，对应用户提问中的2020年7月的时间条件。

【选中的字段的清单】
```json
{"publicfunddb.mf_dividend": ["Dividendsum", "ActualRatioAfterTax", "DividendImplementDate"]}
```


>>>>> 【user】 Said:
2020年7月哪支基金税后分红最高？

>>>>> Agent【Sql_query.master】 Said:
【已知信息】
- 我们需要查询2020年7月税后分红最高的基金。
- 相关表：publicfunddb.mf_dividend
- 相关字段：DividendImplementDate（分红实施公告日），ActualRatioAfterTax（实派比例税后），Dividendsum（派现金额合计）

【当前阶段要获取的信息】
- 2020年7月税后分红最高的基金的内部编码（InnerCode）

【信息所在字段】
- InnerCode（基金内部编码）

【筛选条件所在字段】
- DividendImplementDate（分红实施公告日）

【SQL语句的思路】
- 首先筛选出2020年7月的分红记录。
- 然后按照税后实派比例（ActualRatioAfterTax）或派现金额（Dividendsum）进行排序，取最高值。

【执行SQL语句】
```exec_sql
SELECT InnerCode, MAX(ActualRatioAfterTax) AS MaxDividend
FROM publicfunddb.mf_dividend
WHERE DATE(DividendImplementDate) BETWEEN '2020-07-01' AND '2020-07-31'
GROUP BY InnerCode
ORDER BY MaxDividend DESC
LIMIT 1;
```

【上述SQL语句的含义】
- 从publicfunddb.mf_dividend表中选择基金内部编码（InnerCode）和最大税后实派比例（MaxDividend）。
- 筛选条件是分红实施公告日（DividendImplementDate）在2020年7月1日至2020年7月31日之间。
- 按照基金内部编码分组，并按最大税后实派比例降序排序。
- 取排序后的第一条记录，即税后分红最高的基金。

>>>>> 查询sql:
SELECT InnerCode, MAX(ActualRatioAfterTax) AS MaxDividend
FROM publicfunddb.mf_dividend
WHERE DATE(DividendImplementDate) BETWEEN '2020-07-01' AND '2020-07-31'
GROUP BY InnerCode
ORDER BY MaxDividend DESC
LIMIT 1;
查询结果:
[{"InnerCode": 226154, "MaxDividend": 0.313}]


>>>>> 【user】 Said:
查询SQL:
SELECT InnerCode, MAX(ActualRatioAfterTax) AS MaxDividend
FROM publicfunddb.mf_dividend
WHERE DATE(DividendImplementDate) BETWEEN '2020-07-01' AND '2020-07-31'
GROUP BY InnerCode
ORDER BY MaxDividend DESC
LIMIT 1;
查询结果:
[{"InnerCode": 226154, "MaxDividend": 0.313}]

请理解查询结果

>>>>> Agent【Sql_query.understand_query_result】 Said:
查询结果表明: 在2020年7月1日至2020年7月31日期间，基金内部编码为226154的基金在分红实施公告日所对应的实派比例(税后10派X元)的最大值为0.313。该基金在此时间段内的分红表现最为突出。


>>>>> 【user】 Said:
查询SQL:
SELECT InnerCode, MAX(ActualRatioAfterTax) AS MaxDividend
FROM publicfunddb.mf_dividend
WHERE DATE(DividendImplementDate) BETWEEN '2020-07-01' AND '2020-07-31'
GROUP BY InnerCode
ORDER BY MaxDividend DESC
LIMIT 1;
查询结果:
[{"InnerCode": 226154, "MaxDividend": 0.313}]

查询结果表明: 在2020年7月1日至2020年7月31日期间，基金内部编码为226154的基金在分红实施公告日所对应的实派比例(税后10派X元)的最大值为0.313。该基金在此时间段内的分红表现最为突出。

当前掌握的信息是否能够回答"2020年7月哪支基金税后分红最高？"？还是要继续执行下一阶段SQL查询？

>>>>> Agent【Sql_query.master】 Said:
【已知信息】
- 在2020年7月1日至2020年7月31日期间，基金内部编码为226154的基金在分红实施公告日所对应的实派比例（税后10派X元）的最大值为0.313。
- 该基金在此时间段内的分红表现最为突出。

【当前阶段要获取的信息】
- 基金的基本信息，如基金名称或简称，以便明确回答“2020年7月哪支基金税后分红最高？”

【信息所在字段】
- ChiNameAbbr（中文名称缩写）或 SecuCode（证券代码）

【筛选条件所在字段】
- InnerCode（基金内部编码）

【SQL语句的思路】
- 使用已知的基金内部编码（226154）在constantdb.secumain表中查询基金的名称或简称。

【执行SQL语句】
```exec_sql
SELECT ChiNameAbbr, SecuCode
FROM constantdb.secumain
WHERE InnerCode = 226154;
```

【上述SQL语句的含义】
- 从constantdb.secumain表中选择基金的中文名称缩写（ChiNameAbbr）和证券代码（SecuCode）。
- 筛选条件是基金内部编码（InnerCode）等于226154。
- 这样可以获取到该基金的具体名称和代码，以便明确回答问题。

>>>>> 查询sql:
SELECT ChiNameAbbr, SecuCode
FROM constantdb.secumain
WHERE InnerCode = 226154;
查询结果:
[{"ChiNameAbbr": "天弘安益债券A", "SecuCode": "7295"}]


>>>>> 【user】 Said:
查询SQL:
SELECT ChiNameAbbr, SecuCode
FROM constantdb.secumain
WHERE InnerCode = 226154;
查询结果:
[{"ChiNameAbbr": "天弘安益债券A", "SecuCode": "7295"}]

请理解查询结果

>>>>> Agent【Sql_query.understand_query_result】 Said:
查询结果表明: 该查询从constantdb数据库的secumain表中选取了中文名称缩写(ChiNameAbbr)和证券代码(SecuCode)两个字段，条件是证券内部编码(InnerCode)等于226154。结果显示，符合条件的记录中，中文名称缩写为“天弘安益债券A”，证券代码为“7295”。


>>>>> 【user】 Said:
查询SQL:
SELECT ChiNameAbbr, SecuCode
FROM constantdb.secumain
WHERE InnerCode = 226154;
查询结果:
[{"ChiNameAbbr": "天弘安益债券A", "SecuCode": "7295"}]

查询结果表明: 该查询从constantdb数据库的secumain表中选取了中文名称缩写(ChiNameAbbr)和证券代码(SecuCode)两个字段，条件是证券内部编码(InnerCode)等于226154。结果显示，符合条件的记录中，中文名称缩写为“天弘安益债券A”，证券代码为“7295”。

当前掌握的信息是否能够回答"2020年7月哪支基金税后分红最高？"？还是要继续执行下一阶段SQL查询？

>>>>> Agent【Sql_query.master】 Said:
【已知信息】
- 在2020年7月1日至2020年7月31日期间，基金内部编码为226154的基金在分红实施公告日所对应的实派比例（税后10派X元）的最大值为0.313。
- 该基金的中文名称缩写为“天弘安益债券A”，证券代码为“7295”。

【当前阶段要获取的信息】
- 无需继续执行SQL查询，当前掌握的信息已足够回答问题。

【信息所在字段】
- 无

【筛选条件所在字段】
- 无

【SQL语句的思路】
- 无需继续执行SQL查询。

【执行SQL语句】
- 无

【上述SQL语句的含义】
- 无

**结论**：
当前掌握的信息已足够回答“2020年7月哪支基金税后分红最高？”的问题。答案是：2020年7月税后分红最高的基金是“天弘安益债券A”，证券代码为“7295”。


>>>>> 【user】 Said:
充分尊重前面给出的结论，回答问题:"2020年7月哪支基金税后分红最高？"

>>>>> Agent【Sql_query.summary】 Said:
2020年7月税后分红最高的基金是“天弘安益债券A”，证券代码为“7295”。
