
>>>>> Original Question: 中粮资本在当天的VRSI量相对强弱是多少？


>>>>> Agent【extract_company】 Said:
```json
["中粮资本"]
```

>>>>> 查询sql:
SELECT 'constantdb.secumain' AS TableName, InnerCode, CompanyCode, ChiName, EngName, SecuCode
FROM constantdb.secumain 
WHERE SecuCode = '中粮资本'
   OR ChiName LIKE '%中粮资本%'
   OR ChiNameAbbr LIKE '%中粮资本%'
   OR EngName LIKE '%中粮资本%'
   OR EngNameAbbr LIKE '%中粮资本%'
   OR SecuAbbr LIKE '%中粮资本%'
UNION ALL
SELECT 'constantdb.hk_secumain' AS TableName, InnerCode, CompanyCode, ChiName, EngName, SecuCode
FROM constantdb.hk_secumain 
WHERE SecuCode = '%中粮资本%'
   OR ChiName LIKE '%中粮资本%'
   OR ChiNameAbbr LIKE '%中粮资本%'
   OR EngName LIKE '%中粮资本%'
   OR EngNameAbbr LIKE '%中粮资本%'
   OR SecuAbbr LIKE '%中粮资本%'
   OR FormerName LIKE '%中粮资本%'
UNION ALL
SELECT 'constantdb.us_secumain' AS TableName, InnerCode, CompanyCode, ChiName, EngName, SecuCode
FROM constantdb.us_secumain 
WHERE SecuCode = '中粮资本'
   OR ChiName LIKE '%中粮资本%'
   OR EngName LIKE '%中粮资本%'
   OR SecuAbbr LIKE '%中粮资本%';
查询结果:
[{"TableName": "constantdb.secumain", "InnerCode": 10458, "CompanyCode": 78989, "ChiName": "中粮资本控股股份有限公司", "EngName": "Cofco Capital Holdings Co.,Ltd.", "SecuCode": "002423"}]


>>>>> Agent【rewrite_question】 Said:
中粮资本控股股份有限公司（CompanyCode: 78989, InnerCode: 10458）在2021年7月27日的VRSI量相对强弱是多少？

>>>>> 已知事实:
中粮资本的关联信息有:[InnerCode(证券内部编码)是10458;CompanyCode(公司代码)是78989;ChiName(中文名称)是中粮资本控股股份有限公司;EngName(英文名称)是Cofco Capital Holdings Co.,Ltd.;SecuCode(证券代码)是002423;]
---
中粮资本的关联信息有:[InnerCode(证券内部编码)是10458;CompanyCode(公司代码)是78989;ChiName(中文名称)是中粮资本控股股份有限公司;EngName(英文名称)是Cofco Capital Holdings Co.,Ltd.;SecuCode(证券代码)是002423;]

>>>>> Agent【Check_db_structure.db_selector】 Said:
【分析】
用户需要查询中粮资本控股股份有限公司在2021年7月27日的VRSI量相对强弱。VRSI是一个技术指标，通常属于股票行情数据的范畴。因此，我们需要找到一个包含股票行情和技术指标数据的数据库。

【选中的数据库】
- astockmarketquotesdb: 这个数据库记录了境内股票的交易行情、技术指标等全面数据，涵盖了每日行情、技术指标等多个维度，应该包含VRSI量相对强弱指标。

【选中的数据库的清单】
```json
["astockmarketquotesdb"]
```


>>>>> Agent【Check_db_structure.table_selector】 Said:
【分析】
用户需要查询中粮资本控股股份有限公司在2021年7月27日的VRSI量相对强弱。根据提供的表信息，VRSI量相对强弱是一个成交量波动性与强弱分析指标，包含在`cs_turnovervoltecindex`表中。

【选中的数据表】
- astockmarketquotesdb.cs_turnovervoltecindex: 这个数据表包含成交量波动性与强弱分析指标，包括VRSI量相对强弱。

【选中的数据库表的清单】
```json
["astockmarketquotesdb.cs_turnovervoltecindex"]
```


>>>>> Agent【Check_db_structure.columns_selector】 Said:
【分析】
用户提问中粮资本控股股份有限公司（CompanyCode: 78989, InnerCode: 10458）在2021年7月27日的VRSI量相对强弱是多少？我们需要找到与公司代码、内部编码、日期和VRSI指标相关的字段。

【信息所在字段】
- constantdb.secumain.CompanyCode: 这个字段可能包含公司代码信息，对应用户提问中的CompanyCode: 78989
- constantdb.secumain.InnerCode: 这个字段可能包含证券内部编码信息，对应用户提问中的InnerCode: 10458
- astockmarketquotesdb.cs_turnovervoltecindex.InnerCode: 这个字段可能包含证券内部编码信息，对应用户提问中的InnerCode: 10458
- astockmarketquotesdb.cs_turnovervoltecindex.TradingDay: 这个字段可能包含交易日期信息，对应用户提问中的2021年7月27日
- astockmarketquotesdb.cs_turnovervoltecindex.VRSI: 这个字段可能包含VRSI量相对强弱信息，对应用户提问中的VRSI量相对强弱

【筛选条件所在字段】
- constantdb.secumain.CompanyCode: 这个字段可能包含公司代码信息，对应用户提问中的CompanyCode: 78989
- constantdb.secumain.InnerCode: 这个字段可能包含证券内部编码信息，对应用户提问中的InnerCode: 10458
- astockmarketquotesdb.cs_turnovervoltecindex.InnerCode: 这个字段可能包含证券内部编码信息，对应用户提问中的InnerCode: 10458
- astockmarketquotesdb.cs_turnovervoltecindex.TradingDay: 这个字段可能包含交易日期信息，对应用户提问中的2021年7月27日

【选中的字段的清单】
```json
{
  "constantdb.secumain": ["CompanyCode", "InnerCode"],
  "astockmarketquotesdb.cs_turnovervoltecindex": ["InnerCode", "TradingDay", "VRSI"]
}
```


>>>>> Agent【Sql_query.master】 Said:
【已知信息】
- 中粮资本控股股份有限公司的CompanyCode为78989，InnerCode为10458。
- 中粮资本在2021年的最低收盘价为7.88元，出现在2021年7月27日。

【当前阶段要获取的信息】
- 中粮资本在2021年7月27日的VRSI量相对强弱

【信息所在字段】
- VRSI量相对强弱字段为`VRSI`

【筛选条件所在字段】
- 证券内部编码字段为`InnerCode`
- 交易日期字段为`TradingDay`

【SQL语句的思路】
- 从`astockmarketquotesdb.cs_turnovervoltecindex`表中查询`VRSI`字段
- 筛选条件为`InnerCode`等于10458且`TradingDay`等于2021年7月27日

【执行SQL语句】
```exec_sql
SELECT VRSI 
FROM astockmarketquotesdb.cs_turnovervoltecindex 
WHERE InnerCode = 10458 AND DATE(TradingDay) = '2021-07-27'
LIMIT 1
```

【上述SQL语句的含义】
- 该SQL语句用于查询中粮资本在2021年7月27日的VRSI量相对强弱值。通过筛选`InnerCode`为10458和`TradingDay`为2021年7月27日，获取对应的`VRSI`值。

>>>>> 查询sql:
SELECT VRSI 
FROM astockmarketquotesdb.cs_turnovervoltecindex 
WHERE InnerCode = 10458 AND DATE(TradingDay) = '2021-07-27'
LIMIT 1;
查询结果:
[{"VRSI": 58.0039}]


>>>>> Agent【Sql_query.understand_query_result】 Said:
查询结果表明: 在交易日期为2021年7月27日时，证券内部编码为10458的股票的VRSI量相对强弱指标值为58.0039。


>>>>> Agent【Sql_query.master】 Said:
【已知信息】
- 中粮资本控股股份有限公司的CompanyCode为78989，InnerCode为10458。
- 中粮资本在2021年的最低收盘价为7.88元，出现在2021年7月27日。
- 在交易日期为2021年7月27日时，证券内部编码为10458的股票的VRSI量相对强弱指标值为58.0039。

【当前阶段要获取的信息】
- 无

【信息所在字段】
- 无

【筛选条件所在字段】
- 无

【SQL语句的思路】
- 无

【执行SQL语句】
- 无

【上述SQL语句的含义】
- 无

当前掌握的信息已经能够回答"中粮资本控股股份有限公司（CompanyCode: 78989, InnerCode: 10458）在2021年7月27日的VRSI量相对强弱是多少？"的问题。具体答案为：中粮资本控股股份有限公司在2021年7月27日的VRSI量相对强弱指标值为58.0039。无需继续执行下一阶段SQL查询。


>>>>> Agent【Sql_query.summary】 Said:
58.0039
