
>>>>> Original Question: 2021-12-27光学光电子行业的总市值是多少(元)？


>>>>> 【user】 Said:
历史问答:无。
现在用户继续提问，请根据已知信息，理解当前这个问题的完整含义，并重写这个问题使得单独拿出来看仍然能够正确理解：2021-12-27光学光电子行业的总市值是多少(元)？

>>>>> Agent【rewrite_question】 Said:
请问在2021年12月27日，光学光电子行业的总市值是多少元？


>>>>> 【user】 Said:
提取下面这段文字里的实体，如公司名、股票代码等，如果识别结果是空，那么就回复No Entities."请问在2021年12月27日，光学光电子行业的总市值是多少元？"

>>>>> Agent【extract_company】 Said:
No Entities.

>>>>> 已知事实:


>>>>> 【user】 Said:
请选择db，务必遵循输出的格式要求。

>>>>> Agent【Check_db_structure.db_selector】 Said:
【分析】
用户询问的是2021年12月27日光学光电子行业的总市值。要获取这一信息，需要两个关键数据：
1. 光学光电子行业包含的上市公司列表。
2. 这些上市公司在2021年12月27日的市值数据。

根据知识库，`astockindustrydb`数据库记录了上市公司的行业分类信息，可以用来确定光学光电子行业包含的上市公司。`astockmarketquotesdb`数据库记录了上市公司的股票行情数据，包括市值信息。

【选中的数据库】
- `astockindustrydb`: 这个数据库包含上市公司的行业分类信息，可以确定光学光电子行业的公司。
- `astockmarketquotesdb`: 这个数据库包含上市公司的股票行情数据，可以获取2021年12月27日的市值数据。

【选中的数据库的清单】
```json
["astockindustrydb", "astockmarketquotesdb"]
```


>>>>> 【user】 Said:
数据库表信息如下:
[{"表名": "astockindustrydb.lc_exgindustry", "说明": "该数据表包含与公司及行业相关的信息，主要字段包括公司标识信息如公司代码，信息动态如发布日期和来源，行业分类信息如行业划分标准、所属行业及是否执行，并提供多层级行业分类数据，包括一级至四级行业的代码和名称，以及取消日期等补充信息。"}, {"表名": "astockindustrydb.lc_exgindchange", "说明": "该数据表主要用于记录公司相关的行业信息和执行状态，字段包括公司基础信息如公司代码，公司动态信息如信息发布日期和信息来源，行业分类信息如行业划分标准、所属行业，以及多级行业信息包括一级到四级的行业代码和名称。此外，还包含执行状态相关字段如是否执行和取消日期。"}, {"表名": "astockindustrydb.lc_industryvaluation", "说明": "该数据表主要用于记录行业相关的统计信息和财务指标，包含以下字段：基础信息如行业内部编码、行业名称、行业代码、行业分类标准等；时间信息如交易日；统计维度如统计类型和统计板块；行业市值信息如总市值、A股流通市值、A股自由流通市值等；估值指标如滚动市盈率、静态市盈率、市净率、滚动股息率、滚动市现率、静态市现率、滚动市销率、静态市销率等；其他信息如上市证券数量和分类等，全面反映行业的市场表现和财务状况。"}, {"表名": "astockindustrydb.lc_indfinindicators", "说明": "该数据表主要用于描述行业相关的统计和财务信息，字段涵盖多个方面：基础信息如行业内部编码、名称、级别、代码及划分标准等；时间信息包括信息发布日期和截止日期；统计指标如统计类型和板块；财务数据包括行业营业收入、营业成本、营业利润、净利润及归属母公司净利润等，均提供TTM（滚动12个月）和累计值；资产与股本信息如总资产、净资产、总股本等；盈利能力指标包括每股收益、净资产收益率（平均、摊薄、TTM及扣除值）、总资产净利率、销售毛利率、销售净利率等；费用相关指标如财务费用率、销售费用率、期间费用率及营业总成本占比；运营效率指标包括存货周转率及天数、应收账款周转率及天数、总资产周转率等；现金流与偿债能力指标如经营现金流利息保障倍数、流动比率、速动比率、利息保障倍数等；增长性指标如归属母公司净利润同比增长、毛利润同比增长等；其他指标如资产负债率、有形资产净值占比、对外投资占比、预收账款占营业收入比、应收账款占营业收入比等，全面反映行业的财务状况、盈利能力、运营效率及偿债能力。"}, {"表名": "astockindustrydb.lc_coconcept", "说明": "该数据表主要用于记录证券相关概念及状态信息，包括证券内部编码和概念代码等基础标识信息，调入日期与调出日期等时间维度信息，所属状态及备注等描述性信息，以及信息发布日期等数据更新信息。"}, {"表名": "astockindustrydb.lc_conceptlist", "说明": "该数据表包含与概念分类相关的信息，包括一级和二级概念的代码和名称，以及概念板块的编码和名称。此外，还包括概念的时间信息如起始日期、结束日期和信息发布日期，状态信息如所属状态，以及补充信息如备注和概念英文名称。"}, {"表名": "astockmarketquotesdb.cs_stockcapflowindex", "说明": "该数据表记录了证券交易相关的详细数据，涵盖交易日期、时间区间等基本信息，以及按小单、中单、大单、超大单、主力单和全单分类的交易统计数据，包括流入流出金额、流入流出量、流入流出笔数、净流入流出额与量、买入卖出率（按金额和数量计算）、净买入率及其与流通市值或流通股本的比值等。此外，还细分了主动买入卖出相关的金额、数量、笔数及其比率等指标，全面反映了不同交易规模下的资金流向和市场行为特征。"}, {"表名": "astockmarketquotesdb.cs_turnovervoltecindex", "说明": "该数据表记录了证券交易的相关数据，包含多个类别的字段信息。基本信息包括证券内部编码、聚源代码、交易日期、证券市场等；时间维度涵盖指标周期；成交额和成交量的统计指标包括简单移动平均值（如5日、10日、20日、30日、60日、120日、250日等周期的AMA和VMA）、指数平滑异同平均（如VMACD_EMA12、VMACD_EMA26、VMACD_DIFF、VMACD_DEA、VMACD_MACD）等；成交量的波动性与强弱分析指标包括量比、成交量震荡指标(VOSC)、加权指数成交量(TAPI及其均值TAPIMA)、成交量标准差(VSTD)、量变动速率(VROC)、成交量比率(VR)、量相对强弱(VRSI)等，全面反映证券交易的量价变化及趋势特征。"}, {"表名": "astockmarketquotesdb.cs_stockpatterns", "说明": "该数据表主要用于记录证券交易的多维度表现与趋势分析，涵盖基础信息如证券内部编码、交易日、聚源代码、证券市场等；高点与低点分析，包括价格、收盘价、成交量、成交金额在近一周、一个月、一季度、半年、一年及上市以来的创高或创低情况；历史新高新低统计，记录不同时间区间内创历史新高或新低的次数；趋势与形态分析，如连涨天数、连跌天数、连续放量或缩量天数，以及对5日、10日、20日、60日均线的有效突破情况；其他指标如N天M板表现和均线多空头排列的看涨看跌信号，为证券的短期与长期走势提供综合性参考。"}, {"表名": "astockmarketquotesdb.qt_dailyquote", "说明": "该数据表记录了证券交易的核心信息，包括证券的唯一标识\"证券内部编码\"，交易日期\"交易日\"，以及价格相关数据如\"昨收盘价\"、\"今开盘价\"、\"最高价\"、\"最低价\"和\"收盘价\"（单位均为元）；还包含交易活动指标，如\"成交量\"（股）、\"成交金额\"（元）和\"成交笔数\"（笔），全面反映了每日交易的市场表现。"}, {"表名": "astockmarketquotesdb.qt_stockperformance", "说明": "该数据表涵盖了证券交易的多维度信息，包括基本标识字段如证券内部编码和交易日；价格相关信息如开盘价、收盘价、最高价、最低价、均价以及涨跌幅、振幅等；成交数据如成交量、成交金额、换手率及其日均值；时间维度统计如周、月、三个月、六个月、十二个月及今年以来的价格、成交量、成交金额、涨跌幅、振幅、换手率等汇总指标；自由流通股本相关的换手率及其日均值；市场表现指标如Beta值（相对于不同基准指数）、阿尔法值、波动率、夏普比率、市场收益率等；市值信息包括总市值和流通市值；特殊价格指标如上市以来后复权的最高价、最低价及对应时间。该表全面整合了短期和长期的交易数据、市场表现以及统计汇总，为证券分析提供了丰富的基础数据支持。"}, {"表名": "astockmarketquotesdb.lc_suspendresumption", "说明": "该数据表主要记录证券停复牌相关信息，包括证券标识字段如证券内部编码，时间相关字段如信息发布日期、停牌日期、停牌时间、复牌日期、复牌时间，信息来源字段如信息来源，停复牌详情字段如停牌原因、停牌事项说明、停牌期限、停牌期限类型及复牌事项说明等，全面描述了证券停复牌的时间、原因及相关说明。"}]

请选择table，务必遵循输出的格式要求。

>>>>> Agent【Check_db_structure.table_selector】 Said:
【分析】
要计算2021年12月27日光学光电子行业的总市值，需要找到包含行业分类信息和市值数据的表。首先，需要确定哪些公司属于光学光电子行业，然后获取这些公司在指定日期的总市值。

【选中的数据表】
- `astockindustrydb.lc_exgindustry`: 这个数据表包含公司及行业相关的信息，可以用来确定哪些公司属于光学光电子行业。
- `astockmarketquotesdb.qt_stockperformance`: 这个数据表包含市值信息，可以用来获取公司在指定日期的总市值。

【选中的数据库表的清单】
```json
["astockindustrydb.lc_exgindustry", "astockmarketquotesdb.qt_stockperformance"]
```
补充选择table: ["hkstockdb.cs_hkstockperformance"]

>>>>> 【user】 Said:
已取得可用的数据表的字段信息如下:
[{"表名": "astockindustrydb.lc_exgindustry", "表字段": [{"column": "CompanyCode", "desc": "公司代码；，得到上市公司的交易代码、简称等。"}, {"column": "InfoPublDate", "desc": "信息发布日期"}, {"column": "InfoSource", "desc": "信息来源"}, {"column": "Standard", "desc": "行业划分标准；，令“LB=1081”，得到行业划分的具体标准：1-CSRC行业分类2001版(不更新)，3-中信行业分类2010版(不更新)，5-上交所行业分类(不更新)，6-聚源行业分类(旧)(不更新)，7-SSE-GICS行业分类(不更新)，8-聚源行业分类(不更新)，9-申万行业分类2011版(不更新)，11-中银(BOCI)行业分类(不更新)，12-中证指数行业分类2007版(不更新)，13-中信标普GICS行业分类(不更新)，18-证监会行业分类(中证)(不更新)，19-银华自定义行业分类(不更新)，20-国证行业分类，21-新聚源行业分类(不更新)，22-证监会行业分类2012版，23-证监会行业分类2012版(中证披露)，24-申万行业分类2014版(不更新)，28-中证指数行业分类2016版(不更新)，30-聚源行业分类2016版，32-国民经济行业分类(2017)，37-中信行业2019分类，38-申万行业分类(新)，40-中证指数行业分类(2021版)，42-AMAC行业分类，44-中国上市公司协会行业分类。"}, {"column": "Industry", "desc": "所属行业；；，“LB=1082”；，“LB=1460”；，“LB=1294”；，“LB=1465”；，“LB=1804”；；，“LB=1477”；，“LB=1478”；，“LB=1753”；，“LB=1755”；，“LB=1755”；，“LB=1984”。"}, {"column": "IfPerformed", "desc": "是否执行；是否执行（IfPerformed），该字段固定以下常量：1-是；2-否"}, {"column": "CancelDate", "desc": "取消日期"}, {"column": "FirstIndustryCode", "desc": "对应一级行业代码"}, {"column": "FirstIndustryName", "desc": "对应一级行业名称"}, {"column": "SecondIndustryCode", "desc": "对应二级行业代码"}, {"column": "SecondIndustryName", "desc": "对应二级行业名称"}, {"column": "ThirdIndustryCode", "desc": "对应三级行业代码"}, {"column": "ThirdIndustryName", "desc": "对应三级行业名称"}, {"column": "FourthIndustryCode", "desc": "四级行业代码"}, {"column": "FourthIndustryName", "desc": "四级行业名称"}]}, {"表名": "astockmarketquotesdb.qt_stockperformance", "表字段": [{"column": "InnerCode", "desc": "证券内部编码；，得到证券的交易代码、简称等。"}, {"column": "TradingDay", "desc": "交易日"}, {"column": "PrevClosePrice", "desc": "昨收盘"}, {"column": "OpenPrice", "desc": "今开盘"}, {"column": "HighPrice", "desc": "最高价"}, {"column": "LowPrice", "desc": "最低价"}, {"column": "ClosePrice", "desc": "收盘价"}, {"column": "TurnoverVolume", "desc": "成交量1"}, {"column": "TurnoverValue", "desc": "成交金额(元)1"}, {"column": "ChangePCT", "desc": "涨跌幅(%)1"}, {"column": "RangePCT", "desc": "振幅(%)1"}, {"column": "TurnoverRate", "desc": "换手率(%)"}, {"column": "AvgPrice", "desc": "均价"}, {"column": "Ifsuspend", "desc": "是否停牌；1：当日停牌；0：当日非停牌"}, {"column": "TurnoverValueRW", "desc": "周成交金额(元)"}, {"column": "TurnoverVolumeRW", "desc": "周成交量(股)"}, {"column": "ChangePCTRW", "desc": "周涨跌幅(%)"}, {"column": "RangePCTRW", "desc": "周振幅(%)"}, {"column": "TurnoverRateRW", "desc": "周换手率(%)"}, {"column": "AvgPriceRW", "desc": "周成交均价(元)"}, {"column": "HighPriceRW", "desc": "周最高价(元)"}, {"column": "LowPriceRW", "desc": "周最低价(元)"}, {"column": "HighestClosePriceRW", "desc": "周收盘最高价(元)"}, {"column": "LowestClosePriceRW", "desc": "周收盘最低价(元)"}, {"column": "TurnoverValuePerDayRW", "desc": "周日均成交金额(元)"}, {"column": "TurnoverRatePerDayRW", "desc": "周日均换手率(%)"}, {"column": "TurnoverValueTW", "desc": "本周以来成交金额(元)"}, {"column": "TurnoverVolumeTW", "desc": "本周以来成交量(股)"}, {"column": "ChangePCTTW", "desc": "本周以来涨跌幅(%)"}, {"column": "RangePCTTW", "desc": "本周以来振幅(%)"}, {"column": "TurnoverRateTW", "desc": "本周以来换手率(%)"}, {"column": "AvgPriceTW", "desc": "本周以来成交均价(元)"}, {"column": "HighPriceTW", "desc": "本周以来最高价(元)"}, {"column": "LowPriceTW", "desc": "本周以来最低价(元)"}, {"column": "HighestClosePriceTW", "desc": "本周以来收盘最高价(元)"}, {"column": "LowestClosePriceTW", "desc": "本周以来收盘最低价(元)"}, {"column": "TurnoverValuePerDayTW", "desc": "本周以来日均成交金额(元)"}, {"column": "TurnoverRatePerDayTW", "desc": "本周以来日均换手率(%)"}, {"column": "TurnoverValueRM", "desc": "月成交金额(元)"}, {"column": "TurnoverVolumeRM", "desc": "月成交量(股)"}, {"column": "ChangePCTRM", "desc": "月涨跌幅(%)"}, {"column": "RangePCTRM", "desc": "月振幅(%)"}, {"column": "TurnoverRateRM", "desc": "月换手率(%)"}, {"column": "AvgPriceRM", "desc": "月成交均价(元)"}, {"column": "HighPriceRM", "desc": "月最高价(元)"}, {"column": "LowPriceRM", "desc": "月最低价(元)"}, {"column": "HighestClosePriceRM", "desc": "月收盘最高价(元)"}, {"column": "LowestClosePriceRM", "desc": "月收盘最低价(元)"}, {"column": "TurnoverValuePerDayRM", "desc": "月日均成交金额(元)"}, {"column": "TurnoverRatePerDayRM", "desc": "月日均换手率(%)"}, {"column": "TurnoverValueTM", "desc": "本月以来成交金额(元)"}, {"column": "TurnoverVolumeTM", "desc": "本月以来成交量(股)"}, {"column": "ChangePCTTM", "desc": "本月以来涨跌幅(%)"}, {"column": "RangePCTTM", "desc": "本月以来振幅(%)"}, {"column": "TurnoverRateTM", "desc": "本月以来换手率(%)"}, {"column": "AvgPriceTM", "desc": "本月以来成交均价(元)"}, {"column": "HighPriceTM", "desc": "本月以来最高价(元)"}, {"column": "LowPriceTM", "desc": "本月以来最低价(元)"}, {"column": "HighestClosePriceTM", "desc": "本月以来收盘最高价(元)"}, {"column": "LowestClosePriceTM", "desc": "本月以来收盘最低价(元)"}, {"column": "TurnoverValuePerDayTM", "desc": "本月以来日均成交金额(元)"}, {"column": "TurnoverRatePerDayTM", "desc": "本月以来日均换手率(%)"}, {"column": "TurnoverValueRMThree", "desc": "三个月成交金额(元)1"}, {"column": "TurnoverVolumeRMThree", "desc": "三个月成交量(股)1"}, {"column": "ChangePCTRMThree", "desc": "三个月涨跌幅(%)1"}, {"column": "RangePCTRMThree", "desc": "三个月振幅(%)1"}, {"column": "TurnoverRateRMThree", "desc": "三个月换手率(%)1"}, {"column": "TurnoverValueRMSix", "desc": "六个月成交金额(元)1"}, {"column": "TurnoverVolumeRMSix", "desc": "六个月成交量(股)1"}, {"column": "ChangePCTRMSix", "desc": "六个月涨跌幅(%)1"}, {"column": "RangePCTRMSix", "desc": "六个月振幅(%)1"}, {"column": "TurnoverRateRMSix", "desc": "六个月换手率(%)1"}, {"column": "TurnoverValueRY", "desc": "十二个月成交金额(元)1"}, {"column": "TurnoverVolumeRY", "desc": "十二个月成交量(股)1"}, {"column": "ChangePCTRY", "desc": "十二个月涨跌幅(%)1"}, {"column": "RangePCTRY", "desc": "十二个月振幅(%)1"}, {"column": "TurnoverRateRY", "desc": "十二个月换手率(%)1"}, {"column": "AvgPriceRY", "desc": "十二个月成交均价(元)1"}, {"column": "HighPriceRY", "desc": "十二个月最高价(元)1"}, {"column": "LowPriceRY", "desc": "十二个月最低价(元)1"}, {"column": "HighestClosePriceRY", "desc": "十二个月收盘最高价(元)1"}, {"column": "LowestClosePriceRY", "desc": "十二个月收盘最低价(元)1"}, {"column": "TurnoverValuePDayRY", "desc": "十二个月日均成交金额(元)1"}, {"column": "TurnoverRatePDayRY", "desc": "十二个月日均换手率(%)1"}, {"column": "TurnoverValueYTD", "desc": "今年以来成交金额(元)1"}, {"column": "TurnoverVolumeYTD", "desc": "今年以来成交量(股)1"}, {"column": "ChangePCTYTD", "desc": "今年以来涨跌幅(%)1"}, {"column": "RangePCTYTD", "desc": "今年以来振幅(%)1"}, {"column": "TurnoverRateYTD", "desc": "今年以来换手率(%)1"}, {"column": "AvgPriceYTD", "desc": "今年以来成交均价(元)1"}, {"column": "HighPriceYTD", "desc": "今年以来最高价(元)1"}, {"column": "LowPriceYTD", "desc": "今年以来最低价(元)1"}, {"column": "HighestClosePriceYTD", "desc": "今年以来收盘最高价(元)1"}, {"column": "LowestClosePriceYTD", "desc": "今年以来收盘最低价(元)1"}, {"column": "TurnoverValuePerDayYTD", "desc": "今年以来日均成交金额(元)1"}, {"column": "TurnoverRatePerDayYTD", "desc": "今年以来日均换手率(%)1"}, {"column": "HighAdjustedPrice", "desc": "上市以来后复权最高价(元)1"}, {"column": "HighAdjustedPriceDate", "desc": "上市以来后复权最高价时间1"}, {"column": "LowAdjustedPrice", "desc": "上市以来后复权最低价(元)1"}, {"column": "LowAdjustedPriceDate", "desc": "上市以来后复权最低价时间"}, {"column": "BetaLargeCapIndex", "desc": "Beta值(相对沪深300,一年)"}, {"column": "BetaCompositeIndex", "desc": "Beta值(相对综合指数,一年)；在上海交易所上市，则取沪综指；在深圳交易所上市，则取深综指。"}, {"column": "BetaSYWGIndustryIndex", "desc": "Beta值(相对申万行业,一年)；取该股票所属的申万行业指数"}, {"column": "BetaMidCapIndex", "desc": "Beta值(相对中证500,一年)"}, {"column": "BetaWeekly", "desc": "Beta值(两年,周步长)；Beta值（两年,周步长）（BetaWeekly）：Beta=[n∑RXiRi-(∑RXi)*(∑Ri)]／[n∑（RXi^2）-(∑RXi)^2]Ri为步长区间股票增长率Rxi为步长区间基准增长率"}, {"column": "AdjustBetaWeekly", "desc": "调整Beta值(两年,周步长)；调整Beta值（两年,周步长）（AdjustBetaWeekly）：BETA值（两年,周步长）*0.67+0.33"}, {"column": "AlphaLargeCapIndex", "desc": "阿尔法(相对沪深300,一年)"}, {"column": "AlphaCompositeIndex", "desc": "阿尔法(相对综合指数,一年)；在上海交易所上市，则取沪综指；在深圳交易所上市，则取深综指。"}, {"column": "AlphaSYWGIndustryIndex", "desc": "阿尔法(相对申万行业,一年)；取该股票所属的申万行业指数。"}, {"column": "AlphMidCapIndex", "desc": "阿尔法(相对中证500,一年)"}, {"column": "YearVolatilityByDay", "desc": "波动率(日步长)；波动率(日步长)(YearVolatilityByDay):计算中为日步长数据，时间跨度为1年"}, {"column": "YearVolatilityByWeek", "desc": "波动率(周步长)1"}, {"column": "YearSharpeRatio", "desc": "夏普比率(年化)1"}, {"column": "MarketIndexRORArithAvg", "desc": "市场收益率(算术平均)；市场收益率（算术平均）（MarketIndexRORArithAvg）：Rm=（Rm1+Rm2）/2Rm1为上证综指年收益率（算术平均）Rm2为深证综指年收益率（算术平均）指数年平均收益率Rxi=(∑（Ri）/10)*100%"}, {"column": "MarketIndexRORGeomMean", "desc": "市场收益率(几何平均)；市场收益率（几何平均）（MarketIndexRORGeomMean）：Rm=（Rm1+Rm2）/2Rm1为上证综指年收益率（几何平均）Rm2为深证综指年收益率（几何平均）"}, {"column": "TotalMV", "desc": "总市值(元)1"}, {"column": "NegotiableMV", "desc": "流通市值(不含限售股)(元)1"}, {"column": "TurnoverRateFreeFloat", "desc": "换手率_自由流通股本(%)"}, {"column": "TurnoverRateFFTRW", "desc": "周换手率_自由流通股本(%)1"}, {"column": "TurnoverRatePDFFTRW", "desc": "周日均换手率_自由流通股本(%)1"}, {"column": "TurnoverRateFFTTW", "desc": "本周以来换手率_自由流通股本(%)"}, {"column": "TurnoverRatePDFFTTW", "desc": "本周以来日均换手率_自由流通股本(%)"}, {"column": "TurnoverRateFFTRM", "desc": "月换手率_自由流通股本(%)1"}, {"column": "TurnoverRatePDFFTRM", "desc": "月日均换手率_自由流通股本(%)1"}, {"column": "TurnoverRateFFTTM", "desc": "本月以来换手率_自由流通股本(%)1"}, {"column": "TurnoverRatePDFFTTM", "desc": "本月以来日均换手率_自由流通股本(%)1"}, {"column": "TurnoverRateFFTRMThree", "desc": "三个月换手率_自由流通股本(%)1"}, {"column": "TurnoverRateFFTRMSix", "desc": "六个月换手率_自由流通股本(%)1"}, {"column": "TurnoverRateFFTRY", "desc": "十二个月换手率_自由流通股本(%)1"}, {"column": "TurnoverRatePDFFTRY", "desc": "十二个月日均换手率_自由流通股本(%)1"}, {"column": "TurnoverRateFFTYTD", "desc": "今年以来换手率_自由流通股本(%)1"}, {"column": "TurnoverRatePDFFTYTD", "desc": "今年以来日均换手率_自由流通股本(%)1"}]}, {"表名": "hkstockdb.cs_hkstockperformance", "表字段": [{"column": "InnerCode", "desc": "证券内部编码"}, {"column": "TradingDay", "desc": "交易日"}, {"column": "PrevClosePrice", "desc": "昨收盘"}, {"column": "OpenPrice", "desc": "今开盘"}, {"column": "HighPrice", "desc": "最高价"}, {"column": "LowPrice", "desc": "最低价"}, {"column": "ClosePrice", "desc": "收盘价"}, {"column": "CurrencyUnitCode", "desc": "货币代码；，令LB=1068 AND DM IN (1000,1100,1420)，得到货币代码的具体描述：1000-美元，1100-港元，1420-人民币元。"}, {"column": "TurnoverVolume", "desc": "成交量"}, {"column": "TurnoverValue", "desc": "成交金额(元)"}, {"column": "ChangeOF", "desc": "涨跌"}, {"column": "ChangePCT", "desc": "涨跌幅(%)"}, {"column": "RangePCT", "desc": "振幅(%)"}, {"column": "TurnoverRate", "desc": "换手率(%)"}, {"column": "AvgPrice", "desc": "均价"}, {"column": "TotalMV", "desc": "总市值(元)"}, {"column": "NegotiableMV", "desc": "流通市值(不含限售股)(元)"}, {"column": "TurnoverValueRW", "desc": "近一周成交金额(元)"}, {"column": "TurnoverVolumeRW", "desc": "近一周成交量(股)"}, {"column": "ChangeOFRW", "desc": "近一周涨跌(元)"}, {"column": "ChangePCTRW", "desc": "近一周涨跌幅(%)"}, {"column": "RangePCTRW", "desc": "近一周振幅(%)"}, {"column": "TurnoverRateRW", "desc": "近一周换手率(%)"}, {"column": "AvgPriceRW", "desc": "近一周成交均价(元)"}, {"column": "HighPriceRW", "desc": "近一周最高价(元)"}, {"column": "LowPriceRW", "desc": "近一周最低价(元)"}, {"column": "HighestClosePriceRW", "desc": "近一周收盘最高价(元)"}, {"column": "LowestClosePriceRW", "desc": "近一周收盘最低价(元)"}, {"column": "TurnoverValuePerDayRW", "desc": "近一周日均成交金额(元)"}, {"column": "TurnoverRatePerDayRW", "desc": "近一周日均换手率(%)"}, {"column": "TurnVolumePerDayRW", "desc": "近一周日均成交量(股)"}, {"column": "ChangePCTPerDayRW", "desc": "近一周日均涨跌幅(%)"}, {"column": "RangePCTPerDayRW", "desc": "近一周日均振幅(%)"}, {"column": "TotalMVPerDayRW", "desc": "近一周日均总市值(元)"}, {"column": "NegotiableMVPerDayRW", "desc": "近一周日均流通市值(不含限售股)(元)"}, {"column": "TurnoverValueTW", "desc": "本周以来成交金额(元)"}, {"column": "TurnoverVolumeTW", "desc": "本周以来成交量(股)"}, {"column": "ChangeOFTW", "desc": "本周以来涨跌(元)"}, {"column": "ChangePCTTW", "desc": "本周以来涨跌幅(%)"}, {"column": "RangePCTTW", "desc": "本周以来振幅(%)"}, {"column": "TurnoverRateTW", "desc": "本周以来换手率(%)"}, {"column": "AvgPriceTW", "desc": "本周以来成交均价(元)"}, {"column": "HighPriceTW", "desc": "本周以来最高价(元)"}, {"column": "LowPriceTW", "desc": "本周以来最低价(元)"}, {"column": "HighestClosePriceTW", "desc": "本周以来收盘最高价(元)"}, {"column": "LowestClosePriceTW", "desc": "本周以来收盘最低价(元)"}, {"column": "TurnoverValuePerDayTW", "desc": "本周以来日均成交金额(元)"}, {"column": "TurnoverRatePerDayTW", "desc": "本周以来日均换手率(%)"}, {"column": "TurnVolumePerDayTW", "desc": "本周以来日均成交量(股)"}, {"column": "ChangePCTPerDayTW", "desc": "本周以来日均涨跌幅(%)"}, {"column": "RangePCTPerDayTW", "desc": "本周以来日均振幅(%)"}, {"column": "TotalMVPerDayTW", "desc": "本周以来日均总市值(元)"}, {"column": "NegotiableMVPerDayTW", "desc": "本周以来日均流通市值(不含限售股)(元)"}, {"column": "TurnoverValueRM", "desc": "近一月成交金额(元)"}, {"column": "TurnoverVolumeRM", "desc": "近一月成交量(股)"}, {"column": "ChangeOFRM", "desc": "近一月涨跌(元)"}, {"column": "ChangePCTRM", "desc": "近一月涨跌幅(%)"}, {"column": "RangePCTRM", "desc": "近一月月振幅(%)"}, {"column": "TurnoverRateRM", "desc": "近一月月换手率(%)"}, {"column": "AvgPriceRM", "desc": "近一月成交均价(元)"}, {"column": "HighPriceRM", "desc": "近一月最高价(元)"}, {"column": "LowPriceRM", "desc": "近一月最低价(元)"}, {"column": "HighestClosePriceRM", "desc": "近一月收盘最高价(元)"}, {"column": "LowestClosePriceRM", "desc": "近一月收盘最低价(元)"}, {"column": "TurnoverValuePerDayRM", "desc": "近一月日均成交金额(元)"}, {"column": "TurnoverRatePerDayRM", "desc": "近一月日均换手率(%)"}, {"column": "TurnVolumePerDayRM", "desc": "近一月日均成交量(股)"}, {"column": "ChangePCTPerDayRM", "desc": "近一月日均涨跌幅(%)"}, {"column": "RangePCTPerDayRM", "desc": "近一月日均振幅(%)"}, {"column": "TotalMVPerDayRM", "desc": "近一月日均总市值(元)"}, {"column": "NegotiableMVPerDayRM", "desc": "近一月日均流通市值(不含限售股)(元)"}, {"column": "TurnoverValueTM", "desc": "本月以来成交金额(元)"}, {"column": "TurnoverVolumeTM", "desc": "本月以来成交量(股)"}, {"column": "ChangeOFTM", "desc": "本月以来涨跌(元)"}, {"column": "ChangePCTTM", "desc": "本月以来涨跌幅(%)"}, {"column": "RangePCTTM", "desc": "本月以来振幅(%)"}, {"column": "TurnoverRateTM", "desc": "本月以来换手率(%)"}, {"column": "AvgPriceTM", "desc": "本月以来成交均价(元)"}, {"column": "HighPriceTM", "desc": "本月以来最高价(元)"}, {"column": "LowPriceTM", "desc": "本月以来最低价(元)"}, {"column": "HighestClosePriceTM", "desc": "本月以来收盘最高价(元)"}, {"column": "LowestClosePriceTM", "desc": "本月以来收盘最低价(元)"}, {"column": "TurnoverValuePerDayTM", "desc": "本月以来日均成交金额(元)"}, {"column": "TurnoverRatePerDayTM", "desc": "本月以来日均换手率(%)"}, {"column": "TurnVolumePerDayTM", "desc": "本月以来日均成交量(股)"}, {"column": "ChangePCTPerDayTM", "desc": "本月以来日均涨跌幅(%)"}, {"column": "RangePCTPerDayTM", "desc": "本月以来日均振幅(%)"}, {"column": "TotalMVPerDayTM", "desc": "本月以来日均总市值(元)"}, {"column": "NegotiableMVPerDayTM", "desc": "本月以来日均流通市值(不含限售股)(元)"}, {"column": "TurnoverValueRMThree", "desc": "近三个月成交金额(元)"}, {"column": "TurnoverVolumeRMThree", "desc": "近三个月成交量(股)"}, {"column": "ChangeOFRMThree", "desc": "近三个月涨跌(元)"}, {"column": "ChangePCTRMThree", "desc": "近三个月涨跌幅(%)"}, {"column": "RangePCTRMThree", "desc": "近三个月振幅(%)"}, {"column": "TurnoverRateRMThree", "desc": "近三个月换手率(%)"}, {"column": "AvgPriceRMThree", "desc": "近三个月成交均价(元)"}, {"column": "HighPriceRMThree", "desc": "近三个月以来最高价(元)"}, {"column": "LowPriceRMThree", "desc": "近三个月以来最低价(元)"}, {"column": "HighestClosePRMThree", "desc": "近三个月以来收盘最高价(元)"}, {"column": "LowestClosePRMThree", "desc": "近三个月以来收盘最低价(元)"}, {"column": "TurnValuePDayRMThree", "desc": "近三个月日均成交金额(元)"}, {"column": "TurnRatePDayRMThree", "desc": "近三个月日均换手率(%)"}, {"column": "TurnVolumePDayRMThree", "desc": "近三个月日均成交量(股)"}, {"column": "ChangePCTPDayRMThree", "desc": "近三个月日均涨跌幅(%)"}, {"column": "RangePCTPDayRMThree", "desc": "近三个月日均振幅(%)"}, {"column": "TotalMVPerDayRMThree", "desc": "近三个月日均总市值(元)"}, {"column": "NegotiableMVPRMThree", "desc": "近三个月日均流通市值(不含限售股)(元)"}, {"column": "TurnoverValueRMSix", "desc": "近六个月成交金额(元)"}, {"column": "TurnoverVolumeRMSix", "desc": "近六个月成交量(股)"}, {"column": "ChangeOFRMSix", "desc": "近六个月涨跌(元)"}, {"column": "ChangePCTRMSix", "desc": "近六个月涨跌幅(%)"}, {"column": "RangePCTRMSix", "desc": "近六个月振幅(%)"}, {"column": "TurnoverRateRMSix", "desc": "近六个月换手率(%)"}, {"column": "AvgPriceRMSix", "desc": "近六个月成交均价(元)"}, {"column": "HighPriceRMSix", "desc": "近六个月以来最高价(元)"}, {"column": "LowPriceRMSix", "desc": "近六个月以来最低价(元)"}, {"column": "HighestClosePRMSix", "desc": "近六个月以来收盘最高价(元)"}, {"column": "LowestClosePRMSix", "desc": "近六个月以来收盘最低价(元)"}, {"column": "TurnValuePDayRMSix", "desc": "近六个月日均成交金额(元)"}, {"column": "TurnRatePDayRMSix", "desc": "近六个月日均换手率(%)"}, {"column": "TurnVolumePDayRMSix", "desc": "近六个月日均成交量(股)"}, {"column": "ChangePCTPDayRMSix", "desc": "近六个月日均涨跌幅(%)"}, {"column": "RangePCTPDayRMSix", "desc": "近六个月日均振幅(%)"}, {"column": "TotalMVPerDayRMSix", "desc": "近六个月日均总市值(元)"}, {"column": "NegotiableMVPRMSix", "desc": "近六个月日均流通市值(不含限售股)(元)"}, {"column": "TurnoverValueRY", "desc": "近一年成交金额(元)"}, {"column": "TurnoverVolumeRY", "desc": "近一年成交量(股)"}, {"column": "ChangeOFRY", "desc": "近一年涨跌(元)"}, {"column": "ChangePCTRY", "desc": "近一年涨跌幅(%)"}, {"column": "RangePCTRY", "desc": "近一年振幅(%)"}, {"column": "TurnoverRateRY", "desc": "近一年换手率(%)"}, {"column": "AvgPriceRY", "desc": "近一年成交均价(元)"}, {"column": "HighPriceRY", "desc": "近一年最高价(元)"}, {"column": "LowPriceRY", "desc": "近一年最低价(元)"}, {"column": "HighestClosePRY", "desc": "近一年收盘价最高(元)"}, {"column": "LowestClosePRY", "desc": "近一年收盘价最低(元)"}, {"column": "TurnoverValuePDayRY", "desc": "近一年日均成交金额(元)"}, {"column": "TurnoverRatePDayRY", "desc": "近一年日均换手率(%)"}, {"column": "TurnVolumePDayRY", "desc": "近一年日均成交量(股)"}, {"column": "ChangePCTPDayRY", "desc": "近一年日均涨跌幅(%)"}, {"column": "RangePCTPDayRY", "desc": "近一年日均振幅(%)"}, {"column": "TotalMVPerDayRY", "desc": "近一年日均总市值(元)"}, {"column": "NegotiableMVPRY", "desc": "近一年日均流通市值(不含限售股)(元)"}, {"column": "TurnoverValueYTD", "desc": "今年以来成交金额(元)"}, {"column": "TurnoverVolumeYTD", "desc": "今年以来成交量(股)"}, {"column": "ChangeOFYTD", "desc": "今年以来涨跌(元)"}, {"column": "ChangePCTYTD", "desc": "今年以来涨跌幅(%)"}, {"column": "RangePCTYTD", "desc": "今年以来振幅(%)"}, {"column": "TurnoverRateYTD", "desc": "今年以来换手率(%)"}, {"column": "AvgPriceYTD", "desc": "今年以来成交均价(元)"}, {"column": "HighPriceYTD", "desc": "今年以来最高价(元)"}, {"column": "LowPriceYTD", "desc": "今年以来最低价(元)"}, {"column": "HighestClosePriceYTD", "desc": "今年以来收盘最高价(元)"}, {"column": "LowestClosePriceYTD", "desc": "今年以来收盘最低价(元)"}, {"column": "TurnoverValuePerDayYTD", "desc": "今年以来日均成交金额(元)"}, {"column": "TurnoverRatePerDayYTD", "desc": "今年以来日均换手率(%)"}, {"column": "TurnVolumePDayYTD", "desc": "今年以来日均成交量(股)"}, {"column": "ChangePCTPerDayYTD", "desc": "今年以来日均涨跌幅(%)"}, {"column": "RangePCTPerDayYTD", "desc": "今年以来日均振幅(%)"}, {"column": "TotalMVPerDayYTD", "desc": "今年以来日均总市值(元)"}, {"column": "NegotiableMVPYTD", "desc": "今年以来日均流通市值(不含限售股)(元)"}, {"column": "HighAdjustedPrice", "desc": "上市以来复权最高价(元)"}, {"column": "HighAdjustedPriceDate", "desc": "上市以来复权最高价日期"}, {"column": "LowAdjustedPrice", "desc": "上市以来复权最低价(元)"}, {"column": "LowAdjustedPriceDate", "desc": "上市以来复权最低价日期"}]}]

请选择column，务必遵循输出的格式要求。

>>>>> Agent【Check_db_structure.columns_selector】 Said:
【分析】
用户询问的是2021年12月27日，光学光电子行业的总市值。

【信息所在字段】
- astockmarketquotesdb.qt_stockperformance.TotalMV: 这个字段包含股票的总市值信息，对应用户提问中的“总市值”。

【筛选条件所在字段】
- astockmarketquotesdb.qt_stockperformance.TradingDay: 这个字段包含股票的交易日信息，对应用户提问中的“2021年12月27日”。
- astockindustrydb.lc_exgindustry.SecondIndustryName: 这个字段包含行业的名称信息，对应用户提问中的“光学光电子行业”。

【选中的字段的清单】
```json
{"astockmarketquotesdb.qt_stockperformance": ["TotalMV", "TradingDay"], "astockindustrydb.lc_exgindustry": ["SecondIndustryName"]}
```


>>>>> 【user】 Said:
请问在2021年12月27日，光学光电子行业的总市值是多少元？

>>>>> Agent【Sql_query.master】 Said:
【已知信息】
- 目标日期：2021年12月27日
- 目标行业：光学光电子行业
- 需要查询的信息：总市值

【当前阶段要获取的信息】
- 光学光电子行业对应的公司代码

【信息所在字段】
- `CompanyCode`（公司代码）

【筛选条件所在字段】
- `SecondIndustryName`（二级行业名称）

【SQL语句的思路】
1. 从`astockindustrydb.lc_exgindustry`表中筛选出`SecondIndustryName`为"光学光电子"的公司代码。
2. 使用这些公司代码在`astockmarketquotesdb.qt_stockperformance`表中查询2021年12月27日的总市值。

【执行SQL语句】
```exec_sql
SELECT CompanyCode
FROM astockindustrydb.lc_exgindustry
WHERE SecondIndustryName = '光学光电子';
```

【上述SQL语句的含义】
从`astockindustrydb.lc_exgindustry`表中筛选出二级行业名称为"光学光电子"的公司代码。这将为我们下一步查询这些公司在2021年12月27日的总市值提供基础数据。

>>>>> 查询sql:
SELECT CompanyCode
FROM astockindustrydb.lc_exgindustry
WHERE SecondIndustryName = '光学光电子';
查询结果:
[{"CompanyCode": 43}, {"CompanyCode": 1081}, {"CompanyCode": 1202}, {"CompanyCode": 1205}, {"CompanyCode": 1254}, {"CompanyCode": 1335}, {"CompanyCode": 1359}, {"CompanyCode": 2361}, {"CompanyCode": 78112}, {"CompanyCode": 78744}, {"CompanyCode": 78744}, {"CompanyCode": 151325}, {"CompanyCode": 159153}, {"CompanyCode": 169819}, {"CompanyCode": 170653}, {"CompanyCode": 171623}, {"CompanyCode": 172357}, {"CompanyCode": 177444}, {"CompanyCode": 184983}, {"CompanyCode": 187933}, {"CompanyCode": 193075}, {"CompanyCode": 194212}, {"CompanyCode": 207891}, {"CompanyCode": 220261}, {"CompanyCode": 220262}, {"CompanyCode": 220274}, {"CompanyCode": 223203}, {"CompanyCode": 223892}, {"CompanyCode": 229624}, {"CompanyCode": 257422}, {"CompanyCode": 259874}, {"CompanyCode": 261970}, {"CompanyCode": 298545}, {"CompanyCode": 322225}, {"CompanyCode": 529749}, {"CompanyCode": 10025852}, {"CompanyCode": 10034762}, {"CompanyCode": 10094034}, {"CompanyCode": 10243129}, {"CompanyCode": 10264752}, {"CompanyCode": 46668330}, {"CompanyCode": 66}, {"CompanyCode": 66}, {"CompanyCode": 71}, {"CompanyCode": 71}, {"CompanyCode": 74}, {"CompanyCode": 82}, {"CompanyCode": 84}, {"CompanyCode": 91}, {"CompanyCode": 91}, {"CompanyCode": 131}, {"CompanyCode": 131}, {"CompanyCode": 182}, {"CompanyCode": 182}, {"CompanyCode": 187}, {"CompanyCode": 321}, {"CompanyCode": 345}, {"CompanyCode": 345}, {"CompanyCode": 347}, {"CompanyCode": 347}, {"CompanyCode": 1093}, {"CompanyCode": 1488}, {"CompanyCode": 1488}, {"CompanyCode": 1535}, {"CompanyCode": 1584}, {"CompanyCode": 1599}, {"CompanyCode": 1599}, {"CompanyCode": 1640}, {"CompanyCode": 1640}, {"CompanyCode": 1680}, {"CompanyCode": 2361}, {"CompanyCode": 3923}, {"CompanyCode": 4051}, {"CompanyCode": 4051}, {"CompanyCode": 74096}, {"CompanyCode": 74096}, {"CompanyCode": 74096}, {"CompanyCode": 74243}, {"CompanyCode": 75102}, {"CompanyCode": 75102}, {"CompanyCode": 78546}, {"CompanyCode": 78546}, {"CompanyCode": 79035}, {"CompanyCode": 79081}, {"CompanyCode": 79449}, {"CompanyCode": 80195}, {"CompanyCode": 80195}, {"CompanyCode": 80196}, {"CompanyCode": 81214}, {"CompanyCode": 150161}, {"CompanyCode": 151303}, {"CompanyCode": 153737}, {"CompanyCode": 157553}, {"CompanyCode": 158127}, {"CompanyCode": 158127}, {"CompanyCode": 169819}, {"CompanyCode": 169847}, {"CompanyCode": 169848}, {"CompanyCode": 170671}, {"CompanyCode": 187034}]


>>>>> 【user】 Said:
查询SQL:
SELECT CompanyCode
FROM astockindustrydb.lc_exgindustry
WHERE SecondIndustryName = '光学光电子';
查询结果:
[{"CompanyCode": 43}, {"CompanyCode": 1081}, {"CompanyCode": 1202}, {"CompanyCode": 1205}, {"CompanyCode": 1254}, {"CompanyCode": 1335}, {"CompanyCode": 1359}, {"CompanyCode": 2361}, {"CompanyCode": 78112}, {"CompanyCode": 78744}, {"CompanyCode": 78744}, {"CompanyCode": 151325}, {"CompanyCode": 159153}, {"CompanyCode": 169819}, {"CompanyCode": 170653}, {"CompanyCode": 171623}, {"CompanyCode": 172357}, {"CompanyCode": 177444}, {"CompanyCode": 184983}, {"CompanyCode": 187933}, {"CompanyCode": 193075}, {"CompanyCode": 194212}, {"CompanyCode": 207891}, {"CompanyCode": 220261}, {"CompanyCode": 220262}, {"CompanyCode": 220274}, {"CompanyCode": 223203}, {"CompanyCode": 223892}, {"CompanyCode": 229624}, {"CompanyCode": 257422}, {"CompanyCode": 259874}, {"CompanyCode": 261970}, {"CompanyCode": 298545}, {"CompanyCode": 322225}, {"CompanyCode": 529749}, {"CompanyCode": 10025852}, {"CompanyCode": 10034762}, {"CompanyCode": 10094034}, {"CompanyCode": 10243129}, {"CompanyCode": 10264752}, {"CompanyCode": 46668330}, {"CompanyCode": 66}, {"CompanyCode": 66}, {"CompanyCode": 71}, {"CompanyCode": 71}, {"CompanyCode": 74}, {"CompanyCode": 82}, {"CompanyCode": 84}, {"CompanyCode": 91}, {"CompanyCode": 91}, {"CompanyCode": 131}, {"CompanyCode": 131}, {"CompanyCode": 182}, {"CompanyCode": 182}, {"CompanyCode": 187}, {"CompanyCode": 321}, {"CompanyCode": 345}, {"CompanyCode": 345}, {"CompanyCode": 347}, {"CompanyCode": 347}, {"CompanyCode": 1093}, {"CompanyCode": 1488}, {"CompanyCode": 1488}, {"CompanyCode": 1535}, {"CompanyCode": 1584}, {"CompanyCode": 1599}, {"CompanyCode": 1599}, {"CompanyCode": 1640}, {"CompanyCode": 1640}, {"CompanyCode": 1680}, {"CompanyCode": 2361}, {"CompanyCode": 3923}, {"CompanyCode": 4051}, {"CompanyCode": 4051}, {"CompanyCode": 74096}, {"CompanyCode": 74096}, {"CompanyCode": 74096}, {"CompanyCode": 74243}, {"CompanyCode": 75102}, {"CompanyCode": 75102}, {"CompanyCode": 78546}, {"CompanyCode": 78546}, {"CompanyCode": 79035}, {"CompanyCode": 79081}, {"CompanyCode": 79449}, {"CompanyCode": 80195}, {"CompanyCode": 80195}, {"CompanyCode": 80196}, {"CompanyCode": 81214}, {"CompanyCode": 150161}, {"CompanyCode": 151303}, {"CompanyCode": 153737}, {"CompanyCode": 157553}, {"CompanyCode": 158127}, {"CompanyCode": 158127}, {"CompanyCode": 169819}, {"CompanyCode": 169847}, {"CompanyCode": 169848}, {"CompanyCode": 170671}, {"CompanyCode": 187034}]

请理解查询结果

>>>>> Agent【Sql_query.understand_query_result】 Said:
查询结果表明: 该查询从`astockindustrydb.lc_exgindustry`表中筛选出所有`SecondIndustryName`字段值为'光学光电子'的公司代码（CompanyCode）。结果显示共有多个公司属于光学光电子行业，具体公司代码包括43、1081、1202、1205、1254、1335、1359、2361等，共计多个不同的公司代码。这些公司代码代表了在数据库中注册的、属于光学光电子行业的各个公司。


>>>>> 【user】 Said:
查询SQL:
SELECT CompanyCode
FROM astockindustrydb.lc_exgindustry
WHERE SecondIndustryName = '光学光电子';
查询结果:
[{"CompanyCode": 43}, {"CompanyCode": 1081}, {"CompanyCode": 1202}, {"CompanyCode": 1205}, {"CompanyCode": 1254}, {"CompanyCode": 1335}, {"CompanyCode": 1359}, {"CompanyCode": 2361}, {"CompanyCode": 78112}, {"CompanyCode": 78744}, {"CompanyCode": 78744}, {"CompanyCode": 151325}, {"CompanyCode": 159153}, {"CompanyCode": 169819}, {"CompanyCode": 170653}, {"CompanyCode": 171623}, {"CompanyCode": 172357}, {"CompanyCode": 177444}, {"CompanyCode": 184983}, {"CompanyCode": 187933}, {"CompanyCode": 193075}, {"CompanyCode": 194212}, {"CompanyCode": 207891}, {"CompanyCode": 220261}, {"CompanyCode": 220262}, {"CompanyCode": 220274}, {"CompanyCode": 223203}, {"CompanyCode": 223892}, {"CompanyCode": 229624}, {"CompanyCode": 257422}, {"CompanyCode": 259874}, {"CompanyCode": 261970}, {"CompanyCode": 298545}, {"CompanyCode": 322225}, {"CompanyCode": 529749}, {"CompanyCode": 10025852}, {"CompanyCode": 10034762}, {"CompanyCode": 10094034}, {"CompanyCode": 10243129}, {"CompanyCode": 10264752}, {"CompanyCode": 46668330}, {"CompanyCode": 66}, {"CompanyCode": 66}, {"CompanyCode": 71}, {"CompanyCode": 71}, {"CompanyCode": 74}, {"CompanyCode": 82}, {"CompanyCode": 84}, {"CompanyCode": 91}, {"CompanyCode": 91}, {"CompanyCode": 131}, {"CompanyCode": 131}, {"CompanyCode": 182}, {"CompanyCode": 182}, {"CompanyCode": 187}, {"CompanyCode": 321}, {"CompanyCode": 345}, {"CompanyCode": 345}, {"CompanyCode": 347}, {"CompanyCode": 347}, {"CompanyCode": 1093}, {"CompanyCode": 1488}, {"CompanyCode": 1488}, {"CompanyCode": 1535}, {"CompanyCode": 1584}, {"CompanyCode": 1599}, {"CompanyCode": 1599}, {"CompanyCode": 1640}, {"CompanyCode": 1640}, {"CompanyCode": 1680}, {"CompanyCode": 2361}, {"CompanyCode": 3923}, {"CompanyCode": 4051}, {"CompanyCode": 4051}, {"CompanyCode": 74096}, {"CompanyCode": 74096}, {"CompanyCode": 74096}, {"CompanyCode": 74243}, {"CompanyCode": 75102}, {"CompanyCode": 75102}, {"CompanyCode": 78546}, {"CompanyCode": 78546}, {"CompanyCode": 79035}, {"CompanyCode": 79081}, {"CompanyCode": 79449}, {"CompanyCode": 80195}, {"CompanyCode": 80195}, {"CompanyCode": 80196}, {"CompanyCode": 81214}, {"CompanyCode": 150161}, {"CompanyCode": 151303}, {"CompanyCode": 153737}, {"CompanyCode": 157553}, {"CompanyCode": 158127}, {"CompanyCode": 158127}, {"CompanyCode": 169819}, {"CompanyCode": 169847}, {"CompanyCode": 169848}, {"CompanyCode": 170671}, {"CompanyCode": 187034}]

查询结果表明: 该查询从`astockindustrydb.lc_exgindustry`表中筛选出所有`SecondIndustryName`字段值为'光学光电子'的公司代码（CompanyCode）。结果显示共有多个公司属于光学光电子行业，具体公司代码包括43、1081、1202、1205、1254、1335、1359、2361等，共计多个不同的公司代码。这些公司代码代表了在数据库中注册的、属于光学光电子行业的各个公司。

当前掌握的信息是否能够回答"请问在2021年12月27日，光学光电子行业的总市值是多少元？"？还是要继续执行下一阶段SQL查询？

>>>>> Agent【Sql_query.master】 Said:
【已知信息】
- 目标日期：2021年12月27日
- 目标行业：光学光电子行业
- 光学光电子行业对应的公司代码列表（已获取）

【当前阶段要获取的信息】
- 2021年12月27日，这些公司代码对应的总市值

【信息所在字段】
- `TotalMV`（总市值）

【筛选条件所在字段】
- `CompanyCode`（公司代码）
- `TradingDay`（交易日）

【SQL语句的思路】
1. 使用已获取的公司代码列表，在`astockmarketquotesdb.qt_stockperformance`表中查询2021年12月27日的总市值。
2. 对查询结果进行求和，得到光学光电子行业的总市值。

【执行SQL语句】
```exec_sql
SELECT SUM(TotalMV) AS TotalMarketValue
FROM astockmarketquotesdb.qt_stockperformance
WHERE CompanyCode IN (43, 1081, 1202, 1205, 1254, 1335, 1359, 2361, 78112, 78744, 151325, 159153, 169819, 170653, 171623, 172357, 177444, 184983, 187933, 193075, 194212, 207891, 220261, 220262, 220274, 223203, 223892, 229624, 257422, 259874, 261970, 298545, 322225, 529749, 10025852, 10034762, 10094034, 10243129, 10264752, 46668330, 66, 71, 74, 82, 84, 91, 131, 182, 187, 321, 345, 347, 1093, 1488, 1535, 1584, 1599, 1640, 1680, 3923, 4051, 74096, 74243, 75102, 78546, 79035, 79081, 79449, 80195, 80196, 81214, 150161, 151303, 153737, 157553, 158127, 169847, 169848, 170671, 187034)
AND DATE(TradingDay) = '2021-12-27';
```

【上述SQL语句的含义】
从`astockmarketquotesdb.qt_stockperformance`表中筛选出在2021年12月27日，公司代码属于已获取列表的公司记录，并计算这些记录的总市值之和，得到光学光电子行业在该日的总市值。

>>>>> 查询sql:
SELECT SUM(TotalMV) AS TotalMarketValue
FROM astockmarketquotesdb.qt_stockperformance
WHERE CompanyCode IN (43, 1081, 1202, 1205, 1254, 1335, 1359, 2361, 78112, 78744, 151325, 159153, 169819, 170653, 171623, 172357, 177444, 184983, 187933, 193075, 194212, 207891, 220261, 220262, 220274, 223203, 223892, 229624, 257422, 259874, 261970, 298545, 322225, 529749, 10025852, 10034762, 10094034, 10243129, 10264752, 46668330, 66, 71, 74, 82, 84, 91, 131, 182, 187, 321, 345, 347, 1093, 1488, 1535, 1584, 1599, 1640, 1680, 3923, 4051, 74096, 74243, 75102, 78546, 79035, 79081, 79449, 80195, 80196, 81214, 150161, 151303, 153737, 157553, 158127, 169847, 169848, 170671, 187034)
AND DATE(TradingDay) = '2021-12-27';
查询失败: 查询执行失败: (mysql.connector.errors.ProgrammingError) 1054 (42S22): Unknown column 'CompanyCode' in 'where clause'
[SQL: SELECT SUM(TotalMV) AS TotalMarketValue
FROM astockmarketquotesdb.qt_stockperformance
WHERE CompanyCode IN (43, 1081, 1202, 1205, 1254, 1335, 1359, 2361, 78112, 78744, 151325, 159153, 169819, 170653, 171623, 172357, 177444, 184983, 187933, 193075, 194212, 207891, 220261, 220262, 220274, 223203, 223892, 229624, 257422, 259874, 261970, 298545, 322225, 529749, 10025852, 10034762, 10094034, 10243129, 10264752, 46668330, 66, 71, 74, 82, 84, 91, 131, 182, 187, 321, 345, 347, 1093, 1488, 1535, 1584, 1599, 1640, 1680, 3923, 4051, 74096, 74243, 75102, 78546, 79035, 79081, 79449, 80195, 80196, 81214, 150161, 151303, 153737, 157553, 158127, 169847, 169848, 170671, 187034)
AND DATE(TradingDay) = '2021-12-27';]
(Background on this error at: https://sqlalche.me/e/20/f405)


>>>>> 【user】 Said:
查询SQL:
SELECT SUM(TotalMV) AS TotalMarketValue
FROM astockmarketquotesdb.qt_stockperformance
WHERE CompanyCode IN (43, 1081, 1202, 1205, 1254, 1335, 1359, 2361, 78112, 78744, 151325, 159153, 169819, 170653, 171623, 172357, 177444, 184983, 187933, 193075, 194212, 207891, 220261, 220262, 220274, 223203, 223892, 229624, 257422, 259874, 261970, 298545, 322225, 529749, 10025852, 10034762, 10094034, 10243129, 10264752, 46668330, 66, 71, 74, 82, 84, 91, 131, 182, 187, 321, 345, 347, 1093, 1488, 1535, 1584, 1599, 1640, 1680, 3923, 4051, 74096, 74243, 75102, 78546, 79035, 79081, 79449, 80195, 80196, 81214, 150161, 151303, 153737, 157553, 158127, 169847, 169848, 170671, 187034)
AND DATE(TradingDay) = '2021-12-27';
查询发生异常：查询执行失败: (mysql.connector.errors.ProgrammingError) 1054 (42S22): Unknown column 'CompanyCode' in 'where clause'
[SQL: SELECT SUM(TotalMV) AS TotalMarketValue
FROM astockmarketquotesdb.qt_stockperformance
WHERE CompanyCode IN (43, 1081, 1202, 1205, 1254, 1335, 1359, 2361, 78112, 78744, 151325, 159153, 169819, 170653, 171623, 172357, 177444, 184983, 187933, 193075, 194212, 207891, 220261, 220262, 220274, 223203, 223892, 229624, 257422, 259874, 261970, 298545, 322225, 529749, 10025852, 10034762, 10094034, 10243129, 10264752, 46668330, 66, 71, 74, 82, 84, 91, 131, 182, 187, 321, 345, 347, 1093, 1488, 1535, 1584, 1599, 1640, 1680, 3923, 4051, 74096, 74243, 75102, 78546, 79035, 79081, 79449, 80195, 80196, 81214, 150161, 151303, 153737, 157553, 158127, 169847, 169848, 170671, 187034)
AND DATE(TradingDay) = '2021-12-27';]
(Background on this error at: https://sqlalche.me/e/20/f405)

请修正

>>>>> Agent【Sql_query.master】 Said:
【已知信息】
- 目标日期：2021年12月27日
- 目标行业：光学光电子行业
- 光学光电子行业对应的公司代码列表（已获取）
- `astockmarketquotesdb.qt_stockperformance`表中没有`CompanyCode`字段

【当前阶段要获取的信息】
- 2021年12月27日，这些公司代码对应的总市值

【信息所在字段】
- `TotalMV`（总市值）

【筛选条件所在字段】
- `InnerCode`（证券内部编码）
- `TradingDay`（交易日）

【SQL语句的思路】
1. 使用已获取的公司代码列表，通过`constantdb.secumain`表将公司代码转换为证券内部编码（`InnerCode`）。
2. 使用这些证券内部编码在`astockmarketquotesdb.qt_stockperformance`表中查询2021年12月27日的总市值。
3. 对查询结果进行求和，得到光学光电子行业的总市值。

【执行SQL语句】
```exec_sql
SELECT SUM(q.TotalMV) AS TotalMarketValue
FROM astockmarketquotesdb.qt_stockperformance q
JOIN constantdb.secumain s ON q.InnerCode = s.InnerCode
WHERE s.CompanyCode IN (43, 1081, 1202, 1205, 1254, 1335, 1359, 2361, 78112, 78744, 151325, 159153, 169819, 170653, 171623, 172357, 177444, 184983, 187933, 193075, 194212, 207891, 220261, 220262, 220274, 223203, 223892, 229624, 257422, 259874, 261970, 298545, 322225, 529749, 10025852, 10034762, 10094034, 10243129, 10264752, 46668330, 66, 71, 74, 82, 84, 91, 131, 182, 187, 321, 345, 347, 1093, 1488, 1535, 1584, 1599, 1640, 1680, 3923, 4051, 74096, 74243, 75102, 78546, 79035, 79081, 79449, 80195, 80196, 81214, 150161, 151303, 153737, 157553, 158127, 169847, 169848, 170671, 187034)
AND DATE(q.TradingDay) = '2021-12-27';
```

【上述SQL语句的含义】
通过`constantdb.secumain`表将公司代码转换为证券内部编码，然后在`astockmarketquotesdb.qt_stockperformance`表中筛选出在2021年12月27日，证券内部编码属于已获取列表的公司记录，并计算这些记录的总市值之和，得到光学光电子行业在该日的总市值。

>>>>> 查询sql:
SELECT SUM(q.TotalMV) AS TotalMarketValue
FROM astockmarketquotesdb.qt_stockperformance q
JOIN constantdb.secumain s ON q.InnerCode = s.InnerCode
WHERE s.CompanyCode IN (43, 1081, 1202, 1205, 1254, 1335, 1359, 2361, 78112, 78744, 151325, 159153, 169819, 170653, 171623, 172357, 177444, 184983, 187933, 193075, 194212, 207891, 220261, 220262, 220274, 223203, 223892, 229624, 257422, 259874, 261970, 298545, 322225, 529749, 10025852, 10034762, 10094034, 10243129, 10264752, 46668330, 66, 71, 74, 82, 84, 91, 131, 182, 187, 321, 345, 347, 1093, 1488, 1535, 1584, 1599, 1640, 1680, 3923, 4051, 74096, 74243, 75102, 78546, 79035, 79081, 79449, 80195, 80196, 81214, 150161, 151303, 153737, 157553, 158127, 169847, 169848, 170671, 187034)
AND DATE(q.TradingDay) = '2021-12-27';
查询结果:
[{"TotalMarketValue": 116196527032.90001}]


>>>>> 【user】 Said:
查询SQL:
SELECT SUM(q.TotalMV) AS TotalMarketValue
FROM astockmarketquotesdb.qt_stockperformance q
JOIN constantdb.secumain s ON q.InnerCode = s.InnerCode
WHERE s.CompanyCode IN (43, 1081, 1202, 1205, 1254, 1335, 1359, 2361, 78112, 78744, 151325, 159153, 169819, 170653, 171623, 172357, 177444, 184983, 187933, 193075, 194212, 207891, 220261, 220262, 220274, 223203, 223892, 229624, 257422, 259874, 261970, 298545, 322225, 529749, 10025852, 10034762, 10094034, 10243129, 10264752, 46668330, 66, 71, 74, 82, 84, 91, 131, 182, 187, 321, 345, 347, 1093, 1488, 1535, 1584, 1599, 1640, 1680, 3923, 4051, 74096, 74243, 75102, 78546, 79035, 79081, 79449, 80195, 80196, 81214, 150161, 151303, 153737, 157553, 158127, 169847, 169848, 170671, 187034)
AND DATE(q.TradingDay) = '2021-12-27';
查询结果:
[{"TotalMarketValue": 116196527032.90001}]

请理解查询结果

>>>>> Agent【Sql_query.understand_query_result】 Said:
查询结果表明: 在2021年12月27日这一交易日，指定的公司代码（包括43, 1081, 1202等共计多个公司代码）所对应的证券的总市值之和为116196527032.90元。这个结果是通过将astockmarketquotesdb.qt_stockperformance表中的TotalMV字段进行求和得到的，并且通过constantdb.secumain表关联了证券内部编码和公司代码。


>>>>> 【user】 Said:
查询SQL:
SELECT SUM(q.TotalMV) AS TotalMarketValue
FROM astockmarketquotesdb.qt_stockperformance q
JOIN constantdb.secumain s ON q.InnerCode = s.InnerCode
WHERE s.CompanyCode IN (43, 1081, 1202, 1205, 1254, 1335, 1359, 2361, 78112, 78744, 151325, 159153, 169819, 170653, 171623, 172357, 177444, 184983, 187933, 193075, 194212, 207891, 220261, 220262, 220274, 223203, 223892, 229624, 257422, 259874, 261970, 298545, 322225, 529749, 10025852, 10034762, 10094034, 10243129, 10264752, 46668330, 66, 71, 74, 82, 84, 91, 131, 182, 187, 321, 345, 347, 1093, 1488, 1535, 1584, 1599, 1640, 1680, 3923, 4051, 74096, 74243, 75102, 78546, 79035, 79081, 79449, 80195, 80196, 81214, 150161, 151303, 153737, 157553, 158127, 169847, 169848, 170671, 187034)
AND DATE(q.TradingDay) = '2021-12-27';
查询结果:
[{"TotalMarketValue": 116196527032.90001}]

查询结果表明: 在2021年12月27日这一交易日，指定的公司代码（包括43, 1081, 1202等共计多个公司代码）所对应的证券的总市值之和为116196527032.90元。这个结果是通过将astockmarketquotesdb.qt_stockperformance表中的TotalMV字段进行求和得到的，并且通过constantdb.secumain表关联了证券内部编码和公司代码。

当前掌握的信息是否能够回答"请问在2021年12月27日，光学光电子行业的总市值是多少元？"？还是要继续执行下一阶段SQL查询？

>>>>> Agent【Sql_query.master】 Said:
【已知信息】
- 目标日期：2021年12月27日
- 目标行业：光学光电子行业
- 光学光电子行业对应的公司代码列表（已获取）
- 2021年12月27日，这些公司代码对应的总市值为116196527032.90元

【当前阶段要获取的信息】
- 无需继续执行SQL查询

【信息所在字段】
- `TotalMarketValue`（总市值）

【筛选条件所在字段】
- 无需继续执行SQL查询

【SQL语句的思路】
- 无需继续执行SQL查询

【执行SQL语句】
```exec_sql
无
```

【上述SQL语句的含义】
- 无需继续执行SQL查询

【当前掌握的信息是否能够回答问题】
是的，当前掌握的信息已经能够回答"请问在2021年12月27日，光学光电子行业的总市值是多少元？"。

**回答**：
在2021年12月27日，光学光电子行业的总市值是116196527032.90元。


>>>>> 【user】 Said:
充分尊重前面给出的结论，回答问题:"请问在2021年12月27日，光学光电子行业的总市值是多少元？"

>>>>> Agent【Sql_query.summary】 Said:
116196527032.90元
