
>>>>> Original Question: 四川长虹电器股份有限公司的证券代码是多少？


>>>>> 【user】 Said:
提取下面这段文字里的实体，如公司名、股票代码等，如果识别结果是空，那么就回复No Entities."四川长虹电器股份有限公司的证券代码是多少？"

>>>>> Agent【extract_company】 Said:
```json
["四川长虹电器股份有限公司"]
```

>>>>> 查询sql:
SELECT 'constantdb.secumain' AS TableName, InnerCode, CompanyCode, ChiName, EngName, SecuCode
FROM constantdb.secumain 
WHERE SecuCode = '四川长虹电器股份有限'
   OR ChiName LIKE '%四川长虹电器股份有限%'
   OR ChiNameAbbr LIKE '%四川长虹电器股份有限%'
   OR EngName LIKE '%四川长虹电器股份有限%'
   OR EngNameAbbr LIKE '%四川长虹电器股份有限%'
   OR SecuAbbr LIKE '%四川长虹电器股份有限%'
UNION ALL
SELECT 'constantdb.hk_secumain' AS TableName, InnerCode, CompanyCode, ChiName, EngName, SecuCode
FROM constantdb.hk_secumain 
WHERE SecuCode = '%四川长虹电器股份有限%'
   OR ChiName LIKE '%四川长虹电器股份有限%'
   OR ChiNameAbbr LIKE '%四川长虹电器股份有限%'
   OR EngName LIKE '%四川长虹电器股份有限%'
   OR EngNameAbbr LIKE '%四川长虹电器股份有限%'
   OR SecuAbbr LIKE '%四川长虹电器股份有限%'
   OR FormerName LIKE '%四川长虹电器股份有限%'
UNION ALL
SELECT 'constantdb.us_secumain' AS TableName, InnerCode, CompanyCode, ChiName, EngName, SecuCode
FROM constantdb.us_secumain 
WHERE SecuCode = '四川长虹电器股份有限'
   OR ChiName LIKE '%四川长虹电器股份有限%'
   OR EngName LIKE '%四川长虹电器股份有限%'
   OR SecuAbbr LIKE '%四川长虹电器股份有限%';
查询结果:
[{"TableName": "constantdb.secumain", "InnerCode": 2079, "CompanyCode": 1772, "ChiName": "四川长虹电器股份有限公司", "EngName": "Sichuan Changhong Electric Co.,Ltd.", "SecuCode": "600839"}]


>>>>> 【user】 Said:
历史问答:无。
现在用户继续提问，请根据已知信息，理解当前这个问题的完整含义，并重写这个问题使得单独拿出来看仍然能够正确理解：四川长虹电器股份有限公司的证券代码是多少？

>>>>> Agent【rewrite_question】 Said:
请问四川长虹电器股份有限公司在证券交易所的证券代码是多少？

>>>>> 已知事实:
四川长虹电器股份有限公司的关联信息有:[所在数据表是constantdb.secumain;InnerCode(证券内部编码)是2079;CompanyCode(公司代码)是1772;ChiName(中文名称)是四川长虹电器股份有限公司;EngName(英文名称)是Sichuan Changhong Electric Co.,Ltd.;SecuCode(证券代码)是600839;]

>>>>> 【user】 Said:
请选择db，务必遵循输出的格式要求。

>>>>> Agent【Check_db_structure.db_selector】 Said:
【分析】
用户询问的是四川长虹电器股份有限公司在证券交易所的证券代码。这属于公司基本信息的一部分，通常包含在上市公司的基本资料数据库中。

【选中的数据库】
- astockbasicinfodb: 这个数据库记录了上市公司的基本资料，包括公司概况、证券品种等信息，可以从中找到四川长虹电器股份有限公司的证券代码。

【选中的数据库的清单】
```json
["astockbasicinfodb"]
```
补充选择db: ["hkstockdb", "usstockdb"]

>>>>> 【user】 Said:
数据库表信息如下:
[{"表名": "astockbasicinfodb.lc_stockarchives", "说明": "该数据表主要记录了公司的基本信息、联系方式、经营信息及证券信息等内容。其中，公司基本信息包括公司代码、国别、中文名称、法人代表、总经理、法律顾问、会计师事务所、公司成立日期、首次注册登记地点、企业法人营业执照注册号、所属区县及地区代码；联系方式涵盖联系人电话、传真、电子邮箱，公司注册地址、办公地址、联系地址及其对应的邮编，董秘及证券事务代表的电话、传真、电子邮件，以及公司邮箱和网址；经营信息涉及公司所属证监会行业、主营及兼营范围；证券信息包括A股、B股、H股及CDR证券的简称和代码，扩位简称，以及尚未盈利标识、特殊表决权标识、协议控制架构标识、红筹企业标识；此外，还包括信息披露相关内容如披露网址、披露报纸，以及公司简介等。"}, {"表名": "astockbasicinfodb.lc_namechange", "说明": "该数据表主要记录公司基本信息及相关公告，包括公司代码、中文及英文名称（全称与缩写）、信息来源和发布日期等基本信息；还涵盖重要事件如股东大会决议公告日期、是否否决决议、全称更改日期等关键时间节点，便于追踪企业动态与重要决策信息。"}, {"表名": "astockbasicinfodb.lc_business", "说明": "该数据表主要用于记录公司基本信息及相关业务情况，包括公司代码、信息发布日期和来源等基础信息；股东大会决议公告日期及是否否决的决议结果等决策信息；经营范围及主要业务、产品名称等经营信息；涉及行业的分类信息，如行业代码、行业类别及涉足行业等；此外，还包括简称变更原因等补充说明字段。"}, {"表名": "hkstockdb.hk_employeechange", "说明": "该数据表主要记录证券相关信息，包括证券内部代码、信息发布日期与来源等基本信息；股东大会公告日期及相关生效与失效日期等时间信息；是否有效的状态标识；以及变更前后员工数量的对比等数据。"}, {"表名": "hkstockdb.hk_stockarchives", "说明": "该数据表主要记录公司基本信息及相关属性，涵盖了公司标识信息如公司代码、中文名称、企业类别及描述等；成立及注册信息如公司成立日期、注册地、注册资本及其货币单位等；行业分类信息如所属行业（港交所、恒生）等；管理层信息如主席、公司秘书、合资格会计师等；办公及运营信息如注册办事处、总办事处及主要营业地点、股份过户处（香港）等；联系方式如电话、传真、邮箱、公司网址等；以及其他信息如公司业务、公司简介、审计机构等，全面反映了公司的基本情况和运营特征。"}, {"表名": "hkstockdb.cs_hkstockperformance", "说明": "该数据表主要用于记录证券交易及相关指标的详细信息，涵盖了基础信息如证券内部编码、交易日、货币代码等；价格信息包括昨收盘、今开盘、最高价、最低价、收盘价、均价、复权最高价及最低价等；成交信息如成交量、成交金额、换手率等；涨跌信息包括涨跌金额、涨跌幅、振幅等；市值信息如总市值、流通市值等；周期指标覆盖近一周、本周、近一月、本月、近三个月、近六个月、近一年及今年以来的成交、涨跌、振幅、换手率、均价、市值等详细数据，且提供各周期的日均指标；此外，还包含上市以来的复权价格及其对应日期等。"}, {"表名": "usstockdb.us_companyinfo", "说明": "该数据表主要记录公司的基本信息，包括公司标识信息如公司代码、英文名称及其缩写、中文名称；地址信息如公司地址、城市、省份、邮编、国家及国家代码；联系方式如电话、传真；公司描述信息如公司简介、英文公司简介、英文业务简介；注册地信息如注册地国家、注册地省份/州；其他信息如成立日期及其精度、公司类型、是否公司总部，以及链接地址等。"}, {"表名": "usstockdb.us_dailyquote", "说明": "该数据表记录了证券交易的详细信息，包括交易日和证券内部代码用于标识交易记录，开盘价、最高价、最低价和收盘价用于描述当天的价格波动，成交量和成交额反映市场活跃程度，每股收益TTM和证券总市值提供了盈利能力和规模的财务指标，证券总股本用于计算市场相关比率，昨收盘和日涨跌则用于分析价格变动趋势，涨跌幅百分比和均价提供了额外的市场表现信息。"}]

请选择table，务必遵循输出的格式要求。

>>>>> Agent【Check_db_structure.table_selector】 Said:
【分析】
用户询问的是四川长虹电器股份有限公司在证券交易所的证券代码。根据已知事实，四川长虹电器股份有限公司的相关信息存储在`constantdb.secumain`表中，且该表包含`SecuCode`字段，即证券代码。

【选中的数据表】
- constantdb.secumain: 这个数据表包含公司的基本信息，包括证券代码（SecuCode）

【选中的数据库表的清单】
```json
["constantdb.secumain"]
```


>>>>> 【user】 Said:
已取得可用的数据表的字段信息如下:
[{"表名": "constantdb.secumain", "表字段": [{"column": "InnerCode", "desc": "证券内部编码"}, {"column": "CompanyCode", "desc": "公司代码；公司代码(CompanyCode)：当本表SecuCategory IN (8,13)即基金相关时，对应的基金管理人代码可通过本表InnerCode关联MF_FundArchives.InnerCode，取MF_FundArchives.InvestAdvisorCode"}, {"column": "SecuCode", "desc": "证券代码"}, {"column": "ChiName", "desc": "中文名称"}, {"column": "ChiNameAbbr", "desc": "中文名称缩写"}, {"column": "EngName", "desc": "英文名称"}, {"column": "EngNameAbbr", "desc": "英文名称缩写"}, {"column": "SecuAbbr", "desc": "证券简称"}, {"column": "ChiSpelling", "desc": "拼音证券简称"}, {"column": "ExtendedAbbr", "desc": "扩位简称"}, {"column": "ExtendedSpelling", "desc": "拼音扩位简称"}, {"column": "SecuMarket", "desc": "证券市场；，令LB = 201 AND DM IN (10,12,13,14,15,16,18,40,49,50,52,54,55,56,65,66,67,68,69,70,71,72,73,75,76,77,78,79,80,81,83,84,85,86,87,88,89,90,93,94,95,96,99,100,101,102,103,104,105,106,107,110,161,162,180,200,202,210,230,240,260,280,310,320,390,400,620,630,631,640,641,650,653,654,655,657,658,659,660,661,662,663,664,666,667,66302,66303,66305)，得到证券市场的具体描述：10-上海期货交易所，12-中国银行间外汇市场，13-大连商品交易所，14-上海黄金交易所，15-郑州商品交易所，16-上海票据交易所，18-北京证券交易所，40-芝加哥商业交易所，49-澳大利亚证券交易所，50-新西兰证券交易所，52-埃及开罗及亚历山大证券交易所，54-阿根廷布宜诺斯艾利斯证券交易所，55-巴西圣保罗证券交易所，56-墨西哥证券交易所，65-印度尼西亚证券交易所，66-泰国证券交易所，67-韩国首尔证券交易所，68-东京证券交易所，69-新加坡证券交易所，70-台湾证券交易所，71-柜台交易市场，72-香港联交所，73-一级市场，75-亚洲其他交易所，76-美国证券交易所，77-美国纳斯达克证券交易所，78-纽约证券交易所，79-美国其他交易市场，80-加拿大多伦多证券交易所，81-三板市场，83-上海证券交易所，84-其他市场，85-伦敦证券交易所，86-法国巴黎证券交易所，87-德国法兰克福证券交易所，88-欧洲其他交易所，89-银行间债券市场，90-深圳证券交易所，93-上海银行间同业拆借市场，94-瑞士证券交易所，95-荷兰阿姆斯特丹证券交易所，96-约翰内斯堡证券交易所，99-东京同业拆借市场，100-美国国债回购市场，101-伦敦银行同业拆借市场，102-香港银行同业拆借市场，103-新加坡银行同业拆借市场，104-中国银行同业拆借市场，105-欧元银行同业拆借市场，106-布鲁塞尔证券交易所，107-雅加达证券交易所，110-以色列特拉维夫证券交易所，161-意大利证券交易所，162-哥本哈根证券交易所，180-挪威奥斯陆证券交易所，200-斯德哥尔摩证券交易所，202-伊斯坦布尔证券交易所，210-印度国家证券交易所，230-奥地利维也纳证券交易所，240-西班牙马德里证券交易所，260-爱尔兰证券交易所，280-菲律宾证券交易所，310-机构间私募产品报价与服务系统，320-俄罗斯莫斯科证券交易所，390-里斯本证券交易所，400-芝加哥期权交易所，620-胡志明市证券交易所，630-沪市代理深市市场，631-沪市代理港交所市场，640-深市代理沪市市场，641-深市代理港交所市场，650-国际外汇市场(晨星)，653-上海环境能源交易所，654-北京绿色交易所，655-天津碳排放权交易中心，657-湖北碳排放权交易中心，658-重庆碳排放权交易中心，659-四川联合环境交易所，660-广州碳排放权交易所，661-海峡股权交易中心，662-深圳排放权交易所，663-欧洲能源交易所，664-全国碳排放权交易，666-布达佩斯证券交易所，667-全国温室气体自愿减排交易市场，66302-韩国ETS，66303-加拿大魁北克Cap-and-Trade(CaT)，66305-美国区域温室气体倡议（RGGI）。"}, {"column": "SecuCategory", "desc": "证券类别；，令LB = 1177 AND DM IN (1,2,4,5,6,7,8,9,10,11,12,13,14,15,16,17,18,19,20,21,23,26,27,28,29,30,31,32,33,35,36,37,38,39,40,41,42,43,44,45,46,47,55,79,80,211)，得到证券类别的具体描述：1-A股，2-B股，4-大盘，5-国债回购，6-国债现货，7-金融债券，8-开放式基金，9-可转换债券，10-其他，11-企业债券，12-企业债券回购，13-投资基金，14-央行票据，15-深市代理沪市股票，16-沪市代理深市股票，17-资产支持证券，18-资产证券化产品，19-买断式回购，20-衍生权证，21-股本权证，23-商业银行定期存款，26-收益增长线，27-新质押式回购，28-地方政府债，29-可交换公司债，30-拆借，31-信用风险缓释工具，32-浮息债计息基准利率，33-定期存款凭证，35-大额存款凭证，36-债券借贷，37-存款类机构质押式回购，38-存款类机构信用拆借，39-现货，40-货币对，41-中国存托凭证，42-协议回购，43-三方回购，44-利率互换品种，45-标准利率互换合约，46-报价回购，47-标准化票据，55-优先股，79-深市代理港交所股票，80-沪市代理港交所股票，211-自贸区债。"}, {"column": "ListedDate", "desc": "上市日期"}, {"column": "ListedSector", "desc": "上市板块；，令LB = 207 AND DM IN (1,2,3,4,5,6,7,8)，得到上市板块的具体描述：1-主板，2-中小企业板，3-三板，4-其他，5-大宗交易系统，6-创业板，7-科创板，8-北交所股票。"}, {"column": "ListedState", "desc": "上市状态；，令LB = 1176 AND DM IN (1,3,5,9)，得到上市状态的具体描述：1-上市，3-暂停，5-终止，9-其他。"}, {"column": "ISIN", "desc": "ISIN代码"}]}]

请选择column，务必遵循输出的格式要求。

>>>>> Agent【Check_db_structure.columns_selector】 Said:
【分析】
用户询问的是四川长虹电器股份有限公司在证券交易所的证券代码。根据已知信息，四川长虹电器股份有限公司的相关信息存储在`constantdb.secumain`表中，且其证券代码字段为`SecuCode`。

【信息所在字段】
- constantdb.secumain.SecuCode: 这个字段包含证券代码信息，对应用户提问中的“证券代码”

【筛选条件所在字段】
- constantdb.secumain.ChiName: 这个字段包含公司名称信息，用于筛选四川长虹电器股份有限公司

【选中的字段的清单】
```json
{"constantdb.secumain": ["SecuCode", "ChiName"]}
```


>>>>> 【user】 Said:
请问四川长虹电器股份有限公司在证券交易所的证券代码是多少？

>>>>> Agent【Sql_query.master】 Said:
【已知信息】
- 四川长虹电器股份有限公司的关联信息有:
  - 所在数据表是constantdb.secumain
  - InnerCode(证券内部编码)是2079
  - CompanyCode(公司代码)是1772
  - ChiName(中文名称)是四川长虹电器股份有限公司
  - EngName(英文名称)是Sichuan Changhong Electric Co.,Ltd.
  - SecuCode(证券代码)是600839

【当前阶段要获取的信息】
- 四川长虹电器股份有限公司在证券交易所的证券代码

【信息所在字段】
- SecuCode

【筛选条件所在字段】
- ChiName

【SQL语句的思路】
- 直接查询constantdb.secumain表，筛选ChiName为"四川长虹电器股份有限公司"的记录，获取SecuCode字段

【执行SQL语句】
```exec_sql
SELECT SecuCode 
FROM constantdb.secumain 
WHERE ChiName = '四川长虹电器股份有限公司'
LIMIT 1
```

【上述SQL语句的含义】
- 从constantdb.secumain表中选取SecuCode字段
- 筛选条件是ChiName字段等于"四川长虹电器股份有限公司"
- 限制结果只返回一条记录

>>>>> 查询sql:
SELECT SecuCode 
FROM constantdb.secumain 
WHERE ChiName = '四川长虹电器股份有限公司'
LIMIT 1;
查询结果:
[{"SecuCode": "600839"}]


>>>>> 【user】 Said:
查询SQL:
SELECT SecuCode 
FROM constantdb.secumain 
WHERE ChiName = '四川长虹电器股份有限公司'
LIMIT 1;
查询结果:
[{"SecuCode": "600839"}]

请理解查询结果

>>>>> Agent【Sql_query.understand_query_result】 Said:
查询结果表明: 查询到的四川长虹电器股份有限公司的证券代码为600839。


>>>>> 【user】 Said:
查询SQL:
SELECT SecuCode 
FROM constantdb.secumain 
WHERE ChiName = '四川长虹电器股份有限公司'
LIMIT 1;
查询结果:
[{"SecuCode": "600839"}]

查询结果表明: 查询到的四川长虹电器股份有限公司的证券代码为600839。

当前掌握的信息是否能够回答"请问四川长虹电器股份有限公司在证券交易所的证券代码是多少？"？还是要继续执行下一阶段SQL查询？

>>>>> Agent【Sql_query.master】 Said:
【已知信息】
- 查询结果表明四川长虹电器股份有限公司的证券代码为600839。

【当前阶段要获取的信息】
- 无

【信息所在字段】
- 无

【筛选条件所在字段】
- 无

【SQL语句的思路】
- 无

【执行SQL语句】
```exec_sql
无
```

【上述SQL语句的含义】
- 无

当前掌握的信息已经能够回答"请问四川长虹电器股份有限公司在证券交易所的证券代码是多少？"，无需继续执行下一阶段SQL查询。四川长虹电器股份有限公司在证券交易所的证券代码是600839。


>>>>> 【user】 Said:
充分尊重前面给出的结论，回答问题:"请问四川长虹电器股份有限公司在证券交易所的证券代码是多少？"

>>>>> Agent【Sql_query.summary】 Said:
四川长虹电器股份有限公司在证券交易所的证券代码是600839。
