
>>>>> Original Question: 这些公司中有哪些是连板的？


>>>>> 【user】 Said:
下面是已知的事实:
'''
普洛药业股份有限公司的关联信息有:[所在数据表是constantdb.secumain;InnerCode(证券内部编码)是413;CompanyCode(公司代码)是358;ChiName(中文名称)是普洛药业股份有限公司;EngName(英文名称)是Apeloa Pharmaceutical Co., Ltd.;SecuCode(证券代码)是000739;]
'''
下面是顺序的历史问答:
'''
Question: 普洛药业股份有限公司最近一次创上市以来的新高是在什么时候？（时间回答XXXX-XX-XX）
Answer: 2015-06-11
Question: 当天涨幅超过10%股票有多少家？
Answer: 0家
'''
现在用户继续提问，请根据已知信息，理解当前这个问题的完整含义，并重写这个问题使得单独拿出来看仍然能够正确理解：这些公司中有哪些是连板的？

>>>>> Agent【rewrite_question】 Said:
在2015年6月11日当天，普洛药业股份有限公司创上市以来新高的同时，当天涨幅超过10%的股票有0家，那么在这些公司中，有哪些是实现了连板的公司？


>>>>> 【user】 Said:
提取下面这段文字里的实体，如公司名、股票代码等，如果识别结果是空，那么就回复No Entities."在2015年6月11日当天，普洛药业股份有限公司创上市以来新高的同时，当天涨幅超过10%的股票有0家，那么在这些公司中，有哪些是实现了连板的公司？"

>>>>> Agent【extract_company】 Said:
```json
["普洛药业股份有限公司"]
```

>>>>> 查询sql:
SELECT 'constantdb.secumain' AS TableName, InnerCode, CompanyCode, ChiName, EngName, SecuCode
FROM constantdb.secumain 
WHERE SecuCode = '普洛药业股份有限'
   OR ChiName LIKE '%普洛药业股份有限%'
   OR ChiNameAbbr LIKE '%普洛药业股份有限%'
   OR EngName LIKE '%普洛药业股份有限%'
   OR EngNameAbbr LIKE '%普洛药业股份有限%'
   OR SecuAbbr LIKE '%普洛药业股份有限%'
UNION ALL
SELECT 'constantdb.hk_secumain' AS TableName, InnerCode, CompanyCode, ChiName, EngName, SecuCode
FROM constantdb.hk_secumain 
WHERE SecuCode = '%普洛药业股份有限%'
   OR ChiName LIKE '%普洛药业股份有限%'
   OR ChiNameAbbr LIKE '%普洛药业股份有限%'
   OR EngName LIKE '%普洛药业股份有限%'
   OR EngNameAbbr LIKE '%普洛药业股份有限%'
   OR SecuAbbr LIKE '%普洛药业股份有限%'
   OR FormerName LIKE '%普洛药业股份有限%'
UNION ALL
SELECT 'constantdb.us_secumain' AS TableName, InnerCode, CompanyCode, ChiName, EngName, SecuCode
FROM constantdb.us_secumain 
WHERE SecuCode = '普洛药业股份有限'
   OR ChiName LIKE '%普洛药业股份有限%'
   OR EngName LIKE '%普洛药业股份有限%'
   OR SecuAbbr LIKE '%普洛药业股份有限%';
查询结果:
[{"TableName": "constantdb.secumain", "InnerCode": 413, "CompanyCode": 358, "ChiName": "普洛药业股份有限公司", "EngName": "Apeloa Pharmaceutical Co., Ltd.", "SecuCode": "000739"}]

>>>>> 已知事实:
普洛药业股份有限公司的关联信息有:[所在数据表是constantdb.secumain;InnerCode(证券内部编码)是413;CompanyCode(公司代码)是358;ChiName(中文名称)是普洛药业股份有限公司;EngName(英文名称)是Apeloa Pharmaceutical Co., Ltd.;SecuCode(证券代码)是000739;]

>>>>> 【user】 Said:
请选择db，务必遵循输出的格式要求。

>>>>> Agent【Check_db_structure.db_selector】 Said:
【分析】
用户提问涉及以下几个方面：
1. 普洛药业股份有限公司在2015年6月11日的股价创上市以来新高。
2. 当天涨幅超过10%的股票数量。
3. 在这些公司中，哪些实现了连板。

为了回答这些问题，需要以下信息：
- 普洛药业股份有限公司的股价历史数据。
- 2015年6月11日所有股票的涨幅数据。
- 连板公司的识别需要连续几天的涨停数据。

【选中的数据库】
- `astockmarketquotesdb`: 这个数据库记录了上市公司股票行情，包括每日行情、成交量、技术指标等，可以获取普洛药业股份有限公司的股价历史数据和2015年6月11日的涨幅数据。
- `astockeventsdb`: 这个数据库记录了上市公司的重大事项，可能包含涨停信息，有助于识别连板公司。

【选中的数据库的清单】
```json
["astockmarketquotesdb", "astockeventsdb"]
```


>>>>> 【user】 Said:
数据库表信息如下:
[{"表名": "astockmarketquotesdb.cs_stockcapflowindex", "说明": "该数据表记录了证券交易相关的详细数据，涵盖交易日期、时间区间等基本信息，以及按小单、中单、大单、超大单、主力单和全单分类的交易统计数据，包括流入流出金额、流入流出量、流入流出笔数、净流入流出额与量、买入卖出率（按金额和数量计算）、净买入率及其与流通市值或流通股本的比值等。此外，还细分了主动买入卖出相关的金额、数量、笔数及其比率等指标，全面反映了不同交易规模下的资金流向和市场行为特征。"}, {"表名": "astockmarketquotesdb.cs_turnovervoltecindex", "说明": "该数据表记录了证券交易的相关数据，包含多个类别的字段信息。基本信息包括证券内部编码、聚源代码、交易日期、证券市场等；时间维度涵盖指标周期；成交额和成交量的统计指标包括简单移动平均值（如5日、10日、20日、30日、60日、120日、250日等周期的AMA和VMA）、指数平滑异同平均（如VMACD_EMA12、VMACD_EMA26、VMACD_DIFF、VMACD_DEA、VMACD_MACD）等；成交量的波动性与强弱分析指标包括量比、成交量震荡指标(VOSC)、加权指数成交量(TAPI及其均值TAPIMA)、成交量标准差(VSTD)、量变动速率(VROC)、成交量比率(VR)、量相对强弱(VRSI)等，全面反映证券交易的量价变化及趋势特征。"}, {"表名": "astockmarketquotesdb.cs_stockpatterns", "说明": "该数据表主要用于记录证券交易的多维度表现与趋势分析，涵盖基础信息如证券内部编码、交易日、聚源代码、证券市场等；高点与低点分析，包括价格、收盘价、成交量、成交金额在近一周、一个月、一季度、半年、一年及上市以来的创高或创低情况；历史新高新低统计，记录不同时间区间内创历史新高或新低的次数；趋势与形态分析，如连涨天数、连跌天数、连续放量或缩量天数，以及对5日、10日、20日、60日均线的有效突破情况；其他指标如N天M板表现和均线多空头排列的看涨看跌信号，为证券的短期与长期走势提供综合性参考。"}, {"表名": "astockmarketquotesdb.qt_dailyquote", "说明": "该数据表记录了证券交易的核心信息，包括证券的唯一标识\"证券内部编码\"，交易日期\"交易日\"，以及价格相关数据如\"昨收盘价\"、\"今开盘价\"、\"最高价\"、\"最低价\"和\"收盘价\"（单位均为元）；还包含交易活动指标，如\"成交量\"（股）、\"成交金额\"（元）和\"成交笔数\"（笔），全面反映了每日交易的市场表现。"}, {"表名": "astockmarketquotesdb.qt_stockperformance", "说明": "该数据表涵盖了证券交易的多维度信息，包括基本标识字段如证券内部编码和交易日；价格相关信息如开盘价、收盘价、最高价、最低价、均价以及涨跌幅、振幅等；成交数据如成交量、成交金额、换手率及其日均值；时间维度统计如周、月、三个月、六个月、十二个月及今年以来的价格、成交量、成交金额、涨跌幅、振幅、换手率等汇总指标；自由流通股本相关的换手率及其日均值；市场表现指标如Beta值（相对于不同基准指数）、阿尔法值、波动率、夏普比率、市场收益率等；市值信息包括总市值和流通市值；特殊价格指标如上市以来后复权的最高价、最低价及对应时间。该表全面整合了短期和长期的交易数据、市场表现以及统计汇总，为证券分析提供了丰富的基础数据支持。"}, {"表名": "astockmarketquotesdb.lc_suspendresumption", "说明": "该数据表主要记录证券停复牌相关信息，包括证券标识字段如证券内部编码，时间相关字段如信息发布日期、停牌日期、停牌时间、复牌日期、复牌时间，信息来源字段如信息来源，停复牌详情字段如停牌原因、停牌事项说明、停牌期限、停牌期限类型及复牌事项说明等，全面描述了证券停复牌的时间、原因及相关说明。"}, {"表名": "astockeventsdb.lc_warrant", "说明": "该数据表涵盖了与公司事件披露相关的多维度信息，包括基础信息如公司代码、事件编码等；时间信息如首次信息发布日期、信息发布日期、协议签署日期、借贷及担保的起止日期等；信息来源和披露方式等描述性字段；事件相关信息如事件内容、行为描述、最新进展状态、事件主体及其名称、企业编号、关联关系等；交易对象和担保相关信息，包括交易对象名称、担保金额（首次及最新）、担保资产、提供担保企业及其关联关系、接受担保企业及其关联关系、反担保企业及资产等；借贷信息如借款银行、借款期限、续借期限、借贷起止日期、担保期限及续保期限等；以及其他补充信息如担保是否违规、借贷是否逾期、担保解除日期及方式、附注等，全面记录了公司事件的关键要素和关联信息。"}, {"表名": "astockeventsdb.lc_credit", "说明": "该数据表主要记录公司与上市公司之间的贷款及担保相关信息。字段信息包括公司标识及关联关系，如公司代码、事件主体名称及编号、交易对象名称及编号、借入方及借出方、担保方及其关联关系等。时间信息涵盖首次信息发布日期、信息发布日期、协议签署日期、借贷起始日及截止日、担保起始日及截止日、最近还款日期等。贷款与担保的详细信息涉及到货币单位、首次及最新借贷金额、最近及累计还款金额、借贷条件、年利率及其说明、借贷及担保期限、续借及续保期限、抵押置押资产等。事件相关信息包括信息来源、公告类型、披露方式、事件内容及主体、行为描述及方式、最新进展状态、是否终止等。此外，还包括附注信息用于补充说明。"}, {"表名": "astockeventsdb.lc_suitarbitration", "说明": "该数据表主要用于记录与公司相关的事件、诉讼仲裁及其进展信息。表中包含了基础标识信息如ID和公司代码(CompanyCode)；时间信息如首次信息发布日期(InitialInfoPublDate)和信息发布日期(InfoPublDate)；信息来源和披露方式(InfoSource, DisclosureMethod)；事件相关信息如事件内容(EventContent)、行为描述(ActionDesc)、事件主体名称及编号(SubjectName, SubjectCode)、事件进程(EventProcedure)、行为方式(ActionWays)、事件主体在诉讼中的角色(EventSubjectRole)等；涉及的交易或诉讼对象信息如交易对象名称及编号(ObjectName, ObjectCode)、诉讼仲裁原告和被告(Plaintiff, Defendant)及其关联关系；诉讼仲裁详细信息如案由描述(SubjectMatterStat)、案由(SubjectMatter)、诉讼仲裁金额(FirstSuitSum, LatestSuitSum)、审理机构(InquisitionInstitute)、仲裁状态及各审级状态(CaseStatus, FirstInstanceStatus, SecondInstanceStatus, SPPStatus)；财产执行信息如被执行财产(PropertyEnforced)、归属(PropertyBelonged)、执行状态(AdjudgementStatus)；以及协议签署日期(AgreementDate)、备注(Note)、是否终止(IfEnded)等辅助字段。字段内容涵盖了事件描述、诉讼仲裁进展、主体与关联方信息等多方面内容，便于综合分析和管理。"}, {"表名": "astockeventsdb.lc_entrustinv", "说明": "该数据表主要记录公司相关事件的详细信息，包括公司标识字段如公司代码、事件主体名称及其企业编号、交易对象名称及其企业编号等；事件基本信息字段如首次信息发布日期、信息发布日期、信息来源、公告类型、披露方式、事件内容、行为描述、行为方式及事件进程等；状态与进展字段如最新进展状态描述、是否终止、协议签署日期等；财务相关字段如涉及金额、货币单位、委托期限、委托起始日与截止日、约定收益说明及实际收益等；以及其他补充信息字段如与上市公司的关联关系、备注等，全面涵盖了事件的时间、主体、财务及进展等核心要素。"}, {"表名": "astockeventsdb.lc_regroup", "说明": "该数据表主要用于记录公司事件相关的信息。包括公司基础信息如公司代码、事件主体名称及其编号、事件主体与上市公司的关联关系等；事件相关的时间信息如首次信息发布日期、信息发布日期、协议签署日期等；事件的详细描述如事件内容、行为描述、最新进展状态、事件进程、行为方式等；信息来源和披露方式等公告信息；涉及的财务数据如资产帐面价值、资产评估价值、资产出售金额、资产转让收益、债务重组金额等；事件的类别和编码信息如公告类型、事项类型、事项编码、序号等；此外，还包括事件是否终止、交易对象企业编号及其与上市公司的关联关系等补充信息。"}, {"表名": "astockeventsdb.lc_majorcontract", "说明": "该数据表记录了与公司相关的事件及合同信息，包含公司基本信息如公司代码、事件主体名称及编号、交易对象名称及编号，以及主体与上市公司间的关联关系等；事件相关信息如首次信息发布日期、最新信息发布日期、信息来源、公告类型、事件内容、行为描述、行为方式、最新进展状态描述、事件主体、事件进程等；合同相关信息如协议签署日期、合同标的、合同获得方式、中标日期、涉及金额、合同起始日、合同截止日、合同期限及合同对公司的影响等；此外，还包括货币单位及备注等辅助信息。"}, {"表名": "astockeventsdb.lc_investorra", "说明": "该数据表记录了与证券相关的接待活动信息，包含信息发布日期、标题及链接等基本信息；证券内部编码、编号和序号等标识信息；接待日期、时间及截止日等时间信息；活动类别、地点、参与单位及人员、上市公司接待人员等活动相关信息；主要内容、附件及其格式等内容信息。"}, {"表名": "astockeventsdb.lc_investordetail", "说明": "该数据表主要用于记录投资者关系活动的详细信息，包括活动的唯一标识（投资者关系活动ID）、参与的调研机构及其编码（调研机构、调研机构编码）、参与的调研人员及其编码（调研人员、调研人员编码）、调研人员的职位名称，以及活动的排序序号等基本信息。"}]

请选择table，务必遵循输出的格式要求。

>>>>> Agent【Check_db_structure.table_selector】 Said:
【分析】
要解决这个问题，我们需要以下几个步骤：
1. 确认普洛药业股份有限公司在2015年6月11日是否创上市以来新高。
2. 找出当天涨幅超过10%的股票。
3. 在这些股票中，找出实现了连板的公司。

【选中的数据表】
- astockmarketquotesdb.qt_dailyquote: 这个数据表包含每日交易的核心信息，包括最高价和涨跌幅，可以用来判断是否创上市以来新高以及涨幅情况。
- astockmarketquotesdb.cs_stockpatterns: 这个数据表包含连板信息，可以用来判断股票是否实现了连板。

【选中的数据库表的清单】
```json
["astockmarketquotesdb.qt_dailyquote", "astockmarketquotesdb.cs_stockpatterns"]
```
补充选择table: ["usstockdb.us_dailyquote", "hkstockdb.cs_hkstockperformance"]补充选择table: ["astockmarketquotesdb.qt_stockperformance"]

>>>>> 【user】 Said:
已取得可用的数据表的字段信息如下:
[{"表名": "astockmarketquotesdb.qt_dailyquote", "表字段": [{"column": "InnerCode", "desc": "证券内部编码；证券内部编码（InnerCode）：与“证券主表（SecuMain）”中的“证券内部编码（InnerCode）”关联，得到证券的交易代码、简称等。"}, {"column": "TradingDay", "desc": "交易日"}, {"column": "PrevClosePrice", "desc": "昨收盘(元)"}, {"column": "OpenPrice", "desc": "今开盘(元)"}, {"column": "HighPrice", "desc": "最高价(元)"}, {"column": "LowPrice", "desc": "最低价(元)"}, {"column": "ClosePrice", "desc": "收盘价(元)"}, {"column": "TurnoverVolume", "desc": "成交量(股)；当证券类别为指数时，股票指数成交量单位是股，基金指数成交量单位是份，债券指数成交量单位是元。"}, {"column": "TurnoverValue", "desc": "成交金额(元)"}, {"column": "TurnoverDeals", "desc": "成交笔数(笔)"}]}, {"表名": "astockmarketquotesdb.cs_stockpatterns", "表字段": [{"column": "InnerCode", "desc": "证券内部编码；证券内部编码（InnerCode）：与“证券主表(SecuMain)”中的“证券内部编码(InnerCode)”关联，得到股票的证券代码、简称等其他详细信息。"}, {"column": "TradingDay", "desc": "交易日"}, {"column": "GilCode", "desc": "聚源代码"}, {"column": "SecuMarket", "desc": "证券市场"}, {"column": "IfHighestHPriceRW", "desc": "是否创近一周的新高；指定日期最高价是否大于指定日期最近N天最高价，是返回1， 否返回2。 N分别为：近1周、近1月、近3月、近半年、近1年、上市以来。"}, {"column": "IfHighestHPriceRM", "desc": "是否创近一月的新高"}, {"column": "IfHighestHPriceRMThree", "desc": "是否创近一季度的新高"}, {"column": "IfHighestHPriceRMSix", "desc": "是否创近半年的新高"}, {"column": "IfHighestHPriceRY", "desc": "是否创近一年的新高"}, {"column": "IfHighestHPriceSL", "desc": "是否创上市以来的新高"}, {"column": "IfHighestCPriceRW", "desc": "是否创近一周的新高收盘价；指定日期收盘价是否大于指定日期最近N天收盘价，是返回1， 否返回2。 N分别为：近1周、近1月、近3月、近半年、近1年、上市以来。"}, {"column": "IfHighestCPriceRM", "desc": "是否创近一月的新高收盘价"}, {"column": "IfHighestCPriceRMThree", "desc": "是否创近一季度的新高收盘价"}, {"column": "IfHighestCPriceRMSix", "desc": "是否创近半年的新高收盘价"}, {"column": "IfHighestCPriceRY", "desc": "是否创近一年的新高收盘价"}, {"column": "IfHighestCPriceSL", "desc": "是否创上市以来的新高收盘价"}, {"column": "IfHighestTVolumeRW", "desc": "是否创近一周的新高成交量"}, {"column": "IfHighestTVolumeRM", "desc": "是否创近一月的新高成交量；指定日期成交量是否大于指定日期最近N天成交量，是返回1， 否返回2。 N分别为：近1周、近1月、近3月、近半年、近1年、上市以来。"}, {"column": "IfHighestTVRMThree", "desc": "是否创近一季度的新高成交量"}, {"column": "IfHighestTVolumeRMSix", "desc": "是否创近半年的新高成交量"}, {"column": "IfHighestTVolumeRY", "desc": "是否创近一年的新高成交量"}, {"column": "IfHighestTVolumeSL", "desc": "是否创上市以来的新高成交量"}, {"column": "IfHighestTValueRW", "desc": "是否创近一周的新高成交金额；指定日期成交金额是否大于指定日期最近N天成交金额，是返回1， 否返回2。N分别为：近1周、近1月、近3月、近半年、近1年、上市以来。"}, {"column": "IfHighestTValueRM", "desc": "是否创近一月的新高成交金额"}, {"column": "IfHighestTValueRMThree", "desc": "是否创近一季度的新高成交金额"}, {"column": "IfHighestTValueRMSix", "desc": "是否创近半年的新高成交金额"}, {"column": "IfHighestTValueRY", "desc": "是否创近一年的新高成交金额"}, {"column": "IfHighestTValueSL", "desc": "是否创上市以来的新高成交金额"}, {"column": "HighestHPTimesSL", "desc": "最新交易日创历史新高次数；指定日期最近N天内大于指定日期之前的历史交易日最高价的次数。 N: 最新交易日、近1周、近1月、近3月、近半年、近1年"}, {"column": "HighestHPTimesRW", "desc": "最近一周创历史新高次数"}, {"column": "HighestHPTimesRM", "desc": "最近一月创历史新高次数"}, {"column": "HighestHPTimesRMThree", "desc": "最近一季度创历史新高次数"}, {"column": "HighestHPTimesRMSix", "desc": "最近半年创历史新高次数"}, {"column": "HighestHPTimesRY", "desc": "最近一年创历史新高次数"}, {"column": "IfLowestLPriceRW", "desc": "是否创近一周的新低；指定日期最低价是否小于指定日期最近N天最低价，是返回1， 否返回2。 N分别为：近1周、近1月、近3月、近半年、近1年、上市以来。"}, {"column": "IfLowestLPriceRM", "desc": "是否创近一个月的新低"}, {"column": "IfLowestLPRMThree", "desc": "是否创近一季度的新低"}, {"column": "IfLowestLPriceRMSix", "desc": "是否创近半年的新低"}, {"column": "IfLowestLPriceRY", "desc": "是否创近一年的新低"}, {"column": "IfLowestLPriceSL", "desc": "是否创上市以来的新低"}, {"column": "IfLowestClosePriceRW", "desc": "是否创近一周的新低收盘价；指定日期收盘价是否小于指定日期最近N天收盘价，是返回1， 否返回2。 N分别为：近1周、近1月、近3月、近半年、近1年、上市以来。"}, {"column": "IfLowestClosePriceRM", "desc": "是否创近一月的新低收盘价"}, {"column": "IfLowestCPriceRMThree", "desc": "是否创近一季度的新低收盘价"}, {"column": "IfLowestCPriceRMSix", "desc": "是否创近半年的新低收盘价"}, {"column": "IfLowestClosePriceRY", "desc": "是否创近一年的新低收盘价"}, {"column": "IfLowestClosePriceSL", "desc": "是否创上市以来的新低收盘价"}, {"column": "IfLowestTVolumeRW", "desc": "是否创近一周的新低成交量；指定日期成交量是否小于指定日期最近N天成交量，是返回1， 否返回2。 N分别为：近1周、近1月、近3月、近半年、近1年、上市以来。"}, {"column": "IfLowestTVolumeRM", "desc": "是否创近一月的新低成交量"}, {"column": "IfLowestTVolumeRMThree", "desc": "是否创近一季度的新低成交量"}, {"column": "IfLowestVolumeRMSix", "desc": "是否创近半年的新低成交量"}, {"column": "IfLowestTVolumeRY", "desc": "是否创近一年的新低成交量"}, {"column": "IfLowestTVolumeSL", "desc": "是否创上市以来的新低成交量"}, {"column": "IfLowestTValueRW", "desc": "是否创近一周的新低成交金额；指定日期成交金额是否小于指定日期最近N天成交金额，是返回1， 否返回2。N分别为：近1周、近1月、近3月、近半年、近1年、上市以来。"}, {"column": "IfLowestTValueRM", "desc": "是否创近一月的新低成交金额"}, {"column": "IfLowestTValueRMThree", "desc": "是否创近一季度的新低成交金额"}, {"column": "IfLowestTValueRMSix", "desc": "是否创近半年的新低成交金额"}, {"column": "IfLowestTValueRY", "desc": "是否创近一年的新低成交金额"}, {"column": "IfLowestTValueSL", "desc": "是否创上市以来的新低成交金额"}, {"column": "LowestLowPriceTimesSL", "desc": "最新交易日创历史新低次数；指定日期最近N天内小于指定日期之前的历史交易日最低价的次数， N: 最新交易日、近1周、近1月、近3月、近半年、近1年。"}, {"column": "LowestLowPriceTimesRW", "desc": "最近一周创历史新低次数"}, {"column": "LowestLowPriceTimesRM", "desc": "最近一个月创历史新低次数"}, {"column": "LowestLPTimesRMThree", "desc": "最近一季度创历史新低次数"}, {"column": "LowestLPTimesRMSix", "desc": "最近半年创历史新低次数"}, {"column": "LowestLPTimesRY", "desc": "最近一年创历史新低次数"}, {"column": "RisingUpDays", "desc": "连涨天数；统计个股在指定交易日期往前推连续上涨的天数。"}, {"column": "FallingDownDays", "desc": "连跌天数；统计个股在指定交易日期往前推连续下跌的天数。"}, {"column": "VolumeRisingUpDays", "desc": "连续放量天数；统计个股在指定交易日期往前推成交量连续上升的天数。"}, {"column": "VolumeFallingDownDays", "desc": "连续缩量天数；统计个股在指定交易日期往前推成交量连续下降的天数。"}, {"column": "BreakingMAverageFive", "desc": "向上向下有效突破5日均线；向上有效突破： 最近N天的收盘价>n日均线，且距今N+1天的收盘价<=n日均线。 向下有效突破： 最近N天的收盘价<n日均线，且距今N+1天的收盘价>=n日均线。 1-向上有效突破, 2-向下有效突破, 0-其他。 均线计算：n日均线=n日收盘价之和/n。 向上向下有效突破字段按照N=3 计算。"}, {"column": "BreakingMAverageTen", "desc": "向上向下有效突破10日均线"}, {"column": "BreakingMAverageTwenty", "desc": "向上向下有效突破20日均线"}, {"column": "BreakingMAverageSixty", "desc": "向上向下有效突破60日均线"}, {"column": "RaisingLimitInNDays", "desc": "N天M板；N天： 指定交易日往前取到连续三个非涨停的交易日的最后一个交易日的后一个交易日且该交易日涨停作为起始日期，指定交易日作为截至日期，N天即为起始日期到截至日期区间内的天数。 M板：上述N天内的涨停数。"}, {"column": "MAverageArrangements", "desc": "均线多空头排列看涨看跌；看涨：5日均线>10日均线>20日均线>60日均线，看涨返回1。 看跌：5日均线<10日均线<20日均线<60日均线，看跌返回2。"}]}, {"表名": "usstockdb.us_dailyquote", "表字段": [{"column": "TradingDay", "desc": "交易日"}, {"column": "InnerCode", "desc": "证券内部代码；证券内部代码（InnerCode）：与”美股证券主表(US_SecuMain)“表的” 证券内部代码 (InnerCode)字段 “关联，得到相关的交易代码、简称等。"}, {"column": "Open", "desc": "开盘价"}, {"column": "High", "desc": "最高价"}, {"column": "Low", "desc": "最低价"}, {"column": "Close", "desc": "收盘价"}, {"column": "Volume", "desc": "成交量(手)"}, {"column": "EPSTTM", "desc": "每股收益TTM(元/股)"}, {"column": "MarketCap", "desc": "证券总市值"}, {"column": "ShareOST", "desc": "证券总股本"}, {"column": "PrevClosePrice", "desc": "昨收盘"}, {"column": "ChangePCT", "desc": "涨跌幅(%)"}, {"column": "AvgPrice", "desc": "均价；均价（AvgPrice）：成交额/成交量"}, {"column": "TurnoverValue", "desc": "成交额(万)"}, {"column": "ChangeOF", "desc": "日涨跌"}]}, {"表名": "hkstockdb.cs_hkstockperformance", "表字段": [{"column": "InnerCode", "desc": "证券内部编码"}, {"column": "TradingDay", "desc": "交易日"}, {"column": "PrevClosePrice", "desc": "昨收盘"}, {"column": "OpenPrice", "desc": "今开盘"}, {"column": "HighPrice", "desc": "最高价"}, {"column": "LowPrice", "desc": "最低价"}, {"column": "ClosePrice", "desc": "收盘价"}, {"column": "CurrencyUnitCode", "desc": "货币代码；货币代码(CurrencyUnitCode)与(CT_SystemConst)表中的DM字段关联，令LB=1068 AND DM IN (1000,1100,1420)，得到货币代码的具体描述：1000-美元，1100-港元，1420-人民币元。"}, {"column": "TurnoverVolume", "desc": "成交量"}, {"column": "TurnoverValue", "desc": "成交金额(元)"}, {"column": "ChangeOF", "desc": "涨跌"}, {"column": "ChangePCT", "desc": "涨跌幅(%)"}, {"column": "RangePCT", "desc": "振幅(%)"}, {"column": "TurnoverRate", "desc": "换手率(%)"}, {"column": "AvgPrice", "desc": "均价"}, {"column": "TotalMV", "desc": "总市值(元)"}, {"column": "NegotiableMV", "desc": "流通市值(不含限售股)(元)"}, {"column": "TurnoverValueRW", "desc": "近一周成交金额(元)"}, {"column": "TurnoverVolumeRW", "desc": "近一周成交量(股)"}, {"column": "ChangeOFRW", "desc": "近一周涨跌(元)"}, {"column": "ChangePCTRW", "desc": "近一周涨跌幅(%)"}, {"column": "RangePCTRW", "desc": "近一周振幅(%)"}, {"column": "TurnoverRateRW", "desc": "近一周换手率(%)"}, {"column": "AvgPriceRW", "desc": "近一周成交均价(元)"}, {"column": "HighPriceRW", "desc": "近一周最高价(元)"}, {"column": "LowPriceRW", "desc": "近一周最低价(元)"}, {"column": "HighestClosePriceRW", "desc": "近一周收盘最高价(元)"}, {"column": "LowestClosePriceRW", "desc": "近一周收盘最低价(元)"}, {"column": "TurnoverValuePerDayRW", "desc": "近一周日均成交金额(元)"}, {"column": "TurnoverRatePerDayRW", "desc": "近一周日均换手率(%)"}, {"column": "TurnVolumePerDayRW", "desc": "近一周日均成交量(股)"}, {"column": "ChangePCTPerDayRW", "desc": "近一周日均涨跌幅(%)"}, {"column": "RangePCTPerDayRW", "desc": "近一周日均振幅(%)"}, {"column": "TotalMVPerDayRW", "desc": "近一周日均总市值(元)"}, {"column": "NegotiableMVPerDayRW", "desc": "近一周日均流通市值(不含限售股)(元)"}, {"column": "TurnoverValueTW", "desc": "本周以来成交金额(元)"}, {"column": "TurnoverVolumeTW", "desc": "本周以来成交量(股)"}, {"column": "ChangeOFTW", "desc": "本周以来涨跌(元)"}, {"column": "ChangePCTTW", "desc": "本周以来涨跌幅(%)"}, {"column": "RangePCTTW", "desc": "本周以来振幅(%)"}, {"column": "TurnoverRateTW", "desc": "本周以来换手率(%)"}, {"column": "AvgPriceTW", "desc": "本周以来成交均价(元)"}, {"column": "HighPriceTW", "desc": "本周以来最高价(元)"}, {"column": "LowPriceTW", "desc": "本周以来最低价(元)"}, {"column": "HighestClosePriceTW", "desc": "本周以来收盘最高价(元)"}, {"column": "LowestClosePriceTW", "desc": "本周以来收盘最低价(元)"}, {"column": "TurnoverValuePerDayTW", "desc": "本周以来日均成交金额(元)"}, {"column": "TurnoverRatePerDayTW", "desc": "本周以来日均换手率(%)"}, {"column": "TurnVolumePerDayTW", "desc": "本周以来日均成交量(股)"}, {"column": "ChangePCTPerDayTW", "desc": "本周以来日均涨跌幅(%)"}, {"column": "RangePCTPerDayTW", "desc": "本周以来日均振幅(%)"}, {"column": "TotalMVPerDayTW", "desc": "本周以来日均总市值(元)"}, {"column": "NegotiableMVPerDayTW", "desc": "本周以来日均流通市值(不含限售股)(元)"}, {"column": "TurnoverValueRM", "desc": "近一月成交金额(元)"}, {"column": "TurnoverVolumeRM", "desc": "近一月成交量(股)"}, {"column": "ChangeOFRM", "desc": "近一月涨跌(元)"}, {"column": "ChangePCTRM", "desc": "近一月涨跌幅(%)"}, {"column": "RangePCTRM", "desc": "近一月月振幅(%)"}, {"column": "TurnoverRateRM", "desc": "近一月月换手率(%)"}, {"column": "AvgPriceRM", "desc": "近一月成交均价(元)"}, {"column": "HighPriceRM", "desc": "近一月最高价(元)"}, {"column": "LowPriceRM", "desc": "近一月最低价(元)"}, {"column": "HighestClosePriceRM", "desc": "近一月收盘最高价(元)"}, {"column": "LowestClosePriceRM", "desc": "近一月收盘最低价(元)"}, {"column": "TurnoverValuePerDayRM", "desc": "近一月日均成交金额(元)"}, {"column": "TurnoverRatePerDayRM", "desc": "近一月日均换手率(%)"}, {"column": "TurnVolumePerDayRM", "desc": "近一月日均成交量(股)"}, {"column": "ChangePCTPerDayRM", "desc": "近一月日均涨跌幅(%)"}, {"column": "RangePCTPerDayRM", "desc": "近一月日均振幅(%)"}, {"column": "TotalMVPerDayRM", "desc": "近一月日均总市值(元)"}, {"column": "NegotiableMVPerDayRM", "desc": "近一月日均流通市值(不含限售股)(元)"}, {"column": "TurnoverValueTM", "desc": "本月以来成交金额(元)"}, {"column": "TurnoverVolumeTM", "desc": "本月以来成交量(股)"}, {"column": "ChangeOFTM", "desc": "本月以来涨跌(元)"}, {"column": "ChangePCTTM", "desc": "本月以来涨跌幅(%)"}, {"column": "RangePCTTM", "desc": "本月以来振幅(%)"}, {"column": "TurnoverRateTM", "desc": "本月以来换手率(%)"}, {"column": "AvgPriceTM", "desc": "本月以来成交均价(元)"}, {"column": "HighPriceTM", "desc": "本月以来最高价(元)"}, {"column": "LowPriceTM", "desc": "本月以来最低价(元)"}, {"column": "HighestClosePriceTM", "desc": "本月以来收盘最高价(元)"}, {"column": "LowestClosePriceTM", "desc": "本月以来收盘最低价(元)"}, {"column": "TurnoverValuePerDayTM", "desc": "本月以来日均成交金额(元)"}, {"column": "TurnoverRatePerDayTM", "desc": "本月以来日均换手率(%)"}, {"column": "TurnVolumePerDayTM", "desc": "本月以来日均成交量(股)"}, {"column": "ChangePCTPerDayTM", "desc": "本月以来日均涨跌幅(%)"}, {"column": "RangePCTPerDayTM", "desc": "本月以来日均振幅(%)"}, {"column": "TotalMVPerDayTM", "desc": "本月以来日均总市值(元)"}, {"column": "NegotiableMVPerDayTM", "desc": "本月以来日均流通市值(不含限售股)(元)"}, {"column": "TurnoverValueRMThree", "desc": "近三个月成交金额(元)"}, {"column": "TurnoverVolumeRMThree", "desc": "近三个月成交量(股)"}, {"column": "ChangeOFRMThree", "desc": "近三个月涨跌(元)"}, {"column": "ChangePCTRMThree", "desc": "近三个月涨跌幅(%)"}, {"column": "RangePCTRMThree", "desc": "近三个月振幅(%)"}, {"column": "TurnoverRateRMThree", "desc": "近三个月换手率(%)"}, {"column": "AvgPriceRMThree", "desc": "近三个月成交均价(元)"}, {"column": "HighPriceRMThree", "desc": "近三个月以来最高价(元)"}, {"column": "LowPriceRMThree", "desc": "近三个月以来最低价(元)"}, {"column": "HighestClosePRMThree", "desc": "近三个月以来收盘最高价(元)"}, {"column": "LowestClosePRMThree", "desc": "近三个月以来收盘最低价(元)"}, {"column": "TurnValuePDayRMThree", "desc": "近三个月日均成交金额(元)"}, {"column": "TurnRatePDayRMThree", "desc": "近三个月日均换手率(%)"}, {"column": "TurnVolumePDayRMThree", "desc": "近三个月日均成交量(股)"}, {"column": "ChangePCTPDayRMThree", "desc": "近三个月日均涨跌幅(%)"}, {"column": "RangePCTPDayRMThree", "desc": "近三个月日均振幅(%)"}, {"column": "TotalMVPerDayRMThree", "desc": "近三个月日均总市值(元)"}, {"column": "NegotiableMVPRMThree", "desc": "近三个月日均流通市值(不含限售股)(元)"}, {"column": "TurnoverValueRMSix", "desc": "近六个月成交金额(元)"}, {"column": "TurnoverVolumeRMSix", "desc": "近六个月成交量(股)"}, {"column": "ChangeOFRMSix", "desc": "近六个月涨跌(元)"}, {"column": "ChangePCTRMSix", "desc": "近六个月涨跌幅(%)"}, {"column": "RangePCTRMSix", "desc": "近六个月振幅(%)"}, {"column": "TurnoverRateRMSix", "desc": "近六个月换手率(%)"}, {"column": "AvgPriceRMSix", "desc": "近六个月成交均价(元)"}, {"column": "HighPriceRMSix", "desc": "近六个月以来最高价(元)"}, {"column": "LowPriceRMSix", "desc": "近六个月以来最低价(元)"}, {"column": "HighestClosePRMSix", "desc": "近六个月以来收盘最高价(元)"}, {"column": "LowestClosePRMSix", "desc": "近六个月以来收盘最低价(元)"}, {"column": "TurnValuePDayRMSix", "desc": "近六个月日均成交金额(元)"}, {"column": "TurnRatePDayRMSix", "desc": "近六个月日均换手率(%)"}, {"column": "TurnVolumePDayRMSix", "desc": "近六个月日均成交量(股)"}, {"column": "ChangePCTPDayRMSix", "desc": "近六个月日均涨跌幅(%)"}, {"column": "RangePCTPDayRMSix", "desc": "近六个月日均振幅(%)"}, {"column": "TotalMVPerDayRMSix", "desc": "近六个月日均总市值(元)"}, {"column": "NegotiableMVPRMSix", "desc": "近六个月日均流通市值(不含限售股)(元)"}, {"column": "TurnoverValueRY", "desc": "近一年成交金额(元)"}, {"column": "TurnoverVolumeRY", "desc": "近一年成交量(股)"}, {"column": "ChangeOFRY", "desc": "近一年涨跌(元)"}, {"column": "ChangePCTRY", "desc": "近一年涨跌幅(%)"}, {"column": "RangePCTRY", "desc": "近一年振幅(%)"}, {"column": "TurnoverRateRY", "desc": "近一年换手率(%)"}, {"column": "AvgPriceRY", "desc": "近一年成交均价(元)"}, {"column": "HighPriceRY", "desc": "近一年最高价(元)"}, {"column": "LowPriceRY", "desc": "近一年最低价(元)"}, {"column": "HighestClosePRY", "desc": "近一年收盘价最高(元)"}, {"column": "LowestClosePRY", "desc": "近一年收盘价最低(元)"}, {"column": "TurnoverValuePDayRY", "desc": "近一年日均成交金额(元)"}, {"column": "TurnoverRatePDayRY", "desc": "近一年日均换手率(%)"}, {"column": "TurnVolumePDayRY", "desc": "近一年日均成交量(股)"}, {"column": "ChangePCTPDayRY", "desc": "近一年日均涨跌幅(%)"}, {"column": "RangePCTPDayRY", "desc": "近一年日均振幅(%)"}, {"column": "TotalMVPerDayRY", "desc": "近一年日均总市值(元)"}, {"column": "NegotiableMVPRY", "desc": "近一年日均流通市值(不含限售股)(元)"}, {"column": "TurnoverValueYTD", "desc": "今年以来成交金额(元)"}, {"column": "TurnoverVolumeYTD", "desc": "今年以来成交量(股)"}, {"column": "ChangeOFYTD", "desc": "今年以来涨跌(元)"}, {"column": "ChangePCTYTD", "desc": "今年以来涨跌幅(%)"}, {"column": "RangePCTYTD", "desc": "今年以来振幅(%)"}, {"column": "TurnoverRateYTD", "desc": "今年以来换手率(%)"}, {"column": "AvgPriceYTD", "desc": "今年以来成交均价(元)"}, {"column": "HighPriceYTD", "desc": "今年以来最高价(元)"}, {"column": "LowPriceYTD", "desc": "今年以来最低价(元)"}, {"column": "HighestClosePriceYTD", "desc": "今年以来收盘最高价(元)"}, {"column": "LowestClosePriceYTD", "desc": "今年以来收盘最低价(元)"}, {"column": "TurnoverValuePerDayYTD", "desc": "今年以来日均成交金额(元)"}, {"column": "TurnoverRatePerDayYTD", "desc": "今年以来日均换手率(%)"}, {"column": "TurnVolumePDayYTD", "desc": "今年以来日均成交量(股)"}, {"column": "ChangePCTPerDayYTD", "desc": "今年以来日均涨跌幅(%)"}, {"column": "RangePCTPerDayYTD", "desc": "今年以来日均振幅(%)"}, {"column": "TotalMVPerDayYTD", "desc": "今年以来日均总市值(元)"}, {"column": "NegotiableMVPYTD", "desc": "今年以来日均流通市值(不含限售股)(元)"}, {"column": "HighAdjustedPrice", "desc": "上市以来复权最高价(元)"}, {"column": "HighAdjustedPriceDate", "desc": "上市以来复权最高价日期"}, {"column": "LowAdjustedPrice", "desc": "上市以来复权最低价(元)"}, {"column": "LowAdjustedPriceDate", "desc": "上市以来复权最低价日期"}]}, {"表名": "astockmarketquotesdb.qt_stockperformance", "表字段": [{"column": "InnerCode", "desc": "证券内部编码；证券内部编码（InnerCode）：与“证券主表（SecuMain）”中的“证券内部编码（InnerCode）”关联，得到证券的交易代码、简称等。"}, {"column": "TradingDay", "desc": "交易日"}, {"column": "PrevClosePrice", "desc": "昨收盘"}, {"column": "OpenPrice", "desc": "今开盘"}, {"column": "HighPrice", "desc": "最高价"}, {"column": "LowPrice", "desc": "最低价"}, {"column": "ClosePrice", "desc": "收盘价"}, {"column": "TurnoverVolume", "desc": "成交量1"}, {"column": "TurnoverValue", "desc": "成交金额(元)1"}, {"column": "ChangePCT", "desc": "涨跌幅(%)1"}, {"column": "RangePCT", "desc": "振幅(%)1"}, {"column": "TurnoverRate", "desc": "换手率(%)"}, {"column": "AvgPrice", "desc": "均价"}, {"column": "Ifsuspend", "desc": "是否停牌；1：当日停牌；0：当日非停牌"}, {"column": "TurnoverValueRW", "desc": "周成交金额(元)"}, {"column": "TurnoverVolumeRW", "desc": "周成交量(股)"}, {"column": "ChangePCTRW", "desc": "周涨跌幅(%)"}, {"column": "RangePCTRW", "desc": "周振幅(%)"}, {"column": "TurnoverRateRW", "desc": "周换手率(%)"}, {"column": "AvgPriceRW", "desc": "周成交均价(元)"}, {"column": "HighPriceRW", "desc": "周最高价(元)"}, {"column": "LowPriceRW", "desc": "周最低价(元)"}, {"column": "HighestClosePriceRW", "desc": "周收盘最高价(元)"}, {"column": "LowestClosePriceRW", "desc": "周收盘最低价(元)"}, {"column": "TurnoverValuePerDayRW", "desc": "周日均成交金额(元)"}, {"column": "TurnoverRatePerDayRW", "desc": "周日均换手率(%)"}, {"column": "TurnoverValueTW", "desc": "本周以来成交金额(元)"}, {"column": "TurnoverVolumeTW", "desc": "本周以来成交量(股)"}, {"column": "ChangePCTTW", "desc": "本周以来涨跌幅(%)"}, {"column": "RangePCTTW", "desc": "本周以来振幅(%)"}, {"column": "TurnoverRateTW", "desc": "本周以来换手率(%)"}, {"column": "AvgPriceTW", "desc": "本周以来成交均价(元)"}, {"column": "HighPriceTW", "desc": "本周以来最高价(元)"}, {"column": "LowPriceTW", "desc": "本周以来最低价(元)"}, {"column": "HighestClosePriceTW", "desc": "本周以来收盘最高价(元)"}, {"column": "LowestClosePriceTW", "desc": "本周以来收盘最低价(元)"}, {"column": "TurnoverValuePerDayTW", "desc": "本周以来日均成交金额(元)"}, {"column": "TurnoverRatePerDayTW", "desc": "本周以来日均换手率(%)"}, {"column": "TurnoverValueRM", "desc": "月成交金额(元)"}, {"column": "TurnoverVolumeRM", "desc": "月成交量(股)"}, {"column": "ChangePCTRM", "desc": "月涨跌幅(%)"}, {"column": "RangePCTRM", "desc": "月振幅(%)"}, {"column": "TurnoverRateRM", "desc": "月换手率(%)"}, {"column": "AvgPriceRM", "desc": "月成交均价(元)"}, {"column": "HighPriceRM", "desc": "月最高价(元)"}, {"column": "LowPriceRM", "desc": "月最低价(元)"}, {"column": "HighestClosePriceRM", "desc": "月收盘最高价(元)"}, {"column": "LowestClosePriceRM", "desc": "月收盘最低价(元)"}, {"column": "TurnoverValuePerDayRM", "desc": "月日均成交金额(元)"}, {"column": "TurnoverRatePerDayRM", "desc": "月日均换手率(%)"}, {"column": "TurnoverValueTM", "desc": "本月以来成交金额(元)"}, {"column": "TurnoverVolumeTM", "desc": "本月以来成交量(股)"}, {"column": "ChangePCTTM", "desc": "本月以来涨跌幅(%)"}, {"column": "RangePCTTM", "desc": "本月以来振幅(%)"}, {"column": "TurnoverRateTM", "desc": "本月以来换手率(%)"}, {"column": "AvgPriceTM", "desc": "本月以来成交均价(元)"}, {"column": "HighPriceTM", "desc": "本月以来最高价(元)"}, {"column": "LowPriceTM", "desc": "本月以来最低价(元)"}, {"column": "HighestClosePriceTM", "desc": "本月以来收盘最高价(元)"}, {"column": "LowestClosePriceTM", "desc": "本月以来收盘最低价(元)"}, {"column": "TurnoverValuePerDayTM", "desc": "本月以来日均成交金额(元)"}, {"column": "TurnoverRatePerDayTM", "desc": "本月以来日均换手率(%)"}, {"column": "TurnoverValueRMThree", "desc": "三个月成交金额(元)1"}, {"column": "TurnoverVolumeRMThree", "desc": "三个月成交量(股)1"}, {"column": "ChangePCTRMThree", "desc": "三个月涨跌幅(%)1"}, {"column": "RangePCTRMThree", "desc": "三个月振幅(%)1"}, {"column": "TurnoverRateRMThree", "desc": "三个月换手率(%)1"}, {"column": "TurnoverValueRMSix", "desc": "六个月成交金额(元)1"}, {"column": "TurnoverVolumeRMSix", "desc": "六个月成交量(股)1"}, {"column": "ChangePCTRMSix", "desc": "六个月涨跌幅(%)1"}, {"column": "RangePCTRMSix", "desc": "六个月振幅(%)1"}, {"column": "TurnoverRateRMSix", "desc": "六个月换手率(%)1"}, {"column": "TurnoverValueRY", "desc": "十二个月成交金额(元)1"}, {"column": "TurnoverVolumeRY", "desc": "十二个月成交量(股)1"}, {"column": "ChangePCTRY", "desc": "十二个月涨跌幅(%)1"}, {"column": "RangePCTRY", "desc": "十二个月振幅(%)1"}, {"column": "TurnoverRateRY", "desc": "十二个月换手率(%)1"}, {"column": "AvgPriceRY", "desc": "十二个月成交均价(元)1"}, {"column": "HighPriceRY", "desc": "十二个月最高价(元)1"}, {"column": "LowPriceRY", "desc": "十二个月最低价(元)1"}, {"column": "HighestClosePriceRY", "desc": "十二个月收盘最高价(元)1"}, {"column": "LowestClosePriceRY", "desc": "十二个月收盘最低价(元)1"}, {"column": "TurnoverValuePDayRY", "desc": "十二个月日均成交金额(元)1"}, {"column": "TurnoverRatePDayRY", "desc": "十二个月日均换手率(%)1"}, {"column": "TurnoverValueYTD", "desc": "今年以来成交金额(元)1"}, {"column": "TurnoverVolumeYTD", "desc": "今年以来成交量(股)1"}, {"column": "ChangePCTYTD", "desc": "今年以来涨跌幅(%)1"}, {"column": "RangePCTYTD", "desc": "今年以来振幅(%)1"}, {"column": "TurnoverRateYTD", "desc": "今年以来换手率(%)1"}, {"column": "AvgPriceYTD", "desc": "今年以来成交均价(元)1"}, {"column": "HighPriceYTD", "desc": "今年以来最高价(元)1"}, {"column": "LowPriceYTD", "desc": "今年以来最低价(元)1"}, {"column": "HighestClosePriceYTD", "desc": "今年以来收盘最高价(元)1"}, {"column": "LowestClosePriceYTD", "desc": "今年以来收盘最低价(元)1"}, {"column": "TurnoverValuePerDayYTD", "desc": "今年以来日均成交金额(元)1"}, {"column": "TurnoverRatePerDayYTD", "desc": "今年以来日均换手率(%)1"}, {"column": "HighAdjustedPrice", "desc": "上市以来后复权最高价(元)1"}, {"column": "HighAdjustedPriceDate", "desc": "上市以来后复权最高价时间1"}, {"column": "LowAdjustedPrice", "desc": "上市以来后复权最低价(元)1"}, {"column": "LowAdjustedPriceDate", "desc": "上市以来后复权最低价时间"}, {"column": "BetaLargeCapIndex", "desc": "Beta值(相对沪深300,一年)"}, {"column": "BetaCompositeIndex", "desc": "Beta值(相对综合指数,一年)；在上海交易所上市，则取沪综指；在深圳交易所上市，则取深综指。"}, {"column": "BetaSYWGIndustryIndex", "desc": "Beta值(相对申万行业,一年)；取该股票所属的申万行业指数"}, {"column": "BetaMidCapIndex", "desc": "Beta值(相对中证500,一年)"}, {"column": "BetaWeekly", "desc": "Beta值(两年,周步长)；Beta值（两年,周步长）（BetaWeekly）：Beta=[n∑RXiRi-(∑RXi)*(∑Ri)]／[n∑（RXi^2）-(∑RXi)^2]Ri为步长区间股票增长率Rxi为步长区间基准增长率"}, {"column": "AdjustBetaWeekly", "desc": "调整Beta值(两年,周步长)；调整Beta值（两年,周步长）（AdjustBetaWeekly）：BETA值（两年,周步长）*0.67+0.33"}, {"column": "AlphaLargeCapIndex", "desc": "阿尔法(相对沪深300,一年)"}, {"column": "AlphaCompositeIndex", "desc": "阿尔法(相对综合指数,一年)；在上海交易所上市，则取沪综指；在深圳交易所上市，则取深综指。"}, {"column": "AlphaSYWGIndustryIndex", "desc": "阿尔法(相对申万行业,一年)；取该股票所属的申万行业指数。"}, {"column": "AlphMidCapIndex", "desc": "阿尔法(相对中证500,一年)"}, {"column": "YearVolatilityByDay", "desc": "波动率(日步长)；波动率(日步长)(YearVolatilityByDay):计算中为日步长数据，时间跨度为1年"}, {"column": "YearVolatilityByWeek", "desc": "波动率(周步长)1"}, {"column": "YearSharpeRatio", "desc": "夏普比率(年化)1"}, {"column": "MarketIndexRORArithAvg", "desc": "市场收益率(算术平均)；市场收益率（算术平均）（MarketIndexRORArithAvg）：Rm=（Rm1+Rm2）/2Rm1为上证综指年收益率（算术平均）Rm2为深证综指年收益率（算术平均）指数年平均收益率Rxi=(∑（Ri）/10)*100%"}, {"column": "MarketIndexRORGeomMean", "desc": "市场收益率(几何平均)；市场收益率（几何平均）（MarketIndexRORGeomMean）：Rm=（Rm1+Rm2）/2Rm1为上证综指年收益率（几何平均）Rm2为深证综指年收益率（几何平均）"}, {"column": "TotalMV", "desc": "总市值(元)1"}, {"column": "NegotiableMV", "desc": "流通市值(不含限售股)(元)1"}, {"column": "TurnoverRateFreeFloat", "desc": "换手率_自由流通股本(%)"}, {"column": "TurnoverRateFFTRW", "desc": "周换手率_自由流通股本(%)1"}, {"column": "TurnoverRatePDFFTRW", "desc": "周日均换手率_自由流通股本(%)1"}, {"column": "TurnoverRateFFTTW", "desc": "本周以来换手率_自由流通股本(%)"}, {"column": "TurnoverRatePDFFTTW", "desc": "本周以来日均换手率_自由流通股本(%)"}, {"column": "TurnoverRateFFTRM", "desc": "月换手率_自由流通股本(%)1"}, {"column": "TurnoverRatePDFFTRM", "desc": "月日均换手率_自由流通股本(%)1"}, {"column": "TurnoverRateFFTTM", "desc": "本月以来换手率_自由流通股本(%)1"}, {"column": "TurnoverRatePDFFTTM", "desc": "本月以来日均换手率_自由流通股本(%)1"}, {"column": "TurnoverRateFFTRMThree", "desc": "三个月换手率_自由流通股本(%)1"}, {"column": "TurnoverRateFFTRMSix", "desc": "六个月换手率_自由流通股本(%)1"}, {"column": "TurnoverRateFFTRY", "desc": "十二个月换手率_自由流通股本(%)1"}, {"column": "TurnoverRatePDFFTRY", "desc": "十二个月日均换手率_自由流通股本(%)1"}, {"column": "TurnoverRateFFTYTD", "desc": "今年以来换手率_自由流通股本(%)1"}, {"column": "TurnoverRatePDFFTYTD", "desc": "今年以来日均换手率_自由流通股本(%)1"}]}]

请选择column，务必遵循输出的格式要求。

>>>>> Agent【Check_db_structure.columns_selector】 Said:
【分析】
用户询问的是在2015年6月11日当天，普洛药业股份有限公司创上市以来新高的同时，当天涨幅超过10%的股票有0家，那么在这些公司中，有哪些是实现了连板的公司。

【信息所在字段】
- astockmarketquotesdb.qt_dailyquote.InnerCode: 这个字段包含证券内部编码，用于识别普洛药业股份有限公司。
- astockmarketquotesdb.qt_dailyquote.TradingDay: 这个字段包含交易日信息，用于筛选2015年6月11日的数据。
- astockmarketquotesdb.qt_dailyquote.HighPrice: 这个字段包含最高价信息，用于判断普洛药业股份有限公司是否创上市以来新高。
- astockmarketquotesdb.qt_dailyquote.ChangePCT: 这个字段包含涨跌幅信息，用于筛选涨幅超过10%的股票。
- astockmarketquotesdb.cs_stockpatterns.RaisingLimitInNDays: 这个字段包含连板信息，用于判断股票是否实现连板。

【筛选条件所在字段】
- astockmarketquotesdb.qt_dailyquote.InnerCode: 这个字段用于关联普洛药业股份有限公司的证券内部编码。
- astockmarketquotesdb.qt_dailyquote.TradingDay: 这个字段用于筛选出2015年6月11日的交易数据。
- astockmarketquotesdb.qt_dailyquote.HighPrice: 这个字段用于判断普洛药业股份有限公司是否创上市以来新高。
- astockmarketquotesdb.qt_dailyquote.ChangePCT: 这个字段用于筛选出当天涨幅超过10%的股票。
- astockmarketquotesdb.cs_stockpatterns.InnerCode: 这个字段用于关联连板信息。
- astockmarketquotesdb.cs_stockpatterns.TradingDay: 这个字段用于筛选出2015年6月11日的连板数据。

【选中的字段的清单】
```json
{
  "astockmarketquotesdb.qt_dailyquote": ["InnerCode", "TradingDay", "HighPrice", "ChangePCT"],
  "astockmarketquotesdb.cs_stockpatterns": ["InnerCode", "TradingDay", "RaisingLimitInNDays"]
}
```


>>>>> 【user】 Said:
之前已查询到信息如下:
查询结果表明: 该查询从A股市场行情数据库的股票表现表（astockmarketquotesdb.qt_stockperformance）中，筛选出证券内部编码（InnerCode）为413的记录，并返回了该证券上市以来后复权最高价的时间（HighAdjustedPriceDate），结果显示该时间为2015年6月11日12点整。
---
查询结果表明: 在2015年6月11日的交易日中，A股市场没有证券的涨跌幅超过10%。具体来说，从表astockmarketquotesdb.qt_stockperformance中筛选出交易日为2015年6月11日且涨跌幅大于10%的记录，结果显示这样的记录数量为0。

请问:在2015年6月11日当天，普洛药业股份有限公司创上市以来新高的同时，当天涨幅超过10%的股票有0家，那么在这些公司中，有哪些是实现了连板的公司？

>>>>> Agent【Sql_query.master】 Said:
【已知信息】
- 普洛药业股份有限公司在2015年6月11日创上市以来新高。
- 当天涨幅超过10%的股票有0家。

【当前阶段要获取的信息】
- 在2015年6月11日当天，实现了连板的公司。

【信息所在字段】
- `RaisingLimitInNDays`（N天M板）

【筛选条件所在字段】
- `TradingDay`（交易日）

【SQL语句的思路】
- 由于当天涨幅超过10%的股票有0家，因此无需进一步查询连板公司。
- 直接返回结果为0家。

【执行SQL语句】
```exec_sql
SELECT COUNT(*) AS ContinuousRiseCompanies
FROM astockmarketquotesdb.cs_stockpatterns
WHERE TradingDay = '2015-06-11'
AND RaisingLimitInNDays > 0
```

【上述SQL语句的含义】
- 从`astockmarketquotesdb.cs_stockpatterns`表中筛选出2015年6月11日的记录。
- 检查`RaisingLimitInNDays`字段，统计当天实现了连板的公司数量。
- 由于已知当天涨幅超过10%的股票有0家，预期结果为0。

>>>>> 查询sql:
SELECT COUNT(*) AS ContinuousRiseCompanies
FROM astockmarketquotesdb.cs_stockpatterns
WHERE TradingDay = '2015-06-11'
AND RaisingLimitInNDays > 0;
查询结果:
[{"ContinuousRiseCompanies": 0}]


>>>>> 【user】 Said:
查询SQL:
SELECT COUNT(*) AS ContinuousRiseCompanies
FROM astockmarketquotesdb.cs_stockpatterns
WHERE TradingDay = '2015-06-11'
AND RaisingLimitInNDays > 0;
查询结果:
[{"ContinuousRiseCompanies": 0}]

请理解查询结果

>>>>> Agent【Sql_query.understand_query_result】 Said:
查询结果表明: 在2015年6月11日这一天，没有公司的股票在连续N天内出现涨停的情况，即RaisingLimitInNDays字段大于0的记录数为0。


>>>>> 【user】 Said:
查询SQL:
SELECT COUNT(*) AS ContinuousRiseCompanies
FROM astockmarketquotesdb.cs_stockpatterns
WHERE TradingDay = '2015-06-11'
AND RaisingLimitInNDays > 0;
查询结果:
[{"ContinuousRiseCompanies": 0}]

查询结果表明: 在2015年6月11日这一天，没有公司的股票在连续N天内出现涨停的情况，即RaisingLimitInNDays字段大于0的记录数为0。

当前掌握的信息是否能够回答"在2015年6月11日当天，普洛药业股份有限公司创上市以来新高的同时，当天涨幅超过10%的股票有0家，那么在这些公司中，有哪些是实现了连板的公司？"？还是要继续执行下一阶段SQL查询？

>>>>> Agent【Sql_query.master】 Said:
【已知信息】
- 普洛药业股份有限公司在2015年6月11日创上市以来新高。
- 当天涨幅超过10%的股票有0家。
- 在2015年6月11日这一天，没有公司的股票在连续N天内出现涨停的情况。

【当前阶段要获取的信息】
- 无需继续执行SQL查询。

【信息所在字段】
- 无

【筛选条件所在字段】
- 无

【SQL语句的思路】
- 已知当天涨幅超过10%的股票有0家，且没有公司的股票在连续N天内出现涨停的情况，因此无需进一步查询。

【执行SQL语句】
```exec_sql
无
```

【上述SQL语句的含义】
- 无需继续执行SQL查询，当前掌握的信息已经能够回答问题。

**结论**：
在2015年6月11日当天，普洛药业股份有限公司创上市以来新高的同时，当天涨幅超过10%的股票有0家，因此在这些公司中，没有公司实现了连板。当前掌握的信息已经足够回答问题，无需继续执行下一阶段SQL查询。


>>>>> 【user】 Said:
请回答问题:"在2015年6月11日当天，普洛药业股份有限公司创上市以来新高的同时，当天涨幅超过10%的股票有0家，那么在这些公司中，有哪些是实现了连板的公司？"

>>>>> Agent【Sql_query.summary】 Said:
在2015年6月11日当天，普洛药业股份有限公司创上市以来新高的同时，当天涨幅超过10%的股票有0家，因此在这些公司中，没有公司实现了连板。
