
>>>>> Original Question: 和博时基金属于同一地区的基金公司(简称)有哪些？


>>>>> 【user】 Said:
提取下面这段文字里的实体，如公司名、股票代码等，如果识别结果是空，那么就回复No Entities."和博时基金属于同一地区的基金公司(简称)有哪些？"

>>>>> Agent【extract_company】 Said:
```json
["博时基金"]
```

>>>>> 查询sql:
SELECT 'constantdb.secumain' AS TableName, InnerCode, CompanyCode, ChiName, EngName, SecuCode
FROM constantdb.secumain 
WHERE SecuCode = '博时基金'
   OR ChiName LIKE '%博时基金%'
   OR ChiNameAbbr LIKE '%博时基金%'
   OR EngName LIKE '%博时基金%'
   OR EngNameAbbr LIKE '%博时基金%'
   OR SecuAbbr LIKE '%博时基金%'
UNION ALL
SELECT 'constantdb.hk_secumain' AS TableName, InnerCode, CompanyCode, ChiName, EngName, SecuCode
FROM constantdb.hk_secumain 
WHERE SecuCode = '%博时基金%'
   OR ChiName LIKE '%博时基金%'
   OR ChiNameAbbr LIKE '%博时基金%'
   OR EngName LIKE '%博时基金%'
   OR EngNameAbbr LIKE '%博时基金%'
   OR SecuAbbr LIKE '%博时基金%'
   OR FormerName LIKE '%博时基金%'
UNION ALL
SELECT 'constantdb.us_secumain' AS TableName, InnerCode, CompanyCode, ChiName, EngName, SecuCode
FROM constantdb.us_secumain 
WHERE SecuCode = '博时基金'
   OR ChiName LIKE '%博时基金%'
   OR EngName LIKE '%博时基金%'
   OR SecuAbbr LIKE '%博时基金%';
查询结果:
[]


>>>>> 【user】 Said:
下面是顺序的历史问答:
'''
Question: 博时基金公司成立于？用XXXX年XX月XX日回复我
Answer: 1998年7月13日
Question: 比博时基金成立更早的基金公司(简称)有哪些？
Answer: 华夏基金, 南方基金
'''
现在用户继续提问，请根据已知信息，理解当前这个问题的完整含义，并重写这个问题使得单独拿出来看仍然能够正确理解：和博时基金属于同一地区的基金公司(简称)有哪些？

>>>>> Agent【rewrite_question】 Said:
和成立于1998年7月13日的博时基金属于同一地区的基金公司(简称)有哪些？

>>>>> 已知事实:


>>>>> 【user】 Said:
请选择db，务必遵循输出的格式要求。

>>>>> Agent【Check_db_structure.db_selector】 Said:
【分析】
用户需要查询与成立于1998年7月13日的博时基金属于同一地区的基金公司。首先，我们需要确认博时基金的注册地，然后查找同一地区的其他基金公司。这涉及到基金公司的基本信息，包括成立日期和注册地。

【选中的数据库】
- publicfunddb: 这个数据库记录了公募基金的基本信息、产品名称、管理人概况，涵盖了基金的设立与运作特性、管理公司信息等内容，可以从中获取博时基金的注册地以及其他基金公司的信息。

【选中的数据库的清单】
```json
["publicfunddb"]
```


>>>>> 【user】 Said:
数据库表信息如下:
[{"表名": "publicfunddb.mf_fundarchives", "说明": "该数据表主要记录基金的基本信息、运作特性及相关规则。字段包括基金编码信息如基金内部编码、转型统一编码、基金代码及证券代码等；申购赎回相关信息如前后端申购代码、场内申购赎回场所及代码、最低认购申购金额及赎回份额限制等；基金特性描述如基金运作方式、性质、投资风格、类别及代码、投资方向、目标、范围等；收益与风险信息如业绩比较基准、风险收益特征、收益分配原则及场内外分配方式等；基金设立与存续信息如设立规模、设立日期、存续期起止、清算期等；货币基金特性如结转日及收益分配方式等；基金收益率表达及折算说明如A份额约定收益率表达式及备注、定期与不定期份额折算说明等；管理与托管信息如基金经理、管理人、托管人、保本担保机构及注册登记机构等；市场与类型特性如是否发起式基金、养老目标基金或FOF基金等；以及其他信息如最低持有份额及描述、巨额赎回认定比例、赎回款到账天数等。"}, {"表名": "publicfunddb.mf_fundprodname", "说明": "该数据表主要用于记录基金相关信息，包括基金的基础编码信息如基金内部编码和基金转型统一编码，信息属性如信息发布日期、信息来源、信息类别及披露名称，时间属性如生效日期和失效日期，以及状态标识如是否有效，辅助字段如拼音证券简称和备注，用于进一步描述或补充相关内容。"}, {"表名": "publicfunddb.mf_investadvisoroutline", "说明": "该数据表记录了基金管理公司相关信息，涵盖基本标识信息如基金公司代码、名称、简称等，法人信息如法人代表、总经理，以及公司成立日期、组织形式、注册资本等基本企业信息；地址信息包括注册地址、办公地址、联系地址及邮编；联系方式如电话、传真、邮箱、公司网址、客服热线等；还有联系人及其简历等人员信息；此外，还包括地域信息如所属地区，监管信息如注册登记代码、证监会标识码，以及存续截止日等内容。"}, {"表名": "publicfunddb.mf_dividend", "说明": "该数据表主要用于记录基金转型及分红相关信息，涵盖基金编码信息如基金转型统一编码和基金内部编码；日期信息如信息发布日期、分红实施公告日、截止日期、收益分配基准日、权益登记日、除息日、发放日、红利再投资日及其相关到账日和可赎回日；收益与分红信息如单位基金收益、单位基金未分配收益、派现比例（含税与税后）、派现金额合计、基准日基金可供分配利润、基准日应分配金额、本年单位累计分红、本年累计分红总额、本年累计分红次数、历史累计分红总额及次数；事件与方案信息如是否分红、方案变更说明、事件进程代码及事件进程；范围与来源信息如信息来源和发放范围，全面反映基金在分红及收益分配过程中的各类核心数据。"}]

请选择table，务必遵循输出的格式要求。

>>>>> Agent【Check_db_structure.table_selector】 Said:
【分析】
要找出和成立于1998年7月13日的博时基金属于同一地区的基金公司，首先需要确定博时基金所属的地区，然后找出该地区内的其他基金公司。博时基金的相关信息可以在`publicfunddb.mf_investadvisoroutline`表中找到，该表包含基金管理公司的基本信息，包括成立日期和所属地区。确定博时基金的地区后，再从同一表中查找该地区的其他基金公司。

【选中的数据表】
- publicfunddb.mf_investadvisoroutline: 这个数据表包含基金管理公司的基本信息，如公司名称、简称、成立日期和所属地区。

【选中的数据库表的清单】
```json
["publicfunddb.mf_investadvisoroutline"]
```


>>>>> 【user】 Said:
已取得可用的数据表的字段信息如下:
[{"表名": "publicfunddb.mf_investadvisoroutline", "表字段": [{"column": "InvestAdvisorCode", "desc": "基金公司代码；，可查询基金管理人中文名称、英文名称、组织机构代码等基本信息。"}, {"column": "InvestAdvisorName", "desc": "基金管理人名称"}, {"column": "InvestAdvisorAbbrName", "desc": "基金管理人简称"}, {"column": "LegalRepr", "desc": "法人代表"}, {"column": "GeneralManager", "desc": "总经理"}, {"column": "EstablishmentDate", "desc": "公司成立日期"}, {"column": "OrganizationForm", "desc": "组织形式；，令LB = 1133 and DM in (100,150,159,160,210,310,900)，得到组织形式的具体描述：100-内资企业，150-有限责任公司，159-其他有限责任公司，160-股份有限公司，210-港澳台合资经营企业，310-中外合资经营企业，900-其他性质。"}, {"column": "RegCapital", "desc": "注册资本(元)"}, {"column": "RegAddr", "desc": "公司注册地址"}, {"column": "OfficeAddr", "desc": "公司办公地址"}, {"column": "ZipCode", "desc": "邮编"}, {"column": "Email", "desc": "邮箱"}, {"column": "ContactAddr", "desc": "公司联系地址"}, {"column": "Tel", "desc": "电话"}, {"column": "Fax", "desc": "传真"}, {"column": "WebSite", "desc": "公司网址"}, {"column": "LinkMan", "desc": "联系人"}, {"column": "Background", "desc": "简历"}, {"column": "Region", "desc": "所属地区；注1"}, {"column": "ServiceLine", "desc": "客服热线"}, {"column": "MaturityEndDate", "desc": "存续截止日"}, {"column": "TACode", "desc": "注册登记代码"}, {"column": "CSRCCode", "desc": "证监会标识码"}]}]

请选择column，务必遵循输出的格式要求。

>>>>> Agent【Check_db_structure.columns_selector】 Said:
【分析】
用户想要查询与成立于1998年7月13日的博时基金属于同一地区的其他基金公司简称。首先需要确定博时基金的成立日期和所属地区，然后找出同一地区的其他基金公司简称。

【信息所在字段】
- publicfunddb.mf_investadvisoroutline.EstablishmentDate: 这个字段可能包含基金公司的成立日期信息，对应用户提问中的“成立于1998年7月13日”。
- publicfunddb.mf_investadvisoroutline.Region: 这个字段可能包含基金公司所属地区信息，对应用户提问中的“同一地区”。
- publicfunddb.mf_investadvisoroutline.InvestAdvisorAbbrName: 这个字段可能包含基金公司简称信息，对应用户提问中的“基金公司(简称)”。

【筛选条件所在字段】
- publicfunddb.mf_investadvisoroutline.EstablishmentDate: 这个字段用于筛选成立于1998年7月13日的基金公司。
- publicfunddb.mf_investadvisoroutline.Region: 这个字段用于筛选与博时基金同一地区的基金公司。
- publicfunddb.mf_investadvisoroutline.InvestAdvisorName: 这个字段用于确认博时基金的具体名称，以便进一步确定其所属地区。

【选中的字段的清单】
```json
{"publicfunddb.mf_investadvisoroutline": ["EstablishmentDate", "Region", "InvestAdvisorAbbrName", "InvestAdvisorName"]}
```


>>>>> 【user】 Said:
之前已查询到信息如下:
查询结果表明: 博时基金管理人的公司成立日期为1998年7月13日。
---
查询结果表明: 查询结果列出了在1998年7月13日之前成立的基金管理人简称，具体包括华夏基金和南方基金。字段名InvestAdvisorAbbrName表示基金管理人简称。

请问:和成立于1998年7月13日的博时基金属于同一地区的基金公司(简称)有哪些？

>>>>> Agent【Sql_query.master】 Said:
【已知信息】
- 博时基金管理人的公司成立日期为1998年7月13日。
- 在1998年7月13日之前成立的基金管理人简称包括华夏基金和南方基金。
- 字段名`InvestAdvisorAbbrName`表示基金管理人简称。

【当前阶段要获取的信息】
- 和博时基金属于同一地区的基金公司简称。

【信息所在字段】
- `InvestAdvisorAbbrName`：基金管理人简称
- `Region`：所属地区

【筛选条件所在字段】
- `Region`：所属地区
- `EstablishmentDate`：公司成立日期

【SQL语句的思路】
1. 首先查询博时基金所在的地区。
2. 然后查询该地区内所有基金公司的简称。

【执行SQL语句】
```exec_sql
SELECT Region 
FROM publicfunddb.mf_investadvisoroutline 
WHERE InvestAdvisorName = '博时基金';
```

【上述SQL语句的含义】
- 从`publicfunddb.mf_investadvisoroutline`表中查询博时基金所在的地区。

>>>>> 查询sql:
SELECT Region 
FROM publicfunddb.mf_investadvisoroutline 
WHERE InvestAdvisorName = '博时基金';
查询结果:
[]


>>>>> 【user】 Said:
查询SQL:
SELECT Region 
FROM publicfunddb.mf_investadvisoroutline 
WHERE InvestAdvisorName = '博时基金';
查询结果:
[]

请检查筛选条件是否存在问题，比如时间日期字段没有用DATE()或YEAR()格式化？

>>>>> Agent【Sql_query.master】 Said:
【已知信息】
- 博时基金管理人的公司成立日期为1998年7月13日。
- 在1998年7月13日之前成立的基金管理人简称包括华夏基金和南方基金。
- 字段名`InvestAdvisorAbbrName`表示基金管理人简称。
- 上次查询博时基金所在地区的结果为空。

【当前阶段要获取的信息】
- 和博时基金属于同一地区的基金公司简称。

【信息所在字段】
- `InvestAdvisorAbbrName`：基金管理人简称
- `Region`：所属地区

【筛选条件所在字段】
- `Region`：所属地区
- `EstablishmentDate`：公司成立日期

【SQL语句的思路】
1. 检查上次查询为空的原因，可能是因为`InvestAdvisorName`字段不匹配。
2. 尝试使用模糊匹配来查询博时基金所在的地区。

【执行SQL语句】
```exec_sql
SELECT Region 
FROM publicfunddb.mf_investadvisoroutline 
WHERE InvestAdvisorName LIKE '%博时基金%';
```

【上述SQL语句的含义】
- 使用模糊匹配从`publicfunddb.mf_investadvisoroutline`表中查询包含“博时基金”名称的基金管理人所在的地区。

>>>>> 查询sql:
SELECT Region 
FROM publicfunddb.mf_investadvisoroutline 
WHERE InvestAdvisorName LIKE '%博时基金%';
查询结果:
[{"Region": 440300}]


>>>>> 【user】 Said:
查询SQL:
SELECT Region 
FROM publicfunddb.mf_investadvisoroutline 
WHERE InvestAdvisorName LIKE '%博时基金%';
查询结果:
[{"Region": 440300}]

请理解查询结果

>>>>> Agent【Sql_query.understand_query_result】 Said:
查询结果表明: 查询结果显示，基金管理人名称中包含“博时基金”的基金管理人所属地区代码为440300。


>>>>> 【user】 Said:
查询SQL:
SELECT Region 
FROM publicfunddb.mf_investadvisoroutline 
WHERE InvestAdvisorName LIKE '%博时基金%';
查询结果:
[{"Region": 440300}]

查询结果表明: 查询结果显示，基金管理人名称中包含“博时基金”的基金管理人所属地区代码为440300。

当前掌握的信息是否能够回答"和成立于1998年7月13日的博时基金属于同一地区的基金公司(简称)有哪些？"？还是要继续执行下一阶段SQL查询？

>>>>> Agent【Sql_query.master】 Said:
【已知信息】
- 博时基金管理人的公司成立日期为1998年7月13日。
- 在1998年7月13日之前成立的基金管理人简称包括华夏基金和南方基金。
- 字段名`InvestAdvisorAbbrName`表示基金管理人简称。
- 博时基金所在的地区代码为440300。

【当前阶段要获取的信息】
- 和博时基金属于同一地区（地区代码为440300）的基金公司简称。

【信息所在字段】
- `InvestAdvisorAbbrName`：基金管理人简称
- `Region`：所属地区

【筛选条件所在字段】
- `Region`：所属地区

【SQL语句的思路】
- 查询`publicfunddb.mf_investadvisoroutline`表中`Region`字段为440300的所有基金管理人简称。

【执行SQL语句】
```exec_sql
SELECT InvestAdvisorAbbrName 
FROM publicfunddb.mf_investadvisoroutline 
WHERE Region = 440300;
```

【上述SQL语句的含义】
- 从`publicfunddb.mf_investadvisoroutline`表中查询所属地区代码为440300的所有基金管理人的简称。

>>>>> 查询sql:
SELECT InvestAdvisorAbbrName 
FROM publicfunddb.mf_investadvisoroutline 
WHERE Region = 440300;
查询结果:
[{"InvestAdvisorAbbrName": "鹏华基金"}, {"InvestAdvisorAbbrName": "博时基金"}, {"InvestAdvisorAbbrName": "南方基金"}]


>>>>> 【user】 Said:
查询SQL:
SELECT InvestAdvisorAbbrName 
FROM publicfunddb.mf_investadvisoroutline 
WHERE Region = 440300;
查询结果:
[{"InvestAdvisorAbbrName": "鹏华基金"}, {"InvestAdvisorAbbrName": "博时基金"}, {"InvestAdvisorAbbrName": "南方基金"}]

请理解查询结果

>>>>> Agent【Sql_query.understand_query_result】 Said:
查询结果表明: 在表publicfunddb.mf_investadvisoroutline中，筛选出所属地区代码为440300的基金管理人简称，结果显示有鹏华基金、博时基金和南方基金三家基金管理人。


>>>>> 【user】 Said:
查询SQL:
SELECT InvestAdvisorAbbrName 
FROM publicfunddb.mf_investadvisoroutline 
WHERE Region = 440300;
查询结果:
[{"InvestAdvisorAbbrName": "鹏华基金"}, {"InvestAdvisorAbbrName": "博时基金"}, {"InvestAdvisorAbbrName": "南方基金"}]

查询结果表明: 在表publicfunddb.mf_investadvisoroutline中，筛选出所属地区代码为440300的基金管理人简称，结果显示有鹏华基金、博时基金和南方基金三家基金管理人。

当前掌握的信息是否能够回答"和成立于1998年7月13日的博时基金属于同一地区的基金公司(简称)有哪些？"？还是要继续执行下一阶段SQL查询？

>>>>> Agent【Sql_query.master】 Said:
【已知信息】
- 博时基金管理人的公司成立日期为1998年7月13日。
- 在1998年7月13日之前成立的基金管理人简称包括华夏基金和南方基金。
- 博时基金所在的地区代码为440300。
- 属于同一地区（地区代码为440300）的基金管理人简称包括鹏华基金、博时基金和南方基金。

【当前阶段要获取的信息】
- 和成立于1998年7月13日的博时基金属于同一地区的基金公司简称。

【信息所在字段】
- `InvestAdvisorAbbrName`：基金管理人简称

【筛选条件所在字段】
- 无需进一步筛选

【SQL语句的思路】
- 当前已获取到和博时基金属于同一地区的基金公司简称，无需进一步执行SQL查询。

【执行SQL语句】
无

【上述SQL语句的含义】
无

**结论**
当前掌握的信息已经能够回答“和成立于1998年7月13日的博时基金属于同一地区的基金公司(简称)有哪些？”的问题。具体答案为：鹏华基金和南方基金（不包括博时基金本身）。

因此，和博时基金属于同一地区的基金公司简称有：
- 鹏华基金
- 南方基金


>>>>> 【user】 Said:
充分尊重前面给出的结论，回答问题:"和成立于1998年7月13日的博时基金属于同一地区的基金公司(简称)有哪些？"

>>>>> Agent【Sql_query.summary】 Said:
和成立于1998年7月13日的博时基金属于同一地区的基金公司简称有：
- 鹏华基金
- 南方基金
