
>>>>> Original Question: 该计划是否是分期实施的？


>>>>> 【user】 Said:
提取下面这段文字中的实体（如公司名、股票代码、拼音缩写等），如果识别结果是空，那么就回复No Entities."该计划是否是分期实施的？"

>>>>> Agent【extract_company】 Said:
No Entities.


>>>>> 【user】 Said:
下面是顺序的历史问答:
'''
Question: 恒逸石化实施完成的员工持股计划有几个？
Answer: 恒逸石化已经实施完成的员工持股计划共有1个。
Question: 最近一次完成的员工持股计划，股票规模上限和资金总额上限是多少
Answer: 恒逸石化最近一次完成的员工持股计划的股票规模上限为95563140万股，资金总额上限为1400000000万元。
'''
现在用户继续提问，请根据已知信息，理解当前这个问题的完整含义，并重写这个问题使得单独拿出来看仍然能够正确理解：该计划是否是分期实施的？

>>>>> Agent【rewrite_question】 Said:
恒逸石化最近一次完成的员工持股计划是否是分期实施的？

>>>>> 已知事实:
恒逸石化的关联信息有:[所在数据表是constantdb.secumain;InnerCode(证券内部编码)是379;CompanyCode(公司代码)是327;ChiName(中文名称)是恒逸石化股份有限公司;EngName(英文名称)是Hengyi Petrochemical Co.,Ltd.;SecuCode(证券代码)是000703;ChiNameAbbr(中文名称缩写)是恒逸石化;EngNameAbbr(英文名称缩写)是HYPC;SecuAbbr(证券简称)是恒逸石化;ChiSpelling(拼音证券简称)是HYSH;]

>>>>> 【user】 Said:
请选择db，务必遵循输出的格式要求。

>>>>> Agent【Check_db_structure.db_selector】 Said:
【分析】
用户询问的是恒逸石化最近一次完成的员工持股计划是否是分期实施的。这涉及到具体公司的员工持股计划细节，需要查找相关的公司信息和员工持股计划的具体实施情况。

【选中的数据库】
- astockoperationsdb: 这个数据库记录了A股上市公司在供应商与客户关系、职工构成以及管理层报酬统计等方面的重要信息，可能包含员工持股计划的详细信息。

【选中的数据库的清单】
```json
["astockoperationsdb"]
```


>>>>> 【user】 Said:
数据库表信息如下:
[{"表名": "astockoperationsdb.lc_suppcustdetail", "说明": "该数据表记录了企业关联交易的详细信息，包含信息发布的时间和来源（如信息发布日期、信息来源及其编码），企业及关联方的基本信息（如公司代码、关联企业名称、供应商/客户代码与属性等），交易相关信息（如交易标的名称与代码、交易金额及占比等），以及其他辅助信息（如截止日期、关系所属类型、序号及备注等）。"}, {"表名": "astockoperationsdb.lc_staff", "说明": "该数据表包含与公司和员工分类相关的信息，字段包括公司代码、信息来源、合并标志等基本信息，日期和信息发布日期等时间信息，分类方式、类别名称及分类代码等分类相关内容，最低年龄、最高年龄及员工数量等员工统计数据，以及占总数比例等比例信息，最后还有备注说明字段用于补充说明。"}, {"表名": "astockoperationsdb.lc_rewardstat", "说明": "该数据表主要记录公司管理层及董事津贴与报酬相关信息，包括公司标识信息如公司代码、信息发布日期和来源；日期信息如截止日期；报酬信息如管理层报酬总额、领取报酬的管理层人数、前三名董事及高管的报酬、独立董事津贴（按人及总额）；以及其他补充说明字段如备注说明等。"}]

请选择table，务必遵循输出的格式要求。

>>>>> Agent【Check_db_structure.table_selector】 Said:
【分析】
要判断恒逸石化最近一次完成的员工持股计划是否是分期实施的，我们需要查找与员工持股计划相关的详细信息。这些信息可能包括持股计划的实施时间、实施方式（是否分期）、参与员工数量等。根据提供的数据库表信息，最相关的表是`astockoperationsdb.lc_staff`，因为它包含与公司和员工分类相关的信息，可能包含员工持股计划的详细信息。

【选中的数据表】
- astockoperationsdb.lc_staff: 这个数据表包含与公司和员工分类相关的信息，可能包含员工持股计划的实施方式、时间等详细信息。

【选中的数据库表的清单】
```json
["astockoperationsdb.lc_staff"]
```


>>>>> 【user】 Said:
已取得可用的数据表的字段信息如下:
[{"表名": "astockoperationsdb.lc_staff", "表字段": [{"column": "CompanyCode", "desc": "公司代码"}, {"column": "EndDate", "desc": "日期"}, {"column": "InfoSource", "desc": "信息来源"}, {"column": "MergeMark", "desc": "合并标志；，令LB = 1189 AND DM IN (1,2)，得到合并标志的具体描述：1-合并，2-母公司。"}, {"column": "ClassfiedMethod", "desc": "分类方式；，令LB = 1050 AND DM IN (1000,3000,5000,7000,9000,9300,9800,9900)，得到分类方式的具体描述：1000-技术职称，3000-专业构成，5000-教育程度，7000-年龄结构，9000-职工总数，9300-离退人数，9800-其他分类，9900-未分类人员。"}, {"column": "TypeName", "desc": "类别名称"}, {"column": "YoungestAge", "desc": "最低年龄"}, {"column": "OldestAge", "desc": "最高年龄"}, {"column": "EmployeeSum", "desc": "员工数量"}, {"column": "RatioInSum", "desc": "占总数比例"}, {"column": "Statement", "desc": "备注说明"}, {"column": "TypeCode", "desc": "分类代码；(系统常量表)，LB=1050。 当分类方式=1000-技术职称，则项目代码的具体描述：1012-高级职称及以上,1014-副高级职称及以上,1016-中级职称及以上,1018-初级职称及以上,1099-其他职称分类。当分类方式=3000-专业构成，则项目代码的具体描述：3010-行政管理人员，3013-管理人员，3015-行政人员，3030-业务人员，3031-生产人员，3032-采购人员，3033-市场人员，3034-销售人员，3035-技术人员，3036-仓储物流，3037-研发人员，3050-财务人员，3060-客服人员，3070-风控稽核，3090-综合分类人员，3099-其他岗位人员；其中（3032、3034、3036、3060与3070均为2018年新增分类，不建议与历史对比）。当分类方式=5000-教育程度，则项目代码的具体描述：5005-博士后，5010-博士，5015-硕士，5020-本科，5025-大专，5030-高中中专，5050-初中，5060-小学，5099-其他学历。当分类方式=7000-年龄结构时，则项目代码的具体描述：7099-平均年龄。"}, {"column": "InfoPublDate", "desc": "信息发布日期"}]}]

请选择column，务必遵循输出的格式要求。

>>>>> Agent【Check_db_structure.columns_selector】 Said:
【分析】
用户询问恒逸石化最近一次完成的员工持股计划是否是分期实施的。这需要查找与恒逸石化员工持股计划相关的信息，特别是关于该计划实施方式（是否分期）的描述。

【信息所在字段】
- astockoperationsdb.lc_staff.Statement: 这个字段可能包含员工持股计划的实施方式描述，对应用户提问中的“是否是分期实施的”。

【筛选条件所在字段】
- astockoperationsdb.lc_staff.CompanyCode: 这个字段用于筛选恒逸石化的信息，对应用户提问中的“恒逸石化”。
- astockoperationsdb.lc_staff.InfoPublDate: 这个字段用于确定最近一次员工持股计划的发布日期，对应用户提问中的“最近一次”。

【选中的字段的清单】
```json
{"astockoperationsdb.lc_staff": ["Statement", "CompanyCode", "InfoPublDate"]}
```


>>>>> 【user】 Said:
之前已查询到信息如下:
查询结果表明: 在`astockshareholderdb.lc_esop`表中，内部编码为379且事件进程为1022（即实施完成）的记录共有1条。
---
查询结果表明: 该查询从`astockshareholderdb.lc_esop`表中选取了`ShareCelling`（股票规模上限，单位为万股）和`FundCelling`（资金总额上限，单位为万元）两个字段，条件是`InnerCode`为379且`Process`为1022（表示事件进程为实施完成）。查询结果返回了一条记录，显示该股票的规模上限为95563140万股，资金总额上限为1400000000万元。

请问:恒逸石化最近一次完成的员工持股计划是否是分期实施的？

>>>>> Agent【Sql_query.master】 Said:
【已知信息】
- 恒逸石化的内部编码（InnerCode）为379。
- 最近一次完成的员工持股计划的事件进程（Process）为1022。
- 已知该计划的股票规模上限为95563140万股，资金总额上限为1400000000万元。

【当前阶段要获取的信息】
- 恒逸石化最近一次完成的员工持股计划是否是分期实施的。

【信息所在字段】
- `astockshareholderdb.lc_esop`表中的`Installment`字段，该字段可能表示是否分期实施。

【筛选条件所在字段】
- `InnerCode`为379
- `Process`为1022

【SQL语句的思路】
- 查询`astockshareholderdb.lc_esop`表，筛选出恒逸石化最近一次完成的员工持股计划的记录，查看`Installment`字段的值。

【执行SQL语句】
```exec_sql
SELECT Installment
FROM astockshareholderdb.lc_esop
WHERE InnerCode = 379 AND Process = 1022
LIMIT 1
```

【上述SQL语句的含义】
- 从`astockshareholderdb.lc_esop`表中选取`Installment`字段。
- 筛选条件是`InnerCode`为379且`Process`为1022，即恒逸石化最近一次完成的员工持股计划。
- 使用`LIMIT 1`确保只返回一条记录。

>>>>> 查询sql:
SELECT Installment
FROM astockshareholderdb.lc_esop
WHERE InnerCode = 379 AND Process = 1022
LIMIT 1;
查询失败: 查询执行失败: (mysql.connector.errors.ProgrammingError) 1054 (42S22): Unknown column 'Installment' in 'field list'
[SQL: SELECT Installment
FROM astockshareholderdb.lc_esop
WHERE InnerCode = 379 AND Process = 1022
LIMIT 1;]
(Background on this error at: https://sqlalche.me/e/20/f405)


>>>>> 【user】 Said:
查询SQL:
SELECT Installment
FROM astockshareholderdb.lc_esop
WHERE InnerCode = 379 AND Process = 1022
LIMIT 1;
查询发生异常：查询执行失败: (mysql.connector.errors.ProgrammingError) 1054 (42S22): Unknown column 'Installment' in 'field list'
[SQL: SELECT Installment
FROM astockshareholderdb.lc_esop
WHERE InnerCode = 379 AND Process = 1022
LIMIT 1;]
(Background on this error at: https://sqlalche.me/e/20/f405)

补充字段说明如下:
[{"Process": "事件进程；，令LB = 1059，得到事件进程的具体描述：1000-意向，1001-预案，1004-决案，1007-否决，1010-申请，1013-批准，1016-未实施终止，1019-实施中，1022-实施完成，1025-解除，1028-到期，1041-续签，1043-部分续签，1051-涉诉，1053-可能涉诉，1055-预估，1303-收到，1305-部分收到，2001-逾期，2003-还款，2005-延期，2007-展期，2501-诉前，2504-诉中，2507-诉后，3001-提前回收，3002-提前部分回收，3003-到期后协议延期，3004-到期回收，3005-到期待回收，3006-到期部分待回收，3007-到期无法回收，3008-到期部分无法回收，3101-改革意向，3103-股改动议取消，3105-董事会改革方案，3108-沟通确认方案，3111-上级部门批准，3115-上级部门驳回，3120-董事会否决，3121-股东大会通过，3125-股东大会否决，3126-有效期内未实施，3131-方案实施，3201-证监会审核通过，3202-证监会审核否决，3203-证监会核准，3204-证监会未核准，3212-方案部分实施，3301-已注册未发行，3302-已发行有额度，3303-已发行无额度，3304-提前终止，3305-放弃，3399-其他。"}]
请修正

>>>>> Agent【Sql_query.master】 Said:
【已知信息】
- 恒逸石化的内部编码（InnerCode）为379。
- 最近一次完成的员工持股计划的事件进程（Process）为1022。
- `Installment`字段不存在于`astockshareholderdb.lc_esop`表中。

【当前阶段要获取的信息】
- 恒逸石化最近一次完成的员工持股计划是否是分期实施的。

【信息所在字段】
- 需要确认`astockshareholderdb.lc_esop`表中是否存在表示分期实施的字段。

【筛选条件所在字段】
- `InnerCode`为379
- `Process`为1022

【SQL语句的思路】
- 由于`Installment`字段不存在，需要先查询`astockshareholderdb.lc_esop`表的结构，找到可能表示分期实施的字段。

【执行SQL语句】
```exec_sql
SELECT *
FROM astockshareholderdb.lc_esop
LIMIT 1
```

【上述SQL语句的含义】
- 查询`astockshareholderdb.lc_esop`表的一条记录，以了解该表的所有字段，从而找到可能表示分期实施的字段。

>>>>> 查询sql:
SELECT *
FROM astockshareholderdb.lc_esop
LIMIT 1;
查询结果:
[{"ID": 599868554191, "InnerCode": 9680, "CompanyCode": null, "IniInfoPublDate": "2019-01-04 12:00:00.000", "DMAnnounceDate": "2019-01-04 12:00:00.000", "SMAnnounceDate": "2019-01-22 12:00:00.000", "Process": 1022, "SerialNumber": 4, "IfPeriod": 2, "Period": 0, "InitialImpleDay": "2019-02-02 12:00:00.000", "ShareSource": "定向受让", "ShareCelling": 3400000.0, "ShareFloor": 3400000.0, "FundCelling": null, "FundFloor": null, "Duration": 48.0, "LockDuration": 12.0, "ReleaseDuration": null, "FundSource": "资金来源为员工自筹资金、公司控股股东及其关联方提供的借款及法律、法规允许的其他方式。", "Participant": "员工总人数不超过660人,其中参与本员工持股计划的董事(不含独立董事)、监事和高级管理人员共计6人。", "Management": "公司自行管理", "ManageInsitute": null, "PlanName": null, "UpdateTime": "2024-10-18 02:31:26.690", "JSID": 782824310858, "PeriodSituation": null, "PlanRatio": null, "StockPrice": null, "PartiAmount": 660, "ManagementPartiAmount": 6, "ManagementShares": null, "ManagementRatio": 0.0336, "EmployeePartiAmount": 654, "EmployeeShares": null, "EmployeeRatio": 0.9664, "ImpleEndDate": "2019-02-01 12:00:00.000", "LockStartDate": "2019-02-01 12:00:00.000", "Statement": "    参加本次员工持股计划的员工总人数不超过660人,其中参与本员工持股计划的董事(不含独立董事)、监事和高级管理人员共计6人。本员工持股计划的资金来源为员工自筹资金、公司控股股东及其关联方提供的借款及法律、法规允许的其他方式。本员工持股计划涉及的标的股票总数量不超过340.00万股,涉及的股票总数量约占现有股本总额957,853,992股的0.355%。本次员工持股计划由公司自行管理,公司设立管理委员会进行管理。本计划草案获得股东大会批准后,本员工持股计划拟通过大宗交易定向受让控股股东所持杰瑞股份股票等法律法规许可的方式取得并持有杰瑞股份股票。本员工持股计划自公司股东大会审议通过后6个月内完成购买。本员工持股计划的存续期为四年,自公司股东大会审议通过本员工持股计划草案之日起计算。本员工持股计划的锁定期为12个月,自公司公告标的股票登记过户至本员工持股计划名下之日起计算。\r\n    2020年1月30日公告:锁定期自2019年2月2日至2020年2月3日。\r\n\t2022年7月22日公告:鉴于公司“奋斗者4号”员工持股计划存续期将于2023年1月21日届满,根据中国证券监督管理委员会《关于上市公司实施员工持股计划试点的指导意见》及《深圳证券交易所上市公司自律监管指引第1号——主板上市公司规范运作》相关规定,现将“奋斗者4号”员工持股计划存续期届满前六个月的相关情况公告。\r\n\t2022年12月31日公告:鉴于公司“奋斗者4号”员工持股计划持有的公司股票已全部出售完毕,根据中国证券监督管理委员会《关于上市公司实施员工持股计划试点的指导意见》《深圳证券交易所上市公司自律监管指引第1号——主板上市公司规范运作》《烟台杰瑞石油服务集团股份有限公司“奋斗者4号”员工持股计划(草案)》相关规定,现将本员工持股计划的相关情况公告。"}]


>>>>> 【user】 Said:
查询SQL:
SELECT *
FROM astockshareholderdb.lc_esop
LIMIT 1;
查询结果:
[{"ID": 599868554191, "InnerCode": 9680, "CompanyCode": null, "IniInfoPublDate": "2019-01-04 12:00:00.000", "DMAnnounceDate": "2019-01-04 12:00:00.000", "SMAnnounceDate": "2019-01-22 12:00:00.000", "Process": 1022, "SerialNumber": 4, "IfPeriod": 2, "Period": 0, "InitialImpleDay": "2019-02-02 12:00:00.000", "ShareSource": "定向受让", "ShareCelling": 3400000.0, "ShareFloor": 3400000.0, "FundCelling": null, "FundFloor": null, "Duration": 48.0, "LockDuration": 12.0, "ReleaseDuration": null, "FundSource": "资金来源为员工自筹资金、公司控股股东及其关联方提供的借款及法律、法规允许的其他方式。", "Participant": "员工总人数不超过660人,其中参与本员工持股计划的董事(不含独立董事)、监事和高级管理人员共计6人。", "Management": "公司自行管理", "ManageInsitute": null, "PlanName": null, "UpdateTime": "2024-10-18 02:31:26.690", "JSID": 782824310858, "PeriodSituation": null, "PlanRatio": null, "StockPrice": null, "PartiAmount": 660, "ManagementPartiAmount": 6, "ManagementShares": null, "ManagementRatio": 0.0336, "EmployeePartiAmount": 654, "EmployeeShares": null, "EmployeeRatio": 0.9664, "ImpleEndDate": "2019-02-01 12:00:00.000", "LockStartDate": "2019-02-01 12:00:00.000", "Statement": "    参加本次员工持股计划的员工总人数不超过660人,其中参与本员工持股计划的董事(不含独立董事)、监事和高级管理人员共计6人。本员工持股计划的资金来源为员工自筹资金、公司控股股东及其关联方提供的借款及法律、法规允许的其他方式。本员工持股计划涉及的标的股票总数量不超过340.00万股,涉及的股票总数量约占现有股本总额957,853,992股的0.355%。本次员工持股计划由公司自行管理,公司设立管理委员会进行管理。本计划草案获得股东大会批准后,本员工持股计划拟通过大宗交易定向受让控股股东所持杰瑞股份股票等法律法规许可的方式取得并持有杰瑞股份股票。本员工持股计划自公司股东大会审议通过后6个月内完成购买。本员工持股计划的存续期为四年,自公司股东大会审议通过本员工持股计划草案之日起计算。本员工持股计划的锁定期为12个月,自公司公告标的股票登记过户至本员工持股计划名下之日起计算。\r\n    2020年1月30日公告:锁定期自2019年2月2日至2020年2月3日。\r\n\t2022年7月22日公告:鉴于公司“奋斗者4号”员工持股计划存续期将于2023年1月21日届满,根据中国证券监督管理委员会《关于上市公司实施员工持股计划试点的指导意见》及《深圳证券交易所上市公司自律监管指引第1号——主板上市公司规范运作》相关规定,现将“奋斗者4号”员工持股计划存续期届满前六个月的相关情况公告。\r\n\t2022年12月31日公告:鉴于公司“奋斗者4号”员工持股计划持有的公司股票已全部出售完毕,根据中国证券监督管理委员会《关于上市公司实施员工持股计划试点的指导意见》《深圳证券交易所上市公司自律监管指引第1号——主板上市公司规范运作》《烟台杰瑞石油服务集团股份有限公司“奋斗者4号”员工持股计划(草案)》相关规定,现将本员工持股计划的相关情况公告。"}]

请理解查询结果

>>>>> Agent【Sql_query.understand_query_result】 Said:
查询结果表明:
该查询返回了`astockshareholderdb.lc_esop`表中的一条记录。记录显示，该员工持股计划的ID为599868554191，证券内部编码为9680，信息发布日期为2019年1月4日，董监高公告日期为2019年1月4日，股东大会公告日期为2019年1月22日。该计划的进程代码为1022，序号为4，是否分期为2，期数为0，初始实施日为2019年2月2日。股票来源为定向受让，股票上限和下限均为340万股。资金来源包括员工自筹资金、公司控股股东及其关联方提供的借款及其他合法方式。参与员工总人数不超过660人，其中董监高6人。该计划由公司自行管理，无管理机构。更新时间为2024年10月18日。董监高参与比例为3.36%，员工参与比例为96.64%。实施截止日期和锁定期起始日期均为2019年2月1日。备注说明详细描述了员工持股计划的具体情况，包括资金来源、股票数量、管理方式、存续期、锁定期等信息，并提及了2020年1月30日、2022年7月22日和2022年12月31日的相关公告内容。


>>>>> 【user】 Said:
查询SQL:
SELECT *
FROM astockshareholderdb.lc_esop
LIMIT 1;
查询结果:
[{"ID": 599868554191, "InnerCode": 9680, "CompanyCode": null, "IniInfoPublDate": "2019-01-04 12:00:00.000", "DMAnnounceDate": "2019-01-04 12:00:00.000", "SMAnnounceDate": "2019-01-22 12:00:00.000", "Process": 1022, "SerialNumber": 4, "IfPeriod": 2, "Period": 0, "InitialImpleDay": "2019-02-02 12:00:00.000", "ShareSource": "定向受让", "ShareCelling": 3400000.0, "ShareFloor": 3400000.0, "FundCelling": null, "FundFloor": null, "Duration": 48.0, "LockDuration": 12.0, "ReleaseDuration": null, "FundSource": "资金来源为员工自筹资金、公司控股股东及其关联方提供的借款及法律、法规允许的其他方式。", "Participant": "员工总人数不超过660人,其中参与本员工持股计划的董事(不含独立董事)、监事和高级管理人员共计6人。", "Management": "公司自行管理", "ManageInsitute": null, "PlanName": null, "UpdateTime": "2024-10-18 02:31:26.690", "JSID": 782824310858, "PeriodSituation": null, "PlanRatio": null, "StockPrice": null, "PartiAmount": 660, "ManagementPartiAmount": 6, "ManagementShares": null, "ManagementRatio": 0.0336, "EmployeePartiAmount": 654, "EmployeeShares": null, "EmployeeRatio": 0.9664, "ImpleEndDate": "2019-02-01 12:00:00.000", "LockStartDate": "2019-02-01 12:00:00.000", "Statement": "    参加本次员工持股计划的员工总人数不超过660人,其中参与本员工持股计划的董事(不含独立董事)、监事和高级管理人员共计6人。本员工持股计划的资金来源为员工自筹资金、公司控股股东及其关联方提供的借款及法律、法规允许的其他方式。本员工持股计划涉及的标的股票总数量不超过340.00万股,涉及的股票总数量约占现有股本总额957,853,992股的0.355%。本次员工持股计划由公司自行管理,公司设立管理委员会进行管理。本计划草案获得股东大会批准后,本员工持股计划拟通过大宗交易定向受让控股股东所持杰瑞股份股票等法律法规许可的方式取得并持有杰瑞股份股票。本员工持股计划自公司股东大会审议通过后6个月内完成购买。本员工持股计划的存续期为四年,自公司股东大会审议通过本员工持股计划草案之日起计算。本员工持股计划的锁定期为12个月,自公司公告标的股票登记过户至本员工持股计划名下之日起计算。\r\n    2020年1月30日公告:锁定期自2019年2月2日至2020年2月3日。\r\n\t2022年7月22日公告:鉴于公司“奋斗者4号”员工持股计划存续期将于2023年1月21日届满,根据中国证券监督管理委员会《关于上市公司实施员工持股计划试点的指导意见》及《深圳证券交易所上市公司自律监管指引第1号——主板上市公司规范运作》相关规定,现将“奋斗者4号”员工持股计划存续期届满前六个月的相关情况公告。\r\n\t2022年12月31日公告:鉴于公司“奋斗者4号”员工持股计划持有的公司股票已全部出售完毕,根据中国证券监督管理委员会《关于上市公司实施员工持股计划试点的指导意见》《深圳证券交易所上市公司自律监管指引第1号——主板上市公司规范运作》《烟台杰瑞石油服务集团股份有限公司“奋斗者4号”员工持股计划(草案)》相关规定,现将本员工持股计划的相关情况公告。"}]

查询结果表明:
该查询返回了`astockshareholderdb.lc_esop`表中的一条记录。记录显示，该员工持股计划的ID为599868554191，证券内部编码为9680，信息发布日期为2019年1月4日，董监高公告日期为2019年1月4日，股东大会公告日期为2019年1月22日。该计划的进程代码为1022，序号为4，是否分期为2，期数为0，初始实施日为2019年2月2日。股票来源为定向受让，股票上限和下限均为340万股。资金来源包括员工自筹资金、公司控股股东及其关联方提供的借款及其他合法方式。参与员工总人数不超过660人，其中董监高6人。该计划由公司自行管理，无管理机构。更新时间为2024年10月18日。董监高参与比例为3.36%，员工参与比例为96.64%。实施截止日期和锁定期起始日期均为2019年2月1日。备注说明详细描述了员工持股计划的具体情况，包括资金来源、股票数量、管理方式、存续期、锁定期等信息，并提及了2020年1月30日、2022年7月22日和2022年12月31日的相关公告内容。

当前掌握的信息是否能够回答"恒逸石化最近一次完成的员工持股计划是否是分期实施的？"？还是要继续执行下一阶段SQL查询？

>>>>> Agent【Sql_query.master】 Said:
【已知信息】
- `astockshareholderdb.lc_esop`表中存在`IfPeriod`字段，该字段可能表示是否分期实施。
- 恒逸石化的内部编码（InnerCode）为379。
- 最近一次完成的员工持股计划的事件进程（Process）为1022。

【当前阶段要获取的信息】
- 恒逸石化最近一次完成的员工持股计划是否是分期实施的。

【信息所在字段】
- `IfPeriod`字段，其中`IfPeriod`为2可能表示分期实施。

【筛选条件所在字段】
- `InnerCode`为379
- `Process`为1022

【SQL语句的思路】
- 查询`astockshareholderdb.lc_esop`表，筛选出恒逸石化最近一次完成的员工持股计划的记录，查看`IfPeriod`字段的值。

【执行SQL语句】
```exec_sql
SELECT IfPeriod
FROM astockshareholderdb.lc_esop
WHERE InnerCode = 379 AND Process = 1022
LIMIT 1
```

【上述SQL语句的含义】
- 从`astockshareholderdb.lc_esop`表中选取`IfPeriod`字段。
- 筛选条件是`InnerCode`为379且`Process`为1022，即恒逸石化最近一次完成的员工持股计划。
- 使用`LIMIT 1`确保只返回一条记录。

>>>>> 查询sql:
SELECT IfPeriod
FROM astockshareholderdb.lc_esop
WHERE InnerCode = 379 AND Process = 1022
LIMIT 1;
查询结果:
[{"IfPeriod": 2}]


>>>>> 【user】 Said:
查询SQL:
SELECT IfPeriod
FROM astockshareholderdb.lc_esop
WHERE InnerCode = 379 AND Process = 1022
LIMIT 1;
查询结果:
[{"IfPeriod": 2}]

补充字段说明如下:
[{"IfPeriod": "是否分期实施；，令LB = 999 AND DM IN (1,2)，得到是否分期实施的具体描述：1-是，2-否。"}]
请理解查询结果

>>>>> Agent【Sql_query.understand_query_result】 Said:
查询结果表明: 该查询从`astockshareholderdb.lc_esop`表中选取了`IfPeriod`字段，条件是`InnerCode`为379且`Process`为1022的第一条记录。结果显示`IfPeriod`的值为2，根据补充字段说明，`IfPeriod`表示是否分期实施，其中2代表否，即该记录对应的员工持股计划不进行分期实施。


>>>>> 【user】 Said:
查询SQL:
SELECT IfPeriod
FROM astockshareholderdb.lc_esop
WHERE InnerCode = 379 AND Process = 1022
LIMIT 1;
查询结果:
[{"IfPeriod": 2}]

补充字段说明如下:
[{"IfPeriod": "是否分期实施；，令LB = 999 AND DM IN (1,2)，得到是否分期实施的具体描述：1-是，2-否。"}]
查询结果表明: 该查询从`astockshareholderdb.lc_esop`表中选取了`IfPeriod`字段，条件是`InnerCode`为379且`Process`为1022的第一条记录。结果显示`IfPeriod`的值为2，根据补充字段说明，`IfPeriod`表示是否分期实施，其中2代表否，即该记录对应的员工持股计划不进行分期实施。

当前掌握的信息是否能够回答"恒逸石化最近一次完成的员工持股计划是否是分期实施的？"？还是要继续执行下一阶段SQL查询？

>>>>> Agent【Sql_query.master】 Said:
【已知信息】
- 恒逸石化的内部编码（InnerCode）为379。
- 最近一次完成的员工持股计划的事件进程（Process）为1022。
- `IfPeriod`字段的值为2，表示该员工持股计划不进行分期实施。

【当前阶段要获取的信息】
- 恒逸石化最近一次完成的员工持股计划是否是分期实施的。

【信息所在字段】
- `IfPeriod`字段，其中`IfPeriod`为2表示否，即不进行分期实施。

【筛选条件所在字段】
- `InnerCode`为379
- `Process`为1022

【SQL语句的思路】
- 已通过查询确认`IfPeriod`的值为2，表示恒逸石化最近一次完成的员工持股计划不进行分期实施。

【执行SQL语句】
- 无需继续执行SQL查询，当前信息已足够回答问题。

【上述SQL语句的含义】
- 无需继续执行SQL查询，当前信息已足够回答问题。

【回答】
恒逸石化最近一次完成的员工持股计划不是分期实施的。

【当前掌握的信息是否能够回答问题】
- 是的，当前掌握的信息已足够回答"恒逸石化最近一次完成的员工持股计划是否是分期实施的？"这个问题，无需继续执行下一阶段SQL查询。


>>>>> 【user】 Said:
充分尊重前面给出的结论，回答问题:"恒逸石化最近一次完成的员工持股计划是否是分期实施的？"

>>>>> Agent【Sql_query.summary】 Said:
否
