
>>>>> Original Question: 美年健康在2019年发生的股权质押中，质押比例最大的一笔是哪个股东质押给了谁？质押股数和占总股本比例是多少，保留4位小数？


>>>>> 【user】 Said:
提取下面这段文字中的实体（如公司名、股票代码、拼音缩写等），如果识别结果是空，那么就回复No Entities."美年健康在2019年发生的股权质押中，质押比例最大的一笔是哪个股东质押给了谁？质押股数和占总股本比例是多少，保留4位小数？"

>>>>> Agent【extract_company】 Said:
```json
["美年健康"]
```

>>>>> 查询sql:
SELECT 'constantdb.secumain' AS TableName, InnerCode, CompanyCode,
    ChiName, EngName, SecuCode, ChiNameAbbr, EngNameAbbr, SecuAbbr, ChiSpelling
FROM constantdb.secumain 
WHERE SecuCode = '美年健康'
   OR ChiName LIKE '%美年健康%'
   OR ChiNameAbbr LIKE '%美年健康%'
   OR EngName LIKE '%美年健康%'
   OR EngNameAbbr LIKE '%美年健康%'
   OR SecuAbbr LIKE '%美年健康%'
   OR ChiSpelling LIKE '%美年健康%'
UNION ALL
SELECT 'constantdb.hk_secumain' AS TableName, InnerCode, CompanyCode,
ChiName, EngName, SecuCode, ChiNameAbbr, EngNameAbbr, SecuAbbr, ChiSpelling
FROM constantdb.hk_secumain 
WHERE SecuCode = '美年健康'
   OR ChiName LIKE '%美年健康%'
   OR ChiNameAbbr LIKE '%美年健康%'
   OR EngName LIKE '%美年健康%'
   OR EngNameAbbr LIKE '%美年健康%'
   OR SecuAbbr LIKE '%美年健康%'
   OR FormerName LIKE '%美年健康%'
   OR ChiSpelling LIKE '%美年健康%'
UNION ALL
SELECT 'constantdb.us_secumain' AS TableName, InnerCode, CompanyCode,
ChiName, EngName, SecuCode, null as ChiNameAbbr, null as EngNameAbbr, SecuAbbr, ChiSpelling
FROM constantdb.us_secumain 
WHERE SecuCode = '美年健康'
   OR ChiName LIKE '%美年健康%'
   OR EngName LIKE '%美年健康%'
   OR SecuAbbr LIKE '%美年健康%'
   OR ChiSpelling LIKE '%美年健康%';
查询结果:
[{"TableName": "constantdb.secumain", "InnerCode": 3151, "CompanyCode": 2730, "ChiName": "美年大健康产业控股股份有限公司", "EngName": "Meinian Onehealth Healthcare Holdings Co., Ltd.", "SecuCode": "002044", "ChiNameAbbr": "美年健康", "EngNameAbbr": "Meinian Onehealth", "SecuAbbr": "美年健康", "ChiSpelling": "MNJK"}]


>>>>> 【user】 Said:
历史问答:无。
现在用户继续提问，请根据已知信息，理解当前这个问题的完整含义，并重写这个问题使得单独拿出来看仍然能够正确理解：美年健康在2019年发生的股权质押中，质押比例最大的一笔是哪个股东质押给了谁？质押股数和占总股本比例是多少，保留4位小数？

>>>>> Agent【rewrite_question】 Said:
在2019年，美年健康发生的股权质押中，质押比例最大的一笔是哪个股东质押给了谁？该笔质押的股数和占总股本的比例分别是多少，请保留4位小数？

>>>>> 已知事实:
美年健康的关联信息有:[所在数据表是constantdb.secumain;InnerCode(证券内部编码)是3151;CompanyCode(公司代码)是2730;ChiName(中文名称)是美年大健康产业控股股份有限公司;EngName(英文名称)是Meinian Onehealth Healthcare Holdings Co., Ltd.;SecuCode(证券代码)是002044;ChiNameAbbr(中文名称缩写)是美年健康;EngNameAbbr(英文名称缩写)是Meinian Onehealth;SecuAbbr(证券简称)是美年健康;ChiSpelling(拼音证券简称)是MNJK;]

>>>>> 【user】 Said:
请选择db，务必遵循输出的格式要求。

>>>>> Agent【Check_db_structure.db_selector】 Said:
【分析】
用户需要查询的是2019年美年健康发生的股权质押中，质押比例最大的一笔的具体信息，包括质押股东、质押对象、质押股数及占总股本的比例。这涉及到上市公司的股权质押信息，通常这类信息会记录在股东与股本相关的数据库中。

【选中的数据库】
- astockshareholderdb: 这个数据库记录了上市公司股东、股本及公司治理相关的详细信息，包括股权质押等信息。

【选中的数据库的清单】
```json
["astockshareholderdb"]
```


>>>>> 【user】 Said:
数据库表信息如下:
[{"表名": "astockshareholderdb.lc_shtypeclassifi", "说明": "该数据表主要用于记录股东及其分类信息，包含股东的唯一标识信息如股东代码和股东编码，股东名称及其所属性质等基本信息，同时提供多级分类结构，涵盖分类标准及一级至四级分类代码，便于对股东进行分层管理和分析。"}, {"表名": "astockshareholderdb.lc_mainshlistnew", "说明": "该数据表主要记录了股东及其持股情况的详细信息，包括公司代码、日期、信息发布日期和来源等基本信息。股东相关信息涵盖股东排名、序号、名称、性质、类别及其编码等。持股信息详细列出了持股总数、持股比例、持股增减情况，以及持有不同类型股票（如A股、B股、H股、普通股及其他类别）的数量和比例。此外，还包括股东性质描述、股权质押和冻结情况及其说明，股东之间的关联关系和一致行动人说明等。证券相关信息有证券代码、简称、所属券商编号及归属机构名称等。备注说明和其他字段提供了进一步的补充信息。"}, {"表名": "astockshareholderdb.lc_shnumber", "说明": "该数据表主要涵盖了公司股东信息的各类数据，包括公司代码、信息发布日期和信息来源等基本信息。股东数据详细记录了股东总户数及各类股东（如A股、B股、H股、CDR股东）的户数和户均持股数，提供了户均持股比例及其相对变化，季度和半年增长率等动态指标。此外，表中还细分了无限售条件股东的数据，包括无限售A股和CDR的户均持股数及比例变化等。通过这些数据，能够分析不同类型股东的持股分布及其变化趋势。"}, {"表名": "astockshareholderdb.lc_mshareholder", "说明": "该数据表主要用于记录公司股东相关信息及公司基本情况，包含以下几类字段信息：公司基本信息如公司代码、信息发布日期、信息来源等；股东相关信息如股东名称、股东地位、持股比例、股东性质、股东ID、国籍描述、永久境外居留权等；公司运营及财务信息如法人代表、注册资本、主要业务、经济性质、背景介绍等；其他信息如股权获取方式、实际控制人结构图、公告类别、报告原文文件格式、日期以及货币单位等，并提供是否存在的标识字段以便于数据筛选和分析。"}, {"表名": "astockshareholderdb.lc_actualcontroller", "说明": "该数据表主要用于记录公司实际控制人的相关信息，包括公司代码、信息发布日期和日期等基本信息；实际控制人的详细信息如代码、姓名、经济性质、国籍代码及描述、永久境外居留权状态，以及实际控制人所属性质等。"}, {"表名": "astockshareholderdb.lc_sharestru", "说明": "该数据表主要记录了公司股本结构及相关信息，包含以下几类字段：公司基本信息如公司代码(CompanyCode)、信息来源(InfoSource)、信息发布日期(InfoPublDate)；时间相关字段如日期(EndDate)；股本总量及变动情况如总股本(股)(TotalShares)、股本变动原因类别(ChangeType)、简称变更原因(ChangeReason)；股权分类及持股情况包括未流通股(NonListedShares)、流通股本(FloatShare)、有限售条件流通股(RestrictedShares)、无限售条件流通股(NonRestrictedShares)、A股(Ashares)、B股(Bshares)、H股(Hshares)、GDR代表基础股票(GDRshares)、外资持股(ForeignHolding)等，进一步细分为发起人股(PromoterShares)、国家股(StateShares)、法人股(DLegalPersonShares、FLegalPersonShares)、自然人股(NaturalPersonHoldLPShares)、职工股(StaffShares)、战略投资者配售持股(StategicInvestorShares)、基金配售持股(MutualFundShares)等；股本流通状态如已上市流通股(AFloatListed)、未上市增发股(AdditionIssueUnlisted)、配股未上市(RightsIssueUnlisted)等；其他股本信息如优先股(PreferredShares)、有限售H股(RestrictedHShares)、无限售H股(NonRestrictedHShares)、其他未流通股(OUnListedShares)；股本面值及货币单位如每股面值(PerValue)、每股面值货币单位(ParValueCurrencyUnit)。通过这些字段，能够全面反映公司股本的构成、流通及变动情况。"}, {"表名": "astockshareholderdb.lc_stockholdingst", "说明": "该数据表主要用于记录各类机构及股东对A股的持股情况及相关统计信息，包含以下几类字段：基础信息如证券内部编码、公司代码、统计日期等；持股数量信息，包括机构、公募基金、券商、私募基金、银行、外资等不同主体持有的无限售流通A股、总A股及其他类型A股的数量；持股比例信息，涵盖上述主体对不同类型A股的持股比例；持股户数信息，记录各类机构及股东的持股户数，包括流通A股户数、无限售流通A股户数等；前十大股东信息，如前十大股东持股数量及比例、无限售股东持股数据等；信息来源及日期字段，用于标注数据出处和时间。"}, {"表名": "astockshareholderdb.lc_sharetransfer", "说明": "该数据表主要记录股权转让的详细信息，涵盖了公司基本信息如公司代码、信息发布日期、信息来源等；股权转让的关键时间点如协议签署日、批准日期、正式变动日期等；转让方和受让方的相关信息，包括名称、经济性质、属性、编码等；股权转让前后的持股情况，如持股数量、持股比例、有限售股数、无限售股数等；交易相关信息如转让方式、涉及股数、交易价格、交易金额等；其他补充信息如生效条件、事项描述与进展、是否终止实施及公告日期等；以及序号、证券内部编码等标识信息。"}, {"表名": "astockshareholderdb.lc_sharefp", "说明": "该数据表记录了公司股权冻结质押的详细信息，包含公司代码、信息发布日期和来源等基本信息，以及涉及的股东和接受方的详细信息，如股东名称和ID、接受方名称和ID、股东和接受方的属性等。表中还包括冻结质押的具体细节，如涉及股数、占持股比例、占总股本比例、起始和结束日期、原因及事项编码和日期。此外，表格记录了无限售股数、有限售股数，以及初始信息发布日期、初始质押股数和预计解除日期等信息。"}, {"表名": "astockshareholderdb.lc_sharefpsta", "说明": "该数据表主要用于记录股权冻结质押的相关信息，包含以下字段：标识信息如冻结质押编号(FPCode)、公司代码(CompanyCode)和股东ID(SHID)；时间信息如截止日期(EndDate)；信息来源(InfoSource)；类别选择(Category)；股东信息如股权被冻结质押股东名称(FPSHName)及其属性(SHAttribute)；冻结质押相关统计数据如累计冻结质押股数(AccuFPShares)、累计占冻结质押方持股数比例(AccuPCTOfPled)、累计占总股本比例(AccuProportion)及其计算值(AccuProportionCalc)；其他辅助字段如AccuFPSharesCalc。"}, {"表名": "astockshareholderdb.lc_buyback", "说明": "该数据表记录了公司股份回购的详细信息，包括公司基本信息如公司代码，以及重要日期信息如首次信息发布日期、预案发布日期、股东大会通过日期、回购协议签署日、回购并注销股份公告书发布日、起始日期、结束日期、全称更改日期、回购资金划出日、工商变更登记日等。股份回购的具体情况涵盖股份类别、股份被回购方、回购股数及占总股本比例、回购定价方式说明、回购价格及回购总金额、回购数量及价格上下限、拟回购资金总额上下限等。支付方式、资金来源及用途说明、回购目的、事件进程及描述、回购方式代码及描述等信息也被详细记录。此外，还包括待偿期限指数、未描述的字段如回购目的、货币单位及被否决日期等。"}, {"表名": "astockshareholderdb.lc_buybackattach", "说明": "该数据表记录了有关股份回购的信息，包含回购的唯一标识（股份回购ID）及其相关的日期信息，如信息发布日期和生效日期。涉及财务数据的字段包括货币单位、最高价、最低价、本次回购资金及累计回购资金总额。此外，表中还记录了与回购数量相关的数据，如回购股数、累计回购数量及其占总股本的比例。通过这些字段，能够全面了解某次股份回购的基本信息和财务影响。"}, {"表名": "astockshareholderdb.lc_legaldistribution", "说明": "该数据表记录了证券配售的详细信息，涵盖了多方面的内容：基础信息如证券内部编码、证券代码、信息发布日期及首次发布日期等；配售相关信息包括配售总股数、配售原因、配售性质、获配股数（有锁定期和无锁定期分别记录）、获配金额、实际发行价、有效申购股数、退款金额、补款金额等；投资者信息包括投资者名称（标准化和原始）、投资者编号、投资者类型、投资者分类等，以及获配企业的名称、性质和所属券商的编号及名称；战略配售的详细记录如高管、员工、保荐机构及其他参与战略配售的股份数量、金额和占比等；此外，还包括流通日期、持股时间等时间维度信息，以及备注说明和配售对象代码等辅助字段。整体涵盖了证券配售的全流程信息，便于分析和统计。"}, {"表名": "astockshareholderdb.lc_nationalstockholdst", "说明": "该数据表主要用于记录股东持股相关信息，包含以下字段类别：基础信息如内部编码、公司代码、股东ID、股东名称；时间信息如截止日期；持股数据如持有A股总数、有限售A股数、无限售A股数；比例数据如占总股本比例、占流通A股比例；变动信息如持有A股数量增减及其增减幅度。"}, {"表名": "astockshareholderdb.cs_foreignholdingst", "说明": "该数据表记录了证券相关的交易信息，包括证券内部编码用于标识证券，交易日期表示具体的交易时间，外资持股总数（单位为万股）和外资持股比例（百分比）则反映了外资在该证券中的持股情况。"}, {"表名": "astockshareholderdb.lc_esop", "说明": "该数据表主要用于记录资产管理计划相关信息，涵盖了基础标识信息如“内部编码、公司代码”等，公告日期信息如“首次信息发布日期、董事会公告日期、股东大会公告日期”等，计划进程与实施信息如“事件进程、是否分期实施、数据统计区间、首次实施公告日”等，股票与资金规模信息如“股票来源方式、股票规模上限与下限、资金总额上限与下限”等，计划细节信息如“麦考利久期、锁定期、释放期、资金来源、参与单位及人员、管理模式、管理机构、资产管理计划全称、分期情况、杠杆比例”等，价格与参与情况信息如“购买股票价格、参与人数、高管及员工的参与人数、认购份额与比例”等，时间节点信息如“持股的完成日、锁定的起始日”等，以及其他补充说明如“计划情况说明”等，全面涵盖计划的各个维度。"}, {"表名": "astockshareholderdb.lc_esopsummary", "说明": "该数据表主要用于记录证券相关事件的信息，包括证券内部编码和公司代码等基础标识信息；首次信息发布日期、董事会公告日期、股东大会公告日期等时间信息；事件进程和序号等事件状态信息；是否分期实施及分期情况等分期相关信息；股票规模和资金总额的上下限等规模和资金范围信息；以及备注说明等补充描述信息。"}, {"表名": "astockshareholderdb.lc_transferplan", "说明": "该数据表主要记录了公司股东承诺及增减持计划的相关信息，涵盖多个方面的字段：公司基本信息如“公司代码”；信息披露相关字段如“首次信息发布日期”“信息发布日期”“信息来源”；承诺主体与事项类型信息如“承诺主体类型”“承诺事项类型”；承诺时间范围及内容描述如“承诺起始日期”“承诺截止日期”“承诺说明”；股东信息如“股东序号”“股东名称”；增持计划相关字段包括“增持时间描述”“增持实施期限”“增持价格描述”“增持股票触发价格上下限”“增持股份数量上下限”“增持比例上下限”“增持投入资金上下限”等；减持计划相关字段包括“减持时间描述”“减持实施期限”“减持价格描述”“减持股票触发价格上下限”“减持股份数量上下限”“减持比例上下限”等；承诺有效性及不减持承诺期限如“承诺是否有效”“不减持承诺期限”；交易方式及相关描述如“交易方式”“交易方式描述”；事件进程信息如“事件进程”。这些字段全面记录了公司股东承诺及增减持行为的各类细节。"}, {"表名": "astockshareholderdb.lc_smattendinfo", "说明": "该数据表记录了公司股东大会相关的综合信息，涵盖多个维度。包括公司基本信息如公司代码；股东大会的时间安排，如首次信息发布日期、最新信息发布日期、公告日期、股东大会召开日及时间、股权登记日、会议登记起止日期、网络投票起止日期等；股东大会的地点和形式信息，如召开地址、会议类别、投票表决方式、网络投票通道及代码等；股东大会的参与情况统计，包括出席总体股东及代表人数、各类股东人数（如A股、H股、中小股东、优先股股东等）、出席股东代表股份及其占比（按不同股东类别区分）；股东大会的主持及法律见证信息，包括大会主持人及其职务、见证律师事务所及其编号、经办律师等；其他相关信息如议案内容、是否有效、股东大会取消日期、年度及届次等。通过这些字段，全面反映了股东大会的组织、参与及法律合规情况。"}]

请选择table，务必遵循输出的格式要求。

>>>>> Agent【Check_db_structure.table_selector】 Said:
【分析】
要找出2019年美年健康发生的股权质押中，质押比例最大的一笔，需要以下信息：
1. 美年健康的相关股权质押记录。
2. 质押比例的计算需要质押股数和总股本。
3. 质押股东和接受质押方的信息。

【选中的数据表】
- astockshareholderdb.lc_sharefp: 该数据表记录了公司股权冻结质押的详细信息，包含公司代码、信息发布日期和来源等基本信息，以及涉及的股东和接受方的详细信息，如股东名称和ID、接受方名称和ID、股东和接受方的属性等。表中还包括冻结质押的具体细节，如涉及股数、占持股比例、占总股本比例、起始和结束日期、原因及事项编码和日期。
- astockshareholderdb.lc_sharestru: 该数据表主要记录了公司股本结构及相关信息，包含公司基本信息如公司代码、信息发布日期；股本总量及变动情况如总股本(股)等。

【选中的数据库表的清单】
```json
["astockshareholderdb.lc_sharefp", "astockshareholderdb.lc_sharestru"]
```

补充选择table: ["astockshareholderdb.lc_mainshlistnew"]

>>>>> 【user】 Said:
已取得可用的数据表的字段信息如下:
[{"表名": "astockshareholderdb.lc_sharefp", "表字段": [{"column": "CompanyCode", "desc": "公司代码；公司代码（CompanyCode）：与“证券主表（SecuMain）”中的“公司代码（CompanyCode）”关联，得到上市公司的交易代码、简称等。"}, {"column": "InfoPublDate", "desc": "信息发布日期"}, {"column": "InfoSource", "desc": "信息来源"}, {"column": "TypeSelect", "desc": "类别选择；类别选择(TypeSelect)与(CT_SystemConst)表中的DM字段关联，令LB = 1201 AND DM IN (2,3,5)，得到类别选择的具体描述：2-股权冻结，3-股权质押，5-股票质押式回购。"}, {"column": "FPSHName", "desc": "股权被冻结质押股东名称"}, {"column": "ReceiverName", "desc": "接受股权质押方"}, {"column": "InvolvedSum", "desc": "涉及股数(股)"}, {"column": "PCTOfPledger", "desc": "占冻结质押方持股数比例"}, {"column": "PCTOfTotalShares", "desc": "占总股本比例"}, {"column": "FPReason", "desc": "股权冻结质押原因"}, {"column": "StartDate", "desc": "起始日期"}, {"column": "EndDate", "desc": "日期"}, {"column": "Statement", "desc": "备注说明"}, {"column": "SHSN", "desc": "股权被冻结质押股东序号"}, {"column": "SHAttribute", "desc": "股东所属性质；股权被冻结质押股东所属性质(SHAttribute)与(CT_SystemConst)表中的DM字段关联，令LB = 1783 AND DM IN (1,2,3,99)，得到股权被冻结质押股东所属性质的具体描述：1-自然人，2-企业，3-证券品种，99-其他。"}, {"column": "SHID", "desc": "股权被冻结质押股东ID；股权被冻结质押股东ID(SHID)：当股权被冻结质押股东所属性质(SHAttribute)=2时，与企业码表（EP_CompanyMain）中的企业编号（CompanyCode）关联"}, {"column": "ReceiverAttribute", "desc": "接受股权质押方所属性质；接受股权质押方所属性质(ReceiverAttribute)与(CT_SystemConst)表中的DM字段关联，令LB = 1783 AND DM IN (1,2,3,99)，得到接受股权质押方所属性质的具体描述：1-自然人，2-企业，3-证券品种，99-其他。"}, {"column": "ReceiverID", "desc": "接受股权质押方ID；接受股权质押方ID(ReceiverID)：当接受股权质押方所属性质(ReceiverAttribute)=2时，与企业码表（EP_CompanyMain）中的企业编号（CompanyCode）关联"}, {"column": "EventCode", "desc": "事项编码"}, {"column": "EventDate", "desc": "事项日期"}, {"column": "UnstintedTShare", "desc": "其中:无限售股数(股)"}, {"column": "RestrainedTShare", "desc": "其中:有限售股数(股)"}, {"column": "InitialInfoPublDate", "desc": "No description available"}, {"column": "InitialPledgeSum", "desc": "No description available"}, {"column": "EstimateReleaseDate", "desc": "No description available"}]}, {"表名": "astockshareholderdb.lc_sharestru", "表字段": [{"column": "CompanyCode", "desc": "公司代码；公司代码（CompanyCode）：与“证券主表（SecuMain）”中的“公司代码（CompanyCode）”关联，得到上市公司的交易代码、简称等。"}, {"column": "InfoSource", "desc": "信息来源"}, {"column": "EndDate", "desc": "日期"}, {"column": "NonListedShares", "desc": "2)未流通A股(股)"}, {"column": "PromoterShares", "desc": "1.发起人股(股)"}, {"column": "StateShares", "desc": "国家股(股)"}, {"column": "DLegalPersonShares", "desc": "境内法人股(股)"}, {"column": "FLegalPersonShares", "desc": "外资法人股(股)"}, {"column": "OtherPromoterShares", "desc": "其它发起人股(股)"}, {"column": "RaisedLPShares", "desc": "2.募集法人股(股)"}, {"column": "NaturalPersonHoldLPShares", "desc": "3.自然人法人股(股)"}, {"column": "StaffShares", "desc": "4.职工股(股)"}, {"column": "RightsIssueTransferred", "desc": "5.转配股(股)"}, {"column": "PreferredAndOtherShares", "desc": "6.优先股及其他(股)"}, {"column": "PreferredShares", "desc": "其中:优先股(股)"}, {"column": "FloatShare", "desc": "流通股本(股)"}, {"column": "AFloats", "desc": "1)流通A股(股)"}, {"column": "AFloatListed", "desc": "1)已上市流通A股(包含高管股)(股)"}, {"column": "ManagementShares", "desc": "##高管股(股)"}, {"column": "StategicInvestorShares", "desc": "2)战略投资者配售持股(股)"}, {"column": "CommonLPShares", "desc": "3)一般法人配售持股(股)"}, {"column": "MutualFundShares", "desc": "4)基金配售持股(股)"}, {"column": "AdditionalIssueUnlisted", "desc": "5)增发未上市(股)"}, {"column": "RightsIssueUnlisted", "desc": "6)配股未上市(股)"}, {"column": "Bshares", "desc": "B股_旧(股)"}, {"column": "Hshares", "desc": "3.H股(股)"}, {"column": "Sshares", "desc": "1)S股(股)"}, {"column": "Nshares", "desc": "2)N股(股)"}, {"column": "OtherFloatShares", "desc": "4.海外上市股(股)"}, {"column": "TotalShares", "desc": "总股本(股)"}, {"column": "ChangeType", "desc": "股本变动原因类别；股本变动原因类别(ChangeType)与(CT_SystemConst)表中的DM字段关联，令LB = 1022 AND DM NOT IN (43,60,101,102,105,115,116,117,118,119,121,123,127,128,129,131,132,135)，得到股本变动原因类别的具体描述：1-A股发行，2-B股发行，3-A股发行基金配售上市，4-A股发行法人配售上市，6-A股上市，7-B股上市，8-送转股，10-配股除权，11-配股上市，12-转配股上市，17-非公开增发A股上市，18-非公开增发A股，19-定向增发法人股，20-增发A股，21-增发B股，22-增发A股上市，23-增发A股基金配售上市，24-增发A股法人配售上市，25-增发A股原股东配售上市，26-H股增发，27-增发B股上市，28-H股首发上市，29-超额配售H股上市，30-国家股配售，35-股份回购，40-吸收合并，44-以股抵债，45-职工股上市，46-STAQ/NET系统法人股上市，47-外资法人股上市，48-可转换债券转股，49-股权转让，50-面值拆细，51-其他，52-CDR发行，53-CDR上市，54-CDR增发，55-CDR增发上市，56-CDR配股除权，57-CDR配股上市，58-CDR超额配售上市，59-优先股转普通股，71-股权分置方案实施，73-股权分置股份追送，75-股权分置限售流通，77-股权分置增持，78-股权分置股东增持股份上市，79-配股限售流通，80-股权激励限售流通，81-因权证行权流通，82-发行前股份限售流通，83-转债转股限售流通，84-股权激励方案实施，89-延长限售锁定期，90-延长限售锁定期流通，91-B股转H股，100-授予限制性股票，103-员工持股计划，104-员工持股计划限售流通，106-D股增发，107-D股首发上市，108-超额配售D股上市，109-超额配售A股上市，110-GDR基础股票首发上市，111-GDR基础股票增发上市，112-超额配售GDR基础股票上市，113-GDR基础股票生成兑回，114-三板挂牌，130-高管股份减少，134-战略配售股份出借，136-战略配售股份归还，137-高管股份增加，138-股东承诺不减持，139-分红股份上市，140-超额配售B股上市，141-追溯更新，142-承诺不减持到期。"}, {"column": "ChangeReason", "desc": "简称变更原因"}, {"column": "SLegalPersonShares", "desc": "其中:国有法人股(股)"}, {"column": "RaisedSLPShares", "desc": "其中:募集国有法人股(股)"}, {"column": "OtherAFloatShares", "desc": "7)其他流通股份(股)"}, {"column": "RestrictedAFloatShares", "desc": "8)有限售流通A股(股)"}, {"column": "RestrinctStaffShares", "desc": "其中:有限售流通股中职工股(股)"}, {"column": "NonListedBShares", "desc": "其中:未流通B股_旧"}, {"column": "InfoPublDate", "desc": "信息发布日期"}, {"column": "RestrictedShares", "desc": "有限售条件的流通股(股)"}, {"column": "StateHolding", "desc": "A.国家持股(股)"}, {"column": "SLegalPersonHolding", "desc": "B.国有法人持股(股)"}, {"column": "OtherDCapitalHolding", "desc": "C.其他内资持股(股)"}, {"column": "DLegalPersonHolding", "desc": "a.境内法人持股(股)"}, {"column": "DNaturalPersonHolding", "desc": "b.境内自然人持股(股)"}, {"column": "ForeignHolding", "desc": "D.外资持股(股)"}, {"column": "FLegalPersonHolding", "desc": "其中:境外法人持股(股)"}, {"column": "FNaturalPersonHolding", "desc": "其中:境外自然人持股(股)"}, {"column": "OtherRestrictedShares", "desc": "E.其他有限售(股)"}, {"column": "RestrictedBFloatShares", "desc": "有限售B股(股)"}, {"column": "PerValue", "desc": "每股面值(元)"}, {"column": "Ashares", "desc": "1.A股(股)"}, {"column": "NonRestrictedShares", "desc": "1.4)无限售条件流通A股(股)(披露)"}, {"column": "BsharesTotal", "desc": "2.B股(股)"}, {"column": "ListedBShares", "desc": "1)流通B股(股)"}, {"column": "NonListedRestrictedBShares", "desc": "2)未流通B股(股)"}, {"column": "ForeignHoldingAshares", "desc": "外资持A股(股)"}, {"column": "RestrictedAShares", "desc": "1.1)有限售条件的流通A股(股)(计算)"}, {"column": "OtherFNonListedShares", "desc": "7.其他外资股(股)"}, {"column": "NonResiSharesJY", "desc": "1.2)无限售条件流通A股(股)(计算)"}, {"column": "RestrictAShareP", "desc": "1.3)有限售条件的流通A股(股)(披露)"}, {"column": "SRUnlistedShare", "desc": "增发、配股未上市股份(股)(披露)"}, {"column": "NonResiBShares", "desc": "其中:无限售流通B股"}, {"column": "GDRshares", "desc": "5.GDR代表基础股票(股)"}, {"column": "ParValueCurrencyUnit", "desc": "每股面值货币单位"}, {"column": "NonRestrictedHShares", "desc": "无限售H股"}, {"column": "RestrictedHShares", "desc": "有限售H股"}, {"column": "OUnListedShares", "desc": "其他未流通股(股)"}, {"column": "OtherNonListedShares", "desc": "8.其他未流通股(股)"}, {"column": "Dshares", "desc": "No description available"}]}, {"表名": "astockshareholderdb.lc_mainshlistnew", "表字段": [{"column": "CompanyCode", "desc": "公司代码；公司代码（CompanyCode）：与“证券主表（SecuMain）”中的“公司代码（CompanyCode）”关联，得到上市公司的交易代码、简称等。"}, {"column": "EndDate", "desc": "日期"}, {"column": "InfoPublDate", "desc": "信息发布日期"}, {"column": "InfoSource", "desc": "信息来源"}, {"column": "InfoTypeCode", "desc": "信息类别编码；信息类别编码(InfoTypeCode)与(CT_SystemConst)表中的DM字段关联，令LB = 1025 AND DM IN (1,2,4,5,6)，得到信息类别编码的具体描述：1-前十大股东，2-前十流通股东，4-十大有限售条件股东，5-发行前股东，6-前十大表决权数量股东。"}, {"column": "SHNo", "desc": "股东排名；股东排名（SHNo）：当“信息类别代码（InfoTypeCode）”=1时，“股东排名（SHNo）”表示股东排名；当“信息类别代码（InfoTypeCode）”=2时，“股东排名（SHNo）”表示流通股东排名。"}, {"column": "SHSerial", "desc": "股东序号"}, {"column": "SHList", "desc": "股东名称；股东名称（SHList）：此字段为股东名称公告原始披露值；如期望获取股东标准名称，可使用股东ID与相关表单关联，具体关联方式详见注4"}, {"column": "SHKind", "desc": "股东性质枚举值:资产管理公司,一般企业,投资、咨询公司,风险投资公司,自然人,其他金融产品,信托公司集合信托计划,金融机构—证券公司,保险投资组合,开放式投资基金,企业年金,信托公司单一证券信托,社保基金、社保机构,金融机构—银行,金融机构—期货公司,基金专户理财,国资局,券商集合资产管理计划,基本养老保险基金,金融机构—信托公司,院校—研究院,金融机构—保险公司,公益基金,保险资管产品,财务公司,基金管理公司,金融机构—金融租赁公司"}, {"column": "SHTypeCode", "desc": "股东类别编码"}, {"column": "SHType", "desc": "股东类别"}, {"column": "SecuCoBelongedCode", "desc": "所属券商编号"}, {"column": "SecuCoBelongedName", "desc": "归属机构名称"}, {"column": "SecuCode", "desc": "证券代码"}, {"column": "SecuAbbr", "desc": "证券简称"}, {"column": "HoldSum", "desc": "持股数(股)"}, {"column": "PCTOfTotalShares", "desc": "占总股本比例；占总股本比例（%）（PCTOfTotalShares）：当“信息类别代码（InfoTypeCode）”=1时，持股数(股)/总股本*100当“信息类别代码（InfoTypeCode）”=2时，无限售股数(股)/总股本*100"}, {"column": "RestrainedTShare", "desc": "其中：有限售股数(股)"}, {"column": "UnstintedTShare", "desc": "其中：无限售股数(股)"}, {"column": "HoldSumChange", "desc": "持股数量增减(股)"}, {"column": "HoldSumChangeRate", "desc": "持股数量增减幅度(%)"}, {"column": "HoldAShareSum", "desc": "持有A股数量(股)"}, {"column": "PCTOfFloatShares", "desc": "占流通A股比例(%)"}, {"column": "HoldBShareSum", "desc": "持有B股数量(股)"}, {"column": "HoldHShareSum", "desc": "持有H股数量(股)"}, {"column": "HoldOthterShareSum", "desc": "持有其他股数量(股)"}, {"column": "ShareCharacterStatement", "desc": "股本性质描述"}, {"column": "PledgeInvolvedSum", "desc": "股权质押涉及股数(股)"}, {"column": "FreezeInvolvedSum", "desc": "股权冻结涉及股数(股)"}, {"column": "PFStatement", "desc": "股权质押冻结情况说明"}, {"column": "ConnectionRelation", "desc": "股东关联关系"}, {"column": "ConnectionStatement", "desc": "与其他股东关联关系说明"}, {"column": "ActInConcertStatement", "desc": "与其他股东同属一致行动人说明"}, {"column": "Notes", "desc": "备注说明"}, {"column": "SecuInnerCode", "desc": "证券代码"}, {"column": "SHKindCode", "desc": "股东性质编码"}, {"column": "GDID", "desc": "股东ID"}, {"column": "SHAttribute", "desc": "股东属性"}, {"column": "RestrainedAShare", "desc": "其中:有限售A股数(股)"}, {"column": "UnstintedAShare", "desc": "其中:无限售A股数(股)"}, {"column": "HoldShareASum", "desc": "持有A类普通股数量(股)"}, {"column": "RestrainedShareA", "desc": "其中:有限售A类普通股数量(股)"}, {"column": "UnstintedShareA", "desc": "其中:无限售A类普通股数量(股)"}, {"column": "HoldShareBSum", "desc": "持有B类普通股数量(股)"}, {"column": "RestrainedShareB", "desc": "其中:有限售B类普通股数量(股)"}, {"column": "UnstintedShareB", "desc": "其中:无限售B类普通股数量(股)"}, {"column": "HoldShareCSum", "desc": "持有C类普通股数量(股)"}, {"column": "HoldShareDSum", "desc": "持有D类普通股数量(股)"}, {"column": "HoldOtherComShareSum", "desc": "持有其他类普通股数量(股)1"}, {"column": "HoldChangeType", "desc": "持股变动类型"}, {"column": "PrefShareWithVotRight", "desc": "有投票权的优先股数量(股)"}, {"column": "VotingRightsVol", "desc": "表决权总数(票)"}, {"column": "VotingRightsRatio", "desc": "表决权比例(%)"}, {"column": "SpecialVotingRightsVol", "desc": "特别表决权数量(票)"}, {"column": "PCTOfNRShares", "desc": "占无限售股份比例(%)"}, {"column": "RefinanceLoanShare", "desc": "No description available"}]}]

请选择column，务必遵循输出的格式要求。

>>>>> Agent【Check_db_structure.columns_selector】 Said:
【分析】
用户询问的是2019年美年健康发生的股权质押中，质押比例最大的一笔的具体信息，包括质押股东、接受质押方、质押股数及占总股本的比例。

【当前的表之间相互关联的字段】
- astockshareholderdb.lc_sharefp.CompanyCode 与 astockbasicinfodb.lc_balancesheetall.CompanyCode 关联
- astockshareholderdb.lc_sharefp.CompanyCode 与 astockshareholderdb.lc_sharestru.CompanyCode 关联
- astockshareholderdb.lc_sharefp.CompanyCode 与 astockshareholderdb.lc_mainshlistnew.CompanyCode 关联

【信息所在字段】
- astockshareholderdb.lc_sharefp.FPSHName: 股权被冻结质押股东名称，对应用户提问中的股东名称
- astockshareholderdb.lc_sharefp.ReceiverName: 接受股权质押方，对应用户提问中的接受质押方
- astockshareholderdb.lc_sharefp.InvolvedSum: 涉及股数(股)，对应用户提问中的质押股数
- astockshareholderdb.lc_sharefp.PCTOfTotalShares: 占总股本比例，对应用户提问中的占总股本比例

【筛选条件所在字段】
- astockshareholderdb.lc_sharefp.InfoPublDate: 信息发布日期，用于筛选2019年的数据
- astockshareholderdb.lc_sharefp.TypeSelect: 类别选择，用于筛选股权质押类型
- astockbasicinfodb.lc_balancesheetall.InfoPublDate: 年度报告的时间条件，用于确认公司信息

【选中的字段的清单】
```json
{
  "astockshareholderdb.lc_sharefp": ["CompanyCode", "InfoPublDate", "TypeSelect", "FPSHName", "ReceiverName", "InvolvedSum", "PCTOfTotalShares"],
  "astockbasicinfodb.lc_balancesheetall": ["CompanyCode", "InfoPublDate"],
  "astockshareholderdb.lc_sharestru": ["CompanyCode", "TotalShares"],
  "astockshareholderdb.lc_mainshlistnew": ["CompanyCode", "SHList", "PCTOfTotalShares"]
}
```


>>>>> 【user】 Said:
在2019年，美年健康发生的股权质押中，质押比例最大的一笔是哪个股东质押给了谁？该笔质押的股数和占总股本的比例分别是多少，请保留4位小数？

>>>>> Agent【Sql_query.master】 Said:
【已知信息】
- 美年健康的相关信息：
  - 数据表：constantdb.secumain
  - InnerCode(证券内部编码)：3151
  - CompanyCode(公司代码)：2730
  - ChiName(中文名称)：美年大健康产业控股股份有限公司
  - SecuCode(证券代码)：002044
  - ChiNameAbbr(中文名称缩写)：美年健康

【当前阶段要获取的信息】
- 2019年美年健康发生的股权质押中，质押比例最大的一笔的股东名称和接受质押方名称
- 该笔质押的股数和占总股本的比例

【信息所在字段】
- 股东名称：FPSHName（astockshareholderdb.lc_sharefp）
- 接受质押方名称：ReceiverName（astockshareholderdb.lc_sharefp）
- 质押股数：InvolvedSum（astockshareholderdb.lc_sharefp）
- 占总股本比例：PCTOfTotalShares（astockshareholderdb.lc_sharefp）

【筛选条件所在字段】
- 公司代码：CompanyCode（astockshareholderdb.lc_sharefp）
- 信息发布日期：InfoPublDate（astockshareholderdb.lc_sharefp）
- 类别选择：TypeSelect（astockshareholderdb.lc_sharefp）

【SQL语句的思路】
1. 从astockshareholderdb.lc_sharefp表中筛选出2019年美年健康的股权质押记录。
2. 按照质押比例（PCTOfTotalShares）降序排列，选取质押比例最大的一笔记录。
3. 获取该记录的股东名称（FPSHName）、接受质押方名称（ReceiverName）、质押股数（InvolvedSum）和占总股本的比例（PCTOfTotalShares）。

【执行SQL语句】
```exec_sql
SELECT 
    FPSHName, 
    ReceiverName, 
    InvolvedSum, 
    ROUND(PCTOfTotalShares, 4) AS PCTOfTotalShares
FROM 
    astockshareholderdb.lc_sharefp
WHERE 
    CompanyCode = '2730' 
    AND DATE(InfoPublDate) BETWEEN '2019-01-01' AND '2019-12-31'
    AND TypeSelect = 3
ORDER BY 
    PCTOfTotalShares DESC
LIMIT 1;
```

【上述SQL语句的含义】
- 从`astockshareholderdb.lc_sharefp`表中筛选出公司代码为2730（美年健康）的记录。
- 筛选信息发布日期在2019年范围内的记录。
- 筛选类别选择为3（股权质押）的记录。
- 按照占总股本比例（PCTOfTotalShares）降序排列，选取质押比例最大的一笔记录。
- 获取该记录的股东名称、接受质押方名称、质押股数和占总股本的比例（保留4位小数）。

>>>>> 查询sql:
SELECT 
    FPSHName, 
    ReceiverName, 
    InvolvedSum, 
    ROUND(PCTOfTotalShares, 4) AS PCTOfTotalShares
FROM 
    astockshareholderdb.lc_sharefp
WHERE 
    CompanyCode = '2730' 
    AND DATE(InfoPublDate) BETWEEN '2019-01-01' AND '2019-12-31'
    AND TypeSelect = 3
ORDER BY 
    PCTOfTotalShares DESC
LIMIT 1;
查询结果:
[{"FPSHName": "上海美馨投资管理有限公司", "ReceiverName": "中信证券股份有限公司", "InvolvedSum": 63815586.0, "PCTOfTotalShares": 0.0163}]


>>>>> 【user】 Said:
查询SQL:
SELECT 
    FPSHName, 
    ReceiverName, 
    InvolvedSum, 
    ROUND(PCTOfTotalShares, 4) AS PCTOfTotalShares
FROM 
    astockshareholderdb.lc_sharefp
WHERE 
    CompanyCode = '2730' 
    AND DATE(InfoPublDate) BETWEEN '2019-01-01' AND '2019-12-31'
    AND TypeSelect = 3
ORDER BY 
    PCTOfTotalShares DESC
LIMIT 1;
查询结果:
[{"FPSHName": "上海美馨投资管理有限公司", "ReceiverName": "中信证券股份有限公司", "InvolvedSum": 63815586.0, "PCTOfTotalShares": 0.0163}]

请理解查询结果

>>>>> Agent【Sql_query.understand_query_result】 Said:
查询结果表明: 在2019年1月1日至2019年12月31日期间，公司代码为2730的上市公司中，股权质押类别为3（股权质押）的记录中，股权被质押的股东名称为上海美馨投资管理有限公司，接受股权质押的方为中信证券股份有限公司，涉及的股数为63815586股，占总股本的比例为0.0163，这是按占总股本比例从高到低排序后的第一条记录。


>>>>> 【user】 Said:
查询SQL:
SELECT 
    FPSHName, 
    ReceiverName, 
    InvolvedSum, 
    ROUND(PCTOfTotalShares, 4) AS PCTOfTotalShares
FROM 
    astockshareholderdb.lc_sharefp
WHERE 
    CompanyCode = '2730' 
    AND DATE(InfoPublDate) BETWEEN '2019-01-01' AND '2019-12-31'
    AND TypeSelect = 3
ORDER BY 
    PCTOfTotalShares DESC
LIMIT 1;
查询结果:
[{"FPSHName": "上海美馨投资管理有限公司", "ReceiverName": "中信证券股份有限公司", "InvolvedSum": 63815586.0, "PCTOfTotalShares": 0.0163}]

查询结果表明: 在2019年1月1日至2019年12月31日期间，公司代码为2730的上市公司中，股权质押类别为3（股权质押）的记录中，股权被质押的股东名称为上海美馨投资管理有限公司，接受股权质押的方为中信证券股份有限公司，涉及的股数为63815586股，占总股本的比例为0.0163，这是按占总股本比例从高到低排序后的第一条记录。

请检查筛选条件是否存在问题，比如时间日期字段没有用DATE()或YEAR()格式化？当然，如果没问题，那么就根据结果考虑下一步；那么当前掌握的信息是否能够回答"在2019年，美年健康发生的股权质押中，质押比例最大的一笔是哪个股东质押给了谁？该笔质押的股数和占总股本的比例分别是多少，请保留4位小数？"？还是要继续执行下一阶段SQL查询？

>>>>> Agent【Sql_query.master】 Said:
【已知信息】
- 查询结果：
  - 股东名称：上海美馨投资管理有限公司
  - 接受质押方名称：中信证券股份有限公司
  - 质押股数：63815586股
  - 占总股本比例：0.0163

【当前阶段要获取的信息】
- 已通过查询结果获取到所需信息，无需继续执行SQL查询。

【信息所在字段】
- 无需继续执行SQL查询。

【筛选条件所在字段】
- 无需继续执行SQL查询。

【SQL语句的思路】
- 无需继续执行SQL查询。

【执行SQL语句】
```exec_sql
无
```

【上述SQL语句的含义】
- 无需继续执行SQL查询。

### 结论
当前掌握的信息已经能够回答“在2019年，美年健康发生的股权质押中，质押比例最大的一笔是哪个股东质押给了谁？该笔质押的股数和占总股本的比例分别是多少，请保留4位小数？”的问题。

**回答如下：**
在2019年，美年健康发生的股权质押中，质押比例最大的一笔是上海美馨投资管理有限公司质押给了中信证券股份有限公司。该笔质押的股数为63815586股，占总股本的比例为0.0163。


>>>>> 【user】 Said:
充分尊重前面给出的结论，回答问题:"在2019年，美年健康发生的股权质押中，质押比例最大的一笔是哪个股东质押给了谁？该笔质押的股数和占总股本的比例分别是多少，请保留4位小数？"

>>>>> Agent【Sql_query.summary】 Said:
股东: 上海美馨投资管理有限公司, 接受质押方: 中信证券股份有限公司, 质押股数: 63815586, 占总股本比例: 0.0163
