
>>>>> Original Question: 淮北矿业2021年底的员工总数是多少？其中技术人员占比是多少？（保留2位小数）


>>>>> 【user】 Said:
提取下面这段文字中的实体（如公司名、股票代码、拼音缩写等），如果识别结果是空，那么就回复No Entities."淮北矿业2021年底的员工总数是多少？其中技术人员占比是多少？（保留2位小数）"

>>>>> Agent【extract_company】 Said:
```json
["淮北矿业"]
```

>>>>> 查询sql:
SELECT 'constantdb.secumain' AS TableName, InnerCode, CompanyCode,
    ChiName, EngName, SecuCode, ChiNameAbbr, EngNameAbbr, SecuAbbr, ChiSpelling
FROM constantdb.secumain 
WHERE SecuCode = '淮北矿业'
   OR ChiName LIKE '%淮北矿业%'
   OR ChiNameAbbr LIKE '%淮北矿业%'
   OR EngName LIKE '%淮北矿业%'
   OR EngNameAbbr LIKE '%淮北矿业%'
   OR SecuAbbr LIKE '%淮北矿业%'
   OR ChiSpelling LIKE '%淮北矿业%'
UNION ALL
SELECT 'constantdb.hk_secumain' AS TableName, InnerCode, CompanyCode,
ChiName, EngName, SecuCode, ChiNameAbbr, EngNameAbbr, SecuAbbr, ChiSpelling
FROM constantdb.hk_secumain 
WHERE SecuCode = '淮北矿业'
   OR ChiName LIKE '%淮北矿业%'
   OR ChiNameAbbr LIKE '%淮北矿业%'
   OR EngName LIKE '%淮北矿业%'
   OR EngNameAbbr LIKE '%淮北矿业%'
   OR SecuAbbr LIKE '%淮北矿业%'
   OR FormerName LIKE '%淮北矿业%'
   OR ChiSpelling LIKE '%淮北矿业%'
UNION ALL
SELECT 'constantdb.us_secumain' AS TableName, InnerCode, CompanyCode,
ChiName, EngName, SecuCode, null as ChiNameAbbr, null as EngNameAbbr, SecuAbbr, ChiSpelling
FROM constantdb.us_secumain 
WHERE SecuCode = '淮北矿业'
   OR ChiName LIKE '%淮北矿业%'
   OR EngName LIKE '%淮北矿业%'
   OR SecuAbbr LIKE '%淮北矿业%'
   OR ChiSpelling LIKE '%淮北矿业%';
查询结果:
[{"TableName": "constantdb.secumain", "InnerCode": 2169, "CompanyCode": 1842, "ChiName": "淮北矿业控股股份有限公司", "EngName": "Huaibei Mining Holdings Co.,Ltd.", "SecuCode": "600985", "ChiNameAbbr": "淮北矿业", "EngNameAbbr": "hbky", "SecuAbbr": "淮北矿业", "ChiSpelling": "HBKY"}]


>>>>> 【user】 Said:
历史问答:无。
现在用户继续提问，请根据已知信息，理解当前这个问题的完整含义，并重写这个问题使得单独拿出来看仍然能够正确理解：淮北矿业2021年底的员工总数是多少？其中技术人员占比是多少？（保留2位小数）

>>>>> Agent【rewrite_question】 Said:
淮北矿业在2021年底的员工总数是多少？其中技术人员的占比是多少？（请保留2位小数）

>>>>> 已知事实:
淮北矿业的关联信息有:[所在数据表是constantdb.secumain;InnerCode(证券内部编码)是2169;CompanyCode(公司代码)是1842;ChiName(中文名称)是淮北矿业控股股份有限公司;EngName(英文名称)是Huaibei Mining Holdings Co.,Ltd.;SecuCode(证券代码)是600985;ChiNameAbbr(中文名称缩写)是淮北矿业;EngNameAbbr(英文名称缩写)是hbky;SecuAbbr(证券简称)是淮北矿业;ChiSpelling(拼音证券简称)是HBKY;]

>>>>> 【user】 Said:
请选择db，务必遵循输出的格式要求。

>>>>> Agent【Check_db_structure.db_selector】 Said:
【分析】
用户询问的是淮北矿业在2021年底的员工总数以及技术人员占比。这涉及到公司的员工构成数据。根据知识库，`astockoperationsdb`数据库中的`lc_staff`表记录了公司员工的分类与统计信息，包括员工数量和占比等数据。

【选中的数据库】
- astockoperationsdb: 这个数据库包含公司员工构成的数据，可以获取到淮北矿业在2021年底的员工总数及技术人员占比。

【选中的数据库的清单】
```json
["astockoperationsdb"]
```


>>>>> 【user】 Said:
数据库表信息如下:
[{"表名": "astockoperationsdb.lc_suppcustdetail", "说明": "该数据表记录了企业关联交易的详细信息，包含信息发布的时间和来源（如信息发布日期、信息来源及其编码），企业及关联方的基本信息（如公司代码、关联企业名称、供应商/客户代码与属性等），交易相关信息（如交易标的名称与代码、交易金额及占比等），以及其他辅助信息（如截止日期、关系所属类型、序号及备注等）。"}, {"表名": "astockoperationsdb.lc_staff", "说明": "该数据表包含与公司和员工分类相关的信息，字段包括公司代码、信息来源、合并标志等基本信息，日期和信息发布日期等时间信息，分类方式、类别名称及分类代码等分类相关内容，最低年龄、最高年龄及员工数量等员工统计数据，以及占总数比例等比例信息，最后还有备注说明字段用于补充说明。"}, {"表名": "astockoperationsdb.lc_rewardstat", "说明": "该数据表主要记录公司管理层及董事津贴与报酬相关信息，包括公司标识信息如公司代码、信息发布日期和来源；日期信息如截止日期；报酬信息如管理层报酬总额、领取报酬的管理层人数、前三名董事及高管的报酬、独立董事津贴（按人及总额）；以及其他补充说明字段如备注说明等。"}]

请选择table，务必遵循输出的格式要求。

>>>>> Agent【Check_db_structure.table_selector】 Said:
【分析】
要查询淮北矿业在2021年底的员工总数以及技术人员的占比，我们需要找到包含员工数量和分类信息的表。根据已知信息，`astockoperationsdb.lc_staff` 表包含了与公司和员工分类相关的信息，包括员工数量和占总数比例等数据。

【选中的数据表】
- astockoperationsdb.lc_staff: 这个数据表包含公司代码、员工数量、分类方式、类别名称及占总数比例等信息，可以用来查询淮北矿业在2021年底的员工总数以及技术人员的占比。

【选中的数据库表的清单】
```json
["astockoperationsdb.lc_staff"]
```


>>>>> 【user】 Said:
已取得可用的数据表的字段信息如下:
[{"表名": "astockoperationsdb.lc_staff", "表字段": [{"column": "CompanyCode", "desc": "公司代码"}, {"column": "EndDate", "desc": "日期"}, {"column": "InfoSource", "desc": "信息来源"}, {"column": "MergeMark", "desc": "合并标志；，令LB = 1189 AND DM IN (1,2)，得到合并标志的具体描述：1-合并，2-母公司。"}, {"column": "ClassfiedMethod", "desc": "分类方式；，令LB = 1050 AND DM IN (1000,3000,5000,7000,9000,9300,9800,9900)，得到分类方式的具体描述：1000-技术职称，3000-专业构成，5000-教育程度，7000-年龄结构，9000-职工总数，9300-离退人数，9800-其他分类，9900-未分类人员。"}, {"column": "TypeName", "desc": "类别名称"}, {"column": "YoungestAge", "desc": "最低年龄"}, {"column": "OldestAge", "desc": "最高年龄"}, {"column": "EmployeeSum", "desc": "员工数量"}, {"column": "RatioInSum", "desc": "占总数比例"}, {"column": "Statement", "desc": "备注说明"}, {"column": "TypeCode", "desc": "分类代码；(系统常量表)，LB=1050。 当分类方式=1000-技术职称，则项目代码的具体描述：1012-高级职称及以上,1014-副高级职称及以上,1016-中级职称及以上,1018-初级职称及以上,1099-其他职称分类。当分类方式=3000-专业构成，则项目代码的具体描述：3010-行政管理人员，3013-管理人员，3015-行政人员，3030-业务人员，3031-生产人员，3032-采购人员，3033-市场人员，3034-销售人员，3035-技术人员，3036-仓储物流，3037-研发人员，3050-财务人员，3060-客服人员，3070-风控稽核，3090-综合分类人员，3099-其他岗位人员；其中（3032、3034、3036、3060与3070均为2018年新增分类，不建议与历史对比）。当分类方式=5000-教育程度，则项目代码的具体描述：5005-博士后，5010-博士，5015-硕士，5020-本科，5025-大专，5030-高中中专，5050-初中，5060-小学，5099-其他学历。当分类方式=7000-年龄结构时，则项目代码的具体描述：7099-平均年龄。"}, {"column": "InfoPublDate", "desc": "信息发布日期"}]}]

请选择column，务必遵循输出的格式要求。

>>>>> Agent【Check_db_structure.columns_selector】 Said:
【分析】
用户询问淮北矿业在2021年底的员工总数以及技术人员的占比。需要找到相关的字段来获取员工总数和技术人员的数量及占比。

【信息所在字段】
- astockoperationsdb.lc_staff.EmployeeSum: 这个字段可能包含员工总数信息，对应用户提问中的员工总数
- astockoperationsdb.lc_staff.RatioInSum: 这个字段可能包含各类员工占总数的比例信息，对应用户提问中的技术人员占比
- astockoperationsdb.lc_staff.TypeCode: 这个字段可能包含员工分类代码信息，用于识别技术人员

【筛选条件所在字段】
- astockoperationsdb.lc_staff.CompanyCode: 这个字段可能包含公司代码信息，用于筛选淮北矿业
- astockoperationsdb.lc_staff.EndDate: 这个字段可能包含日期信息，用于筛选2021年底
- astockoperationsdb.lc_staff.ClassfiedMethod: 这个字段可能包含分类方式信息，用于筛选员工总数和技术人员分类

【选中的字段的清单】
```json
{"astockoperationsdb.lc_staff": ["CompanyCode", "EndDate", "ClassfiedMethod", "EmployeeSum", "RatioInSum", "TypeCode"]}
```


>>>>> 【user】 Said:
淮北矿业在2021年底的员工总数是多少？其中技术人员的占比是多少？（请保留2位小数）

>>>>> Agent【Sql_query.master】 Said:
【已知信息】
- 淮北矿业的关联信息：
  - 所在数据表：constantdb.secumain
  - InnerCode(证券内部编码)：2169
  - CompanyCode(公司代码)：1842
  - ChiName(中文名称)：淮北矿业控股股份有限公司
  - SecuCode(证券代码)：600985

【当前阶段要获取的信息】
- 2021年底的员工总数
- 技术人员的占比

【信息所在字段】
- 员工总数：astockoperationsdb.lc_staff.EmployeeSum
- 技术人员占比：astockoperationsdb.lc_staff.RatioInSum

【筛选条件所在字段】
- 公司代码：astockoperationsdb.lc_staff.CompanyCode
- 日期：astockoperationsdb.lc_staff.EndDate
- 分类方式：astockoperationsdb.lc_staff.ClassfiedMethod
- 分类代码：astockoperationsdb.lc_staff.TypeCode

【SQL语句的思路】
1. 首先，查询2021年底淮北矿业的员工总数。
2. 其次，查询2021年底淮北矿业技术人员的占比。
3. 使用`DATE()`函数对日期进行格式化，确保筛选2021年底的数据。
4. 使用`ROUND()`函数保留技术人员占比的2位小数。

【执行SQL语句】
```exec_sql
-- 查询2021年底淮北矿业的员工总数
SELECT EmployeeSum 
FROM astockoperationsdb.lc_staff 
WHERE CompanyCode = 1842 
  AND DATE(EndDate) = '2021-12-31' 
  AND ClassfiedMethod = 9000;

-- 查询2021年底淮北矿业技术人员的占比
SELECT ROUND(RatioInSum, 2) AS TechnicianRatio 
FROM astockoperationsdb.lc_staff 
WHERE CompanyCode = 1842 
  AND DATE(EndDate) = '2021-12-31' 
  AND ClassfiedMethod = 3000 
  AND TypeCode = 3035;
```

【上述SQL语句的含义】
- 第一条SQL语句用于查询淮北矿业在2021年底的员工总数。
- 第二条SQL语句用于查询淮北矿业在2021年底技术人员的占比，并保留2位小数。


>>>>> 【user】 Said:
淮北矿业在2021年底的员工总数是多少？其中技术人员的占比是多少？（请保留2位小数）

一次仅允许给出一组待执行的SQL写到代码块```exec_sql ```中

>>>>> Agent【Sql_query.master】 Said:
【已知信息】
- 淮北矿业的关联信息：所在数据表是constantdb.secumain；InnerCode(证券内部编码)是2169；CompanyCode(公司代码)是1842。

【当前阶段要获取的信息】
- 2021年底的员工总数
- 技术人员的占比

【信息所在字段】
- 员工总数：astockoperationsdb.lc_staff表的EmployeeSum字段
- 技术人员占比：astockoperationsdb.lc_staff表的RatioInSum字段

【筛选条件所在字段】
- 公司代码：astockoperationsdb.lc_staff表的CompanyCode字段
- 日期：astockoperationsdb.lc_staff表的EndDate字段
- 分类方式：astockoperationsdb.lc_staff表的ClassfiedMethod字段
- 分类代码：astockoperationsdb.lc_staff表的TypeCode字段

【SQL语句的思路】
1. 首先查询2021年底淮北矿业的员工总数。
2. 然后查询2021年底淮北矿业技术人员的占比。
3. 使用DATE()函数对EndDate字段进行格式化，确保时间筛选准确。

【执行SQL语句】
```exec_sql
SELECT 
    SUM(EmployeeSum) AS TotalEmployees,
    SUM(CASE WHEN TypeCode = '3035' THEN EmployeeSum ELSE 0 END) / SUM(EmployeeSum) * 100 AS TechEmployeeRatio
FROM 
    astockoperationsdb.lc_staff
WHERE 
    CompanyCode = 1842 
    AND DATE(EndDate) = '2021-12-31' 
    AND ClassfiedMethod = 3000
```

【上述SQL语句的含义】
- 从astockoperationsdb.lc_staff表中筛选出公司代码为1842，日期为2021年12月31日，分类方式为专业构成（3000）的记录。
- 计算总员工数（TotalEmployees）。
- 计算技术人员的占比（TechEmployeeRatio），其中TypeCode为3035代表技术人员。
- 结果保留2位小数。

>>>>> 查询sql:
SELECT 
    SUM(EmployeeSum) AS TotalEmployees,
    SUM(CASE WHEN TypeCode = '3035' THEN EmployeeSum ELSE 0 END) / SUM(EmployeeSum) * 100 AS TechEmployeeRatio
FROM 
    astockoperationsdb.lc_staff
WHERE 
    CompanyCode = 1842 
    AND DATE(EndDate) = '2021-12-31' 
    AND ClassfiedMethod = 3000;
查询结果:
[{"TotalEmployees": 48173, "TechEmployeeRatio": 5.3163}]


>>>>> 【user】 Said:
查询SQL:
SELECT 
    SUM(EmployeeSum) AS TotalEmployees,
    SUM(CASE WHEN TypeCode = '3035' THEN EmployeeSum ELSE 0 END) / SUM(EmployeeSum) * 100 AS TechEmployeeRatio
FROM 
    astockoperationsdb.lc_staff
WHERE 
    CompanyCode = 1842 
    AND DATE(EndDate) = '2021-12-31' 
    AND ClassfiedMethod = 3000;
查询结果:
[{"TotalEmployees": 48173, "TechEmployeeRatio": 5.3163}]

请理解查询结果

>>>>> Agent【Sql_query.understand_query_result】 Said:
查询结果表明: 在公司代码为1842的记录中，截至2021年12月31日，按照专业构成（ClassfiedMethod = 3000）分类的员工总数为48173人，其中技术人员（TypeCode = '3035'）占总员工数的比例为5.3163%。


>>>>> 【user】 Said:
查询SQL:
SELECT 
    SUM(EmployeeSum) AS TotalEmployees,
    SUM(CASE WHEN TypeCode = '3035' THEN EmployeeSum ELSE 0 END) / SUM(EmployeeSum) * 100 AS TechEmployeeRatio
FROM 
    astockoperationsdb.lc_staff
WHERE 
    CompanyCode = 1842 
    AND DATE(EndDate) = '2021-12-31' 
    AND ClassfiedMethod = 3000;
查询结果:
[{"TotalEmployees": 48173, "TechEmployeeRatio": 5.3163}]

查询结果表明: 在公司代码为1842的记录中，截至2021年12月31日，按照专业构成（ClassfiedMethod = 3000）分类的员工总数为48173人，其中技术人员（TypeCode = '3035'）占总员工数的比例为5.3163%。

当前掌握的信息是否能够回答"淮北矿业在2021年底的员工总数是多少？其中技术人员的占比是多少？（请保留2位小数）"？还是要继续执行下一阶段SQL查询？

>>>>> Agent【Sql_query.master】 Said:
【已知信息】
- 淮北矿业的员工总数为48173人。
- 技术人员的占比为5.3163%。

【当前阶段要获取的信息】
无

【信息所在字段】
无

【筛选条件所在字段】
无

【SQL语句的思路】
无

【执行SQL语句】
无

【上述SQL语句的含义】
无

当前掌握的信息已经能够回答“淮北矿业在2021年底的员工总数是多少？其中技术人员的占比是多少？（请保留2位小数）”。

**回答**：
- 淮北矿业在2021年底的员工总数为48173人。
- 其中技术人员的占比为5.32%（保留2位小数）。


>>>>> 【user】 Said:
充分尊重前面给出的结论，回答问题:"淮北矿业在2021年底的员工总数是多少？其中技术人员的占比是多少？（请保留2位小数）"

>>>>> Agent【Sql_query.summary】 Said:
员工总数: 48173, 技术人员占比: 5.32%
