
>>>>> Original Question: 滨江集团在2019年发生的股权质押中，质押比例最大的一笔是哪个股东质押给了谁？质押股数和占总股本比例是多少？


>>>>> 【user】 Said:
历史问答:无。
现在用户继续提问，请根据已知信息，理解当前这个问题的完整含义，并重写这个问题使得单独拿出来看仍然能够正确理解：滨江集团在2019年发生的股权质押中，质押比例最大的一笔是哪个股东质押给了谁？质押股数和占总股本比例是多少？

>>>>> Agent【rewrite_question】 Said:
在2019年滨江集团发生的股权质押事件中，质押比例最大的一笔是由哪位股东质押给了哪个受让方？该笔质押的股数是多少，并且占总股本的比例是多少？


>>>>> 【user】 Said:
提取下面这段文字里的实体，如公司名、股票代码等，如果识别结果是空，那么就回复No Entities."在2019年滨江集团发生的股权质押事件中，质押比例最大的一笔是由哪位股东质押给了哪个受让方？该笔质押的股数是多少，并且占总股本的比例是多少？"

>>>>> Agent【extract_company】 Said:
```json
["滨江集团"]
```

>>>>> 查询sql:
SELECT 'constantdb.secumain' AS TableName, InnerCode, CompanyCode, ChiName, EngName, SecuCode
FROM constantdb.secumain 
WHERE SecuCode = '滨江集团'
   OR ChiName LIKE '%滨江集团%'
   OR ChiNameAbbr LIKE '%滨江集团%'
   OR EngName LIKE '%滨江集团%'
   OR EngNameAbbr LIKE '%滨江集团%'
   OR SecuAbbr LIKE '%滨江集团%'
UNION ALL
SELECT 'constantdb.hk_secumain' AS TableName, InnerCode, CompanyCode, ChiName, EngName, SecuCode
FROM constantdb.hk_secumain 
WHERE SecuCode = '%滨江集团%'
   OR ChiName LIKE '%滨江集团%'
   OR ChiNameAbbr LIKE '%滨江集团%'
   OR EngName LIKE '%滨江集团%'
   OR EngNameAbbr LIKE '%滨江集团%'
   OR SecuAbbr LIKE '%滨江集团%'
   OR FormerName LIKE '%滨江集团%'
UNION ALL
SELECT 'constantdb.us_secumain' AS TableName, InnerCode, CompanyCode, ChiName, EngName, SecuCode
FROM constantdb.us_secumain 
WHERE SecuCode = '滨江集团'
   OR ChiName LIKE '%滨江集团%'
   OR EngName LIKE '%滨江集团%'
   OR SecuAbbr LIKE '%滨江集团%';
查询结果:
[{"TableName": "constantdb.secumain", "InnerCode": 6732, "CompanyCode": 74647, "ChiName": "杭州滨江房产集团股份有限公司", "EngName": "Hangzhou Binjiang Real Estate Group Co., Ltd.", "SecuCode": "002244"}]

>>>>> 已知事实:
滨江集团的关联信息有:[所在数据表是constantdb.secumain;InnerCode(证券内部编码)是6732;CompanyCode(公司代码)是74647;ChiName(中文名称)是杭州滨江房产集团股份有限公司;EngName(英文名称)是Hangzhou Binjiang Real Estate Group Co., Ltd.;SecuCode(证券代码)是002244;]

>>>>> 【user】 Said:
请选择db，务必遵循输出的格式要求。

>>>>> Agent【Check_db_structure.db_selector】 Said:
【分析】
用户询问的是2019年滨江集团发生的股权质押事件的具体细节，包括质押比例最大的一笔的股东、受让方、质押股数及占总股本的比例。这涉及到上市公司的股权质押信息，通常这类信息会记录在股东与股本相关的数据库中。

【选中的数据库】
- astockshareholderdb: 这个数据库记录了上市公司股东、股本及公司治理相关的详细信息，包括股权质押事件的具体数据。

【选中的数据库的清单】
```json
["astockshareholderdb"]
```


>>>>> 【user】 Said:
数据库表信息如下:
[{"表名": "astockshareholderdb.lc_shtypeclassifi", "说明": "该数据表主要用于记录股东及其分类信息，包含股东的唯一标识信息如股东代码和股东编码，股东名称及其所属性质等基本信息，同时提供多级分类结构，涵盖分类标准及一级至四级分类代码，便于对股东进行分层管理和分析。"}, {"表名": "astockshareholderdb.lc_mainshlistnew", "说明": "该数据表主要记录了股东及其持股情况的详细信息，包括公司代码、日期、信息发布日期和来源等基本信息。股东相关信息涵盖股东排名、序号、名称、性质、类别及其编码等。持股信息详细列出了持股总数、持股比例、持股增减情况，以及持有不同类型股票（如A股、B股、H股、普通股及其他类别）的数量和比例。此外，还包括股东性质描述、股权质押和冻结情况及其说明，股东之间的关联关系和一致行动人说明等。证券相关信息有证券代码、简称、所属券商编号及归属机构名称等。备注说明和其他字段提供了进一步的补充信息。"}, {"表名": "astockshareholderdb.lc_shnumber", "说明": "该数据表主要涵盖了公司股东信息的各类数据，包括公司代码、信息发布日期和信息来源等基本信息。股东数据详细记录了股东总户数及各类股东（如A股、B股、H股、CDR股东）的户数和户均持股数，提供了户均持股比例及其相对变化，季度和半年增长率等动态指标。此外，表中还细分了无限售条件股东的数据，包括无限售A股和CDR的户均持股数及比例变化等。通过这些数据，能够分析不同类型股东的持股分布及其变化趋势。"}, {"表名": "astockshareholderdb.lc_mshareholder", "说明": "该数据表主要用于记录公司股东相关信息及公司基本情况，包含以下几类字段信息：公司基本信息如公司代码、信息发布日期、信息来源等；股东相关信息如股东名称、股东地位、持股比例、股东性质、股东ID、国籍描述、永久境外居留权等；公司运营及财务信息如法人代表、注册资本、主要业务、经济性质、背景介绍等；其他信息如股权获取方式、实际控制人结构图、公告类别、报告原文文件格式、日期以及货币单位等，并提供是否存在的标识字段以便于数据筛选和分析。"}, {"表名": "astockshareholderdb.lc_actualcontroller", "说明": "该数据表主要用于记录公司实际控制人的相关信息，包括公司代码、信息发布日期和日期等基本信息；实际控制人的详细信息如代码、姓名、经济性质、国籍代码及描述、永久境外居留权状态，以及实际控制人所属性质等。"}, {"表名": "astockshareholderdb.lc_sharestru", "说明": "该数据表主要记录了公司股本结构及相关信息，包含以下几类字段：公司基本信息如公司代码(CompanyCode)、信息来源(InfoSource)、信息发布日期(InfoPublDate)；时间相关字段如日期(EndDate)；股本总量及变动情况如总股本(股)(TotalShares)、股本变动原因类别(ChangeType)、简称变更原因(ChangeReason)；股权分类及持股情况包括未流通股(NonListedShares)、流通股本(FloatShare)、有限售条件流通股(RestrictedShares)、无限售条件流通股(NonRestrictedShares)、A股(Ashares)、B股(Bshares)、H股(Hshares)、GDR代表基础股票(GDRshares)、外资持股(ForeignHolding)等，进一步细分为发起人股(PromoterShares)、国家股(StateShares)、法人股(DLegalPersonShares、FLegalPersonShares)、自然人股(NaturalPersonHoldLPShares)、职工股(StaffShares)、战略投资者配售持股(StategicInvestorShares)、基金配售持股(MutualFundShares)等；股本流通状态如已上市流通股(AFloatListed)、未上市增发股(AdditionIssueUnlisted)、配股未上市(RightsIssueUnlisted)等；其他股本信息如优先股(PreferredShares)、有限售H股(RestrictedHShares)、无限售H股(NonRestrictedHShares)、其他未流通股(OUnListedShares)；股本面值及货币单位如每股面值(PerValue)、每股面值货币单位(ParValueCurrencyUnit)。通过这些字段，能够全面反映公司股本的构成、流通及变动情况。"}, {"表名": "astockshareholderdb.lc_stockholdingst", "说明": "该数据表主要用于记录各类机构及股东对A股的持股情况及相关统计信息，包含以下几类字段：基础信息如证券内部编码、公司代码、统计日期等；持股数量信息，包括机构、公募基金、券商、私募基金、银行、外资等不同主体持有的无限售流通A股、总A股及其他类型A股的数量；持股比例信息，涵盖上述主体对不同类型A股的持股比例；持股户数信息，记录各类机构及股东的持股户数，包括流通A股户数、无限售流通A股户数等；前十大股东信息，如前十大股东持股数量及比例、无限售股东持股数据等；信息来源及日期字段，用于标注数据出处和时间。"}, {"表名": "astockshareholderdb.lc_sharetransfer", "说明": "该数据表主要记录股权转让的详细信息，涵盖了公司基本信息如公司代码、信息发布日期、信息来源等；股权转让的关键时间点如协议签署日、批准日期、正式变动日期等；转让方和受让方的相关信息，包括名称、经济性质、属性、编码等；股权转让前后的持股情况，如持股数量、持股比例、有限售股数、无限售股数等；交易相关信息如转让方式、涉及股数、交易价格、交易金额等；其他补充信息如生效条件、事项描述与进展、是否终止实施及公告日期等；以及序号、证券内部编码等标识信息。"}, {"表名": "astockshareholderdb.lc_sharefp", "说明": "该数据表记录了公司股权冻结质押的详细信息，包含公司代码、信息发布日期和来源等基本信息，以及涉及的股东和接受方的详细信息，如股东名称和ID、接受方名称和ID、股东和接受方的属性等。表中还包括冻结质押的具体细节，如涉及股数、占持股比例、占总股本比例、起始和结束日期、原因及事项编码和日期。此外，表格记录了无限售股数、有限售股数，以及初始信息发布日期、初始质押股数和预计解除日期等信息。"}, {"表名": "astockshareholderdb.lc_sharefpsta", "说明": "该数据表主要用于记录股权冻结质押的相关信息，包含以下字段：标识信息如冻结质押编号(FPCode)、公司代码(CompanyCode)和股东ID(SHID)；时间信息如截止日期(EndDate)；信息来源(InfoSource)；类别选择(Category)；股东信息如股权被冻结质押股东名称(FPSHName)及其属性(SHAttribute)；冻结质押相关统计数据如累计冻结质押股数(AccuFPShares)、累计占冻结质押方持股数比例(AccuPCTOfPled)、累计占总股本比例(AccuProportion)及其计算值(AccuProportionCalc)；其他辅助字段如AccuFPSharesCalc。"}, {"表名": "astockshareholderdb.lc_buyback", "说明": "该数据表记录了公司股份回购的详细信息，包括公司基本信息如公司代码，以及重要日期信息如首次信息发布日期、预案发布日期、股东大会通过日期、回购协议签署日、回购并注销股份公告书发布日、起始日期、结束日期、全称更改日期、回购资金划出日、工商变更登记日等。股份回购的具体情况涵盖股份类别、股份被回购方、回购股数及占总股本比例、回购定价方式说明、回购价格及回购总金额、回购数量及价格上下限、拟回购资金总额上下限等。支付方式、资金来源及用途说明、回购目的、事件进程及描述、回购方式代码及描述等信息也被详细记录。此外，还包括待偿期限指数、未描述的字段如回购目的、货币单位及被否决日期等。"}, {"表名": "astockshareholderdb.lc_buybackattach", "说明": "该数据表记录了有关股份回购的信息，包含回购的唯一标识（股份回购ID）及其相关的日期信息，如信息发布日期和生效日期。涉及财务数据的字段包括货币单位、最高价、最低价、本次回购资金及累计回购资金总额。此外，表中还记录了与回购数量相关的数据，如回购股数、累计回购数量及其占总股本的比例。通过这些字段，能够全面了解某次股份回购的基本信息和财务影响。"}, {"表名": "astockshareholderdb.lc_legaldistribution", "说明": "该数据表记录了证券配售的详细信息，涵盖了多方面的内容：基础信息如证券内部编码、证券代码、信息发布日期及首次发布日期等；配售相关信息包括配售总股数、配售原因、配售性质、获配股数（有锁定期和无锁定期分别记录）、获配金额、实际发行价、有效申购股数、退款金额、补款金额等；投资者信息包括投资者名称（标准化和原始）、投资者编号、投资者类型、投资者分类等，以及获配企业的名称、性质和所属券商的编号及名称；战略配售的详细记录如高管、员工、保荐机构及其他参与战略配售的股份数量、金额和占比等；此外，还包括流通日期、持股时间等时间维度信息，以及备注说明和配售对象代码等辅助字段。整体涵盖了证券配售的全流程信息，便于分析和统计。"}, {"表名": "astockshareholderdb.lc_nationalstockholdst", "说明": "该数据表主要用于记录股东持股相关信息，包含以下字段类别：基础信息如内部编码、公司代码、股东ID、股东名称；时间信息如截止日期；持股数据如持有A股总数、有限售A股数、无限售A股数；比例数据如占总股本比例、占流通A股比例；变动信息如持有A股数量增减及其增减幅度。"}, {"表名": "astockshareholderdb.cs_foreignholdingst", "说明": "该数据表记录了证券相关的交易信息，包括证券内部编码用于标识证券，交易日期表示具体的交易时间，外资持股总数（单位为万股）和外资持股比例（百分比）则反映了外资在该证券中的持股情况。"}, {"表名": "astockshareholderdb.lc_esop", "说明": "该数据表主要用于记录资产管理计划相关信息，涵盖了基础标识信息如“内部编码、公司代码”等，公告日期信息如“首次信息发布日期、董事会公告日期、股东大会公告日期”等，计划进程与实施信息如“事件进程、是否分期实施、数据统计区间、首次实施公告日”等，股票与资金规模信息如“股票来源方式、股票规模上限与下限、资金总额上限与下限”等，计划细节信息如“麦考利久期、锁定期、释放期、资金来源、参与单位及人员、管理模式、管理机构、资产管理计划全称、分期情况、杠杆比例”等，价格与参与情况信息如“购买股票价格、参与人数、高管及员工的参与人数、认购份额与比例”等，时间节点信息如“持股的完成日、锁定的起始日”等，以及其他补充说明如“计划情况说明”等，全面涵盖计划的各个维度。"}, {"表名": "astockshareholderdb.lc_esopsummary", "说明": "该数据表主要用于记录证券相关事件的信息，包括证券内部编码和公司代码等基础标识信息；首次信息发布日期、董事会公告日期、股东大会公告日期等时间信息；事件进程和序号等事件状态信息；是否分期实施及分期情况等分期相关信息；股票规模和资金总额的上下限等规模和资金范围信息；以及备注说明等补充描述信息。"}, {"表名": "astockshareholderdb.lc_transferplan", "说明": "该数据表主要记录了公司股东承诺及增减持计划的相关信息，涵盖多个方面的字段：公司基本信息如“公司代码”；信息披露相关字段如“首次信息发布日期”“信息发布日期”“信息来源”；承诺主体与事项类型信息如“承诺主体类型”“承诺事项类型”；承诺时间范围及内容描述如“承诺起始日期”“承诺截止日期”“承诺说明”；股东信息如“股东序号”“股东名称”；增持计划相关字段包括“增持时间描述”“增持实施期限”“增持价格描述”“增持股票触发价格上下限”“增持股份数量上下限”“增持比例上下限”“增持投入资金上下限”等；减持计划相关字段包括“减持时间描述”“减持实施期限”“减持价格描述”“减持股票触发价格上下限”“减持股份数量上下限”“减持比例上下限”等；承诺有效性及不减持承诺期限如“承诺是否有效”“不减持承诺期限”；交易方式及相关描述如“交易方式”“交易方式描述”；事件进程信息如“事件进程”。这些字段全面记录了公司股东承诺及增减持行为的各类细节。"}, {"表名": "astockshareholderdb.lc_smattendinfo", "说明": "该数据表记录了公司股东大会相关的综合信息，涵盖多个维度。包括公司基本信息如公司代码；股东大会的时间安排，如首次信息发布日期、最新信息发布日期、公告日期、股东大会召开日及时间、股权登记日、会议登记起止日期、网络投票起止日期等；股东大会的地点和形式信息，如召开地址、会议类别、投票表决方式、网络投票通道及代码等；股东大会的参与情况统计，包括出席总体股东及代表人数、各类股东人数（如A股、H股、中小股东、优先股股东等）、出席股东代表股份及其占比（按不同股东类别区分）；股东大会的主持及法律见证信息，包括大会主持人及其职务、见证律师事务所及其编号、经办律师等；其他相关信息如议案内容、是否有效、股东大会取消日期、年度及届次等。通过这些字段，全面反映了股东大会的组织、参与及法律合规情况。"}]

请选择table，务必遵循输出的格式要求。

>>>>> Agent【Check_db_structure.table_selector】 Said:
【分析】
要找出2019年滨江集团发生的股权质押事件中，质押比例最大的一笔，需要关注股权质押的详细信息，包括质押方、受让方、质押股数及占总股本的比例。相关数据应包含股东信息、质押详情以及公司股本结构信息。

【选中的数据表】
- astockshareholderdb.lc_sharefp: 该数据表记录了公司股权冻结质押的详细信息，包含公司代码、信息发布日期、涉及的股东和接受方的详细信息，以及质押的具体细节如涉及股数、占持股比例、占总股本比例等。
- astockshareholderdb.lc_sharestru: 该数据表记录了公司股本结构及相关信息，包含总股本等信息，用于计算质押股数占总股本的比例。

【选中的数据库表的清单】
```json
["astockshareholderdb.lc_sharefp", "astockshareholderdb.lc_sharestru"]
```


>>>>> 【user】 Said:
已取得可用的数据表的字段信息如下:
[{"表名": "astockshareholderdb.lc_sharefp", "表字段": [{"column": "CompanyCode", "desc": "公司代码；，得到上市公司的交易代码、简称等。"}, {"column": "InfoPublDate", "desc": "信息发布日期"}, {"column": "InfoSource", "desc": "信息来源"}, {"column": "TypeSelect", "desc": "类别选择；，令LB = 1201 AND DM IN (2,3,5)，得到类别选择的具体描述：2-股权冻结，3-股权质押，5-股票质押式回购。"}, {"column": "FPSHName", "desc": "股权被冻结质押股东名称"}, {"column": "ReceiverName", "desc": "接受股权质押方"}, {"column": "InvolvedSum", "desc": "涉及股数(股)"}, {"column": "PCTOfPledger", "desc": "占冻结质押方持股数比例"}, {"column": "PCTOfTotalShares", "desc": "占总股本比例"}, {"column": "FPReason", "desc": "股权冻结质押原因"}, {"column": "StartDate", "desc": "起始日期"}, {"column": "EndDate", "desc": "日期"}, {"column": "Statement", "desc": "备注说明"}, {"column": "SHSN", "desc": "股权被冻结质押股东序号"}, {"column": "SHAttribute", "desc": "股东所属性质；，令LB = 1783 AND DM IN (1,2,3,99)，得到股权被冻结质押股东所属性质的具体描述：1-自然人，2-企业，3-证券品种，99-其他。"}, {"column": "SHID", "desc": "股权被冻结质押股东ID；"}, {"column": "ReceiverAttribute", "desc": "接受股权质押方所属性质；，令LB = 1783 AND DM IN (1,2,3,99)，得到接受股权质押方所属性质的具体描述：1-自然人，2-企业，3-证券品种，99-其他。"}, {"column": "ReceiverID", "desc": "接受股权质押方ID；"}, {"column": "EventCode", "desc": "事项编码"}, {"column": "EventDate", "desc": "事项日期"}, {"column": "UnstintedTShare", "desc": "其中:无限售股数(股)"}, {"column": "RestrainedTShare", "desc": "其中:有限售股数(股)"}, {"column": "InitialInfoPublDate", "desc": "No description available"}, {"column": "InitialPledgeSum", "desc": "No description available"}, {"column": "EstimateReleaseDate", "desc": "No description available"}]}, {"表名": "astockshareholderdb.lc_sharestru", "表字段": [{"column": "CompanyCode", "desc": "公司代码；，得到上市公司的交易代码、简称等。"}, {"column": "InfoSource", "desc": "信息来源"}, {"column": "EndDate", "desc": "日期"}, {"column": "NonListedShares", "desc": "2)未流通A股(股)"}, {"column": "PromoterShares", "desc": "1.发起人股(股)"}, {"column": "StateShares", "desc": "国家股(股)"}, {"column": "DLegalPersonShares", "desc": "境内法人股(股)"}, {"column": "FLegalPersonShares", "desc": "外资法人股(股)"}, {"column": "OtherPromoterShares", "desc": "其它发起人股(股)"}, {"column": "RaisedLPShares", "desc": "2.募集法人股(股)"}, {"column": "NaturalPersonHoldLPShares", "desc": "3.自然人法人股(股)"}, {"column": "StaffShares", "desc": "4.职工股(股)"}, {"column": "RightsIssueTransferred", "desc": "5.转配股(股)"}, {"column": "PreferredAndOtherShares", "desc": "6.优先股及其他(股)"}, {"column": "PreferredShares", "desc": "其中:优先股(股)"}, {"column": "FloatShare", "desc": "流通股本(股)"}, {"column": "AFloats", "desc": "1)流通A股(股)"}, {"column": "AFloatListed", "desc": "1)已上市流通A股(包含高管股)(股)"}, {"column": "ManagementShares", "desc": "##高管股(股)"}, {"column": "StategicInvestorShares", "desc": "2)战略投资者配售持股(股)"}, {"column": "CommonLPShares", "desc": "3)一般法人配售持股(股)"}, {"column": "MutualFundShares", "desc": "4)基金配售持股(股)"}, {"column": "AdditionalIssueUnlisted", "desc": "5)增发未上市(股)"}, {"column": "RightsIssueUnlisted", "desc": "6)配股未上市(股)"}, {"column": "Bshares", "desc": "B股_旧(股)"}, {"column": "Hshares", "desc": "3.H股(股)"}, {"column": "Sshares", "desc": "1)S股(股)"}, {"column": "Nshares", "desc": "2)N股(股)"}, {"column": "OtherFloatShares", "desc": "4.海外上市股(股)"}, {"column": "TotalShares", "desc": "总股本(股)"}, {"column": "ChangeType", "desc": "股本变动原因类别；，令LB = 1022 AND DM NOT IN (43,60,101,102,105,115,116,117,118,119,121,123,127,128,129,131,132,135)，得到股本变动原因类别的具体描述：1-A股发行，2-B股发行，3-A股发行基金配售上市，4-A股发行法人配售上市，6-A股上市，7-B股上市，8-送转股，10-配股除权，11-配股上市，12-转配股上市，17-非公开增发A股上市，18-非公开增发A股，19-定向增发法人股，20-增发A股，21-增发B股，22-增发A股上市，23-增发A股基金配售上市，24-增发A股法人配售上市，25-增发A股原股东配售上市，26-H股增发，27-增发B股上市，28-H股首发上市，29-超额配售H股上市，30-国家股配售，35-股份回购，40-吸收合并，44-以股抵债，45-职工股上市，46-STAQ/NET系统法人股上市，47-外资法人股上市，48-可转换债券转股，49-股权转让，50-面值拆细，51-其他，52-CDR发行，53-CDR上市，54-CDR增发，55-CDR增发上市，56-CDR配股除权，57-CDR配股上市，58-CDR超额配售上市，59-优先股转普通股，71-股权分置方案实施，73-股权分置股份追送，75-股权分置限售流通，77-股权分置增持，78-股权分置股东增持股份上市，79-配股限售流通，80-股权激励限售流通，81-因权证行权流通，82-发行前股份限售流通，83-转债转股限售流通，84-股权激励方案实施，89-延长限售锁定期，90-延长限售锁定期流通，91-B股转H股，100-授予限制性股票，103-员工持股计划，104-员工持股计划限售流通，106-D股增发，107-D股首发上市，108-超额配售D股上市，109-超额配售A股上市，110-GDR基础股票首发上市，111-GDR基础股票增发上市，112-超额配售GDR基础股票上市，113-GDR基础股票生成兑回，114-三板挂牌，130-高管股份减少，134-战略配售股份出借，136-战略配售股份归还，137-高管股份增加，138-股东承诺不减持，139-分红股份上市，140-超额配售B股上市，141-追溯更新，142-承诺不减持到期。"}, {"column": "ChangeReason", "desc": "简称变更原因"}, {"column": "SLegalPersonShares", "desc": "其中:国有法人股(股)"}, {"column": "RaisedSLPShares", "desc": "其中:募集国有法人股(股)"}, {"column": "OtherAFloatShares", "desc": "7)其他流通股份(股)"}, {"column": "RestrictedAFloatShares", "desc": "8)有限售流通A股(股)"}, {"column": "RestrinctStaffShares", "desc": "其中:有限售流通股中职工股(股)"}, {"column": "NonListedBShares", "desc": "其中:未流通B股_旧"}, {"column": "InfoPublDate", "desc": "信息发布日期"}, {"column": "RestrictedShares", "desc": "有限售条件的流通股(股)"}, {"column": "StateHolding", "desc": "A.国家持股(股)"}, {"column": "SLegalPersonHolding", "desc": "B.国有法人持股(股)"}, {"column": "OtherDCapitalHolding", "desc": "C.其他内资持股(股)"}, {"column": "DLegalPersonHolding", "desc": "a.境内法人持股(股)"}, {"column": "DNaturalPersonHolding", "desc": "b.境内自然人持股(股)"}, {"column": "ForeignHolding", "desc": "D.外资持股(股)"}, {"column": "FLegalPersonHolding", "desc": "其中:境外法人持股(股)"}, {"column": "FNaturalPersonHolding", "desc": "其中:境外自然人持股(股)"}, {"column": "OtherRestrictedShares", "desc": "E.其他有限售(股)"}, {"column": "RestrictedBFloatShares", "desc": "有限售B股(股)"}, {"column": "PerValue", "desc": "每股面值(元)"}, {"column": "Ashares", "desc": "1.A股(股)"}, {"column": "NonRestrictedShares", "desc": "1.4)无限售条件流通A股(股)(披露)"}, {"column": "BsharesTotal", "desc": "2.B股(股)"}, {"column": "ListedBShares", "desc": "1)流通B股(股)"}, {"column": "NonListedRestrictedBShares", "desc": "2)未流通B股(股)"}, {"column": "ForeignHoldingAshares", "desc": "外资持A股(股)"}, {"column": "RestrictedAShares", "desc": "1.1)有限售条件的流通A股(股)(计算)"}, {"column": "OtherFNonListedShares", "desc": "7.其他外资股(股)"}, {"column": "NonResiSharesJY", "desc": "1.2)无限售条件流通A股(股)(计算)"}, {"column": "RestrictAShareP", "desc": "1.3)有限售条件的流通A股(股)(披露)"}, {"column": "SRUnlistedShare", "desc": "增发、配股未上市股份(股)(披露)"}, {"column": "NonResiBShares", "desc": "其中:无限售流通B股"}, {"column": "GDRshares", "desc": "5.GDR代表基础股票(股)"}, {"column": "ParValueCurrencyUnit", "desc": "每股面值货币单位"}, {"column": "NonRestrictedHShares", "desc": "无限售H股"}, {"column": "RestrictedHShares", "desc": "有限售H股"}, {"column": "OUnListedShares", "desc": "其他未流通股(股)"}, {"column": "OtherNonListedShares", "desc": "8.其他未流通股(股)"}, {"column": "Dshares", "desc": "No description available"}]}]

请选择column，务必遵循输出的格式要求。

>>>>> Agent【Check_db_structure.columns_selector】 Said:
【分析】
用户提问涉及滨江集团在2019年的股权质押事件，需要找出质押比例最大的一笔质押的股东、受让方、质押股数及占总股本的比例。因此，需要筛选2019年的股权质押记录，并找出质押比例最大的那条记录的相关信息。

【信息所在字段】
- astockshareholderdb.lc_sharefp.CompanyCode: 这个字段可能包含公司代码信息，对应用户提问中的滨江集团
- astockshareholderdb.lc_sharefp.InfoPublDate: 这个字段可能包含信息发布日期，对应用户提问中的2019年
- astockshareholderdb.lc_sharefp.TypeSelect: 这个字段可能包含类别选择信息，对应用户提问中的股权质押
- astockshareholderdb.lc_sharefp.FPSHName: 这个字段可能包含股权被冻结质押股东名称，对应用户提问中的股东
- astockshareholderdb.lc_sharefp.ReceiverName: 这个字段可能包含接受股权质押方名称，对应用户提问中的受让方
- astockshareholderdb.lc_sharefp.InvolvedSum: 这个字段可能包含涉及股数，对应用户提问中的质押股数
- astockshareholderdb.lc_sharefp.PCTOfTotalShares: 这个字段可能包含占总股本比例，对应用户提问中的占总股本的比例

【筛选条件所在字段】
- astockshareholderdb.lc_sharefp.CompanyCode: 这个字段可能包含公司代码信息，用于筛选滨江集团
- astockshareholderdb.lc_sharefp.InfoPublDate: 这个字段可能包含信息发布日期，用于筛选2019年的记录
- astockshareholderdb.lc_sharefp.TypeSelect: 这个字段可能包含类别选择信息，用于筛选股权质押的记录

【选中的字段的清单】
```json
{
  "astockshareholderdb.lc_sharefp": [
    "CompanyCode",
    "InfoPublDate",
    "TypeSelect",
    "FPSHName",
    "ReceiverName",
    "InvolvedSum",
    "PCTOfTotalShares"
  ]
}
```


>>>>> 【user】 Said:
在2019年滨江集团发生的股权质押事件中，质押比例最大的一笔是由哪位股东质押给了哪个受让方？该笔质押的股数是多少，并且占总股本的比例是多少？

>>>>> Agent【Sql_query.master】 Said:
【已知信息】
- 滨江集团的关联信息：所在数据表是constantdb.secumain; InnerCode是6732; CompanyCode是74647; ChiName是杭州滨江房产集团股份有限公司; EngName是Hangzhou Binjiang Real Estate Group Co., Ltd.; SecuCode是002244;
- 目标表：astockshareholderdb.lc_sharefp
- 目标字段：FPSHName（股权被冻结质押股东名称）、ReceiverName（接受股权质押方）、InvolvedSum（涉及股数(股)）、PCTOfTotalShares（占总股本比例）
- 时间范围：2019年

【当前阶段要获取的信息】
- 2019年滨江集团发生的股权质押事件中，质押比例最大的一笔的股东名称、受让方名称、涉及股数、占总股本的比例

【信息所在字段】
- FPSHName、ReceiverName、InvolvedSum、PCTOfTotalShares

【筛选条件所在字段】
- CompanyCode、InfoPublDate、TypeSelect

【SQL语句的思路】
1. 使用CompanyCode筛选出滨江集团的相关记录
2. 使用DATE(InfoPublDate)筛选出2019年的记录
3. 使用TypeSelect筛选出股权质押的记录（TypeSelect = 3）
4. 按照PCTOfTotalShares降序排列，取质押比例最大的一笔记录

【执行SQL语句】
```exec_sql
SELECT FPSHName, ReceiverName, InvolvedSum, PCTOfTotalShares
FROM astockshareholderdb.lc_sharefp
WHERE CompanyCode = 74647
AND DATE(InfoPublDate) BETWEEN '2019-01-01' AND '2019-12-31'
AND TypeSelect = 3
ORDER BY PCTOfTotalShares DESC
LIMIT 1;
```

【上述SQL语句的含义】
- 从astockshareholderdb.lc_sharefp表中选取股权被冻结质押股东名称（FPSHName）、接受股权质押方（ReceiverName）、涉及股数（InvolvedSum）、占总股本比例（PCTOfTotalShares）
- 筛选条件为：公司代码为74647（滨江集团），信息发布日期在2019年，且类别选择为股权质押（TypeSelect = 3）
- 按占总股本比例（PCTOfTotalShares）降序排列，取质押比例最大的一笔记录

>>>>> 查询sql:
SELECT FPSHName, ReceiverName, InvolvedSum, PCTOfTotalShares
FROM astockshareholderdb.lc_sharefp
WHERE CompanyCode = 74647
AND DATE(InfoPublDate) BETWEEN '2019-01-01' AND '2019-12-31'
AND TypeSelect = 3
ORDER BY PCTOfTotalShares DESC
LIMIT 1;
查询结果:
[]


>>>>> 【user】 Said:
查询SQL:
SELECT FPSHName, ReceiverName, InvolvedSum, PCTOfTotalShares
FROM astockshareholderdb.lc_sharefp
WHERE CompanyCode = 74647
AND DATE(InfoPublDate) BETWEEN '2019-01-01' AND '2019-12-31'
AND TypeSelect = 3
ORDER BY PCTOfTotalShares DESC
LIMIT 1;
查询结果:
[]

请检查筛选条件是否存在问题，比如时间日期字段没有用DATE()或YEAR()格式化？

>>>>> Agent【Sql_query.master】 Said:
【已知信息】
- 滨江集团的关联信息：所在数据表是constantdb.secumain; InnerCode是6732; CompanyCode是74647; ChiName是杭州滨江房产集团股份有限公司; EngName是Hangzhou Binjiang Real Estate Group Co., Ltd.; SecuCode是002244;
- 目标表：astockshareholderdb.lc_sharefp
- 目标字段：FPSHName（股权被冻结质押股东名称）、ReceiverName（接受股权质押方）、InvolvedSum（涉及股数(股)）、PCTOfTotalShares（占总股本比例）
- 时间范围：2019年
- 上次查询结果为空

【当前阶段要获取的信息】
- 2019年滨江集团发生的股权质押事件中，质押比例最大的一笔的股东名称、受让方名称、涉及股数、占总股本的比例

【信息所在字段】
- FPSHName、ReceiverName、InvolvedSum、PCTOfTotalShares

【筛选条件所在字段】
- CompanyCode、InfoPublDate、TypeSelect

【SQL语句的思路】
1. 确认时间日期字段已使用DATE()格式化
2. 确认CompanyCode和TypeSelect条件无误
3. 检查是否有其他可能的筛选条件或表结构问题

【执行SQL语句】
为了确认表结构和字段信息，先执行以下SQL语句获取astockshareholderdb.lc_sharefp表的详细信息：
```exec_sql
SHOW CREATE TABLE astockshareholderdb.lc_sharefp;
```

【上述SQL语句的含义】
- 获取astockshareholderdb.lc_sharefp表的完整结构和字段信息，以便检查是否有其他可能的筛选条件或表结构问题

下一步将根据获取的表结构信息，进一步调整和优化查询条件。

>>>>> 查询sql:
SHOW CREATE TABLE astockshareholderdb.lc_sharefp;
查询结果:
[{"Table": "lc_sharefp", "Create Table": "CREATE TABLE `lc_sharefp` (\n  `ID` bigint NOT NULL COMMENT 'ID',\n  `CompanyCode` bigint DEFAULT NULL COMMENT '公司代码',\n  `InfoPublDate` longtext COLLATE utf8mb4_unicode_ci COMMENT '信息发布日期',\n  `InfoSource` longtext COLLATE utf8mb4_unicode_ci COMMENT '信息来源',\n  `TypeSelect` bigint DEFAULT NULL COMMENT '类别选择',\n  `FPSHName` longtext COLLATE utf8mb4_unicode_ci COMMENT '股权被冻结质押股东名称',\n  `ReceiverName` longtext COLLATE utf8mb4_unicode_ci COMMENT '接受股权质押方',\n  `InvolvedSum` double DEFAULT NULL COMMENT '涉及股数(股)',\n  `PCTOfPledger` double DEFAULT NULL COMMENT '占冻结质押方持股数比例',\n  `PCTOfTotalShares` double DEFAULT NULL COMMENT '占总股本比例',\n  `FPReason` longtext COLLATE utf8mb4_unicode_ci COMMENT '股权冻结质押原因',\n  `StartDate` longtext COLLATE utf8mb4_unicode_ci COMMENT '起始日期',\n  `EndDate` longtext COLLATE utf8mb4_unicode_ci COMMENT '日期',\n  `Statement` longtext COLLATE utf8mb4_unicode_ci COMMENT '备注说明',\n  `XGRQ` longtext COLLATE utf8mb4_unicode_ci COMMENT '修改日期',\n  `JSID` bigint DEFAULT NULL COMMENT 'JSID',\n  `SHSN` bigint DEFAULT NULL COMMENT '股权被冻结质押股东序号',\n  `SHAttribute` bigint DEFAULT NULL COMMENT '股东所属性质',\n  `SHID` bigint DEFAULT NULL COMMENT '股权被冻结质押股东ID',\n  `ReceiverAttribute` bigint DEFAULT NULL COMMENT '接受股权质押方所属性质',\n  `ReceiverID` bigint DEFAULT NULL COMMENT '接受股权质押方ID',\n  `EventCode` longtext COLLATE utf8mb4_unicode_ci COMMENT '事项编码',\n  `EventDate` longtext COLLATE utf8mb4_unicode_ci COMMENT '事项日期',\n  `UnstintedTShare` bigint DEFAULT NULL COMMENT '其中:无限售股数(股)',\n  `RestrainedTShare` bigint DEFAULT NULL COMMENT '其中:有限售股数(股)',\n  `InitialInfoPublDate` longtext COLLATE utf8mb4_unicode_ci COMMENT 'No description available',\n  `InitialPledgeSum` double DEFAULT NULL COMMENT 'No description available',\n  `EstimateReleaseDate` longtext COLLATE utf8mb4_unicode_ci COMMENT 'No description available',\n  PRIMARY KEY (`ID`)\n) ENGINE=InnoDB DEFAULT CHARSET=utf8mb4 COLLATE=utf8mb4_unicode_ci COMMENT='股东股权冻结和质押'"}]


>>>>> 【user】 Said:
查询SQL:
SHOW CREATE TABLE astockshareholderdb.lc_sharefp;
查询结果:
[{"Table": "lc_sharefp", "Create Table": "CREATE TABLE `lc_sharefp` (\n  `ID` bigint NOT NULL COMMENT 'ID',\n  `CompanyCode` bigint DEFAULT NULL COMMENT '公司代码',\n  `InfoPublDate` longtext COLLATE utf8mb4_unicode_ci COMMENT '信息发布日期',\n  `InfoSource` longtext COLLATE utf8mb4_unicode_ci COMMENT '信息来源',\n  `TypeSelect` bigint DEFAULT NULL COMMENT '类别选择',\n  `FPSHName` longtext COLLATE utf8mb4_unicode_ci COMMENT '股权被冻结质押股东名称',\n  `ReceiverName` longtext COLLATE utf8mb4_unicode_ci COMMENT '接受股权质押方',\n  `InvolvedSum` double DEFAULT NULL COMMENT '涉及股数(股)',\n  `PCTOfPledger` double DEFAULT NULL COMMENT '占冻结质押方持股数比例',\n  `PCTOfTotalShares` double DEFAULT NULL COMMENT '占总股本比例',\n  `FPReason` longtext COLLATE utf8mb4_unicode_ci COMMENT '股权冻结质押原因',\n  `StartDate` longtext COLLATE utf8mb4_unicode_ci COMMENT '起始日期',\n  `EndDate` longtext COLLATE utf8mb4_unicode_ci COMMENT '日期',\n  `Statement` longtext COLLATE utf8mb4_unicode_ci COMMENT '备注说明',\n  `XGRQ` longtext COLLATE utf8mb4_unicode_ci COMMENT '修改日期',\n  `JSID` bigint DEFAULT NULL COMMENT 'JSID',\n  `SHSN` bigint DEFAULT NULL COMMENT '股权被冻结质押股东序号',\n  `SHAttribute` bigint DEFAULT NULL COMMENT '股东所属性质',\n  `SHID` bigint DEFAULT NULL COMMENT '股权被冻结质押股东ID',\n  `ReceiverAttribute` bigint DEFAULT NULL COMMENT '接受股权质押方所属性质',\n  `ReceiverID` bigint DEFAULT NULL COMMENT '接受股权质押方ID',\n  `EventCode` longtext COLLATE utf8mb4_unicode_ci COMMENT '事项编码',\n  `EventDate` longtext COLLATE utf8mb4_unicode_ci COMMENT '事项日期',\n  `UnstintedTShare` bigint DEFAULT NULL COMMENT '其中:无限售股数(股)',\n  `RestrainedTShare` bigint DEFAULT NULL COMMENT '其中:有限售股数(股)',\n  `InitialInfoPublDate` longtext COLLATE utf8mb4_unicode_ci COMMENT 'No description available',\n  `InitialPledgeSum` double DEFAULT NULL COMMENT 'No description available',\n  `EstimateReleaseDate` longtext COLLATE utf8mb4_unicode_ci COMMENT 'No description available',\n  PRIMARY KEY (`ID`)\n) ENGINE=InnoDB DEFAULT CHARSET=utf8mb4 COLLATE=utf8mb4_unicode_ci COMMENT='股东股权冻结和质押'"}]

请理解查询结果

>>>>> Agent【Sql_query.understand_query_result】 Said:
查询结果表明: 表`lc_sharefp`在数据库`astockshareholderdb`中用于记录股东股权冻结和质押的相关信息。该表包含以下字段：`ID`作为主键，`CompanyCode`表示公司代码，`InfoPublDate`为信息发布日期，`InfoSource`为信息来源，`TypeSelect`为类别选择，`FPSHName`为股权被冻结质押股东名称，`ReceiverName`为接受股权质押方，`InvolvedSum`为涉及股数(股)，`PCTOfPledger`为占冻结质押方持股数比例，`PCTOfTotalShares`为占总股本比例，`FPReason`为股权冻结质押原因，`StartDate`为起始日期，`EndDate`为结束日期，`Statement`为备注说明，`XGRQ`为修改日期，`JSID`、`SHSN`、`SHAttribute`、`SHID`、`ReceiverAttribute`、`ReceiverID`为相关ID和属性字段，`EventCode`为事项编码，`EventDate`为事项日期，`UnstintedTShare`为无限售股数(股)，`RestrainedTShare`为有限售股数(股)，`InitialInfoPublDate`、`InitialPledgeSum`、`EstimateReleaseDate`为未提供描述的字段。该表使用InnoDB引擎，默认字符集为utf8mb4，校对规则为utf8mb4_unicode_ci。


>>>>> 【user】 Said:
查询SQL:
SHOW CREATE TABLE astockshareholderdb.lc_sharefp;
查询结果:
[{"Table": "lc_sharefp", "Create Table": "CREATE TABLE `lc_sharefp` (\n  `ID` bigint NOT NULL COMMENT 'ID',\n  `CompanyCode` bigint DEFAULT NULL COMMENT '公司代码',\n  `InfoPublDate` longtext COLLATE utf8mb4_unicode_ci COMMENT '信息发布日期',\n  `InfoSource` longtext COLLATE utf8mb4_unicode_ci COMMENT '信息来源',\n  `TypeSelect` bigint DEFAULT NULL COMMENT '类别选择',\n  `FPSHName` longtext COLLATE utf8mb4_unicode_ci COMMENT '股权被冻结质押股东名称',\n  `ReceiverName` longtext COLLATE utf8mb4_unicode_ci COMMENT '接受股权质押方',\n  `InvolvedSum` double DEFAULT NULL COMMENT '涉及股数(股)',\n  `PCTOfPledger` double DEFAULT NULL COMMENT '占冻结质押方持股数比例',\n  `PCTOfTotalShares` double DEFAULT NULL COMMENT '占总股本比例',\n  `FPReason` longtext COLLATE utf8mb4_unicode_ci COMMENT '股权冻结质押原因',\n  `StartDate` longtext COLLATE utf8mb4_unicode_ci COMMENT '起始日期',\n  `EndDate` longtext COLLATE utf8mb4_unicode_ci COMMENT '日期',\n  `Statement` longtext COLLATE utf8mb4_unicode_ci COMMENT '备注说明',\n  `XGRQ` longtext COLLATE utf8mb4_unicode_ci COMMENT '修改日期',\n  `JSID` bigint DEFAULT NULL COMMENT 'JSID',\n  `SHSN` bigint DEFAULT NULL COMMENT '股权被冻结质押股东序号',\n  `SHAttribute` bigint DEFAULT NULL COMMENT '股东所属性质',\n  `SHID` bigint DEFAULT NULL COMMENT '股权被冻结质押股东ID',\n  `ReceiverAttribute` bigint DEFAULT NULL COMMENT '接受股权质押方所属性质',\n  `ReceiverID` bigint DEFAULT NULL COMMENT '接受股权质押方ID',\n  `EventCode` longtext COLLATE utf8mb4_unicode_ci COMMENT '事项编码',\n  `EventDate` longtext COLLATE utf8mb4_unicode_ci COMMENT '事项日期',\n  `UnstintedTShare` bigint DEFAULT NULL COMMENT '其中:无限售股数(股)',\n  `RestrainedTShare` bigint DEFAULT NULL COMMENT '其中:有限售股数(股)',\n  `InitialInfoPublDate` longtext COLLATE utf8mb4_unicode_ci COMMENT 'No description available',\n  `InitialPledgeSum` double DEFAULT NULL COMMENT 'No description available',\n  `EstimateReleaseDate` longtext COLLATE utf8mb4_unicode_ci COMMENT 'No description available',\n  PRIMARY KEY (`ID`)\n) ENGINE=InnoDB DEFAULT CHARSET=utf8mb4 COLLATE=utf8mb4_unicode_ci COMMENT='股东股权冻结和质押'"}]

查询结果表明: 表`lc_sharefp`在数据库`astockshareholderdb`中用于记录股东股权冻结和质押的相关信息。该表包含以下字段：`ID`作为主键，`CompanyCode`表示公司代码，`InfoPublDate`为信息发布日期，`InfoSource`为信息来源，`TypeSelect`为类别选择，`FPSHName`为股权被冻结质押股东名称，`ReceiverName`为接受股权质押方，`InvolvedSum`为涉及股数(股)，`PCTOfPledger`为占冻结质押方持股数比例，`PCTOfTotalShares`为占总股本比例，`FPReason`为股权冻结质押原因，`StartDate`为起始日期，`EndDate`为结束日期，`Statement`为备注说明，`XGRQ`为修改日期，`JSID`、`SHSN`、`SHAttribute`、`SHID`、`ReceiverAttribute`、`ReceiverID`为相关ID和属性字段，`EventCode`为事项编码，`EventDate`为事项日期，`UnstintedTShare`为无限售股数(股)，`RestrainedTShare`为有限售股数(股)，`InitialInfoPublDate`、`InitialPledgeSum`、`EstimateReleaseDate`为未提供描述的字段。该表使用InnoDB引擎，默认字符集为utf8mb4，校对规则为utf8mb4_unicode_ci。

当前掌握的信息是否能够回答"在2019年滨江集团发生的股权质押事件中，质押比例最大的一笔是由哪位股东质押给了哪个受让方？该笔质押的股数是多少，并且占总股本的比例是多少？"？还是要继续执行下一阶段SQL查询？

>>>>> Agent【Sql_query.master】 Said:
【已知信息】
- 滨江集团的关联信息：所在数据表是constantdb.secumain; InnerCode是6732; CompanyCode是74647; ChiName是杭州滨江房产集团股份有限公司; EngName是Hangzhou Binjiang Real Estate Group Co., Ltd.; SecuCode是002244;
- 目标表：astockshareholderdb.lc_sharefp
- 目标字段：FPSHName（股权被冻结质押股东名称）、ReceiverName（接受股权质押方）、InvolvedSum（涉及股数(股)）、PCTOfTotalShares（占总股本比例）
- 时间范围：2019年
- 上次查询结果为空
- 表结构信息：InfoPublDate字段为longtext类型

【当前阶段要获取的信息】
- 2019年滨江集团发生的股权质押事件中，质押比例最大的一笔的股东名称、受让方名称、涉及股数、占总股本的比例

【信息所在字段】
- FPSHName、ReceiverName、InvolvedSum、PCTOfTotalShares

【筛选条件所在字段】
- CompanyCode、InfoPublDate、TypeSelect

【SQL语句的思路】
1. 由于InfoPublDate字段为longtext类型，可能需要转换为日期格式进行筛选
2. 确认CompanyCode和TypeSelect条件无误
3. 重新调整查询条件，确保时间格式正确

【执行SQL语句】
尝试使用STR_TO_DATE函数将InfoPublDate字段转换为日期格式进行筛选：
```exec_sql
SELECT FPSHName, ReceiverName, InvolvedSum, PCTOfTotalShares
FROM astockshareholderdb.lc_sharefp
WHERE CompanyCode = 74647
AND STR_TO_DATE(InfoPublDate, '%Y-%m-%d') BETWEEN '2019-01-01' AND '2019-12-31'
AND TypeSelect = 3
ORDER BY PCTOfTotalShares DESC
LIMIT 1;
```

【上述SQL语句的含义】
- 从astockshareholderdb.lc_sharefp表中选取股权被冻结质押股东名称（FPSHName）、接受股权质押方（ReceiverName）、涉及股数（InvolvedSum）、占总股本比例（PCTOfTotalShares）
- 筛选条件为：公司代码为74647（滨江集团），信息发布日期在2019年（使用STR_TO_DATE函数转换格式），且类别选择为股权质押（TypeSelect = 3）
- 按占总股本比例（PCTOfTotalShares）降序排列，取质押比例最大的一笔记录

通过这种方式，我们尝试解决由于InfoPublDate字段类型导致的时间筛选问题。

>>>>> 查询sql:
SELECT FPSHName, ReceiverName, InvolvedSum, PCTOfTotalShares
FROM astockshareholderdb.lc_sharefp
WHERE CompanyCode = 74647
AND STR_TO_DATE(InfoPublDate, '%Y-%m-%d') BETWEEN '2019-01-01' AND '2019-12-31'
AND TypeSelect = 3
ORDER BY PCTOfTotalShares DESC
LIMIT 1;
查询结果:
[]


>>>>> 【user】 Said:
查询SQL:
SELECT FPSHName, ReceiverName, InvolvedSum, PCTOfTotalShares
FROM astockshareholderdb.lc_sharefp
WHERE CompanyCode = 74647
AND STR_TO_DATE(InfoPublDate, '%Y-%m-%d') BETWEEN '2019-01-01' AND '2019-12-31'
AND TypeSelect = 3
ORDER BY PCTOfTotalShares DESC
LIMIT 1;
查询结果:
[]

请检查筛选条件是否存在问题，比如时间日期字段没有用DATE()或YEAR()格式化？

>>>>> Agent【Sql_query.master】 Said:
【已知信息】
- 滨江集团的关联信息：所在数据表是constantdb.secumain; InnerCode是6732; CompanyCode是74647; ChiName是杭州滨江房产集团股份有限公司; EngName是Hangzhou Binjiang Real Estate Group Co., Ltd.; SecuCode是002244;
- 目标表：astockshareholderdb.lc_sharefp
- 目标字段：FPSHName（股权被冻结质押股东名称）、ReceiverName（接受股权质押方）、InvolvedSum（涉及股数(股)）、PCTOfTotalShares（占总股本比例）
- 时间范围：2019年
- 上次查询结果为空
- 表结构信息：InfoPublDate字段为longtext类型

【当前阶段要获取的信息】
- 2019年滨江集团发生的股权质押事件中，质押比例最大的一笔的股东名称、受让方名称、涉及股数、占总股本的比例

【信息所在字段】
- FPSHName、ReceiverName、InvolvedSum、PCTOfTotalShares

【筛选条件所在字段】
- CompanyCode、InfoPublDate、TypeSelect

【SQL语句的思路】
1. 确认时间日期字段已使用STR_TO_DATE()格式化
2. 确认CompanyCode和TypeSelect条件无误
3. 检查是否有其他可能的筛选条件或表结构问题

【执行SQL语句】
为了进一步确认问题，尝试简化查询条件，检查是否有数据存在：
```exec_sql
SELECT COUNT(*)
FROM astockshareholderdb.lc_sharefp
WHERE CompanyCode = 74647
AND TypeSelect = 3;
```

【上述SQL语句的含义】
- 从astockshareholderdb.lc_sharefp表中统计公司代码为74647（滨江集团）且类别选择为股权质押（TypeSelect = 3）的记录数量

通过这个查询，我们可以确认是否存在符合条件的记录，从而进一步排查问题。如果记录数量为0，则可能需要重新审视筛选条件或数据本身。如果有记录但之前的查询结果为空，则可能需要进一步检查时间字段的格式化问题。

>>>>> 查询sql:
SELECT COUNT(*)
FROM astockshareholderdb.lc_sharefp
WHERE CompanyCode = 74647
AND TypeSelect = 3;
查询结果:
[{"COUNT(*)": 0}]


>>>>> 【user】 Said:
查询SQL:
SELECT COUNT(*)
FROM astockshareholderdb.lc_sharefp
WHERE CompanyCode = 74647
AND TypeSelect = 3;
查询结果:
[{"COUNT(*)": 0}]

请理解查询结果

>>>>> Agent【Sql_query.understand_query_result】 Said:
查询结果表明: 在表astockshareholderdb.lc_sharefp中，公司代码为74647且类别选择为3（股权质押）的记录数为0，即该公司没有股权质押的相关记录。


>>>>> 【user】 Said:
查询SQL:
SELECT COUNT(*)
FROM astockshareholderdb.lc_sharefp
WHERE CompanyCode = 74647
AND TypeSelect = 3;
查询结果:
[{"COUNT(*)": 0}]

查询结果表明: 在表astockshareholderdb.lc_sharefp中，公司代码为74647且类别选择为3（股权质押）的记录数为0，即该公司没有股权质押的相关记录。

当前掌握的信息是否能够回答"在2019年滨江集团发生的股权质押事件中，质押比例最大的一笔是由哪位股东质押给了哪个受让方？该笔质押的股数是多少，并且占总股本的比例是多少？"？还是要继续执行下一阶段SQL查询？

>>>>> Agent【Sql_query.master】 Said:
【已知信息】
- 滨江集团的关联信息：所在数据表是constantdb.secumain; InnerCode是6732; CompanyCode是74647; ChiName是杭州滨江房产集团股份有限公司; EngName是Hangzhou Binjiang Real Estate Group Co., Ltd.; SecuCode是002244;
- 目标表：astockshareholderdb.lc_sharefp
- 目标字段：FPSHName（股权被冻结质押股东名称）、ReceiverName（接受股权质押方）、InvolvedSum（涉及股数(股)）、PCTOfTotalShares（占总股本比例）
- 时间范围：2019年
- 上次查询结果为空
- 表结构信息：InfoPublDate字段为longtext类型
- 最新查询结果显示，公司代码为74647且类别选择为3（股权质押）的记录数为0

【当前阶段要获取的信息】
- 2019年滨江集团发生的股权质押事件中，质押比例最大的一笔的股东名称、受让方名称、涉及股数、占总股本的比例

【信息所在字段】
- FPSHName、ReceiverName、InvolvedSum、PCTOfTotalShares

【筛选条件所在字段】
- CompanyCode、InfoPublDate、TypeSelect

【SQL语句的思路】
1. 最新查询结果显示，滨江集团在astockshareholderdb.lc_sharefp表中没有股权质押的相关记录（CompanyCode = 74647且TypeSelect = 3的记录数为0）。
2. 因此，无法通过当前表和筛选条件获取到2019年滨江集团发生的股权质押事件的相关信息。

【执行SQL语句】
无

【上述SQL语句的含义】
无

【当前掌握的信息是否能够回答问题】
- 当前掌握的信息无法回答"在2019年滨江集团发生的股权质押事件中，质押比例最大的一笔是由哪位股东质押给了哪个受让方？该笔质押的股数是多少，并且占总股本的比例是多少？"，因为相关记录不存在。

【下一步建议】
- 由于在astockshareholderdb.lc_sharefp表中没有找到相关记录，建议检查其他相关表或数据源，或者确认问题的前提条件是否正确。如果确实没有其他数据源，则可以告知用户滨江集团在2019年没有发生股权质押事件的相关记录。


>>>>> 【user】 Said:
充分尊重前面给出的结论，回答问题:"在2019年滨江集团发生的股权质押事件中，质押比例最大的一笔是由哪位股东质押给了哪个受让方？该笔质押的股数是多少，并且占总股本的比例是多少？"

>>>>> Agent【Sql_query.summary】 Said:
无法回答该问题，因为查询结果显示滨江集团在2019年没有发生股权质押事件的相关记录。
